[2022-12-11T07:24:18.103+0000] {taskinstance.py:1087} INFO - Dependencies all met for <TaskInstance: songs_dag.greet scheduled__2022-12-07T00:00:00+00:00 [queued]>
[2022-12-11T07:24:18.217+0000] {taskinstance.py:1087} INFO - Dependencies all met for <TaskInstance: songs_dag.greet scheduled__2022-12-07T00:00:00+00:00 [queued]>
[2022-12-11T07:24:18.220+0000] {taskinstance.py:1283} INFO - 
--------------------------------------------------------------------------------
[2022-12-11T07:24:18.227+0000] {taskinstance.py:1284} INFO - Starting attempt 1 of 6
[2022-12-11T07:24:18.228+0000] {taskinstance.py:1285} INFO - 
--------------------------------------------------------------------------------
[2022-12-11T07:24:18.451+0000] {taskinstance.py:1304} INFO - Executing <Task(PythonOperator): greet> on 2022-12-07 00:00:00+00:00
[2022-12-11T07:24:18.457+0000] {standard_task_runner.py:55} INFO - Started process 445 to run task
[2022-12-11T07:24:18.479+0000] {standard_task_runner.py:82} INFO - Running: ['***', 'tasks', 'run', 'songs_dag', 'greet', 'scheduled__2022-12-07T00:00:00+00:00', '--job-id', '91', '--raw', '--subdir', 'DAGS_FOLDER/song.py', '--cfg-path', '/tmp/tmptq1844wq']
[2022-12-11T07:24:18.485+0000] {standard_task_runner.py:83} INFO - Job 91: Subtask greet
[2022-12-11T07:24:18.829+0000] {task_command.py:389} INFO - Running <TaskInstance: songs_dag.greet scheduled__2022-12-07T00:00:00+00:00 [running]> on host 408fc7a72a43
[2022-12-11T07:24:19.094+0000] {taskinstance.py:1513} INFO - Exporting the following env vars:
AIRFLOW_CTX_DAG_OWNER=Gama Ariefsadya
AIRFLOW_CTX_DAG_ID=songs_dag
AIRFLOW_CTX_TASK_ID=greet
AIRFLOW_CTX_EXECUTION_DATE=2022-12-07T00:00:00+00:00
AIRFLOW_CTX_TRY_NUMBER=1
AIRFLOW_CTX_DAG_RUN_ID=scheduled__2022-12-07T00:00:00+00:00
[2022-12-11T07:24:19.098+0000] {python.py:177} INFO - Done. Returned value was: Hello world
[2022-12-11T07:24:19.132+0000] {taskinstance.py:1327} INFO - Marking task as SUCCESS. dag_id=songs_dag, task_id=greet, execution_date=20221207T000000, start_date=20221211T072418, end_date=20221211T072419
[2022-12-11T07:24:19.193+0000] {local_task_job.py:159} INFO - Task exited with return code 0
[2022-12-11T07:24:19.209+0000] {taskinstance.py:2582} INFO - 0 downstream tasks scheduled from follow-on schedule check
