[2022-12-05T04:13:59.613+0000] {taskinstance.py:1087} INFO - Dependencies all met for <TaskInstance: songs_pipeline.select_data scheduled__2022-12-04T00:00:00+00:00 [queued]>
[2022-12-05T04:13:59.620+0000] {taskinstance.py:1087} INFO - Dependencies all met for <TaskInstance: songs_pipeline.select_data scheduled__2022-12-04T00:00:00+00:00 [queued]>
[2022-12-05T04:13:59.620+0000] {taskinstance.py:1283} INFO - 
--------------------------------------------------------------------------------
[2022-12-05T04:13:59.621+0000] {taskinstance.py:1284} INFO - Starting attempt 1 of 6
[2022-12-05T04:13:59.621+0000] {taskinstance.py:1285} INFO - 
--------------------------------------------------------------------------------
[2022-12-05T04:13:59.629+0000] {taskinstance.py:1304} INFO - Executing <Task(PostgresOperator): select_data> on 2022-12-04 00:00:00+00:00
[2022-12-05T04:13:59.634+0000] {standard_task_runner.py:55} INFO - Started process 9762 to run task
[2022-12-05T04:13:59.638+0000] {standard_task_runner.py:82} INFO - Running: ['***', 'tasks', 'run', 'songs_pipeline', 'select_data', 'scheduled__2022-12-04T00:00:00+00:00', '--job-id', '3', '--raw', '--subdir', 'DAGS_FOLDER/song.py', '--cfg-path', '/tmp/tmp1hb8nalk']
[2022-12-05T04:13:59.640+0000] {standard_task_runner.py:83} INFO - Job 3: Subtask select_data
[2022-12-05T04:13:59.703+0000] {task_command.py:389} INFO - Running <TaskInstance: songs_pipeline.select_data scheduled__2022-12-04T00:00:00+00:00 [running]> on host 0d175b7fb514
[2022-12-05T04:13:59.767+0000] {taskinstance.py:1513} INFO - Exporting the following env vars:
AIRFLOW_CTX_DAG_OWNER=Gama Ariefsadya
AIRFLOW_CTX_DAG_ID=songs_pipeline
AIRFLOW_CTX_TASK_ID=select_data
AIRFLOW_CTX_EXECUTION_DATE=2022-12-04T00:00:00+00:00
AIRFLOW_CTX_TRY_NUMBER=1
AIRFLOW_CTX_DAG_RUN_ID=scheduled__2022-12-04T00:00:00+00:00
[2022-12-05T04:13:59.769+0000] {sql.py:253} INFO - Executing: select * from "Artist" a limit 2
[2022-12-05T04:13:59.778+0000] {base.py:73} INFO - Using connection ID 'chinhook' for task execution.
[2022-12-05T04:13:59.945+0000] {base.py:73} INFO - Using connection ID 'chinhook' for task execution.
[2022-12-05T04:15:30.036+0000] {taskinstance.py:1772} ERROR - Task failed with exception
Traceback (most recent call last):
  File "/home/airflow/.local/lib/python3.7/site-packages/airflow/providers/common/sql/operators/sql.py", line 261, in execute
    return_last=self.return_last,
  File "/home/airflow/.local/lib/python3.7/site-packages/airflow/providers/common/sql/hooks/sql.py", line 331, in run
    with closing(self.get_conn()) as conn:
  File "/home/airflow/.local/lib/python3.7/site-packages/airflow/providers/postgres/hooks/postgres.py", line 144, in get_conn
    self.conn = psycopg2.connect(**conn_args)
  File "/home/airflow/.local/lib/python3.7/site-packages/psycopg2/__init__.py", line 122, in connect
    conn = _connect(dsn, connection_factory=connection_factory, **kwasync)
psycopg2.OperationalError: connection to server at "host.docker.local" (36.86.63.182), port 5432 failed: Connection refused
	Is the server running on that host and accepting TCP/IP connections?

[2022-12-05T04:15:30.087+0000] {taskinstance.py:1327} INFO - Marking task as UP_FOR_RETRY. dag_id=songs_pipeline, task_id=select_data, execution_date=20221204T000000, start_date=20221205T041359, end_date=20221205T041530
[2022-12-05T04:15:30.108+0000] {standard_task_runner.py:105} ERROR - Failed to execute job 3 for task select_data (connection to server at "host.docker.local" (36.86.63.182), port 5432 failed: Connection refused
	Is the server running on that host and accepting TCP/IP connections?
; 9762)
[2022-12-05T04:15:30.174+0000] {local_task_job.py:159} INFO - Task exited with return code 1
[2022-12-05T04:15:30.201+0000] {taskinstance.py:2582} INFO - 0 downstream tasks scheduled from follow-on schedule check
