[2022-12-12T14:03:07.192+0000] {taskinstance.py:1087} INFO - Dependencies all met for <TaskInstance: Transaction.InsertData scheduled__2022-12-11T09:00:00+00:00 [queued]>
[2022-12-12T14:03:07.217+0000] {taskinstance.py:1087} INFO - Dependencies all met for <TaskInstance: Transaction.InsertData scheduled__2022-12-11T09:00:00+00:00 [queued]>
[2022-12-12T14:03:07.224+0000] {taskinstance.py:1283} INFO - 
--------------------------------------------------------------------------------
[2022-12-12T14:03:07.231+0000] {taskinstance.py:1284} INFO - Starting attempt 1 of 6
[2022-12-12T14:03:07.236+0000] {taskinstance.py:1285} INFO - 
--------------------------------------------------------------------------------
[2022-12-12T14:03:07.286+0000] {taskinstance.py:1304} INFO - Executing <Task(PythonOperator): InsertData> on 2022-12-11 09:00:00+00:00
[2022-12-12T14:03:07.315+0000] {standard_task_runner.py:55} INFO - Started process 61337 to run task
[2022-12-12T14:03:07.324+0000] {standard_task_runner.py:82} INFO - Running: ['***', 'tasks', 'run', 'Transaction', 'InsertData', 'scheduled__2022-12-11T09:00:00+00:00', '--job-id', '235', '--raw', '--subdir', 'DAGS_FOLDER/transaction.py', '--cfg-path', '/tmp/tmpt1tudiqb']
[2022-12-12T14:03:07.333+0000] {standard_task_runner.py:83} INFO - Job 235: Subtask InsertData
[2022-12-12T14:03:07.571+0000] {task_command.py:389} INFO - Running <TaskInstance: Transaction.InsertData scheduled__2022-12-11T09:00:00+00:00 [running]> on host 83e68f36074a
[2022-12-12T14:03:07.698+0000] {taskinstance.py:1513} INFO - Exporting the following env vars:
AIRFLOW_CTX_DAG_OWNER=Gama Ariefsadya
AIRFLOW_CTX_DAG_ID=Transaction
AIRFLOW_CTX_TASK_ID=InsertData
AIRFLOW_CTX_EXECUTION_DATE=2022-12-11T09:00:00+00:00
AIRFLOW_CTX_TRY_NUMBER=1
AIRFLOW_CTX_DAG_RUN_ID=scheduled__2022-12-11T09:00:00+00:00
[2022-12-12T14:03:07.776+0000] {logging_mixin.py:137} INFO - success Inserting Data
[2022-12-12T14:03:07.778+0000] {python.py:177} INFO - Done. Returned value was: None
[2022-12-12T14:03:07.799+0000] {taskinstance.py:1327} INFO - Marking task as SUCCESS. dag_id=Transaction, task_id=InsertData, execution_date=20221211T090000, start_date=20221212T140307, end_date=20221212T140307
[2022-12-12T14:03:07.868+0000] {local_task_job.py:159} INFO - Task exited with return code 0
[2022-12-12T14:03:07.907+0000] {taskinstance.py:2582} INFO - 0 downstream tasks scheduled from follow-on schedule check
[2022-12-12T16:06:46.959+0000] {taskinstance.py:1087} INFO - Dependencies all met for <TaskInstance: Transaction.InsertData scheduled__2022-12-11T09:00:00+00:00 [queued]>
[2022-12-12T16:06:47.291+0000] {taskinstance.py:1087} INFO - Dependencies all met for <TaskInstance: Transaction.InsertData scheduled__2022-12-11T09:00:00+00:00 [queued]>
[2022-12-12T16:06:47.293+0000] {taskinstance.py:1283} INFO - 
--------------------------------------------------------------------------------
[2022-12-12T16:06:47.294+0000] {taskinstance.py:1284} INFO - Starting attempt 1 of 6
[2022-12-12T16:06:47.296+0000] {taskinstance.py:1285} INFO - 
--------------------------------------------------------------------------------
[2022-12-12T16:06:48.589+0000] {taskinstance.py:1304} INFO - Executing <Task(PythonOperator): InsertData> on 2022-12-11 09:00:00+00:00
[2022-12-12T16:06:48.652+0000] {standard_task_runner.py:55} INFO - Started process 72670 to run task
[2022-12-12T16:06:48.694+0000] {standard_task_runner.py:82} INFO - Running: ['***', 'tasks', 'run', 'Transaction', 'InsertData', 'scheduled__2022-12-11T09:00:00+00:00', '--job-id', '307', '--raw', '--subdir', 'DAGS_FOLDER/transaction.py', '--cfg-path', '/tmp/tmp3iv7qtt6']
[2022-12-12T16:06:48.712+0000] {standard_task_runner.py:83} INFO - Job 307: Subtask InsertData
[2022-12-12T16:06:49.103+0000] {task_command.py:389} INFO - Running <TaskInstance: Transaction.InsertData scheduled__2022-12-11T09:00:00+00:00 [running]> on host 83e68f36074a
[2022-12-12T16:06:49.595+0000] {taskinstance.py:1513} INFO - Exporting the following env vars:
AIRFLOW_CTX_DAG_OWNER=Gama Ariefsadya
AIRFLOW_CTX_DAG_ID=Transaction
AIRFLOW_CTX_TASK_ID=InsertData
AIRFLOW_CTX_EXECUTION_DATE=2022-12-11T09:00:00+00:00
AIRFLOW_CTX_TRY_NUMBER=1
AIRFLOW_CTX_DAG_RUN_ID=scheduled__2022-12-11T09:00:00+00:00
[2022-12-12T16:06:57.119+0000] {logging_mixin.py:137} INFO - success Inserting Data
[2022-12-12T16:06:57.127+0000] {python.py:177} INFO - Done. Returned value was: None
[2022-12-12T16:06:57.220+0000] {taskinstance.py:1327} INFO - Marking task as SUCCESS. dag_id=Transaction, task_id=InsertData, execution_date=20221211T090000, start_date=20221212T160647, end_date=20221212T160657
[2022-12-12T16:06:57.388+0000] {local_task_job.py:159} INFO - Task exited with return code 0
[2022-12-12T16:06:57.462+0000] {taskinstance.py:2582} INFO - 0 downstream tasks scheduled from follow-on schedule check
