[2022-12-12T15:44:54.858+0000] {taskinstance.py:1087} INFO - Dependencies all met for <TaskInstance: Transaction.InsertData scheduled__2022-12-11T09:00:00+00:00 [queued]>
[2022-12-12T15:44:54.878+0000] {taskinstance.py:1087} INFO - Dependencies all met for <TaskInstance: Transaction.InsertData scheduled__2022-12-11T09:00:00+00:00 [queued]>
[2022-12-12T15:44:54.880+0000] {taskinstance.py:1283} INFO - 
--------------------------------------------------------------------------------
[2022-12-12T15:44:54.888+0000] {taskinstance.py:1284} INFO - Starting attempt 2 of 7
[2022-12-12T15:44:54.890+0000] {taskinstance.py:1285} INFO - 
--------------------------------------------------------------------------------
[2022-12-12T15:44:54.941+0000] {taskinstance.py:1304} INFO - Executing <Task(PythonOperator): InsertData> on 2022-12-11 09:00:00+00:00
[2022-12-12T15:44:54.948+0000] {standard_task_runner.py:55} INFO - Started process 70526 to run task
[2022-12-12T15:44:54.975+0000] {standard_task_runner.py:82} INFO - Running: ['***', 'tasks', 'run', 'Transaction', 'InsertData', 'scheduled__2022-12-11T09:00:00+00:00', '--job-id', '257', '--raw', '--subdir', 'DAGS_FOLDER/transaction.py', '--cfg-path', '/tmp/tmpk1r_tcof']
[2022-12-12T15:44:54.980+0000] {standard_task_runner.py:83} INFO - Job 257: Subtask InsertData
[2022-12-12T15:44:55.457+0000] {task_command.py:389} INFO - Running <TaskInstance: Transaction.InsertData scheduled__2022-12-11T09:00:00+00:00 [running]> on host 83e68f36074a
[2022-12-12T15:44:56.260+0000] {taskinstance.py:1513} INFO - Exporting the following env vars:
AIRFLOW_CTX_DAG_OWNER=Gama Ariefsadya
AIRFLOW_CTX_DAG_ID=Transaction
AIRFLOW_CTX_TASK_ID=InsertData
AIRFLOW_CTX_EXECUTION_DATE=2022-12-11T09:00:00+00:00
AIRFLOW_CTX_TRY_NUMBER=2
AIRFLOW_CTX_DAG_RUN_ID=scheduled__2022-12-11T09:00:00+00:00
[2022-12-12T15:45:01.322+0000] {logging_mixin.py:137} INFO - success Inserting Data
[2022-12-12T15:45:01.347+0000] {python.py:177} INFO - Done. Returned value was: None
[2022-12-12T15:45:01.447+0000] {taskinstance.py:1327} INFO - Marking task as SUCCESS. dag_id=Transaction, task_id=InsertData, execution_date=20221211T090000, start_date=20221212T154454, end_date=20221212T154501
[2022-12-12T15:45:01.604+0000] {local_task_job.py:159} INFO - Task exited with return code 0
[2022-12-12T15:45:01.733+0000] {taskinstance.py:2582} INFO - 0 downstream tasks scheduled from follow-on schedule check
