[2022-12-12T14:02:57.865+0000] {taskinstance.py:1087} INFO - Dependencies all met for <TaskInstance: ArtistRevenue.ReadData scheduled__2022-12-11T09:00:00+00:00 [queued]>
[2022-12-12T14:02:57.888+0000] {taskinstance.py:1087} INFO - Dependencies all met for <TaskInstance: ArtistRevenue.ReadData scheduled__2022-12-11T09:00:00+00:00 [queued]>
[2022-12-12T14:02:57.889+0000] {taskinstance.py:1283} INFO - 
--------------------------------------------------------------------------------
[2022-12-12T14:02:57.890+0000] {taskinstance.py:1284} INFO - Starting attempt 1 of 6
[2022-12-12T14:02:57.891+0000] {taskinstance.py:1285} INFO - 
--------------------------------------------------------------------------------
[2022-12-12T14:02:57.910+0000] {taskinstance.py:1304} INFO - Executing <Task(PythonOperator): ReadData> on 2022-12-11 09:00:00+00:00
[2022-12-12T14:02:57.942+0000] {standard_task_runner.py:55} INFO - Started process 61317 to run task
[2022-12-12T14:02:57.954+0000] {standard_task_runner.py:82} INFO - Running: ['***', 'tasks', 'run', 'ArtistRevenue', 'ReadData', 'scheduled__2022-12-11T09:00:00+00:00', '--job-id', '230', '--raw', '--subdir', 'DAGS_FOLDER/artist_revenue.py', '--cfg-path', '/tmp/tmpmhb0mac3']
[2022-12-12T14:02:57.959+0000] {standard_task_runner.py:83} INFO - Job 230: Subtask ReadData
[2022-12-12T14:02:58.135+0000] {task_command.py:389} INFO - Running <TaskInstance: ArtistRevenue.ReadData scheduled__2022-12-11T09:00:00+00:00 [running]> on host 83e68f36074a
[2022-12-12T14:02:58.516+0000] {taskinstance.py:1513} INFO - Exporting the following env vars:
AIRFLOW_CTX_DAG_OWNER=Gama Ariefsadya
AIRFLOW_CTX_DAG_ID=ArtistRevenue
AIRFLOW_CTX_TASK_ID=ReadData
AIRFLOW_CTX_EXECUTION_DATE=2022-12-11T09:00:00+00:00
AIRFLOW_CTX_TRY_NUMBER=1
AIRFLOW_CTX_DAG_RUN_ID=scheduled__2022-12-11T09:00:00+00:00
[2022-12-12T14:02:58.834+0000] {python.py:177} INFO - Done. Returned value was: [{"artist_id": 1, "artist_name": "AC/DC", "album_id": 1, "album_title": "For Those About To Rock We Salute You", "track_id": 6, "track_name": "Put The Finger On You", "invoice_line_id": 3, "invoice_id": 3, "invoice_date": "2009-01-03 00:00:00", "total": 0.99}, {"artist_id": 1, "artist_name": "AC/DC", "album_id": 1, "album_title": "For Those About To Rock We Salute You", "track_id": 8, "track_name": "Inject The Venom", "invoice_line_id": 4, "invoice_id": 4, "invoice_date": "2009-01-06 00:00:00", "total": 1.98}, {"artist_id": 1, "artist_name": "AC/DC", "album_id": 1, "album_title": "For Those About To Rock We Salute You", "track_id": 10, "track_name": "Evil Walks", "invoice_line_id": 5, "invoice_id": 5, "invoice_date": "2009-01-11 00:00:00", "total": 0.99}]
[2022-12-12T14:02:59.639+0000] {taskinstance.py:1327} INFO - Marking task as SUCCESS. dag_id=ArtistRevenue, task_id=ReadData, execution_date=20221211T090000, start_date=20221212T140257, end_date=20221212T140259
[2022-12-12T14:02:59.866+0000] {local_task_job.py:159} INFO - Task exited with return code 0
[2022-12-12T14:03:00.008+0000] {taskinstance.py:2582} INFO - 1 downstream tasks scheduled from follow-on schedule check
