[2022-12-11T12:59:54.978+0000] {taskinstance.py:1087} INFO - Dependencies all met for <TaskInstance: songs.greet scheduled__2022-12-10T00:00:00+00:00 [queued]>
[2022-12-11T12:59:54.992+0000] {taskinstance.py:1087} INFO - Dependencies all met for <TaskInstance: songs.greet scheduled__2022-12-10T00:00:00+00:00 [queued]>
[2022-12-11T12:59:54.993+0000] {taskinstance.py:1283} INFO - 
--------------------------------------------------------------------------------
[2022-12-11T12:59:54.993+0000] {taskinstance.py:1284} INFO - Starting attempt 1 of 6
[2022-12-11T12:59:54.993+0000] {taskinstance.py:1285} INFO - 
--------------------------------------------------------------------------------
[2022-12-11T12:59:55.015+0000] {taskinstance.py:1304} INFO - Executing <Task(PythonOperator): greet> on 2022-12-10 00:00:00+00:00
[2022-12-11T12:59:55.025+0000] {standard_task_runner.py:55} INFO - Started process 797 to run task
[2022-12-11T12:59:55.029+0000] {standard_task_runner.py:82} INFO - Running: ['***', 'tasks', 'run', 'songs', 'greet', 'scheduled__2022-12-10T00:00:00+00:00', '--job-id', '163', '--raw', '--subdir', 'DAGS_FOLDER/song.py', '--cfg-path', '/tmp/tmpb2rotz11']
[2022-12-11T12:59:55.035+0000] {standard_task_runner.py:83} INFO - Job 163: Subtask greet
[2022-12-11T12:59:55.140+0000] {task_command.py:389} INFO - Running <TaskInstance: songs.greet scheduled__2022-12-10T00:00:00+00:00 [running]> on host 83e68f36074a
[2022-12-11T12:59:55.226+0000] {taskinstance.py:1513} INFO - Exporting the following env vars:
AIRFLOW_CTX_DAG_OWNER=Gama Ariefsadya
AIRFLOW_CTX_DAG_ID=songs
AIRFLOW_CTX_TASK_ID=greet
AIRFLOW_CTX_EXECUTION_DATE=2022-12-10T00:00:00+00:00
AIRFLOW_CTX_TRY_NUMBER=1
AIRFLOW_CTX_DAG_RUN_ID=scheduled__2022-12-10T00:00:00+00:00
[2022-12-11T12:59:55.231+0000] {python.py:177} INFO - Done. Returned value was: Hello world
[2022-12-11T12:59:55.257+0000] {taskinstance.py:1327} INFO - Marking task as SUCCESS. dag_id=songs, task_id=greet, execution_date=20221210T000000, start_date=20221211T125954, end_date=20221211T125955
[2022-12-11T12:59:55.283+0000] {local_task_job.py:159} INFO - Task exited with return code 0
[2022-12-11T12:59:55.299+0000] {taskinstance.py:2582} INFO - 0 downstream tasks scheduled from follow-on schedule check
