[2022-12-11T13:12:47.844+0000] {taskinstance.py:1087} INFO - Dependencies all met for <TaskInstance: songs.ReadData scheduled__2022-12-10T00:00:00+00:00 [queued]>
[2022-12-11T13:12:47.853+0000] {taskinstance.py:1087} INFO - Dependencies all met for <TaskInstance: songs.ReadData scheduled__2022-12-10T00:00:00+00:00 [queued]>
[2022-12-11T13:12:47.854+0000] {taskinstance.py:1283} INFO - 
--------------------------------------------------------------------------------
[2022-12-11T13:12:47.854+0000] {taskinstance.py:1284} INFO - Starting attempt 5 of 10
[2022-12-11T13:12:47.855+0000] {taskinstance.py:1285} INFO - 
--------------------------------------------------------------------------------
[2022-12-11T13:12:47.865+0000] {taskinstance.py:1304} INFO - Executing <Task(PythonOperator): ReadData> on 2022-12-10 00:00:00+00:00
[2022-12-11T13:12:47.869+0000] {standard_task_runner.py:55} INFO - Started process 1761 to run task
[2022-12-11T13:12:47.873+0000] {standard_task_runner.py:82} INFO - Running: ['***', 'tasks', 'run', 'songs', 'ReadData', 'scheduled__2022-12-10T00:00:00+00:00', '--job-id', '168', '--raw', '--subdir', 'DAGS_FOLDER/song.py', '--cfg-path', '/tmp/tmpl9fw8o84']
[2022-12-11T13:12:47.879+0000] {standard_task_runner.py:83} INFO - Job 168: Subtask ReadData
[2022-12-11T13:12:47.953+0000] {task_command.py:389} INFO - Running <TaskInstance: songs.ReadData scheduled__2022-12-10T00:00:00+00:00 [running]> on host 83e68f36074a
[2022-12-11T13:12:48.006+0000] {taskinstance.py:1513} INFO - Exporting the following env vars:
AIRFLOW_CTX_DAG_OWNER=Gama Ariefsadya
AIRFLOW_CTX_DAG_ID=songs
AIRFLOW_CTX_TASK_ID=ReadData
AIRFLOW_CTX_EXECUTION_DATE=2022-12-10T00:00:00+00:00
AIRFLOW_CTX_TRY_NUMBER=5
AIRFLOW_CTX_DAG_RUN_ID=scheduled__2022-12-10T00:00:00+00:00
[2022-12-11T13:12:48.031+0000] {taskinstance.py:1772} ERROR - Task failed with exception
Traceback (most recent call last):
  File "/home/airflow/.local/lib/python3.7/site-packages/airflow/operators/python.py", line 175, in execute
    return_value = self.execute_callable()
  File "/home/airflow/.local/lib/python3.7/site-packages/airflow/operators/python.py", line 192, in execute_callable
    return self.python_callable(*self.op_args, **self.op_kwargs)
  File "/opt/airflow/dags/song.py", line 21, in ReadData
    database="postgres"
  File "/home/airflow/.local/lib/python3.7/site-packages/psycopg2/__init__.py", line 122, in connect
    conn = _connect(dsn, connection_factory=connection_factory, **kwasync)
psycopg2.OperationalError: connection to server at "host.docker.internal" (192.168.65.2), port 5434 failed: FATAL:  password authentication failed for user "postgres"

[2022-12-11T13:12:48.042+0000] {taskinstance.py:1327} INFO - Marking task as UP_FOR_RETRY. dag_id=songs, task_id=ReadData, execution_date=20221210T000000, start_date=20221211T131247, end_date=20221211T131248
[2022-12-11T13:12:48.049+0000] {standard_task_runner.py:105} ERROR - Failed to execute job 168 for task ReadData (connection to server at "host.docker.internal" (192.168.65.2), port 5434 failed: FATAL:  password authentication failed for user "postgres"
; 1761)
[2022-12-11T13:12:48.087+0000] {local_task_job.py:159} INFO - Task exited with return code 1
[2022-12-11T13:12:48.101+0000] {taskinstance.py:2582} INFO - 0 downstream tasks scheduled from follow-on schedule check
