[2022-12-11T13:14:20.522+0000] {taskinstance.py:1087} INFO - Dependencies all met for <TaskInstance: songs.ReadData scheduled__2022-12-10T00:00:00+00:00 [queued]>
[2022-12-11T13:14:20.529+0000] {taskinstance.py:1087} INFO - Dependencies all met for <TaskInstance: songs.ReadData scheduled__2022-12-10T00:00:00+00:00 [queued]>
[2022-12-11T13:14:20.530+0000] {taskinstance.py:1283} INFO - 
--------------------------------------------------------------------------------
[2022-12-11T13:14:20.530+0000] {taskinstance.py:1284} INFO - Starting attempt 7 of 12
[2022-12-11T13:14:20.531+0000] {taskinstance.py:1285} INFO - 
--------------------------------------------------------------------------------
[2022-12-11T13:14:20.539+0000] {taskinstance.py:1304} INFO - Executing <Task(PythonOperator): ReadData> on 2022-12-10 00:00:00+00:00
[2022-12-11T13:14:20.543+0000] {standard_task_runner.py:55} INFO - Started process 1904 to run task
[2022-12-11T13:14:20.547+0000] {standard_task_runner.py:82} INFO - Running: ['***', 'tasks', 'run', 'songs', 'ReadData', 'scheduled__2022-12-10T00:00:00+00:00', '--job-id', '170', '--raw', '--subdir', 'DAGS_FOLDER/song.py', '--cfg-path', '/tmp/tmpvauqp08f']
[2022-12-11T13:14:20.551+0000] {standard_task_runner.py:83} INFO - Job 170: Subtask ReadData
[2022-12-11T13:14:20.615+0000] {task_command.py:389} INFO - Running <TaskInstance: songs.ReadData scheduled__2022-12-10T00:00:00+00:00 [running]> on host 83e68f36074a
[2022-12-11T13:14:20.668+0000] {taskinstance.py:1513} INFO - Exporting the following env vars:
AIRFLOW_CTX_DAG_OWNER=Gama Ariefsadya
AIRFLOW_CTX_DAG_ID=songs
AIRFLOW_CTX_TASK_ID=ReadData
AIRFLOW_CTX_EXECUTION_DATE=2022-12-10T00:00:00+00:00
AIRFLOW_CTX_TRY_NUMBER=7
AIRFLOW_CTX_DAG_RUN_ID=scheduled__2022-12-10T00:00:00+00:00
[2022-12-11T13:14:20.691+0000] {logging_mixin.py:137} INFO - [{'artist_id': 1, 'artist_name': 'AC/DC', 'album_id': 1, 'album_title': 'For Those About To Rock We Salute You', 'track_id': 6, 'track_name': 'Put The Finger On You', 'unit_price': Decimal('0.99'), 'bytes': 6713451, 'genre_id': 1, 'genre_name': 'Rock'}, {'artist_id': 1, 'artist_name': 'AC/DC', 'album_id': 1, 'album_title': 'For Those About To Rock We Salute You', 'track_id': 7, 'track_name': 'Lets Get It Up', 'unit_price': Decimal('0.99'), 'bytes': 7636561, 'genre_id': 1, 'genre_name': 'Rock'}, {'artist_id': 1, 'artist_name': 'AC/DC', 'album_id': 1, 'album_title': 'For Those About To Rock We Salute You', 'track_id': 1, 'track_name': 'For Those About To Rock (We Salute You)', 'unit_price': Decimal('0.99'), 'bytes': 11170334, 'genre_id': 1, 'genre_name': 'Rock'}]
[2022-12-11T13:14:20.692+0000] {python.py:177} INFO - Done. Returned value was: None
[2022-12-11T13:14:20.701+0000] {taskinstance.py:1327} INFO - Marking task as SUCCESS. dag_id=songs, task_id=ReadData, execution_date=20221210T000000, start_date=20221211T131420, end_date=20221211T131420
[2022-12-11T13:14:20.720+0000] {local_task_job.py:159} INFO - Task exited with return code 0
[2022-12-11T13:14:20.734+0000] {taskinstance.py:2582} INFO - 0 downstream tasks scheduled from follow-on schedule check
