[2022-12-11T13:13:42.968+0000] {taskinstance.py:1087} INFO - Dependencies all met for <TaskInstance: songs.ReadData scheduled__2022-12-10T00:00:00+00:00 [queued]>
[2022-12-11T13:13:42.975+0000] {taskinstance.py:1087} INFO - Dependencies all met for <TaskInstance: songs.ReadData scheduled__2022-12-10T00:00:00+00:00 [queued]>
[2022-12-11T13:13:42.975+0000] {taskinstance.py:1283} INFO - 
--------------------------------------------------------------------------------
[2022-12-11T13:13:42.976+0000] {taskinstance.py:1284} INFO - Starting attempt 6 of 11
[2022-12-11T13:13:42.976+0000] {taskinstance.py:1285} INFO - 
--------------------------------------------------------------------------------
[2022-12-11T13:13:42.984+0000] {taskinstance.py:1304} INFO - Executing <Task(PythonOperator): ReadData> on 2022-12-10 00:00:00+00:00
[2022-12-11T13:13:42.989+0000] {standard_task_runner.py:55} INFO - Started process 1846 to run task
[2022-12-11T13:13:42.992+0000] {standard_task_runner.py:82} INFO - Running: ['***', 'tasks', 'run', 'songs', 'ReadData', 'scheduled__2022-12-10T00:00:00+00:00', '--job-id', '169', '--raw', '--subdir', 'DAGS_FOLDER/song.py', '--cfg-path', '/tmp/tmp33vn8n43']
[2022-12-11T13:13:42.997+0000] {standard_task_runner.py:83} INFO - Job 169: Subtask ReadData
[2022-12-11T13:13:43.061+0000] {task_command.py:389} INFO - Running <TaskInstance: songs.ReadData scheduled__2022-12-10T00:00:00+00:00 [running]> on host 83e68f36074a
[2022-12-11T13:13:43.114+0000] {taskinstance.py:1513} INFO - Exporting the following env vars:
AIRFLOW_CTX_DAG_OWNER=Gama Ariefsadya
AIRFLOW_CTX_DAG_ID=songs
AIRFLOW_CTX_TASK_ID=ReadData
AIRFLOW_CTX_EXECUTION_DATE=2022-12-10T00:00:00+00:00
AIRFLOW_CTX_TRY_NUMBER=6
AIRFLOW_CTX_DAG_RUN_ID=scheduled__2022-12-10T00:00:00+00:00
[2022-12-11T13:13:43.131+0000] {python.py:177} INFO - Done. Returned value was: [{'artist_id': 1, 'artist_name': 'AC/DC', 'album_id': 1, 'album_title': 'For Those About To Rock We Salute You', 'track_id': 6, 'track_name': 'Put The Finger On You', 'unit_price': Decimal('0.99'), 'bytes': 6713451, 'genre_id': 1, 'genre_name': 'Rock'}, {'artist_id': 1, 'artist_name': 'AC/DC', 'album_id': 1, 'album_title': 'For Those About To Rock We Salute You', 'track_id': 7, 'track_name': 'Lets Get It Up', 'unit_price': Decimal('0.99'), 'bytes': 7636561, 'genre_id': 1, 'genre_name': 'Rock'}, {'artist_id': 1, 'artist_name': 'AC/DC', 'album_id': 1, 'album_title': 'For Those About To Rock We Salute You', 'track_id': 1, 'track_name': 'For Those About To Rock (We Salute You)', 'unit_price': Decimal('0.99'), 'bytes': 11170334, 'genre_id': 1, 'genre_name': 'Rock'}]
[2022-12-11T13:13:43.140+0000] {xcom.py:635} ERROR - Object of type Decimal is not JSON serializable. If you are using pickle instead of JSON for XCom, then you need to enable pickle support for XCom in your *** config or make sure to decorate your object with attr.
[2022-12-11T13:13:43.141+0000] {taskinstance.py:1772} ERROR - Task failed with exception
Traceback (most recent call last):
  File "/home/airflow/.local/lib/python3.7/site-packages/airflow/utils/session.py", line 72, in wrapper
    return func(*args, **kwargs)
  File "/home/airflow/.local/lib/python3.7/site-packages/airflow/models/taskinstance.py", line 2301, in xcom_push
    session=session,
  File "/home/airflow/.local/lib/python3.7/site-packages/airflow/utils/session.py", line 72, in wrapper
    return func(*args, **kwargs)
  File "/home/airflow/.local/lib/python3.7/site-packages/airflow/models/xcom.py", line 240, in set
    map_index=map_index,
  File "/home/airflow/.local/lib/python3.7/site-packages/airflow/models/xcom.py", line 627, in serialize_value
    return json.dumps(value, cls=XComEncoder).encode("UTF-8")
  File "/usr/local/lib/python3.7/json/__init__.py", line 238, in dumps
    **kw).encode(obj)
  File "/home/airflow/.local/lib/python3.7/site-packages/airflow/utils/json.py", line 176, in encode
    return super().encode(o)
  File "/usr/local/lib/python3.7/json/encoder.py", line 199, in encode
    chunks = self.iterencode(o, _one_shot=True)
  File "/usr/local/lib/python3.7/json/encoder.py", line 257, in iterencode
    return _iterencode(o, 0)
  File "/home/airflow/.local/lib/python3.7/site-packages/airflow/utils/json.py", line 170, in default
    return super().default(o)
  File "/usr/local/lib/python3.7/json/encoder.py", line 179, in default
    raise TypeError(f'Object of type {o.__class__.__name__} '
TypeError: Object of type Decimal is not JSON serializable
[2022-12-11T13:13:43.159+0000] {taskinstance.py:1327} INFO - Marking task as UP_FOR_RETRY. dag_id=songs, task_id=ReadData, execution_date=20221210T000000, start_date=20221211T131342, end_date=20221211T131343
[2022-12-11T13:13:43.167+0000] {standard_task_runner.py:105} ERROR - Failed to execute job 169 for task ReadData (Object of type Decimal is not JSON serializable; 1846)
[2022-12-11T13:13:43.205+0000] {local_task_job.py:159} INFO - Task exited with return code 1
[2022-12-11T13:13:43.222+0000] {taskinstance.py:2582} INFO - 0 downstream tasks scheduled from follow-on schedule check
