[2022-12-12T15:44:33.658+0000] {taskinstance.py:1087} INFO - Dependencies all met for <TaskInstance: ArtistRevenue.InsertData scheduled__2022-12-11T09:00:00+00:00 [queued]>
[2022-12-12T15:44:33.802+0000] {taskinstance.py:1087} INFO - Dependencies all met for <TaskInstance: ArtistRevenue.InsertData scheduled__2022-12-11T09:00:00+00:00 [queued]>
[2022-12-12T15:44:33.863+0000] {taskinstance.py:1283} INFO - 
--------------------------------------------------------------------------------
[2022-12-12T15:44:33.871+0000] {taskinstance.py:1284} INFO - Starting attempt 2 of 7
[2022-12-12T15:44:33.882+0000] {taskinstance.py:1285} INFO - 
--------------------------------------------------------------------------------
[2022-12-12T15:44:33.989+0000] {taskinstance.py:1304} INFO - Executing <Task(PythonOperator): InsertData> on 2022-12-11 09:00:00+00:00
[2022-12-12T15:44:34.062+0000] {standard_task_runner.py:55} INFO - Started process 70495 to run task
[2022-12-12T15:44:34.122+0000] {standard_task_runner.py:82} INFO - Running: ['***', 'tasks', 'run', 'ArtistRevenue', 'InsertData', 'scheduled__2022-12-11T09:00:00+00:00', '--job-id', '245', '--raw', '--subdir', 'DAGS_FOLDER/artist_revenue.py', '--cfg-path', '/tmp/tmp8o7zr2z8']
[2022-12-12T15:44:34.185+0000] {standard_task_runner.py:83} INFO - Job 245: Subtask InsertData
[2022-12-12T15:44:35.652+0000] {task_command.py:389} INFO - Running <TaskInstance: ArtistRevenue.InsertData scheduled__2022-12-11T09:00:00+00:00 [running]> on host 83e68f36074a
[2022-12-12T15:44:37.739+0000] {taskinstance.py:1513} INFO - Exporting the following env vars:
AIRFLOW_CTX_DAG_OWNER=Gama Ariefsadya
AIRFLOW_CTX_DAG_ID=ArtistRevenue
AIRFLOW_CTX_TASK_ID=InsertData
AIRFLOW_CTX_EXECUTION_DATE=2022-12-11T09:00:00+00:00
AIRFLOW_CTX_TRY_NUMBER=2
AIRFLOW_CTX_DAG_RUN_ID=scheduled__2022-12-11T09:00:00+00:00
[2022-12-12T15:44:45.382+0000] {logging_mixin.py:137} INFO - success Inserting Data
[2022-12-12T15:44:45.391+0000] {python.py:177} INFO - Done. Returned value was: None
[2022-12-12T15:44:45.521+0000] {taskinstance.py:1327} INFO - Marking task as SUCCESS. dag_id=ArtistRevenue, task_id=InsertData, execution_date=20221211T090000, start_date=20221212T154433, end_date=20221212T154445
[2022-12-12T15:44:46.327+0000] {local_task_job.py:159} INFO - Task exited with return code 0
[2022-12-12T15:44:47.047+0000] {taskinstance.py:2582} INFO - 0 downstream tasks scheduled from follow-on schedule check
