[2022-12-12T15:45:14.775+0000] {taskinstance.py:1087} INFO - Dependencies all met for <TaskInstance: Transaction.InsertData scheduled__2022-12-11T03:00:00+00:00 [queued]>
[2022-12-12T15:45:14.829+0000] {taskinstance.py:1087} INFO - Dependencies all met for <TaskInstance: Transaction.InsertData scheduled__2022-12-11T03:00:00+00:00 [queued]>
[2022-12-12T15:45:14.831+0000] {taskinstance.py:1283} INFO - 
--------------------------------------------------------------------------------
[2022-12-12T15:45:14.839+0000] {taskinstance.py:1284} INFO - Starting attempt 1 of 6
[2022-12-12T15:45:14.841+0000] {taskinstance.py:1285} INFO - 
--------------------------------------------------------------------------------
[2022-12-12T15:45:14.909+0000] {taskinstance.py:1304} INFO - Executing <Task(PythonOperator): InsertData> on 2022-12-11 03:00:00+00:00
[2022-12-12T15:45:14.987+0000] {standard_task_runner.py:55} INFO - Started process 70580 to run task
[2022-12-12T15:45:15.049+0000] {standard_task_runner.py:82} INFO - Running: ['***', 'tasks', 'run', 'Transaction', 'InsertData', 'scheduled__2022-12-11T03:00:00+00:00', '--job-id', '270', '--raw', '--subdir', 'DAGS_FOLDER/transaction.py', '--cfg-path', '/tmp/tmpkd3jfbz6']
[2022-12-12T15:45:15.058+0000] {standard_task_runner.py:83} INFO - Job 270: Subtask InsertData
[2022-12-12T15:45:15.549+0000] {task_command.py:389} INFO - Running <TaskInstance: Transaction.InsertData scheduled__2022-12-11T03:00:00+00:00 [running]> on host 83e68f36074a
[2022-12-12T15:45:15.851+0000] {taskinstance.py:1513} INFO - Exporting the following env vars:
AIRFLOW_CTX_DAG_OWNER=Gama Ariefsadya
AIRFLOW_CTX_DAG_ID=Transaction
AIRFLOW_CTX_TASK_ID=InsertData
AIRFLOW_CTX_EXECUTION_DATE=2022-12-11T03:00:00+00:00
AIRFLOW_CTX_TRY_NUMBER=1
AIRFLOW_CTX_DAG_RUN_ID=scheduled__2022-12-11T03:00:00+00:00
[2022-12-12T15:45:18.976+0000] {logging_mixin.py:137} INFO - success Inserting Data
[2022-12-12T15:45:18.980+0000] {python.py:177} INFO - Done. Returned value was: None
[2022-12-12T15:45:19.023+0000] {taskinstance.py:1327} INFO - Marking task as SUCCESS. dag_id=Transaction, task_id=InsertData, execution_date=20221211T030000, start_date=20221212T154514, end_date=20221212T154519
[2022-12-12T15:45:19.116+0000] {local_task_job.py:159} INFO - Task exited with return code 0
[2022-12-12T15:45:19.180+0000] {taskinstance.py:2582} INFO - 0 downstream tasks scheduled from follow-on schedule check
[2022-12-12T16:06:41.786+0000] {taskinstance.py:1087} INFO - Dependencies all met for <TaskInstance: Transaction.InsertData scheduled__2022-12-11T03:00:00+00:00 [queued]>
[2022-12-12T16:06:41.838+0000] {taskinstance.py:1087} INFO - Dependencies all met for <TaskInstance: Transaction.InsertData scheduled__2022-12-11T03:00:00+00:00 [queued]>
[2022-12-12T16:06:41.840+0000] {taskinstance.py:1283} INFO - 
--------------------------------------------------------------------------------
[2022-12-12T16:06:41.841+0000] {taskinstance.py:1284} INFO - Starting attempt 1 of 6
[2022-12-12T16:06:41.842+0000] {taskinstance.py:1285} INFO - 
--------------------------------------------------------------------------------
[2022-12-12T16:06:41.915+0000] {taskinstance.py:1304} INFO - Executing <Task(PythonOperator): InsertData> on 2022-12-11 03:00:00+00:00
[2022-12-12T16:06:41.981+0000] {standard_task_runner.py:55} INFO - Started process 72654 to run task
[2022-12-12T16:06:42.155+0000] {standard_task_runner.py:82} INFO - Running: ['***', 'tasks', 'run', 'Transaction', 'InsertData', 'scheduled__2022-12-11T03:00:00+00:00', '--job-id', '306', '--raw', '--subdir', 'DAGS_FOLDER/transaction.py', '--cfg-path', '/tmp/tmpicfkas5u']
[2022-12-12T16:06:42.237+0000] {standard_task_runner.py:83} INFO - Job 306: Subtask InsertData
[2022-12-12T16:06:43.926+0000] {task_command.py:389} INFO - Running <TaskInstance: Transaction.InsertData scheduled__2022-12-11T03:00:00+00:00 [running]> on host 83e68f36074a
[2022-12-12T16:06:45.478+0000] {taskinstance.py:1513} INFO - Exporting the following env vars:
AIRFLOW_CTX_DAG_OWNER=Gama Ariefsadya
AIRFLOW_CTX_DAG_ID=Transaction
AIRFLOW_CTX_TASK_ID=InsertData
AIRFLOW_CTX_EXECUTION_DATE=2022-12-11T03:00:00+00:00
AIRFLOW_CTX_TRY_NUMBER=1
AIRFLOW_CTX_DAG_RUN_ID=scheduled__2022-12-11T03:00:00+00:00
[2022-12-12T16:06:53.028+0000] {logging_mixin.py:137} INFO - success Inserting Data
[2022-12-12T16:06:53.043+0000] {python.py:177} INFO - Done. Returned value was: None
[2022-12-12T16:06:53.275+0000] {taskinstance.py:1327} INFO - Marking task as SUCCESS. dag_id=Transaction, task_id=InsertData, execution_date=20221211T030000, start_date=20221212T160641, end_date=20221212T160653
[2022-12-12T16:06:54.030+0000] {local_task_job.py:159} INFO - Task exited with return code 0
[2022-12-12T16:06:54.821+0000] {taskinstance.py:2582} INFO - 0 downstream tasks scheduled from follow-on schedule check
