[2022-12-12T14:03:05.525+0000] {taskinstance.py:1087} INFO - Dependencies all met for <TaskInstance: songs1.InsertData scheduled__2022-12-11T09:00:00+00:00 [queued]>
[2022-12-12T14:03:05.584+0000] {taskinstance.py:1087} INFO - Dependencies all met for <TaskInstance: songs1.InsertData scheduled__2022-12-11T09:00:00+00:00 [queued]>
[2022-12-12T14:03:05.592+0000] {taskinstance.py:1283} INFO - 
--------------------------------------------------------------------------------
[2022-12-12T14:03:05.594+0000] {taskinstance.py:1284} INFO - Starting attempt 1 of 6
[2022-12-12T14:03:05.598+0000] {taskinstance.py:1285} INFO - 
--------------------------------------------------------------------------------
[2022-12-12T14:03:05.667+0000] {taskinstance.py:1304} INFO - Executing <Task(PythonOperator): InsertData> on 2022-12-11 09:00:00+00:00
[2022-12-12T14:03:05.692+0000] {standard_task_runner.py:55} INFO - Started process 61334 to run task
[2022-12-12T14:03:05.728+0000] {standard_task_runner.py:82} INFO - Running: ['***', 'tasks', 'run', 'songs1', 'InsertData', 'scheduled__2022-12-11T09:00:00+00:00', '--job-id', '234', '--raw', '--subdir', 'DAGS_FOLDER/song.py', '--cfg-path', '/tmp/tmpu6u45ubc']
[2022-12-12T14:03:05.757+0000] {standard_task_runner.py:83} INFO - Job 234: Subtask InsertData
[2022-12-12T14:03:06.094+0000] {task_command.py:389} INFO - Running <TaskInstance: songs1.InsertData scheduled__2022-12-11T09:00:00+00:00 [running]> on host 83e68f36074a
[2022-12-12T14:03:06.329+0000] {taskinstance.py:1513} INFO - Exporting the following env vars:
AIRFLOW_CTX_DAG_OWNER=Gama Ariefsadya
AIRFLOW_CTX_DAG_ID=songs1
AIRFLOW_CTX_TASK_ID=InsertData
AIRFLOW_CTX_EXECUTION_DATE=2022-12-11T09:00:00+00:00
AIRFLOW_CTX_TRY_NUMBER=1
AIRFLOW_CTX_DAG_RUN_ID=scheduled__2022-12-11T09:00:00+00:00
[2022-12-12T14:03:06.447+0000] {logging_mixin.py:137} INFO - success Inserting Data
[2022-12-12T14:03:06.450+0000] {python.py:177} INFO - Done. Returned value was: None
[2022-12-12T14:03:06.481+0000] {taskinstance.py:1327} INFO - Marking task as SUCCESS. dag_id=songs1, task_id=InsertData, execution_date=20221211T090000, start_date=20221212T140305, end_date=20221212T140306
[2022-12-12T14:03:06.597+0000] {local_task_job.py:159} INFO - Task exited with return code 0
[2022-12-12T14:03:06.665+0000] {taskinstance.py:2582} INFO - 0 downstream tasks scheduled from follow-on schedule check
