[2022-12-11T11:02:11.003+0000] {taskinstance.py:1087} INFO - Dependencies all met for <TaskInstance: songs_dag.greet scheduled__2022-12-10T00:00:00+00:00 [queued]>
[2022-12-11T11:02:11.013+0000] {taskinstance.py:1087} INFO - Dependencies all met for <TaskInstance: songs_dag.greet scheduled__2022-12-10T00:00:00+00:00 [queued]>
[2022-12-11T11:02:11.014+0000] {taskinstance.py:1283} INFO - 
--------------------------------------------------------------------------------
[2022-12-11T11:02:11.014+0000] {taskinstance.py:1284} INFO - Starting attempt 4 of 9
[2022-12-11T11:02:11.015+0000] {taskinstance.py:1285} INFO - 
--------------------------------------------------------------------------------
[2022-12-11T11:02:11.026+0000] {taskinstance.py:1304} INFO - Executing <Task(PythonOperator): greet> on 2022-12-10 00:00:00+00:00
[2022-12-11T11:02:11.037+0000] {standard_task_runner.py:55} INFO - Started process 486 to run task
[2022-12-11T11:02:11.042+0000] {standard_task_runner.py:82} INFO - Running: ['***', 'tasks', 'run', 'songs_dag', 'greet', 'scheduled__2022-12-10T00:00:00+00:00', '--job-id', '109', '--raw', '--subdir', 'DAGS_FOLDER/song.py', '--cfg-path', '/tmp/tmpjw54uts2']
[2022-12-11T11:02:11.048+0000] {standard_task_runner.py:83} INFO - Job 109: Subtask greet
[2022-12-11T11:02:11.160+0000] {task_command.py:389} INFO - Running <TaskInstance: songs_dag.greet scheduled__2022-12-10T00:00:00+00:00 [running]> on host 3211e07a3388
[2022-12-11T11:02:11.223+0000] {taskinstance.py:1513} INFO - Exporting the following env vars:
AIRFLOW_CTX_DAG_OWNER=Gama Ariefsadya
AIRFLOW_CTX_DAG_ID=songs_dag
AIRFLOW_CTX_TASK_ID=greet
AIRFLOW_CTX_EXECUTION_DATE=2022-12-10T00:00:00+00:00
AIRFLOW_CTX_TRY_NUMBER=4
AIRFLOW_CTX_DAG_RUN_ID=scheduled__2022-12-10T00:00:00+00:00
[2022-12-11T11:02:51.623+0000] {local_task_job.py:224} WARNING - State of this instance has been externally set to removed. Terminating instance.
[2022-12-11T11:02:51.630+0000] {process_utils.py:133} INFO - Sending Signals.SIGTERM to group 486. PIDs of all processes in the group: [486]
[2022-12-11T11:02:51.632+0000] {process_utils.py:84} INFO - Sending the signal Signals.SIGTERM to group 486
[2022-12-11T11:03:26.242+0000] {taskinstance.py:1483} ERROR - Received SIGTERM. Terminating subprocesses.
[2022-12-11T11:03:26.345+0000] {process_utils.py:79} INFO - Process psutil.Process(pid=486, status='terminated', exitcode=0, started='11:02:10') (486) terminated with exit code 0
