[2022-12-11T12:43:42.493+0000] {taskinstance.py:1087} INFO - Dependencies all met for <TaskInstance: songs_dag.greet scheduled__2022-12-10T00:00:00+00:00 [queued]>
[2022-12-11T12:43:42.523+0000] {taskinstance.py:1087} INFO - Dependencies all met for <TaskInstance: songs_dag.greet scheduled__2022-12-10T00:00:00+00:00 [queued]>
[2022-12-11T12:43:42.524+0000] {taskinstance.py:1283} INFO - 
--------------------------------------------------------------------------------
[2022-12-11T12:43:42.525+0000] {taskinstance.py:1284} INFO - Starting attempt 6 of 11
[2022-12-11T12:43:42.526+0000] {taskinstance.py:1285} INFO - 
--------------------------------------------------------------------------------
[2022-12-11T12:43:42.543+0000] {taskinstance.py:1304} INFO - Executing <Task(PythonOperator): greet> on 2022-12-10 00:00:00+00:00
[2022-12-11T12:43:42.553+0000] {standard_task_runner.py:55} INFO - Started process 2474 to run task
[2022-12-11T12:43:42.564+0000] {standard_task_runner.py:82} INFO - Running: ['***', 'tasks', 'run', 'songs_dag', 'greet', 'scheduled__2022-12-10T00:00:00+00:00', '--job-id', '157', '--raw', '--subdir', 'DAGS_FOLDER/song.py', '--cfg-path', '/tmp/tmp844r5oy0']
[2022-12-11T12:43:42.570+0000] {standard_task_runner.py:83} INFO - Job 157: Subtask greet
[2022-12-11T12:43:42.662+0000] {task_command.py:389} INFO - Running <TaskInstance: songs_dag.greet scheduled__2022-12-10T00:00:00+00:00 [running]> on host 3211e07a3388
[2022-12-11T12:43:42.726+0000] {taskinstance.py:1513} INFO - Exporting the following env vars:
AIRFLOW_CTX_DAG_OWNER=Gama Ariefsadya
AIRFLOW_CTX_DAG_ID=songs_dag
AIRFLOW_CTX_TASK_ID=greet
AIRFLOW_CTX_EXECUTION_DATE=2022-12-10T00:00:00+00:00
AIRFLOW_CTX_TRY_NUMBER=6
AIRFLOW_CTX_DAG_RUN_ID=scheduled__2022-12-10T00:00:00+00:00
[2022-12-11T12:43:42.727+0000] {python.py:177} INFO - Done. Returned value was: Hello world
[2022-12-11T12:43:42.753+0000] {taskinstance.py:1327} INFO - Marking task as SUCCESS. dag_id=songs_dag, task_id=greet, execution_date=20221210T000000, start_date=20221211T124342, end_date=20221211T124342
[2022-12-11T12:43:42.775+0000] {local_task_job.py:159} INFO - Task exited with return code 0
[2022-12-11T12:43:42.792+0000] {taskinstance.py:2582} INFO - 0 downstream tasks scheduled from follow-on schedule check
