[2022-12-13T10:17:43.236+0000] {taskinstance.py:1087} INFO - Dependencies all met for <TaskInstance: DataMart.InsertData scheduled__2022-12-12T07:00:00+00:00 [queued]>
[2022-12-13T10:17:43.242+0000] {taskinstance.py:1087} INFO - Dependencies all met for <TaskInstance: DataMart.InsertData scheduled__2022-12-12T07:00:00+00:00 [queued]>
[2022-12-13T10:17:43.243+0000] {taskinstance.py:1283} INFO - 
--------------------------------------------------------------------------------
[2022-12-13T10:17:43.244+0000] {taskinstance.py:1284} INFO - Starting attempt 2 of 7
[2022-12-13T10:17:43.244+0000] {taskinstance.py:1285} INFO - 
--------------------------------------------------------------------------------
[2022-12-13T10:17:43.252+0000] {taskinstance.py:1304} INFO - Executing <Task(PythonOperator): InsertData> on 2022-12-12 07:00:00+00:00
[2022-12-13T10:17:43.257+0000] {standard_task_runner.py:55} INFO - Started process 26561 to run task
[2022-12-13T10:17:43.260+0000] {standard_task_runner.py:82} INFO - Running: ['***', 'tasks', 'run', 'DataMart', 'InsertData', 'scheduled__2022-12-12T07:00:00+00:00', '--job-id', '354', '--raw', '--subdir', 'DAGS_FOLDER/datamart.py', '--cfg-path', '/tmp/tmpaop9ll77']
[2022-12-13T10:17:43.262+0000] {standard_task_runner.py:83} INFO - Job 354: Subtask InsertData
[2022-12-13T10:17:43.317+0000] {task_command.py:389} INFO - Running <TaskInstance: DataMart.InsertData scheduled__2022-12-12T07:00:00+00:00 [running]> on host 83e68f36074a
[2022-12-13T10:17:43.365+0000] {taskinstance.py:1513} INFO - Exporting the following env vars:
AIRFLOW_CTX_DAG_OWNER=Gama Ariefsadya
AIRFLOW_CTX_DAG_ID=DataMart
AIRFLOW_CTX_TASK_ID=InsertData
AIRFLOW_CTX_EXECUTION_DATE=2022-12-12T07:00:00+00:00
AIRFLOW_CTX_TRY_NUMBER=2
AIRFLOW_CTX_DAG_RUN_ID=scheduled__2022-12-12T07:00:00+00:00
[2022-12-13T10:17:43.418+0000] {taskinstance.py:1772} ERROR - Task failed with exception
Traceback (most recent call last):
  File "/home/airflow/.local/lib/python3.7/site-packages/airflow/operators/python.py", line 175, in execute
    return_value = self.execute_callable()
  File "/home/airflow/.local/lib/python3.7/site-packages/airflow/operators/python.py", line 192, in execute_callable
    return self.python_callable(*self.op_args, **self.op_kwargs)
  File "/opt/airflow/dags/datamart.py", line 63, in InsertData
    cursor.execute(query)
psycopg2.errors.UndefinedTable: relation "public.data_mart" does not exist
LINE 1: INSERT INTO public.data_mart(date, artist_id, artist_name, t...
                    ^

[2022-12-13T10:17:43.428+0000] {taskinstance.py:1327} INFO - Marking task as UP_FOR_RETRY. dag_id=DataMart, task_id=InsertData, execution_date=20221212T070000, start_date=20221213T101743, end_date=20221213T101743
[2022-12-13T10:17:43.436+0000] {standard_task_runner.py:105} ERROR - Failed to execute job 354 for task InsertData (relation "public.data_mart" does not exist
LINE 1: INSERT INTO public.data_mart(date, artist_id, artist_name, t...
                    ^
; 26561)
[2022-12-13T10:17:43.473+0000] {local_task_job.py:159} INFO - Task exited with return code 1
[2022-12-13T10:17:43.488+0000] {taskinstance.py:2582} INFO - 0 downstream tasks scheduled from follow-on schedule check
