[2022-12-13T10:19:02.136+0000] {taskinstance.py:1087} INFO - Dependencies all met for <TaskInstance: DataMart.InsertData scheduled__2022-12-12T07:00:00+00:00 [queued]>
[2022-12-13T10:19:02.142+0000] {taskinstance.py:1087} INFO - Dependencies all met for <TaskInstance: DataMart.InsertData scheduled__2022-12-12T07:00:00+00:00 [queued]>
[2022-12-13T10:19:02.142+0000] {taskinstance.py:1283} INFO - 
--------------------------------------------------------------------------------
[2022-12-13T10:19:02.143+0000] {taskinstance.py:1284} INFO - Starting attempt 3 of 8
[2022-12-13T10:19:02.143+0000] {taskinstance.py:1285} INFO - 
--------------------------------------------------------------------------------
[2022-12-13T10:19:02.154+0000] {taskinstance.py:1304} INFO - Executing <Task(PythonOperator): InsertData> on 2022-12-12 07:00:00+00:00
[2022-12-13T10:19:02.161+0000] {standard_task_runner.py:55} INFO - Started process 26695 to run task
[2022-12-13T10:19:02.164+0000] {standard_task_runner.py:82} INFO - Running: ['***', 'tasks', 'run', 'DataMart', 'InsertData', 'scheduled__2022-12-12T07:00:00+00:00', '--job-id', '356', '--raw', '--subdir', 'DAGS_FOLDER/datamart.py', '--cfg-path', '/tmp/tmphest0mvy']
[2022-12-13T10:19:02.166+0000] {standard_task_runner.py:83} INFO - Job 356: Subtask InsertData
[2022-12-13T10:19:02.246+0000] {task_command.py:389} INFO - Running <TaskInstance: DataMart.InsertData scheduled__2022-12-12T07:00:00+00:00 [running]> on host 83e68f36074a
[2022-12-13T10:19:02.318+0000] {taskinstance.py:1513} INFO - Exporting the following env vars:
AIRFLOW_CTX_DAG_OWNER=Gama Ariefsadya
AIRFLOW_CTX_DAG_ID=DataMart
AIRFLOW_CTX_TASK_ID=InsertData
AIRFLOW_CTX_EXECUTION_DATE=2022-12-12T07:00:00+00:00
AIRFLOW_CTX_TRY_NUMBER=3
AIRFLOW_CTX_DAG_RUN_ID=scheduled__2022-12-12T07:00:00+00:00
[2022-12-13T10:19:14.263+0000] {logging_mixin.py:137} INFO - success Inserting Data
[2022-12-13T10:19:14.271+0000] {python.py:177} INFO - Done. Returned value was: None
[2022-12-13T10:19:14.307+0000] {taskinstance.py:1327} INFO - Marking task as SUCCESS. dag_id=DataMart, task_id=InsertData, execution_date=20221212T070000, start_date=20221213T101902, end_date=20221213T101914
[2022-12-13T10:19:14.347+0000] {local_task_job.py:159} INFO - Task exited with return code 0
[2022-12-13T10:19:14.368+0000] {taskinstance.py:2582} INFO - 0 downstream tasks scheduled from follow-on schedule check
