[2022-12-12T14:02:57.865+0000] {taskinstance.py:1087} INFO - Dependencies all met for <TaskInstance: songs1.ReadData scheduled__2022-12-11T09:00:00+00:00 [queued]>
[2022-12-12T14:02:57.887+0000] {taskinstance.py:1087} INFO - Dependencies all met for <TaskInstance: songs1.ReadData scheduled__2022-12-11T09:00:00+00:00 [queued]>
[2022-12-12T14:02:57.888+0000] {taskinstance.py:1283} INFO - 
--------------------------------------------------------------------------------
[2022-12-12T14:02:57.889+0000] {taskinstance.py:1284} INFO - Starting attempt 1 of 6
[2022-12-12T14:02:57.890+0000] {taskinstance.py:1285} INFO - 
--------------------------------------------------------------------------------
[2022-12-12T14:02:57.905+0000] {taskinstance.py:1304} INFO - Executing <Task(PythonOperator): ReadData> on 2022-12-11 09:00:00+00:00
[2022-12-12T14:02:57.942+0000] {standard_task_runner.py:55} INFO - Started process 61316 to run task
[2022-12-12T14:02:57.961+0000] {standard_task_runner.py:82} INFO - Running: ['***', 'tasks', 'run', 'songs1', 'ReadData', 'scheduled__2022-12-11T09:00:00+00:00', '--job-id', '231', '--raw', '--subdir', 'DAGS_FOLDER/song.py', '--cfg-path', '/tmp/tmpje8v5q3r']
[2022-12-12T14:02:57.964+0000] {standard_task_runner.py:83} INFO - Job 231: Subtask ReadData
[2022-12-12T14:02:58.166+0000] {task_command.py:389} INFO - Running <TaskInstance: songs1.ReadData scheduled__2022-12-11T09:00:00+00:00 [running]> on host 83e68f36074a
[2022-12-12T14:02:58.702+0000] {taskinstance.py:1513} INFO - Exporting the following env vars:
AIRFLOW_CTX_DAG_OWNER=Gama Ariefsadya
AIRFLOW_CTX_DAG_ID=songs1
AIRFLOW_CTX_TASK_ID=ReadData
AIRFLOW_CTX_EXECUTION_DATE=2022-12-11T09:00:00+00:00
AIRFLOW_CTX_TRY_NUMBER=1
AIRFLOW_CTX_DAG_RUN_ID=scheduled__2022-12-11T09:00:00+00:00
[2022-12-12T14:02:58.863+0000] {python.py:177} INFO - Done. Returned value was: [{"artist_id": 1, "artist_name": "AC/DC", "album_id": 1, "album_title": "For Those About To Rock We Salute You", "track_id": 6, "track_name": "Put The Finger On You", "unit_price": 0.99, "bytes": 6713451, "genre_id": 1, "genre_name": "Rock"}, {"artist_id": 1, "artist_name": "AC/DC", "album_id": 1, "album_title": "For Those About To Rock We Salute You", "track_id": 7, "track_name": "Lets Get It Up", "unit_price": 0.99, "bytes": 7636561, "genre_id": 1, "genre_name": "Rock"}, {"artist_id": 1, "artist_name": "AC/DC", "album_id": 1, "album_title": "For Those About To Rock We Salute You", "track_id": 1, "track_name": "For Those About To Rock (We Salute You)", "unit_price": 0.99, "bytes": 11170334, "genre_id": 1, "genre_name": "Rock"}]
[2022-12-12T14:02:59.644+0000] {taskinstance.py:1327} INFO - Marking task as SUCCESS. dag_id=songs1, task_id=ReadData, execution_date=20221211T090000, start_date=20221212T140257, end_date=20221212T140259
[2022-12-12T14:02:59.837+0000] {local_task_job.py:159} INFO - Task exited with return code 0
[2022-12-12T14:03:00.006+0000] {taskinstance.py:2582} INFO - 1 downstream tasks scheduled from follow-on schedule check
