[2022-12-11T14:56:50.065+0000] {taskinstance.py:1087} INFO - Dependencies all met for <TaskInstance: Transaction.ReadData scheduled__2022-12-10T00:00:00+00:00 [queued]>
[2022-12-11T14:56:50.072+0000] {taskinstance.py:1087} INFO - Dependencies all met for <TaskInstance: Transaction.ReadData scheduled__2022-12-10T00:00:00+00:00 [queued]>
[2022-12-11T14:56:50.072+0000] {taskinstance.py:1283} INFO - 
--------------------------------------------------------------------------------
[2022-12-11T14:56:50.073+0000] {taskinstance.py:1284} INFO - Starting attempt 1 of 6
[2022-12-11T14:56:50.074+0000] {taskinstance.py:1285} INFO - 
--------------------------------------------------------------------------------
[2022-12-11T14:56:50.084+0000] {taskinstance.py:1304} INFO - Executing <Task(PythonOperator): ReadData> on 2022-12-10 00:00:00+00:00
[2022-12-11T14:56:50.089+0000] {standard_task_runner.py:55} INFO - Started process 203 to run task
[2022-12-11T14:56:50.093+0000] {standard_task_runner.py:82} INFO - Running: ['***', 'tasks', 'run', 'Transaction', 'ReadData', 'scheduled__2022-12-10T00:00:00+00:00', '--job-id', '222', '--raw', '--subdir', 'DAGS_FOLDER/transaction.py', '--cfg-path', '/tmp/tmp0qxluiin']
[2022-12-11T14:56:50.096+0000] {standard_task_runner.py:83} INFO - Job 222: Subtask ReadData
[2022-12-11T14:56:50.179+0000] {task_command.py:389} INFO - Running <TaskInstance: Transaction.ReadData scheduled__2022-12-10T00:00:00+00:00 [running]> on host 83e68f36074a
[2022-12-11T14:56:50.292+0000] {taskinstance.py:1513} INFO - Exporting the following env vars:
AIRFLOW_CTX_DAG_OWNER=Gama Ariefsadya
AIRFLOW_CTX_DAG_ID=Transaction
AIRFLOW_CTX_TASK_ID=ReadData
AIRFLOW_CTX_EXECUTION_DATE=2022-12-10T00:00:00+00:00
AIRFLOW_CTX_TRY_NUMBER=1
AIRFLOW_CTX_DAG_RUN_ID=scheduled__2022-12-10T00:00:00+00:00
[2022-12-11T14:56:50.365+0000] {python.py:177} INFO - Done. Returned value was: [{"artist_id": 1, "artist_name": "AC/DC", "album_id": 1, "album_title": "For Those About To Rock We Salute You", "track_id": 6, "track_name": "Put The Finger On You", "invoice_line_id": 3, "invoice_id": 3, "invoice_date": "2009-01-03 00:00:00"}, {"artist_id": 1, "artist_name": "AC/DC", "album_id": 1, "album_title": "For Those About To Rock We Salute You", "track_id": 8, "track_name": "Inject The Venom", "invoice_line_id": 4, "invoice_id": 4, "invoice_date": "2009-01-06 00:00:00"}, {"artist_id": 1, "artist_name": "AC/DC", "album_id": 1, "album_title": "For Those About To Rock We Salute You", "track_id": 10, "track_name": "Evil Walks", "invoice_line_id": 5, "invoice_id": 5, "invoice_date": "2009-01-11 00:00:00"}]
[2022-12-11T14:56:50.395+0000] {taskinstance.py:1327} INFO - Marking task as SUCCESS. dag_id=Transaction, task_id=ReadData, execution_date=20221210T000000, start_date=20221211T145650, end_date=20221211T145650
[2022-12-11T14:56:50.426+0000] {local_task_job.py:159} INFO - Task exited with return code 0
[2022-12-11T14:56:50.447+0000] {taskinstance.py:2582} INFO - 1 downstream tasks scheduled from follow-on schedule check
