[2022-12-12T15:45:14.181+0000] {taskinstance.py:1087} INFO - Dependencies all met for <TaskInstance: Transaction.InsertData scheduled__2022-12-11T06:00:00+00:00 [queued]>
[2022-12-12T15:45:14.245+0000] {taskinstance.py:1087} INFO - Dependencies all met for <TaskInstance: Transaction.InsertData scheduled__2022-12-11T06:00:00+00:00 [queued]>
[2022-12-12T15:45:14.247+0000] {taskinstance.py:1283} INFO - 
--------------------------------------------------------------------------------
[2022-12-12T15:45:14.248+0000] {taskinstance.py:1284} INFO - Starting attempt 1 of 6
[2022-12-12T15:45:14.249+0000] {taskinstance.py:1285} INFO - 
--------------------------------------------------------------------------------
[2022-12-12T15:45:14.306+0000] {taskinstance.py:1304} INFO - Executing <Task(PythonOperator): InsertData> on 2022-12-11 06:00:00+00:00
[2022-12-12T15:45:14.320+0000] {standard_task_runner.py:55} INFO - Started process 70579 to run task
[2022-12-12T15:45:14.362+0000] {standard_task_runner.py:82} INFO - Running: ['***', 'tasks', 'run', 'Transaction', 'InsertData', 'scheduled__2022-12-11T06:00:00+00:00', '--job-id', '268', '--raw', '--subdir', 'DAGS_FOLDER/transaction.py', '--cfg-path', '/tmp/tmp3ccgfnv8']
[2022-12-12T15:45:14.378+0000] {standard_task_runner.py:83} INFO - Job 268: Subtask InsertData
[2022-12-12T15:45:15.194+0000] {task_command.py:389} INFO - Running <TaskInstance: Transaction.InsertData scheduled__2022-12-11T06:00:00+00:00 [running]> on host 83e68f36074a
[2022-12-12T15:45:15.671+0000] {taskinstance.py:1513} INFO - Exporting the following env vars:
AIRFLOW_CTX_DAG_OWNER=Gama Ariefsadya
AIRFLOW_CTX_DAG_ID=Transaction
AIRFLOW_CTX_TASK_ID=InsertData
AIRFLOW_CTX_EXECUTION_DATE=2022-12-11T06:00:00+00:00
AIRFLOW_CTX_TRY_NUMBER=1
AIRFLOW_CTX_DAG_RUN_ID=scheduled__2022-12-11T06:00:00+00:00
[2022-12-12T15:45:18.802+0000] {logging_mixin.py:137} INFO - success Inserting Data
[2022-12-12T15:45:18.805+0000] {python.py:177} INFO - Done. Returned value was: None
[2022-12-12T15:45:18.851+0000] {taskinstance.py:1327} INFO - Marking task as SUCCESS. dag_id=Transaction, task_id=InsertData, execution_date=20221211T060000, start_date=20221212T154514, end_date=20221212T154518
[2022-12-12T15:45:18.907+0000] {local_task_job.py:159} INFO - Task exited with return code 0
[2022-12-12T15:45:18.974+0000] {taskinstance.py:2582} INFO - 0 downstream tasks scheduled from follow-on schedule check
[2022-12-12T16:06:41.267+0000] {taskinstance.py:1087} INFO - Dependencies all met for <TaskInstance: Transaction.InsertData scheduled__2022-12-11T06:00:00+00:00 [queued]>
[2022-12-12T16:06:41.299+0000] {taskinstance.py:1087} INFO - Dependencies all met for <TaskInstance: Transaction.InsertData scheduled__2022-12-11T06:00:00+00:00 [queued]>
[2022-12-12T16:06:41.301+0000] {taskinstance.py:1283} INFO - 
--------------------------------------------------------------------------------
[2022-12-12T16:06:41.303+0000] {taskinstance.py:1284} INFO - Starting attempt 1 of 6
[2022-12-12T16:06:41.304+0000] {taskinstance.py:1285} INFO - 
--------------------------------------------------------------------------------
[2022-12-12T16:06:41.349+0000] {taskinstance.py:1304} INFO - Executing <Task(PythonOperator): InsertData> on 2022-12-11 06:00:00+00:00
[2022-12-12T16:06:41.550+0000] {standard_task_runner.py:55} INFO - Started process 72648 to run task
[2022-12-12T16:06:41.576+0000] {standard_task_runner.py:82} INFO - Running: ['***', 'tasks', 'run', 'Transaction', 'InsertData', 'scheduled__2022-12-11T06:00:00+00:00', '--job-id', '305', '--raw', '--subdir', 'DAGS_FOLDER/transaction.py', '--cfg-path', '/tmp/tmptwhj_lsr']
[2022-12-12T16:06:41.585+0000] {standard_task_runner.py:83} INFO - Job 305: Subtask InsertData
[2022-12-12T16:06:42.002+0000] {task_command.py:389} INFO - Running <TaskInstance: Transaction.InsertData scheduled__2022-12-11T06:00:00+00:00 [running]> on host 83e68f36074a
[2022-12-12T16:06:43.907+0000] {taskinstance.py:1513} INFO - Exporting the following env vars:
AIRFLOW_CTX_DAG_OWNER=Gama Ariefsadya
AIRFLOW_CTX_DAG_ID=Transaction
AIRFLOW_CTX_TASK_ID=InsertData
AIRFLOW_CTX_EXECUTION_DATE=2022-12-11T06:00:00+00:00
AIRFLOW_CTX_TRY_NUMBER=1
AIRFLOW_CTX_DAG_RUN_ID=scheduled__2022-12-11T06:00:00+00:00
[2022-12-12T16:06:50.695+0000] {logging_mixin.py:137} INFO - success Inserting Data
[2022-12-12T16:06:50.703+0000] {python.py:177} INFO - Done. Returned value was: None
[2022-12-12T16:06:50.862+0000] {taskinstance.py:1327} INFO - Marking task as SUCCESS. dag_id=Transaction, task_id=InsertData, execution_date=20221211T060000, start_date=20221212T160641, end_date=20221212T160650
[2022-12-12T16:06:51.443+0000] {local_task_job.py:159} INFO - Task exited with return code 0
[2022-12-12T16:06:51.541+0000] {taskinstance.py:2582} INFO - 0 downstream tasks scheduled from follow-on schedule check
