[2022-12-12T16:05:12.030+0000] {taskinstance.py:1087} INFO - Dependencies all met for <TaskInstance: Transaction.InsertData scheduled__2022-12-12T12:00:00+00:00 [queued]>
[2022-12-12T16:05:12.037+0000] {taskinstance.py:1087} INFO - Dependencies all met for <TaskInstance: Transaction.InsertData scheduled__2022-12-12T12:00:00+00:00 [queued]>
[2022-12-12T16:05:12.038+0000] {taskinstance.py:1283} INFO - 
--------------------------------------------------------------------------------
[2022-12-12T16:05:12.038+0000] {taskinstance.py:1284} INFO - Starting attempt 3 of 8
[2022-12-12T16:05:12.039+0000] {taskinstance.py:1285} INFO - 
--------------------------------------------------------------------------------
[2022-12-12T16:05:12.047+0000] {taskinstance.py:1304} INFO - Executing <Task(PythonOperator): InsertData> on 2022-12-12 12:00:00+00:00
[2022-12-12T16:05:12.052+0000] {standard_task_runner.py:55} INFO - Started process 72468 to run task
[2022-12-12T16:05:12.055+0000] {standard_task_runner.py:82} INFO - Running: ['***', 'tasks', 'run', 'Transaction', 'InsertData', 'scheduled__2022-12-12T12:00:00+00:00', '--job-id', '288', '--raw', '--subdir', 'DAGS_FOLDER/transaction.py', '--cfg-path', '/tmp/tmp47unyyk1']
[2022-12-12T16:05:12.057+0000] {standard_task_runner.py:83} INFO - Job 288: Subtask InsertData
[2022-12-12T16:05:12.111+0000] {task_command.py:389} INFO - Running <TaskInstance: Transaction.InsertData scheduled__2022-12-12T12:00:00+00:00 [running]> on host 83e68f36074a
[2022-12-12T16:05:12.200+0000] {taskinstance.py:1513} INFO - Exporting the following env vars:
AIRFLOW_CTX_DAG_OWNER=Gama Ariefsadya
AIRFLOW_CTX_DAG_ID=Transaction
AIRFLOW_CTX_TASK_ID=InsertData
AIRFLOW_CTX_EXECUTION_DATE=2022-12-12T12:00:00+00:00
AIRFLOW_CTX_TRY_NUMBER=3
AIRFLOW_CTX_DAG_RUN_ID=scheduled__2022-12-12T12:00:00+00:00
[2022-12-12T16:05:12.222+0000] {taskinstance.py:1772} ERROR - Task failed with exception
Traceback (most recent call last):
  File "/home/airflow/.local/lib/python3.7/site-packages/airflow/operators/python.py", line 175, in execute
    return_value = self.execute_callable()
  File "/home/airflow/.local/lib/python3.7/site-packages/airflow/operators/python.py", line 192, in execute_callable
    return self.python_callable(*self.op_args, **self.op_kwargs)
  File "/opt/airflow/dags/transaction.py", line 61, in InsertData
    revenues=json.loads(data)
  File "/usr/local/lib/python3.7/json/__init__.py", line 341, in loads
    raise TypeError(f'the JSON object must be str, bytes or bytearray, '
TypeError: the JSON object must be str, bytes or bytearray, not NoneType
[2022-12-12T16:05:12.232+0000] {taskinstance.py:1327} INFO - Marking task as UP_FOR_RETRY. dag_id=Transaction, task_id=InsertData, execution_date=20221212T120000, start_date=20221212T160512, end_date=20221212T160512
[2022-12-12T16:05:12.240+0000] {standard_task_runner.py:105} ERROR - Failed to execute job 288 for task InsertData (the JSON object must be str, bytes or bytearray, not NoneType; 72468)
[2022-12-12T16:05:12.268+0000] {local_task_job.py:159} INFO - Task exited with return code 1
[2022-12-12T16:05:12.282+0000] {taskinstance.py:2582} INFO - 0 downstream tasks scheduled from follow-on schedule check
