[2022-12-12T15:21:22.254+0000] {taskinstance.py:1087} INFO - Dependencies all met for <TaskInstance: Transaction.InsertData scheduled__2022-12-12T12:00:00+00:00 [queued]>
[2022-12-12T15:21:22.262+0000] {taskinstance.py:1087} INFO - Dependencies all met for <TaskInstance: Transaction.InsertData scheduled__2022-12-12T12:00:00+00:00 [queued]>
[2022-12-12T15:21:22.263+0000] {taskinstance.py:1283} INFO - 
--------------------------------------------------------------------------------
[2022-12-12T15:21:22.264+0000] {taskinstance.py:1284} INFO - Starting attempt 1 of 6
[2022-12-12T15:21:22.266+0000] {taskinstance.py:1285} INFO - 
--------------------------------------------------------------------------------
[2022-12-12T15:21:22.281+0000] {taskinstance.py:1304} INFO - Executing <Task(PythonOperator): InsertData> on 2022-12-12 12:00:00+00:00
[2022-12-12T15:21:22.293+0000] {standard_task_runner.py:55} INFO - Started process 68373 to run task
[2022-12-12T15:21:22.299+0000] {standard_task_runner.py:82} INFO - Running: ['***', 'tasks', 'run', 'Transaction', 'InsertData', 'scheduled__2022-12-12T12:00:00+00:00', '--job-id', '238', '--raw', '--subdir', 'DAGS_FOLDER/transaction.py', '--cfg-path', '/tmp/tmp4w1ep55v']
[2022-12-12T15:21:22.301+0000] {standard_task_runner.py:83} INFO - Job 238: Subtask InsertData
[2022-12-12T15:21:22.372+0000] {task_command.py:389} INFO - Running <TaskInstance: Transaction.InsertData scheduled__2022-12-12T12:00:00+00:00 [running]> on host 83e68f36074a
[2022-12-12T15:21:22.446+0000] {taskinstance.py:1513} INFO - Exporting the following env vars:
AIRFLOW_CTX_DAG_OWNER=Gama Ariefsadya
AIRFLOW_CTX_DAG_ID=Transaction
AIRFLOW_CTX_TASK_ID=InsertData
AIRFLOW_CTX_EXECUTION_DATE=2022-12-12T12:00:00+00:00
AIRFLOW_CTX_TRY_NUMBER=1
AIRFLOW_CTX_DAG_RUN_ID=scheduled__2022-12-12T12:00:00+00:00
[2022-12-12T15:21:23.581+0000] {logging_mixin.py:137} INFO - success Inserting Data
[2022-12-12T15:21:23.583+0000] {python.py:177} INFO - Done. Returned value was: None
[2022-12-12T15:21:23.597+0000] {taskinstance.py:1327} INFO - Marking task as SUCCESS. dag_id=Transaction, task_id=InsertData, execution_date=20221212T120000, start_date=20221212T152122, end_date=20221212T152123
[2022-12-12T15:21:23.635+0000] {local_task_job.py:159} INFO - Task exited with return code 0
[2022-12-12T15:21:23.670+0000] {taskinstance.py:2582} INFO - 0 downstream tasks scheduled from follow-on schedule check
[2022-12-12T16:06:55.955+0000] {taskinstance.py:1087} INFO - Dependencies all met for <TaskInstance: Transaction.InsertData scheduled__2022-12-12T12:00:00+00:00 [queued]>
[2022-12-12T16:06:55.975+0000] {taskinstance.py:1087} INFO - Dependencies all met for <TaskInstance: Transaction.InsertData scheduled__2022-12-12T12:00:00+00:00 [queued]>
[2022-12-12T16:06:55.976+0000] {taskinstance.py:1283} INFO - 
--------------------------------------------------------------------------------
[2022-12-12T16:06:55.977+0000] {taskinstance.py:1284} INFO - Starting attempt 1 of 6
[2022-12-12T16:06:55.978+0000] {taskinstance.py:1285} INFO - 
--------------------------------------------------------------------------------
[2022-12-12T16:06:55.998+0000] {taskinstance.py:1304} INFO - Executing <Task(PythonOperator): InsertData> on 2022-12-12 12:00:00+00:00
[2022-12-12T16:06:56.005+0000] {standard_task_runner.py:55} INFO - Started process 72682 to run task
[2022-12-12T16:06:56.029+0000] {standard_task_runner.py:82} INFO - Running: ['***', 'tasks', 'run', 'Transaction', 'InsertData', 'scheduled__2022-12-12T12:00:00+00:00', '--job-id', '314', '--raw', '--subdir', 'DAGS_FOLDER/transaction.py', '--cfg-path', '/tmp/tmp8g_hyfue']
[2022-12-12T16:06:56.036+0000] {standard_task_runner.py:83} INFO - Job 314: Subtask InsertData
[2022-12-12T16:06:56.282+0000] {task_command.py:389} INFO - Running <TaskInstance: Transaction.InsertData scheduled__2022-12-12T12:00:00+00:00 [running]> on host 83e68f36074a
[2022-12-12T16:06:56.618+0000] {taskinstance.py:1513} INFO - Exporting the following env vars:
AIRFLOW_CTX_DAG_OWNER=Gama Ariefsadya
AIRFLOW_CTX_DAG_ID=Transaction
AIRFLOW_CTX_TASK_ID=InsertData
AIRFLOW_CTX_EXECUTION_DATE=2022-12-12T12:00:00+00:00
AIRFLOW_CTX_TRY_NUMBER=1
AIRFLOW_CTX_DAG_RUN_ID=scheduled__2022-12-12T12:00:00+00:00
[2022-12-12T16:07:01.325+0000] {logging_mixin.py:137} INFO - success Inserting Data
[2022-12-12T16:07:01.329+0000] {python.py:177} INFO - Done. Returned value was: None
[2022-12-12T16:07:01.364+0000] {taskinstance.py:1327} INFO - Marking task as SUCCESS. dag_id=Transaction, task_id=InsertData, execution_date=20221212T120000, start_date=20221212T160655, end_date=20221212T160701
[2022-12-12T16:07:01.450+0000] {local_task_job.py:159} INFO - Task exited with return code 0
[2022-12-12T16:07:01.479+0000] {taskinstance.py:2582} INFO - 0 downstream tasks scheduled from follow-on schedule check
