[2022-12-11T14:18:31.212+0000] {taskinstance.py:1087} INFO - Dependencies all met for <TaskInstance: songs1.ReadData scheduled__2022-12-10T00:00:00+00:00 [queued]>
[2022-12-11T14:18:31.220+0000] {taskinstance.py:1087} INFO - Dependencies all met for <TaskInstance: songs1.ReadData scheduled__2022-12-10T00:00:00+00:00 [queued]>
[2022-12-11T14:18:31.221+0000] {taskinstance.py:1283} INFO - 
--------------------------------------------------------------------------------
[2022-12-11T14:18:31.221+0000] {taskinstance.py:1284} INFO - Starting attempt 22 of 27
[2022-12-11T14:18:31.221+0000] {taskinstance.py:1285} INFO - 
--------------------------------------------------------------------------------
[2022-12-11T14:18:31.231+0000] {taskinstance.py:1304} INFO - Executing <Task(PythonOperator): ReadData> on 2022-12-10 00:00:00+00:00
[2022-12-11T14:18:31.236+0000] {standard_task_runner.py:55} INFO - Started process 7084 to run task
[2022-12-11T14:18:31.240+0000] {standard_task_runner.py:82} INFO - Running: ['***', 'tasks', 'run', 'songs1', 'ReadData', 'scheduled__2022-12-10T00:00:00+00:00', '--job-id', '191', '--raw', '--subdir', 'DAGS_FOLDER/song.py', '--cfg-path', '/tmp/tmpjgtq_lmm']
[2022-12-11T14:18:31.248+0000] {standard_task_runner.py:83} INFO - Job 191: Subtask ReadData
[2022-12-11T14:18:31.332+0000] {task_command.py:389} INFO - Running <TaskInstance: songs1.ReadData scheduled__2022-12-10T00:00:00+00:00 [running]> on host 83e68f36074a
[2022-12-11T14:18:31.385+0000] {taskinstance.py:1513} INFO - Exporting the following env vars:
AIRFLOW_CTX_DAG_OWNER=Gama Ariefsadya
AIRFLOW_CTX_DAG_ID=songs1
AIRFLOW_CTX_TASK_ID=ReadData
AIRFLOW_CTX_EXECUTION_DATE=2022-12-10T00:00:00+00:00
AIRFLOW_CTX_TRY_NUMBER=22
AIRFLOW_CTX_DAG_RUN_ID=scheduled__2022-12-10T00:00:00+00:00
[2022-12-11T14:18:31.403+0000] {logging_mixin.py:137} INFO - <class 'dict'>
[2022-12-11T14:18:31.404+0000] {logging_mixin.py:137} INFO - []
[2022-12-11T14:18:31.407+0000] {logging_mixin.py:137} INFO - <class 'dict'>
[2022-12-11T14:18:31.408+0000] {logging_mixin.py:137} INFO - {'artist_id': 1, 'artist_name': 'AC/DC', 'album_id': 1, 'album_title': 'For Those About To Rock We Salute You', 'track_id': 6, 'track_name': 'Put The Finger On You', 'unit_price': Decimal('0.99'), 'bytes': 6713451, 'genre_id': 1, 'genre_name': 'Rock'}
[2022-12-11T14:18:31.408+0000] {logging_mixin.py:137} INFO - <class 'dict'>
[2022-12-11T14:18:31.409+0000] {logging_mixin.py:137} INFO - []
[2022-12-11T14:18:31.409+0000] {logging_mixin.py:137} INFO - <class 'dict'>
[2022-12-11T14:18:31.410+0000] {logging_mixin.py:137} INFO - {'artist_id': 1, 'artist_name': 'AC/DC', 'album_id': 1, 'album_title': 'For Those About To Rock We Salute You', 'track_id': 7, 'track_name': 'Lets Get It Up', 'unit_price': Decimal('0.99'), 'bytes': 7636561, 'genre_id': 1, 'genre_name': 'Rock'}
[2022-12-11T14:18:31.410+0000] {logging_mixin.py:137} INFO - <class 'dict'>
[2022-12-11T14:18:31.411+0000] {logging_mixin.py:137} INFO - []
[2022-12-11T14:18:31.411+0000] {logging_mixin.py:137} INFO - <class 'dict'>
[2022-12-11T14:18:31.411+0000] {logging_mixin.py:137} INFO - {'artist_id': 1, 'artist_name': 'AC/DC', 'album_id': 1, 'album_title': 'For Those About To Rock We Salute You', 'track_id': 1, 'track_name': 'For Those About To Rock (We Salute You)', 'unit_price': Decimal('0.99'), 'bytes': 11170334, 'genre_id': 1, 'genre_name': 'Rock'}
[2022-12-11T14:18:31.412+0000] {python.py:177} INFO - Done. Returned value was: None
[2022-12-11T14:18:31.423+0000] {taskinstance.py:1327} INFO - Marking task as SUCCESS. dag_id=songs1, task_id=ReadData, execution_date=20221210T000000, start_date=20221211T141831, end_date=20221211T141831
[2022-12-11T14:18:31.455+0000] {local_task_job.py:159} INFO - Task exited with return code 0
[2022-12-11T14:18:31.474+0000] {taskinstance.py:2582} INFO - 0 downstream tasks scheduled from follow-on schedule check
