[2022-12-11T14:05:38.711+0000] {taskinstance.py:1087} INFO - Dependencies all met for <TaskInstance: songs1.ReadData scheduled__2022-12-10T00:00:00+00:00 [queued]>
[2022-12-11T14:05:38.719+0000] {taskinstance.py:1087} INFO - Dependencies all met for <TaskInstance: songs1.ReadData scheduled__2022-12-10T00:00:00+00:00 [queued]>
[2022-12-11T14:05:38.720+0000] {taskinstance.py:1283} INFO - 
--------------------------------------------------------------------------------
[2022-12-11T14:05:38.720+0000] {taskinstance.py:1284} INFO - Starting attempt 14 of 19
[2022-12-11T14:05:38.722+0000] {taskinstance.py:1285} INFO - 
--------------------------------------------------------------------------------
[2022-12-11T14:05:38.731+0000] {taskinstance.py:1304} INFO - Executing <Task(PythonOperator): ReadData> on 2022-12-10 00:00:00+00:00
[2022-12-11T14:05:38.735+0000] {standard_task_runner.py:55} INFO - Started process 6102 to run task
[2022-12-11T14:05:38.738+0000] {standard_task_runner.py:82} INFO - Running: ['***', 'tasks', 'run', 'songs1', 'ReadData', 'scheduled__2022-12-10T00:00:00+00:00', '--job-id', '183', '--raw', '--subdir', 'DAGS_FOLDER/song.py', '--cfg-path', '/tmp/tmpgdwv272a']
[2022-12-11T14:05:38.743+0000] {standard_task_runner.py:83} INFO - Job 183: Subtask ReadData
[2022-12-11T14:05:38.795+0000] {task_command.py:389} INFO - Running <TaskInstance: songs1.ReadData scheduled__2022-12-10T00:00:00+00:00 [running]> on host 83e68f36074a
[2022-12-11T14:05:38.848+0000] {taskinstance.py:1513} INFO - Exporting the following env vars:
AIRFLOW_CTX_DAG_OWNER=Gama Ariefsadya
AIRFLOW_CTX_DAG_ID=songs1
AIRFLOW_CTX_TASK_ID=ReadData
AIRFLOW_CTX_EXECUTION_DATE=2022-12-10T00:00:00+00:00
AIRFLOW_CTX_TRY_NUMBER=14
AIRFLOW_CTX_DAG_RUN_ID=scheduled__2022-12-10T00:00:00+00:00
[2022-12-11T14:05:38.864+0000] {logging_mixin.py:137} INFO - <class 'list'>
[2022-12-11T14:05:38.864+0000] {logging_mixin.py:137} INFO - [(1, 'AC/DC', 1, 'For Those About To Rock We Salute You', 6, 'Put The Finger On You', Decimal('0.99'), 6713451, 1, 'Rock'), (1, 'AC/DC', 1, 'For Those About To Rock We Salute You', 7, "Let's Get It Up", Decimal('0.99'), 7636561, 1, 'Rock'), (1, 'AC/DC', 1, 'For Those About To Rock We Salute You', 1, 'For Those About To Rock (We Salute You)', Decimal('0.99'), 11170334, 1, 'Rock')]
[2022-12-11T14:05:38.865+0000] {python.py:177} INFO - Done. Returned value was: None
[2022-12-11T14:05:38.874+0000] {taskinstance.py:1327} INFO - Marking task as SUCCESS. dag_id=songs1, task_id=ReadData, execution_date=20221210T000000, start_date=20221211T140538, end_date=20221211T140538
[2022-12-11T14:05:38.912+0000] {local_task_job.py:159} INFO - Task exited with return code 0
[2022-12-11T14:05:38.928+0000] {taskinstance.py:2582} INFO - 0 downstream tasks scheduled from follow-on schedule check
