[2022-12-07T22:46:22.940+0000] {taskinstance.py:1087} INFO - Dependencies all met for <TaskInstance: first_dag.greet scheduled__2022-12-05T00:00:00+00:00 [queued]>
[2022-12-07T22:46:22.949+0000] {taskinstance.py:1087} INFO - Dependencies all met for <TaskInstance: first_dag.greet scheduled__2022-12-05T00:00:00+00:00 [queued]>
[2022-12-07T22:46:22.950+0000] {taskinstance.py:1283} INFO - 
--------------------------------------------------------------------------------
[2022-12-07T22:46:22.951+0000] {taskinstance.py:1284} INFO - Starting attempt 7 of 12
[2022-12-07T22:46:22.951+0000] {taskinstance.py:1285} INFO - 
--------------------------------------------------------------------------------
[2022-12-07T22:46:22.963+0000] {taskinstance.py:1304} INFO - Executing <Task(PythonOperator): greet> on 2022-12-05 00:00:00+00:00
[2022-12-07T22:46:22.969+0000] {standard_task_runner.py:55} INFO - Started process 35206 to run task
[2022-12-07T22:46:22.973+0000] {standard_task_runner.py:82} INFO - Running: ['***', 'tasks', 'run', 'first_dag', 'greet', 'scheduled__2022-12-05T00:00:00+00:00', '--job-id', '38', '--raw', '--subdir', 'DAGS_FOLDER/song.py', '--cfg-path', '/tmp/tmprzc28lgv']
[2022-12-07T22:46:22.975+0000] {standard_task_runner.py:83} INFO - Job 38: Subtask greet
[2022-12-07T22:46:23.066+0000] {task_command.py:389} INFO - Running <TaskInstance: first_dag.greet scheduled__2022-12-05T00:00:00+00:00 [running]> on host 0d175b7fb514
[2022-12-07T22:46:23.141+0000] {taskinstance.py:1513} INFO - Exporting the following env vars:
AIRFLOW_CTX_DAG_OWNER=Gama Ariefsadya
AIRFLOW_CTX_DAG_ID=first_dag
AIRFLOW_CTX_TASK_ID=greet
AIRFLOW_CTX_EXECUTION_DATE=2022-12-05T00:00:00+00:00
AIRFLOW_CTX_TRY_NUMBER=7
AIRFLOW_CTX_DAG_RUN_ID=scheduled__2022-12-05T00:00:00+00:00
[2022-12-07T22:46:23.173+0000] {taskinstance.py:1772} ERROR - Task failed with exception
Traceback (most recent call last):
  File "/home/airflow/.local/lib/python3.7/site-packages/airflow/operators/python.py", line 175, in execute
    return_value = self.execute_callable()
  File "/home/airflow/.local/lib/python3.7/site-packages/airflow/operators/python.py", line 192, in execute_callable
    return self.python_callable(*self.op_args, **self.op_kwargs)
  File "/opt/airflow/dags/song.py", line 21, in ReadData
    database="postgres"
  File "/home/airflow/.local/lib/python3.7/site-packages/psycopg2/__init__.py", line 122, in connect
    conn = _connect(dsn, connection_factory=connection_factory, **kwasync)
psycopg2.OperationalError: could not translate host name "db" to address: Name or service not known

[2022-12-07T22:46:23.186+0000] {taskinstance.py:1327} INFO - Marking task as UP_FOR_RETRY. dag_id=first_dag, task_id=greet, execution_date=20221205T000000, start_date=20221207T224622, end_date=20221207T224623
[2022-12-07T22:46:23.196+0000] {standard_task_runner.py:105} ERROR - Failed to execute job 38 for task greet (could not translate host name "db" to address: Name or service not known
; 35206)
[2022-12-07T22:46:23.227+0000] {local_task_job.py:159} INFO - Task exited with return code 1
[2022-12-07T22:46:23.248+0000] {taskinstance.py:2582} INFO - 0 downstream tasks scheduled from follow-on schedule check
