[2022-12-03T15:08:52.368+0000] {processor.py:153} INFO - Started process (PID=211) to work on /home/airflow/.local/lib/python3.7/site-packages/airflow/example_dags/example_sla_dag.py
[2022-12-03T15:08:52.369+0000] {processor.py:743} INFO - Processing file /home/airflow/.local/lib/python3.7/site-packages/airflow/example_dags/example_sla_dag.py for tasks to queue
[2022-12-03T15:08:52.370+0000] {logging_mixin.py:137} INFO - [2022-12-03T15:08:52.370+0000] {dagbag.py:538} INFO - Filling up the DagBag from /home/airflow/.local/lib/python3.7/site-packages/airflow/example_dags/example_sla_dag.py
[2022-12-03T15:08:52.388+0000] {processor.py:753} INFO - DAG(s) dict_keys(['example_sla_dag']) retrieved from /home/airflow/.local/lib/python3.7/site-packages/airflow/example_dags/example_sla_dag.py
[2022-12-03T15:08:52.409+0000] {logging_mixin.py:137} INFO - [2022-12-03T15:08:52.409+0000] {dag.py:2676} INFO - Sync 1 DAGs
[2022-12-03T15:08:52.428+0000] {logging_mixin.py:137} INFO - [2022-12-03T15:08:52.428+0000] {dag.py:3427} INFO - Setting next_dagrun for example_sla_dag to 2022-12-03T15:06:00+00:00, run_after=2022-12-03T15:08:00+00:00
[2022-12-03T15:08:52.439+0000] {processor.py:175} INFO - Processing /home/airflow/.local/lib/python3.7/site-packages/airflow/example_dags/example_sla_dag.py took 0.073 seconds
[2022-12-03T15:09:22.753+0000] {processor.py:153} INFO - Started process (PID=437) to work on /home/airflow/.local/lib/python3.7/site-packages/airflow/example_dags/example_sla_dag.py
[2022-12-03T15:09:22.754+0000] {processor.py:743} INFO - Processing file /home/airflow/.local/lib/python3.7/site-packages/airflow/example_dags/example_sla_dag.py for tasks to queue
[2022-12-03T15:09:22.755+0000] {logging_mixin.py:137} INFO - [2022-12-03T15:09:22.755+0000] {dagbag.py:538} INFO - Filling up the DagBag from /home/airflow/.local/lib/python3.7/site-packages/airflow/example_dags/example_sla_dag.py
[2022-12-03T15:09:22.770+0000] {processor.py:753} INFO - DAG(s) dict_keys(['example_sla_dag']) retrieved from /home/airflow/.local/lib/python3.7/site-packages/airflow/example_dags/example_sla_dag.py
[2022-12-03T15:09:22.791+0000] {logging_mixin.py:137} INFO - [2022-12-03T15:09:22.791+0000] {dag.py:2676} INFO - Sync 1 DAGs
[2022-12-03T15:09:22.810+0000] {logging_mixin.py:137} INFO - [2022-12-03T15:09:22.810+0000] {dag.py:3427} INFO - Setting next_dagrun for example_sla_dag to 2022-12-03T15:06:00+00:00, run_after=2022-12-03T15:08:00+00:00
[2022-12-03T15:09:22.823+0000] {processor.py:175} INFO - Processing /home/airflow/.local/lib/python3.7/site-packages/airflow/example_dags/example_sla_dag.py took 0.073 seconds
[2022-12-03T15:09:53.035+0000] {processor.py:153} INFO - Started process (PID=648) to work on /home/airflow/.local/lib/python3.7/site-packages/airflow/example_dags/example_sla_dag.py
[2022-12-03T15:09:53.037+0000] {processor.py:743} INFO - Processing file /home/airflow/.local/lib/python3.7/site-packages/airflow/example_dags/example_sla_dag.py for tasks to queue
[2022-12-03T15:09:53.038+0000] {logging_mixin.py:137} INFO - [2022-12-03T15:09:53.038+0000] {dagbag.py:538} INFO - Filling up the DagBag from /home/airflow/.local/lib/python3.7/site-packages/airflow/example_dags/example_sla_dag.py
[2022-12-03T15:09:53.057+0000] {processor.py:753} INFO - DAG(s) dict_keys(['example_sla_dag']) retrieved from /home/airflow/.local/lib/python3.7/site-packages/airflow/example_dags/example_sla_dag.py
[2022-12-03T15:09:53.084+0000] {logging_mixin.py:137} INFO - [2022-12-03T15:09:53.084+0000] {dag.py:2676} INFO - Sync 1 DAGs
[2022-12-03T15:09:53.102+0000] {logging_mixin.py:137} INFO - [2022-12-03T15:09:53.102+0000] {dag.py:3427} INFO - Setting next_dagrun for example_sla_dag to 2022-12-03T15:06:00+00:00, run_after=2022-12-03T15:08:00+00:00
[2022-12-03T15:09:53.115+0000] {processor.py:175} INFO - Processing /home/airflow/.local/lib/python3.7/site-packages/airflow/example_dags/example_sla_dag.py took 0.082 seconds
[2022-12-03T15:10:24.759+0000] {processor.py:153} INFO - Started process (PID=861) to work on /home/airflow/.local/lib/python3.7/site-packages/airflow/example_dags/example_sla_dag.py
[2022-12-03T15:10:24.762+0000] {processor.py:743} INFO - Processing file /home/airflow/.local/lib/python3.7/site-packages/airflow/example_dags/example_sla_dag.py for tasks to queue
[2022-12-03T15:10:24.763+0000] {logging_mixin.py:137} INFO - [2022-12-03T15:10:24.763+0000] {dagbag.py:538} INFO - Filling up the DagBag from /home/airflow/.local/lib/python3.7/site-packages/airflow/example_dags/example_sla_dag.py
[2022-12-03T15:10:24.819+0000] {processor.py:753} INFO - DAG(s) dict_keys(['example_sla_dag']) retrieved from /home/airflow/.local/lib/python3.7/site-packages/airflow/example_dags/example_sla_dag.py
[2022-12-03T15:10:25.430+0000] {logging_mixin.py:137} INFO - [2022-12-03T15:10:25.429+0000] {process_utils.py:256} INFO - Waiting up to 5 seconds for processes to exit...
[2022-12-03T15:10:51.096+0000] {processor.py:153} INFO - Started process (PID=209) to work on /home/airflow/.local/lib/python3.7/site-packages/airflow/example_dags/example_sla_dag.py
[2022-12-03T15:10:51.098+0000] {processor.py:743} INFO - Processing file /home/airflow/.local/lib/python3.7/site-packages/airflow/example_dags/example_sla_dag.py for tasks to queue
[2022-12-03T15:10:51.099+0000] {logging_mixin.py:137} INFO - [2022-12-03T15:10:51.099+0000] {dagbag.py:538} INFO - Filling up the DagBag from /home/airflow/.local/lib/python3.7/site-packages/airflow/example_dags/example_sla_dag.py
[2022-12-03T15:10:51.150+0000] {processor.py:753} INFO - DAG(s) dict_keys(['example_sla_dag']) retrieved from /home/airflow/.local/lib/python3.7/site-packages/airflow/example_dags/example_sla_dag.py
[2022-12-03T15:10:51.198+0000] {logging_mixin.py:137} INFO - [2022-12-03T15:10:51.198+0000] {dag.py:2676} INFO - Sync 1 DAGs
[2022-12-03T15:10:51.228+0000] {logging_mixin.py:137} INFO - [2022-12-03T15:10:51.227+0000] {dag.py:3427} INFO - Setting next_dagrun for example_sla_dag to 2022-12-03T15:08:00+00:00, run_after=2022-12-03T15:10:00+00:00
[2022-12-03T15:10:51.245+0000] {processor.py:175} INFO - Processing /home/airflow/.local/lib/python3.7/site-packages/airflow/example_dags/example_sla_dag.py took 0.166 seconds
[2022-12-03T15:11:21.857+0000] {processor.py:153} INFO - Started process (PID=437) to work on /home/airflow/.local/lib/python3.7/site-packages/airflow/example_dags/example_sla_dag.py
[2022-12-03T15:11:21.858+0000] {processor.py:743} INFO - Processing file /home/airflow/.local/lib/python3.7/site-packages/airflow/example_dags/example_sla_dag.py for tasks to queue
[2022-12-03T15:11:21.859+0000] {logging_mixin.py:137} INFO - [2022-12-03T15:11:21.859+0000] {dagbag.py:538} INFO - Filling up the DagBag from /home/airflow/.local/lib/python3.7/site-packages/airflow/example_dags/example_sla_dag.py
[2022-12-03T15:11:21.874+0000] {processor.py:753} INFO - DAG(s) dict_keys(['example_sla_dag']) retrieved from /home/airflow/.local/lib/python3.7/site-packages/airflow/example_dags/example_sla_dag.py
[2022-12-03T15:11:21.897+0000] {logging_mixin.py:137} INFO - [2022-12-03T15:11:21.897+0000] {dag.py:2676} INFO - Sync 1 DAGs
[2022-12-03T15:11:21.912+0000] {logging_mixin.py:137} INFO - [2022-12-03T15:11:21.912+0000] {dag.py:3427} INFO - Setting next_dagrun for example_sla_dag to 2022-12-03T15:08:00+00:00, run_after=2022-12-03T15:10:00+00:00
[2022-12-03T15:11:21.921+0000] {processor.py:175} INFO - Processing /home/airflow/.local/lib/python3.7/site-packages/airflow/example_dags/example_sla_dag.py took 0.067 seconds
[2022-12-03T15:11:52.194+0000] {processor.py:153} INFO - Started process (PID=659) to work on /home/airflow/.local/lib/python3.7/site-packages/airflow/example_dags/example_sla_dag.py
[2022-12-03T15:11:52.195+0000] {processor.py:743} INFO - Processing file /home/airflow/.local/lib/python3.7/site-packages/airflow/example_dags/example_sla_dag.py for tasks to queue
[2022-12-03T15:11:52.196+0000] {logging_mixin.py:137} INFO - [2022-12-03T15:11:52.196+0000] {dagbag.py:538} INFO - Filling up the DagBag from /home/airflow/.local/lib/python3.7/site-packages/airflow/example_dags/example_sla_dag.py
[2022-12-03T15:11:52.212+0000] {processor.py:753} INFO - DAG(s) dict_keys(['example_sla_dag']) retrieved from /home/airflow/.local/lib/python3.7/site-packages/airflow/example_dags/example_sla_dag.py
[2022-12-03T15:11:52.253+0000] {logging_mixin.py:137} INFO - [2022-12-03T15:11:52.253+0000] {dag.py:2676} INFO - Sync 1 DAGs
[2022-12-03T15:11:52.270+0000] {logging_mixin.py:137} INFO - [2022-12-03T15:11:52.270+0000] {dag.py:3427} INFO - Setting next_dagrun for example_sla_dag to 2022-12-03T15:08:00+00:00, run_after=2022-12-03T15:10:00+00:00
[2022-12-03T15:11:52.286+0000] {processor.py:175} INFO - Processing /home/airflow/.local/lib/python3.7/site-packages/airflow/example_dags/example_sla_dag.py took 0.095 seconds
[2022-12-03T15:12:22.727+0000] {processor.py:153} INFO - Started process (PID=879) to work on /home/airflow/.local/lib/python3.7/site-packages/airflow/example_dags/example_sla_dag.py
[2022-12-03T15:12:22.728+0000] {processor.py:743} INFO - Processing file /home/airflow/.local/lib/python3.7/site-packages/airflow/example_dags/example_sla_dag.py for tasks to queue
[2022-12-03T15:12:22.728+0000] {logging_mixin.py:137} INFO - [2022-12-03T15:12:22.728+0000] {dagbag.py:538} INFO - Filling up the DagBag from /home/airflow/.local/lib/python3.7/site-packages/airflow/example_dags/example_sla_dag.py
[2022-12-03T15:12:22.743+0000] {processor.py:753} INFO - DAG(s) dict_keys(['example_sla_dag']) retrieved from /home/airflow/.local/lib/python3.7/site-packages/airflow/example_dags/example_sla_dag.py
[2022-12-03T15:12:22.761+0000] {logging_mixin.py:137} INFO - [2022-12-03T15:12:22.761+0000] {dag.py:2676} INFO - Sync 1 DAGs
[2022-12-03T15:12:22.777+0000] {logging_mixin.py:137} INFO - [2022-12-03T15:12:22.777+0000] {dag.py:3427} INFO - Setting next_dagrun for example_sla_dag to 2022-12-03T15:10:00+00:00, run_after=2022-12-03T15:12:00+00:00
[2022-12-03T15:12:22.787+0000] {processor.py:175} INFO - Processing /home/airflow/.local/lib/python3.7/site-packages/airflow/example_dags/example_sla_dag.py took 0.062 seconds
[2022-12-03T15:12:52.880+0000] {processor.py:153} INFO - Started process (PID=1103) to work on /home/airflow/.local/lib/python3.7/site-packages/airflow/example_dags/example_sla_dag.py
[2022-12-03T15:12:52.881+0000] {processor.py:743} INFO - Processing file /home/airflow/.local/lib/python3.7/site-packages/airflow/example_dags/example_sla_dag.py for tasks to queue
[2022-12-03T15:12:52.881+0000] {logging_mixin.py:137} INFO - [2022-12-03T15:12:52.881+0000] {dagbag.py:538} INFO - Filling up the DagBag from /home/airflow/.local/lib/python3.7/site-packages/airflow/example_dags/example_sla_dag.py
[2022-12-03T15:12:52.900+0000] {processor.py:753} INFO - DAG(s) dict_keys(['example_sla_dag']) retrieved from /home/airflow/.local/lib/python3.7/site-packages/airflow/example_dags/example_sla_dag.py
[2022-12-03T15:12:52.921+0000] {logging_mixin.py:137} INFO - [2022-12-03T15:12:52.921+0000] {dag.py:2676} INFO - Sync 1 DAGs
[2022-12-03T15:12:52.940+0000] {logging_mixin.py:137} INFO - [2022-12-03T15:12:52.939+0000] {dag.py:3427} INFO - Setting next_dagrun for example_sla_dag to 2022-12-03T15:10:00+00:00, run_after=2022-12-03T15:12:00+00:00
[2022-12-03T15:12:52.952+0000] {processor.py:175} INFO - Processing /home/airflow/.local/lib/python3.7/site-packages/airflow/example_dags/example_sla_dag.py took 0.075 seconds
[2022-12-03T15:13:23.221+0000] {processor.py:153} INFO - Started process (PID=1320) to work on /home/airflow/.local/lib/python3.7/site-packages/airflow/example_dags/example_sla_dag.py
[2022-12-03T15:13:23.223+0000] {processor.py:743} INFO - Processing file /home/airflow/.local/lib/python3.7/site-packages/airflow/example_dags/example_sla_dag.py for tasks to queue
[2022-12-03T15:13:23.223+0000] {logging_mixin.py:137} INFO - [2022-12-03T15:13:23.223+0000] {dagbag.py:538} INFO - Filling up the DagBag from /home/airflow/.local/lib/python3.7/site-packages/airflow/example_dags/example_sla_dag.py
[2022-12-03T15:13:23.243+0000] {processor.py:753} INFO - DAG(s) dict_keys(['example_sla_dag']) retrieved from /home/airflow/.local/lib/python3.7/site-packages/airflow/example_dags/example_sla_dag.py
[2022-12-03T15:13:23.270+0000] {logging_mixin.py:137} INFO - [2022-12-03T15:13:23.270+0000] {dag.py:2676} INFO - Sync 1 DAGs
[2022-12-03T15:13:23.287+0000] {logging_mixin.py:137} INFO - [2022-12-03T15:13:23.287+0000] {dag.py:3427} INFO - Setting next_dagrun for example_sla_dag to 2022-12-03T15:10:00+00:00, run_after=2022-12-03T15:12:00+00:00
[2022-12-03T15:13:23.298+0000] {processor.py:175} INFO - Processing /home/airflow/.local/lib/python3.7/site-packages/airflow/example_dags/example_sla_dag.py took 0.079 seconds
[2022-12-03T15:13:54.044+0000] {processor.py:153} INFO - Started process (PID=1545) to work on /home/airflow/.local/lib/python3.7/site-packages/airflow/example_dags/example_sla_dag.py
[2022-12-03T15:13:54.045+0000] {processor.py:743} INFO - Processing file /home/airflow/.local/lib/python3.7/site-packages/airflow/example_dags/example_sla_dag.py for tasks to queue
[2022-12-03T15:13:54.046+0000] {logging_mixin.py:137} INFO - [2022-12-03T15:13:54.046+0000] {dagbag.py:538} INFO - Filling up the DagBag from /home/airflow/.local/lib/python3.7/site-packages/airflow/example_dags/example_sla_dag.py
[2022-12-03T15:13:54.061+0000] {processor.py:753} INFO - DAG(s) dict_keys(['example_sla_dag']) retrieved from /home/airflow/.local/lib/python3.7/site-packages/airflow/example_dags/example_sla_dag.py
[2022-12-03T15:13:54.095+0000] {logging_mixin.py:137} INFO - [2022-12-03T15:13:54.095+0000] {dag.py:2676} INFO - Sync 1 DAGs
[2022-12-03T15:13:54.113+0000] {logging_mixin.py:137} INFO - [2022-12-03T15:13:54.113+0000] {dag.py:3427} INFO - Setting next_dagrun for example_sla_dag to 2022-12-03T15:10:00+00:00, run_after=2022-12-03T15:12:00+00:00
[2022-12-03T15:13:54.124+0000] {processor.py:175} INFO - Processing /home/airflow/.local/lib/python3.7/site-packages/airflow/example_dags/example_sla_dag.py took 0.083 seconds
[2022-12-03T15:14:24.368+0000] {processor.py:153} INFO - Started process (PID=1769) to work on /home/airflow/.local/lib/python3.7/site-packages/airflow/example_dags/example_sla_dag.py
[2022-12-03T15:14:24.369+0000] {processor.py:743} INFO - Processing file /home/airflow/.local/lib/python3.7/site-packages/airflow/example_dags/example_sla_dag.py for tasks to queue
[2022-12-03T15:14:24.370+0000] {logging_mixin.py:137} INFO - [2022-12-03T15:14:24.370+0000] {dagbag.py:538} INFO - Filling up the DagBag from /home/airflow/.local/lib/python3.7/site-packages/airflow/example_dags/example_sla_dag.py
[2022-12-03T15:14:24.385+0000] {processor.py:753} INFO - DAG(s) dict_keys(['example_sla_dag']) retrieved from /home/airflow/.local/lib/python3.7/site-packages/airflow/example_dags/example_sla_dag.py
[2022-12-03T15:14:24.410+0000] {logging_mixin.py:137} INFO - [2022-12-03T15:14:24.410+0000] {dag.py:2676} INFO - Sync 1 DAGs
[2022-12-03T15:14:24.427+0000] {logging_mixin.py:137} INFO - [2022-12-03T15:14:24.427+0000] {dag.py:3427} INFO - Setting next_dagrun for example_sla_dag to 2022-12-03T15:12:00+00:00, run_after=2022-12-03T15:14:00+00:00
[2022-12-03T15:14:24.443+0000] {processor.py:175} INFO - Processing /home/airflow/.local/lib/python3.7/site-packages/airflow/example_dags/example_sla_dag.py took 0.078 seconds
[2022-12-03T15:15:11.227+0000] {processor.py:153} INFO - Started process (PID=208) to work on /home/airflow/.local/lib/python3.7/site-packages/airflow/example_dags/example_sla_dag.py
[2022-12-03T15:15:11.229+0000] {processor.py:743} INFO - Processing file /home/airflow/.local/lib/python3.7/site-packages/airflow/example_dags/example_sla_dag.py for tasks to queue
[2022-12-03T15:15:11.230+0000] {logging_mixin.py:137} INFO - [2022-12-03T15:15:11.230+0000] {dagbag.py:538} INFO - Filling up the DagBag from /home/airflow/.local/lib/python3.7/site-packages/airflow/example_dags/example_sla_dag.py
[2022-12-03T15:15:11.250+0000] {processor.py:753} INFO - DAG(s) dict_keys(['example_sla_dag']) retrieved from /home/airflow/.local/lib/python3.7/site-packages/airflow/example_dags/example_sla_dag.py
[2022-12-03T15:15:11.275+0000] {logging_mixin.py:137} INFO - [2022-12-03T15:15:11.275+0000] {dag.py:2676} INFO - Sync 1 DAGs
[2022-12-03T15:15:11.301+0000] {logging_mixin.py:137} INFO - [2022-12-03T15:15:11.300+0000] {dag.py:3427} INFO - Setting next_dagrun for example_sla_dag to 2022-12-03T15:12:00+00:00, run_after=2022-12-03T15:14:00+00:00
[2022-12-03T15:15:11.334+0000] {processor.py:175} INFO - Processing /home/airflow/.local/lib/python3.7/site-packages/airflow/example_dags/example_sla_dag.py took 0.110 seconds
[2022-12-03T15:21:18.100+0000] {processor.py:153} INFO - Started process (PID=208) to work on /home/airflow/.local/lib/python3.7/site-packages/airflow/example_dags/example_sla_dag.py
[2022-12-03T15:21:18.102+0000] {processor.py:743} INFO - Processing file /home/airflow/.local/lib/python3.7/site-packages/airflow/example_dags/example_sla_dag.py for tasks to queue
[2022-12-03T15:21:18.103+0000] {logging_mixin.py:137} INFO - [2022-12-03T15:21:18.103+0000] {dagbag.py:538} INFO - Filling up the DagBag from /home/airflow/.local/lib/python3.7/site-packages/airflow/example_dags/example_sla_dag.py
[2022-12-03T15:21:18.120+0000] {processor.py:753} INFO - DAG(s) dict_keys(['example_sla_dag']) retrieved from /home/airflow/.local/lib/python3.7/site-packages/airflow/example_dags/example_sla_dag.py
[2022-12-03T15:21:18.139+0000] {logging_mixin.py:137} INFO - [2022-12-03T15:21:18.139+0000] {dag.py:2676} INFO - Sync 1 DAGs
[2022-12-03T15:21:18.158+0000] {logging_mixin.py:137} INFO - [2022-12-03T15:21:18.158+0000] {dag.py:3427} INFO - Setting next_dagrun for example_sla_dag to 2022-12-03T15:18:00+00:00, run_after=2022-12-03T15:20:00+00:00
[2022-12-03T15:21:18.170+0000] {processor.py:175} INFO - Processing /home/airflow/.local/lib/python3.7/site-packages/airflow/example_dags/example_sla_dag.py took 0.072 seconds
[2022-12-03T15:21:48.340+0000] {processor.py:153} INFO - Started process (PID=432) to work on /home/airflow/.local/lib/python3.7/site-packages/airflow/example_dags/example_sla_dag.py
[2022-12-03T15:21:48.341+0000] {processor.py:743} INFO - Processing file /home/airflow/.local/lib/python3.7/site-packages/airflow/example_dags/example_sla_dag.py for tasks to queue
[2022-12-03T15:21:48.342+0000] {logging_mixin.py:137} INFO - [2022-12-03T15:21:48.342+0000] {dagbag.py:538} INFO - Filling up the DagBag from /home/airflow/.local/lib/python3.7/site-packages/airflow/example_dags/example_sla_dag.py
[2022-12-03T15:21:48.357+0000] {processor.py:753} INFO - DAG(s) dict_keys(['example_sla_dag']) retrieved from /home/airflow/.local/lib/python3.7/site-packages/airflow/example_dags/example_sla_dag.py
[2022-12-03T15:21:48.382+0000] {logging_mixin.py:137} INFO - [2022-12-03T15:21:48.382+0000] {dag.py:2676} INFO - Sync 1 DAGs
[2022-12-03T15:21:48.399+0000] {logging_mixin.py:137} INFO - [2022-12-03T15:21:48.399+0000] {dag.py:3427} INFO - Setting next_dagrun for example_sla_dag to 2022-12-03T15:18:00+00:00, run_after=2022-12-03T15:20:00+00:00
[2022-12-03T15:21:48.411+0000] {processor.py:175} INFO - Processing /home/airflow/.local/lib/python3.7/site-packages/airflow/example_dags/example_sla_dag.py took 0.074 seconds
[2022-12-03T15:22:18.593+0000] {processor.py:153} INFO - Started process (PID=645) to work on /home/airflow/.local/lib/python3.7/site-packages/airflow/example_dags/example_sla_dag.py
[2022-12-03T15:22:18.594+0000] {processor.py:743} INFO - Processing file /home/airflow/.local/lib/python3.7/site-packages/airflow/example_dags/example_sla_dag.py for tasks to queue
[2022-12-03T15:22:18.594+0000] {logging_mixin.py:137} INFO - [2022-12-03T15:22:18.594+0000] {dagbag.py:538} INFO - Filling up the DagBag from /home/airflow/.local/lib/python3.7/site-packages/airflow/example_dags/example_sla_dag.py
[2022-12-03T15:22:18.609+0000] {processor.py:753} INFO - DAG(s) dict_keys(['example_sla_dag']) retrieved from /home/airflow/.local/lib/python3.7/site-packages/airflow/example_dags/example_sla_dag.py
[2022-12-03T15:22:18.635+0000] {logging_mixin.py:137} INFO - [2022-12-03T15:22:18.635+0000] {dag.py:2676} INFO - Sync 1 DAGs
[2022-12-03T15:22:18.653+0000] {logging_mixin.py:137} INFO - [2022-12-03T15:22:18.652+0000] {dag.py:3427} INFO - Setting next_dagrun for example_sla_dag to 2022-12-03T15:20:00+00:00, run_after=2022-12-03T15:22:00+00:00
[2022-12-03T15:22:18.664+0000] {processor.py:175} INFO - Processing /home/airflow/.local/lib/python3.7/site-packages/airflow/example_dags/example_sla_dag.py took 0.073 seconds
[2022-12-03T15:22:48.838+0000] {processor.py:153} INFO - Started process (PID=871) to work on /home/airflow/.local/lib/python3.7/site-packages/airflow/example_dags/example_sla_dag.py
[2022-12-03T15:22:48.839+0000] {processor.py:743} INFO - Processing file /home/airflow/.local/lib/python3.7/site-packages/airflow/example_dags/example_sla_dag.py for tasks to queue
[2022-12-03T15:22:48.840+0000] {logging_mixin.py:137} INFO - [2022-12-03T15:22:48.840+0000] {dagbag.py:538} INFO - Filling up the DagBag from /home/airflow/.local/lib/python3.7/site-packages/airflow/example_dags/example_sla_dag.py
[2022-12-03T15:22:48.856+0000] {processor.py:753} INFO - DAG(s) dict_keys(['example_sla_dag']) retrieved from /home/airflow/.local/lib/python3.7/site-packages/airflow/example_dags/example_sla_dag.py
[2022-12-03T15:22:48.883+0000] {logging_mixin.py:137} INFO - [2022-12-03T15:22:48.883+0000] {dag.py:2676} INFO - Sync 1 DAGs
[2022-12-03T15:22:48.903+0000] {logging_mixin.py:137} INFO - [2022-12-03T15:22:48.903+0000] {dag.py:3427} INFO - Setting next_dagrun for example_sla_dag to 2022-12-03T15:20:00+00:00, run_after=2022-12-03T15:22:00+00:00
[2022-12-03T15:22:48.925+0000] {processor.py:175} INFO - Processing /home/airflow/.local/lib/python3.7/site-packages/airflow/example_dags/example_sla_dag.py took 0.089 seconds
[2022-12-03T15:23:19.826+0000] {processor.py:153} INFO - Started process (PID=1100) to work on /home/airflow/.local/lib/python3.7/site-packages/airflow/example_dags/example_sla_dag.py
[2022-12-03T15:23:19.829+0000] {processor.py:743} INFO - Processing file /home/airflow/.local/lib/python3.7/site-packages/airflow/example_dags/example_sla_dag.py for tasks to queue
[2022-12-03T15:23:19.830+0000] {logging_mixin.py:137} INFO - [2022-12-03T15:23:19.830+0000] {dagbag.py:538} INFO - Filling up the DagBag from /home/airflow/.local/lib/python3.7/site-packages/airflow/example_dags/example_sla_dag.py
[2022-12-03T15:23:19.846+0000] {processor.py:753} INFO - DAG(s) dict_keys(['example_sla_dag']) retrieved from /home/airflow/.local/lib/python3.7/site-packages/airflow/example_dags/example_sla_dag.py
[2022-12-03T15:23:19.871+0000] {logging_mixin.py:137} INFO - [2022-12-03T15:23:19.871+0000] {dag.py:2676} INFO - Sync 1 DAGs
[2022-12-03T15:23:19.892+0000] {logging_mixin.py:137} INFO - [2022-12-03T15:23:19.892+0000] {dag.py:3427} INFO - Setting next_dagrun for example_sla_dag to 2022-12-03T15:20:00+00:00, run_after=2022-12-03T15:22:00+00:00
[2022-12-03T15:23:19.908+0000] {processor.py:175} INFO - Processing /home/airflow/.local/lib/python3.7/site-packages/airflow/example_dags/example_sla_dag.py took 0.084 seconds
[2022-12-03T15:23:50.383+0000] {processor.py:153} INFO - Started process (PID=1314) to work on /home/airflow/.local/lib/python3.7/site-packages/airflow/example_dags/example_sla_dag.py
[2022-12-03T15:23:50.385+0000] {processor.py:743} INFO - Processing file /home/airflow/.local/lib/python3.7/site-packages/airflow/example_dags/example_sla_dag.py for tasks to queue
[2022-12-03T15:23:50.386+0000] {logging_mixin.py:137} INFO - [2022-12-03T15:23:50.386+0000] {dagbag.py:538} INFO - Filling up the DagBag from /home/airflow/.local/lib/python3.7/site-packages/airflow/example_dags/example_sla_dag.py
[2022-12-03T15:23:50.404+0000] {processor.py:753} INFO - DAG(s) dict_keys(['example_sla_dag']) retrieved from /home/airflow/.local/lib/python3.7/site-packages/airflow/example_dags/example_sla_dag.py
[2022-12-03T15:23:50.433+0000] {logging_mixin.py:137} INFO - [2022-12-03T15:23:50.432+0000] {dag.py:2676} INFO - Sync 1 DAGs
[2022-12-03T15:23:50.453+0000] {logging_mixin.py:137} INFO - [2022-12-03T15:23:50.453+0000] {dag.py:3427} INFO - Setting next_dagrun for example_sla_dag to 2022-12-03T15:20:00+00:00, run_after=2022-12-03T15:22:00+00:00
[2022-12-03T15:23:50.469+0000] {processor.py:175} INFO - Processing /home/airflow/.local/lib/python3.7/site-packages/airflow/example_dags/example_sla_dag.py took 0.088 seconds
[2022-12-03T15:24:20.757+0000] {processor.py:153} INFO - Started process (PID=1541) to work on /home/airflow/.local/lib/python3.7/site-packages/airflow/example_dags/example_sla_dag.py
[2022-12-03T15:24:20.760+0000] {processor.py:743} INFO - Processing file /home/airflow/.local/lib/python3.7/site-packages/airflow/example_dags/example_sla_dag.py for tasks to queue
[2022-12-03T15:24:20.760+0000] {logging_mixin.py:137} INFO - [2022-12-03T15:24:20.760+0000] {dagbag.py:538} INFO - Filling up the DagBag from /home/airflow/.local/lib/python3.7/site-packages/airflow/example_dags/example_sla_dag.py
[2022-12-03T15:24:20.777+0000] {processor.py:753} INFO - DAG(s) dict_keys(['example_sla_dag']) retrieved from /home/airflow/.local/lib/python3.7/site-packages/airflow/example_dags/example_sla_dag.py
[2022-12-03T15:24:20.802+0000] {logging_mixin.py:137} INFO - [2022-12-03T15:24:20.801+0000] {dag.py:2676} INFO - Sync 1 DAGs
[2022-12-03T15:24:20.818+0000] {logging_mixin.py:137} INFO - [2022-12-03T15:24:20.818+0000] {dag.py:3427} INFO - Setting next_dagrun for example_sla_dag to 2022-12-03T15:22:00+00:00, run_after=2022-12-03T15:24:00+00:00
[2022-12-03T15:24:20.827+0000] {processor.py:175} INFO - Processing /home/airflow/.local/lib/python3.7/site-packages/airflow/example_dags/example_sla_dag.py took 0.074 seconds
[2022-12-03T15:24:51.308+0000] {processor.py:153} INFO - Started process (PID=1766) to work on /home/airflow/.local/lib/python3.7/site-packages/airflow/example_dags/example_sla_dag.py
[2022-12-03T15:24:51.309+0000] {processor.py:743} INFO - Processing file /home/airflow/.local/lib/python3.7/site-packages/airflow/example_dags/example_sla_dag.py for tasks to queue
[2022-12-03T15:24:51.310+0000] {logging_mixin.py:137} INFO - [2022-12-03T15:24:51.310+0000] {dagbag.py:538} INFO - Filling up the DagBag from /home/airflow/.local/lib/python3.7/site-packages/airflow/example_dags/example_sla_dag.py
[2022-12-03T15:24:51.328+0000] {processor.py:753} INFO - DAG(s) dict_keys(['example_sla_dag']) retrieved from /home/airflow/.local/lib/python3.7/site-packages/airflow/example_dags/example_sla_dag.py
[2022-12-03T15:24:51.351+0000] {logging_mixin.py:137} INFO - [2022-12-03T15:24:51.351+0000] {dag.py:2676} INFO - Sync 1 DAGs
[2022-12-03T15:24:51.369+0000] {logging_mixin.py:137} INFO - [2022-12-03T15:24:51.369+0000] {dag.py:3427} INFO - Setting next_dagrun for example_sla_dag to 2022-12-03T15:22:00+00:00, run_after=2022-12-03T15:24:00+00:00
[2022-12-03T15:24:51.378+0000] {processor.py:175} INFO - Processing /home/airflow/.local/lib/python3.7/site-packages/airflow/example_dags/example_sla_dag.py took 0.074 seconds
[2022-12-03T15:25:21.529+0000] {processor.py:153} INFO - Started process (PID=1981) to work on /home/airflow/.local/lib/python3.7/site-packages/airflow/example_dags/example_sla_dag.py
[2022-12-03T15:25:21.530+0000] {processor.py:743} INFO - Processing file /home/airflow/.local/lib/python3.7/site-packages/airflow/example_dags/example_sla_dag.py for tasks to queue
[2022-12-03T15:25:21.530+0000] {logging_mixin.py:137} INFO - [2022-12-03T15:25:21.530+0000] {dagbag.py:538} INFO - Filling up the DagBag from /home/airflow/.local/lib/python3.7/site-packages/airflow/example_dags/example_sla_dag.py
[2022-12-03T15:25:21.548+0000] {processor.py:753} INFO - DAG(s) dict_keys(['example_sla_dag']) retrieved from /home/airflow/.local/lib/python3.7/site-packages/airflow/example_dags/example_sla_dag.py
[2022-12-03T15:25:21.572+0000] {logging_mixin.py:137} INFO - [2022-12-03T15:25:21.572+0000] {dag.py:2676} INFO - Sync 1 DAGs
[2022-12-03T15:25:21.587+0000] {logging_mixin.py:137} INFO - [2022-12-03T15:25:21.587+0000] {dag.py:3427} INFO - Setting next_dagrun for example_sla_dag to 2022-12-03T15:22:00+00:00, run_after=2022-12-03T15:24:00+00:00
[2022-12-03T15:25:21.598+0000] {processor.py:175} INFO - Processing /home/airflow/.local/lib/python3.7/site-packages/airflow/example_dags/example_sla_dag.py took 0.071 seconds
[2022-12-03T15:25:52.024+0000] {processor.py:153} INFO - Started process (PID=2207) to work on /home/airflow/.local/lib/python3.7/site-packages/airflow/example_dags/example_sla_dag.py
[2022-12-03T15:25:52.025+0000] {processor.py:743} INFO - Processing file /home/airflow/.local/lib/python3.7/site-packages/airflow/example_dags/example_sla_dag.py for tasks to queue
[2022-12-03T15:25:52.026+0000] {logging_mixin.py:137} INFO - [2022-12-03T15:25:52.026+0000] {dagbag.py:538} INFO - Filling up the DagBag from /home/airflow/.local/lib/python3.7/site-packages/airflow/example_dags/example_sla_dag.py
[2022-12-03T15:25:52.041+0000] {processor.py:753} INFO - DAG(s) dict_keys(['example_sla_dag']) retrieved from /home/airflow/.local/lib/python3.7/site-packages/airflow/example_dags/example_sla_dag.py
[2022-12-03T15:25:52.066+0000] {logging_mixin.py:137} INFO - [2022-12-03T15:25:52.066+0000] {dag.py:2676} INFO - Sync 1 DAGs
[2022-12-03T15:25:52.082+0000] {logging_mixin.py:137} INFO - [2022-12-03T15:25:52.082+0000] {dag.py:3427} INFO - Setting next_dagrun for example_sla_dag to 2022-12-03T15:22:00+00:00, run_after=2022-12-03T15:24:00+00:00
[2022-12-03T15:25:52.092+0000] {processor.py:175} INFO - Processing /home/airflow/.local/lib/python3.7/site-packages/airflow/example_dags/example_sla_dag.py took 0.071 seconds
[2022-12-03T15:26:22.397+0000] {processor.py:153} INFO - Started process (PID=2432) to work on /home/airflow/.local/lib/python3.7/site-packages/airflow/example_dags/example_sla_dag.py
[2022-12-03T15:26:22.398+0000] {processor.py:743} INFO - Processing file /home/airflow/.local/lib/python3.7/site-packages/airflow/example_dags/example_sla_dag.py for tasks to queue
[2022-12-03T15:26:22.399+0000] {logging_mixin.py:137} INFO - [2022-12-03T15:26:22.399+0000] {dagbag.py:538} INFO - Filling up the DagBag from /home/airflow/.local/lib/python3.7/site-packages/airflow/example_dags/example_sla_dag.py
[2022-12-03T15:26:22.414+0000] {processor.py:753} INFO - DAG(s) dict_keys(['example_sla_dag']) retrieved from /home/airflow/.local/lib/python3.7/site-packages/airflow/example_dags/example_sla_dag.py
[2022-12-03T15:26:22.438+0000] {logging_mixin.py:137} INFO - [2022-12-03T15:26:22.438+0000] {dag.py:2676} INFO - Sync 1 DAGs
[2022-12-03T15:26:22.453+0000] {logging_mixin.py:137} INFO - [2022-12-03T15:26:22.452+0000] {dag.py:3427} INFO - Setting next_dagrun for example_sla_dag to 2022-12-03T15:24:00+00:00, run_after=2022-12-03T15:26:00+00:00
[2022-12-03T15:26:22.462+0000] {processor.py:175} INFO - Processing /home/airflow/.local/lib/python3.7/site-packages/airflow/example_dags/example_sla_dag.py took 0.067 seconds
[2022-12-03T15:26:52.653+0000] {processor.py:153} INFO - Started process (PID=2644) to work on /home/airflow/.local/lib/python3.7/site-packages/airflow/example_dags/example_sla_dag.py
[2022-12-03T15:26:52.654+0000] {processor.py:743} INFO - Processing file /home/airflow/.local/lib/python3.7/site-packages/airflow/example_dags/example_sla_dag.py for tasks to queue
[2022-12-03T15:26:52.655+0000] {logging_mixin.py:137} INFO - [2022-12-03T15:26:52.655+0000] {dagbag.py:538} INFO - Filling up the DagBag from /home/airflow/.local/lib/python3.7/site-packages/airflow/example_dags/example_sla_dag.py
[2022-12-03T15:26:52.672+0000] {processor.py:753} INFO - DAG(s) dict_keys(['example_sla_dag']) retrieved from /home/airflow/.local/lib/python3.7/site-packages/airflow/example_dags/example_sla_dag.py
[2022-12-03T15:26:52.697+0000] {logging_mixin.py:137} INFO - [2022-12-03T15:26:52.697+0000] {dag.py:2676} INFO - Sync 1 DAGs
[2022-12-03T15:26:52.714+0000] {logging_mixin.py:137} INFO - [2022-12-03T15:26:52.714+0000] {dag.py:3427} INFO - Setting next_dagrun for example_sla_dag to 2022-12-03T15:24:00+00:00, run_after=2022-12-03T15:26:00+00:00
[2022-12-03T15:26:52.726+0000] {processor.py:175} INFO - Processing /home/airflow/.local/lib/python3.7/site-packages/airflow/example_dags/example_sla_dag.py took 0.075 seconds
[2022-12-03T15:27:23.857+0000] {processor.py:153} INFO - Started process (PID=2872) to work on /home/airflow/.local/lib/python3.7/site-packages/airflow/example_dags/example_sla_dag.py
[2022-12-03T15:27:23.858+0000] {processor.py:743} INFO - Processing file /home/airflow/.local/lib/python3.7/site-packages/airflow/example_dags/example_sla_dag.py for tasks to queue
[2022-12-03T15:27:23.859+0000] {logging_mixin.py:137} INFO - [2022-12-03T15:27:23.859+0000] {dagbag.py:538} INFO - Filling up the DagBag from /home/airflow/.local/lib/python3.7/site-packages/airflow/example_dags/example_sla_dag.py
[2022-12-03T15:27:23.874+0000] {processor.py:753} INFO - DAG(s) dict_keys(['example_sla_dag']) retrieved from /home/airflow/.local/lib/python3.7/site-packages/airflow/example_dags/example_sla_dag.py
[2022-12-03T15:27:23.899+0000] {logging_mixin.py:137} INFO - [2022-12-03T15:27:23.899+0000] {dag.py:2676} INFO - Sync 1 DAGs
[2022-12-03T15:27:23.916+0000] {logging_mixin.py:137} INFO - [2022-12-03T15:27:23.916+0000] {dag.py:3427} INFO - Setting next_dagrun for example_sla_dag to 2022-12-03T15:24:00+00:00, run_after=2022-12-03T15:26:00+00:00
[2022-12-03T15:27:23.926+0000] {processor.py:175} INFO - Processing /home/airflow/.local/lib/python3.7/site-packages/airflow/example_dags/example_sla_dag.py took 0.072 seconds
[2022-12-03T15:27:54.119+0000] {processor.py:153} INFO - Started process (PID=3099) to work on /home/airflow/.local/lib/python3.7/site-packages/airflow/example_dags/example_sla_dag.py
[2022-12-03T15:27:54.120+0000] {processor.py:743} INFO - Processing file /home/airflow/.local/lib/python3.7/site-packages/airflow/example_dags/example_sla_dag.py for tasks to queue
[2022-12-03T15:27:54.121+0000] {logging_mixin.py:137} INFO - [2022-12-03T15:27:54.121+0000] {dagbag.py:538} INFO - Filling up the DagBag from /home/airflow/.local/lib/python3.7/site-packages/airflow/example_dags/example_sla_dag.py
[2022-12-03T15:27:54.134+0000] {processor.py:753} INFO - DAG(s) dict_keys(['example_sla_dag']) retrieved from /home/airflow/.local/lib/python3.7/site-packages/airflow/example_dags/example_sla_dag.py
[2022-12-03T15:27:54.159+0000] {logging_mixin.py:137} INFO - [2022-12-03T15:27:54.159+0000] {dag.py:2676} INFO - Sync 1 DAGs
[2022-12-03T15:27:54.173+0000] {logging_mixin.py:137} INFO - [2022-12-03T15:27:54.173+0000] {dag.py:3427} INFO - Setting next_dagrun for example_sla_dag to 2022-12-03T15:24:00+00:00, run_after=2022-12-03T15:26:00+00:00
[2022-12-03T15:27:54.183+0000] {processor.py:175} INFO - Processing /home/airflow/.local/lib/python3.7/site-packages/airflow/example_dags/example_sla_dag.py took 0.066 seconds
[2022-12-03T15:28:24.580+0000] {processor.py:153} INFO - Started process (PID=3312) to work on /home/airflow/.local/lib/python3.7/site-packages/airflow/example_dags/example_sla_dag.py
[2022-12-03T15:28:24.584+0000] {processor.py:743} INFO - Processing file /home/airflow/.local/lib/python3.7/site-packages/airflow/example_dags/example_sla_dag.py for tasks to queue
[2022-12-03T15:28:24.585+0000] {logging_mixin.py:137} INFO - [2022-12-03T15:28:24.585+0000] {dagbag.py:538} INFO - Filling up the DagBag from /home/airflow/.local/lib/python3.7/site-packages/airflow/example_dags/example_sla_dag.py
[2022-12-03T15:28:24.600+0000] {processor.py:753} INFO - DAG(s) dict_keys(['example_sla_dag']) retrieved from /home/airflow/.local/lib/python3.7/site-packages/airflow/example_dags/example_sla_dag.py
[2022-12-03T15:28:24.625+0000] {logging_mixin.py:137} INFO - [2022-12-03T15:28:24.625+0000] {dag.py:2676} INFO - Sync 1 DAGs
[2022-12-03T15:28:24.640+0000] {logging_mixin.py:137} INFO - [2022-12-03T15:28:24.640+0000] {dag.py:3427} INFO - Setting next_dagrun for example_sla_dag to 2022-12-03T15:26:00+00:00, run_after=2022-12-03T15:28:00+00:00
[2022-12-03T15:28:24.650+0000] {processor.py:175} INFO - Processing /home/airflow/.local/lib/python3.7/site-packages/airflow/example_dags/example_sla_dag.py took 0.073 seconds
[2022-12-03T15:28:55.128+0000] {processor.py:153} INFO - Started process (PID=3537) to work on /home/airflow/.local/lib/python3.7/site-packages/airflow/example_dags/example_sla_dag.py
[2022-12-03T15:28:55.129+0000] {processor.py:743} INFO - Processing file /home/airflow/.local/lib/python3.7/site-packages/airflow/example_dags/example_sla_dag.py for tasks to queue
[2022-12-03T15:28:55.130+0000] {logging_mixin.py:137} INFO - [2022-12-03T15:28:55.130+0000] {dagbag.py:538} INFO - Filling up the DagBag from /home/airflow/.local/lib/python3.7/site-packages/airflow/example_dags/example_sla_dag.py
[2022-12-03T15:28:55.145+0000] {processor.py:753} INFO - DAG(s) dict_keys(['example_sla_dag']) retrieved from /home/airflow/.local/lib/python3.7/site-packages/airflow/example_dags/example_sla_dag.py
[2022-12-03T15:28:55.168+0000] {logging_mixin.py:137} INFO - [2022-12-03T15:28:55.168+0000] {dag.py:2676} INFO - Sync 1 DAGs
[2022-12-03T15:28:55.182+0000] {logging_mixin.py:137} INFO - [2022-12-03T15:28:55.182+0000] {dag.py:3427} INFO - Setting next_dagrun for example_sla_dag to 2022-12-03T15:26:00+00:00, run_after=2022-12-03T15:28:00+00:00
[2022-12-03T15:28:55.192+0000] {processor.py:175} INFO - Processing /home/airflow/.local/lib/python3.7/site-packages/airflow/example_dags/example_sla_dag.py took 0.067 seconds
[2022-12-03T15:29:25.268+0000] {processor.py:153} INFO - Started process (PID=3761) to work on /home/airflow/.local/lib/python3.7/site-packages/airflow/example_dags/example_sla_dag.py
[2022-12-03T15:29:25.269+0000] {processor.py:743} INFO - Processing file /home/airflow/.local/lib/python3.7/site-packages/airflow/example_dags/example_sla_dag.py for tasks to queue
[2022-12-03T15:29:25.269+0000] {logging_mixin.py:137} INFO - [2022-12-03T15:29:25.269+0000] {dagbag.py:538} INFO - Filling up the DagBag from /home/airflow/.local/lib/python3.7/site-packages/airflow/example_dags/example_sla_dag.py
[2022-12-03T15:29:25.284+0000] {processor.py:753} INFO - DAG(s) dict_keys(['example_sla_dag']) retrieved from /home/airflow/.local/lib/python3.7/site-packages/airflow/example_dags/example_sla_dag.py
[2022-12-03T15:29:25.308+0000] {logging_mixin.py:137} INFO - [2022-12-03T15:29:25.308+0000] {dag.py:2676} INFO - Sync 1 DAGs
[2022-12-03T15:29:25.326+0000] {logging_mixin.py:137} INFO - [2022-12-03T15:29:25.326+0000] {dag.py:3427} INFO - Setting next_dagrun for example_sla_dag to 2022-12-03T15:26:00+00:00, run_after=2022-12-03T15:28:00+00:00
[2022-12-03T15:29:25.336+0000] {processor.py:175} INFO - Processing /home/airflow/.local/lib/python3.7/site-packages/airflow/example_dags/example_sla_dag.py took 0.072 seconds
[2022-12-03T15:29:55.421+0000] {processor.py:153} INFO - Started process (PID=3975) to work on /home/airflow/.local/lib/python3.7/site-packages/airflow/example_dags/example_sla_dag.py
[2022-12-03T15:29:55.422+0000] {processor.py:743} INFO - Processing file /home/airflow/.local/lib/python3.7/site-packages/airflow/example_dags/example_sla_dag.py for tasks to queue
[2022-12-03T15:29:55.423+0000] {logging_mixin.py:137} INFO - [2022-12-03T15:29:55.423+0000] {dagbag.py:538} INFO - Filling up the DagBag from /home/airflow/.local/lib/python3.7/site-packages/airflow/example_dags/example_sla_dag.py
[2022-12-03T15:29:55.437+0000] {processor.py:753} INFO - DAG(s) dict_keys(['example_sla_dag']) retrieved from /home/airflow/.local/lib/python3.7/site-packages/airflow/example_dags/example_sla_dag.py
[2022-12-03T15:29:55.462+0000] {logging_mixin.py:137} INFO - [2022-12-03T15:29:55.462+0000] {dag.py:2676} INFO - Sync 1 DAGs
[2022-12-03T15:29:55.479+0000] {logging_mixin.py:137} INFO - [2022-12-03T15:29:55.479+0000] {dag.py:3427} INFO - Setting next_dagrun for example_sla_dag to 2022-12-03T15:26:00+00:00, run_after=2022-12-03T15:28:00+00:00
[2022-12-03T15:29:55.489+0000] {processor.py:175} INFO - Processing /home/airflow/.local/lib/python3.7/site-packages/airflow/example_dags/example_sla_dag.py took 0.071 seconds
[2022-12-03T15:30:26.055+0000] {processor.py:153} INFO - Started process (PID=4201) to work on /home/airflow/.local/lib/python3.7/site-packages/airflow/example_dags/example_sla_dag.py
[2022-12-03T15:30:26.056+0000] {processor.py:743} INFO - Processing file /home/airflow/.local/lib/python3.7/site-packages/airflow/example_dags/example_sla_dag.py for tasks to queue
[2022-12-03T15:30:26.057+0000] {logging_mixin.py:137} INFO - [2022-12-03T15:30:26.057+0000] {dagbag.py:538} INFO - Filling up the DagBag from /home/airflow/.local/lib/python3.7/site-packages/airflow/example_dags/example_sla_dag.py
[2022-12-03T15:30:26.073+0000] {processor.py:753} INFO - DAG(s) dict_keys(['example_sla_dag']) retrieved from /home/airflow/.local/lib/python3.7/site-packages/airflow/example_dags/example_sla_dag.py
[2022-12-03T15:30:26.101+0000] {logging_mixin.py:137} INFO - [2022-12-03T15:30:26.101+0000] {dag.py:2676} INFO - Sync 1 DAGs
[2022-12-03T15:30:26.122+0000] {logging_mixin.py:137} INFO - [2022-12-03T15:30:26.122+0000] {dag.py:3427} INFO - Setting next_dagrun for example_sla_dag to 2022-12-03T15:28:00+00:00, run_after=2022-12-03T15:30:00+00:00
[2022-12-03T15:30:26.134+0000] {processor.py:175} INFO - Processing /home/airflow/.local/lib/python3.7/site-packages/airflow/example_dags/example_sla_dag.py took 0.082 seconds
[2022-12-03T15:30:56.402+0000] {processor.py:153} INFO - Started process (PID=4427) to work on /home/airflow/.local/lib/python3.7/site-packages/airflow/example_dags/example_sla_dag.py
[2022-12-03T15:30:56.403+0000] {processor.py:743} INFO - Processing file /home/airflow/.local/lib/python3.7/site-packages/airflow/example_dags/example_sla_dag.py for tasks to queue
[2022-12-03T15:30:56.404+0000] {logging_mixin.py:137} INFO - [2022-12-03T15:30:56.404+0000] {dagbag.py:538} INFO - Filling up the DagBag from /home/airflow/.local/lib/python3.7/site-packages/airflow/example_dags/example_sla_dag.py
[2022-12-03T15:30:56.419+0000] {processor.py:753} INFO - DAG(s) dict_keys(['example_sla_dag']) retrieved from /home/airflow/.local/lib/python3.7/site-packages/airflow/example_dags/example_sla_dag.py
[2022-12-03T15:30:56.443+0000] {logging_mixin.py:137} INFO - [2022-12-03T15:30:56.443+0000] {dag.py:2676} INFO - Sync 1 DAGs
[2022-12-03T15:30:56.461+0000] {logging_mixin.py:137} INFO - [2022-12-03T15:30:56.460+0000] {dag.py:3427} INFO - Setting next_dagrun for example_sla_dag to 2022-12-03T15:28:00+00:00, run_after=2022-12-03T15:30:00+00:00
[2022-12-03T15:30:56.471+0000] {processor.py:175} INFO - Processing /home/airflow/.local/lib/python3.7/site-packages/airflow/example_dags/example_sla_dag.py took 0.072 seconds
[2022-12-03T15:31:26.588+0000] {processor.py:153} INFO - Started process (PID=4641) to work on /home/airflow/.local/lib/python3.7/site-packages/airflow/example_dags/example_sla_dag.py
[2022-12-03T15:31:26.589+0000] {processor.py:743} INFO - Processing file /home/airflow/.local/lib/python3.7/site-packages/airflow/example_dags/example_sla_dag.py for tasks to queue
[2022-12-03T15:31:26.590+0000] {logging_mixin.py:137} INFO - [2022-12-03T15:31:26.590+0000] {dagbag.py:538} INFO - Filling up the DagBag from /home/airflow/.local/lib/python3.7/site-packages/airflow/example_dags/example_sla_dag.py
[2022-12-03T15:31:26.604+0000] {processor.py:753} INFO - DAG(s) dict_keys(['example_sla_dag']) retrieved from /home/airflow/.local/lib/python3.7/site-packages/airflow/example_dags/example_sla_dag.py
[2022-12-03T15:31:26.629+0000] {logging_mixin.py:137} INFO - [2022-12-03T15:31:26.629+0000] {dag.py:2676} INFO - Sync 1 DAGs
[2022-12-03T15:31:26.646+0000] {logging_mixin.py:137} INFO - [2022-12-03T15:31:26.646+0000] {dag.py:3427} INFO - Setting next_dagrun for example_sla_dag to 2022-12-03T15:28:00+00:00, run_after=2022-12-03T15:30:00+00:00
[2022-12-03T15:31:26.656+0000] {processor.py:175} INFO - Processing /home/airflow/.local/lib/python3.7/site-packages/airflow/example_dags/example_sla_dag.py took 0.071 seconds
[2022-12-03T15:31:57.314+0000] {processor.py:153} INFO - Started process (PID=4866) to work on /home/airflow/.local/lib/python3.7/site-packages/airflow/example_dags/example_sla_dag.py
[2022-12-03T15:31:57.318+0000] {processor.py:743} INFO - Processing file /home/airflow/.local/lib/python3.7/site-packages/airflow/example_dags/example_sla_dag.py for tasks to queue
[2022-12-03T15:31:57.319+0000] {logging_mixin.py:137} INFO - [2022-12-03T15:31:57.319+0000] {dagbag.py:538} INFO - Filling up the DagBag from /home/airflow/.local/lib/python3.7/site-packages/airflow/example_dags/example_sla_dag.py
[2022-12-03T15:31:57.346+0000] {processor.py:753} INFO - DAG(s) dict_keys(['example_sla_dag']) retrieved from /home/airflow/.local/lib/python3.7/site-packages/airflow/example_dags/example_sla_dag.py
[2022-12-03T15:31:57.387+0000] {logging_mixin.py:137} INFO - [2022-12-03T15:31:57.387+0000] {dag.py:2676} INFO - Sync 1 DAGs
[2022-12-03T15:31:57.409+0000] {logging_mixin.py:137} INFO - [2022-12-03T15:31:57.408+0000] {dag.py:3427} INFO - Setting next_dagrun for example_sla_dag to 2022-12-03T15:28:00+00:00, run_after=2022-12-03T15:30:00+00:00
[2022-12-03T15:31:57.421+0000] {processor.py:175} INFO - Processing /home/airflow/.local/lib/python3.7/site-packages/airflow/example_dags/example_sla_dag.py took 0.113 seconds
[2022-12-03T15:32:27.869+0000] {processor.py:153} INFO - Started process (PID=5094) to work on /home/airflow/.local/lib/python3.7/site-packages/airflow/example_dags/example_sla_dag.py
[2022-12-03T15:32:27.870+0000] {processor.py:743} INFO - Processing file /home/airflow/.local/lib/python3.7/site-packages/airflow/example_dags/example_sla_dag.py for tasks to queue
[2022-12-03T15:32:27.871+0000] {logging_mixin.py:137} INFO - [2022-12-03T15:32:27.871+0000] {dagbag.py:538} INFO - Filling up the DagBag from /home/airflow/.local/lib/python3.7/site-packages/airflow/example_dags/example_sla_dag.py
[2022-12-03T15:32:27.888+0000] {processor.py:753} INFO - DAG(s) dict_keys(['example_sla_dag']) retrieved from /home/airflow/.local/lib/python3.7/site-packages/airflow/example_dags/example_sla_dag.py
[2022-12-03T15:32:27.915+0000] {logging_mixin.py:137} INFO - [2022-12-03T15:32:27.915+0000] {dag.py:2676} INFO - Sync 1 DAGs
[2022-12-03T15:32:27.938+0000] {logging_mixin.py:137} INFO - [2022-12-03T15:32:27.938+0000] {dag.py:3427} INFO - Setting next_dagrun for example_sla_dag to 2022-12-03T15:30:00+00:00, run_after=2022-12-03T15:32:00+00:00
[2022-12-03T15:32:27.953+0000] {processor.py:175} INFO - Processing /home/airflow/.local/lib/python3.7/site-packages/airflow/example_dags/example_sla_dag.py took 0.087 seconds
[2022-12-03T15:32:58.444+0000] {processor.py:153} INFO - Started process (PID=5308) to work on /home/airflow/.local/lib/python3.7/site-packages/airflow/example_dags/example_sla_dag.py
[2022-12-03T15:32:58.446+0000] {processor.py:743} INFO - Processing file /home/airflow/.local/lib/python3.7/site-packages/airflow/example_dags/example_sla_dag.py for tasks to queue
[2022-12-03T15:32:58.446+0000] {logging_mixin.py:137} INFO - [2022-12-03T15:32:58.446+0000] {dagbag.py:538} INFO - Filling up the DagBag from /home/airflow/.local/lib/python3.7/site-packages/airflow/example_dags/example_sla_dag.py
[2022-12-03T15:32:58.461+0000] {processor.py:753} INFO - DAG(s) dict_keys(['example_sla_dag']) retrieved from /home/airflow/.local/lib/python3.7/site-packages/airflow/example_dags/example_sla_dag.py
[2022-12-03T15:32:58.485+0000] {logging_mixin.py:137} INFO - [2022-12-03T15:32:58.484+0000] {dag.py:2676} INFO - Sync 1 DAGs
[2022-12-03T15:32:58.501+0000] {logging_mixin.py:137} INFO - [2022-12-03T15:32:58.501+0000] {dag.py:3427} INFO - Setting next_dagrun for example_sla_dag to 2022-12-03T15:30:00+00:00, run_after=2022-12-03T15:32:00+00:00
[2022-12-03T15:32:58.512+0000] {processor.py:175} INFO - Processing /home/airflow/.local/lib/python3.7/site-packages/airflow/example_dags/example_sla_dag.py took 0.072 seconds
