[2022-12-03T15:08:52.269+0000] {processor.py:153} INFO - Started process (PID=206) to work on /home/airflow/.local/lib/python3.7/site-packages/airflow/example_dags/example_short_circuit_decorator.py
[2022-12-03T15:08:52.270+0000] {processor.py:743} INFO - Processing file /home/airflow/.local/lib/python3.7/site-packages/airflow/example_dags/example_short_circuit_decorator.py for tasks to queue
[2022-12-03T15:08:52.271+0000] {logging_mixin.py:137} INFO - [2022-12-03T15:08:52.270+0000] {dagbag.py:538} INFO - Filling up the DagBag from /home/airflow/.local/lib/python3.7/site-packages/airflow/example_dags/example_short_circuit_decorator.py
[2022-12-03T15:08:52.290+0000] {processor.py:753} INFO - DAG(s) dict_keys(['example_short_circuit_decorator']) retrieved from /home/airflow/.local/lib/python3.7/site-packages/airflow/example_dags/example_short_circuit_decorator.py
[2022-12-03T15:08:52.308+0000] {logging_mixin.py:137} INFO - [2022-12-03T15:08:52.308+0000] {dag.py:2676} INFO - Sync 1 DAGs
[2022-12-03T15:08:52.323+0000] {logging_mixin.py:137} INFO - [2022-12-03T15:08:52.323+0000] {dag.py:3427} INFO - Setting next_dagrun for example_short_circuit_decorator to 2022-12-02T15:08:52.323709+00:00, run_after=2022-12-03T15:08:52.323709+00:00
[2022-12-03T15:08:52.343+0000] {processor.py:175} INFO - Processing /home/airflow/.local/lib/python3.7/site-packages/airflow/example_dags/example_short_circuit_decorator.py took 0.076 seconds
[2022-12-03T15:09:22.671+0000] {processor.py:153} INFO - Started process (PID=432) to work on /home/airflow/.local/lib/python3.7/site-packages/airflow/example_dags/example_short_circuit_decorator.py
[2022-12-03T15:09:22.672+0000] {processor.py:743} INFO - Processing file /home/airflow/.local/lib/python3.7/site-packages/airflow/example_dags/example_short_circuit_decorator.py for tasks to queue
[2022-12-03T15:09:22.672+0000] {logging_mixin.py:137} INFO - [2022-12-03T15:09:22.672+0000] {dagbag.py:538} INFO - Filling up the DagBag from /home/airflow/.local/lib/python3.7/site-packages/airflow/example_dags/example_short_circuit_decorator.py
[2022-12-03T15:09:22.687+0000] {processor.py:753} INFO - DAG(s) dict_keys(['example_short_circuit_decorator']) retrieved from /home/airflow/.local/lib/python3.7/site-packages/airflow/example_dags/example_short_circuit_decorator.py
[2022-12-03T15:09:22.705+0000] {logging_mixin.py:137} INFO - [2022-12-03T15:09:22.705+0000] {dag.py:2676} INFO - Sync 1 DAGs
[2022-12-03T15:09:22.720+0000] {logging_mixin.py:137} INFO - [2022-12-03T15:09:22.719+0000] {dag.py:3427} INFO - Setting next_dagrun for example_short_circuit_decorator to 2022-12-02T15:09:22.719790+00:00, run_after=2022-12-03T15:09:22.719790+00:00
[2022-12-03T15:09:22.730+0000] {processor.py:175} INFO - Processing /home/airflow/.local/lib/python3.7/site-packages/airflow/example_dags/example_short_circuit_decorator.py took 0.061 seconds
[2022-12-03T15:09:52.983+0000] {processor.py:153} INFO - Started process (PID=643) to work on /home/airflow/.local/lib/python3.7/site-packages/airflow/example_dags/example_short_circuit_decorator.py
[2022-12-03T15:09:52.985+0000] {processor.py:743} INFO - Processing file /home/airflow/.local/lib/python3.7/site-packages/airflow/example_dags/example_short_circuit_decorator.py for tasks to queue
[2022-12-03T15:09:52.989+0000] {logging_mixin.py:137} INFO - [2022-12-03T15:09:52.989+0000] {dagbag.py:538} INFO - Filling up the DagBag from /home/airflow/.local/lib/python3.7/site-packages/airflow/example_dags/example_short_circuit_decorator.py
[2022-12-03T15:09:53.015+0000] {processor.py:753} INFO - DAG(s) dict_keys(['example_short_circuit_decorator']) retrieved from /home/airflow/.local/lib/python3.7/site-packages/airflow/example_dags/example_short_circuit_decorator.py
[2022-12-03T15:09:53.045+0000] {logging_mixin.py:137} INFO - [2022-12-03T15:09:53.045+0000] {dag.py:2676} INFO - Sync 1 DAGs
[2022-12-03T15:09:53.061+0000] {logging_mixin.py:137} INFO - [2022-12-03T15:09:53.061+0000] {dag.py:3427} INFO - Setting next_dagrun for example_short_circuit_decorator to 2022-12-02T15:09:53.061661+00:00, run_after=2022-12-03T15:09:53.061661+00:00
[2022-12-03T15:09:53.075+0000] {processor.py:175} INFO - Processing /home/airflow/.local/lib/python3.7/site-packages/airflow/example_dags/example_short_circuit_decorator.py took 0.095 seconds
[2022-12-03T15:10:24.527+0000] {processor.py:153} INFO - Started process (PID=860) to work on /home/airflow/.local/lib/python3.7/site-packages/airflow/example_dags/example_short_circuit_decorator.py
[2022-12-03T15:10:24.534+0000] {processor.py:743} INFO - Processing file /home/airflow/.local/lib/python3.7/site-packages/airflow/example_dags/example_short_circuit_decorator.py for tasks to queue
[2022-12-03T15:10:24.535+0000] {logging_mixin.py:137} INFO - [2022-12-03T15:10:24.535+0000] {dagbag.py:538} INFO - Filling up the DagBag from /home/airflow/.local/lib/python3.7/site-packages/airflow/example_dags/example_short_circuit_decorator.py
[2022-12-03T15:10:24.618+0000] {processor.py:753} INFO - DAG(s) dict_keys(['example_short_circuit_decorator']) retrieved from /home/airflow/.local/lib/python3.7/site-packages/airflow/example_dags/example_short_circuit_decorator.py
[2022-12-03T15:10:24.708+0000] {logging_mixin.py:137} INFO - [2022-12-03T15:10:24.707+0000] {dag.py:2676} INFO - Sync 1 DAGs
[2022-12-03T15:10:24.787+0000] {logging_mixin.py:137} INFO - [2022-12-03T15:10:24.787+0000] {dag.py:3427} INFO - Setting next_dagrun for example_short_circuit_decorator to 2022-12-02T15:10:24.787013+00:00, run_after=2022-12-03T15:10:24.787013+00:00
[2022-12-03T15:10:24.849+0000] {processor.py:175} INFO - Processing /home/airflow/.local/lib/python3.7/site-packages/airflow/example_dags/example_short_circuit_decorator.py took 0.331 seconds
[2022-12-03T15:10:51.020+0000] {processor.py:153} INFO - Started process (PID=204) to work on /home/airflow/.local/lib/python3.7/site-packages/airflow/example_dags/example_short_circuit_decorator.py
[2022-12-03T15:10:51.022+0000] {processor.py:743} INFO - Processing file /home/airflow/.local/lib/python3.7/site-packages/airflow/example_dags/example_short_circuit_decorator.py for tasks to queue
[2022-12-03T15:10:51.023+0000] {logging_mixin.py:137} INFO - [2022-12-03T15:10:51.023+0000] {dagbag.py:538} INFO - Filling up the DagBag from /home/airflow/.local/lib/python3.7/site-packages/airflow/example_dags/example_short_circuit_decorator.py
[2022-12-03T15:10:51.043+0000] {processor.py:753} INFO - DAG(s) dict_keys(['example_short_circuit_decorator']) retrieved from /home/airflow/.local/lib/python3.7/site-packages/airflow/example_dags/example_short_circuit_decorator.py
[2022-12-03T15:10:51.079+0000] {logging_mixin.py:137} INFO - [2022-12-03T15:10:51.079+0000] {dag.py:2676} INFO - Sync 1 DAGs
[2022-12-03T15:10:51.128+0000] {logging_mixin.py:137} INFO - [2022-12-03T15:10:51.127+0000] {dag.py:3427} INFO - Setting next_dagrun for example_short_circuit_decorator to 2022-12-02T15:10:51.127691+00:00, run_after=2022-12-03T15:10:51.127691+00:00
[2022-12-03T15:10:51.151+0000] {processor.py:175} INFO - Processing /home/airflow/.local/lib/python3.7/site-packages/airflow/example_dags/example_short_circuit_decorator.py took 0.133 seconds
[2022-12-03T15:11:21.767+0000] {processor.py:153} INFO - Started process (PID=432) to work on /home/airflow/.local/lib/python3.7/site-packages/airflow/example_dags/example_short_circuit_decorator.py
[2022-12-03T15:11:21.768+0000] {processor.py:743} INFO - Processing file /home/airflow/.local/lib/python3.7/site-packages/airflow/example_dags/example_short_circuit_decorator.py for tasks to queue
[2022-12-03T15:11:21.769+0000] {logging_mixin.py:137} INFO - [2022-12-03T15:11:21.769+0000] {dagbag.py:538} INFO - Filling up the DagBag from /home/airflow/.local/lib/python3.7/site-packages/airflow/example_dags/example_short_circuit_decorator.py
[2022-12-03T15:11:21.784+0000] {processor.py:753} INFO - DAG(s) dict_keys(['example_short_circuit_decorator']) retrieved from /home/airflow/.local/lib/python3.7/site-packages/airflow/example_dags/example_short_circuit_decorator.py
[2022-12-03T15:11:21.809+0000] {logging_mixin.py:137} INFO - [2022-12-03T15:11:21.809+0000] {dag.py:2676} INFO - Sync 1 DAGs
[2022-12-03T15:11:21.823+0000] {logging_mixin.py:137} INFO - [2022-12-03T15:11:21.823+0000] {dag.py:3427} INFO - Setting next_dagrun for example_short_circuit_decorator to 2022-12-02T15:11:21.823264+00:00, run_after=2022-12-03T15:11:21.823264+00:00
[2022-12-03T15:11:21.833+0000] {processor.py:175} INFO - Processing /home/airflow/.local/lib/python3.7/site-packages/airflow/example_dags/example_short_circuit_decorator.py took 0.069 seconds
[2022-12-03T15:11:52.171+0000] {processor.py:153} INFO - Started process (PID=656) to work on /home/airflow/.local/lib/python3.7/site-packages/airflow/example_dags/example_short_circuit_decorator.py
[2022-12-03T15:11:52.173+0000] {processor.py:743} INFO - Processing file /home/airflow/.local/lib/python3.7/site-packages/airflow/example_dags/example_short_circuit_decorator.py for tasks to queue
[2022-12-03T15:11:52.174+0000] {logging_mixin.py:137} INFO - [2022-12-03T15:11:52.174+0000] {dagbag.py:538} INFO - Filling up the DagBag from /home/airflow/.local/lib/python3.7/site-packages/airflow/example_dags/example_short_circuit_decorator.py
[2022-12-03T15:11:52.192+0000] {processor.py:753} INFO - DAG(s) dict_keys(['example_short_circuit_decorator']) retrieved from /home/airflow/.local/lib/python3.7/site-packages/airflow/example_dags/example_short_circuit_decorator.py
[2022-12-03T15:11:52.218+0000] {logging_mixin.py:137} INFO - [2022-12-03T15:11:52.218+0000] {dag.py:2676} INFO - Sync 1 DAGs
[2022-12-03T15:11:52.239+0000] {logging_mixin.py:137} INFO - [2022-12-03T15:11:52.239+0000] {dag.py:3427} INFO - Setting next_dagrun for example_short_circuit_decorator to 2022-12-02T15:11:52.239097+00:00, run_after=2022-12-03T15:11:52.239097+00:00
[2022-12-03T15:11:52.251+0000] {processor.py:175} INFO - Processing /home/airflow/.local/lib/python3.7/site-packages/airflow/example_dags/example_short_circuit_decorator.py took 0.082 seconds
[2022-12-03T15:12:22.641+0000] {processor.py:153} INFO - Started process (PID=874) to work on /home/airflow/.local/lib/python3.7/site-packages/airflow/example_dags/example_short_circuit_decorator.py
[2022-12-03T15:12:22.642+0000] {processor.py:743} INFO - Processing file /home/airflow/.local/lib/python3.7/site-packages/airflow/example_dags/example_short_circuit_decorator.py for tasks to queue
[2022-12-03T15:12:22.643+0000] {logging_mixin.py:137} INFO - [2022-12-03T15:12:22.643+0000] {dagbag.py:538} INFO - Filling up the DagBag from /home/airflow/.local/lib/python3.7/site-packages/airflow/example_dags/example_short_circuit_decorator.py
[2022-12-03T15:12:22.660+0000] {processor.py:753} INFO - DAG(s) dict_keys(['example_short_circuit_decorator']) retrieved from /home/airflow/.local/lib/python3.7/site-packages/airflow/example_dags/example_short_circuit_decorator.py
[2022-12-03T15:12:22.678+0000] {logging_mixin.py:137} INFO - [2022-12-03T15:12:22.678+0000] {dag.py:2676} INFO - Sync 1 DAGs
[2022-12-03T15:12:22.692+0000] {logging_mixin.py:137} INFO - [2022-12-03T15:12:22.692+0000] {dag.py:3427} INFO - Setting next_dagrun for example_short_circuit_decorator to 2022-12-02T15:12:22.692036+00:00, run_after=2022-12-03T15:12:22.692036+00:00
[2022-12-03T15:12:22.702+0000] {processor.py:175} INFO - Processing /home/airflow/.local/lib/python3.7/site-packages/airflow/example_dags/example_short_circuit_decorator.py took 0.063 seconds
[2022-12-03T15:12:52.860+0000] {processor.py:153} INFO - Started process (PID=1100) to work on /home/airflow/.local/lib/python3.7/site-packages/airflow/example_dags/example_short_circuit_decorator.py
[2022-12-03T15:12:52.861+0000] {processor.py:743} INFO - Processing file /home/airflow/.local/lib/python3.7/site-packages/airflow/example_dags/example_short_circuit_decorator.py for tasks to queue
[2022-12-03T15:12:52.861+0000] {logging_mixin.py:137} INFO - [2022-12-03T15:12:52.861+0000] {dagbag.py:538} INFO - Filling up the DagBag from /home/airflow/.local/lib/python3.7/site-packages/airflow/example_dags/example_short_circuit_decorator.py
[2022-12-03T15:12:52.884+0000] {processor.py:753} INFO - DAG(s) dict_keys(['example_short_circuit_decorator']) retrieved from /home/airflow/.local/lib/python3.7/site-packages/airflow/example_dags/example_short_circuit_decorator.py
[2022-12-03T15:12:52.907+0000] {logging_mixin.py:137} INFO - [2022-12-03T15:12:52.907+0000] {dag.py:2676} INFO - Sync 1 DAGs
[2022-12-03T15:12:52.925+0000] {logging_mixin.py:137} INFO - [2022-12-03T15:12:52.925+0000] {dag.py:3427} INFO - Setting next_dagrun for example_short_circuit_decorator to 2022-12-02T15:12:52.925523+00:00, run_after=2022-12-03T15:12:52.925523+00:00
[2022-12-03T15:12:52.937+0000] {processor.py:175} INFO - Processing /home/airflow/.local/lib/python3.7/site-packages/airflow/example_dags/example_short_circuit_decorator.py took 0.080 seconds
[2022-12-03T15:13:23.137+0000] {processor.py:153} INFO - Started process (PID=1313) to work on /home/airflow/.local/lib/python3.7/site-packages/airflow/example_dags/example_short_circuit_decorator.py
[2022-12-03T15:13:23.138+0000] {processor.py:743} INFO - Processing file /home/airflow/.local/lib/python3.7/site-packages/airflow/example_dags/example_short_circuit_decorator.py for tasks to queue
[2022-12-03T15:13:23.138+0000] {logging_mixin.py:137} INFO - [2022-12-03T15:13:23.138+0000] {dagbag.py:538} INFO - Filling up the DagBag from /home/airflow/.local/lib/python3.7/site-packages/airflow/example_dags/example_short_circuit_decorator.py
[2022-12-03T15:13:23.154+0000] {processor.py:753} INFO - DAG(s) dict_keys(['example_short_circuit_decorator']) retrieved from /home/airflow/.local/lib/python3.7/site-packages/airflow/example_dags/example_short_circuit_decorator.py
[2022-12-03T15:13:23.180+0000] {logging_mixin.py:137} INFO - [2022-12-03T15:13:23.180+0000] {dag.py:2676} INFO - Sync 1 DAGs
[2022-12-03T15:13:23.195+0000] {logging_mixin.py:137} INFO - [2022-12-03T15:13:23.195+0000] {dag.py:3427} INFO - Setting next_dagrun for example_short_circuit_decorator to 2022-12-02T15:13:23.194855+00:00, run_after=2022-12-03T15:13:23.194855+00:00
[2022-12-03T15:13:23.206+0000] {processor.py:175} INFO - Processing /home/airflow/.local/lib/python3.7/site-packages/airflow/example_dags/example_short_circuit_decorator.py took 0.072 seconds
[2022-12-03T15:13:53.958+0000] {processor.py:153} INFO - Started process (PID=1538) to work on /home/airflow/.local/lib/python3.7/site-packages/airflow/example_dags/example_short_circuit_decorator.py
[2022-12-03T15:13:53.959+0000] {processor.py:743} INFO - Processing file /home/airflow/.local/lib/python3.7/site-packages/airflow/example_dags/example_short_circuit_decorator.py for tasks to queue
[2022-12-03T15:13:53.960+0000] {logging_mixin.py:137} INFO - [2022-12-03T15:13:53.959+0000] {dagbag.py:538} INFO - Filling up the DagBag from /home/airflow/.local/lib/python3.7/site-packages/airflow/example_dags/example_short_circuit_decorator.py
[2022-12-03T15:13:53.975+0000] {processor.py:753} INFO - DAG(s) dict_keys(['example_short_circuit_decorator']) retrieved from /home/airflow/.local/lib/python3.7/site-packages/airflow/example_dags/example_short_circuit_decorator.py
[2022-12-03T15:13:54.001+0000] {logging_mixin.py:137} INFO - [2022-12-03T15:13:54.001+0000] {dag.py:2676} INFO - Sync 1 DAGs
[2022-12-03T15:13:54.016+0000] {logging_mixin.py:137} INFO - [2022-12-03T15:13:54.016+0000] {dag.py:3427} INFO - Setting next_dagrun for example_short_circuit_decorator to 2022-12-02T15:13:54.016055+00:00, run_after=2022-12-03T15:13:54.016055+00:00
[2022-12-03T15:13:54.027+0000] {processor.py:175} INFO - Processing /home/airflow/.local/lib/python3.7/site-packages/airflow/example_dags/example_short_circuit_decorator.py took 0.072 seconds
[2022-12-03T15:14:24.340+0000] {processor.py:153} INFO - Started process (PID=1764) to work on /home/airflow/.local/lib/python3.7/site-packages/airflow/example_dags/example_short_circuit_decorator.py
[2022-12-03T15:14:24.341+0000] {processor.py:743} INFO - Processing file /home/airflow/.local/lib/python3.7/site-packages/airflow/example_dags/example_short_circuit_decorator.py for tasks to queue
[2022-12-03T15:14:24.342+0000] {logging_mixin.py:137} INFO - [2022-12-03T15:14:24.342+0000] {dagbag.py:538} INFO - Filling up the DagBag from /home/airflow/.local/lib/python3.7/site-packages/airflow/example_dags/example_short_circuit_decorator.py
[2022-12-03T15:14:24.359+0000] {processor.py:753} INFO - DAG(s) dict_keys(['example_short_circuit_decorator']) retrieved from /home/airflow/.local/lib/python3.7/site-packages/airflow/example_dags/example_short_circuit_decorator.py
[2022-12-03T15:14:24.385+0000] {logging_mixin.py:137} INFO - [2022-12-03T15:14:24.385+0000] {dag.py:2676} INFO - Sync 1 DAGs
[2022-12-03T15:14:24.400+0000] {logging_mixin.py:137} INFO - [2022-12-03T15:14:24.400+0000] {dag.py:3427} INFO - Setting next_dagrun for example_short_circuit_decorator to 2022-12-02T15:14:24.400558+00:00, run_after=2022-12-03T15:14:24.400558+00:00
[2022-12-03T15:14:24.411+0000] {processor.py:175} INFO - Processing /home/airflow/.local/lib/python3.7/site-packages/airflow/example_dags/example_short_circuit_decorator.py took 0.073 seconds
[2022-12-03T15:15:11.113+0000] {processor.py:153} INFO - Started process (PID=203) to work on /home/airflow/.local/lib/python3.7/site-packages/airflow/example_dags/example_short_circuit_decorator.py
[2022-12-03T15:15:11.114+0000] {processor.py:743} INFO - Processing file /home/airflow/.local/lib/python3.7/site-packages/airflow/example_dags/example_short_circuit_decorator.py for tasks to queue
[2022-12-03T15:15:11.115+0000] {logging_mixin.py:137} INFO - [2022-12-03T15:15:11.115+0000] {dagbag.py:538} INFO - Filling up the DagBag from /home/airflow/.local/lib/python3.7/site-packages/airflow/example_dags/example_short_circuit_decorator.py
[2022-12-03T15:15:11.139+0000] {processor.py:753} INFO - DAG(s) dict_keys(['example_short_circuit_decorator']) retrieved from /home/airflow/.local/lib/python3.7/site-packages/airflow/example_dags/example_short_circuit_decorator.py
[2022-12-03T15:15:11.173+0000] {logging_mixin.py:137} INFO - [2022-12-03T15:15:11.173+0000] {dag.py:2676} INFO - Sync 1 DAGs
[2022-12-03T15:15:11.201+0000] {logging_mixin.py:137} INFO - [2022-12-03T15:15:11.201+0000] {dag.py:3427} INFO - Setting next_dagrun for example_short_circuit_decorator to 2022-12-02T15:15:11.201561+00:00, run_after=2022-12-03T15:15:11.201561+00:00
[2022-12-03T15:15:11.214+0000] {processor.py:175} INFO - Processing /home/airflow/.local/lib/python3.7/site-packages/airflow/example_dags/example_short_circuit_decorator.py took 0.104 seconds
[2022-12-03T15:21:18.063+0000] {processor.py:153} INFO - Started process (PID=203) to work on /home/airflow/.local/lib/python3.7/site-packages/airflow/example_dags/example_short_circuit_decorator.py
[2022-12-03T15:21:18.064+0000] {processor.py:743} INFO - Processing file /home/airflow/.local/lib/python3.7/site-packages/airflow/example_dags/example_short_circuit_decorator.py for tasks to queue
[2022-12-03T15:21:18.065+0000] {logging_mixin.py:137} INFO - [2022-12-03T15:21:18.065+0000] {dagbag.py:538} INFO - Filling up the DagBag from /home/airflow/.local/lib/python3.7/site-packages/airflow/example_dags/example_short_circuit_decorator.py
[2022-12-03T15:21:18.087+0000] {processor.py:753} INFO - DAG(s) dict_keys(['example_short_circuit_decorator']) retrieved from /home/airflow/.local/lib/python3.7/site-packages/airflow/example_dags/example_short_circuit_decorator.py
[2022-12-03T15:21:18.105+0000] {logging_mixin.py:137} INFO - [2022-12-03T15:21:18.105+0000] {dag.py:2676} INFO - Sync 1 DAGs
[2022-12-03T15:21:18.122+0000] {logging_mixin.py:137} INFO - [2022-12-03T15:21:18.122+0000] {dag.py:3427} INFO - Setting next_dagrun for example_short_circuit_decorator to 2022-12-02T15:21:18.121841+00:00, run_after=2022-12-03T15:21:18.121841+00:00
[2022-12-03T15:21:18.134+0000] {processor.py:175} INFO - Processing /home/airflow/.local/lib/python3.7/site-packages/airflow/example_dags/example_short_circuit_decorator.py took 0.074 seconds
[2022-12-03T15:21:48.312+0000] {processor.py:153} INFO - Started process (PID=427) to work on /home/airflow/.local/lib/python3.7/site-packages/airflow/example_dags/example_short_circuit_decorator.py
[2022-12-03T15:21:48.313+0000] {processor.py:743} INFO - Processing file /home/airflow/.local/lib/python3.7/site-packages/airflow/example_dags/example_short_circuit_decorator.py for tasks to queue
[2022-12-03T15:21:48.314+0000] {logging_mixin.py:137} INFO - [2022-12-03T15:21:48.314+0000] {dagbag.py:538} INFO - Filling up the DagBag from /home/airflow/.local/lib/python3.7/site-packages/airflow/example_dags/example_short_circuit_decorator.py
[2022-12-03T15:21:48.334+0000] {processor.py:753} INFO - DAG(s) dict_keys(['example_short_circuit_decorator']) retrieved from /home/airflow/.local/lib/python3.7/site-packages/airflow/example_dags/example_short_circuit_decorator.py
[2022-12-03T15:21:48.360+0000] {logging_mixin.py:137} INFO - [2022-12-03T15:21:48.360+0000] {dag.py:2676} INFO - Sync 1 DAGs
[2022-12-03T15:21:48.375+0000] {logging_mixin.py:137} INFO - [2022-12-03T15:21:48.375+0000] {dag.py:3427} INFO - Setting next_dagrun for example_short_circuit_decorator to 2022-12-02T15:21:48.375321+00:00, run_after=2022-12-03T15:21:48.375321+00:00
[2022-12-03T15:21:48.386+0000] {processor.py:175} INFO - Processing /home/airflow/.local/lib/python3.7/site-packages/airflow/example_dags/example_short_circuit_decorator.py took 0.076 seconds
[2022-12-03T15:22:18.548+0000] {processor.py:153} INFO - Started process (PID=640) to work on /home/airflow/.local/lib/python3.7/site-packages/airflow/example_dags/example_short_circuit_decorator.py
[2022-12-03T15:22:18.551+0000] {processor.py:743} INFO - Processing file /home/airflow/.local/lib/python3.7/site-packages/airflow/example_dags/example_short_circuit_decorator.py for tasks to queue
[2022-12-03T15:22:18.553+0000] {logging_mixin.py:137} INFO - [2022-12-03T15:22:18.553+0000] {dagbag.py:538} INFO - Filling up the DagBag from /home/airflow/.local/lib/python3.7/site-packages/airflow/example_dags/example_short_circuit_decorator.py
[2022-12-03T15:22:18.572+0000] {processor.py:753} INFO - DAG(s) dict_keys(['example_short_circuit_decorator']) retrieved from /home/airflow/.local/lib/python3.7/site-packages/airflow/example_dags/example_short_circuit_decorator.py
[2022-12-03T15:22:18.598+0000] {logging_mixin.py:137} INFO - [2022-12-03T15:22:18.598+0000] {dag.py:2676} INFO - Sync 1 DAGs
[2022-12-03T15:22:18.613+0000] {logging_mixin.py:137} INFO - [2022-12-03T15:22:18.613+0000] {dag.py:3427} INFO - Setting next_dagrun for example_short_circuit_decorator to 2022-12-02T15:22:18.612920+00:00, run_after=2022-12-03T15:22:18.612920+00:00
[2022-12-03T15:22:18.624+0000] {processor.py:175} INFO - Processing /home/airflow/.local/lib/python3.7/site-packages/airflow/example_dags/example_short_circuit_decorator.py took 0.078 seconds
[2022-12-03T15:22:48.828+0000] {processor.py:153} INFO - Started process (PID=868) to work on /home/airflow/.local/lib/python3.7/site-packages/airflow/example_dags/example_short_circuit_decorator.py
[2022-12-03T15:22:48.829+0000] {processor.py:743} INFO - Processing file /home/airflow/.local/lib/python3.7/site-packages/airflow/example_dags/example_short_circuit_decorator.py for tasks to queue
[2022-12-03T15:22:48.830+0000] {logging_mixin.py:137} INFO - [2022-12-03T15:22:48.830+0000] {dagbag.py:538} INFO - Filling up the DagBag from /home/airflow/.local/lib/python3.7/site-packages/airflow/example_dags/example_short_circuit_decorator.py
[2022-12-03T15:22:48.849+0000] {processor.py:753} INFO - DAG(s) dict_keys(['example_short_circuit_decorator']) retrieved from /home/airflow/.local/lib/python3.7/site-packages/airflow/example_dags/example_short_circuit_decorator.py
[2022-12-03T15:22:48.877+0000] {logging_mixin.py:137} INFO - [2022-12-03T15:22:48.877+0000] {dag.py:2676} INFO - Sync 1 DAGs
[2022-12-03T15:22:48.896+0000] {logging_mixin.py:137} INFO - [2022-12-03T15:22:48.896+0000] {dag.py:3427} INFO - Setting next_dagrun for example_short_circuit_decorator to 2022-12-02T15:22:48.895801+00:00, run_after=2022-12-03T15:22:48.895801+00:00
[2022-12-03T15:22:48.910+0000] {processor.py:175} INFO - Processing /home/airflow/.local/lib/python3.7/site-packages/airflow/example_dags/example_short_circuit_decorator.py took 0.085 seconds
[2022-12-03T15:23:19.724+0000] {processor.py:153} INFO - Started process (PID=1093) to work on /home/airflow/.local/lib/python3.7/site-packages/airflow/example_dags/example_short_circuit_decorator.py
[2022-12-03T15:23:19.726+0000] {processor.py:743} INFO - Processing file /home/airflow/.local/lib/python3.7/site-packages/airflow/example_dags/example_short_circuit_decorator.py for tasks to queue
[2022-12-03T15:23:19.727+0000] {logging_mixin.py:137} INFO - [2022-12-03T15:23:19.727+0000] {dagbag.py:538} INFO - Filling up the DagBag from /home/airflow/.local/lib/python3.7/site-packages/airflow/example_dags/example_short_circuit_decorator.py
[2022-12-03T15:23:19.745+0000] {processor.py:753} INFO - DAG(s) dict_keys(['example_short_circuit_decorator']) retrieved from /home/airflow/.local/lib/python3.7/site-packages/airflow/example_dags/example_short_circuit_decorator.py
[2022-12-03T15:23:19.772+0000] {logging_mixin.py:137} INFO - [2022-12-03T15:23:19.772+0000] {dag.py:2676} INFO - Sync 1 DAGs
[2022-12-03T15:23:19.789+0000] {logging_mixin.py:137} INFO - [2022-12-03T15:23:19.788+0000] {dag.py:3427} INFO - Setting next_dagrun for example_short_circuit_decorator to 2022-12-02T15:23:19.788737+00:00, run_after=2022-12-03T15:23:19.788737+00:00
[2022-12-03T15:23:19.803+0000] {processor.py:175} INFO - Processing /home/airflow/.local/lib/python3.7/site-packages/airflow/example_dags/example_short_circuit_decorator.py took 0.082 seconds
[2022-12-03T15:23:50.283+0000] {processor.py:153} INFO - Started process (PID=1309) to work on /home/airflow/.local/lib/python3.7/site-packages/airflow/example_dags/example_short_circuit_decorator.py
[2022-12-03T15:23:50.284+0000] {processor.py:743} INFO - Processing file /home/airflow/.local/lib/python3.7/site-packages/airflow/example_dags/example_short_circuit_decorator.py for tasks to queue
[2022-12-03T15:23:50.285+0000] {logging_mixin.py:137} INFO - [2022-12-03T15:23:50.285+0000] {dagbag.py:538} INFO - Filling up the DagBag from /home/airflow/.local/lib/python3.7/site-packages/airflow/example_dags/example_short_circuit_decorator.py
[2022-12-03T15:23:50.301+0000] {processor.py:753} INFO - DAG(s) dict_keys(['example_short_circuit_decorator']) retrieved from /home/airflow/.local/lib/python3.7/site-packages/airflow/example_dags/example_short_circuit_decorator.py
[2022-12-03T15:23:50.326+0000] {logging_mixin.py:137} INFO - [2022-12-03T15:23:50.326+0000] {dag.py:2676} INFO - Sync 1 DAGs
[2022-12-03T15:23:50.340+0000] {logging_mixin.py:137} INFO - [2022-12-03T15:23:50.340+0000] {dag.py:3427} INFO - Setting next_dagrun for example_short_circuit_decorator to 2022-12-02T15:23:50.340217+00:00, run_after=2022-12-03T15:23:50.340217+00:00
[2022-12-03T15:23:50.351+0000] {processor.py:175} INFO - Processing /home/airflow/.local/lib/python3.7/site-packages/airflow/example_dags/example_short_circuit_decorator.py took 0.070 seconds
[2022-12-03T15:24:20.664+0000] {processor.py:153} INFO - Started process (PID=1536) to work on /home/airflow/.local/lib/python3.7/site-packages/airflow/example_dags/example_short_circuit_decorator.py
[2022-12-03T15:24:20.665+0000] {processor.py:743} INFO - Processing file /home/airflow/.local/lib/python3.7/site-packages/airflow/example_dags/example_short_circuit_decorator.py for tasks to queue
[2022-12-03T15:24:20.666+0000] {logging_mixin.py:137} INFO - [2022-12-03T15:24:20.666+0000] {dagbag.py:538} INFO - Filling up the DagBag from /home/airflow/.local/lib/python3.7/site-packages/airflow/example_dags/example_short_circuit_decorator.py
[2022-12-03T15:24:20.681+0000] {processor.py:753} INFO - DAG(s) dict_keys(['example_short_circuit_decorator']) retrieved from /home/airflow/.local/lib/python3.7/site-packages/airflow/example_dags/example_short_circuit_decorator.py
[2022-12-03T15:24:20.708+0000] {logging_mixin.py:137} INFO - [2022-12-03T15:24:20.708+0000] {dag.py:2676} INFO - Sync 1 DAGs
[2022-12-03T15:24:20.722+0000] {logging_mixin.py:137} INFO - [2022-12-03T15:24:20.722+0000] {dag.py:3427} INFO - Setting next_dagrun for example_short_circuit_decorator to 2022-12-02T15:24:20.722105+00:00, run_after=2022-12-03T15:24:20.722105+00:00
[2022-12-03T15:24:20.732+0000] {processor.py:175} INFO - Processing /home/airflow/.local/lib/python3.7/site-packages/airflow/example_dags/example_short_circuit_decorator.py took 0.071 seconds
[2022-12-03T15:24:51.178+0000] {processor.py:153} INFO - Started process (PID=1761) to work on /home/airflow/.local/lib/python3.7/site-packages/airflow/example_dags/example_short_circuit_decorator.py
[2022-12-03T15:24:51.180+0000] {processor.py:743} INFO - Processing file /home/airflow/.local/lib/python3.7/site-packages/airflow/example_dags/example_short_circuit_decorator.py for tasks to queue
[2022-12-03T15:24:51.181+0000] {logging_mixin.py:137} INFO - [2022-12-03T15:24:51.181+0000] {dagbag.py:538} INFO - Filling up the DagBag from /home/airflow/.local/lib/python3.7/site-packages/airflow/example_dags/example_short_circuit_decorator.py
[2022-12-03T15:24:51.204+0000] {processor.py:753} INFO - DAG(s) dict_keys(['example_short_circuit_decorator']) retrieved from /home/airflow/.local/lib/python3.7/site-packages/airflow/example_dags/example_short_circuit_decorator.py
[2022-12-03T15:24:51.237+0000] {logging_mixin.py:137} INFO - [2022-12-03T15:24:51.237+0000] {dag.py:2676} INFO - Sync 1 DAGs
[2022-12-03T15:24:51.257+0000] {logging_mixin.py:137} INFO - [2022-12-03T15:24:51.257+0000] {dag.py:3427} INFO - Setting next_dagrun for example_short_circuit_decorator to 2022-12-02T15:24:51.257053+00:00, run_after=2022-12-03T15:24:51.257053+00:00
[2022-12-03T15:24:51.271+0000] {processor.py:175} INFO - Processing /home/airflow/.local/lib/python3.7/site-packages/airflow/example_dags/example_short_circuit_decorator.py took 0.097 seconds
[2022-12-03T15:25:21.441+0000] {processor.py:153} INFO - Started process (PID=1974) to work on /home/airflow/.local/lib/python3.7/site-packages/airflow/example_dags/example_short_circuit_decorator.py
[2022-12-03T15:25:21.442+0000] {processor.py:743} INFO - Processing file /home/airflow/.local/lib/python3.7/site-packages/airflow/example_dags/example_short_circuit_decorator.py for tasks to queue
[2022-12-03T15:25:21.443+0000] {logging_mixin.py:137} INFO - [2022-12-03T15:25:21.443+0000] {dagbag.py:538} INFO - Filling up the DagBag from /home/airflow/.local/lib/python3.7/site-packages/airflow/example_dags/example_short_circuit_decorator.py
[2022-12-03T15:25:21.458+0000] {processor.py:753} INFO - DAG(s) dict_keys(['example_short_circuit_decorator']) retrieved from /home/airflow/.local/lib/python3.7/site-packages/airflow/example_dags/example_short_circuit_decorator.py
[2022-12-03T15:25:21.483+0000] {logging_mixin.py:137} INFO - [2022-12-03T15:25:21.483+0000] {dag.py:2676} INFO - Sync 1 DAGs
[2022-12-03T15:25:21.497+0000] {logging_mixin.py:137} INFO - [2022-12-03T15:25:21.497+0000] {dag.py:3427} INFO - Setting next_dagrun for example_short_circuit_decorator to 2022-12-02T15:25:21.497566+00:00, run_after=2022-12-03T15:25:21.497566+00:00
[2022-12-03T15:25:21.508+0000] {processor.py:175} INFO - Processing /home/airflow/.local/lib/python3.7/site-packages/airflow/example_dags/example_short_circuit_decorator.py took 0.069 seconds
[2022-12-03T15:25:51.928+0000] {processor.py:153} INFO - Started process (PID=2202) to work on /home/airflow/.local/lib/python3.7/site-packages/airflow/example_dags/example_short_circuit_decorator.py
[2022-12-03T15:25:51.929+0000] {processor.py:743} INFO - Processing file /home/airflow/.local/lib/python3.7/site-packages/airflow/example_dags/example_short_circuit_decorator.py for tasks to queue
[2022-12-03T15:25:51.929+0000] {logging_mixin.py:137} INFO - [2022-12-03T15:25:51.929+0000] {dagbag.py:538} INFO - Filling up the DagBag from /home/airflow/.local/lib/python3.7/site-packages/airflow/example_dags/example_short_circuit_decorator.py
[2022-12-03T15:25:51.944+0000] {processor.py:753} INFO - DAG(s) dict_keys(['example_short_circuit_decorator']) retrieved from /home/airflow/.local/lib/python3.7/site-packages/airflow/example_dags/example_short_circuit_decorator.py
[2022-12-03T15:25:51.972+0000] {logging_mixin.py:137} INFO - [2022-12-03T15:25:51.972+0000] {dag.py:2676} INFO - Sync 1 DAGs
[2022-12-03T15:25:51.986+0000] {logging_mixin.py:137} INFO - [2022-12-03T15:25:51.986+0000] {dag.py:3427} INFO - Setting next_dagrun for example_short_circuit_decorator to 2022-12-02T15:25:51.986505+00:00, run_after=2022-12-03T15:25:51.986505+00:00
[2022-12-03T15:25:51.999+0000] {processor.py:175} INFO - Processing /home/airflow/.local/lib/python3.7/site-packages/airflow/example_dags/example_short_circuit_decorator.py took 0.074 seconds
[2022-12-03T15:26:22.310+0000] {processor.py:153} INFO - Started process (PID=2427) to work on /home/airflow/.local/lib/python3.7/site-packages/airflow/example_dags/example_short_circuit_decorator.py
[2022-12-03T15:26:22.310+0000] {processor.py:743} INFO - Processing file /home/airflow/.local/lib/python3.7/site-packages/airflow/example_dags/example_short_circuit_decorator.py for tasks to queue
[2022-12-03T15:26:22.311+0000] {logging_mixin.py:137} INFO - [2022-12-03T15:26:22.311+0000] {dagbag.py:538} INFO - Filling up the DagBag from /home/airflow/.local/lib/python3.7/site-packages/airflow/example_dags/example_short_circuit_decorator.py
[2022-12-03T15:26:22.326+0000] {processor.py:753} INFO - DAG(s) dict_keys(['example_short_circuit_decorator']) retrieved from /home/airflow/.local/lib/python3.7/site-packages/airflow/example_dags/example_short_circuit_decorator.py
[2022-12-03T15:26:22.350+0000] {logging_mixin.py:137} INFO - [2022-12-03T15:26:22.350+0000] {dag.py:2676} INFO - Sync 1 DAGs
[2022-12-03T15:26:22.365+0000] {logging_mixin.py:137} INFO - [2022-12-03T15:26:22.365+0000] {dag.py:3427} INFO - Setting next_dagrun for example_short_circuit_decorator to 2022-12-02T15:26:22.364919+00:00, run_after=2022-12-03T15:26:22.364919+00:00
[2022-12-03T15:26:22.374+0000] {processor.py:175} INFO - Processing /home/airflow/.local/lib/python3.7/site-packages/airflow/example_dags/example_short_circuit_decorator.py took 0.067 seconds
[2022-12-03T15:26:52.632+0000] {processor.py:153} INFO - Started process (PID=2639) to work on /home/airflow/.local/lib/python3.7/site-packages/airflow/example_dags/example_short_circuit_decorator.py
[2022-12-03T15:26:52.634+0000] {processor.py:743} INFO - Processing file /home/airflow/.local/lib/python3.7/site-packages/airflow/example_dags/example_short_circuit_decorator.py for tasks to queue
[2022-12-03T15:26:52.634+0000] {logging_mixin.py:137} INFO - [2022-12-03T15:26:52.634+0000] {dagbag.py:538} INFO - Filling up the DagBag from /home/airflow/.local/lib/python3.7/site-packages/airflow/example_dags/example_short_circuit_decorator.py
[2022-12-03T15:26:52.652+0000] {processor.py:753} INFO - DAG(s) dict_keys(['example_short_circuit_decorator']) retrieved from /home/airflow/.local/lib/python3.7/site-packages/airflow/example_dags/example_short_circuit_decorator.py
[2022-12-03T15:26:52.679+0000] {logging_mixin.py:137} INFO - [2022-12-03T15:26:52.679+0000] {dag.py:2676} INFO - Sync 1 DAGs
[2022-12-03T15:26:52.694+0000] {logging_mixin.py:137} INFO - [2022-12-03T15:26:52.694+0000] {dag.py:3427} INFO - Setting next_dagrun for example_short_circuit_decorator to 2022-12-02T15:26:52.694700+00:00, run_after=2022-12-03T15:26:52.694700+00:00
[2022-12-03T15:26:52.705+0000] {processor.py:175} INFO - Processing /home/airflow/.local/lib/python3.7/site-packages/airflow/example_dags/example_short_circuit_decorator.py took 0.076 seconds
[2022-12-03T15:27:23.770+0000] {processor.py:153} INFO - Started process (PID=2865) to work on /home/airflow/.local/lib/python3.7/site-packages/airflow/example_dags/example_short_circuit_decorator.py
[2022-12-03T15:27:23.772+0000] {processor.py:743} INFO - Processing file /home/airflow/.local/lib/python3.7/site-packages/airflow/example_dags/example_short_circuit_decorator.py for tasks to queue
[2022-12-03T15:27:23.772+0000] {logging_mixin.py:137} INFO - [2022-12-03T15:27:23.772+0000] {dagbag.py:538} INFO - Filling up the DagBag from /home/airflow/.local/lib/python3.7/site-packages/airflow/example_dags/example_short_circuit_decorator.py
[2022-12-03T15:27:23.787+0000] {processor.py:753} INFO - DAG(s) dict_keys(['example_short_circuit_decorator']) retrieved from /home/airflow/.local/lib/python3.7/site-packages/airflow/example_dags/example_short_circuit_decorator.py
[2022-12-03T15:27:23.813+0000] {logging_mixin.py:137} INFO - [2022-12-03T15:27:23.813+0000] {dag.py:2676} INFO - Sync 1 DAGs
[2022-12-03T15:27:23.828+0000] {logging_mixin.py:137} INFO - [2022-12-03T15:27:23.828+0000] {dag.py:3427} INFO - Setting next_dagrun for example_short_circuit_decorator to 2022-12-02T15:27:23.828216+00:00, run_after=2022-12-03T15:27:23.828216+00:00
[2022-12-03T15:27:23.839+0000] {processor.py:175} INFO - Processing /home/airflow/.local/lib/python3.7/site-packages/airflow/example_dags/example_short_circuit_decorator.py took 0.071 seconds
[2022-12-03T15:27:54.030+0000] {processor.py:153} INFO - Started process (PID=3092) to work on /home/airflow/.local/lib/python3.7/site-packages/airflow/example_dags/example_short_circuit_decorator.py
[2022-12-03T15:27:54.031+0000] {processor.py:743} INFO - Processing file /home/airflow/.local/lib/python3.7/site-packages/airflow/example_dags/example_short_circuit_decorator.py for tasks to queue
[2022-12-03T15:27:54.031+0000] {logging_mixin.py:137} INFO - [2022-12-03T15:27:54.031+0000] {dagbag.py:538} INFO - Filling up the DagBag from /home/airflow/.local/lib/python3.7/site-packages/airflow/example_dags/example_short_circuit_decorator.py
[2022-12-03T15:27:54.046+0000] {processor.py:753} INFO - DAG(s) dict_keys(['example_short_circuit_decorator']) retrieved from /home/airflow/.local/lib/python3.7/site-packages/airflow/example_dags/example_short_circuit_decorator.py
[2022-12-03T15:27:54.071+0000] {logging_mixin.py:137} INFO - [2022-12-03T15:27:54.071+0000] {dag.py:2676} INFO - Sync 1 DAGs
[2022-12-03T15:27:54.085+0000] {logging_mixin.py:137} INFO - [2022-12-03T15:27:54.085+0000] {dag.py:3427} INFO - Setting next_dagrun for example_short_circuit_decorator to 2022-12-02T15:27:54.084829+00:00, run_after=2022-12-03T15:27:54.084829+00:00
[2022-12-03T15:27:54.095+0000] {processor.py:175} INFO - Processing /home/airflow/.local/lib/python3.7/site-packages/airflow/example_dags/example_short_circuit_decorator.py took 0.068 seconds
[2022-12-03T15:28:24.491+0000] {processor.py:153} INFO - Started process (PID=3307) to work on /home/airflow/.local/lib/python3.7/site-packages/airflow/example_dags/example_short_circuit_decorator.py
[2022-12-03T15:28:24.492+0000] {processor.py:743} INFO - Processing file /home/airflow/.local/lib/python3.7/site-packages/airflow/example_dags/example_short_circuit_decorator.py for tasks to queue
[2022-12-03T15:28:24.493+0000] {logging_mixin.py:137} INFO - [2022-12-03T15:28:24.493+0000] {dagbag.py:538} INFO - Filling up the DagBag from /home/airflow/.local/lib/python3.7/site-packages/airflow/example_dags/example_short_circuit_decorator.py
[2022-12-03T15:28:24.508+0000] {processor.py:753} INFO - DAG(s) dict_keys(['example_short_circuit_decorator']) retrieved from /home/airflow/.local/lib/python3.7/site-packages/airflow/example_dags/example_short_circuit_decorator.py
[2022-12-03T15:28:24.534+0000] {logging_mixin.py:137} INFO - [2022-12-03T15:28:24.534+0000] {dag.py:2676} INFO - Sync 1 DAGs
[2022-12-03T15:28:24.548+0000] {logging_mixin.py:137} INFO - [2022-12-03T15:28:24.548+0000] {dag.py:3427} INFO - Setting next_dagrun for example_short_circuit_decorator to 2022-12-02T15:28:24.547820+00:00, run_after=2022-12-03T15:28:24.547820+00:00
[2022-12-03T15:28:24.558+0000] {processor.py:175} INFO - Processing /home/airflow/.local/lib/python3.7/site-packages/airflow/example_dags/example_short_circuit_decorator.py took 0.069 seconds
[2022-12-03T15:28:55.040+0000] {processor.py:153} INFO - Started process (PID=3532) to work on /home/airflow/.local/lib/python3.7/site-packages/airflow/example_dags/example_short_circuit_decorator.py
[2022-12-03T15:28:55.041+0000] {processor.py:743} INFO - Processing file /home/airflow/.local/lib/python3.7/site-packages/airflow/example_dags/example_short_circuit_decorator.py for tasks to queue
[2022-12-03T15:28:55.042+0000] {logging_mixin.py:137} INFO - [2022-12-03T15:28:55.042+0000] {dagbag.py:538} INFO - Filling up the DagBag from /home/airflow/.local/lib/python3.7/site-packages/airflow/example_dags/example_short_circuit_decorator.py
[2022-12-03T15:28:55.057+0000] {processor.py:753} INFO - DAG(s) dict_keys(['example_short_circuit_decorator']) retrieved from /home/airflow/.local/lib/python3.7/site-packages/airflow/example_dags/example_short_circuit_decorator.py
[2022-12-03T15:28:55.081+0000] {logging_mixin.py:137} INFO - [2022-12-03T15:28:55.081+0000] {dag.py:2676} INFO - Sync 1 DAGs
[2022-12-03T15:28:55.095+0000] {logging_mixin.py:137} INFO - [2022-12-03T15:28:55.095+0000] {dag.py:3427} INFO - Setting next_dagrun for example_short_circuit_decorator to 2022-12-02T15:28:55.095471+00:00, run_after=2022-12-03T15:28:55.095471+00:00
[2022-12-03T15:28:55.105+0000] {processor.py:175} INFO - Processing /home/airflow/.local/lib/python3.7/site-packages/airflow/example_dags/example_short_circuit_decorator.py took 0.067 seconds
[2022-12-03T15:29:25.246+0000] {processor.py:153} INFO - Started process (PID=3756) to work on /home/airflow/.local/lib/python3.7/site-packages/airflow/example_dags/example_short_circuit_decorator.py
[2022-12-03T15:29:25.247+0000] {processor.py:743} INFO - Processing file /home/airflow/.local/lib/python3.7/site-packages/airflow/example_dags/example_short_circuit_decorator.py for tasks to queue
[2022-12-03T15:29:25.248+0000] {logging_mixin.py:137} INFO - [2022-12-03T15:29:25.248+0000] {dagbag.py:538} INFO - Filling up the DagBag from /home/airflow/.local/lib/python3.7/site-packages/airflow/example_dags/example_short_circuit_decorator.py
[2022-12-03T15:29:25.264+0000] {processor.py:753} INFO - DAG(s) dict_keys(['example_short_circuit_decorator']) retrieved from /home/airflow/.local/lib/python3.7/site-packages/airflow/example_dags/example_short_circuit_decorator.py
[2022-12-03T15:29:25.288+0000] {logging_mixin.py:137} INFO - [2022-12-03T15:29:25.288+0000] {dag.py:2676} INFO - Sync 1 DAGs
[2022-12-03T15:29:25.303+0000] {logging_mixin.py:137} INFO - [2022-12-03T15:29:25.303+0000] {dag.py:3427} INFO - Setting next_dagrun for example_short_circuit_decorator to 2022-12-02T15:29:25.303230+00:00, run_after=2022-12-03T15:29:25.303230+00:00
[2022-12-03T15:29:25.314+0000] {processor.py:175} INFO - Processing /home/airflow/.local/lib/python3.7/site-packages/airflow/example_dags/example_short_circuit_decorator.py took 0.071 seconds
[2022-12-03T15:29:55.397+0000] {processor.py:153} INFO - Started process (PID=3970) to work on /home/airflow/.local/lib/python3.7/site-packages/airflow/example_dags/example_short_circuit_decorator.py
[2022-12-03T15:29:55.398+0000] {processor.py:743} INFO - Processing file /home/airflow/.local/lib/python3.7/site-packages/airflow/example_dags/example_short_circuit_decorator.py for tasks to queue
[2022-12-03T15:29:55.398+0000] {logging_mixin.py:137} INFO - [2022-12-03T15:29:55.398+0000] {dagbag.py:538} INFO - Filling up the DagBag from /home/airflow/.local/lib/python3.7/site-packages/airflow/example_dags/example_short_circuit_decorator.py
[2022-12-03T15:29:55.414+0000] {processor.py:753} INFO - DAG(s) dict_keys(['example_short_circuit_decorator']) retrieved from /home/airflow/.local/lib/python3.7/site-packages/airflow/example_dags/example_short_circuit_decorator.py
[2022-12-03T15:29:55.440+0000] {logging_mixin.py:137} INFO - [2022-12-03T15:29:55.440+0000] {dag.py:2676} INFO - Sync 1 DAGs
[2022-12-03T15:29:55.454+0000] {logging_mixin.py:137} INFO - [2022-12-03T15:29:55.454+0000] {dag.py:3427} INFO - Setting next_dagrun for example_short_circuit_decorator to 2022-12-02T15:29:55.454539+00:00, run_after=2022-12-03T15:29:55.454539+00:00
[2022-12-03T15:29:55.465+0000] {processor.py:175} INFO - Processing /home/airflow/.local/lib/python3.7/site-packages/airflow/example_dags/example_short_circuit_decorator.py took 0.071 seconds
[2022-12-03T15:30:26.015+0000] {processor.py:153} INFO - Started process (PID=4196) to work on /home/airflow/.local/lib/python3.7/site-packages/airflow/example_dags/example_short_circuit_decorator.py
[2022-12-03T15:30:26.016+0000] {processor.py:743} INFO - Processing file /home/airflow/.local/lib/python3.7/site-packages/airflow/example_dags/example_short_circuit_decorator.py for tasks to queue
[2022-12-03T15:30:26.017+0000] {logging_mixin.py:137} INFO - [2022-12-03T15:30:26.017+0000] {dagbag.py:538} INFO - Filling up the DagBag from /home/airflow/.local/lib/python3.7/site-packages/airflow/example_dags/example_short_circuit_decorator.py
[2022-12-03T15:30:26.040+0000] {processor.py:753} INFO - DAG(s) dict_keys(['example_short_circuit_decorator']) retrieved from /home/airflow/.local/lib/python3.7/site-packages/airflow/example_dags/example_short_circuit_decorator.py
[2022-12-03T15:30:26.070+0000] {logging_mixin.py:137} INFO - [2022-12-03T15:30:26.070+0000] {dag.py:2676} INFO - Sync 1 DAGs
[2022-12-03T15:30:26.087+0000] {logging_mixin.py:137} INFO - [2022-12-03T15:30:26.087+0000] {dag.py:3427} INFO - Setting next_dagrun for example_short_circuit_decorator to 2022-12-02T15:30:26.087182+00:00, run_after=2022-12-03T15:30:26.087182+00:00
[2022-12-03T15:30:26.100+0000] {processor.py:175} INFO - Processing /home/airflow/.local/lib/python3.7/site-packages/airflow/example_dags/example_short_circuit_decorator.py took 0.088 seconds
[2022-12-03T15:30:56.382+0000] {processor.py:153} INFO - Started process (PID=4422) to work on /home/airflow/.local/lib/python3.7/site-packages/airflow/example_dags/example_short_circuit_decorator.py
[2022-12-03T15:30:56.384+0000] {processor.py:743} INFO - Processing file /home/airflow/.local/lib/python3.7/site-packages/airflow/example_dags/example_short_circuit_decorator.py for tasks to queue
[2022-12-03T15:30:56.384+0000] {logging_mixin.py:137} INFO - [2022-12-03T15:30:56.384+0000] {dagbag.py:538} INFO - Filling up the DagBag from /home/airflow/.local/lib/python3.7/site-packages/airflow/example_dags/example_short_circuit_decorator.py
[2022-12-03T15:30:56.402+0000] {processor.py:753} INFO - DAG(s) dict_keys(['example_short_circuit_decorator']) retrieved from /home/airflow/.local/lib/python3.7/site-packages/airflow/example_dags/example_short_circuit_decorator.py
[2022-12-03T15:30:56.428+0000] {logging_mixin.py:137} INFO - [2022-12-03T15:30:56.428+0000] {dag.py:2676} INFO - Sync 1 DAGs
[2022-12-03T15:30:56.443+0000] {logging_mixin.py:137} INFO - [2022-12-03T15:30:56.442+0000] {dag.py:3427} INFO - Setting next_dagrun for example_short_circuit_decorator to 2022-12-02T15:30:56.442760+00:00, run_after=2022-12-03T15:30:56.442760+00:00
[2022-12-03T15:30:56.453+0000] {processor.py:175} INFO - Processing /home/airflow/.local/lib/python3.7/site-packages/airflow/example_dags/example_short_circuit_decorator.py took 0.074 seconds
[2022-12-03T15:31:26.568+0000] {processor.py:153} INFO - Started process (PID=4636) to work on /home/airflow/.local/lib/python3.7/site-packages/airflow/example_dags/example_short_circuit_decorator.py
[2022-12-03T15:31:26.569+0000] {processor.py:743} INFO - Processing file /home/airflow/.local/lib/python3.7/site-packages/airflow/example_dags/example_short_circuit_decorator.py for tasks to queue
[2022-12-03T15:31:26.570+0000] {logging_mixin.py:137} INFO - [2022-12-03T15:31:26.570+0000] {dagbag.py:538} INFO - Filling up the DagBag from /home/airflow/.local/lib/python3.7/site-packages/airflow/example_dags/example_short_circuit_decorator.py
[2022-12-03T15:31:26.585+0000] {processor.py:753} INFO - DAG(s) dict_keys(['example_short_circuit_decorator']) retrieved from /home/airflow/.local/lib/python3.7/site-packages/airflow/example_dags/example_short_circuit_decorator.py
[2022-12-03T15:31:26.611+0000] {logging_mixin.py:137} INFO - [2022-12-03T15:31:26.611+0000] {dag.py:2676} INFO - Sync 1 DAGs
[2022-12-03T15:31:26.625+0000] {logging_mixin.py:137} INFO - [2022-12-03T15:31:26.625+0000] {dag.py:3427} INFO - Setting next_dagrun for example_short_circuit_decorator to 2022-12-02T15:31:26.625153+00:00, run_after=2022-12-03T15:31:26.625153+00:00
[2022-12-03T15:31:26.636+0000] {processor.py:175} INFO - Processing /home/airflow/.local/lib/python3.7/site-packages/airflow/example_dags/example_short_circuit_decorator.py took 0.071 seconds
[2022-12-03T15:31:57.303+0000] {processor.py:153} INFO - Started process (PID=4863) to work on /home/airflow/.local/lib/python3.7/site-packages/airflow/example_dags/example_short_circuit_decorator.py
[2022-12-03T15:31:57.307+0000] {processor.py:743} INFO - Processing file /home/airflow/.local/lib/python3.7/site-packages/airflow/example_dags/example_short_circuit_decorator.py for tasks to queue
[2022-12-03T15:31:57.308+0000] {logging_mixin.py:137} INFO - [2022-12-03T15:31:57.308+0000] {dagbag.py:538} INFO - Filling up the DagBag from /home/airflow/.local/lib/python3.7/site-packages/airflow/example_dags/example_short_circuit_decorator.py
[2022-12-03T15:31:57.333+0000] {processor.py:753} INFO - DAG(s) dict_keys(['example_short_circuit_decorator']) retrieved from /home/airflow/.local/lib/python3.7/site-packages/airflow/example_dags/example_short_circuit_decorator.py
[2022-12-03T15:31:57.379+0000] {logging_mixin.py:137} INFO - [2022-12-03T15:31:57.379+0000] {dag.py:2676} INFO - Sync 1 DAGs
[2022-12-03T15:31:57.404+0000] {logging_mixin.py:137} INFO - [2022-12-03T15:31:57.403+0000] {dag.py:3427} INFO - Setting next_dagrun for example_short_circuit_decorator to 2022-12-02T15:31:57.403734+00:00, run_after=2022-12-03T15:31:57.403734+00:00
[2022-12-03T15:31:57.417+0000] {processor.py:175} INFO - Processing /home/airflow/.local/lib/python3.7/site-packages/airflow/example_dags/example_short_circuit_decorator.py took 0.117 seconds
[2022-12-03T15:32:27.763+0000] {processor.py:153} INFO - Started process (PID=5089) to work on /home/airflow/.local/lib/python3.7/site-packages/airflow/example_dags/example_short_circuit_decorator.py
[2022-12-03T15:32:27.764+0000] {processor.py:743} INFO - Processing file /home/airflow/.local/lib/python3.7/site-packages/airflow/example_dags/example_short_circuit_decorator.py for tasks to queue
[2022-12-03T15:32:27.765+0000] {logging_mixin.py:137} INFO - [2022-12-03T15:32:27.765+0000] {dagbag.py:538} INFO - Filling up the DagBag from /home/airflow/.local/lib/python3.7/site-packages/airflow/example_dags/example_short_circuit_decorator.py
[2022-12-03T15:32:27.782+0000] {processor.py:753} INFO - DAG(s) dict_keys(['example_short_circuit_decorator']) retrieved from /home/airflow/.local/lib/python3.7/site-packages/airflow/example_dags/example_short_circuit_decorator.py
[2022-12-03T15:32:27.809+0000] {logging_mixin.py:137} INFO - [2022-12-03T15:32:27.809+0000] {dag.py:2676} INFO - Sync 1 DAGs
[2022-12-03T15:32:27.825+0000] {logging_mixin.py:137} INFO - [2022-12-03T15:32:27.825+0000] {dag.py:3427} INFO - Setting next_dagrun for example_short_circuit_decorator to 2022-12-02T15:32:27.824963+00:00, run_after=2022-12-03T15:32:27.824963+00:00
[2022-12-03T15:32:27.838+0000] {processor.py:175} INFO - Processing /home/airflow/.local/lib/python3.7/site-packages/airflow/example_dags/example_short_circuit_decorator.py took 0.078 seconds
[2022-12-03T15:32:58.335+0000] {processor.py:153} INFO - Started process (PID=5303) to work on /home/airflow/.local/lib/python3.7/site-packages/airflow/example_dags/example_short_circuit_decorator.py
[2022-12-03T15:32:58.336+0000] {processor.py:743} INFO - Processing file /home/airflow/.local/lib/python3.7/site-packages/airflow/example_dags/example_short_circuit_decorator.py for tasks to queue
[2022-12-03T15:32:58.336+0000] {logging_mixin.py:137} INFO - [2022-12-03T15:32:58.336+0000] {dagbag.py:538} INFO - Filling up the DagBag from /home/airflow/.local/lib/python3.7/site-packages/airflow/example_dags/example_short_circuit_decorator.py
[2022-12-03T15:32:58.355+0000] {processor.py:753} INFO - DAG(s) dict_keys(['example_short_circuit_decorator']) retrieved from /home/airflow/.local/lib/python3.7/site-packages/airflow/example_dags/example_short_circuit_decorator.py
[2022-12-03T15:32:58.380+0000] {logging_mixin.py:137} INFO - [2022-12-03T15:32:58.380+0000] {dag.py:2676} INFO - Sync 1 DAGs
[2022-12-03T15:32:58.398+0000] {logging_mixin.py:137} INFO - [2022-12-03T15:32:58.398+0000] {dag.py:3427} INFO - Setting next_dagrun for example_short_circuit_decorator to 2022-12-02T15:32:58.398018+00:00, run_after=2022-12-03T15:32:58.398018+00:00
[2022-12-03T15:32:58.408+0000] {processor.py:175} INFO - Processing /home/airflow/.local/lib/python3.7/site-packages/airflow/example_dags/example_short_circuit_decorator.py took 0.076 seconds
