[2022-12-03T15:08:53.586+0000] {processor.py:153} INFO - Started process (PID=324) to work on /home/airflow/.local/lib/python3.7/site-packages/airflow/example_dags/example_task_group_decorator.py
[2022-12-03T15:08:53.587+0000] {processor.py:743} INFO - Processing file /home/airflow/.local/lib/python3.7/site-packages/airflow/example_dags/example_task_group_decorator.py for tasks to queue
[2022-12-03T15:08:53.588+0000] {logging_mixin.py:137} INFO - [2022-12-03T15:08:53.588+0000] {dagbag.py:538} INFO - Filling up the DagBag from /home/airflow/.local/lib/python3.7/site-packages/airflow/example_dags/example_task_group_decorator.py
[2022-12-03T15:08:53.608+0000] {processor.py:753} INFO - DAG(s) dict_keys(['example_task_group_decorator']) retrieved from /home/airflow/.local/lib/python3.7/site-packages/airflow/example_dags/example_task_group_decorator.py
[2022-12-03T15:08:53.627+0000] {logging_mixin.py:137} INFO - [2022-12-03T15:08:53.627+0000] {dag.py:2676} INFO - Sync 1 DAGs
[2022-12-03T15:08:53.645+0000] {logging_mixin.py:137} INFO - [2022-12-03T15:08:53.645+0000] {dag.py:3427} INFO - Setting next_dagrun for example_task_group_decorator to 2022-12-02T15:08:53.645225+00:00, run_after=2022-12-03T15:08:53.645225+00:00
[2022-12-03T15:08:53.670+0000] {processor.py:175} INFO - Processing /home/airflow/.local/lib/python3.7/site-packages/airflow/example_dags/example_task_group_decorator.py took 0.088 seconds
[2022-12-03T15:09:23.861+0000] {processor.py:153} INFO - Started process (PID=550) to work on /home/airflow/.local/lib/python3.7/site-packages/airflow/example_dags/example_task_group_decorator.py
[2022-12-03T15:09:23.863+0000] {processor.py:743} INFO - Processing file /home/airflow/.local/lib/python3.7/site-packages/airflow/example_dags/example_task_group_decorator.py for tasks to queue
[2022-12-03T15:09:23.863+0000] {logging_mixin.py:137} INFO - [2022-12-03T15:09:23.863+0000] {dagbag.py:538} INFO - Filling up the DagBag from /home/airflow/.local/lib/python3.7/site-packages/airflow/example_dags/example_task_group_decorator.py
[2022-12-03T15:09:23.882+0000] {processor.py:753} INFO - DAG(s) dict_keys(['example_task_group_decorator']) retrieved from /home/airflow/.local/lib/python3.7/site-packages/airflow/example_dags/example_task_group_decorator.py
[2022-12-03T15:09:23.901+0000] {logging_mixin.py:137} INFO - [2022-12-03T15:09:23.901+0000] {dag.py:2676} INFO - Sync 1 DAGs
[2022-12-03T15:09:23.915+0000] {logging_mixin.py:137} INFO - [2022-12-03T15:09:23.915+0000] {dag.py:3427} INFO - Setting next_dagrun for example_task_group_decorator to 2022-12-02T15:09:23.915692+00:00, run_after=2022-12-03T15:09:23.915692+00:00
[2022-12-03T15:09:23.925+0000] {processor.py:175} INFO - Processing /home/airflow/.local/lib/python3.7/site-packages/airflow/example_dags/example_task_group_decorator.py took 0.066 seconds
[2022-12-03T15:09:54.317+0000] {processor.py:153} INFO - Started process (PID=772) to work on /home/airflow/.local/lib/python3.7/site-packages/airflow/example_dags/example_task_group_decorator.py
[2022-12-03T15:09:54.318+0000] {processor.py:743} INFO - Processing file /home/airflow/.local/lib/python3.7/site-packages/airflow/example_dags/example_task_group_decorator.py for tasks to queue
[2022-12-03T15:09:54.319+0000] {logging_mixin.py:137} INFO - [2022-12-03T15:09:54.319+0000] {dagbag.py:538} INFO - Filling up the DagBag from /home/airflow/.local/lib/python3.7/site-packages/airflow/example_dags/example_task_group_decorator.py
[2022-12-03T15:09:54.337+0000] {processor.py:753} INFO - DAG(s) dict_keys(['example_task_group_decorator']) retrieved from /home/airflow/.local/lib/python3.7/site-packages/airflow/example_dags/example_task_group_decorator.py
[2022-12-03T15:09:54.383+0000] {logging_mixin.py:137} INFO - [2022-12-03T15:09:54.382+0000] {dag.py:2676} INFO - Sync 1 DAGs
[2022-12-03T15:09:54.404+0000] {logging_mixin.py:137} INFO - [2022-12-03T15:09:54.404+0000] {dag.py:3427} INFO - Setting next_dagrun for example_task_group_decorator to 2022-12-02T15:09:54.403724+00:00, run_after=2022-12-03T15:09:54.403724+00:00
[2022-12-03T15:09:54.459+0000] {processor.py:175} INFO - Processing /home/airflow/.local/lib/python3.7/site-packages/airflow/example_dags/example_task_group_decorator.py took 0.144 seconds
[2022-12-03T15:10:52.720+0000] {processor.py:153} INFO - Started process (PID=324) to work on /home/airflow/.local/lib/python3.7/site-packages/airflow/example_dags/example_task_group_decorator.py
[2022-12-03T15:10:52.722+0000] {processor.py:743} INFO - Processing file /home/airflow/.local/lib/python3.7/site-packages/airflow/example_dags/example_task_group_decorator.py for tasks to queue
[2022-12-03T15:10:52.723+0000] {logging_mixin.py:137} INFO - [2022-12-03T15:10:52.723+0000] {dagbag.py:538} INFO - Filling up the DagBag from /home/airflow/.local/lib/python3.7/site-packages/airflow/example_dags/example_task_group_decorator.py
[2022-12-03T15:10:52.748+0000] {processor.py:753} INFO - DAG(s) dict_keys(['example_task_group_decorator']) retrieved from /home/airflow/.local/lib/python3.7/site-packages/airflow/example_dags/example_task_group_decorator.py
[2022-12-03T15:10:52.778+0000] {logging_mixin.py:137} INFO - [2022-12-03T15:10:52.778+0000] {dag.py:2676} INFO - Sync 1 DAGs
[2022-12-03T15:10:52.800+0000] {logging_mixin.py:137} INFO - [2022-12-03T15:10:52.800+0000] {dag.py:3427} INFO - Setting next_dagrun for example_task_group_decorator to 2022-12-02T15:10:52.800526+00:00, run_after=2022-12-03T15:10:52.800526+00:00
[2022-12-03T15:10:52.816+0000] {processor.py:175} INFO - Processing /home/airflow/.local/lib/python3.7/site-packages/airflow/example_dags/example_task_group_decorator.py took 0.100 seconds
[2022-12-03T15:11:23.047+0000] {processor.py:153} INFO - Started process (PID=550) to work on /home/airflow/.local/lib/python3.7/site-packages/airflow/example_dags/example_task_group_decorator.py
[2022-12-03T15:11:23.048+0000] {processor.py:743} INFO - Processing file /home/airflow/.local/lib/python3.7/site-packages/airflow/example_dags/example_task_group_decorator.py for tasks to queue
[2022-12-03T15:11:23.049+0000] {logging_mixin.py:137} INFO - [2022-12-03T15:11:23.049+0000] {dagbag.py:538} INFO - Filling up the DagBag from /home/airflow/.local/lib/python3.7/site-packages/airflow/example_dags/example_task_group_decorator.py
[2022-12-03T15:11:23.067+0000] {processor.py:753} INFO - DAG(s) dict_keys(['example_task_group_decorator']) retrieved from /home/airflow/.local/lib/python3.7/site-packages/airflow/example_dags/example_task_group_decorator.py
[2022-12-03T15:11:23.094+0000] {logging_mixin.py:137} INFO - [2022-12-03T15:11:23.094+0000] {dag.py:2676} INFO - Sync 1 DAGs
[2022-12-03T15:11:23.108+0000] {logging_mixin.py:137} INFO - [2022-12-03T15:11:23.108+0000] {dag.py:3427} INFO - Setting next_dagrun for example_task_group_decorator to 2022-12-02T15:11:23.108682+00:00, run_after=2022-12-03T15:11:23.108682+00:00
[2022-12-03T15:11:23.119+0000] {processor.py:175} INFO - Processing /home/airflow/.local/lib/python3.7/site-packages/airflow/example_dags/example_task_group_decorator.py took 0.074 seconds
[2022-12-03T15:11:53.661+0000] {processor.py:153} INFO - Started process (PID=777) to work on /home/airflow/.local/lib/python3.7/site-packages/airflow/example_dags/example_task_group_decorator.py
[2022-12-03T15:11:53.662+0000] {processor.py:743} INFO - Processing file /home/airflow/.local/lib/python3.7/site-packages/airflow/example_dags/example_task_group_decorator.py for tasks to queue
[2022-12-03T15:11:53.663+0000] {logging_mixin.py:137} INFO - [2022-12-03T15:11:53.663+0000] {dagbag.py:538} INFO - Filling up the DagBag from /home/airflow/.local/lib/python3.7/site-packages/airflow/example_dags/example_task_group_decorator.py
[2022-12-03T15:11:53.681+0000] {processor.py:753} INFO - DAG(s) dict_keys(['example_task_group_decorator']) retrieved from /home/airflow/.local/lib/python3.7/site-packages/airflow/example_dags/example_task_group_decorator.py
[2022-12-03T15:11:53.707+0000] {logging_mixin.py:137} INFO - [2022-12-03T15:11:53.707+0000] {dag.py:2676} INFO - Sync 1 DAGs
[2022-12-03T15:11:53.723+0000] {logging_mixin.py:137} INFO - [2022-12-03T15:11:53.723+0000] {dag.py:3427} INFO - Setting next_dagrun for example_task_group_decorator to 2022-12-02T15:11:53.722908+00:00, run_after=2022-12-03T15:11:53.722908+00:00
[2022-12-03T15:11:53.734+0000] {processor.py:175} INFO - Processing /home/airflow/.local/lib/python3.7/site-packages/airflow/example_dags/example_task_group_decorator.py took 0.075 seconds
[2022-12-03T15:12:23.879+0000] {processor.py:153} INFO - Started process (PID=992) to work on /home/airflow/.local/lib/python3.7/site-packages/airflow/example_dags/example_task_group_decorator.py
[2022-12-03T15:12:23.880+0000] {processor.py:743} INFO - Processing file /home/airflow/.local/lib/python3.7/site-packages/airflow/example_dags/example_task_group_decorator.py for tasks to queue
[2022-12-03T15:12:23.881+0000] {logging_mixin.py:137} INFO - [2022-12-03T15:12:23.881+0000] {dagbag.py:538} INFO - Filling up the DagBag from /home/airflow/.local/lib/python3.7/site-packages/airflow/example_dags/example_task_group_decorator.py
[2022-12-03T15:12:23.900+0000] {processor.py:753} INFO - DAG(s) dict_keys(['example_task_group_decorator']) retrieved from /home/airflow/.local/lib/python3.7/site-packages/airflow/example_dags/example_task_group_decorator.py
[2022-12-03T15:12:23.917+0000] {logging_mixin.py:137} INFO - [2022-12-03T15:12:23.917+0000] {dag.py:2676} INFO - Sync 1 DAGs
[2022-12-03T15:12:23.932+0000] {logging_mixin.py:137} INFO - [2022-12-03T15:12:23.932+0000] {dag.py:3427} INFO - Setting next_dagrun for example_task_group_decorator to 2022-12-02T15:12:23.932492+00:00, run_after=2022-12-03T15:12:23.932492+00:00
[2022-12-03T15:12:23.944+0000] {processor.py:175} INFO - Processing /home/airflow/.local/lib/python3.7/site-packages/airflow/example_dags/example_task_group_decorator.py took 0.067 seconds
[2022-12-03T15:12:54.165+0000] {processor.py:153} INFO - Started process (PID=1218) to work on /home/airflow/.local/lib/python3.7/site-packages/airflow/example_dags/example_task_group_decorator.py
[2022-12-03T15:12:54.165+0000] {processor.py:743} INFO - Processing file /home/airflow/.local/lib/python3.7/site-packages/airflow/example_dags/example_task_group_decorator.py for tasks to queue
[2022-12-03T15:12:54.166+0000] {logging_mixin.py:137} INFO - [2022-12-03T15:12:54.166+0000] {dagbag.py:538} INFO - Filling up the DagBag from /home/airflow/.local/lib/python3.7/site-packages/airflow/example_dags/example_task_group_decorator.py
[2022-12-03T15:12:54.186+0000] {processor.py:753} INFO - DAG(s) dict_keys(['example_task_group_decorator']) retrieved from /home/airflow/.local/lib/python3.7/site-packages/airflow/example_dags/example_task_group_decorator.py
[2022-12-03T15:12:54.204+0000] {logging_mixin.py:137} INFO - [2022-12-03T15:12:54.204+0000] {dag.py:2676} INFO - Sync 1 DAGs
[2022-12-03T15:12:54.220+0000] {logging_mixin.py:137} INFO - [2022-12-03T15:12:54.220+0000] {dag.py:3427} INFO - Setting next_dagrun for example_task_group_decorator to 2022-12-02T15:12:54.219926+00:00, run_after=2022-12-03T15:12:54.219926+00:00
[2022-12-03T15:12:54.231+0000] {processor.py:175} INFO - Processing /home/airflow/.local/lib/python3.7/site-packages/airflow/example_dags/example_task_group_decorator.py took 0.068 seconds
[2022-12-03T15:13:24.907+0000] {processor.py:153} INFO - Started process (PID=1444) to work on /home/airflow/.local/lib/python3.7/site-packages/airflow/example_dags/example_task_group_decorator.py
[2022-12-03T15:13:24.916+0000] {processor.py:743} INFO - Processing file /home/airflow/.local/lib/python3.7/site-packages/airflow/example_dags/example_task_group_decorator.py for tasks to queue
[2022-12-03T15:13:24.917+0000] {logging_mixin.py:137} INFO - [2022-12-03T15:13:24.917+0000] {dagbag.py:538} INFO - Filling up the DagBag from /home/airflow/.local/lib/python3.7/site-packages/airflow/example_dags/example_task_group_decorator.py
[2022-12-03T15:13:24.952+0000] {processor.py:753} INFO - DAG(s) dict_keys(['example_task_group_decorator']) retrieved from /home/airflow/.local/lib/python3.7/site-packages/airflow/example_dags/example_task_group_decorator.py
[2022-12-03T15:13:24.999+0000] {logging_mixin.py:137} INFO - [2022-12-03T15:13:24.999+0000] {dag.py:2676} INFO - Sync 1 DAGs
[2022-12-03T15:13:25.021+0000] {logging_mixin.py:137} INFO - [2022-12-03T15:13:25.021+0000] {dag.py:3427} INFO - Setting next_dagrun for example_task_group_decorator to 2022-12-02T15:13:25.020818+00:00, run_after=2022-12-03T15:13:25.020818+00:00
[2022-12-03T15:13:25.034+0000] {processor.py:175} INFO - Processing /home/airflow/.local/lib/python3.7/site-packages/airflow/example_dags/example_task_group_decorator.py took 0.130 seconds
[2022-12-03T15:13:55.344+0000] {processor.py:153} INFO - Started process (PID=1658) to work on /home/airflow/.local/lib/python3.7/site-packages/airflow/example_dags/example_task_group_decorator.py
[2022-12-03T15:13:55.346+0000] {processor.py:743} INFO - Processing file /home/airflow/.local/lib/python3.7/site-packages/airflow/example_dags/example_task_group_decorator.py for tasks to queue
[2022-12-03T15:13:55.347+0000] {logging_mixin.py:137} INFO - [2022-12-03T15:13:55.346+0000] {dagbag.py:538} INFO - Filling up the DagBag from /home/airflow/.local/lib/python3.7/site-packages/airflow/example_dags/example_task_group_decorator.py
[2022-12-03T15:13:55.369+0000] {processor.py:753} INFO - DAG(s) dict_keys(['example_task_group_decorator']) retrieved from /home/airflow/.local/lib/python3.7/site-packages/airflow/example_dags/example_task_group_decorator.py
[2022-12-03T15:13:55.396+0000] {logging_mixin.py:137} INFO - [2022-12-03T15:13:55.396+0000] {dag.py:2676} INFO - Sync 1 DAGs
[2022-12-03T15:13:55.411+0000] {logging_mixin.py:137} INFO - [2022-12-03T15:13:55.411+0000] {dag.py:3427} INFO - Setting next_dagrun for example_task_group_decorator to 2022-12-02T15:13:55.410846+00:00, run_after=2022-12-03T15:13:55.410846+00:00
[2022-12-03T15:13:55.423+0000] {processor.py:175} INFO - Processing /home/airflow/.local/lib/python3.7/site-packages/airflow/example_dags/example_task_group_decorator.py took 0.082 seconds
[2022-12-03T15:14:25.505+0000] {processor.py:153} INFO - Started process (PID=1884) to work on /home/airflow/.local/lib/python3.7/site-packages/airflow/example_dags/example_task_group_decorator.py
[2022-12-03T15:14:25.506+0000] {processor.py:743} INFO - Processing file /home/airflow/.local/lib/python3.7/site-packages/airflow/example_dags/example_task_group_decorator.py for tasks to queue
[2022-12-03T15:14:25.507+0000] {logging_mixin.py:137} INFO - [2022-12-03T15:14:25.507+0000] {dagbag.py:538} INFO - Filling up the DagBag from /home/airflow/.local/lib/python3.7/site-packages/airflow/example_dags/example_task_group_decorator.py
[2022-12-03T15:14:25.529+0000] {processor.py:753} INFO - DAG(s) dict_keys(['example_task_group_decorator']) retrieved from /home/airflow/.local/lib/python3.7/site-packages/airflow/example_dags/example_task_group_decorator.py
[2022-12-03T15:14:25.558+0000] {logging_mixin.py:137} INFO - [2022-12-03T15:14:25.558+0000] {dag.py:2676} INFO - Sync 1 DAGs
[2022-12-03T15:14:25.576+0000] {logging_mixin.py:137} INFO - [2022-12-03T15:14:25.575+0000] {dag.py:3427} INFO - Setting next_dagrun for example_task_group_decorator to 2022-12-02T15:14:25.575760+00:00, run_after=2022-12-03T15:14:25.575760+00:00
[2022-12-03T15:14:25.590+0000] {processor.py:175} INFO - Processing /home/airflow/.local/lib/python3.7/site-packages/airflow/example_dags/example_task_group_decorator.py took 0.089 seconds
[2022-12-03T15:15:12.822+0000] {processor.py:153} INFO - Started process (PID=323) to work on /home/airflow/.local/lib/python3.7/site-packages/airflow/example_dags/example_task_group_decorator.py
[2022-12-03T15:15:12.823+0000] {processor.py:743} INFO - Processing file /home/airflow/.local/lib/python3.7/site-packages/airflow/example_dags/example_task_group_decorator.py for tasks to queue
[2022-12-03T15:15:12.824+0000] {logging_mixin.py:137} INFO - [2022-12-03T15:15:12.824+0000] {dagbag.py:538} INFO - Filling up the DagBag from /home/airflow/.local/lib/python3.7/site-packages/airflow/example_dags/example_task_group_decorator.py
[2022-12-03T15:15:12.846+0000] {processor.py:753} INFO - DAG(s) dict_keys(['example_task_group_decorator']) retrieved from /home/airflow/.local/lib/python3.7/site-packages/airflow/example_dags/example_task_group_decorator.py
[2022-12-03T15:15:12.884+0000] {logging_mixin.py:137} INFO - [2022-12-03T15:15:12.884+0000] {dag.py:2676} INFO - Sync 1 DAGs
[2022-12-03T15:15:12.908+0000] {logging_mixin.py:137} INFO - [2022-12-03T15:15:12.908+0000] {dag.py:3427} INFO - Setting next_dagrun for example_task_group_decorator to 2022-12-02T15:15:12.907648+00:00, run_after=2022-12-03T15:15:12.907648+00:00
[2022-12-03T15:15:12.927+0000] {processor.py:175} INFO - Processing /home/airflow/.local/lib/python3.7/site-packages/airflow/example_dags/example_task_group_decorator.py took 0.109 seconds
[2022-12-03T15:21:19.289+0000] {processor.py:153} INFO - Started process (PID=323) to work on /home/airflow/.local/lib/python3.7/site-packages/airflow/example_dags/example_task_group_decorator.py
[2022-12-03T15:21:19.290+0000] {processor.py:743} INFO - Processing file /home/airflow/.local/lib/python3.7/site-packages/airflow/example_dags/example_task_group_decorator.py for tasks to queue
[2022-12-03T15:21:19.291+0000] {logging_mixin.py:137} INFO - [2022-12-03T15:21:19.291+0000] {dagbag.py:538} INFO - Filling up the DagBag from /home/airflow/.local/lib/python3.7/site-packages/airflow/example_dags/example_task_group_decorator.py
[2022-12-03T15:21:19.310+0000] {processor.py:753} INFO - DAG(s) dict_keys(['example_task_group_decorator']) retrieved from /home/airflow/.local/lib/python3.7/site-packages/airflow/example_dags/example_task_group_decorator.py
[2022-12-03T15:21:19.331+0000] {logging_mixin.py:137} INFO - [2022-12-03T15:21:19.331+0000] {dag.py:2676} INFO - Sync 1 DAGs
[2022-12-03T15:21:19.349+0000] {logging_mixin.py:137} INFO - [2022-12-03T15:21:19.349+0000] {dag.py:3427} INFO - Setting next_dagrun for example_task_group_decorator to 2022-12-02T15:21:19.348793+00:00, run_after=2022-12-03T15:21:19.348793+00:00
[2022-12-03T15:21:19.362+0000] {processor.py:175} INFO - Processing /home/airflow/.local/lib/python3.7/site-packages/airflow/example_dags/example_task_group_decorator.py took 0.076 seconds
[2022-12-03T15:21:49.520+0000] {processor.py:153} INFO - Started process (PID=547) to work on /home/airflow/.local/lib/python3.7/site-packages/airflow/example_dags/example_task_group_decorator.py
[2022-12-03T15:21:49.521+0000] {processor.py:743} INFO - Processing file /home/airflow/.local/lib/python3.7/site-packages/airflow/example_dags/example_task_group_decorator.py for tasks to queue
[2022-12-03T15:21:49.522+0000] {logging_mixin.py:137} INFO - [2022-12-03T15:21:49.522+0000] {dagbag.py:538} INFO - Filling up the DagBag from /home/airflow/.local/lib/python3.7/site-packages/airflow/example_dags/example_task_group_decorator.py
[2022-12-03T15:21:49.540+0000] {processor.py:753} INFO - DAG(s) dict_keys(['example_task_group_decorator']) retrieved from /home/airflow/.local/lib/python3.7/site-packages/airflow/example_dags/example_task_group_decorator.py
[2022-12-03T15:21:49.567+0000] {logging_mixin.py:137} INFO - [2022-12-03T15:21:49.567+0000] {dag.py:2676} INFO - Sync 1 DAGs
[2022-12-03T15:21:49.581+0000] {logging_mixin.py:137} INFO - [2022-12-03T15:21:49.581+0000] {dag.py:3427} INFO - Setting next_dagrun for example_task_group_decorator to 2022-12-02T15:21:49.581489+00:00, run_after=2022-12-03T15:21:49.581489+00:00
[2022-12-03T15:21:49.593+0000] {processor.py:175} INFO - Processing /home/airflow/.local/lib/python3.7/site-packages/airflow/example_dags/example_task_group_decorator.py took 0.076 seconds
[2022-12-03T15:22:19.775+0000] {processor.py:153} INFO - Started process (PID=760) to work on /home/airflow/.local/lib/python3.7/site-packages/airflow/example_dags/example_task_group_decorator.py
[2022-12-03T15:22:19.776+0000] {processor.py:743} INFO - Processing file /home/airflow/.local/lib/python3.7/site-packages/airflow/example_dags/example_task_group_decorator.py for tasks to queue
[2022-12-03T15:22:19.777+0000] {logging_mixin.py:137} INFO - [2022-12-03T15:22:19.777+0000] {dagbag.py:538} INFO - Filling up the DagBag from /home/airflow/.local/lib/python3.7/site-packages/airflow/example_dags/example_task_group_decorator.py
[2022-12-03T15:22:19.794+0000] {processor.py:753} INFO - DAG(s) dict_keys(['example_task_group_decorator']) retrieved from /home/airflow/.local/lib/python3.7/site-packages/airflow/example_dags/example_task_group_decorator.py
[2022-12-03T15:22:19.820+0000] {logging_mixin.py:137} INFO - [2022-12-03T15:22:19.820+0000] {dag.py:2676} INFO - Sync 1 DAGs
[2022-12-03T15:22:19.835+0000] {logging_mixin.py:137} INFO - [2022-12-03T15:22:19.835+0000] {dag.py:3427} INFO - Setting next_dagrun for example_task_group_decorator to 2022-12-02T15:22:19.835378+00:00, run_after=2022-12-03T15:22:19.835378+00:00
[2022-12-03T15:22:19.847+0000] {processor.py:175} INFO - Processing /home/airflow/.local/lib/python3.7/site-packages/airflow/example_dags/example_task_group_decorator.py took 0.075 seconds
[2022-12-03T15:22:50.476+0000] {processor.py:153} INFO - Started process (PID=986) to work on /home/airflow/.local/lib/python3.7/site-packages/airflow/example_dags/example_task_group_decorator.py
[2022-12-03T15:22:50.477+0000] {processor.py:743} INFO - Processing file /home/airflow/.local/lib/python3.7/site-packages/airflow/example_dags/example_task_group_decorator.py for tasks to queue
[2022-12-03T15:22:50.478+0000] {logging_mixin.py:137} INFO - [2022-12-03T15:22:50.478+0000] {dagbag.py:538} INFO - Filling up the DagBag from /home/airflow/.local/lib/python3.7/site-packages/airflow/example_dags/example_task_group_decorator.py
[2022-12-03T15:22:50.496+0000] {processor.py:753} INFO - DAG(s) dict_keys(['example_task_group_decorator']) retrieved from /home/airflow/.local/lib/python3.7/site-packages/airflow/example_dags/example_task_group_decorator.py
[2022-12-03T15:22:50.526+0000] {logging_mixin.py:137} INFO - [2022-12-03T15:22:50.526+0000] {dag.py:2676} INFO - Sync 1 DAGs
[2022-12-03T15:22:50.543+0000] {logging_mixin.py:137} INFO - [2022-12-03T15:22:50.543+0000] {dag.py:3427} INFO - Setting next_dagrun for example_task_group_decorator to 2022-12-02T15:22:50.543138+00:00, run_after=2022-12-03T15:22:50.543138+00:00
[2022-12-03T15:22:50.557+0000] {processor.py:175} INFO - Processing /home/airflow/.local/lib/python3.7/site-packages/airflow/example_dags/example_task_group_decorator.py took 0.085 seconds
[2022-12-03T15:23:21.175+0000] {processor.py:153} INFO - Started process (PID=1213) to work on /home/airflow/.local/lib/python3.7/site-packages/airflow/example_dags/example_task_group_decorator.py
[2022-12-03T15:23:21.177+0000] {processor.py:743} INFO - Processing file /home/airflow/.local/lib/python3.7/site-packages/airflow/example_dags/example_task_group_decorator.py for tasks to queue
[2022-12-03T15:23:21.178+0000] {logging_mixin.py:137} INFO - [2022-12-03T15:23:21.178+0000] {dagbag.py:538} INFO - Filling up the DagBag from /home/airflow/.local/lib/python3.7/site-packages/airflow/example_dags/example_task_group_decorator.py
[2022-12-03T15:23:21.197+0000] {processor.py:753} INFO - DAG(s) dict_keys(['example_task_group_decorator']) retrieved from /home/airflow/.local/lib/python3.7/site-packages/airflow/example_dags/example_task_group_decorator.py
[2022-12-03T15:23:21.227+0000] {logging_mixin.py:137} INFO - [2022-12-03T15:23:21.227+0000] {dag.py:2676} INFO - Sync 1 DAGs
[2022-12-03T15:23:21.243+0000] {logging_mixin.py:137} INFO - [2022-12-03T15:23:21.243+0000] {dag.py:3427} INFO - Setting next_dagrun for example_task_group_decorator to 2022-12-02T15:23:21.243110+00:00, run_after=2022-12-03T15:23:21.243110+00:00
[2022-12-03T15:23:21.255+0000] {processor.py:175} INFO - Processing /home/airflow/.local/lib/python3.7/site-packages/airflow/example_dags/example_task_group_decorator.py took 0.083 seconds
[2022-12-03T15:23:51.602+0000] {processor.py:153} INFO - Started process (PID=1427) to work on /home/airflow/.local/lib/python3.7/site-packages/airflow/example_dags/example_task_group_decorator.py
[2022-12-03T15:23:51.604+0000] {processor.py:743} INFO - Processing file /home/airflow/.local/lib/python3.7/site-packages/airflow/example_dags/example_task_group_decorator.py for tasks to queue
[2022-12-03T15:23:51.605+0000] {logging_mixin.py:137} INFO - [2022-12-03T15:23:51.605+0000] {dagbag.py:538} INFO - Filling up the DagBag from /home/airflow/.local/lib/python3.7/site-packages/airflow/example_dags/example_task_group_decorator.py
[2022-12-03T15:23:51.665+0000] {processor.py:753} INFO - DAG(s) dict_keys(['example_task_group_decorator']) retrieved from /home/airflow/.local/lib/python3.7/site-packages/airflow/example_dags/example_task_group_decorator.py
[2022-12-03T15:23:51.697+0000] {logging_mixin.py:137} INFO - [2022-12-03T15:23:51.697+0000] {dag.py:2676} INFO - Sync 1 DAGs
[2022-12-03T15:23:51.715+0000] {logging_mixin.py:137} INFO - [2022-12-03T15:23:51.715+0000] {dag.py:3427} INFO - Setting next_dagrun for example_task_group_decorator to 2022-12-02T15:23:51.715434+00:00, run_after=2022-12-03T15:23:51.715434+00:00
[2022-12-03T15:23:51.728+0000] {processor.py:175} INFO - Processing /home/airflow/.local/lib/python3.7/site-packages/airflow/example_dags/example_task_group_decorator.py took 0.130 seconds
[2022-12-03T15:24:21.968+0000] {processor.py:153} INFO - Started process (PID=1654) to work on /home/airflow/.local/lib/python3.7/site-packages/airflow/example_dags/example_task_group_decorator.py
[2022-12-03T15:24:21.969+0000] {processor.py:743} INFO - Processing file /home/airflow/.local/lib/python3.7/site-packages/airflow/example_dags/example_task_group_decorator.py for tasks to queue
[2022-12-03T15:24:21.969+0000] {logging_mixin.py:137} INFO - [2022-12-03T15:24:21.969+0000] {dagbag.py:538} INFO - Filling up the DagBag from /home/airflow/.local/lib/python3.7/site-packages/airflow/example_dags/example_task_group_decorator.py
[2022-12-03T15:24:21.988+0000] {processor.py:753} INFO - DAG(s) dict_keys(['example_task_group_decorator']) retrieved from /home/airflow/.local/lib/python3.7/site-packages/airflow/example_dags/example_task_group_decorator.py
[2022-12-03T15:24:22.015+0000] {logging_mixin.py:137} INFO - [2022-12-03T15:24:22.015+0000] {dag.py:2676} INFO - Sync 1 DAGs
[2022-12-03T15:24:22.029+0000] {logging_mixin.py:137} INFO - [2022-12-03T15:24:22.029+0000] {dag.py:3427} INFO - Setting next_dagrun for example_task_group_decorator to 2022-12-02T15:24:22.029358+00:00, run_after=2022-12-03T15:24:22.029358+00:00
[2022-12-03T15:24:22.041+0000] {processor.py:175} INFO - Processing /home/airflow/.local/lib/python3.7/site-packages/airflow/example_dags/example_task_group_decorator.py took 0.076 seconds
[2022-12-03T15:24:52.503+0000] {processor.py:153} INFO - Started process (PID=1879) to work on /home/airflow/.local/lib/python3.7/site-packages/airflow/example_dags/example_task_group_decorator.py
[2022-12-03T15:24:52.504+0000] {processor.py:743} INFO - Processing file /home/airflow/.local/lib/python3.7/site-packages/airflow/example_dags/example_task_group_decorator.py for tasks to queue
[2022-12-03T15:24:52.505+0000] {logging_mixin.py:137} INFO - [2022-12-03T15:24:52.505+0000] {dagbag.py:538} INFO - Filling up the DagBag from /home/airflow/.local/lib/python3.7/site-packages/airflow/example_dags/example_task_group_decorator.py
[2022-12-03T15:24:52.523+0000] {processor.py:753} INFO - DAG(s) dict_keys(['example_task_group_decorator']) retrieved from /home/airflow/.local/lib/python3.7/site-packages/airflow/example_dags/example_task_group_decorator.py
[2022-12-03T15:24:52.549+0000] {logging_mixin.py:137} INFO - [2022-12-03T15:24:52.549+0000] {dag.py:2676} INFO - Sync 1 DAGs
[2022-12-03T15:24:52.565+0000] {logging_mixin.py:137} INFO - [2022-12-03T15:24:52.564+0000] {dag.py:3427} INFO - Setting next_dagrun for example_task_group_decorator to 2022-12-02T15:24:52.564776+00:00, run_after=2022-12-03T15:24:52.564776+00:00
[2022-12-03T15:24:52.576+0000] {processor.py:175} INFO - Processing /home/airflow/.local/lib/python3.7/site-packages/airflow/example_dags/example_task_group_decorator.py took 0.076 seconds
[2022-12-03T15:25:22.877+0000] {processor.py:153} INFO - Started process (PID=2094) to work on /home/airflow/.local/lib/python3.7/site-packages/airflow/example_dags/example_task_group_decorator.py
[2022-12-03T15:25:22.878+0000] {processor.py:743} INFO - Processing file /home/airflow/.local/lib/python3.7/site-packages/airflow/example_dags/example_task_group_decorator.py for tasks to queue
[2022-12-03T15:25:22.878+0000] {logging_mixin.py:137} INFO - [2022-12-03T15:25:22.878+0000] {dagbag.py:538} INFO - Filling up the DagBag from /home/airflow/.local/lib/python3.7/site-packages/airflow/example_dags/example_task_group_decorator.py
[2022-12-03T15:25:22.895+0000] {processor.py:753} INFO - DAG(s) dict_keys(['example_task_group_decorator']) retrieved from /home/airflow/.local/lib/python3.7/site-packages/airflow/example_dags/example_task_group_decorator.py
[2022-12-03T15:25:22.921+0000] {logging_mixin.py:137} INFO - [2022-12-03T15:25:22.921+0000] {dag.py:2676} INFO - Sync 1 DAGs
[2022-12-03T15:25:22.935+0000] {logging_mixin.py:137} INFO - [2022-12-03T15:25:22.935+0000] {dag.py:3427} INFO - Setting next_dagrun for example_task_group_decorator to 2022-12-02T15:25:22.935365+00:00, run_after=2022-12-03T15:25:22.935365+00:00
[2022-12-03T15:25:22.947+0000] {processor.py:175} INFO - Processing /home/airflow/.local/lib/python3.7/site-packages/airflow/example_dags/example_task_group_decorator.py took 0.073 seconds
[2022-12-03T15:25:53.086+0000] {processor.py:153} INFO - Started process (PID=2320) to work on /home/airflow/.local/lib/python3.7/site-packages/airflow/example_dags/example_task_group_decorator.py
[2022-12-03T15:25:53.087+0000] {processor.py:743} INFO - Processing file /home/airflow/.local/lib/python3.7/site-packages/airflow/example_dags/example_task_group_decorator.py for tasks to queue
[2022-12-03T15:25:53.088+0000] {logging_mixin.py:137} INFO - [2022-12-03T15:25:53.088+0000] {dagbag.py:538} INFO - Filling up the DagBag from /home/airflow/.local/lib/python3.7/site-packages/airflow/example_dags/example_task_group_decorator.py
[2022-12-03T15:25:53.105+0000] {processor.py:753} INFO - DAG(s) dict_keys(['example_task_group_decorator']) retrieved from /home/airflow/.local/lib/python3.7/site-packages/airflow/example_dags/example_task_group_decorator.py
[2022-12-03T15:25:53.132+0000] {logging_mixin.py:137} INFO - [2022-12-03T15:25:53.132+0000] {dag.py:2676} INFO - Sync 1 DAGs
[2022-12-03T15:25:53.148+0000] {logging_mixin.py:137} INFO - [2022-12-03T15:25:53.148+0000] {dag.py:3427} INFO - Setting next_dagrun for example_task_group_decorator to 2022-12-02T15:25:53.148229+00:00, run_after=2022-12-03T15:25:53.148229+00:00
[2022-12-03T15:25:53.159+0000] {processor.py:175} INFO - Processing /home/airflow/.local/lib/python3.7/site-packages/airflow/example_dags/example_task_group_decorator.py took 0.075 seconds
[2022-12-03T15:26:23.587+0000] {processor.py:153} INFO - Started process (PID=2545) to work on /home/airflow/.local/lib/python3.7/site-packages/airflow/example_dags/example_task_group_decorator.py
[2022-12-03T15:26:23.588+0000] {processor.py:743} INFO - Processing file /home/airflow/.local/lib/python3.7/site-packages/airflow/example_dags/example_task_group_decorator.py for tasks to queue
[2022-12-03T15:26:23.589+0000] {logging_mixin.py:137} INFO - [2022-12-03T15:26:23.589+0000] {dagbag.py:538} INFO - Filling up the DagBag from /home/airflow/.local/lib/python3.7/site-packages/airflow/example_dags/example_task_group_decorator.py
[2022-12-03T15:26:23.607+0000] {processor.py:753} INFO - DAG(s) dict_keys(['example_task_group_decorator']) retrieved from /home/airflow/.local/lib/python3.7/site-packages/airflow/example_dags/example_task_group_decorator.py
[2022-12-03T15:26:23.633+0000] {logging_mixin.py:137} INFO - [2022-12-03T15:26:23.633+0000] {dag.py:2676} INFO - Sync 1 DAGs
[2022-12-03T15:26:23.647+0000] {logging_mixin.py:137} INFO - [2022-12-03T15:26:23.647+0000] {dag.py:3427} INFO - Setting next_dagrun for example_task_group_decorator to 2022-12-02T15:26:23.646955+00:00, run_after=2022-12-03T15:26:23.646955+00:00
[2022-12-03T15:26:23.658+0000] {processor.py:175} INFO - Processing /home/airflow/.local/lib/python3.7/site-packages/airflow/example_dags/example_task_group_decorator.py took 0.074 seconds
[2022-12-03T15:26:53.783+0000] {processor.py:153} INFO - Started process (PID=2759) to work on /home/airflow/.local/lib/python3.7/site-packages/airflow/example_dags/example_task_group_decorator.py
[2022-12-03T15:26:53.785+0000] {processor.py:743} INFO - Processing file /home/airflow/.local/lib/python3.7/site-packages/airflow/example_dags/example_task_group_decorator.py for tasks to queue
[2022-12-03T15:26:53.786+0000] {logging_mixin.py:137} INFO - [2022-12-03T15:26:53.786+0000] {dagbag.py:538} INFO - Filling up the DagBag from /home/airflow/.local/lib/python3.7/site-packages/airflow/example_dags/example_task_group_decorator.py
[2022-12-03T15:26:53.803+0000] {processor.py:753} INFO - DAG(s) dict_keys(['example_task_group_decorator']) retrieved from /home/airflow/.local/lib/python3.7/site-packages/airflow/example_dags/example_task_group_decorator.py
[2022-12-03T15:26:53.832+0000] {logging_mixin.py:137} INFO - [2022-12-03T15:26:53.832+0000] {dag.py:2676} INFO - Sync 1 DAGs
[2022-12-03T15:26:53.848+0000] {logging_mixin.py:137} INFO - [2022-12-03T15:26:53.848+0000] {dag.py:3427} INFO - Setting next_dagrun for example_task_group_decorator to 2022-12-02T15:26:53.848098+00:00, run_after=2022-12-03T15:26:53.848098+00:00
[2022-12-03T15:26:53.858+0000] {processor.py:175} INFO - Processing /home/airflow/.local/lib/python3.7/site-packages/airflow/example_dags/example_task_group_decorator.py took 0.077 seconds
[2022-12-03T15:27:25.051+0000] {processor.py:153} INFO - Started process (PID=2985) to work on /home/airflow/.local/lib/python3.7/site-packages/airflow/example_dags/example_task_group_decorator.py
[2022-12-03T15:27:25.052+0000] {processor.py:743} INFO - Processing file /home/airflow/.local/lib/python3.7/site-packages/airflow/example_dags/example_task_group_decorator.py for tasks to queue
[2022-12-03T15:27:25.053+0000] {logging_mixin.py:137} INFO - [2022-12-03T15:27:25.053+0000] {dagbag.py:538} INFO - Filling up the DagBag from /home/airflow/.local/lib/python3.7/site-packages/airflow/example_dags/example_task_group_decorator.py
[2022-12-03T15:27:25.071+0000] {processor.py:753} INFO - DAG(s) dict_keys(['example_task_group_decorator']) retrieved from /home/airflow/.local/lib/python3.7/site-packages/airflow/example_dags/example_task_group_decorator.py
[2022-12-03T15:27:25.098+0000] {logging_mixin.py:137} INFO - [2022-12-03T15:27:25.098+0000] {dag.py:2676} INFO - Sync 1 DAGs
[2022-12-03T15:27:25.112+0000] {logging_mixin.py:137} INFO - [2022-12-03T15:27:25.112+0000] {dag.py:3427} INFO - Setting next_dagrun for example_task_group_decorator to 2022-12-02T15:27:25.112087+00:00, run_after=2022-12-03T15:27:25.112087+00:00
[2022-12-03T15:27:25.122+0000] {processor.py:175} INFO - Processing /home/airflow/.local/lib/python3.7/site-packages/airflow/example_dags/example_task_group_decorator.py took 0.074 seconds
[2022-12-03T15:27:55.371+0000] {processor.py:153} INFO - Started process (PID=3212) to work on /home/airflow/.local/lib/python3.7/site-packages/airflow/example_dags/example_task_group_decorator.py
[2022-12-03T15:27:55.372+0000] {processor.py:743} INFO - Processing file /home/airflow/.local/lib/python3.7/site-packages/airflow/example_dags/example_task_group_decorator.py for tasks to queue
[2022-12-03T15:27:55.373+0000] {logging_mixin.py:137} INFO - [2022-12-03T15:27:55.373+0000] {dagbag.py:538} INFO - Filling up the DagBag from /home/airflow/.local/lib/python3.7/site-packages/airflow/example_dags/example_task_group_decorator.py
[2022-12-03T15:27:55.391+0000] {processor.py:753} INFO - DAG(s) dict_keys(['example_task_group_decorator']) retrieved from /home/airflow/.local/lib/python3.7/site-packages/airflow/example_dags/example_task_group_decorator.py
[2022-12-03T15:27:55.417+0000] {logging_mixin.py:137} INFO - [2022-12-03T15:27:55.417+0000] {dag.py:2676} INFO - Sync 1 DAGs
[2022-12-03T15:27:55.432+0000] {logging_mixin.py:137} INFO - [2022-12-03T15:27:55.432+0000] {dag.py:3427} INFO - Setting next_dagrun for example_task_group_decorator to 2022-12-02T15:27:55.432404+00:00, run_after=2022-12-03T15:27:55.432404+00:00
[2022-12-03T15:27:55.443+0000] {processor.py:175} INFO - Processing /home/airflow/.local/lib/python3.7/site-packages/airflow/example_dags/example_task_group_decorator.py took 0.074 seconds
[2022-12-03T15:28:25.874+0000] {processor.py:153} INFO - Started process (PID=3436) to work on /home/airflow/.local/lib/python3.7/site-packages/airflow/example_dags/example_task_group_decorator.py
[2022-12-03T15:28:25.876+0000] {processor.py:743} INFO - Processing file /home/airflow/.local/lib/python3.7/site-packages/airflow/example_dags/example_task_group_decorator.py for tasks to queue
[2022-12-03T15:28:25.877+0000] {logging_mixin.py:137} INFO - [2022-12-03T15:28:25.876+0000] {dagbag.py:538} INFO - Filling up the DagBag from /home/airflow/.local/lib/python3.7/site-packages/airflow/example_dags/example_task_group_decorator.py
[2022-12-03T15:28:25.896+0000] {processor.py:753} INFO - DAG(s) dict_keys(['example_task_group_decorator']) retrieved from /home/airflow/.local/lib/python3.7/site-packages/airflow/example_dags/example_task_group_decorator.py
[2022-12-03T15:28:25.924+0000] {logging_mixin.py:137} INFO - [2022-12-03T15:28:25.924+0000] {dag.py:2676} INFO - Sync 1 DAGs
[2022-12-03T15:28:25.940+0000] {logging_mixin.py:137} INFO - [2022-12-03T15:28:25.940+0000] {dag.py:3427} INFO - Setting next_dagrun for example_task_group_decorator to 2022-12-02T15:28:25.940108+00:00, run_after=2022-12-03T15:28:25.940108+00:00
[2022-12-03T15:28:25.954+0000] {processor.py:175} INFO - Processing /home/airflow/.local/lib/python3.7/site-packages/airflow/example_dags/example_task_group_decorator.py took 0.082 seconds
[2022-12-03T15:28:56.301+0000] {processor.py:153} INFO - Started process (PID=3650) to work on /home/airflow/.local/lib/python3.7/site-packages/airflow/example_dags/example_task_group_decorator.py
[2022-12-03T15:28:56.302+0000] {processor.py:743} INFO - Processing file /home/airflow/.local/lib/python3.7/site-packages/airflow/example_dags/example_task_group_decorator.py for tasks to queue
[2022-12-03T15:28:56.303+0000] {logging_mixin.py:137} INFO - [2022-12-03T15:28:56.303+0000] {dagbag.py:538} INFO - Filling up the DagBag from /home/airflow/.local/lib/python3.7/site-packages/airflow/example_dags/example_task_group_decorator.py
[2022-12-03T15:28:56.320+0000] {processor.py:753} INFO - DAG(s) dict_keys(['example_task_group_decorator']) retrieved from /home/airflow/.local/lib/python3.7/site-packages/airflow/example_dags/example_task_group_decorator.py
[2022-12-03T15:28:56.346+0000] {logging_mixin.py:137} INFO - [2022-12-03T15:28:56.346+0000] {dag.py:2676} INFO - Sync 1 DAGs
[2022-12-03T15:28:56.361+0000] {logging_mixin.py:137} INFO - [2022-12-03T15:28:56.361+0000] {dag.py:3427} INFO - Setting next_dagrun for example_task_group_decorator to 2022-12-02T15:28:56.361232+00:00, run_after=2022-12-03T15:28:56.361232+00:00
[2022-12-03T15:28:56.372+0000] {processor.py:175} INFO - Processing /home/airflow/.local/lib/python3.7/site-packages/airflow/example_dags/example_task_group_decorator.py took 0.073 seconds
[2022-12-03T15:29:26.436+0000] {processor.py:153} INFO - Started process (PID=3876) to work on /home/airflow/.local/lib/python3.7/site-packages/airflow/example_dags/example_task_group_decorator.py
[2022-12-03T15:29:26.437+0000] {processor.py:743} INFO - Processing file /home/airflow/.local/lib/python3.7/site-packages/airflow/example_dags/example_task_group_decorator.py for tasks to queue
[2022-12-03T15:29:26.437+0000] {logging_mixin.py:137} INFO - [2022-12-03T15:29:26.437+0000] {dagbag.py:538} INFO - Filling up the DagBag from /home/airflow/.local/lib/python3.7/site-packages/airflow/example_dags/example_task_group_decorator.py
[2022-12-03T15:29:26.455+0000] {processor.py:753} INFO - DAG(s) dict_keys(['example_task_group_decorator']) retrieved from /home/airflow/.local/lib/python3.7/site-packages/airflow/example_dags/example_task_group_decorator.py
[2022-12-03T15:29:26.482+0000] {logging_mixin.py:137} INFO - [2022-12-03T15:29:26.481+0000] {dag.py:2676} INFO - Sync 1 DAGs
[2022-12-03T15:29:26.496+0000] {logging_mixin.py:137} INFO - [2022-12-03T15:29:26.496+0000] {dag.py:3427} INFO - Setting next_dagrun for example_task_group_decorator to 2022-12-02T15:29:26.496138+00:00, run_after=2022-12-03T15:29:26.496138+00:00
[2022-12-03T15:29:26.507+0000] {processor.py:175} INFO - Processing /home/airflow/.local/lib/python3.7/site-packages/airflow/example_dags/example_task_group_decorator.py took 0.074 seconds
[2022-12-03T15:29:56.855+0000] {processor.py:153} INFO - Started process (PID=4102) to work on /home/airflow/.local/lib/python3.7/site-packages/airflow/example_dags/example_task_group_decorator.py
[2022-12-03T15:29:56.857+0000] {processor.py:743} INFO - Processing file /home/airflow/.local/lib/python3.7/site-packages/airflow/example_dags/example_task_group_decorator.py for tasks to queue
[2022-12-03T15:29:56.858+0000] {logging_mixin.py:137} INFO - [2022-12-03T15:29:56.858+0000] {dagbag.py:538} INFO - Filling up the DagBag from /home/airflow/.local/lib/python3.7/site-packages/airflow/example_dags/example_task_group_decorator.py
[2022-12-03T15:29:56.880+0000] {processor.py:753} INFO - DAG(s) dict_keys(['example_task_group_decorator']) retrieved from /home/airflow/.local/lib/python3.7/site-packages/airflow/example_dags/example_task_group_decorator.py
[2022-12-03T15:29:56.911+0000] {logging_mixin.py:137} INFO - [2022-12-03T15:29:56.910+0000] {dag.py:2676} INFO - Sync 1 DAGs
[2022-12-03T15:29:56.927+0000] {logging_mixin.py:137} INFO - [2022-12-03T15:29:56.927+0000] {dag.py:3427} INFO - Setting next_dagrun for example_task_group_decorator to 2022-12-02T15:29:56.927717+00:00, run_after=2022-12-03T15:29:56.927717+00:00
[2022-12-03T15:29:56.943+0000] {processor.py:175} INFO - Processing /home/airflow/.local/lib/python3.7/site-packages/airflow/example_dags/example_task_group_decorator.py took 0.091 seconds
[2022-12-03T15:30:27.244+0000] {processor.py:153} INFO - Started process (PID=4316) to work on /home/airflow/.local/lib/python3.7/site-packages/airflow/example_dags/example_task_group_decorator.py
[2022-12-03T15:30:27.245+0000] {processor.py:743} INFO - Processing file /home/airflow/.local/lib/python3.7/site-packages/airflow/example_dags/example_task_group_decorator.py for tasks to queue
[2022-12-03T15:30:27.246+0000] {logging_mixin.py:137} INFO - [2022-12-03T15:30:27.246+0000] {dagbag.py:538} INFO - Filling up the DagBag from /home/airflow/.local/lib/python3.7/site-packages/airflow/example_dags/example_task_group_decorator.py
[2022-12-03T15:30:27.264+0000] {processor.py:753} INFO - DAG(s) dict_keys(['example_task_group_decorator']) retrieved from /home/airflow/.local/lib/python3.7/site-packages/airflow/example_dags/example_task_group_decorator.py
[2022-12-03T15:30:27.294+0000] {logging_mixin.py:137} INFO - [2022-12-03T15:30:27.294+0000] {dag.py:2676} INFO - Sync 1 DAGs
[2022-12-03T15:30:27.310+0000] {logging_mixin.py:137} INFO - [2022-12-03T15:30:27.310+0000] {dag.py:3427} INFO - Setting next_dagrun for example_task_group_decorator to 2022-12-02T15:30:27.310144+00:00, run_after=2022-12-03T15:30:27.310144+00:00
[2022-12-03T15:30:27.322+0000] {processor.py:175} INFO - Processing /home/airflow/.local/lib/python3.7/site-packages/airflow/example_dags/example_task_group_decorator.py took 0.081 seconds
[2022-12-03T15:30:57.529+0000] {processor.py:153} INFO - Started process (PID=4542) to work on /home/airflow/.local/lib/python3.7/site-packages/airflow/example_dags/example_task_group_decorator.py
[2022-12-03T15:30:57.531+0000] {processor.py:743} INFO - Processing file /home/airflow/.local/lib/python3.7/site-packages/airflow/example_dags/example_task_group_decorator.py for tasks to queue
[2022-12-03T15:30:57.531+0000] {logging_mixin.py:137} INFO - [2022-12-03T15:30:57.531+0000] {dagbag.py:538} INFO - Filling up the DagBag from /home/airflow/.local/lib/python3.7/site-packages/airflow/example_dags/example_task_group_decorator.py
[2022-12-03T15:30:57.548+0000] {processor.py:753} INFO - DAG(s) dict_keys(['example_task_group_decorator']) retrieved from /home/airflow/.local/lib/python3.7/site-packages/airflow/example_dags/example_task_group_decorator.py
[2022-12-03T15:30:57.575+0000] {logging_mixin.py:137} INFO - [2022-12-03T15:30:57.575+0000] {dag.py:2676} INFO - Sync 1 DAGs
[2022-12-03T15:30:57.591+0000] {logging_mixin.py:137} INFO - [2022-12-03T15:30:57.591+0000] {dag.py:3427} INFO - Setting next_dagrun for example_task_group_decorator to 2022-12-02T15:30:57.591193+00:00, run_after=2022-12-03T15:30:57.591193+00:00
[2022-12-03T15:30:57.602+0000] {processor.py:175} INFO - Processing /home/airflow/.local/lib/python3.7/site-packages/airflow/example_dags/example_task_group_decorator.py took 0.075 seconds
[2022-12-03T15:31:28.057+0000] {processor.py:153} INFO - Started process (PID=4769) to work on /home/airflow/.local/lib/python3.7/site-packages/airflow/example_dags/example_task_group_decorator.py
[2022-12-03T15:31:28.059+0000] {processor.py:743} INFO - Processing file /home/airflow/.local/lib/python3.7/site-packages/airflow/example_dags/example_task_group_decorator.py for tasks to queue
[2022-12-03T15:31:28.059+0000] {logging_mixin.py:137} INFO - [2022-12-03T15:31:28.059+0000] {dagbag.py:538} INFO - Filling up the DagBag from /home/airflow/.local/lib/python3.7/site-packages/airflow/example_dags/example_task_group_decorator.py
[2022-12-03T15:31:28.078+0000] {processor.py:753} INFO - DAG(s) dict_keys(['example_task_group_decorator']) retrieved from /home/airflow/.local/lib/python3.7/site-packages/airflow/example_dags/example_task_group_decorator.py
[2022-12-03T15:31:28.104+0000] {logging_mixin.py:137} INFO - [2022-12-03T15:31:28.104+0000] {dag.py:2676} INFO - Sync 1 DAGs
[2022-12-03T15:31:28.125+0000] {logging_mixin.py:137} INFO - [2022-12-03T15:31:28.125+0000] {dag.py:3427} INFO - Setting next_dagrun for example_task_group_decorator to 2022-12-02T15:31:28.125326+00:00, run_after=2022-12-03T15:31:28.125326+00:00
[2022-12-03T15:31:28.140+0000] {processor.py:175} INFO - Processing /home/airflow/.local/lib/python3.7/site-packages/airflow/example_dags/example_task_group_decorator.py took 0.086 seconds
[2022-12-03T15:31:58.665+0000] {processor.py:153} INFO - Started process (PID=4981) to work on /home/airflow/.local/lib/python3.7/site-packages/airflow/example_dags/example_task_group_decorator.py
[2022-12-03T15:31:58.666+0000] {processor.py:743} INFO - Processing file /home/airflow/.local/lib/python3.7/site-packages/airflow/example_dags/example_task_group_decorator.py for tasks to queue
[2022-12-03T15:31:58.667+0000] {logging_mixin.py:137} INFO - [2022-12-03T15:31:58.667+0000] {dagbag.py:538} INFO - Filling up the DagBag from /home/airflow/.local/lib/python3.7/site-packages/airflow/example_dags/example_task_group_decorator.py
[2022-12-03T15:31:58.684+0000] {processor.py:753} INFO - DAG(s) dict_keys(['example_task_group_decorator']) retrieved from /home/airflow/.local/lib/python3.7/site-packages/airflow/example_dags/example_task_group_decorator.py
[2022-12-03T15:31:58.715+0000] {logging_mixin.py:137} INFO - [2022-12-03T15:31:58.715+0000] {dag.py:2676} INFO - Sync 1 DAGs
[2022-12-03T15:31:58.731+0000] {logging_mixin.py:137} INFO - [2022-12-03T15:31:58.731+0000] {dag.py:3427} INFO - Setting next_dagrun for example_task_group_decorator to 2022-12-02T15:31:58.731429+00:00, run_after=2022-12-03T15:31:58.731429+00:00
[2022-12-03T15:31:58.742+0000] {processor.py:175} INFO - Processing /home/airflow/.local/lib/python3.7/site-packages/airflow/example_dags/example_task_group_decorator.py took 0.081 seconds
[2022-12-03T15:32:29.190+0000] {processor.py:153} INFO - Started process (PID=5207) to work on /home/airflow/.local/lib/python3.7/site-packages/airflow/example_dags/example_task_group_decorator.py
[2022-12-03T15:32:29.191+0000] {processor.py:743} INFO - Processing file /home/airflow/.local/lib/python3.7/site-packages/airflow/example_dags/example_task_group_decorator.py for tasks to queue
[2022-12-03T15:32:29.192+0000] {logging_mixin.py:137} INFO - [2022-12-03T15:32:29.192+0000] {dagbag.py:538} INFO - Filling up the DagBag from /home/airflow/.local/lib/python3.7/site-packages/airflow/example_dags/example_task_group_decorator.py
[2022-12-03T15:32:29.210+0000] {processor.py:753} INFO - DAG(s) dict_keys(['example_task_group_decorator']) retrieved from /home/airflow/.local/lib/python3.7/site-packages/airflow/example_dags/example_task_group_decorator.py
[2022-12-03T15:32:29.237+0000] {logging_mixin.py:137} INFO - [2022-12-03T15:32:29.237+0000] {dag.py:2676} INFO - Sync 1 DAGs
[2022-12-03T15:32:29.253+0000] {logging_mixin.py:137} INFO - [2022-12-03T15:32:29.253+0000] {dag.py:3427} INFO - Setting next_dagrun for example_task_group_decorator to 2022-12-02T15:32:29.253159+00:00, run_after=2022-12-03T15:32:29.253159+00:00
[2022-12-03T15:32:29.266+0000] {processor.py:175} INFO - Processing /home/airflow/.local/lib/python3.7/site-packages/airflow/example_dags/example_task_group_decorator.py took 0.079 seconds
[2022-12-03T15:32:59.938+0000] {processor.py:153} INFO - Started process (PID=5430) to work on /home/airflow/.local/lib/python3.7/site-packages/airflow/example_dags/example_task_group_decorator.py
[2022-12-03T15:32:59.940+0000] {processor.py:743} INFO - Processing file /home/airflow/.local/lib/python3.7/site-packages/airflow/example_dags/example_task_group_decorator.py for tasks to queue
[2022-12-03T15:32:59.942+0000] {logging_mixin.py:137} INFO - [2022-12-03T15:32:59.942+0000] {dagbag.py:538} INFO - Filling up the DagBag from /home/airflow/.local/lib/python3.7/site-packages/airflow/example_dags/example_task_group_decorator.py
[2022-12-03T15:32:59.969+0000] {processor.py:753} INFO - DAG(s) dict_keys(['example_task_group_decorator']) retrieved from /home/airflow/.local/lib/python3.7/site-packages/airflow/example_dags/example_task_group_decorator.py
[2022-12-03T15:33:00.015+0000] {logging_mixin.py:137} INFO - [2022-12-03T15:33:00.015+0000] {dag.py:2676} INFO - Sync 1 DAGs
[2022-12-03T15:33:00.040+0000] {logging_mixin.py:137} INFO - [2022-12-03T15:33:00.040+0000] {dag.py:3427} INFO - Setting next_dagrun for example_task_group_decorator to 2022-12-02T15:33:00.040086+00:00, run_after=2022-12-03T15:33:00.040086+00:00
[2022-12-03T15:33:00.062+0000] {processor.py:175} INFO - Processing /home/airflow/.local/lib/python3.7/site-packages/airflow/example_dags/example_task_group_decorator.py took 0.126 seconds
