[2022-12-03T15:08:52.777+0000] {processor.py:153} INFO - Started process (PID=244) to work on /home/airflow/.local/lib/python3.7/site-packages/airflow/example_dags/example_latest_only.py
[2022-12-03T15:08:52.778+0000] {processor.py:743} INFO - Processing file /home/airflow/.local/lib/python3.7/site-packages/airflow/example_dags/example_latest_only.py for tasks to queue
[2022-12-03T15:08:52.779+0000] {logging_mixin.py:137} INFO - [2022-12-03T15:08:52.779+0000] {dagbag.py:538} INFO - Filling up the DagBag from /home/airflow/.local/lib/python3.7/site-packages/airflow/example_dags/example_latest_only.py
[2022-12-03T15:08:52.791+0000] {processor.py:753} INFO - DAG(s) dict_keys(['latest_only']) retrieved from /home/airflow/.local/lib/python3.7/site-packages/airflow/example_dags/example_latest_only.py
[2022-12-03T15:08:52.812+0000] {logging_mixin.py:137} INFO - [2022-12-03T15:08:52.812+0000] {dag.py:2676} INFO - Sync 1 DAGs
[2022-12-03T15:08:52.827+0000] {logging_mixin.py:137} INFO - [2022-12-03T15:08:52.827+0000] {dag.py:3427} INFO - Setting next_dagrun for latest_only to 2022-12-03T11:08:52.827581+00:00, run_after=2022-12-03T15:08:52.827581+00:00
[2022-12-03T15:08:52.840+0000] {processor.py:175} INFO - Processing /home/airflow/.local/lib/python3.7/site-packages/airflow/example_dags/example_latest_only.py took 0.069 seconds
[2022-12-03T15:09:23.097+0000] {processor.py:153} INFO - Started process (PID=470) to work on /home/airflow/.local/lib/python3.7/site-packages/airflow/example_dags/example_latest_only.py
[2022-12-03T15:09:23.098+0000] {processor.py:743} INFO - Processing file /home/airflow/.local/lib/python3.7/site-packages/airflow/example_dags/example_latest_only.py for tasks to queue
[2022-12-03T15:09:23.099+0000] {logging_mixin.py:137} INFO - [2022-12-03T15:09:23.099+0000] {dagbag.py:538} INFO - Filling up the DagBag from /home/airflow/.local/lib/python3.7/site-packages/airflow/example_dags/example_latest_only.py
[2022-12-03T15:09:23.108+0000] {processor.py:753} INFO - DAG(s) dict_keys(['latest_only']) retrieved from /home/airflow/.local/lib/python3.7/site-packages/airflow/example_dags/example_latest_only.py
[2022-12-03T15:09:23.128+0000] {logging_mixin.py:137} INFO - [2022-12-03T15:09:23.128+0000] {dag.py:2676} INFO - Sync 1 DAGs
[2022-12-03T15:09:23.143+0000] {logging_mixin.py:137} INFO - [2022-12-03T15:09:23.143+0000] {dag.py:3427} INFO - Setting next_dagrun for latest_only to 2022-12-03T11:09:23.143291+00:00, run_after=2022-12-03T15:09:23.143291+00:00
[2022-12-03T15:09:23.154+0000] {processor.py:175} INFO - Processing /home/airflow/.local/lib/python3.7/site-packages/airflow/example_dags/example_latest_only.py took 0.059 seconds
[2022-12-03T15:09:53.419+0000] {processor.py:153} INFO - Started process (PID=683) to work on /home/airflow/.local/lib/python3.7/site-packages/airflow/example_dags/example_latest_only.py
[2022-12-03T15:09:53.420+0000] {processor.py:743} INFO - Processing file /home/airflow/.local/lib/python3.7/site-packages/airflow/example_dags/example_latest_only.py for tasks to queue
[2022-12-03T15:09:53.421+0000] {logging_mixin.py:137} INFO - [2022-12-03T15:09:53.421+0000] {dagbag.py:538} INFO - Filling up the DagBag from /home/airflow/.local/lib/python3.7/site-packages/airflow/example_dags/example_latest_only.py
[2022-12-03T15:09:53.430+0000] {processor.py:753} INFO - DAG(s) dict_keys(['latest_only']) retrieved from /home/airflow/.local/lib/python3.7/site-packages/airflow/example_dags/example_latest_only.py
[2022-12-03T15:09:53.456+0000] {logging_mixin.py:137} INFO - [2022-12-03T15:09:53.456+0000] {dag.py:2676} INFO - Sync 1 DAGs
[2022-12-03T15:09:53.472+0000] {logging_mixin.py:137} INFO - [2022-12-03T15:09:53.472+0000] {dag.py:3427} INFO - Setting next_dagrun for latest_only to 2022-12-03T11:09:53.472165+00:00, run_after=2022-12-03T15:09:53.472165+00:00
[2022-12-03T15:09:53.483+0000] {processor.py:175} INFO - Processing /home/airflow/.local/lib/python3.7/site-packages/airflow/example_dags/example_latest_only.py took 0.066 seconds
[2022-12-03T15:10:51.622+0000] {processor.py:153} INFO - Started process (PID=244) to work on /home/airflow/.local/lib/python3.7/site-packages/airflow/example_dags/example_latest_only.py
[2022-12-03T15:10:51.624+0000] {processor.py:743} INFO - Processing file /home/airflow/.local/lib/python3.7/site-packages/airflow/example_dags/example_latest_only.py for tasks to queue
[2022-12-03T15:10:51.625+0000] {logging_mixin.py:137} INFO - [2022-12-03T15:10:51.625+0000] {dagbag.py:538} INFO - Filling up the DagBag from /home/airflow/.local/lib/python3.7/site-packages/airflow/example_dags/example_latest_only.py
[2022-12-03T15:10:51.638+0000] {processor.py:753} INFO - DAG(s) dict_keys(['latest_only']) retrieved from /home/airflow/.local/lib/python3.7/site-packages/airflow/example_dags/example_latest_only.py
[2022-12-03T15:10:51.663+0000] {logging_mixin.py:137} INFO - [2022-12-03T15:10:51.663+0000] {dag.py:2676} INFO - Sync 1 DAGs
[2022-12-03T15:10:51.685+0000] {logging_mixin.py:137} INFO - [2022-12-03T15:10:51.685+0000] {dag.py:3427} INFO - Setting next_dagrun for latest_only to 2022-12-03T11:10:51.685080+00:00, run_after=2022-12-03T15:10:51.685080+00:00
[2022-12-03T15:10:51.711+0000] {processor.py:175} INFO - Processing /home/airflow/.local/lib/python3.7/site-packages/airflow/example_dags/example_latest_only.py took 0.093 seconds
[2022-12-03T15:11:22.219+0000] {processor.py:153} INFO - Started process (PID=470) to work on /home/airflow/.local/lib/python3.7/site-packages/airflow/example_dags/example_latest_only.py
[2022-12-03T15:11:22.220+0000] {processor.py:743} INFO - Processing file /home/airflow/.local/lib/python3.7/site-packages/airflow/example_dags/example_latest_only.py for tasks to queue
[2022-12-03T15:11:22.220+0000] {logging_mixin.py:137} INFO - [2022-12-03T15:11:22.220+0000] {dagbag.py:538} INFO - Filling up the DagBag from /home/airflow/.local/lib/python3.7/site-packages/airflow/example_dags/example_latest_only.py
[2022-12-03T15:11:22.230+0000] {processor.py:753} INFO - DAG(s) dict_keys(['latest_only']) retrieved from /home/airflow/.local/lib/python3.7/site-packages/airflow/example_dags/example_latest_only.py
[2022-12-03T15:11:22.257+0000] {logging_mixin.py:137} INFO - [2022-12-03T15:11:22.257+0000] {dag.py:2676} INFO - Sync 1 DAGs
[2022-12-03T15:11:22.272+0000] {logging_mixin.py:137} INFO - [2022-12-03T15:11:22.272+0000] {dag.py:3427} INFO - Setting next_dagrun for latest_only to 2022-12-03T11:11:22.272652+00:00, run_after=2022-12-03T15:11:22.272652+00:00
[2022-12-03T15:11:22.283+0000] {processor.py:175} INFO - Processing /home/airflow/.local/lib/python3.7/site-packages/airflow/example_dags/example_latest_only.py took 0.067 seconds
[2022-12-03T15:11:52.708+0000] {processor.py:153} INFO - Started process (PID=697) to work on /home/airflow/.local/lib/python3.7/site-packages/airflow/example_dags/example_latest_only.py
[2022-12-03T15:11:52.711+0000] {processor.py:743} INFO - Processing file /home/airflow/.local/lib/python3.7/site-packages/airflow/example_dags/example_latest_only.py for tasks to queue
[2022-12-03T15:11:52.712+0000] {logging_mixin.py:137} INFO - [2022-12-03T15:11:52.712+0000] {dagbag.py:538} INFO - Filling up the DagBag from /home/airflow/.local/lib/python3.7/site-packages/airflow/example_dags/example_latest_only.py
[2022-12-03T15:11:52.723+0000] {processor.py:753} INFO - DAG(s) dict_keys(['latest_only']) retrieved from /home/airflow/.local/lib/python3.7/site-packages/airflow/example_dags/example_latest_only.py
[2022-12-03T15:11:52.763+0000] {logging_mixin.py:137} INFO - [2022-12-03T15:11:52.763+0000] {dag.py:2676} INFO - Sync 1 DAGs
[2022-12-03T15:11:52.780+0000] {logging_mixin.py:137} INFO - [2022-12-03T15:11:52.780+0000] {dag.py:3427} INFO - Setting next_dagrun for latest_only to 2022-12-03T11:11:52.780388+00:00, run_after=2022-12-03T15:11:52.780388+00:00
[2022-12-03T15:11:52.799+0000] {processor.py:175} INFO - Processing /home/airflow/.local/lib/python3.7/site-packages/airflow/example_dags/example_latest_only.py took 0.094 seconds
[2022-12-03T15:12:23.066+0000] {processor.py:153} INFO - Started process (PID=912) to work on /home/airflow/.local/lib/python3.7/site-packages/airflow/example_dags/example_latest_only.py
[2022-12-03T15:12:23.068+0000] {processor.py:743} INFO - Processing file /home/airflow/.local/lib/python3.7/site-packages/airflow/example_dags/example_latest_only.py for tasks to queue
[2022-12-03T15:12:23.068+0000] {logging_mixin.py:137} INFO - [2022-12-03T15:12:23.068+0000] {dagbag.py:538} INFO - Filling up the DagBag from /home/airflow/.local/lib/python3.7/site-packages/airflow/example_dags/example_latest_only.py
[2022-12-03T15:12:23.078+0000] {processor.py:753} INFO - DAG(s) dict_keys(['latest_only']) retrieved from /home/airflow/.local/lib/python3.7/site-packages/airflow/example_dags/example_latest_only.py
[2022-12-03T15:12:23.097+0000] {logging_mixin.py:137} INFO - [2022-12-03T15:12:23.097+0000] {dag.py:2676} INFO - Sync 1 DAGs
[2022-12-03T15:12:23.112+0000] {logging_mixin.py:137} INFO - [2022-12-03T15:12:23.112+0000] {dag.py:3427} INFO - Setting next_dagrun for latest_only to 2022-12-03T11:12:23.111975+00:00, run_after=2022-12-03T15:12:23.111975+00:00
[2022-12-03T15:12:23.123+0000] {processor.py:175} INFO - Processing /home/airflow/.local/lib/python3.7/site-packages/airflow/example_dags/example_latest_only.py took 0.058 seconds
[2022-12-03T15:12:53.249+0000] {processor.py:153} INFO - Started process (PID=1138) to work on /home/airflow/.local/lib/python3.7/site-packages/airflow/example_dags/example_latest_only.py
[2022-12-03T15:12:53.250+0000] {processor.py:743} INFO - Processing file /home/airflow/.local/lib/python3.7/site-packages/airflow/example_dags/example_latest_only.py for tasks to queue
[2022-12-03T15:12:53.251+0000] {logging_mixin.py:137} INFO - [2022-12-03T15:12:53.251+0000] {dagbag.py:538} INFO - Filling up the DagBag from /home/airflow/.local/lib/python3.7/site-packages/airflow/example_dags/example_latest_only.py
[2022-12-03T15:12:53.262+0000] {processor.py:753} INFO - DAG(s) dict_keys(['latest_only']) retrieved from /home/airflow/.local/lib/python3.7/site-packages/airflow/example_dags/example_latest_only.py
[2022-12-03T15:12:53.283+0000] {logging_mixin.py:137} INFO - [2022-12-03T15:12:53.283+0000] {dag.py:2676} INFO - Sync 1 DAGs
[2022-12-03T15:12:53.302+0000] {logging_mixin.py:137} INFO - [2022-12-03T15:12:53.302+0000] {dag.py:3427} INFO - Setting next_dagrun for latest_only to 2022-12-03T11:12:53.301967+00:00, run_after=2022-12-03T15:12:53.301967+00:00
[2022-12-03T15:12:53.316+0000] {processor.py:175} INFO - Processing /home/airflow/.local/lib/python3.7/site-packages/airflow/example_dags/example_latest_only.py took 0.070 seconds
[2022-12-03T15:13:23.650+0000] {processor.py:153} INFO - Started process (PID=1360) to work on /home/airflow/.local/lib/python3.7/site-packages/airflow/example_dags/example_latest_only.py
[2022-12-03T15:13:23.652+0000] {processor.py:743} INFO - Processing file /home/airflow/.local/lib/python3.7/site-packages/airflow/example_dags/example_latest_only.py for tasks to queue
[2022-12-03T15:13:23.653+0000] {logging_mixin.py:137} INFO - [2022-12-03T15:13:23.653+0000] {dagbag.py:538} INFO - Filling up the DagBag from /home/airflow/.local/lib/python3.7/site-packages/airflow/example_dags/example_latest_only.py
[2022-12-03T15:13:23.664+0000] {processor.py:753} INFO - DAG(s) dict_keys(['latest_only']) retrieved from /home/airflow/.local/lib/python3.7/site-packages/airflow/example_dags/example_latest_only.py
[2022-12-03T15:13:23.692+0000] {logging_mixin.py:137} INFO - [2022-12-03T15:13:23.692+0000] {dag.py:2676} INFO - Sync 1 DAGs
[2022-12-03T15:13:23.710+0000] {logging_mixin.py:137} INFO - [2022-12-03T15:13:23.710+0000] {dag.py:3427} INFO - Setting next_dagrun for latest_only to 2022-12-03T11:13:23.709954+00:00, run_after=2022-12-03T15:13:23.709954+00:00
[2022-12-03T15:13:23.723+0000] {processor.py:175} INFO - Processing /home/airflow/.local/lib/python3.7/site-packages/airflow/example_dags/example_latest_only.py took 0.075 seconds
[2022-12-03T15:13:54.401+0000] {processor.py:153} INFO - Started process (PID=1578) to work on /home/airflow/.local/lib/python3.7/site-packages/airflow/example_dags/example_latest_only.py
[2022-12-03T15:13:54.403+0000] {processor.py:743} INFO - Processing file /home/airflow/.local/lib/python3.7/site-packages/airflow/example_dags/example_latest_only.py for tasks to queue
[2022-12-03T15:13:54.404+0000] {logging_mixin.py:137} INFO - [2022-12-03T15:13:54.404+0000] {dagbag.py:538} INFO - Filling up the DagBag from /home/airflow/.local/lib/python3.7/site-packages/airflow/example_dags/example_latest_only.py
[2022-12-03T15:13:54.414+0000] {processor.py:753} INFO - DAG(s) dict_keys(['latest_only']) retrieved from /home/airflow/.local/lib/python3.7/site-packages/airflow/example_dags/example_latest_only.py
[2022-12-03T15:13:54.442+0000] {logging_mixin.py:137} INFO - [2022-12-03T15:13:54.442+0000] {dag.py:2676} INFO - Sync 1 DAGs
[2022-12-03T15:13:54.457+0000] {logging_mixin.py:137} INFO - [2022-12-03T15:13:54.457+0000] {dag.py:3427} INFO - Setting next_dagrun for latest_only to 2022-12-03T11:13:54.457486+00:00, run_after=2022-12-03T15:13:54.457486+00:00
[2022-12-03T15:13:54.469+0000] {processor.py:175} INFO - Processing /home/airflow/.local/lib/python3.7/site-packages/airflow/example_dags/example_latest_only.py took 0.070 seconds
[2022-12-03T15:14:24.713+0000] {processor.py:153} INFO - Started process (PID=1804) to work on /home/airflow/.local/lib/python3.7/site-packages/airflow/example_dags/example_latest_only.py
[2022-12-03T15:14:24.715+0000] {processor.py:743} INFO - Processing file /home/airflow/.local/lib/python3.7/site-packages/airflow/example_dags/example_latest_only.py for tasks to queue
[2022-12-03T15:14:24.715+0000] {logging_mixin.py:137} INFO - [2022-12-03T15:14:24.715+0000] {dagbag.py:538} INFO - Filling up the DagBag from /home/airflow/.local/lib/python3.7/site-packages/airflow/example_dags/example_latest_only.py
[2022-12-03T15:14:24.725+0000] {processor.py:753} INFO - DAG(s) dict_keys(['latest_only']) retrieved from /home/airflow/.local/lib/python3.7/site-packages/airflow/example_dags/example_latest_only.py
[2022-12-03T15:14:24.752+0000] {logging_mixin.py:137} INFO - [2022-12-03T15:14:24.751+0000] {dag.py:2676} INFO - Sync 1 DAGs
[2022-12-03T15:14:24.767+0000] {logging_mixin.py:137} INFO - [2022-12-03T15:14:24.767+0000] {dag.py:3427} INFO - Setting next_dagrun for latest_only to 2022-12-03T11:14:24.767428+00:00, run_after=2022-12-03T15:14:24.767428+00:00
[2022-12-03T15:14:24.779+0000] {processor.py:175} INFO - Processing /home/airflow/.local/lib/python3.7/site-packages/airflow/example_dags/example_latest_only.py took 0.068 seconds
[2022-12-03T15:15:11.769+0000] {processor.py:153} INFO - Started process (PID=243) to work on /home/airflow/.local/lib/python3.7/site-packages/airflow/example_dags/example_latest_only.py
[2022-12-03T15:15:11.771+0000] {processor.py:743} INFO - Processing file /home/airflow/.local/lib/python3.7/site-packages/airflow/example_dags/example_latest_only.py for tasks to queue
[2022-12-03T15:15:11.772+0000] {logging_mixin.py:137} INFO - [2022-12-03T15:15:11.772+0000] {dagbag.py:538} INFO - Filling up the DagBag from /home/airflow/.local/lib/python3.7/site-packages/airflow/example_dags/example_latest_only.py
[2022-12-03T15:15:11.786+0000] {processor.py:753} INFO - DAG(s) dict_keys(['latest_only']) retrieved from /home/airflow/.local/lib/python3.7/site-packages/airflow/example_dags/example_latest_only.py
[2022-12-03T15:15:11.809+0000] {logging_mixin.py:137} INFO - [2022-12-03T15:15:11.809+0000] {dag.py:2676} INFO - Sync 1 DAGs
[2022-12-03T15:15:11.830+0000] {logging_mixin.py:137} INFO - [2022-12-03T15:15:11.830+0000] {dag.py:3427} INFO - Setting next_dagrun for latest_only to 2022-12-03T11:15:11.830394+00:00, run_after=2022-12-03T15:15:11.830394+00:00
[2022-12-03T15:15:11.843+0000] {processor.py:175} INFO - Processing /home/airflow/.local/lib/python3.7/site-packages/airflow/example_dags/example_latest_only.py took 0.077 seconds
[2022-12-03T15:21:18.458+0000] {processor.py:153} INFO - Started process (PID=243) to work on /home/airflow/.local/lib/python3.7/site-packages/airflow/example_dags/example_latest_only.py
[2022-12-03T15:21:18.459+0000] {processor.py:743} INFO - Processing file /home/airflow/.local/lib/python3.7/site-packages/airflow/example_dags/example_latest_only.py for tasks to queue
[2022-12-03T15:21:18.460+0000] {logging_mixin.py:137} INFO - [2022-12-03T15:21:18.460+0000] {dagbag.py:538} INFO - Filling up the DagBag from /home/airflow/.local/lib/python3.7/site-packages/airflow/example_dags/example_latest_only.py
[2022-12-03T15:21:18.471+0000] {processor.py:753} INFO - DAG(s) dict_keys(['latest_only']) retrieved from /home/airflow/.local/lib/python3.7/site-packages/airflow/example_dags/example_latest_only.py
[2022-12-03T15:21:18.493+0000] {logging_mixin.py:137} INFO - [2022-12-03T15:21:18.493+0000] {dag.py:2676} INFO - Sync 1 DAGs
[2022-12-03T15:21:18.510+0000] {logging_mixin.py:137} INFO - [2022-12-03T15:21:18.510+0000] {dag.py:3427} INFO - Setting next_dagrun for latest_only to 2022-12-03T11:21:18.509898+00:00, run_after=2022-12-03T15:21:18.509898+00:00
[2022-12-03T15:21:18.524+0000] {processor.py:175} INFO - Processing /home/airflow/.local/lib/python3.7/site-packages/airflow/example_dags/example_latest_only.py took 0.069 seconds
[2022-12-03T15:21:48.710+0000] {processor.py:153} INFO - Started process (PID=467) to work on /home/airflow/.local/lib/python3.7/site-packages/airflow/example_dags/example_latest_only.py
[2022-12-03T15:21:48.711+0000] {processor.py:743} INFO - Processing file /home/airflow/.local/lib/python3.7/site-packages/airflow/example_dags/example_latest_only.py for tasks to queue
[2022-12-03T15:21:48.712+0000] {logging_mixin.py:137} INFO - [2022-12-03T15:21:48.712+0000] {dagbag.py:538} INFO - Filling up the DagBag from /home/airflow/.local/lib/python3.7/site-packages/airflow/example_dags/example_latest_only.py
[2022-12-03T15:21:48.721+0000] {processor.py:753} INFO - DAG(s) dict_keys(['latest_only']) retrieved from /home/airflow/.local/lib/python3.7/site-packages/airflow/example_dags/example_latest_only.py
[2022-12-03T15:21:48.748+0000] {logging_mixin.py:137} INFO - [2022-12-03T15:21:48.748+0000] {dag.py:2676} INFO - Sync 1 DAGs
[2022-12-03T15:21:48.764+0000] {logging_mixin.py:137} INFO - [2022-12-03T15:21:48.764+0000] {dag.py:3427} INFO - Setting next_dagrun for latest_only to 2022-12-03T11:21:48.763885+00:00, run_after=2022-12-03T15:21:48.763885+00:00
[2022-12-03T15:21:48.775+0000] {processor.py:175} INFO - Processing /home/airflow/.local/lib/python3.7/site-packages/airflow/example_dags/example_latest_only.py took 0.068 seconds
[2022-12-03T15:22:18.926+0000] {processor.py:153} INFO - Started process (PID=680) to work on /home/airflow/.local/lib/python3.7/site-packages/airflow/example_dags/example_latest_only.py
[2022-12-03T15:22:18.927+0000] {processor.py:743} INFO - Processing file /home/airflow/.local/lib/python3.7/site-packages/airflow/example_dags/example_latest_only.py for tasks to queue
[2022-12-03T15:22:18.928+0000] {logging_mixin.py:137} INFO - [2022-12-03T15:22:18.928+0000] {dagbag.py:538} INFO - Filling up the DagBag from /home/airflow/.local/lib/python3.7/site-packages/airflow/example_dags/example_latest_only.py
[2022-12-03T15:22:18.939+0000] {processor.py:753} INFO - DAG(s) dict_keys(['latest_only']) retrieved from /home/airflow/.local/lib/python3.7/site-packages/airflow/example_dags/example_latest_only.py
[2022-12-03T15:22:18.966+0000] {logging_mixin.py:137} INFO - [2022-12-03T15:22:18.966+0000] {dag.py:2676} INFO - Sync 1 DAGs
[2022-12-03T15:22:18.984+0000] {logging_mixin.py:137} INFO - [2022-12-03T15:22:18.984+0000] {dag.py:3427} INFO - Setting next_dagrun for latest_only to 2022-12-03T11:22:18.984436+00:00, run_after=2022-12-03T15:22:18.984436+00:00
[2022-12-03T15:22:18.996+0000] {processor.py:175} INFO - Processing /home/airflow/.local/lib/python3.7/site-packages/airflow/example_dags/example_latest_only.py took 0.072 seconds
[2022-12-03T15:22:49.411+0000] {processor.py:153} INFO - Started process (PID=906) to work on /home/airflow/.local/lib/python3.7/site-packages/airflow/example_dags/example_latest_only.py
[2022-12-03T15:22:49.412+0000] {processor.py:743} INFO - Processing file /home/airflow/.local/lib/python3.7/site-packages/airflow/example_dags/example_latest_only.py for tasks to queue
[2022-12-03T15:22:49.413+0000] {logging_mixin.py:137} INFO - [2022-12-03T15:22:49.413+0000] {dagbag.py:538} INFO - Filling up the DagBag from /home/airflow/.local/lib/python3.7/site-packages/airflow/example_dags/example_latest_only.py
[2022-12-03T15:22:49.426+0000] {processor.py:753} INFO - DAG(s) dict_keys(['latest_only']) retrieved from /home/airflow/.local/lib/python3.7/site-packages/airflow/example_dags/example_latest_only.py
[2022-12-03T15:22:49.455+0000] {logging_mixin.py:137} INFO - [2022-12-03T15:22:49.455+0000] {dag.py:2676} INFO - Sync 1 DAGs
[2022-12-03T15:22:49.492+0000] {logging_mixin.py:137} INFO - [2022-12-03T15:22:49.491+0000] {dag.py:3427} INFO - Setting next_dagrun for latest_only to 2022-12-03T11:22:49.491464+00:00, run_after=2022-12-03T15:22:49.491464+00:00
[2022-12-03T15:22:49.547+0000] {processor.py:175} INFO - Processing /home/airflow/.local/lib/python3.7/site-packages/airflow/example_dags/example_latest_only.py took 0.139 seconds
[2022-12-03T15:23:20.242+0000] {processor.py:153} INFO - Started process (PID=1133) to work on /home/airflow/.local/lib/python3.7/site-packages/airflow/example_dags/example_latest_only.py
[2022-12-03T15:23:20.243+0000] {processor.py:743} INFO - Processing file /home/airflow/.local/lib/python3.7/site-packages/airflow/example_dags/example_latest_only.py for tasks to queue
[2022-12-03T15:23:20.244+0000] {logging_mixin.py:137} INFO - [2022-12-03T15:23:20.244+0000] {dagbag.py:538} INFO - Filling up the DagBag from /home/airflow/.local/lib/python3.7/site-packages/airflow/example_dags/example_latest_only.py
[2022-12-03T15:23:20.253+0000] {processor.py:753} INFO - DAG(s) dict_keys(['latest_only']) retrieved from /home/airflow/.local/lib/python3.7/site-packages/airflow/example_dags/example_latest_only.py
[2022-12-03T15:23:20.281+0000] {logging_mixin.py:137} INFO - [2022-12-03T15:23:20.281+0000] {dag.py:2676} INFO - Sync 1 DAGs
[2022-12-03T15:23:20.297+0000] {logging_mixin.py:137} INFO - [2022-12-03T15:23:20.297+0000] {dag.py:3427} INFO - Setting next_dagrun for latest_only to 2022-12-03T11:23:20.297367+00:00, run_after=2022-12-03T15:23:20.297367+00:00
[2022-12-03T15:23:20.311+0000] {processor.py:175} INFO - Processing /home/airflow/.local/lib/python3.7/site-packages/airflow/example_dags/example_latest_only.py took 0.072 seconds
[2022-12-03T15:23:50.729+0000] {processor.py:153} INFO - Started process (PID=1347) to work on /home/airflow/.local/lib/python3.7/site-packages/airflow/example_dags/example_latest_only.py
[2022-12-03T15:23:50.730+0000] {processor.py:743} INFO - Processing file /home/airflow/.local/lib/python3.7/site-packages/airflow/example_dags/example_latest_only.py for tasks to queue
[2022-12-03T15:23:50.731+0000] {logging_mixin.py:137} INFO - [2022-12-03T15:23:50.731+0000] {dagbag.py:538} INFO - Filling up the DagBag from /home/airflow/.local/lib/python3.7/site-packages/airflow/example_dags/example_latest_only.py
[2022-12-03T15:23:50.742+0000] {processor.py:753} INFO - DAG(s) dict_keys(['latest_only']) retrieved from /home/airflow/.local/lib/python3.7/site-packages/airflow/example_dags/example_latest_only.py
[2022-12-03T15:23:50.770+0000] {logging_mixin.py:137} INFO - [2022-12-03T15:23:50.769+0000] {dag.py:2676} INFO - Sync 1 DAGs
[2022-12-03T15:23:50.786+0000] {logging_mixin.py:137} INFO - [2022-12-03T15:23:50.786+0000] {dag.py:3427} INFO - Setting next_dagrun for latest_only to 2022-12-03T11:23:50.785889+00:00, run_after=2022-12-03T15:23:50.785889+00:00
[2022-12-03T15:23:50.798+0000] {processor.py:175} INFO - Processing /home/airflow/.local/lib/python3.7/site-packages/airflow/example_dags/example_latest_only.py took 0.072 seconds
[2022-12-03T15:24:21.121+0000] {processor.py:153} INFO - Started process (PID=1574) to work on /home/airflow/.local/lib/python3.7/site-packages/airflow/example_dags/example_latest_only.py
[2022-12-03T15:24:21.122+0000] {processor.py:743} INFO - Processing file /home/airflow/.local/lib/python3.7/site-packages/airflow/example_dags/example_latest_only.py for tasks to queue
[2022-12-03T15:24:21.123+0000] {logging_mixin.py:137} INFO - [2022-12-03T15:24:21.123+0000] {dagbag.py:538} INFO - Filling up the DagBag from /home/airflow/.local/lib/python3.7/site-packages/airflow/example_dags/example_latest_only.py
[2022-12-03T15:24:21.132+0000] {processor.py:753} INFO - DAG(s) dict_keys(['latest_only']) retrieved from /home/airflow/.local/lib/python3.7/site-packages/airflow/example_dags/example_latest_only.py
[2022-12-03T15:24:21.157+0000] {logging_mixin.py:137} INFO - [2022-12-03T15:24:21.157+0000] {dag.py:2676} INFO - Sync 1 DAGs
[2022-12-03T15:24:21.171+0000] {logging_mixin.py:137} INFO - [2022-12-03T15:24:21.171+0000] {dag.py:3427} INFO - Setting next_dagrun for latest_only to 2022-12-03T11:24:21.171446+00:00, run_after=2022-12-03T15:24:21.171446+00:00
[2022-12-03T15:24:21.182+0000] {processor.py:175} INFO - Processing /home/airflow/.local/lib/python3.7/site-packages/airflow/example_dags/example_latest_only.py took 0.063 seconds
[2022-12-03T15:24:51.675+0000] {processor.py:153} INFO - Started process (PID=1799) to work on /home/airflow/.local/lib/python3.7/site-packages/airflow/example_dags/example_latest_only.py
[2022-12-03T15:24:51.677+0000] {processor.py:743} INFO - Processing file /home/airflow/.local/lib/python3.7/site-packages/airflow/example_dags/example_latest_only.py for tasks to queue
[2022-12-03T15:24:51.677+0000] {logging_mixin.py:137} INFO - [2022-12-03T15:24:51.677+0000] {dagbag.py:538} INFO - Filling up the DagBag from /home/airflow/.local/lib/python3.7/site-packages/airflow/example_dags/example_latest_only.py
[2022-12-03T15:24:51.687+0000] {processor.py:753} INFO - DAG(s) dict_keys(['latest_only']) retrieved from /home/airflow/.local/lib/python3.7/site-packages/airflow/example_dags/example_latest_only.py
[2022-12-03T15:24:51.711+0000] {logging_mixin.py:137} INFO - [2022-12-03T15:24:51.711+0000] {dag.py:2676} INFO - Sync 1 DAGs
[2022-12-03T15:24:51.726+0000] {logging_mixin.py:137} INFO - [2022-12-03T15:24:51.726+0000] {dag.py:3427} INFO - Setting next_dagrun for latest_only to 2022-12-03T11:24:51.726047+00:00, run_after=2022-12-03T15:24:51.726047+00:00
[2022-12-03T15:24:51.738+0000] {processor.py:175} INFO - Processing /home/airflow/.local/lib/python3.7/site-packages/airflow/example_dags/example_latest_only.py took 0.065 seconds
[2022-12-03T15:25:21.978+0000] {processor.py:153} INFO - Started process (PID=2016) to work on /home/airflow/.local/lib/python3.7/site-packages/airflow/example_dags/example_latest_only.py
[2022-12-03T15:25:21.979+0000] {processor.py:743} INFO - Processing file /home/airflow/.local/lib/python3.7/site-packages/airflow/example_dags/example_latest_only.py for tasks to queue
[2022-12-03T15:25:21.980+0000] {logging_mixin.py:137} INFO - [2022-12-03T15:25:21.980+0000] {dagbag.py:538} INFO - Filling up the DagBag from /home/airflow/.local/lib/python3.7/site-packages/airflow/example_dags/example_latest_only.py
[2022-12-03T15:25:21.989+0000] {processor.py:753} INFO - DAG(s) dict_keys(['latest_only']) retrieved from /home/airflow/.local/lib/python3.7/site-packages/airflow/example_dags/example_latest_only.py
[2022-12-03T15:25:22.014+0000] {logging_mixin.py:137} INFO - [2022-12-03T15:25:22.014+0000] {dag.py:2676} INFO - Sync 1 DAGs
[2022-12-03T15:25:22.029+0000] {logging_mixin.py:137} INFO - [2022-12-03T15:25:22.029+0000] {dag.py:3427} INFO - Setting next_dagrun for latest_only to 2022-12-03T11:25:22.029513+00:00, run_after=2022-12-03T15:25:22.029513+00:00
[2022-12-03T15:25:22.040+0000] {processor.py:175} INFO - Processing /home/airflow/.local/lib/python3.7/site-packages/airflow/example_dags/example_latest_only.py took 0.065 seconds
[2022-12-03T15:25:52.310+0000] {processor.py:153} INFO - Started process (PID=2240) to work on /home/airflow/.local/lib/python3.7/site-packages/airflow/example_dags/example_latest_only.py
[2022-12-03T15:25:52.312+0000] {processor.py:743} INFO - Processing file /home/airflow/.local/lib/python3.7/site-packages/airflow/example_dags/example_latest_only.py for tasks to queue
[2022-12-03T15:25:52.312+0000] {logging_mixin.py:137} INFO - [2022-12-03T15:25:52.312+0000] {dagbag.py:538} INFO - Filling up the DagBag from /home/airflow/.local/lib/python3.7/site-packages/airflow/example_dags/example_latest_only.py
[2022-12-03T15:25:52.324+0000] {processor.py:753} INFO - DAG(s) dict_keys(['latest_only']) retrieved from /home/airflow/.local/lib/python3.7/site-packages/airflow/example_dags/example_latest_only.py
[2022-12-03T15:25:52.350+0000] {logging_mixin.py:137} INFO - [2022-12-03T15:25:52.350+0000] {dag.py:2676} INFO - Sync 1 DAGs
[2022-12-03T15:25:52.365+0000] {logging_mixin.py:137} INFO - [2022-12-03T15:25:52.365+0000] {dag.py:3427} INFO - Setting next_dagrun for latest_only to 2022-12-03T11:25:52.365089+00:00, run_after=2022-12-03T15:25:52.365089+00:00
[2022-12-03T15:25:52.376+0000] {processor.py:175} INFO - Processing /home/airflow/.local/lib/python3.7/site-packages/airflow/example_dags/example_latest_only.py took 0.069 seconds
[2022-12-03T15:26:22.755+0000] {processor.py:153} INFO - Started process (PID=2465) to work on /home/airflow/.local/lib/python3.7/site-packages/airflow/example_dags/example_latest_only.py
[2022-12-03T15:26:22.756+0000] {processor.py:743} INFO - Processing file /home/airflow/.local/lib/python3.7/site-packages/airflow/example_dags/example_latest_only.py for tasks to queue
[2022-12-03T15:26:22.757+0000] {logging_mixin.py:137} INFO - [2022-12-03T15:26:22.757+0000] {dagbag.py:538} INFO - Filling up the DagBag from /home/airflow/.local/lib/python3.7/site-packages/airflow/example_dags/example_latest_only.py
[2022-12-03T15:26:22.766+0000] {processor.py:753} INFO - DAG(s) dict_keys(['latest_only']) retrieved from /home/airflow/.local/lib/python3.7/site-packages/airflow/example_dags/example_latest_only.py
[2022-12-03T15:26:22.791+0000] {logging_mixin.py:137} INFO - [2022-12-03T15:26:22.791+0000] {dag.py:2676} INFO - Sync 1 DAGs
[2022-12-03T15:26:22.805+0000] {logging_mixin.py:137} INFO - [2022-12-03T15:26:22.805+0000] {dag.py:3427} INFO - Setting next_dagrun for latest_only to 2022-12-03T11:26:22.805449+00:00, run_after=2022-12-03T15:26:22.805449+00:00
[2022-12-03T15:26:22.816+0000] {processor.py:175} INFO - Processing /home/airflow/.local/lib/python3.7/site-packages/airflow/example_dags/example_latest_only.py took 0.063 seconds
[2022-12-03T15:26:53.010+0000] {processor.py:153} INFO - Started process (PID=2679) to work on /home/airflow/.local/lib/python3.7/site-packages/airflow/example_dags/example_latest_only.py
[2022-12-03T15:26:53.011+0000] {processor.py:743} INFO - Processing file /home/airflow/.local/lib/python3.7/site-packages/airflow/example_dags/example_latest_only.py for tasks to queue
[2022-12-03T15:26:53.012+0000] {logging_mixin.py:137} INFO - [2022-12-03T15:26:53.012+0000] {dagbag.py:538} INFO - Filling up the DagBag from /home/airflow/.local/lib/python3.7/site-packages/airflow/example_dags/example_latest_only.py
[2022-12-03T15:26:53.023+0000] {processor.py:753} INFO - DAG(s) dict_keys(['latest_only']) retrieved from /home/airflow/.local/lib/python3.7/site-packages/airflow/example_dags/example_latest_only.py
[2022-12-03T15:26:53.049+0000] {logging_mixin.py:137} INFO - [2022-12-03T15:26:53.049+0000] {dag.py:2676} INFO - Sync 1 DAGs
[2022-12-03T15:26:53.063+0000] {logging_mixin.py:137} INFO - [2022-12-03T15:26:53.063+0000] {dag.py:3427} INFO - Setting next_dagrun for latest_only to 2022-12-03T11:26:53.063556+00:00, run_after=2022-12-03T15:26:53.063556+00:00
[2022-12-03T15:26:53.075+0000] {processor.py:175} INFO - Processing /home/airflow/.local/lib/python3.7/site-packages/airflow/example_dags/example_latest_only.py took 0.068 seconds
[2022-12-03T15:27:24.218+0000] {processor.py:153} INFO - Started process (PID=2905) to work on /home/airflow/.local/lib/python3.7/site-packages/airflow/example_dags/example_latest_only.py
[2022-12-03T15:27:24.219+0000] {processor.py:743} INFO - Processing file /home/airflow/.local/lib/python3.7/site-packages/airflow/example_dags/example_latest_only.py for tasks to queue
[2022-12-03T15:27:24.220+0000] {logging_mixin.py:137} INFO - [2022-12-03T15:27:24.220+0000] {dagbag.py:538} INFO - Filling up the DagBag from /home/airflow/.local/lib/python3.7/site-packages/airflow/example_dags/example_latest_only.py
[2022-12-03T15:27:24.229+0000] {processor.py:753} INFO - DAG(s) dict_keys(['latest_only']) retrieved from /home/airflow/.local/lib/python3.7/site-packages/airflow/example_dags/example_latest_only.py
[2022-12-03T15:27:24.254+0000] {logging_mixin.py:137} INFO - [2022-12-03T15:27:24.254+0000] {dag.py:2676} INFO - Sync 1 DAGs
[2022-12-03T15:27:24.269+0000] {logging_mixin.py:137} INFO - [2022-12-03T15:27:24.269+0000] {dag.py:3427} INFO - Setting next_dagrun for latest_only to 2022-12-03T11:27:24.268960+00:00, run_after=2022-12-03T15:27:24.268960+00:00
[2022-12-03T15:27:24.280+0000] {processor.py:175} INFO - Processing /home/airflow/.local/lib/python3.7/site-packages/airflow/example_dags/example_latest_only.py took 0.064 seconds
[2022-12-03T15:27:54.556+0000] {processor.py:153} INFO - Started process (PID=3134) to work on /home/airflow/.local/lib/python3.7/site-packages/airflow/example_dags/example_latest_only.py
[2022-12-03T15:27:54.557+0000] {processor.py:743} INFO - Processing file /home/airflow/.local/lib/python3.7/site-packages/airflow/example_dags/example_latest_only.py for tasks to queue
[2022-12-03T15:27:54.558+0000] {logging_mixin.py:137} INFO - [2022-12-03T15:27:54.558+0000] {dagbag.py:538} INFO - Filling up the DagBag from /home/airflow/.local/lib/python3.7/site-packages/airflow/example_dags/example_latest_only.py
[2022-12-03T15:27:54.568+0000] {processor.py:753} INFO - DAG(s) dict_keys(['latest_only']) retrieved from /home/airflow/.local/lib/python3.7/site-packages/airflow/example_dags/example_latest_only.py
[2022-12-03T15:27:54.593+0000] {logging_mixin.py:137} INFO - [2022-12-03T15:27:54.593+0000] {dag.py:2676} INFO - Sync 1 DAGs
[2022-12-03T15:27:54.607+0000] {logging_mixin.py:137} INFO - [2022-12-03T15:27:54.607+0000] {dag.py:3427} INFO - Setting next_dagrun for latest_only to 2022-12-03T11:27:54.607446+00:00, run_after=2022-12-03T15:27:54.607446+00:00
[2022-12-03T15:27:54.618+0000] {processor.py:175} INFO - Processing /home/airflow/.local/lib/python3.7/site-packages/airflow/example_dags/example_latest_only.py took 0.064 seconds
[2022-12-03T15:28:24.865+0000] {processor.py:153} INFO - Started process (PID=3345) to work on /home/airflow/.local/lib/python3.7/site-packages/airflow/example_dags/example_latest_only.py
[2022-12-03T15:28:24.866+0000] {processor.py:743} INFO - Processing file /home/airflow/.local/lib/python3.7/site-packages/airflow/example_dags/example_latest_only.py for tasks to queue
[2022-12-03T15:28:24.866+0000] {logging_mixin.py:137} INFO - [2022-12-03T15:28:24.866+0000] {dagbag.py:538} INFO - Filling up the DagBag from /home/airflow/.local/lib/python3.7/site-packages/airflow/example_dags/example_latest_only.py
[2022-12-03T15:28:24.876+0000] {processor.py:753} INFO - DAG(s) dict_keys(['latest_only']) retrieved from /home/airflow/.local/lib/python3.7/site-packages/airflow/example_dags/example_latest_only.py
[2022-12-03T15:28:24.900+0000] {logging_mixin.py:137} INFO - [2022-12-03T15:28:24.900+0000] {dag.py:2676} INFO - Sync 1 DAGs
[2022-12-03T15:28:24.913+0000] {logging_mixin.py:137} INFO - [2022-12-03T15:28:24.913+0000] {dag.py:3427} INFO - Setting next_dagrun for latest_only to 2022-12-03T11:28:24.913672+00:00, run_after=2022-12-03T15:28:24.913672+00:00
[2022-12-03T15:28:24.924+0000] {processor.py:175} INFO - Processing /home/airflow/.local/lib/python3.7/site-packages/airflow/example_dags/example_latest_only.py took 0.062 seconds
[2022-12-03T15:28:55.483+0000] {processor.py:153} INFO - Started process (PID=3570) to work on /home/airflow/.local/lib/python3.7/site-packages/airflow/example_dags/example_latest_only.py
[2022-12-03T15:28:55.484+0000] {processor.py:743} INFO - Processing file /home/airflow/.local/lib/python3.7/site-packages/airflow/example_dags/example_latest_only.py for tasks to queue
[2022-12-03T15:28:55.484+0000] {logging_mixin.py:137} INFO - [2022-12-03T15:28:55.484+0000] {dagbag.py:538} INFO - Filling up the DagBag from /home/airflow/.local/lib/python3.7/site-packages/airflow/example_dags/example_latest_only.py
[2022-12-03T15:28:55.493+0000] {processor.py:753} INFO - DAG(s) dict_keys(['latest_only']) retrieved from /home/airflow/.local/lib/python3.7/site-packages/airflow/example_dags/example_latest_only.py
[2022-12-03T15:28:55.518+0000] {logging_mixin.py:137} INFO - [2022-12-03T15:28:55.518+0000] {dag.py:2676} INFO - Sync 1 DAGs
[2022-12-03T15:28:55.533+0000] {logging_mixin.py:137} INFO - [2022-12-03T15:28:55.533+0000] {dag.py:3427} INFO - Setting next_dagrun for latest_only to 2022-12-03T11:28:55.532828+00:00, run_after=2022-12-03T15:28:55.532828+00:00
[2022-12-03T15:28:55.544+0000] {processor.py:175} INFO - Processing /home/airflow/.local/lib/python3.7/site-packages/airflow/example_dags/example_latest_only.py took 0.064 seconds
[2022-12-03T15:29:25.618+0000] {processor.py:153} INFO - Started process (PID=3796) to work on /home/airflow/.local/lib/python3.7/site-packages/airflow/example_dags/example_latest_only.py
[2022-12-03T15:29:25.619+0000] {processor.py:743} INFO - Processing file /home/airflow/.local/lib/python3.7/site-packages/airflow/example_dags/example_latest_only.py for tasks to queue
[2022-12-03T15:29:25.620+0000] {logging_mixin.py:137} INFO - [2022-12-03T15:29:25.620+0000] {dagbag.py:538} INFO - Filling up the DagBag from /home/airflow/.local/lib/python3.7/site-packages/airflow/example_dags/example_latest_only.py
[2022-12-03T15:29:25.629+0000] {processor.py:753} INFO - DAG(s) dict_keys(['latest_only']) retrieved from /home/airflow/.local/lib/python3.7/site-packages/airflow/example_dags/example_latest_only.py
[2022-12-03T15:29:25.653+0000] {logging_mixin.py:137} INFO - [2022-12-03T15:29:25.653+0000] {dag.py:2676} INFO - Sync 1 DAGs
[2022-12-03T15:29:25.668+0000] {logging_mixin.py:137} INFO - [2022-12-03T15:29:25.668+0000] {dag.py:3427} INFO - Setting next_dagrun for latest_only to 2022-12-03T11:29:25.667913+00:00, run_after=2022-12-03T15:29:25.667913+00:00
[2022-12-03T15:29:25.678+0000] {processor.py:175} INFO - Processing /home/airflow/.local/lib/python3.7/site-packages/airflow/example_dags/example_latest_only.py took 0.064 seconds
[2022-12-03T15:29:55.703+0000] {processor.py:153} INFO - Started process (PID=4005) to work on /home/airflow/.local/lib/python3.7/site-packages/airflow/example_dags/example_latest_only.py
[2022-12-03T15:29:55.704+0000] {processor.py:743} INFO - Processing file /home/airflow/.local/lib/python3.7/site-packages/airflow/example_dags/example_latest_only.py for tasks to queue
[2022-12-03T15:29:55.705+0000] {logging_mixin.py:137} INFO - [2022-12-03T15:29:55.705+0000] {dagbag.py:538} INFO - Filling up the DagBag from /home/airflow/.local/lib/python3.7/site-packages/airflow/example_dags/example_latest_only.py
[2022-12-03T15:29:55.714+0000] {processor.py:753} INFO - DAG(s) dict_keys(['latest_only']) retrieved from /home/airflow/.local/lib/python3.7/site-packages/airflow/example_dags/example_latest_only.py
[2022-12-03T15:29:55.740+0000] {logging_mixin.py:137} INFO - [2022-12-03T15:29:55.740+0000] {dag.py:2676} INFO - Sync 1 DAGs
[2022-12-03T15:29:55.756+0000] {logging_mixin.py:137} INFO - [2022-12-03T15:29:55.756+0000] {dag.py:3427} INFO - Setting next_dagrun for latest_only to 2022-12-03T11:29:55.755835+00:00, run_after=2022-12-03T15:29:55.755835+00:00
[2022-12-03T15:29:55.767+0000] {processor.py:175} INFO - Processing /home/airflow/.local/lib/python3.7/site-packages/airflow/example_dags/example_latest_only.py took 0.066 seconds
[2022-12-03T15:30:26.427+0000] {processor.py:153} INFO - Started process (PID=4236) to work on /home/airflow/.local/lib/python3.7/site-packages/airflow/example_dags/example_latest_only.py
[2022-12-03T15:30:26.428+0000] {processor.py:743} INFO - Processing file /home/airflow/.local/lib/python3.7/site-packages/airflow/example_dags/example_latest_only.py for tasks to queue
[2022-12-03T15:30:26.429+0000] {logging_mixin.py:137} INFO - [2022-12-03T15:30:26.429+0000] {dagbag.py:538} INFO - Filling up the DagBag from /home/airflow/.local/lib/python3.7/site-packages/airflow/example_dags/example_latest_only.py
[2022-12-03T15:30:26.439+0000] {processor.py:753} INFO - DAG(s) dict_keys(['latest_only']) retrieved from /home/airflow/.local/lib/python3.7/site-packages/airflow/example_dags/example_latest_only.py
[2022-12-03T15:30:26.466+0000] {logging_mixin.py:137} INFO - [2022-12-03T15:30:26.465+0000] {dag.py:2676} INFO - Sync 1 DAGs
[2022-12-03T15:30:26.481+0000] {logging_mixin.py:137} INFO - [2022-12-03T15:30:26.481+0000] {dag.py:3427} INFO - Setting next_dagrun for latest_only to 2022-12-03T11:30:26.481319+00:00, run_after=2022-12-03T15:30:26.481319+00:00
[2022-12-03T15:30:26.492+0000] {processor.py:175} INFO - Processing /home/airflow/.local/lib/python3.7/site-packages/airflow/example_dags/example_latest_only.py took 0.067 seconds
[2022-12-03T15:30:56.755+0000] {processor.py:153} INFO - Started process (PID=4462) to work on /home/airflow/.local/lib/python3.7/site-packages/airflow/example_dags/example_latest_only.py
[2022-12-03T15:30:56.756+0000] {processor.py:743} INFO - Processing file /home/airflow/.local/lib/python3.7/site-packages/airflow/example_dags/example_latest_only.py for tasks to queue
[2022-12-03T15:30:56.757+0000] {logging_mixin.py:137} INFO - [2022-12-03T15:30:56.757+0000] {dagbag.py:538} INFO - Filling up the DagBag from /home/airflow/.local/lib/python3.7/site-packages/airflow/example_dags/example_latest_only.py
[2022-12-03T15:30:56.767+0000] {processor.py:753} INFO - DAG(s) dict_keys(['latest_only']) retrieved from /home/airflow/.local/lib/python3.7/site-packages/airflow/example_dags/example_latest_only.py
[2022-12-03T15:30:56.792+0000] {logging_mixin.py:137} INFO - [2022-12-03T15:30:56.792+0000] {dag.py:2676} INFO - Sync 1 DAGs
[2022-12-03T15:30:56.807+0000] {logging_mixin.py:137} INFO - [2022-12-03T15:30:56.807+0000] {dag.py:3427} INFO - Setting next_dagrun for latest_only to 2022-12-03T11:30:56.806895+00:00, run_after=2022-12-03T15:30:56.806895+00:00
[2022-12-03T15:30:56.818+0000] {processor.py:175} INFO - Processing /home/airflow/.local/lib/python3.7/site-packages/airflow/example_dags/example_latest_only.py took 0.066 seconds
[2022-12-03T15:31:26.949+0000] {processor.py:153} INFO - Started process (PID=4676) to work on /home/airflow/.local/lib/python3.7/site-packages/airflow/example_dags/example_latest_only.py
[2022-12-03T15:31:26.950+0000] {processor.py:743} INFO - Processing file /home/airflow/.local/lib/python3.7/site-packages/airflow/example_dags/example_latest_only.py for tasks to queue
[2022-12-03T15:31:26.951+0000] {logging_mixin.py:137} INFO - [2022-12-03T15:31:26.951+0000] {dagbag.py:538} INFO - Filling up the DagBag from /home/airflow/.local/lib/python3.7/site-packages/airflow/example_dags/example_latest_only.py
[2022-12-03T15:31:26.961+0000] {processor.py:753} INFO - DAG(s) dict_keys(['latest_only']) retrieved from /home/airflow/.local/lib/python3.7/site-packages/airflow/example_dags/example_latest_only.py
[2022-12-03T15:31:26.987+0000] {logging_mixin.py:137} INFO - [2022-12-03T15:31:26.987+0000] {dag.py:2676} INFO - Sync 1 DAGs
[2022-12-03T15:31:27.002+0000] {logging_mixin.py:137} INFO - [2022-12-03T15:31:27.002+0000] {dag.py:3427} INFO - Setting next_dagrun for latest_only to 2022-12-03T11:31:27.002512+00:00, run_after=2022-12-03T15:31:27.002512+00:00
[2022-12-03T15:31:27.013+0000] {processor.py:175} INFO - Processing /home/airflow/.local/lib/python3.7/site-packages/airflow/example_dags/example_latest_only.py took 0.066 seconds
[2022-12-03T15:31:57.766+0000] {processor.py:153} INFO - Started process (PID=4901) to work on /home/airflow/.local/lib/python3.7/site-packages/airflow/example_dags/example_latest_only.py
[2022-12-03T15:31:57.767+0000] {processor.py:743} INFO - Processing file /home/airflow/.local/lib/python3.7/site-packages/airflow/example_dags/example_latest_only.py for tasks to queue
[2022-12-03T15:31:57.768+0000] {logging_mixin.py:137} INFO - [2022-12-03T15:31:57.767+0000] {dagbag.py:538} INFO - Filling up the DagBag from /home/airflow/.local/lib/python3.7/site-packages/airflow/example_dags/example_latest_only.py
[2022-12-03T15:31:57.777+0000] {processor.py:753} INFO - DAG(s) dict_keys(['latest_only']) retrieved from /home/airflow/.local/lib/python3.7/site-packages/airflow/example_dags/example_latest_only.py
[2022-12-03T15:31:57.802+0000] {logging_mixin.py:137} INFO - [2022-12-03T15:31:57.802+0000] {dag.py:2676} INFO - Sync 1 DAGs
[2022-12-03T15:31:57.816+0000] {logging_mixin.py:137} INFO - [2022-12-03T15:31:57.816+0000] {dag.py:3427} INFO - Setting next_dagrun for latest_only to 2022-12-03T11:31:57.816665+00:00, run_after=2022-12-03T15:31:57.816665+00:00
[2022-12-03T15:31:57.827+0000] {processor.py:175} INFO - Processing /home/airflow/.local/lib/python3.7/site-packages/airflow/example_dags/example_latest_only.py took 0.064 seconds
[2022-12-03T15:32:28.304+0000] {processor.py:153} INFO - Started process (PID=5127) to work on /home/airflow/.local/lib/python3.7/site-packages/airflow/example_dags/example_latest_only.py
[2022-12-03T15:32:28.305+0000] {processor.py:743} INFO - Processing file /home/airflow/.local/lib/python3.7/site-packages/airflow/example_dags/example_latest_only.py for tasks to queue
[2022-12-03T15:32:28.306+0000] {logging_mixin.py:137} INFO - [2022-12-03T15:32:28.306+0000] {dagbag.py:538} INFO - Filling up the DagBag from /home/airflow/.local/lib/python3.7/site-packages/airflow/example_dags/example_latest_only.py
[2022-12-03T15:32:28.317+0000] {processor.py:753} INFO - DAG(s) dict_keys(['latest_only']) retrieved from /home/airflow/.local/lib/python3.7/site-packages/airflow/example_dags/example_latest_only.py
[2022-12-03T15:32:28.343+0000] {logging_mixin.py:137} INFO - [2022-12-03T15:32:28.342+0000] {dag.py:2676} INFO - Sync 1 DAGs
[2022-12-03T15:32:28.358+0000] {logging_mixin.py:137} INFO - [2022-12-03T15:32:28.358+0000] {dag.py:3427} INFO - Setting next_dagrun for latest_only to 2022-12-03T11:32:28.358106+00:00, run_after=2022-12-03T15:32:28.358106+00:00
[2022-12-03T15:32:28.370+0000] {processor.py:175} INFO - Processing /home/airflow/.local/lib/python3.7/site-packages/airflow/example_dags/example_latest_only.py took 0.069 seconds
[2022-12-03T15:32:58.837+0000] {processor.py:153} INFO - Started process (PID=5341) to work on /home/airflow/.local/lib/python3.7/site-packages/airflow/example_dags/example_latest_only.py
[2022-12-03T15:32:58.838+0000] {processor.py:743} INFO - Processing file /home/airflow/.local/lib/python3.7/site-packages/airflow/example_dags/example_latest_only.py for tasks to queue
[2022-12-03T15:32:58.839+0000] {logging_mixin.py:137} INFO - [2022-12-03T15:32:58.839+0000] {dagbag.py:538} INFO - Filling up the DagBag from /home/airflow/.local/lib/python3.7/site-packages/airflow/example_dags/example_latest_only.py
[2022-12-03T15:32:58.848+0000] {processor.py:753} INFO - DAG(s) dict_keys(['latest_only']) retrieved from /home/airflow/.local/lib/python3.7/site-packages/airflow/example_dags/example_latest_only.py
[2022-12-03T15:32:58.873+0000] {logging_mixin.py:137} INFO - [2022-12-03T15:32:58.872+0000] {dag.py:2676} INFO - Sync 1 DAGs
[2022-12-03T15:32:58.887+0000] {logging_mixin.py:137} INFO - [2022-12-03T15:32:58.887+0000] {dag.py:3427} INFO - Setting next_dagrun for latest_only to 2022-12-03T11:32:58.887200+00:00, run_after=2022-12-03T15:32:58.887200+00:00
[2022-12-03T15:32:58.900+0000] {processor.py:175} INFO - Processing /home/airflow/.local/lib/python3.7/site-packages/airflow/example_dags/example_latest_only.py took 0.065 seconds
