[2022-12-03T15:08:53.482+0000] {processor.py:153} INFO - Started process (PID=314) to work on /home/airflow/.local/lib/python3.7/site-packages/airflow/example_dags/example_skip_dag.py
[2022-12-03T15:08:53.483+0000] {processor.py:743} INFO - Processing file /home/airflow/.local/lib/python3.7/site-packages/airflow/example_dags/example_skip_dag.py for tasks to queue
[2022-12-03T15:08:53.484+0000] {logging_mixin.py:137} INFO - [2022-12-03T15:08:53.484+0000] {dagbag.py:538} INFO - Filling up the DagBag from /home/airflow/.local/lib/python3.7/site-packages/airflow/example_dags/example_skip_dag.py
[2022-12-03T15:08:53.496+0000] {processor.py:753} INFO - DAG(s) dict_keys(['example_skip_dag']) retrieved from /home/airflow/.local/lib/python3.7/site-packages/airflow/example_dags/example_skip_dag.py
[2022-12-03T15:08:53.519+0000] {logging_mixin.py:137} INFO - [2022-12-03T15:08:53.519+0000] {dag.py:2676} INFO - Sync 1 DAGs
[2022-12-03T15:08:53.539+0000] {logging_mixin.py:137} INFO - [2022-12-03T15:08:53.538+0000] {dag.py:3427} INFO - Setting next_dagrun for example_skip_dag to 2022-12-02T15:08:53.538663+00:00, run_after=2022-12-03T15:08:53.538663+00:00
[2022-12-03T15:08:53.552+0000] {processor.py:175} INFO - Processing /home/airflow/.local/lib/python3.7/site-packages/airflow/example_dags/example_skip_dag.py took 0.073 seconds
[2022-12-03T15:09:23.779+0000] {processor.py:153} INFO - Started process (PID=540) to work on /home/airflow/.local/lib/python3.7/site-packages/airflow/example_dags/example_skip_dag.py
[2022-12-03T15:09:23.780+0000] {processor.py:743} INFO - Processing file /home/airflow/.local/lib/python3.7/site-packages/airflow/example_dags/example_skip_dag.py for tasks to queue
[2022-12-03T15:09:23.781+0000] {logging_mixin.py:137} INFO - [2022-12-03T15:09:23.781+0000] {dagbag.py:538} INFO - Filling up the DagBag from /home/airflow/.local/lib/python3.7/site-packages/airflow/example_dags/example_skip_dag.py
[2022-12-03T15:09:23.792+0000] {processor.py:753} INFO - DAG(s) dict_keys(['example_skip_dag']) retrieved from /home/airflow/.local/lib/python3.7/site-packages/airflow/example_dags/example_skip_dag.py
[2022-12-03T15:09:23.811+0000] {logging_mixin.py:137} INFO - [2022-12-03T15:09:23.811+0000] {dag.py:2676} INFO - Sync 1 DAGs
[2022-12-03T15:09:23.826+0000] {logging_mixin.py:137} INFO - [2022-12-03T15:09:23.826+0000] {dag.py:3427} INFO - Setting next_dagrun for example_skip_dag to 2022-12-02T15:09:23.826629+00:00, run_after=2022-12-03T15:09:23.826629+00:00
[2022-12-03T15:09:23.838+0000] {processor.py:175} INFO - Processing /home/airflow/.local/lib/python3.7/site-packages/airflow/example_dags/example_skip_dag.py took 0.062 seconds
[2022-12-03T15:09:54.218+0000] {processor.py:153} INFO - Started process (PID=764) to work on /home/airflow/.local/lib/python3.7/site-packages/airflow/example_dags/example_skip_dag.py
[2022-12-03T15:09:54.220+0000] {processor.py:743} INFO - Processing file /home/airflow/.local/lib/python3.7/site-packages/airflow/example_dags/example_skip_dag.py for tasks to queue
[2022-12-03T15:09:54.220+0000] {logging_mixin.py:137} INFO - [2022-12-03T15:09:54.220+0000] {dagbag.py:538} INFO - Filling up the DagBag from /home/airflow/.local/lib/python3.7/site-packages/airflow/example_dags/example_skip_dag.py
[2022-12-03T15:09:54.231+0000] {processor.py:753} INFO - DAG(s) dict_keys(['example_skip_dag']) retrieved from /home/airflow/.local/lib/python3.7/site-packages/airflow/example_dags/example_skip_dag.py
[2022-12-03T15:09:54.260+0000] {logging_mixin.py:137} INFO - [2022-12-03T15:09:54.260+0000] {dag.py:2676} INFO - Sync 1 DAGs
[2022-12-03T15:09:54.275+0000] {logging_mixin.py:137} INFO - [2022-12-03T15:09:54.275+0000] {dag.py:3427} INFO - Setting next_dagrun for example_skip_dag to 2022-12-02T15:09:54.275349+00:00, run_after=2022-12-03T15:09:54.275349+00:00
[2022-12-03T15:09:54.287+0000] {processor.py:175} INFO - Processing /home/airflow/.local/lib/python3.7/site-packages/airflow/example_dags/example_skip_dag.py took 0.071 seconds
[2022-12-03T15:10:52.578+0000] {processor.py:153} INFO - Started process (PID=314) to work on /home/airflow/.local/lib/python3.7/site-packages/airflow/example_dags/example_skip_dag.py
[2022-12-03T15:10:52.580+0000] {processor.py:743} INFO - Processing file /home/airflow/.local/lib/python3.7/site-packages/airflow/example_dags/example_skip_dag.py for tasks to queue
[2022-12-03T15:10:52.581+0000] {logging_mixin.py:137} INFO - [2022-12-03T15:10:52.581+0000] {dagbag.py:538} INFO - Filling up the DagBag from /home/airflow/.local/lib/python3.7/site-packages/airflow/example_dags/example_skip_dag.py
[2022-12-03T15:10:52.595+0000] {processor.py:753} INFO - DAG(s) dict_keys(['example_skip_dag']) retrieved from /home/airflow/.local/lib/python3.7/site-packages/airflow/example_dags/example_skip_dag.py
[2022-12-03T15:10:52.636+0000] {logging_mixin.py:137} INFO - [2022-12-03T15:10:52.636+0000] {dag.py:2676} INFO - Sync 1 DAGs
[2022-12-03T15:10:52.659+0000] {logging_mixin.py:137} INFO - [2022-12-03T15:10:52.659+0000] {dag.py:3427} INFO - Setting next_dagrun for example_skip_dag to 2022-12-02T15:10:52.659399+00:00, run_after=2022-12-03T15:10:52.659399+00:00
[2022-12-03T15:10:52.686+0000] {processor.py:175} INFO - Processing /home/airflow/.local/lib/python3.7/site-packages/airflow/example_dags/example_skip_dag.py took 0.110 seconds
[2022-12-03T15:11:22.958+0000] {processor.py:153} INFO - Started process (PID=540) to work on /home/airflow/.local/lib/python3.7/site-packages/airflow/example_dags/example_skip_dag.py
[2022-12-03T15:11:22.959+0000] {processor.py:743} INFO - Processing file /home/airflow/.local/lib/python3.7/site-packages/airflow/example_dags/example_skip_dag.py for tasks to queue
[2022-12-03T15:11:22.960+0000] {logging_mixin.py:137} INFO - [2022-12-03T15:11:22.960+0000] {dagbag.py:538} INFO - Filling up the DagBag from /home/airflow/.local/lib/python3.7/site-packages/airflow/example_dags/example_skip_dag.py
[2022-12-03T15:11:22.971+0000] {processor.py:753} INFO - DAG(s) dict_keys(['example_skip_dag']) retrieved from /home/airflow/.local/lib/python3.7/site-packages/airflow/example_dags/example_skip_dag.py
[2022-12-03T15:11:22.998+0000] {logging_mixin.py:137} INFO - [2022-12-03T15:11:22.998+0000] {dag.py:2676} INFO - Sync 1 DAGs
[2022-12-03T15:11:23.012+0000] {logging_mixin.py:137} INFO - [2022-12-03T15:11:23.012+0000] {dag.py:3427} INFO - Setting next_dagrun for example_skip_dag to 2022-12-02T15:11:23.012287+00:00, run_after=2022-12-03T15:11:23.012287+00:00
[2022-12-03T15:11:23.023+0000] {processor.py:175} INFO - Processing /home/airflow/.local/lib/python3.7/site-packages/airflow/example_dags/example_skip_dag.py took 0.067 seconds
[2022-12-03T15:11:53.571+0000] {processor.py:153} INFO - Started process (PID=767) to work on /home/airflow/.local/lib/python3.7/site-packages/airflow/example_dags/example_skip_dag.py
[2022-12-03T15:11:53.573+0000] {processor.py:743} INFO - Processing file /home/airflow/.local/lib/python3.7/site-packages/airflow/example_dags/example_skip_dag.py for tasks to queue
[2022-12-03T15:11:53.573+0000] {logging_mixin.py:137} INFO - [2022-12-03T15:11:53.573+0000] {dagbag.py:538} INFO - Filling up the DagBag from /home/airflow/.local/lib/python3.7/site-packages/airflow/example_dags/example_skip_dag.py
[2022-12-03T15:11:53.583+0000] {processor.py:753} INFO - DAG(s) dict_keys(['example_skip_dag']) retrieved from /home/airflow/.local/lib/python3.7/site-packages/airflow/example_dags/example_skip_dag.py
[2022-12-03T15:11:53.608+0000] {logging_mixin.py:137} INFO - [2022-12-03T15:11:53.608+0000] {dag.py:2676} INFO - Sync 1 DAGs
[2022-12-03T15:11:53.624+0000] {logging_mixin.py:137} INFO - [2022-12-03T15:11:53.624+0000] {dag.py:3427} INFO - Setting next_dagrun for example_skip_dag to 2022-12-02T15:11:53.623829+00:00, run_after=2022-12-03T15:11:53.623829+00:00
[2022-12-03T15:11:53.635+0000] {processor.py:175} INFO - Processing /home/airflow/.local/lib/python3.7/site-packages/airflow/example_dags/example_skip_dag.py took 0.066 seconds
[2022-12-03T15:12:23.797+0000] {processor.py:153} INFO - Started process (PID=982) to work on /home/airflow/.local/lib/python3.7/site-packages/airflow/example_dags/example_skip_dag.py
[2022-12-03T15:12:23.798+0000] {processor.py:743} INFO - Processing file /home/airflow/.local/lib/python3.7/site-packages/airflow/example_dags/example_skip_dag.py for tasks to queue
[2022-12-03T15:12:23.799+0000] {logging_mixin.py:137} INFO - [2022-12-03T15:12:23.799+0000] {dagbag.py:538} INFO - Filling up the DagBag from /home/airflow/.local/lib/python3.7/site-packages/airflow/example_dags/example_skip_dag.py
[2022-12-03T15:12:23.810+0000] {processor.py:753} INFO - DAG(s) dict_keys(['example_skip_dag']) retrieved from /home/airflow/.local/lib/python3.7/site-packages/airflow/example_dags/example_skip_dag.py
[2022-12-03T15:12:23.828+0000] {logging_mixin.py:137} INFO - [2022-12-03T15:12:23.828+0000] {dag.py:2676} INFO - Sync 1 DAGs
[2022-12-03T15:12:23.843+0000] {logging_mixin.py:137} INFO - [2022-12-03T15:12:23.843+0000] {dag.py:3427} INFO - Setting next_dagrun for example_skip_dag to 2022-12-02T15:12:23.842838+00:00, run_after=2022-12-03T15:12:23.842838+00:00
[2022-12-03T15:12:23.853+0000] {processor.py:175} INFO - Processing /home/airflow/.local/lib/python3.7/site-packages/airflow/example_dags/example_skip_dag.py took 0.060 seconds
[2022-12-03T15:12:54.069+0000] {processor.py:153} INFO - Started process (PID=1208) to work on /home/airflow/.local/lib/python3.7/site-packages/airflow/example_dags/example_skip_dag.py
[2022-12-03T15:12:54.071+0000] {processor.py:743} INFO - Processing file /home/airflow/.local/lib/python3.7/site-packages/airflow/example_dags/example_skip_dag.py for tasks to queue
[2022-12-03T15:12:54.071+0000] {logging_mixin.py:137} INFO - [2022-12-03T15:12:54.071+0000] {dagbag.py:538} INFO - Filling up the DagBag from /home/airflow/.local/lib/python3.7/site-packages/airflow/example_dags/example_skip_dag.py
[2022-12-03T15:12:54.082+0000] {processor.py:753} INFO - DAG(s) dict_keys(['example_skip_dag']) retrieved from /home/airflow/.local/lib/python3.7/site-packages/airflow/example_dags/example_skip_dag.py
[2022-12-03T15:12:54.102+0000] {logging_mixin.py:137} INFO - [2022-12-03T15:12:54.102+0000] {dag.py:2676} INFO - Sync 1 DAGs
[2022-12-03T15:12:54.123+0000] {logging_mixin.py:137} INFO - [2022-12-03T15:12:54.123+0000] {dag.py:3427} INFO - Setting next_dagrun for example_skip_dag to 2022-12-02T15:12:54.123552+00:00, run_after=2022-12-03T15:12:54.123552+00:00
[2022-12-03T15:12:54.138+0000] {processor.py:175} INFO - Processing /home/airflow/.local/lib/python3.7/site-packages/airflow/example_dags/example_skip_dag.py took 0.071 seconds
[2022-12-03T15:13:24.758+0000] {processor.py:153} INFO - Started process (PID=1434) to work on /home/airflow/.local/lib/python3.7/site-packages/airflow/example_dags/example_skip_dag.py
[2022-12-03T15:13:24.760+0000] {processor.py:743} INFO - Processing file /home/airflow/.local/lib/python3.7/site-packages/airflow/example_dags/example_skip_dag.py for tasks to queue
[2022-12-03T15:13:24.761+0000] {logging_mixin.py:137} INFO - [2022-12-03T15:13:24.761+0000] {dagbag.py:538} INFO - Filling up the DagBag from /home/airflow/.local/lib/python3.7/site-packages/airflow/example_dags/example_skip_dag.py
[2022-12-03T15:13:24.772+0000] {processor.py:753} INFO - DAG(s) dict_keys(['example_skip_dag']) retrieved from /home/airflow/.local/lib/python3.7/site-packages/airflow/example_dags/example_skip_dag.py
[2022-12-03T15:13:24.813+0000] {logging_mixin.py:137} INFO - [2022-12-03T15:13:24.813+0000] {dag.py:2676} INFO - Sync 1 DAGs
[2022-12-03T15:13:24.834+0000] {logging_mixin.py:137} INFO - [2022-12-03T15:13:24.834+0000] {dag.py:3427} INFO - Setting next_dagrun for example_skip_dag to 2022-12-02T15:13:24.834523+00:00, run_after=2022-12-03T15:13:24.834523+00:00
[2022-12-03T15:13:24.852+0000] {processor.py:175} INFO - Processing /home/airflow/.local/lib/python3.7/site-packages/airflow/example_dags/example_skip_dag.py took 0.097 seconds
[2022-12-03T15:13:55.230+0000] {processor.py:153} INFO - Started process (PID=1649) to work on /home/airflow/.local/lib/python3.7/site-packages/airflow/example_dags/example_skip_dag.py
[2022-12-03T15:13:55.232+0000] {processor.py:743} INFO - Processing file /home/airflow/.local/lib/python3.7/site-packages/airflow/example_dags/example_skip_dag.py for tasks to queue
[2022-12-03T15:13:55.233+0000] {logging_mixin.py:137} INFO - [2022-12-03T15:13:55.233+0000] {dagbag.py:538} INFO - Filling up the DagBag from /home/airflow/.local/lib/python3.7/site-packages/airflow/example_dags/example_skip_dag.py
[2022-12-03T15:13:55.244+0000] {processor.py:753} INFO - DAG(s) dict_keys(['example_skip_dag']) retrieved from /home/airflow/.local/lib/python3.7/site-packages/airflow/example_dags/example_skip_dag.py
[2022-12-03T15:13:55.273+0000] {logging_mixin.py:137} INFO - [2022-12-03T15:13:55.273+0000] {dag.py:2676} INFO - Sync 1 DAGs
[2022-12-03T15:13:55.289+0000] {logging_mixin.py:137} INFO - [2022-12-03T15:13:55.289+0000] {dag.py:3427} INFO - Setting next_dagrun for example_skip_dag to 2022-12-02T15:13:55.289524+00:00, run_after=2022-12-03T15:13:55.289524+00:00
[2022-12-03T15:13:55.302+0000] {processor.py:175} INFO - Processing /home/airflow/.local/lib/python3.7/site-packages/airflow/example_dags/example_skip_dag.py took 0.074 seconds
[2022-12-03T15:14:25.390+0000] {processor.py:153} INFO - Started process (PID=1874) to work on /home/airflow/.local/lib/python3.7/site-packages/airflow/example_dags/example_skip_dag.py
[2022-12-03T15:14:25.391+0000] {processor.py:743} INFO - Processing file /home/airflow/.local/lib/python3.7/site-packages/airflow/example_dags/example_skip_dag.py for tasks to queue
[2022-12-03T15:14:25.392+0000] {logging_mixin.py:137} INFO - [2022-12-03T15:14:25.392+0000] {dagbag.py:538} INFO - Filling up the DagBag from /home/airflow/.local/lib/python3.7/site-packages/airflow/example_dags/example_skip_dag.py
[2022-12-03T15:14:25.402+0000] {processor.py:753} INFO - DAG(s) dict_keys(['example_skip_dag']) retrieved from /home/airflow/.local/lib/python3.7/site-packages/airflow/example_dags/example_skip_dag.py
[2022-12-03T15:14:25.428+0000] {logging_mixin.py:137} INFO - [2022-12-03T15:14:25.428+0000] {dag.py:2676} INFO - Sync 1 DAGs
[2022-12-03T15:14:25.450+0000] {logging_mixin.py:137} INFO - [2022-12-03T15:14:25.450+0000] {dag.py:3427} INFO - Setting next_dagrun for example_skip_dag to 2022-12-02T15:14:25.449922+00:00, run_after=2022-12-03T15:14:25.449922+00:00
[2022-12-03T15:14:25.469+0000] {processor.py:175} INFO - Processing /home/airflow/.local/lib/python3.7/site-packages/airflow/example_dags/example_skip_dag.py took 0.082 seconds
[2022-12-03T15:15:12.698+0000] {processor.py:153} INFO - Started process (PID=313) to work on /home/airflow/.local/lib/python3.7/site-packages/airflow/example_dags/example_skip_dag.py
[2022-12-03T15:15:12.700+0000] {processor.py:743} INFO - Processing file /home/airflow/.local/lib/python3.7/site-packages/airflow/example_dags/example_skip_dag.py for tasks to queue
[2022-12-03T15:15:12.701+0000] {logging_mixin.py:137} INFO - [2022-12-03T15:15:12.700+0000] {dagbag.py:538} INFO - Filling up the DagBag from /home/airflow/.local/lib/python3.7/site-packages/airflow/example_dags/example_skip_dag.py
[2022-12-03T15:15:12.711+0000] {processor.py:753} INFO - DAG(s) dict_keys(['example_skip_dag']) retrieved from /home/airflow/.local/lib/python3.7/site-packages/airflow/example_dags/example_skip_dag.py
[2022-12-03T15:15:12.741+0000] {logging_mixin.py:137} INFO - [2022-12-03T15:15:12.741+0000] {dag.py:2676} INFO - Sync 1 DAGs
[2022-12-03T15:15:12.774+0000] {logging_mixin.py:137} INFO - [2022-12-03T15:15:12.773+0000] {dag.py:3427} INFO - Setting next_dagrun for example_skip_dag to 2022-12-02T15:15:12.773794+00:00, run_after=2022-12-03T15:15:12.773794+00:00
[2022-12-03T15:15:12.786+0000] {processor.py:175} INFO - Processing /home/airflow/.local/lib/python3.7/site-packages/airflow/example_dags/example_skip_dag.py took 0.092 seconds
[2022-12-03T15:21:19.164+0000] {processor.py:153} INFO - Started process (PID=313) to work on /home/airflow/.local/lib/python3.7/site-packages/airflow/example_dags/example_skip_dag.py
[2022-12-03T15:21:19.166+0000] {processor.py:743} INFO - Processing file /home/airflow/.local/lib/python3.7/site-packages/airflow/example_dags/example_skip_dag.py for tasks to queue
[2022-12-03T15:21:19.177+0000] {logging_mixin.py:137} INFO - [2022-12-03T15:21:19.177+0000] {dagbag.py:538} INFO - Filling up the DagBag from /home/airflow/.local/lib/python3.7/site-packages/airflow/example_dags/example_skip_dag.py
[2022-12-03T15:21:19.209+0000] {processor.py:753} INFO - DAG(s) dict_keys(['example_skip_dag']) retrieved from /home/airflow/.local/lib/python3.7/site-packages/airflow/example_dags/example_skip_dag.py
[2022-12-03T15:21:19.232+0000] {logging_mixin.py:137} INFO - [2022-12-03T15:21:19.232+0000] {dag.py:2676} INFO - Sync 1 DAGs
[2022-12-03T15:21:19.249+0000] {logging_mixin.py:137} INFO - [2022-12-03T15:21:19.249+0000] {dag.py:3427} INFO - Setting next_dagrun for example_skip_dag to 2022-12-02T15:21:19.249337+00:00, run_after=2022-12-03T15:21:19.249337+00:00
[2022-12-03T15:21:19.261+0000] {processor.py:175} INFO - Processing /home/airflow/.local/lib/python3.7/site-packages/airflow/example_dags/example_skip_dag.py took 0.100 seconds
[2022-12-03T15:21:49.429+0000] {processor.py:153} INFO - Started process (PID=537) to work on /home/airflow/.local/lib/python3.7/site-packages/airflow/example_dags/example_skip_dag.py
[2022-12-03T15:21:49.431+0000] {processor.py:743} INFO - Processing file /home/airflow/.local/lib/python3.7/site-packages/airflow/example_dags/example_skip_dag.py for tasks to queue
[2022-12-03T15:21:49.431+0000] {logging_mixin.py:137} INFO - [2022-12-03T15:21:49.431+0000] {dagbag.py:538} INFO - Filling up the DagBag from /home/airflow/.local/lib/python3.7/site-packages/airflow/example_dags/example_skip_dag.py
[2022-12-03T15:21:49.441+0000] {processor.py:753} INFO - DAG(s) dict_keys(['example_skip_dag']) retrieved from /home/airflow/.local/lib/python3.7/site-packages/airflow/example_dags/example_skip_dag.py
[2022-12-03T15:21:49.468+0000] {logging_mixin.py:137} INFO - [2022-12-03T15:21:49.468+0000] {dag.py:2676} INFO - Sync 1 DAGs
[2022-12-03T15:21:49.483+0000] {logging_mixin.py:137} INFO - [2022-12-03T15:21:49.483+0000] {dag.py:3427} INFO - Setting next_dagrun for example_skip_dag to 2022-12-02T15:21:49.483513+00:00, run_after=2022-12-03T15:21:49.483513+00:00
[2022-12-03T15:21:49.495+0000] {processor.py:175} INFO - Processing /home/airflow/.local/lib/python3.7/site-packages/airflow/example_dags/example_skip_dag.py took 0.069 seconds
[2022-12-03T15:22:19.686+0000] {processor.py:153} INFO - Started process (PID=750) to work on /home/airflow/.local/lib/python3.7/site-packages/airflow/example_dags/example_skip_dag.py
[2022-12-03T15:22:19.687+0000] {processor.py:743} INFO - Processing file /home/airflow/.local/lib/python3.7/site-packages/airflow/example_dags/example_skip_dag.py for tasks to queue
[2022-12-03T15:22:19.688+0000] {logging_mixin.py:137} INFO - [2022-12-03T15:22:19.688+0000] {dagbag.py:538} INFO - Filling up the DagBag from /home/airflow/.local/lib/python3.7/site-packages/airflow/example_dags/example_skip_dag.py
[2022-12-03T15:22:19.697+0000] {processor.py:753} INFO - DAG(s) dict_keys(['example_skip_dag']) retrieved from /home/airflow/.local/lib/python3.7/site-packages/airflow/example_dags/example_skip_dag.py
[2022-12-03T15:22:19.722+0000] {logging_mixin.py:137} INFO - [2022-12-03T15:22:19.722+0000] {dag.py:2676} INFO - Sync 1 DAGs
[2022-12-03T15:22:19.736+0000] {logging_mixin.py:137} INFO - [2022-12-03T15:22:19.736+0000] {dag.py:3427} INFO - Setting next_dagrun for example_skip_dag to 2022-12-02T15:22:19.736698+00:00, run_after=2022-12-03T15:22:19.736698+00:00
[2022-12-03T15:22:19.750+0000] {processor.py:175} INFO - Processing /home/airflow/.local/lib/python3.7/site-packages/airflow/example_dags/example_skip_dag.py took 0.066 seconds
[2022-12-03T15:22:50.375+0000] {processor.py:153} INFO - Started process (PID=976) to work on /home/airflow/.local/lib/python3.7/site-packages/airflow/example_dags/example_skip_dag.py
[2022-12-03T15:22:50.376+0000] {processor.py:743} INFO - Processing file /home/airflow/.local/lib/python3.7/site-packages/airflow/example_dags/example_skip_dag.py for tasks to queue
[2022-12-03T15:22:50.377+0000] {logging_mixin.py:137} INFO - [2022-12-03T15:22:50.377+0000] {dagbag.py:538} INFO - Filling up the DagBag from /home/airflow/.local/lib/python3.7/site-packages/airflow/example_dags/example_skip_dag.py
[2022-12-03T15:22:50.387+0000] {processor.py:753} INFO - DAG(s) dict_keys(['example_skip_dag']) retrieved from /home/airflow/.local/lib/python3.7/site-packages/airflow/example_dags/example_skip_dag.py
[2022-12-03T15:22:50.417+0000] {logging_mixin.py:137} INFO - [2022-12-03T15:22:50.417+0000] {dag.py:2676} INFO - Sync 1 DAGs
[2022-12-03T15:22:50.434+0000] {logging_mixin.py:137} INFO - [2022-12-03T15:22:50.434+0000] {dag.py:3427} INFO - Setting next_dagrun for example_skip_dag to 2022-12-02T15:22:50.433987+00:00, run_after=2022-12-03T15:22:50.433987+00:00
[2022-12-03T15:22:50.447+0000] {processor.py:175} INFO - Processing /home/airflow/.local/lib/python3.7/site-packages/airflow/example_dags/example_skip_dag.py took 0.075 seconds
[2022-12-03T15:23:21.076+0000] {processor.py:153} INFO - Started process (PID=1203) to work on /home/airflow/.local/lib/python3.7/site-packages/airflow/example_dags/example_skip_dag.py
[2022-12-03T15:23:21.077+0000] {processor.py:743} INFO - Processing file /home/airflow/.local/lib/python3.7/site-packages/airflow/example_dags/example_skip_dag.py for tasks to queue
[2022-12-03T15:23:21.078+0000] {logging_mixin.py:137} INFO - [2022-12-03T15:23:21.077+0000] {dagbag.py:538} INFO - Filling up the DagBag from /home/airflow/.local/lib/python3.7/site-packages/airflow/example_dags/example_skip_dag.py
[2022-12-03T15:23:21.088+0000] {processor.py:753} INFO - DAG(s) dict_keys(['example_skip_dag']) retrieved from /home/airflow/.local/lib/python3.7/site-packages/airflow/example_dags/example_skip_dag.py
[2022-12-03T15:23:21.118+0000] {logging_mixin.py:137} INFO - [2022-12-03T15:23:21.118+0000] {dag.py:2676} INFO - Sync 1 DAGs
[2022-12-03T15:23:21.134+0000] {logging_mixin.py:137} INFO - [2022-12-03T15:23:21.134+0000] {dag.py:3427} INFO - Setting next_dagrun for example_skip_dag to 2022-12-02T15:23:21.134532+00:00, run_after=2022-12-03T15:23:21.134532+00:00
[2022-12-03T15:23:21.147+0000] {processor.py:175} INFO - Processing /home/airflow/.local/lib/python3.7/site-packages/airflow/example_dags/example_skip_dag.py took 0.074 seconds
[2022-12-03T15:23:51.510+0000] {processor.py:153} INFO - Started process (PID=1417) to work on /home/airflow/.local/lib/python3.7/site-packages/airflow/example_dags/example_skip_dag.py
[2022-12-03T15:23:51.511+0000] {processor.py:743} INFO - Processing file /home/airflow/.local/lib/python3.7/site-packages/airflow/example_dags/example_skip_dag.py for tasks to queue
[2022-12-03T15:23:51.512+0000] {logging_mixin.py:137} INFO - [2022-12-03T15:23:51.512+0000] {dagbag.py:538} INFO - Filling up the DagBag from /home/airflow/.local/lib/python3.7/site-packages/airflow/example_dags/example_skip_dag.py
[2022-12-03T15:23:51.522+0000] {processor.py:753} INFO - DAG(s) dict_keys(['example_skip_dag']) retrieved from /home/airflow/.local/lib/python3.7/site-packages/airflow/example_dags/example_skip_dag.py
[2022-12-03T15:23:51.549+0000] {logging_mixin.py:137} INFO - [2022-12-03T15:23:51.549+0000] {dag.py:2676} INFO - Sync 1 DAGs
[2022-12-03T15:23:51.564+0000] {logging_mixin.py:137} INFO - [2022-12-03T15:23:51.564+0000] {dag.py:3427} INFO - Setting next_dagrun for example_skip_dag to 2022-12-02T15:23:51.564130+00:00, run_after=2022-12-03T15:23:51.564130+00:00
[2022-12-03T15:23:51.575+0000] {processor.py:175} INFO - Processing /home/airflow/.local/lib/python3.7/site-packages/airflow/example_dags/example_skip_dag.py took 0.068 seconds
[2022-12-03T15:24:21.878+0000] {processor.py:153} INFO - Started process (PID=1644) to work on /home/airflow/.local/lib/python3.7/site-packages/airflow/example_dags/example_skip_dag.py
[2022-12-03T15:24:21.879+0000] {processor.py:743} INFO - Processing file /home/airflow/.local/lib/python3.7/site-packages/airflow/example_dags/example_skip_dag.py for tasks to queue
[2022-12-03T15:24:21.880+0000] {logging_mixin.py:137} INFO - [2022-12-03T15:24:21.880+0000] {dagbag.py:538} INFO - Filling up the DagBag from /home/airflow/.local/lib/python3.7/site-packages/airflow/example_dags/example_skip_dag.py
[2022-12-03T15:24:21.890+0000] {processor.py:753} INFO - DAG(s) dict_keys(['example_skip_dag']) retrieved from /home/airflow/.local/lib/python3.7/site-packages/airflow/example_dags/example_skip_dag.py
[2022-12-03T15:24:21.917+0000] {logging_mixin.py:137} INFO - [2022-12-03T15:24:21.917+0000] {dag.py:2676} INFO - Sync 1 DAGs
[2022-12-03T15:24:21.932+0000] {logging_mixin.py:137} INFO - [2022-12-03T15:24:21.932+0000] {dag.py:3427} INFO - Setting next_dagrun for example_skip_dag to 2022-12-02T15:24:21.932012+00:00, run_after=2022-12-03T15:24:21.932012+00:00
[2022-12-03T15:24:21.943+0000] {processor.py:175} INFO - Processing /home/airflow/.local/lib/python3.7/site-packages/airflow/example_dags/example_skip_dag.py took 0.067 seconds
[2022-12-03T15:24:52.410+0000] {processor.py:153} INFO - Started process (PID=1869) to work on /home/airflow/.local/lib/python3.7/site-packages/airflow/example_dags/example_skip_dag.py
[2022-12-03T15:24:52.411+0000] {processor.py:743} INFO - Processing file /home/airflow/.local/lib/python3.7/site-packages/airflow/example_dags/example_skip_dag.py for tasks to queue
[2022-12-03T15:24:52.412+0000] {logging_mixin.py:137} INFO - [2022-12-03T15:24:52.412+0000] {dagbag.py:538} INFO - Filling up the DagBag from /home/airflow/.local/lib/python3.7/site-packages/airflow/example_dags/example_skip_dag.py
[2022-12-03T15:24:52.422+0000] {processor.py:753} INFO - DAG(s) dict_keys(['example_skip_dag']) retrieved from /home/airflow/.local/lib/python3.7/site-packages/airflow/example_dags/example_skip_dag.py
[2022-12-03T15:24:52.449+0000] {logging_mixin.py:137} INFO - [2022-12-03T15:24:52.449+0000] {dag.py:2676} INFO - Sync 1 DAGs
[2022-12-03T15:24:52.464+0000] {logging_mixin.py:137} INFO - [2022-12-03T15:24:52.464+0000] {dag.py:3427} INFO - Setting next_dagrun for example_skip_dag to 2022-12-02T15:24:52.464269+00:00, run_after=2022-12-03T15:24:52.464269+00:00
[2022-12-03T15:24:52.476+0000] {processor.py:175} INFO - Processing /home/airflow/.local/lib/python3.7/site-packages/airflow/example_dags/example_skip_dag.py took 0.068 seconds
[2022-12-03T15:25:22.792+0000] {processor.py:153} INFO - Started process (PID=2086) to work on /home/airflow/.local/lib/python3.7/site-packages/airflow/example_dags/example_skip_dag.py
[2022-12-03T15:25:22.793+0000] {processor.py:743} INFO - Processing file /home/airflow/.local/lib/python3.7/site-packages/airflow/example_dags/example_skip_dag.py for tasks to queue
[2022-12-03T15:25:22.794+0000] {logging_mixin.py:137} INFO - [2022-12-03T15:25:22.794+0000] {dagbag.py:538} INFO - Filling up the DagBag from /home/airflow/.local/lib/python3.7/site-packages/airflow/example_dags/example_skip_dag.py
[2022-12-03T15:25:22.803+0000] {processor.py:753} INFO - DAG(s) dict_keys(['example_skip_dag']) retrieved from /home/airflow/.local/lib/python3.7/site-packages/airflow/example_dags/example_skip_dag.py
[2022-12-03T15:25:22.827+0000] {logging_mixin.py:137} INFO - [2022-12-03T15:25:22.827+0000] {dag.py:2676} INFO - Sync 1 DAGs
[2022-12-03T15:25:22.841+0000] {logging_mixin.py:137} INFO - [2022-12-03T15:25:22.841+0000] {dag.py:3427} INFO - Setting next_dagrun for example_skip_dag to 2022-12-02T15:25:22.841605+00:00, run_after=2022-12-03T15:25:22.841605+00:00
[2022-12-03T15:25:22.851+0000] {processor.py:175} INFO - Processing /home/airflow/.local/lib/python3.7/site-packages/airflow/example_dags/example_skip_dag.py took 0.061 seconds
[2022-12-03T15:25:52.997+0000] {processor.py:153} INFO - Started process (PID=2310) to work on /home/airflow/.local/lib/python3.7/site-packages/airflow/example_dags/example_skip_dag.py
[2022-12-03T15:25:52.998+0000] {processor.py:743} INFO - Processing file /home/airflow/.local/lib/python3.7/site-packages/airflow/example_dags/example_skip_dag.py for tasks to queue
[2022-12-03T15:25:52.999+0000] {logging_mixin.py:137} INFO - [2022-12-03T15:25:52.999+0000] {dagbag.py:538} INFO - Filling up the DagBag from /home/airflow/.local/lib/python3.7/site-packages/airflow/example_dags/example_skip_dag.py
[2022-12-03T15:25:53.009+0000] {processor.py:753} INFO - DAG(s) dict_keys(['example_skip_dag']) retrieved from /home/airflow/.local/lib/python3.7/site-packages/airflow/example_dags/example_skip_dag.py
[2022-12-03T15:25:53.036+0000] {logging_mixin.py:137} INFO - [2022-12-03T15:25:53.036+0000] {dag.py:2676} INFO - Sync 1 DAGs
[2022-12-03T15:25:53.051+0000] {logging_mixin.py:137} INFO - [2022-12-03T15:25:53.051+0000] {dag.py:3427} INFO - Setting next_dagrun for example_skip_dag to 2022-12-02T15:25:53.051539+00:00, run_after=2022-12-03T15:25:53.051539+00:00
[2022-12-03T15:25:53.062+0000] {processor.py:175} INFO - Processing /home/airflow/.local/lib/python3.7/site-packages/airflow/example_dags/example_skip_dag.py took 0.068 seconds
[2022-12-03T15:26:23.488+0000] {processor.py:153} INFO - Started process (PID=2535) to work on /home/airflow/.local/lib/python3.7/site-packages/airflow/example_dags/example_skip_dag.py
[2022-12-03T15:26:23.489+0000] {processor.py:743} INFO - Processing file /home/airflow/.local/lib/python3.7/site-packages/airflow/example_dags/example_skip_dag.py for tasks to queue
[2022-12-03T15:26:23.490+0000] {logging_mixin.py:137} INFO - [2022-12-03T15:26:23.490+0000] {dagbag.py:538} INFO - Filling up the DagBag from /home/airflow/.local/lib/python3.7/site-packages/airflow/example_dags/example_skip_dag.py
[2022-12-03T15:26:23.501+0000] {processor.py:753} INFO - DAG(s) dict_keys(['example_skip_dag']) retrieved from /home/airflow/.local/lib/python3.7/site-packages/airflow/example_dags/example_skip_dag.py
[2022-12-03T15:26:23.533+0000] {logging_mixin.py:137} INFO - [2022-12-03T15:26:23.533+0000] {dag.py:2676} INFO - Sync 1 DAGs
[2022-12-03T15:26:23.552+0000] {logging_mixin.py:137} INFO - [2022-12-03T15:26:23.552+0000] {dag.py:3427} INFO - Setting next_dagrun for example_skip_dag to 2022-12-02T15:26:23.552658+00:00, run_after=2022-12-03T15:26:23.552658+00:00
[2022-12-03T15:26:23.563+0000] {processor.py:175} INFO - Processing /home/airflow/.local/lib/python3.7/site-packages/airflow/example_dags/example_skip_dag.py took 0.078 seconds
[2022-12-03T15:26:53.689+0000] {processor.py:153} INFO - Started process (PID=2749) to work on /home/airflow/.local/lib/python3.7/site-packages/airflow/example_dags/example_skip_dag.py
[2022-12-03T15:26:53.692+0000] {processor.py:743} INFO - Processing file /home/airflow/.local/lib/python3.7/site-packages/airflow/example_dags/example_skip_dag.py for tasks to queue
[2022-12-03T15:26:53.693+0000] {logging_mixin.py:137} INFO - [2022-12-03T15:26:53.693+0000] {dagbag.py:538} INFO - Filling up the DagBag from /home/airflow/.local/lib/python3.7/site-packages/airflow/example_dags/example_skip_dag.py
[2022-12-03T15:26:53.703+0000] {processor.py:753} INFO - DAG(s) dict_keys(['example_skip_dag']) retrieved from /home/airflow/.local/lib/python3.7/site-packages/airflow/example_dags/example_skip_dag.py
[2022-12-03T15:26:53.729+0000] {logging_mixin.py:137} INFO - [2022-12-03T15:26:53.729+0000] {dag.py:2676} INFO - Sync 1 DAGs
[2022-12-03T15:26:53.745+0000] {logging_mixin.py:137} INFO - [2022-12-03T15:26:53.744+0000] {dag.py:3427} INFO - Setting next_dagrun for example_skip_dag to 2022-12-02T15:26:53.744731+00:00, run_after=2022-12-03T15:26:53.744731+00:00
[2022-12-03T15:26:53.756+0000] {processor.py:175} INFO - Processing /home/airflow/.local/lib/python3.7/site-packages/airflow/example_dags/example_skip_dag.py took 0.070 seconds
[2022-12-03T15:27:24.962+0000] {processor.py:153} INFO - Started process (PID=2975) to work on /home/airflow/.local/lib/python3.7/site-packages/airflow/example_dags/example_skip_dag.py
[2022-12-03T15:27:24.963+0000] {processor.py:743} INFO - Processing file /home/airflow/.local/lib/python3.7/site-packages/airflow/example_dags/example_skip_dag.py for tasks to queue
[2022-12-03T15:27:24.964+0000] {logging_mixin.py:137} INFO - [2022-12-03T15:27:24.964+0000] {dagbag.py:538} INFO - Filling up the DagBag from /home/airflow/.local/lib/python3.7/site-packages/airflow/example_dags/example_skip_dag.py
[2022-12-03T15:27:24.975+0000] {processor.py:753} INFO - DAG(s) dict_keys(['example_skip_dag']) retrieved from /home/airflow/.local/lib/python3.7/site-packages/airflow/example_dags/example_skip_dag.py
[2022-12-03T15:27:25.001+0000] {logging_mixin.py:137} INFO - [2022-12-03T15:27:25.001+0000] {dag.py:2676} INFO - Sync 1 DAGs
[2022-12-03T15:27:25.016+0000] {logging_mixin.py:137} INFO - [2022-12-03T15:27:25.016+0000] {dag.py:3427} INFO - Setting next_dagrun for example_skip_dag to 2022-12-02T15:27:25.016598+00:00, run_after=2022-12-03T15:27:25.016598+00:00
[2022-12-03T15:27:25.027+0000] {processor.py:175} INFO - Processing /home/airflow/.local/lib/python3.7/site-packages/airflow/example_dags/example_skip_dag.py took 0.067 seconds
[2022-12-03T15:27:55.284+0000] {processor.py:153} INFO - Started process (PID=3202) to work on /home/airflow/.local/lib/python3.7/site-packages/airflow/example_dags/example_skip_dag.py
[2022-12-03T15:27:55.285+0000] {processor.py:743} INFO - Processing file /home/airflow/.local/lib/python3.7/site-packages/airflow/example_dags/example_skip_dag.py for tasks to queue
[2022-12-03T15:27:55.285+0000] {logging_mixin.py:137} INFO - [2022-12-03T15:27:55.285+0000] {dagbag.py:538} INFO - Filling up the DagBag from /home/airflow/.local/lib/python3.7/site-packages/airflow/example_dags/example_skip_dag.py
[2022-12-03T15:27:55.295+0000] {processor.py:753} INFO - DAG(s) dict_keys(['example_skip_dag']) retrieved from /home/airflow/.local/lib/python3.7/site-packages/airflow/example_dags/example_skip_dag.py
[2022-12-03T15:27:55.320+0000] {logging_mixin.py:137} INFO - [2022-12-03T15:27:55.320+0000] {dag.py:2676} INFO - Sync 1 DAGs
[2022-12-03T15:27:55.334+0000] {logging_mixin.py:137} INFO - [2022-12-03T15:27:55.334+0000] {dag.py:3427} INFO - Setting next_dagrun for example_skip_dag to 2022-12-02T15:27:55.334554+00:00, run_after=2022-12-03T15:27:55.334554+00:00
[2022-12-03T15:27:55.345+0000] {processor.py:175} INFO - Processing /home/airflow/.local/lib/python3.7/site-packages/airflow/example_dags/example_skip_dag.py took 0.064 seconds
[2022-12-03T15:28:25.755+0000] {processor.py:153} INFO - Started process (PID=3424) to work on /home/airflow/.local/lib/python3.7/site-packages/airflow/example_dags/example_skip_dag.py
[2022-12-03T15:28:25.757+0000] {processor.py:743} INFO - Processing file /home/airflow/.local/lib/python3.7/site-packages/airflow/example_dags/example_skip_dag.py for tasks to queue
[2022-12-03T15:28:25.758+0000] {logging_mixin.py:137} INFO - [2022-12-03T15:28:25.758+0000] {dagbag.py:538} INFO - Filling up the DagBag from /home/airflow/.local/lib/python3.7/site-packages/airflow/example_dags/example_skip_dag.py
[2022-12-03T15:28:25.770+0000] {processor.py:753} INFO - DAG(s) dict_keys(['example_skip_dag']) retrieved from /home/airflow/.local/lib/python3.7/site-packages/airflow/example_dags/example_skip_dag.py
[2022-12-03T15:28:25.798+0000] {logging_mixin.py:137} INFO - [2022-12-03T15:28:25.798+0000] {dag.py:2676} INFO - Sync 1 DAGs
[2022-12-03T15:28:25.817+0000] {logging_mixin.py:137} INFO - [2022-12-03T15:28:25.817+0000] {dag.py:3427} INFO - Setting next_dagrun for example_skip_dag to 2022-12-02T15:28:25.816849+00:00, run_after=2022-12-03T15:28:25.816849+00:00
[2022-12-03T15:28:25.830+0000] {processor.py:175} INFO - Processing /home/airflow/.local/lib/python3.7/site-packages/airflow/example_dags/example_skip_dag.py took 0.078 seconds
[2022-12-03T15:28:56.213+0000] {processor.py:153} INFO - Started process (PID=3640) to work on /home/airflow/.local/lib/python3.7/site-packages/airflow/example_dags/example_skip_dag.py
[2022-12-03T15:28:56.214+0000] {processor.py:743} INFO - Processing file /home/airflow/.local/lib/python3.7/site-packages/airflow/example_dags/example_skip_dag.py for tasks to queue
[2022-12-03T15:28:56.215+0000] {logging_mixin.py:137} INFO - [2022-12-03T15:28:56.215+0000] {dagbag.py:538} INFO - Filling up the DagBag from /home/airflow/.local/lib/python3.7/site-packages/airflow/example_dags/example_skip_dag.py
[2022-12-03T15:28:56.225+0000] {processor.py:753} INFO - DAG(s) dict_keys(['example_skip_dag']) retrieved from /home/airflow/.local/lib/python3.7/site-packages/airflow/example_dags/example_skip_dag.py
[2022-12-03T15:28:56.251+0000] {logging_mixin.py:137} INFO - [2022-12-03T15:28:56.251+0000] {dag.py:2676} INFO - Sync 1 DAGs
[2022-12-03T15:28:56.267+0000] {logging_mixin.py:137} INFO - [2022-12-03T15:28:56.266+0000] {dag.py:3427} INFO - Setting next_dagrun for example_skip_dag to 2022-12-02T15:28:56.266772+00:00, run_after=2022-12-03T15:28:56.266772+00:00
[2022-12-03T15:28:56.277+0000] {processor.py:175} INFO - Processing /home/airflow/.local/lib/python3.7/site-packages/airflow/example_dags/example_skip_dag.py took 0.066 seconds
[2022-12-03T15:29:26.346+0000] {processor.py:153} INFO - Started process (PID=3866) to work on /home/airflow/.local/lib/python3.7/site-packages/airflow/example_dags/example_skip_dag.py
[2022-12-03T15:29:26.347+0000] {processor.py:743} INFO - Processing file /home/airflow/.local/lib/python3.7/site-packages/airflow/example_dags/example_skip_dag.py for tasks to queue
[2022-12-03T15:29:26.348+0000] {logging_mixin.py:137} INFO - [2022-12-03T15:29:26.348+0000] {dagbag.py:538} INFO - Filling up the DagBag from /home/airflow/.local/lib/python3.7/site-packages/airflow/example_dags/example_skip_dag.py
[2022-12-03T15:29:26.358+0000] {processor.py:753} INFO - DAG(s) dict_keys(['example_skip_dag']) retrieved from /home/airflow/.local/lib/python3.7/site-packages/airflow/example_dags/example_skip_dag.py
[2022-12-03T15:29:26.384+0000] {logging_mixin.py:137} INFO - [2022-12-03T15:29:26.383+0000] {dag.py:2676} INFO - Sync 1 DAGs
[2022-12-03T15:29:26.399+0000] {logging_mixin.py:137} INFO - [2022-12-03T15:29:26.399+0000] {dag.py:3427} INFO - Setting next_dagrun for example_skip_dag to 2022-12-02T15:29:26.398833+00:00, run_after=2022-12-03T15:29:26.398833+00:00
[2022-12-03T15:29:26.409+0000] {processor.py:175} INFO - Processing /home/airflow/.local/lib/python3.7/site-packages/airflow/example_dags/example_skip_dag.py took 0.066 seconds
[2022-12-03T15:29:56.737+0000] {processor.py:153} INFO - Started process (PID=4094) to work on /home/airflow/.local/lib/python3.7/site-packages/airflow/example_dags/example_skip_dag.py
[2022-12-03T15:29:56.738+0000] {processor.py:743} INFO - Processing file /home/airflow/.local/lib/python3.7/site-packages/airflow/example_dags/example_skip_dag.py for tasks to queue
[2022-12-03T15:29:56.739+0000] {logging_mixin.py:137} INFO - [2022-12-03T15:29:56.739+0000] {dagbag.py:538} INFO - Filling up the DagBag from /home/airflow/.local/lib/python3.7/site-packages/airflow/example_dags/example_skip_dag.py
[2022-12-03T15:29:56.751+0000] {processor.py:753} INFO - DAG(s) dict_keys(['example_skip_dag']) retrieved from /home/airflow/.local/lib/python3.7/site-packages/airflow/example_dags/example_skip_dag.py
[2022-12-03T15:29:56.779+0000] {logging_mixin.py:137} INFO - [2022-12-03T15:29:56.779+0000] {dag.py:2676} INFO - Sync 1 DAGs
[2022-12-03T15:29:56.803+0000] {logging_mixin.py:137} INFO - [2022-12-03T15:29:56.803+0000] {dag.py:3427} INFO - Setting next_dagrun for example_skip_dag to 2022-12-02T15:29:56.803076+00:00, run_after=2022-12-03T15:29:56.803076+00:00
[2022-12-03T15:29:56.817+0000] {processor.py:175} INFO - Processing /home/airflow/.local/lib/python3.7/site-packages/airflow/example_dags/example_skip_dag.py took 0.083 seconds
[2022-12-03T15:30:27.131+0000] {processor.py:153} INFO - Started process (PID=4306) to work on /home/airflow/.local/lib/python3.7/site-packages/airflow/example_dags/example_skip_dag.py
[2022-12-03T15:30:27.132+0000] {processor.py:743} INFO - Processing file /home/airflow/.local/lib/python3.7/site-packages/airflow/example_dags/example_skip_dag.py for tasks to queue
[2022-12-03T15:30:27.133+0000] {logging_mixin.py:137} INFO - [2022-12-03T15:30:27.133+0000] {dagbag.py:538} INFO - Filling up the DagBag from /home/airflow/.local/lib/python3.7/site-packages/airflow/example_dags/example_skip_dag.py
[2022-12-03T15:30:27.142+0000] {processor.py:753} INFO - DAG(s) dict_keys(['example_skip_dag']) retrieved from /home/airflow/.local/lib/python3.7/site-packages/airflow/example_dags/example_skip_dag.py
[2022-12-03T15:30:27.170+0000] {logging_mixin.py:137} INFO - [2022-12-03T15:30:27.169+0000] {dag.py:2676} INFO - Sync 1 DAGs
[2022-12-03T15:30:27.192+0000] {logging_mixin.py:137} INFO - [2022-12-03T15:30:27.192+0000] {dag.py:3427} INFO - Setting next_dagrun for example_skip_dag to 2022-12-02T15:30:27.192471+00:00, run_after=2022-12-03T15:30:27.192471+00:00
[2022-12-03T15:30:27.209+0000] {processor.py:175} INFO - Processing /home/airflow/.local/lib/python3.7/site-packages/airflow/example_dags/example_skip_dag.py took 0.082 seconds
[2022-12-03T15:30:57.421+0000] {processor.py:153} INFO - Started process (PID=4532) to work on /home/airflow/.local/lib/python3.7/site-packages/airflow/example_dags/example_skip_dag.py
[2022-12-03T15:30:57.422+0000] {processor.py:743} INFO - Processing file /home/airflow/.local/lib/python3.7/site-packages/airflow/example_dags/example_skip_dag.py for tasks to queue
[2022-12-03T15:30:57.423+0000] {logging_mixin.py:137} INFO - [2022-12-03T15:30:57.423+0000] {dagbag.py:538} INFO - Filling up the DagBag from /home/airflow/.local/lib/python3.7/site-packages/airflow/example_dags/example_skip_dag.py
[2022-12-03T15:30:57.432+0000] {processor.py:753} INFO - DAG(s) dict_keys(['example_skip_dag']) retrieved from /home/airflow/.local/lib/python3.7/site-packages/airflow/example_dags/example_skip_dag.py
[2022-12-03T15:30:57.459+0000] {logging_mixin.py:137} INFO - [2022-12-03T15:30:57.459+0000] {dag.py:2676} INFO - Sync 1 DAGs
[2022-12-03T15:30:57.477+0000] {logging_mixin.py:137} INFO - [2022-12-03T15:30:57.477+0000] {dag.py:3427} INFO - Setting next_dagrun for example_skip_dag to 2022-12-02T15:30:57.476986+00:00, run_after=2022-12-03T15:30:57.476986+00:00
[2022-12-03T15:30:57.496+0000] {processor.py:175} INFO - Processing /home/airflow/.local/lib/python3.7/site-packages/airflow/example_dags/example_skip_dag.py took 0.077 seconds
[2022-12-03T15:31:27.945+0000] {processor.py:153} INFO - Started process (PID=4759) to work on /home/airflow/.local/lib/python3.7/site-packages/airflow/example_dags/example_skip_dag.py
[2022-12-03T15:31:27.946+0000] {processor.py:743} INFO - Processing file /home/airflow/.local/lib/python3.7/site-packages/airflow/example_dags/example_skip_dag.py for tasks to queue
[2022-12-03T15:31:27.947+0000] {logging_mixin.py:137} INFO - [2022-12-03T15:31:27.947+0000] {dagbag.py:538} INFO - Filling up the DagBag from /home/airflow/.local/lib/python3.7/site-packages/airflow/example_dags/example_skip_dag.py
[2022-12-03T15:31:27.963+0000] {processor.py:753} INFO - DAG(s) dict_keys(['example_skip_dag']) retrieved from /home/airflow/.local/lib/python3.7/site-packages/airflow/example_dags/example_skip_dag.py
[2022-12-03T15:31:27.992+0000] {logging_mixin.py:137} INFO - [2022-12-03T15:31:27.992+0000] {dag.py:2676} INFO - Sync 1 DAGs
[2022-12-03T15:31:28.012+0000] {logging_mixin.py:137} INFO - [2022-12-03T15:31:28.012+0000] {dag.py:3427} INFO - Setting next_dagrun for example_skip_dag to 2022-12-02T15:31:28.012278+00:00, run_after=2022-12-03T15:31:28.012278+00:00
[2022-12-03T15:31:28.025+0000] {processor.py:175} INFO - Processing /home/airflow/.local/lib/python3.7/site-packages/airflow/example_dags/example_skip_dag.py took 0.084 seconds
[2022-12-03T15:31:58.558+0000] {processor.py:153} INFO - Started process (PID=4971) to work on /home/airflow/.local/lib/python3.7/site-packages/airflow/example_dags/example_skip_dag.py
[2022-12-03T15:31:58.560+0000] {processor.py:743} INFO - Processing file /home/airflow/.local/lib/python3.7/site-packages/airflow/example_dags/example_skip_dag.py for tasks to queue
[2022-12-03T15:31:58.561+0000] {logging_mixin.py:137} INFO - [2022-12-03T15:31:58.561+0000] {dagbag.py:538} INFO - Filling up the DagBag from /home/airflow/.local/lib/python3.7/site-packages/airflow/example_dags/example_skip_dag.py
[2022-12-03T15:31:58.572+0000] {processor.py:753} INFO - DAG(s) dict_keys(['example_skip_dag']) retrieved from /home/airflow/.local/lib/python3.7/site-packages/airflow/example_dags/example_skip_dag.py
[2022-12-03T15:31:58.610+0000] {logging_mixin.py:137} INFO - [2022-12-03T15:31:58.609+0000] {dag.py:2676} INFO - Sync 1 DAGs
[2022-12-03T15:31:58.625+0000] {logging_mixin.py:137} INFO - [2022-12-03T15:31:58.625+0000] {dag.py:3427} INFO - Setting next_dagrun for example_skip_dag to 2022-12-02T15:31:58.625590+00:00, run_after=2022-12-03T15:31:58.625590+00:00
[2022-12-03T15:31:58.638+0000] {processor.py:175} INFO - Processing /home/airflow/.local/lib/python3.7/site-packages/airflow/example_dags/example_skip_dag.py took 0.083 seconds
[2022-12-03T15:32:29.097+0000] {processor.py:153} INFO - Started process (PID=5197) to work on /home/airflow/.local/lib/python3.7/site-packages/airflow/example_dags/example_skip_dag.py
[2022-12-03T15:32:29.098+0000] {processor.py:743} INFO - Processing file /home/airflow/.local/lib/python3.7/site-packages/airflow/example_dags/example_skip_dag.py for tasks to queue
[2022-12-03T15:32:29.099+0000] {logging_mixin.py:137} INFO - [2022-12-03T15:32:29.099+0000] {dagbag.py:538} INFO - Filling up the DagBag from /home/airflow/.local/lib/python3.7/site-packages/airflow/example_dags/example_skip_dag.py
[2022-12-03T15:32:29.109+0000] {processor.py:753} INFO - DAG(s) dict_keys(['example_skip_dag']) retrieved from /home/airflow/.local/lib/python3.7/site-packages/airflow/example_dags/example_skip_dag.py
[2022-12-03T15:32:29.135+0000] {logging_mixin.py:137} INFO - [2022-12-03T15:32:29.135+0000] {dag.py:2676} INFO - Sync 1 DAGs
[2022-12-03T15:32:29.150+0000] {logging_mixin.py:137} INFO - [2022-12-03T15:32:29.150+0000] {dag.py:3427} INFO - Setting next_dagrun for example_skip_dag to 2022-12-02T15:32:29.150423+00:00, run_after=2022-12-03T15:32:29.150423+00:00
[2022-12-03T15:32:29.163+0000] {processor.py:175} INFO - Processing /home/airflow/.local/lib/python3.7/site-packages/airflow/example_dags/example_skip_dag.py took 0.068 seconds
[2022-12-03T15:32:59.798+0000] {processor.py:153} INFO - Started process (PID=5420) to work on /home/airflow/.local/lib/python3.7/site-packages/airflow/example_dags/example_skip_dag.py
[2022-12-03T15:32:59.799+0000] {processor.py:743} INFO - Processing file /home/airflow/.local/lib/python3.7/site-packages/airflow/example_dags/example_skip_dag.py for tasks to queue
[2022-12-03T15:32:59.801+0000] {logging_mixin.py:137} INFO - [2022-12-03T15:32:59.800+0000] {dagbag.py:538} INFO - Filling up the DagBag from /home/airflow/.local/lib/python3.7/site-packages/airflow/example_dags/example_skip_dag.py
[2022-12-03T15:32:59.814+0000] {processor.py:753} INFO - DAG(s) dict_keys(['example_skip_dag']) retrieved from /home/airflow/.local/lib/python3.7/site-packages/airflow/example_dags/example_skip_dag.py
[2022-12-03T15:32:59.861+0000] {logging_mixin.py:137} INFO - [2022-12-03T15:32:59.861+0000] {dag.py:2676} INFO - Sync 1 DAGs
[2022-12-03T15:32:59.882+0000] {logging_mixin.py:137} INFO - [2022-12-03T15:32:59.881+0000] {dag.py:3427} INFO - Setting next_dagrun for example_skip_dag to 2022-12-02T15:32:59.881707+00:00, run_after=2022-12-03T15:32:59.881707+00:00
[2022-12-03T15:32:59.897+0000] {processor.py:175} INFO - Processing /home/airflow/.local/lib/python3.7/site-packages/airflow/example_dags/example_skip_dag.py took 0.102 seconds
