[2022-12-03T15:08:53.184+0000] {processor.py:153} INFO - Started process (PID=284) to work on /home/airflow/.local/lib/python3.7/site-packages/airflow/example_dags/example_complex.py
[2022-12-03T15:08:53.185+0000] {processor.py:743} INFO - Processing file /home/airflow/.local/lib/python3.7/site-packages/airflow/example_dags/example_complex.py for tasks to queue
[2022-12-03T15:08:53.186+0000] {logging_mixin.py:137} INFO - [2022-12-03T15:08:53.185+0000] {dagbag.py:538} INFO - Filling up the DagBag from /home/airflow/.local/lib/python3.7/site-packages/airflow/example_dags/example_complex.py
[2022-12-03T15:08:53.197+0000] {logging_mixin.py:137} INFO - [2022-12-03T15:08:53.196+0000] {taskmixin.py:205} WARNING - Dependency <Task(BashOperator): create_entry_group>, delete_entry_group already registered for DAG: example_complex
[2022-12-03T15:08:53.198+0000] {logging_mixin.py:137} INFO - [2022-12-03T15:08:53.198+0000] {taskmixin.py:205} WARNING - Dependency <Task(BashOperator): delete_entry_group>, create_entry_group already registered for DAG: example_complex
[2022-12-03T15:08:53.198+0000] {logging_mixin.py:137} INFO - [2022-12-03T15:08:53.198+0000] {taskmixin.py:205} WARNING - Dependency <Task(BashOperator): create_entry_gcs>, delete_entry already registered for DAG: example_complex
[2022-12-03T15:08:53.199+0000] {logging_mixin.py:137} INFO - [2022-12-03T15:08:53.199+0000] {taskmixin.py:205} WARNING - Dependency <Task(BashOperator): delete_entry>, create_entry_gcs already registered for DAG: example_complex
[2022-12-03T15:08:53.199+0000] {logging_mixin.py:137} INFO - [2022-12-03T15:08:53.199+0000] {taskmixin.py:205} WARNING - Dependency <Task(BashOperator): create_tag>, delete_tag already registered for DAG: example_complex
[2022-12-03T15:08:53.200+0000] {logging_mixin.py:137} INFO - [2022-12-03T15:08:53.199+0000] {taskmixin.py:205} WARNING - Dependency <Task(BashOperator): delete_tag>, create_tag already registered for DAG: example_complex
[2022-12-03T15:08:53.205+0000] {processor.py:753} INFO - DAG(s) dict_keys(['example_complex']) retrieved from /home/airflow/.local/lib/python3.7/site-packages/airflow/example_dags/example_complex.py
[2022-12-03T15:08:53.225+0000] {logging_mixin.py:137} INFO - [2022-12-03T15:08:53.225+0000] {dag.py:2676} INFO - Sync 1 DAGs
[2022-12-03T15:08:53.241+0000] {logging_mixin.py:137} INFO - [2022-12-03T15:08:53.241+0000] {dag.py:3427} INFO - Setting next_dagrun for example_complex to None, run_after=None
[2022-12-03T15:08:53.254+0000] {processor.py:175} INFO - Processing /home/airflow/.local/lib/python3.7/site-packages/airflow/example_dags/example_complex.py took 0.073 seconds
[2022-12-03T15:09:23.515+0000] {processor.py:153} INFO - Started process (PID=510) to work on /home/airflow/.local/lib/python3.7/site-packages/airflow/example_dags/example_complex.py
[2022-12-03T15:09:23.517+0000] {processor.py:743} INFO - Processing file /home/airflow/.local/lib/python3.7/site-packages/airflow/example_dags/example_complex.py for tasks to queue
[2022-12-03T15:09:23.519+0000] {logging_mixin.py:137} INFO - [2022-12-03T15:09:23.519+0000] {dagbag.py:538} INFO - Filling up the DagBag from /home/airflow/.local/lib/python3.7/site-packages/airflow/example_dags/example_complex.py
[2022-12-03T15:09:23.528+0000] {logging_mixin.py:137} INFO - [2022-12-03T15:09:23.528+0000] {taskmixin.py:205} WARNING - Dependency <Task(BashOperator): create_entry_group>, delete_entry_group already registered for DAG: example_complex
[2022-12-03T15:09:23.529+0000] {logging_mixin.py:137} INFO - [2022-12-03T15:09:23.529+0000] {taskmixin.py:205} WARNING - Dependency <Task(BashOperator): delete_entry_group>, create_entry_group already registered for DAG: example_complex
[2022-12-03T15:09:23.530+0000] {logging_mixin.py:137} INFO - [2022-12-03T15:09:23.530+0000] {taskmixin.py:205} WARNING - Dependency <Task(BashOperator): create_entry_gcs>, delete_entry already registered for DAG: example_complex
[2022-12-03T15:09:23.531+0000] {logging_mixin.py:137} INFO - [2022-12-03T15:09:23.531+0000] {taskmixin.py:205} WARNING - Dependency <Task(BashOperator): delete_entry>, create_entry_gcs already registered for DAG: example_complex
[2022-12-03T15:09:23.532+0000] {logging_mixin.py:137} INFO - [2022-12-03T15:09:23.532+0000] {taskmixin.py:205} WARNING - Dependency <Task(BashOperator): create_tag>, delete_tag already registered for DAG: example_complex
[2022-12-03T15:09:23.533+0000] {logging_mixin.py:137} INFO - [2022-12-03T15:09:23.533+0000] {taskmixin.py:205} WARNING - Dependency <Task(BashOperator): delete_tag>, create_tag already registered for DAG: example_complex
[2022-12-03T15:09:23.539+0000] {processor.py:753} INFO - DAG(s) dict_keys(['example_complex']) retrieved from /home/airflow/.local/lib/python3.7/site-packages/airflow/example_dags/example_complex.py
[2022-12-03T15:09:23.558+0000] {logging_mixin.py:137} INFO - [2022-12-03T15:09:23.558+0000] {dag.py:2676} INFO - Sync 1 DAGs
[2022-12-03T15:09:23.574+0000] {logging_mixin.py:137} INFO - [2022-12-03T15:09:23.574+0000] {dag.py:3427} INFO - Setting next_dagrun for example_complex to None, run_after=None
[2022-12-03T15:09:23.585+0000] {processor.py:175} INFO - Processing /home/airflow/.local/lib/python3.7/site-packages/airflow/example_dags/example_complex.py took 0.073 seconds
[2022-12-03T15:09:53.840+0000] {processor.py:153} INFO - Started process (PID=723) to work on /home/airflow/.local/lib/python3.7/site-packages/airflow/example_dags/example_complex.py
[2022-12-03T15:09:53.841+0000] {processor.py:743} INFO - Processing file /home/airflow/.local/lib/python3.7/site-packages/airflow/example_dags/example_complex.py for tasks to queue
[2022-12-03T15:09:53.841+0000] {logging_mixin.py:137} INFO - [2022-12-03T15:09:53.841+0000] {dagbag.py:538} INFO - Filling up the DagBag from /home/airflow/.local/lib/python3.7/site-packages/airflow/example_dags/example_complex.py
[2022-12-03T15:09:53.850+0000] {logging_mixin.py:137} INFO - [2022-12-03T15:09:53.850+0000] {taskmixin.py:205} WARNING - Dependency <Task(BashOperator): create_entry_group>, delete_entry_group already registered for DAG: example_complex
[2022-12-03T15:09:53.851+0000] {logging_mixin.py:137} INFO - [2022-12-03T15:09:53.851+0000] {taskmixin.py:205} WARNING - Dependency <Task(BashOperator): delete_entry_group>, create_entry_group already registered for DAG: example_complex
[2022-12-03T15:09:53.852+0000] {logging_mixin.py:137} INFO - [2022-12-03T15:09:53.852+0000] {taskmixin.py:205} WARNING - Dependency <Task(BashOperator): create_entry_gcs>, delete_entry already registered for DAG: example_complex
[2022-12-03T15:09:53.852+0000] {logging_mixin.py:137} INFO - [2022-12-03T15:09:53.852+0000] {taskmixin.py:205} WARNING - Dependency <Task(BashOperator): delete_entry>, create_entry_gcs already registered for DAG: example_complex
[2022-12-03T15:09:53.853+0000] {logging_mixin.py:137} INFO - [2022-12-03T15:09:53.853+0000] {taskmixin.py:205} WARNING - Dependency <Task(BashOperator): create_tag>, delete_tag already registered for DAG: example_complex
[2022-12-03T15:09:53.853+0000] {logging_mixin.py:137} INFO - [2022-12-03T15:09:53.853+0000] {taskmixin.py:205} WARNING - Dependency <Task(BashOperator): delete_tag>, create_tag already registered for DAG: example_complex
[2022-12-03T15:09:53.858+0000] {processor.py:753} INFO - DAG(s) dict_keys(['example_complex']) retrieved from /home/airflow/.local/lib/python3.7/site-packages/airflow/example_dags/example_complex.py
[2022-12-03T15:09:53.890+0000] {logging_mixin.py:137} INFO - [2022-12-03T15:09:53.890+0000] {dag.py:2676} INFO - Sync 1 DAGs
[2022-12-03T15:09:53.905+0000] {logging_mixin.py:137} INFO - [2022-12-03T15:09:53.905+0000] {dag.py:3427} INFO - Setting next_dagrun for example_complex to None, run_after=None
[2022-12-03T15:09:53.915+0000] {processor.py:175} INFO - Processing /home/airflow/.local/lib/python3.7/site-packages/airflow/example_dags/example_complex.py took 0.078 seconds
[2022-12-03T15:10:52.146+0000] {processor.py:153} INFO - Started process (PID=284) to work on /home/airflow/.local/lib/python3.7/site-packages/airflow/example_dags/example_complex.py
[2022-12-03T15:10:52.147+0000] {processor.py:743} INFO - Processing file /home/airflow/.local/lib/python3.7/site-packages/airflow/example_dags/example_complex.py for tasks to queue
[2022-12-03T15:10:52.149+0000] {logging_mixin.py:137} INFO - [2022-12-03T15:10:52.149+0000] {dagbag.py:538} INFO - Filling up the DagBag from /home/airflow/.local/lib/python3.7/site-packages/airflow/example_dags/example_complex.py
[2022-12-03T15:10:52.158+0000] {logging_mixin.py:137} INFO - [2022-12-03T15:10:52.158+0000] {taskmixin.py:205} WARNING - Dependency <Task(BashOperator): create_entry_group>, delete_entry_group already registered for DAG: example_complex
[2022-12-03T15:10:52.159+0000] {logging_mixin.py:137} INFO - [2022-12-03T15:10:52.159+0000] {taskmixin.py:205} WARNING - Dependency <Task(BashOperator): delete_entry_group>, create_entry_group already registered for DAG: example_complex
[2022-12-03T15:10:52.160+0000] {logging_mixin.py:137} INFO - [2022-12-03T15:10:52.160+0000] {taskmixin.py:205} WARNING - Dependency <Task(BashOperator): create_entry_gcs>, delete_entry already registered for DAG: example_complex
[2022-12-03T15:10:52.160+0000] {logging_mixin.py:137} INFO - [2022-12-03T15:10:52.160+0000] {taskmixin.py:205} WARNING - Dependency <Task(BashOperator): delete_entry>, create_entry_gcs already registered for DAG: example_complex
[2022-12-03T15:10:52.161+0000] {logging_mixin.py:137} INFO - [2022-12-03T15:10:52.161+0000] {taskmixin.py:205} WARNING - Dependency <Task(BashOperator): create_tag>, delete_tag already registered for DAG: example_complex
[2022-12-03T15:10:52.161+0000] {logging_mixin.py:137} INFO - [2022-12-03T15:10:52.161+0000] {taskmixin.py:205} WARNING - Dependency <Task(BashOperator): delete_tag>, create_tag already registered for DAG: example_complex
[2022-12-03T15:10:52.168+0000] {processor.py:753} INFO - DAG(s) dict_keys(['example_complex']) retrieved from /home/airflow/.local/lib/python3.7/site-packages/airflow/example_dags/example_complex.py
[2022-12-03T15:10:52.200+0000] {logging_mixin.py:137} INFO - [2022-12-03T15:10:52.200+0000] {dag.py:2676} INFO - Sync 1 DAGs
[2022-12-03T15:10:52.230+0000] {logging_mixin.py:137} INFO - [2022-12-03T15:10:52.230+0000] {dag.py:3427} INFO - Setting next_dagrun for example_complex to None, run_after=None
[2022-12-03T15:10:52.249+0000] {processor.py:175} INFO - Processing /home/airflow/.local/lib/python3.7/site-packages/airflow/example_dags/example_complex.py took 0.106 seconds
[2022-12-03T15:11:22.652+0000] {processor.py:153} INFO - Started process (PID=510) to work on /home/airflow/.local/lib/python3.7/site-packages/airflow/example_dags/example_complex.py
[2022-12-03T15:11:22.653+0000] {processor.py:743} INFO - Processing file /home/airflow/.local/lib/python3.7/site-packages/airflow/example_dags/example_complex.py for tasks to queue
[2022-12-03T15:11:22.654+0000] {logging_mixin.py:137} INFO - [2022-12-03T15:11:22.654+0000] {dagbag.py:538} INFO - Filling up the DagBag from /home/airflow/.local/lib/python3.7/site-packages/airflow/example_dags/example_complex.py
[2022-12-03T15:11:22.661+0000] {logging_mixin.py:137} INFO - [2022-12-03T15:11:22.661+0000] {taskmixin.py:205} WARNING - Dependency <Task(BashOperator): create_entry_group>, delete_entry_group already registered for DAG: example_complex
[2022-12-03T15:11:22.662+0000] {logging_mixin.py:137} INFO - [2022-12-03T15:11:22.662+0000] {taskmixin.py:205} WARNING - Dependency <Task(BashOperator): delete_entry_group>, create_entry_group already registered for DAG: example_complex
[2022-12-03T15:11:22.662+0000] {logging_mixin.py:137} INFO - [2022-12-03T15:11:22.662+0000] {taskmixin.py:205} WARNING - Dependency <Task(BashOperator): create_entry_gcs>, delete_entry already registered for DAG: example_complex
[2022-12-03T15:11:22.663+0000] {logging_mixin.py:137} INFO - [2022-12-03T15:11:22.663+0000] {taskmixin.py:205} WARNING - Dependency <Task(BashOperator): delete_entry>, create_entry_gcs already registered for DAG: example_complex
[2022-12-03T15:11:22.663+0000] {logging_mixin.py:137} INFO - [2022-12-03T15:11:22.663+0000] {taskmixin.py:205} WARNING - Dependency <Task(BashOperator): create_tag>, delete_tag already registered for DAG: example_complex
[2022-12-03T15:11:22.664+0000] {logging_mixin.py:137} INFO - [2022-12-03T15:11:22.664+0000] {taskmixin.py:205} WARNING - Dependency <Task(BashOperator): delete_tag>, create_tag already registered for DAG: example_complex
[2022-12-03T15:11:22.669+0000] {processor.py:753} INFO - DAG(s) dict_keys(['example_complex']) retrieved from /home/airflow/.local/lib/python3.7/site-packages/airflow/example_dags/example_complex.py
[2022-12-03T15:11:22.699+0000] {logging_mixin.py:137} INFO - [2022-12-03T15:11:22.699+0000] {dag.py:2676} INFO - Sync 1 DAGs
[2022-12-03T15:11:22.714+0000] {logging_mixin.py:137} INFO - [2022-12-03T15:11:22.714+0000] {dag.py:3427} INFO - Setting next_dagrun for example_complex to None, run_after=None
[2022-12-03T15:11:22.724+0000] {processor.py:175} INFO - Processing /home/airflow/.local/lib/python3.7/site-packages/airflow/example_dags/example_complex.py took 0.075 seconds
[2022-12-03T15:11:53.265+0000] {processor.py:153} INFO - Started process (PID=737) to work on /home/airflow/.local/lib/python3.7/site-packages/airflow/example_dags/example_complex.py
[2022-12-03T15:11:53.266+0000] {processor.py:743} INFO - Processing file /home/airflow/.local/lib/python3.7/site-packages/airflow/example_dags/example_complex.py for tasks to queue
[2022-12-03T15:11:53.266+0000] {logging_mixin.py:137} INFO - [2022-12-03T15:11:53.266+0000] {dagbag.py:538} INFO - Filling up the DagBag from /home/airflow/.local/lib/python3.7/site-packages/airflow/example_dags/example_complex.py
[2022-12-03T15:11:53.274+0000] {logging_mixin.py:137} INFO - [2022-12-03T15:11:53.274+0000] {taskmixin.py:205} WARNING - Dependency <Task(BashOperator): create_entry_group>, delete_entry_group already registered for DAG: example_complex
[2022-12-03T15:11:53.274+0000] {logging_mixin.py:137} INFO - [2022-12-03T15:11:53.274+0000] {taskmixin.py:205} WARNING - Dependency <Task(BashOperator): delete_entry_group>, create_entry_group already registered for DAG: example_complex
[2022-12-03T15:11:53.275+0000] {logging_mixin.py:137} INFO - [2022-12-03T15:11:53.275+0000] {taskmixin.py:205} WARNING - Dependency <Task(BashOperator): create_entry_gcs>, delete_entry already registered for DAG: example_complex
[2022-12-03T15:11:53.275+0000] {logging_mixin.py:137} INFO - [2022-12-03T15:11:53.275+0000] {taskmixin.py:205} WARNING - Dependency <Task(BashOperator): delete_entry>, create_entry_gcs already registered for DAG: example_complex
[2022-12-03T15:11:53.276+0000] {logging_mixin.py:137} INFO - [2022-12-03T15:11:53.276+0000] {taskmixin.py:205} WARNING - Dependency <Task(BashOperator): create_tag>, delete_tag already registered for DAG: example_complex
[2022-12-03T15:11:53.276+0000] {logging_mixin.py:137} INFO - [2022-12-03T15:11:53.276+0000] {taskmixin.py:205} WARNING - Dependency <Task(BashOperator): delete_tag>, create_tag already registered for DAG: example_complex
[2022-12-03T15:11:53.281+0000] {processor.py:753} INFO - DAG(s) dict_keys(['example_complex']) retrieved from /home/airflow/.local/lib/python3.7/site-packages/airflow/example_dags/example_complex.py
[2022-12-03T15:11:53.310+0000] {logging_mixin.py:137} INFO - [2022-12-03T15:11:53.310+0000] {dag.py:2676} INFO - Sync 1 DAGs
[2022-12-03T15:11:53.325+0000] {logging_mixin.py:137} INFO - [2022-12-03T15:11:53.325+0000] {dag.py:3427} INFO - Setting next_dagrun for example_complex to None, run_after=None
[2022-12-03T15:11:53.338+0000] {processor.py:175} INFO - Processing /home/airflow/.local/lib/python3.7/site-packages/airflow/example_dags/example_complex.py took 0.076 seconds
[2022-12-03T15:12:23.511+0000] {processor.py:153} INFO - Started process (PID=952) to work on /home/airflow/.local/lib/python3.7/site-packages/airflow/example_dags/example_complex.py
[2022-12-03T15:12:23.513+0000] {processor.py:743} INFO - Processing file /home/airflow/.local/lib/python3.7/site-packages/airflow/example_dags/example_complex.py for tasks to queue
[2022-12-03T15:12:23.514+0000] {logging_mixin.py:137} INFO - [2022-12-03T15:12:23.513+0000] {dagbag.py:538} INFO - Filling up the DagBag from /home/airflow/.local/lib/python3.7/site-packages/airflow/example_dags/example_complex.py
[2022-12-03T15:12:23.523+0000] {logging_mixin.py:137} INFO - [2022-12-03T15:12:23.522+0000] {taskmixin.py:205} WARNING - Dependency <Task(BashOperator): create_entry_group>, delete_entry_group already registered for DAG: example_complex
[2022-12-03T15:12:23.523+0000] {logging_mixin.py:137} INFO - [2022-12-03T15:12:23.523+0000] {taskmixin.py:205} WARNING - Dependency <Task(BashOperator): delete_entry_group>, create_entry_group already registered for DAG: example_complex
[2022-12-03T15:12:23.524+0000] {logging_mixin.py:137} INFO - [2022-12-03T15:12:23.524+0000] {taskmixin.py:205} WARNING - Dependency <Task(BashOperator): create_entry_gcs>, delete_entry already registered for DAG: example_complex
[2022-12-03T15:12:23.525+0000] {logging_mixin.py:137} INFO - [2022-12-03T15:12:23.525+0000] {taskmixin.py:205} WARNING - Dependency <Task(BashOperator): delete_entry>, create_entry_gcs already registered for DAG: example_complex
[2022-12-03T15:12:23.525+0000] {logging_mixin.py:137} INFO - [2022-12-03T15:12:23.525+0000] {taskmixin.py:205} WARNING - Dependency <Task(BashOperator): create_tag>, delete_tag already registered for DAG: example_complex
[2022-12-03T15:12:23.526+0000] {logging_mixin.py:137} INFO - [2022-12-03T15:12:23.526+0000] {taskmixin.py:205} WARNING - Dependency <Task(BashOperator): delete_tag>, create_tag already registered for DAG: example_complex
[2022-12-03T15:12:23.532+0000] {processor.py:753} INFO - DAG(s) dict_keys(['example_complex']) retrieved from /home/airflow/.local/lib/python3.7/site-packages/airflow/example_dags/example_complex.py
[2022-12-03T15:12:23.553+0000] {logging_mixin.py:137} INFO - [2022-12-03T15:12:23.553+0000] {dag.py:2676} INFO - Sync 1 DAGs
[2022-12-03T15:12:23.569+0000] {logging_mixin.py:137} INFO - [2022-12-03T15:12:23.569+0000] {dag.py:3427} INFO - Setting next_dagrun for example_complex to None, run_after=None
[2022-12-03T15:12:23.580+0000] {processor.py:175} INFO - Processing /home/airflow/.local/lib/python3.7/site-packages/airflow/example_dags/example_complex.py took 0.071 seconds
[2022-12-03T15:12:53.710+0000] {processor.py:153} INFO - Started process (PID=1178) to work on /home/airflow/.local/lib/python3.7/site-packages/airflow/example_dags/example_complex.py
[2022-12-03T15:12:53.711+0000] {processor.py:743} INFO - Processing file /home/airflow/.local/lib/python3.7/site-packages/airflow/example_dags/example_complex.py for tasks to queue
[2022-12-03T15:12:53.712+0000] {logging_mixin.py:137} INFO - [2022-12-03T15:12:53.712+0000] {dagbag.py:538} INFO - Filling up the DagBag from /home/airflow/.local/lib/python3.7/site-packages/airflow/example_dags/example_complex.py
[2022-12-03T15:12:53.720+0000] {logging_mixin.py:137} INFO - [2022-12-03T15:12:53.720+0000] {taskmixin.py:205} WARNING - Dependency <Task(BashOperator): create_entry_group>, delete_entry_group already registered for DAG: example_complex
[2022-12-03T15:12:53.720+0000] {logging_mixin.py:137} INFO - [2022-12-03T15:12:53.720+0000] {taskmixin.py:205} WARNING - Dependency <Task(BashOperator): delete_entry_group>, create_entry_group already registered for DAG: example_complex
[2022-12-03T15:12:53.721+0000] {logging_mixin.py:137} INFO - [2022-12-03T15:12:53.721+0000] {taskmixin.py:205} WARNING - Dependency <Task(BashOperator): create_entry_gcs>, delete_entry already registered for DAG: example_complex
[2022-12-03T15:12:53.722+0000] {logging_mixin.py:137} INFO - [2022-12-03T15:12:53.721+0000] {taskmixin.py:205} WARNING - Dependency <Task(BashOperator): delete_entry>, create_entry_gcs already registered for DAG: example_complex
[2022-12-03T15:12:53.722+0000] {logging_mixin.py:137} INFO - [2022-12-03T15:12:53.722+0000] {taskmixin.py:205} WARNING - Dependency <Task(BashOperator): create_tag>, delete_tag already registered for DAG: example_complex
[2022-12-03T15:12:53.723+0000] {logging_mixin.py:137} INFO - [2022-12-03T15:12:53.723+0000] {taskmixin.py:205} WARNING - Dependency <Task(BashOperator): delete_tag>, create_tag already registered for DAG: example_complex
[2022-12-03T15:12:53.729+0000] {processor.py:753} INFO - DAG(s) dict_keys(['example_complex']) retrieved from /home/airflow/.local/lib/python3.7/site-packages/airflow/example_dags/example_complex.py
[2022-12-03T15:12:53.752+0000] {logging_mixin.py:137} INFO - [2022-12-03T15:12:53.752+0000] {dag.py:2676} INFO - Sync 1 DAGs
[2022-12-03T15:12:53.771+0000] {logging_mixin.py:137} INFO - [2022-12-03T15:12:53.771+0000] {dag.py:3427} INFO - Setting next_dagrun for example_complex to None, run_after=None
[2022-12-03T15:12:53.783+0000] {processor.py:175} INFO - Processing /home/airflow/.local/lib/python3.7/site-packages/airflow/example_dags/example_complex.py took 0.076 seconds
[2022-12-03T15:13:24.244+0000] {processor.py:153} INFO - Started process (PID=1404) to work on /home/airflow/.local/lib/python3.7/site-packages/airflow/example_dags/example_complex.py
[2022-12-03T15:13:24.246+0000] {processor.py:743} INFO - Processing file /home/airflow/.local/lib/python3.7/site-packages/airflow/example_dags/example_complex.py for tasks to queue
[2022-12-03T15:13:24.247+0000] {logging_mixin.py:137} INFO - [2022-12-03T15:13:24.247+0000] {dagbag.py:538} INFO - Filling up the DagBag from /home/airflow/.local/lib/python3.7/site-packages/airflow/example_dags/example_complex.py
[2022-12-03T15:13:24.255+0000] {logging_mixin.py:137} INFO - [2022-12-03T15:13:24.255+0000] {taskmixin.py:205} WARNING - Dependency <Task(BashOperator): create_entry_group>, delete_entry_group already registered for DAG: example_complex
[2022-12-03T15:13:24.255+0000] {logging_mixin.py:137} INFO - [2022-12-03T15:13:24.255+0000] {taskmixin.py:205} WARNING - Dependency <Task(BashOperator): delete_entry_group>, create_entry_group already registered for DAG: example_complex
[2022-12-03T15:13:24.256+0000] {logging_mixin.py:137} INFO - [2022-12-03T15:13:24.256+0000] {taskmixin.py:205} WARNING - Dependency <Task(BashOperator): create_entry_gcs>, delete_entry already registered for DAG: example_complex
[2022-12-03T15:13:24.257+0000] {logging_mixin.py:137} INFO - [2022-12-03T15:13:24.257+0000] {taskmixin.py:205} WARNING - Dependency <Task(BashOperator): delete_entry>, create_entry_gcs already registered for DAG: example_complex
[2022-12-03T15:13:24.257+0000] {logging_mixin.py:137} INFO - [2022-12-03T15:13:24.257+0000] {taskmixin.py:205} WARNING - Dependency <Task(BashOperator): create_tag>, delete_tag already registered for DAG: example_complex
[2022-12-03T15:13:24.258+0000] {logging_mixin.py:137} INFO - [2022-12-03T15:13:24.258+0000] {taskmixin.py:205} WARNING - Dependency <Task(BashOperator): delete_tag>, create_tag already registered for DAG: example_complex
[2022-12-03T15:13:24.263+0000] {processor.py:753} INFO - DAG(s) dict_keys(['example_complex']) retrieved from /home/airflow/.local/lib/python3.7/site-packages/airflow/example_dags/example_complex.py
[2022-12-03T15:13:24.298+0000] {logging_mixin.py:137} INFO - [2022-12-03T15:13:24.298+0000] {dag.py:2676} INFO - Sync 1 DAGs
[2022-12-03T15:13:24.315+0000] {logging_mixin.py:137} INFO - [2022-12-03T15:13:24.315+0000] {dag.py:3427} INFO - Setting next_dagrun for example_complex to None, run_after=None
[2022-12-03T15:13:24.329+0000] {processor.py:175} INFO - Processing /home/airflow/.local/lib/python3.7/site-packages/airflow/example_dags/example_complex.py took 0.087 seconds
[2022-12-03T15:13:54.915+0000] {processor.py:153} INFO - Started process (PID=1620) to work on /home/airflow/.local/lib/python3.7/site-packages/airflow/example_dags/example_complex.py
[2022-12-03T15:13:54.916+0000] {processor.py:743} INFO - Processing file /home/airflow/.local/lib/python3.7/site-packages/airflow/example_dags/example_complex.py for tasks to queue
[2022-12-03T15:13:54.917+0000] {logging_mixin.py:137} INFO - [2022-12-03T15:13:54.917+0000] {dagbag.py:538} INFO - Filling up the DagBag from /home/airflow/.local/lib/python3.7/site-packages/airflow/example_dags/example_complex.py
[2022-12-03T15:13:54.924+0000] {logging_mixin.py:137} INFO - [2022-12-03T15:13:54.924+0000] {taskmixin.py:205} WARNING - Dependency <Task(BashOperator): create_entry_group>, delete_entry_group already registered for DAG: example_complex
[2022-12-03T15:13:54.925+0000] {logging_mixin.py:137} INFO - [2022-12-03T15:13:54.925+0000] {taskmixin.py:205} WARNING - Dependency <Task(BashOperator): delete_entry_group>, create_entry_group already registered for DAG: example_complex
[2022-12-03T15:13:54.926+0000] {logging_mixin.py:137} INFO - [2022-12-03T15:13:54.926+0000] {taskmixin.py:205} WARNING - Dependency <Task(BashOperator): create_entry_gcs>, delete_entry already registered for DAG: example_complex
[2022-12-03T15:13:54.926+0000] {logging_mixin.py:137} INFO - [2022-12-03T15:13:54.926+0000] {taskmixin.py:205} WARNING - Dependency <Task(BashOperator): delete_entry>, create_entry_gcs already registered for DAG: example_complex
[2022-12-03T15:13:54.926+0000] {logging_mixin.py:137} INFO - [2022-12-03T15:13:54.926+0000] {taskmixin.py:205} WARNING - Dependency <Task(BashOperator): create_tag>, delete_tag already registered for DAG: example_complex
[2022-12-03T15:13:54.927+0000] {logging_mixin.py:137} INFO - [2022-12-03T15:13:54.927+0000] {taskmixin.py:205} WARNING - Dependency <Task(BashOperator): delete_tag>, create_tag already registered for DAG: example_complex
[2022-12-03T15:13:54.932+0000] {processor.py:753} INFO - DAG(s) dict_keys(['example_complex']) retrieved from /home/airflow/.local/lib/python3.7/site-packages/airflow/example_dags/example_complex.py
[2022-12-03T15:13:54.962+0000] {logging_mixin.py:137} INFO - [2022-12-03T15:13:54.962+0000] {dag.py:2676} INFO - Sync 1 DAGs
[2022-12-03T15:13:54.977+0000] {logging_mixin.py:137} INFO - [2022-12-03T15:13:54.977+0000] {dag.py:3427} INFO - Setting next_dagrun for example_complex to None, run_after=None
[2022-12-03T15:13:54.988+0000] {processor.py:175} INFO - Processing /home/airflow/.local/lib/python3.7/site-packages/airflow/example_dags/example_complex.py took 0.076 seconds
[2022-12-03T15:14:25.092+0000] {processor.py:153} INFO - Started process (PID=1844) to work on /home/airflow/.local/lib/python3.7/site-packages/airflow/example_dags/example_complex.py
[2022-12-03T15:14:25.094+0000] {processor.py:743} INFO - Processing file /home/airflow/.local/lib/python3.7/site-packages/airflow/example_dags/example_complex.py for tasks to queue
[2022-12-03T15:14:25.094+0000] {logging_mixin.py:137} INFO - [2022-12-03T15:14:25.094+0000] {dagbag.py:538} INFO - Filling up the DagBag from /home/airflow/.local/lib/python3.7/site-packages/airflow/example_dags/example_complex.py
[2022-12-03T15:14:25.103+0000] {logging_mixin.py:137} INFO - [2022-12-03T15:14:25.103+0000] {taskmixin.py:205} WARNING - Dependency <Task(BashOperator): create_entry_group>, delete_entry_group already registered for DAG: example_complex
[2022-12-03T15:14:25.104+0000] {logging_mixin.py:137} INFO - [2022-12-03T15:14:25.104+0000] {taskmixin.py:205} WARNING - Dependency <Task(BashOperator): delete_entry_group>, create_entry_group already registered for DAG: example_complex
[2022-12-03T15:14:25.105+0000] {logging_mixin.py:137} INFO - [2022-12-03T15:14:25.105+0000] {taskmixin.py:205} WARNING - Dependency <Task(BashOperator): create_entry_gcs>, delete_entry already registered for DAG: example_complex
[2022-12-03T15:14:25.105+0000] {logging_mixin.py:137} INFO - [2022-12-03T15:14:25.105+0000] {taskmixin.py:205} WARNING - Dependency <Task(BashOperator): delete_entry>, create_entry_gcs already registered for DAG: example_complex
[2022-12-03T15:14:25.106+0000] {logging_mixin.py:137} INFO - [2022-12-03T15:14:25.106+0000] {taskmixin.py:205} WARNING - Dependency <Task(BashOperator): create_tag>, delete_tag already registered for DAG: example_complex
[2022-12-03T15:14:25.106+0000] {logging_mixin.py:137} INFO - [2022-12-03T15:14:25.106+0000] {taskmixin.py:205} WARNING - Dependency <Task(BashOperator): delete_tag>, create_tag already registered for DAG: example_complex
[2022-12-03T15:14:25.112+0000] {processor.py:753} INFO - DAG(s) dict_keys(['example_complex']) retrieved from /home/airflow/.local/lib/python3.7/site-packages/airflow/example_dags/example_complex.py
[2022-12-03T15:14:25.142+0000] {logging_mixin.py:137} INFO - [2022-12-03T15:14:25.142+0000] {dag.py:2676} INFO - Sync 1 DAGs
[2022-12-03T15:14:25.158+0000] {logging_mixin.py:137} INFO - [2022-12-03T15:14:25.158+0000] {dag.py:3427} INFO - Setting next_dagrun for example_complex to None, run_after=None
[2022-12-03T15:14:25.171+0000] {processor.py:175} INFO - Processing /home/airflow/.local/lib/python3.7/site-packages/airflow/example_dags/example_complex.py took 0.081 seconds
[2022-12-03T15:15:12.292+0000] {processor.py:153} INFO - Started process (PID=283) to work on /home/airflow/.local/lib/python3.7/site-packages/airflow/example_dags/example_complex.py
[2022-12-03T15:15:12.293+0000] {processor.py:743} INFO - Processing file /home/airflow/.local/lib/python3.7/site-packages/airflow/example_dags/example_complex.py for tasks to queue
[2022-12-03T15:15:12.295+0000] {logging_mixin.py:137} INFO - [2022-12-03T15:15:12.294+0000] {dagbag.py:538} INFO - Filling up the DagBag from /home/airflow/.local/lib/python3.7/site-packages/airflow/example_dags/example_complex.py
[2022-12-03T15:15:12.307+0000] {logging_mixin.py:137} INFO - [2022-12-03T15:15:12.307+0000] {taskmixin.py:205} WARNING - Dependency <Task(BashOperator): create_entry_group>, delete_entry_group already registered for DAG: example_complex
[2022-12-03T15:15:12.308+0000] {logging_mixin.py:137} INFO - [2022-12-03T15:15:12.308+0000] {taskmixin.py:205} WARNING - Dependency <Task(BashOperator): delete_entry_group>, create_entry_group already registered for DAG: example_complex
[2022-12-03T15:15:12.309+0000] {logging_mixin.py:137} INFO - [2022-12-03T15:15:12.309+0000] {taskmixin.py:205} WARNING - Dependency <Task(BashOperator): create_entry_gcs>, delete_entry already registered for DAG: example_complex
[2022-12-03T15:15:12.310+0000] {logging_mixin.py:137} INFO - [2022-12-03T15:15:12.310+0000] {taskmixin.py:205} WARNING - Dependency <Task(BashOperator): delete_entry>, create_entry_gcs already registered for DAG: example_complex
[2022-12-03T15:15:12.311+0000] {logging_mixin.py:137} INFO - [2022-12-03T15:15:12.310+0000] {taskmixin.py:205} WARNING - Dependency <Task(BashOperator): create_tag>, delete_tag already registered for DAG: example_complex
[2022-12-03T15:15:12.311+0000] {logging_mixin.py:137} INFO - [2022-12-03T15:15:12.311+0000] {taskmixin.py:205} WARNING - Dependency <Task(BashOperator): delete_tag>, create_tag already registered for DAG: example_complex
[2022-12-03T15:15:12.320+0000] {processor.py:753} INFO - DAG(s) dict_keys(['example_complex']) retrieved from /home/airflow/.local/lib/python3.7/site-packages/airflow/example_dags/example_complex.py
[2022-12-03T15:15:12.344+0000] {logging_mixin.py:137} INFO - [2022-12-03T15:15:12.344+0000] {dag.py:2676} INFO - Sync 1 DAGs
[2022-12-03T15:15:12.365+0000] {logging_mixin.py:137} INFO - [2022-12-03T15:15:12.365+0000] {dag.py:3427} INFO - Setting next_dagrun for example_complex to None, run_after=None
[2022-12-03T15:15:12.380+0000] {processor.py:175} INFO - Processing /home/airflow/.local/lib/python3.7/site-packages/airflow/example_dags/example_complex.py took 0.093 seconds
[2022-12-03T15:21:18.866+0000] {processor.py:153} INFO - Started process (PID=283) to work on /home/airflow/.local/lib/python3.7/site-packages/airflow/example_dags/example_complex.py
[2022-12-03T15:21:18.868+0000] {processor.py:743} INFO - Processing file /home/airflow/.local/lib/python3.7/site-packages/airflow/example_dags/example_complex.py for tasks to queue
[2022-12-03T15:21:18.868+0000] {logging_mixin.py:137} INFO - [2022-12-03T15:21:18.868+0000] {dagbag.py:538} INFO - Filling up the DagBag from /home/airflow/.local/lib/python3.7/site-packages/airflow/example_dags/example_complex.py
[2022-12-03T15:21:18.877+0000] {logging_mixin.py:137} INFO - [2022-12-03T15:21:18.877+0000] {taskmixin.py:205} WARNING - Dependency <Task(BashOperator): create_entry_group>, delete_entry_group already registered for DAG: example_complex
[2022-12-03T15:21:18.877+0000] {logging_mixin.py:137} INFO - [2022-12-03T15:21:18.877+0000] {taskmixin.py:205} WARNING - Dependency <Task(BashOperator): delete_entry_group>, create_entry_group already registered for DAG: example_complex
[2022-12-03T15:21:18.878+0000] {logging_mixin.py:137} INFO - [2022-12-03T15:21:18.878+0000] {taskmixin.py:205} WARNING - Dependency <Task(BashOperator): create_entry_gcs>, delete_entry already registered for DAG: example_complex
[2022-12-03T15:21:18.878+0000] {logging_mixin.py:137} INFO - [2022-12-03T15:21:18.878+0000] {taskmixin.py:205} WARNING - Dependency <Task(BashOperator): delete_entry>, create_entry_gcs already registered for DAG: example_complex
[2022-12-03T15:21:18.879+0000] {logging_mixin.py:137} INFO - [2022-12-03T15:21:18.879+0000] {taskmixin.py:205} WARNING - Dependency <Task(BashOperator): create_tag>, delete_tag already registered for DAG: example_complex
[2022-12-03T15:21:18.880+0000] {logging_mixin.py:137} INFO - [2022-12-03T15:21:18.880+0000] {taskmixin.py:205} WARNING - Dependency <Task(BashOperator): delete_tag>, create_tag already registered for DAG: example_complex
[2022-12-03T15:21:18.885+0000] {processor.py:753} INFO - DAG(s) dict_keys(['example_complex']) retrieved from /home/airflow/.local/lib/python3.7/site-packages/airflow/example_dags/example_complex.py
[2022-12-03T15:21:18.906+0000] {logging_mixin.py:137} INFO - [2022-12-03T15:21:18.906+0000] {dag.py:2676} INFO - Sync 1 DAGs
[2022-12-03T15:21:18.923+0000] {logging_mixin.py:137} INFO - [2022-12-03T15:21:18.923+0000] {dag.py:3427} INFO - Setting next_dagrun for example_complex to None, run_after=None
[2022-12-03T15:21:18.937+0000] {processor.py:175} INFO - Processing /home/airflow/.local/lib/python3.7/site-packages/airflow/example_dags/example_complex.py took 0.073 seconds
[2022-12-03T15:21:49.113+0000] {processor.py:153} INFO - Started process (PID=507) to work on /home/airflow/.local/lib/python3.7/site-packages/airflow/example_dags/example_complex.py
[2022-12-03T15:21:49.114+0000] {processor.py:743} INFO - Processing file /home/airflow/.local/lib/python3.7/site-packages/airflow/example_dags/example_complex.py for tasks to queue
[2022-12-03T15:21:49.115+0000] {logging_mixin.py:137} INFO - [2022-12-03T15:21:49.115+0000] {dagbag.py:538} INFO - Filling up the DagBag from /home/airflow/.local/lib/python3.7/site-packages/airflow/example_dags/example_complex.py
[2022-12-03T15:21:49.122+0000] {logging_mixin.py:137} INFO - [2022-12-03T15:21:49.122+0000] {taskmixin.py:205} WARNING - Dependency <Task(BashOperator): create_entry_group>, delete_entry_group already registered for DAG: example_complex
[2022-12-03T15:21:49.123+0000] {logging_mixin.py:137} INFO - [2022-12-03T15:21:49.123+0000] {taskmixin.py:205} WARNING - Dependency <Task(BashOperator): delete_entry_group>, create_entry_group already registered for DAG: example_complex
[2022-12-03T15:21:49.123+0000] {logging_mixin.py:137} INFO - [2022-12-03T15:21:49.123+0000] {taskmixin.py:205} WARNING - Dependency <Task(BashOperator): create_entry_gcs>, delete_entry already registered for DAG: example_complex
[2022-12-03T15:21:49.124+0000] {logging_mixin.py:137} INFO - [2022-12-03T15:21:49.124+0000] {taskmixin.py:205} WARNING - Dependency <Task(BashOperator): delete_entry>, create_entry_gcs already registered for DAG: example_complex
[2022-12-03T15:21:49.125+0000] {logging_mixin.py:137} INFO - [2022-12-03T15:21:49.125+0000] {taskmixin.py:205} WARNING - Dependency <Task(BashOperator): create_tag>, delete_tag already registered for DAG: example_complex
[2022-12-03T15:21:49.125+0000] {logging_mixin.py:137} INFO - [2022-12-03T15:21:49.125+0000] {taskmixin.py:205} WARNING - Dependency <Task(BashOperator): delete_tag>, create_tag already registered for DAG: example_complex
[2022-12-03T15:21:49.130+0000] {processor.py:753} INFO - DAG(s) dict_keys(['example_complex']) retrieved from /home/airflow/.local/lib/python3.7/site-packages/airflow/example_dags/example_complex.py
[2022-12-03T15:21:49.159+0000] {logging_mixin.py:137} INFO - [2022-12-03T15:21:49.159+0000] {dag.py:2676} INFO - Sync 1 DAGs
[2022-12-03T15:21:49.175+0000] {logging_mixin.py:137} INFO - [2022-12-03T15:21:49.175+0000] {dag.py:3427} INFO - Setting next_dagrun for example_complex to None, run_after=None
[2022-12-03T15:21:49.186+0000] {processor.py:175} INFO - Processing /home/airflow/.local/lib/python3.7/site-packages/airflow/example_dags/example_complex.py took 0.076 seconds
[2022-12-03T15:22:19.412+0000] {processor.py:153} INFO - Started process (PID=722) to work on /home/airflow/.local/lib/python3.7/site-packages/airflow/example_dags/example_complex.py
[2022-12-03T15:22:19.413+0000] {processor.py:743} INFO - Processing file /home/airflow/.local/lib/python3.7/site-packages/airflow/example_dags/example_complex.py for tasks to queue
[2022-12-03T15:22:19.414+0000] {logging_mixin.py:137} INFO - [2022-12-03T15:22:19.414+0000] {dagbag.py:538} INFO - Filling up the DagBag from /home/airflow/.local/lib/python3.7/site-packages/airflow/example_dags/example_complex.py
[2022-12-03T15:22:19.421+0000] {logging_mixin.py:137} INFO - [2022-12-03T15:22:19.421+0000] {taskmixin.py:205} WARNING - Dependency <Task(BashOperator): create_entry_group>, delete_entry_group already registered for DAG: example_complex
[2022-12-03T15:22:19.422+0000] {logging_mixin.py:137} INFO - [2022-12-03T15:22:19.422+0000] {taskmixin.py:205} WARNING - Dependency <Task(BashOperator): delete_entry_group>, create_entry_group already registered for DAG: example_complex
[2022-12-03T15:22:19.422+0000] {logging_mixin.py:137} INFO - [2022-12-03T15:22:19.422+0000] {taskmixin.py:205} WARNING - Dependency <Task(BashOperator): create_entry_gcs>, delete_entry already registered for DAG: example_complex
[2022-12-03T15:22:19.422+0000] {logging_mixin.py:137} INFO - [2022-12-03T15:22:19.422+0000] {taskmixin.py:205} WARNING - Dependency <Task(BashOperator): delete_entry>, create_entry_gcs already registered for DAG: example_complex
[2022-12-03T15:22:19.423+0000] {logging_mixin.py:137} INFO - [2022-12-03T15:22:19.423+0000] {taskmixin.py:205} WARNING - Dependency <Task(BashOperator): create_tag>, delete_tag already registered for DAG: example_complex
[2022-12-03T15:22:19.423+0000] {logging_mixin.py:137} INFO - [2022-12-03T15:22:19.423+0000] {taskmixin.py:205} WARNING - Dependency <Task(BashOperator): delete_tag>, create_tag already registered for DAG: example_complex
[2022-12-03T15:22:19.428+0000] {processor.py:753} INFO - DAG(s) dict_keys(['example_complex']) retrieved from /home/airflow/.local/lib/python3.7/site-packages/airflow/example_dags/example_complex.py
[2022-12-03T15:22:19.456+0000] {logging_mixin.py:137} INFO - [2022-12-03T15:22:19.456+0000] {dag.py:2676} INFO - Sync 1 DAGs
[2022-12-03T15:22:19.469+0000] {logging_mixin.py:137} INFO - [2022-12-03T15:22:19.469+0000] {dag.py:3427} INFO - Setting next_dagrun for example_complex to None, run_after=None
[2022-12-03T15:22:19.478+0000] {processor.py:175} INFO - Processing /home/airflow/.local/lib/python3.7/site-packages/airflow/example_dags/example_complex.py took 0.069 seconds
[2022-12-03T15:22:50.001+0000] {processor.py:153} INFO - Started process (PID=946) to work on /home/airflow/.local/lib/python3.7/site-packages/airflow/example_dags/example_complex.py
[2022-12-03T15:22:50.003+0000] {processor.py:743} INFO - Processing file /home/airflow/.local/lib/python3.7/site-packages/airflow/example_dags/example_complex.py for tasks to queue
[2022-12-03T15:22:50.005+0000] {logging_mixin.py:137} INFO - [2022-12-03T15:22:50.005+0000] {dagbag.py:538} INFO - Filling up the DagBag from /home/airflow/.local/lib/python3.7/site-packages/airflow/example_dags/example_complex.py
[2022-12-03T15:22:50.016+0000] {logging_mixin.py:137} INFO - [2022-12-03T15:22:50.016+0000] {taskmixin.py:205} WARNING - Dependency <Task(BashOperator): create_entry_group>, delete_entry_group already registered for DAG: example_complex
[2022-12-03T15:22:50.017+0000] {logging_mixin.py:137} INFO - [2022-12-03T15:22:50.017+0000] {taskmixin.py:205} WARNING - Dependency <Task(BashOperator): delete_entry_group>, create_entry_group already registered for DAG: example_complex
[2022-12-03T15:22:50.017+0000] {logging_mixin.py:137} INFO - [2022-12-03T15:22:50.017+0000] {taskmixin.py:205} WARNING - Dependency <Task(BashOperator): create_entry_gcs>, delete_entry already registered for DAG: example_complex
[2022-12-03T15:22:50.019+0000] {logging_mixin.py:137} INFO - [2022-12-03T15:22:50.018+0000] {taskmixin.py:205} WARNING - Dependency <Task(BashOperator): delete_entry>, create_entry_gcs already registered for DAG: example_complex
[2022-12-03T15:22:50.020+0000] {logging_mixin.py:137} INFO - [2022-12-03T15:22:50.020+0000] {taskmixin.py:205} WARNING - Dependency <Task(BashOperator): create_tag>, delete_tag already registered for DAG: example_complex
[2022-12-03T15:22:50.027+0000] {logging_mixin.py:137} INFO - [2022-12-03T15:22:50.027+0000] {taskmixin.py:205} WARNING - Dependency <Task(BashOperator): delete_tag>, create_tag already registered for DAG: example_complex
[2022-12-03T15:22:50.033+0000] {processor.py:753} INFO - DAG(s) dict_keys(['example_complex']) retrieved from /home/airflow/.local/lib/python3.7/site-packages/airflow/example_dags/example_complex.py
[2022-12-03T15:22:50.071+0000] {logging_mixin.py:137} INFO - [2022-12-03T15:22:50.071+0000] {dag.py:2676} INFO - Sync 1 DAGs
[2022-12-03T15:22:50.090+0000] {logging_mixin.py:137} INFO - [2022-12-03T15:22:50.090+0000] {dag.py:3427} INFO - Setting next_dagrun for example_complex to None, run_after=None
[2022-12-03T15:22:50.103+0000] {processor.py:175} INFO - Processing /home/airflow/.local/lib/python3.7/site-packages/airflow/example_dags/example_complex.py took 0.105 seconds
[2022-12-03T15:23:20.752+0000] {processor.py:153} INFO - Started process (PID=1173) to work on /home/airflow/.local/lib/python3.7/site-packages/airflow/example_dags/example_complex.py
[2022-12-03T15:23:20.753+0000] {processor.py:743} INFO - Processing file /home/airflow/.local/lib/python3.7/site-packages/airflow/example_dags/example_complex.py for tasks to queue
[2022-12-03T15:23:20.754+0000] {logging_mixin.py:137} INFO - [2022-12-03T15:23:20.754+0000] {dagbag.py:538} INFO - Filling up the DagBag from /home/airflow/.local/lib/python3.7/site-packages/airflow/example_dags/example_complex.py
[2022-12-03T15:23:20.762+0000] {logging_mixin.py:137} INFO - [2022-12-03T15:23:20.762+0000] {taskmixin.py:205} WARNING - Dependency <Task(BashOperator): create_entry_group>, delete_entry_group already registered for DAG: example_complex
[2022-12-03T15:23:20.763+0000] {logging_mixin.py:137} INFO - [2022-12-03T15:23:20.763+0000] {taskmixin.py:205} WARNING - Dependency <Task(BashOperator): delete_entry_group>, create_entry_group already registered for DAG: example_complex
[2022-12-03T15:23:20.764+0000] {logging_mixin.py:137} INFO - [2022-12-03T15:23:20.764+0000] {taskmixin.py:205} WARNING - Dependency <Task(BashOperator): create_entry_gcs>, delete_entry already registered for DAG: example_complex
[2022-12-03T15:23:20.764+0000] {logging_mixin.py:137} INFO - [2022-12-03T15:23:20.764+0000] {taskmixin.py:205} WARNING - Dependency <Task(BashOperator): delete_entry>, create_entry_gcs already registered for DAG: example_complex
[2022-12-03T15:23:20.764+0000] {logging_mixin.py:137} INFO - [2022-12-03T15:23:20.764+0000] {taskmixin.py:205} WARNING - Dependency <Task(BashOperator): create_tag>, delete_tag already registered for DAG: example_complex
[2022-12-03T15:23:20.765+0000] {logging_mixin.py:137} INFO - [2022-12-03T15:23:20.765+0000] {taskmixin.py:205} WARNING - Dependency <Task(BashOperator): delete_tag>, create_tag already registered for DAG: example_complex
[2022-12-03T15:23:20.770+0000] {processor.py:753} INFO - DAG(s) dict_keys(['example_complex']) retrieved from /home/airflow/.local/lib/python3.7/site-packages/airflow/example_dags/example_complex.py
[2022-12-03T15:23:20.803+0000] {logging_mixin.py:137} INFO - [2022-12-03T15:23:20.803+0000] {dag.py:2676} INFO - Sync 1 DAGs
[2022-12-03T15:23:20.820+0000] {logging_mixin.py:137} INFO - [2022-12-03T15:23:20.819+0000] {dag.py:3427} INFO - Setting next_dagrun for example_complex to None, run_after=None
[2022-12-03T15:23:20.832+0000] {processor.py:175} INFO - Processing /home/airflow/.local/lib/python3.7/site-packages/airflow/example_dags/example_complex.py took 0.083 seconds
[2022-12-03T15:23:51.220+0000] {processor.py:153} INFO - Started process (PID=1387) to work on /home/airflow/.local/lib/python3.7/site-packages/airflow/example_dags/example_complex.py
[2022-12-03T15:23:51.222+0000] {processor.py:743} INFO - Processing file /home/airflow/.local/lib/python3.7/site-packages/airflow/example_dags/example_complex.py for tasks to queue
[2022-12-03T15:23:51.222+0000] {logging_mixin.py:137} INFO - [2022-12-03T15:23:51.222+0000] {dagbag.py:538} INFO - Filling up the DagBag from /home/airflow/.local/lib/python3.7/site-packages/airflow/example_dags/example_complex.py
[2022-12-03T15:23:51.229+0000] {logging_mixin.py:137} INFO - [2022-12-03T15:23:51.229+0000] {taskmixin.py:205} WARNING - Dependency <Task(BashOperator): create_entry_group>, delete_entry_group already registered for DAG: example_complex
[2022-12-03T15:23:51.230+0000] {logging_mixin.py:137} INFO - [2022-12-03T15:23:51.230+0000] {taskmixin.py:205} WARNING - Dependency <Task(BashOperator): delete_entry_group>, create_entry_group already registered for DAG: example_complex
[2022-12-03T15:23:51.230+0000] {logging_mixin.py:137} INFO - [2022-12-03T15:23:51.230+0000] {taskmixin.py:205} WARNING - Dependency <Task(BashOperator): create_entry_gcs>, delete_entry already registered for DAG: example_complex
[2022-12-03T15:23:51.231+0000] {logging_mixin.py:137} INFO - [2022-12-03T15:23:51.231+0000] {taskmixin.py:205} WARNING - Dependency <Task(BashOperator): delete_entry>, create_entry_gcs already registered for DAG: example_complex
[2022-12-03T15:23:51.231+0000] {logging_mixin.py:137} INFO - [2022-12-03T15:23:51.231+0000] {taskmixin.py:205} WARNING - Dependency <Task(BashOperator): create_tag>, delete_tag already registered for DAG: example_complex
[2022-12-03T15:23:51.232+0000] {logging_mixin.py:137} INFO - [2022-12-03T15:23:51.232+0000] {taskmixin.py:205} WARNING - Dependency <Task(BashOperator): delete_tag>, create_tag already registered for DAG: example_complex
[2022-12-03T15:23:51.237+0000] {processor.py:753} INFO - DAG(s) dict_keys(['example_complex']) retrieved from /home/airflow/.local/lib/python3.7/site-packages/airflow/example_dags/example_complex.py
[2022-12-03T15:23:51.268+0000] {logging_mixin.py:137} INFO - [2022-12-03T15:23:51.267+0000] {dag.py:2676} INFO - Sync 1 DAGs
[2022-12-03T15:23:51.282+0000] {logging_mixin.py:137} INFO - [2022-12-03T15:23:51.282+0000] {dag.py:3427} INFO - Setting next_dagrun for example_complex to None, run_after=None
[2022-12-03T15:23:51.292+0000] {processor.py:175} INFO - Processing /home/airflow/.local/lib/python3.7/site-packages/airflow/example_dags/example_complex.py took 0.075 seconds
[2022-12-03T15:24:21.594+0000] {processor.py:153} INFO - Started process (PID=1614) to work on /home/airflow/.local/lib/python3.7/site-packages/airflow/example_dags/example_complex.py
[2022-12-03T15:24:21.596+0000] {processor.py:743} INFO - Processing file /home/airflow/.local/lib/python3.7/site-packages/airflow/example_dags/example_complex.py for tasks to queue
[2022-12-03T15:24:21.596+0000] {logging_mixin.py:137} INFO - [2022-12-03T15:24:21.596+0000] {dagbag.py:538} INFO - Filling up the DagBag from /home/airflow/.local/lib/python3.7/site-packages/airflow/example_dags/example_complex.py
[2022-12-03T15:24:21.604+0000] {logging_mixin.py:137} INFO - [2022-12-03T15:24:21.603+0000] {taskmixin.py:205} WARNING - Dependency <Task(BashOperator): create_entry_group>, delete_entry_group already registered for DAG: example_complex
[2022-12-03T15:24:21.604+0000] {logging_mixin.py:137} INFO - [2022-12-03T15:24:21.604+0000] {taskmixin.py:205} WARNING - Dependency <Task(BashOperator): delete_entry_group>, create_entry_group already registered for DAG: example_complex
[2022-12-03T15:24:21.605+0000] {logging_mixin.py:137} INFO - [2022-12-03T15:24:21.605+0000] {taskmixin.py:205} WARNING - Dependency <Task(BashOperator): create_entry_gcs>, delete_entry already registered for DAG: example_complex
[2022-12-03T15:24:21.605+0000] {logging_mixin.py:137} INFO - [2022-12-03T15:24:21.605+0000] {taskmixin.py:205} WARNING - Dependency <Task(BashOperator): delete_entry>, create_entry_gcs already registered for DAG: example_complex
[2022-12-03T15:24:21.606+0000] {logging_mixin.py:137} INFO - [2022-12-03T15:24:21.606+0000] {taskmixin.py:205} WARNING - Dependency <Task(BashOperator): create_tag>, delete_tag already registered for DAG: example_complex
[2022-12-03T15:24:21.606+0000] {logging_mixin.py:137} INFO - [2022-12-03T15:24:21.606+0000] {taskmixin.py:205} WARNING - Dependency <Task(BashOperator): delete_tag>, create_tag already registered for DAG: example_complex
[2022-12-03T15:24:21.612+0000] {processor.py:753} INFO - DAG(s) dict_keys(['example_complex']) retrieved from /home/airflow/.local/lib/python3.7/site-packages/airflow/example_dags/example_complex.py
[2022-12-03T15:24:21.641+0000] {logging_mixin.py:137} INFO - [2022-12-03T15:24:21.641+0000] {dag.py:2676} INFO - Sync 1 DAGs
[2022-12-03T15:24:21.656+0000] {logging_mixin.py:137} INFO - [2022-12-03T15:24:21.656+0000] {dag.py:3427} INFO - Setting next_dagrun for example_complex to None, run_after=None
[2022-12-03T15:24:21.667+0000] {processor.py:175} INFO - Processing /home/airflow/.local/lib/python3.7/site-packages/airflow/example_dags/example_complex.py took 0.075 seconds
[2022-12-03T15:24:52.127+0000] {processor.py:153} INFO - Started process (PID=1839) to work on /home/airflow/.local/lib/python3.7/site-packages/airflow/example_dags/example_complex.py
[2022-12-03T15:24:52.128+0000] {processor.py:743} INFO - Processing file /home/airflow/.local/lib/python3.7/site-packages/airflow/example_dags/example_complex.py for tasks to queue
[2022-12-03T15:24:52.128+0000] {logging_mixin.py:137} INFO - [2022-12-03T15:24:52.128+0000] {dagbag.py:538} INFO - Filling up the DagBag from /home/airflow/.local/lib/python3.7/site-packages/airflow/example_dags/example_complex.py
[2022-12-03T15:24:52.135+0000] {logging_mixin.py:137} INFO - [2022-12-03T15:24:52.135+0000] {taskmixin.py:205} WARNING - Dependency <Task(BashOperator): create_entry_group>, delete_entry_group already registered for DAG: example_complex
[2022-12-03T15:24:52.136+0000] {logging_mixin.py:137} INFO - [2022-12-03T15:24:52.136+0000] {taskmixin.py:205} WARNING - Dependency <Task(BashOperator): delete_entry_group>, create_entry_group already registered for DAG: example_complex
[2022-12-03T15:24:52.137+0000] {logging_mixin.py:137} INFO - [2022-12-03T15:24:52.136+0000] {taskmixin.py:205} WARNING - Dependency <Task(BashOperator): create_entry_gcs>, delete_entry already registered for DAG: example_complex
[2022-12-03T15:24:52.137+0000] {logging_mixin.py:137} INFO - [2022-12-03T15:24:52.137+0000] {taskmixin.py:205} WARNING - Dependency <Task(BashOperator): delete_entry>, create_entry_gcs already registered for DAG: example_complex
[2022-12-03T15:24:52.138+0000] {logging_mixin.py:137} INFO - [2022-12-03T15:24:52.137+0000] {taskmixin.py:205} WARNING - Dependency <Task(BashOperator): create_tag>, delete_tag already registered for DAG: example_complex
[2022-12-03T15:24:52.138+0000] {logging_mixin.py:137} INFO - [2022-12-03T15:24:52.138+0000] {taskmixin.py:205} WARNING - Dependency <Task(BashOperator): delete_tag>, create_tag already registered for DAG: example_complex
[2022-12-03T15:24:52.143+0000] {processor.py:753} INFO - DAG(s) dict_keys(['example_complex']) retrieved from /home/airflow/.local/lib/python3.7/site-packages/airflow/example_dags/example_complex.py
[2022-12-03T15:24:52.174+0000] {logging_mixin.py:137} INFO - [2022-12-03T15:24:52.174+0000] {dag.py:2676} INFO - Sync 1 DAGs
[2022-12-03T15:24:52.188+0000] {logging_mixin.py:137} INFO - [2022-12-03T15:24:52.188+0000] {dag.py:3427} INFO - Setting next_dagrun for example_complex to None, run_after=None
[2022-12-03T15:24:52.199+0000] {processor.py:175} INFO - Processing /home/airflow/.local/lib/python3.7/site-packages/airflow/example_dags/example_complex.py took 0.076 seconds
[2022-12-03T15:25:22.438+0000] {processor.py:153} INFO - Started process (PID=2056) to work on /home/airflow/.local/lib/python3.7/site-packages/airflow/example_dags/example_complex.py
[2022-12-03T15:25:22.439+0000] {processor.py:743} INFO - Processing file /home/airflow/.local/lib/python3.7/site-packages/airflow/example_dags/example_complex.py for tasks to queue
[2022-12-03T15:25:22.440+0000] {logging_mixin.py:137} INFO - [2022-12-03T15:25:22.440+0000] {dagbag.py:538} INFO - Filling up the DagBag from /home/airflow/.local/lib/python3.7/site-packages/airflow/example_dags/example_complex.py
[2022-12-03T15:25:22.447+0000] {logging_mixin.py:137} INFO - [2022-12-03T15:25:22.447+0000] {taskmixin.py:205} WARNING - Dependency <Task(BashOperator): create_entry_group>, delete_entry_group already registered for DAG: example_complex
[2022-12-03T15:25:22.448+0000] {logging_mixin.py:137} INFO - [2022-12-03T15:25:22.448+0000] {taskmixin.py:205} WARNING - Dependency <Task(BashOperator): delete_entry_group>, create_entry_group already registered for DAG: example_complex
[2022-12-03T15:25:22.448+0000] {logging_mixin.py:137} INFO - [2022-12-03T15:25:22.448+0000] {taskmixin.py:205} WARNING - Dependency <Task(BashOperator): create_entry_gcs>, delete_entry already registered for DAG: example_complex
[2022-12-03T15:25:22.448+0000] {logging_mixin.py:137} INFO - [2022-12-03T15:25:22.448+0000] {taskmixin.py:205} WARNING - Dependency <Task(BashOperator): delete_entry>, create_entry_gcs already registered for DAG: example_complex
[2022-12-03T15:25:22.449+0000] {logging_mixin.py:137} INFO - [2022-12-03T15:25:22.449+0000] {taskmixin.py:205} WARNING - Dependency <Task(BashOperator): create_tag>, delete_tag already registered for DAG: example_complex
[2022-12-03T15:25:22.449+0000] {logging_mixin.py:137} INFO - [2022-12-03T15:25:22.449+0000] {taskmixin.py:205} WARNING - Dependency <Task(BashOperator): delete_tag>, create_tag already registered for DAG: example_complex
[2022-12-03T15:25:22.454+0000] {processor.py:753} INFO - DAG(s) dict_keys(['example_complex']) retrieved from /home/airflow/.local/lib/python3.7/site-packages/airflow/example_dags/example_complex.py
[2022-12-03T15:25:22.481+0000] {logging_mixin.py:137} INFO - [2022-12-03T15:25:22.481+0000] {dag.py:2676} INFO - Sync 1 DAGs
[2022-12-03T15:25:22.495+0000] {logging_mixin.py:137} INFO - [2022-12-03T15:25:22.495+0000] {dag.py:3427} INFO - Setting next_dagrun for example_complex to None, run_after=None
[2022-12-03T15:25:22.505+0000] {processor.py:175} INFO - Processing /home/airflow/.local/lib/python3.7/site-packages/airflow/example_dags/example_complex.py took 0.070 seconds
[2022-12-03T15:25:52.707+0000] {processor.py:153} INFO - Started process (PID=2280) to work on /home/airflow/.local/lib/python3.7/site-packages/airflow/example_dags/example_complex.py
[2022-12-03T15:25:52.708+0000] {processor.py:743} INFO - Processing file /home/airflow/.local/lib/python3.7/site-packages/airflow/example_dags/example_complex.py for tasks to queue
[2022-12-03T15:25:52.709+0000] {logging_mixin.py:137} INFO - [2022-12-03T15:25:52.708+0000] {dagbag.py:538} INFO - Filling up the DagBag from /home/airflow/.local/lib/python3.7/site-packages/airflow/example_dags/example_complex.py
[2022-12-03T15:25:52.716+0000] {logging_mixin.py:137} INFO - [2022-12-03T15:25:52.716+0000] {taskmixin.py:205} WARNING - Dependency <Task(BashOperator): create_entry_group>, delete_entry_group already registered for DAG: example_complex
[2022-12-03T15:25:52.717+0000] {logging_mixin.py:137} INFO - [2022-12-03T15:25:52.717+0000] {taskmixin.py:205} WARNING - Dependency <Task(BashOperator): delete_entry_group>, create_entry_group already registered for DAG: example_complex
[2022-12-03T15:25:52.717+0000] {logging_mixin.py:137} INFO - [2022-12-03T15:25:52.717+0000] {taskmixin.py:205} WARNING - Dependency <Task(BashOperator): create_entry_gcs>, delete_entry already registered for DAG: example_complex
[2022-12-03T15:25:52.718+0000] {logging_mixin.py:137} INFO - [2022-12-03T15:25:52.718+0000] {taskmixin.py:205} WARNING - Dependency <Task(BashOperator): delete_entry>, create_entry_gcs already registered for DAG: example_complex
[2022-12-03T15:25:52.719+0000] {logging_mixin.py:137} INFO - [2022-12-03T15:25:52.719+0000] {taskmixin.py:205} WARNING - Dependency <Task(BashOperator): create_tag>, delete_tag already registered for DAG: example_complex
[2022-12-03T15:25:52.719+0000] {logging_mixin.py:137} INFO - [2022-12-03T15:25:52.719+0000] {taskmixin.py:205} WARNING - Dependency <Task(BashOperator): delete_tag>, create_tag already registered for DAG: example_complex
[2022-12-03T15:25:52.725+0000] {processor.py:753} INFO - DAG(s) dict_keys(['example_complex']) retrieved from /home/airflow/.local/lib/python3.7/site-packages/airflow/example_dags/example_complex.py
[2022-12-03T15:25:52.755+0000] {logging_mixin.py:137} INFO - [2022-12-03T15:25:52.755+0000] {dag.py:2676} INFO - Sync 1 DAGs
[2022-12-03T15:25:52.771+0000] {logging_mixin.py:137} INFO - [2022-12-03T15:25:52.770+0000] {dag.py:3427} INFO - Setting next_dagrun for example_complex to None, run_after=None
[2022-12-03T15:25:52.783+0000] {processor.py:175} INFO - Processing /home/airflow/.local/lib/python3.7/site-packages/airflow/example_dags/example_complex.py took 0.078 seconds
[2022-12-03T15:26:23.203+0000] {processor.py:153} INFO - Started process (PID=2505) to work on /home/airflow/.local/lib/python3.7/site-packages/airflow/example_dags/example_complex.py
[2022-12-03T15:26:23.204+0000] {processor.py:743} INFO - Processing file /home/airflow/.local/lib/python3.7/site-packages/airflow/example_dags/example_complex.py for tasks to queue
[2022-12-03T15:26:23.205+0000] {logging_mixin.py:137} INFO - [2022-12-03T15:26:23.205+0000] {dagbag.py:538} INFO - Filling up the DagBag from /home/airflow/.local/lib/python3.7/site-packages/airflow/example_dags/example_complex.py
[2022-12-03T15:26:23.214+0000] {logging_mixin.py:137} INFO - [2022-12-03T15:26:23.214+0000] {taskmixin.py:205} WARNING - Dependency <Task(BashOperator): create_entry_group>, delete_entry_group already registered for DAG: example_complex
[2022-12-03T15:26:23.214+0000] {logging_mixin.py:137} INFO - [2022-12-03T15:26:23.214+0000] {taskmixin.py:205} WARNING - Dependency <Task(BashOperator): delete_entry_group>, create_entry_group already registered for DAG: example_complex
[2022-12-03T15:26:23.215+0000] {logging_mixin.py:137} INFO - [2022-12-03T15:26:23.215+0000] {taskmixin.py:205} WARNING - Dependency <Task(BashOperator): create_entry_gcs>, delete_entry already registered for DAG: example_complex
[2022-12-03T15:26:23.215+0000] {logging_mixin.py:137} INFO - [2022-12-03T15:26:23.215+0000] {taskmixin.py:205} WARNING - Dependency <Task(BashOperator): delete_entry>, create_entry_gcs already registered for DAG: example_complex
[2022-12-03T15:26:23.216+0000] {logging_mixin.py:137} INFO - [2022-12-03T15:26:23.216+0000] {taskmixin.py:205} WARNING - Dependency <Task(BashOperator): create_tag>, delete_tag already registered for DAG: example_complex
[2022-12-03T15:26:23.216+0000] {logging_mixin.py:137} INFO - [2022-12-03T15:26:23.216+0000] {taskmixin.py:205} WARNING - Dependency <Task(BashOperator): delete_tag>, create_tag already registered for DAG: example_complex
[2022-12-03T15:26:23.222+0000] {processor.py:753} INFO - DAG(s) dict_keys(['example_complex']) retrieved from /home/airflow/.local/lib/python3.7/site-packages/airflow/example_dags/example_complex.py
[2022-12-03T15:26:23.251+0000] {logging_mixin.py:137} INFO - [2022-12-03T15:26:23.251+0000] {dag.py:2676} INFO - Sync 1 DAGs
[2022-12-03T15:26:23.265+0000] {logging_mixin.py:137} INFO - [2022-12-03T15:26:23.265+0000] {dag.py:3427} INFO - Setting next_dagrun for example_complex to None, run_after=None
[2022-12-03T15:26:23.275+0000] {processor.py:175} INFO - Processing /home/airflow/.local/lib/python3.7/site-packages/airflow/example_dags/example_complex.py took 0.075 seconds
[2022-12-03T15:26:53.389+0000] {processor.py:153} INFO - Started process (PID=2719) to work on /home/airflow/.local/lib/python3.7/site-packages/airflow/example_dags/example_complex.py
[2022-12-03T15:26:53.390+0000] {processor.py:743} INFO - Processing file /home/airflow/.local/lib/python3.7/site-packages/airflow/example_dags/example_complex.py for tasks to queue
[2022-12-03T15:26:53.391+0000] {logging_mixin.py:137} INFO - [2022-12-03T15:26:53.391+0000] {dagbag.py:538} INFO - Filling up the DagBag from /home/airflow/.local/lib/python3.7/site-packages/airflow/example_dags/example_complex.py
[2022-12-03T15:26:53.398+0000] {logging_mixin.py:137} INFO - [2022-12-03T15:26:53.398+0000] {taskmixin.py:205} WARNING - Dependency <Task(BashOperator): create_entry_group>, delete_entry_group already registered for DAG: example_complex
[2022-12-03T15:26:53.399+0000] {logging_mixin.py:137} INFO - [2022-12-03T15:26:53.399+0000] {taskmixin.py:205} WARNING - Dependency <Task(BashOperator): delete_entry_group>, create_entry_group already registered for DAG: example_complex
[2022-12-03T15:26:53.399+0000] {logging_mixin.py:137} INFO - [2022-12-03T15:26:53.399+0000] {taskmixin.py:205} WARNING - Dependency <Task(BashOperator): create_entry_gcs>, delete_entry already registered for DAG: example_complex
[2022-12-03T15:26:53.400+0000] {logging_mixin.py:137} INFO - [2022-12-03T15:26:53.400+0000] {taskmixin.py:205} WARNING - Dependency <Task(BashOperator): delete_entry>, create_entry_gcs already registered for DAG: example_complex
[2022-12-03T15:26:53.400+0000] {logging_mixin.py:137} INFO - [2022-12-03T15:26:53.400+0000] {taskmixin.py:205} WARNING - Dependency <Task(BashOperator): create_tag>, delete_tag already registered for DAG: example_complex
[2022-12-03T15:26:53.401+0000] {logging_mixin.py:137} INFO - [2022-12-03T15:26:53.401+0000] {taskmixin.py:205} WARNING - Dependency <Task(BashOperator): delete_tag>, create_tag already registered for DAG: example_complex
[2022-12-03T15:26:53.406+0000] {processor.py:753} INFO - DAG(s) dict_keys(['example_complex']) retrieved from /home/airflow/.local/lib/python3.7/site-packages/airflow/example_dags/example_complex.py
[2022-12-03T15:26:53.435+0000] {logging_mixin.py:137} INFO - [2022-12-03T15:26:53.435+0000] {dag.py:2676} INFO - Sync 1 DAGs
[2022-12-03T15:26:53.450+0000] {logging_mixin.py:137} INFO - [2022-12-03T15:26:53.450+0000] {dag.py:3427} INFO - Setting next_dagrun for example_complex to None, run_after=None
[2022-12-03T15:26:53.461+0000] {processor.py:175} INFO - Processing /home/airflow/.local/lib/python3.7/site-packages/airflow/example_dags/example_complex.py took 0.075 seconds
[2022-12-03T15:27:24.677+0000] {processor.py:153} INFO - Started process (PID=2945) to work on /home/airflow/.local/lib/python3.7/site-packages/airflow/example_dags/example_complex.py
[2022-12-03T15:27:24.679+0000] {processor.py:743} INFO - Processing file /home/airflow/.local/lib/python3.7/site-packages/airflow/example_dags/example_complex.py for tasks to queue
[2022-12-03T15:27:24.679+0000] {logging_mixin.py:137} INFO - [2022-12-03T15:27:24.679+0000] {dagbag.py:538} INFO - Filling up the DagBag from /home/airflow/.local/lib/python3.7/site-packages/airflow/example_dags/example_complex.py
[2022-12-03T15:27:24.687+0000] {logging_mixin.py:137} INFO - [2022-12-03T15:27:24.687+0000] {taskmixin.py:205} WARNING - Dependency <Task(BashOperator): create_entry_group>, delete_entry_group already registered for DAG: example_complex
[2022-12-03T15:27:24.688+0000] {logging_mixin.py:137} INFO - [2022-12-03T15:27:24.688+0000] {taskmixin.py:205} WARNING - Dependency <Task(BashOperator): delete_entry_group>, create_entry_group already registered for DAG: example_complex
[2022-12-03T15:27:24.688+0000] {logging_mixin.py:137} INFO - [2022-12-03T15:27:24.688+0000] {taskmixin.py:205} WARNING - Dependency <Task(BashOperator): create_entry_gcs>, delete_entry already registered for DAG: example_complex
[2022-12-03T15:27:24.688+0000] {logging_mixin.py:137} INFO - [2022-12-03T15:27:24.688+0000] {taskmixin.py:205} WARNING - Dependency <Task(BashOperator): delete_entry>, create_entry_gcs already registered for DAG: example_complex
[2022-12-03T15:27:24.689+0000] {logging_mixin.py:137} INFO - [2022-12-03T15:27:24.689+0000] {taskmixin.py:205} WARNING - Dependency <Task(BashOperator): create_tag>, delete_tag already registered for DAG: example_complex
[2022-12-03T15:27:24.689+0000] {logging_mixin.py:137} INFO - [2022-12-03T15:27:24.689+0000] {taskmixin.py:205} WARNING - Dependency <Task(BashOperator): delete_tag>, create_tag already registered for DAG: example_complex
[2022-12-03T15:27:24.695+0000] {processor.py:753} INFO - DAG(s) dict_keys(['example_complex']) retrieved from /home/airflow/.local/lib/python3.7/site-packages/airflow/example_dags/example_complex.py
[2022-12-03T15:27:24.724+0000] {logging_mixin.py:137} INFO - [2022-12-03T15:27:24.724+0000] {dag.py:2676} INFO - Sync 1 DAGs
[2022-12-03T15:27:24.740+0000] {logging_mixin.py:137} INFO - [2022-12-03T15:27:24.740+0000] {dag.py:3427} INFO - Setting next_dagrun for example_complex to None, run_after=None
[2022-12-03T15:27:24.750+0000] {processor.py:175} INFO - Processing /home/airflow/.local/lib/python3.7/site-packages/airflow/example_dags/example_complex.py took 0.075 seconds
[2022-12-03T15:27:55.012+0000] {processor.py:153} INFO - Started process (PID=3174) to work on /home/airflow/.local/lib/python3.7/site-packages/airflow/example_dags/example_complex.py
[2022-12-03T15:27:55.013+0000] {processor.py:743} INFO - Processing file /home/airflow/.local/lib/python3.7/site-packages/airflow/example_dags/example_complex.py for tasks to queue
[2022-12-03T15:27:55.013+0000] {logging_mixin.py:137} INFO - [2022-12-03T15:27:55.013+0000] {dagbag.py:538} INFO - Filling up the DagBag from /home/airflow/.local/lib/python3.7/site-packages/airflow/example_dags/example_complex.py
[2022-12-03T15:27:55.021+0000] {logging_mixin.py:137} INFO - [2022-12-03T15:27:55.021+0000] {taskmixin.py:205} WARNING - Dependency <Task(BashOperator): create_entry_group>, delete_entry_group already registered for DAG: example_complex
[2022-12-03T15:27:55.021+0000] {logging_mixin.py:137} INFO - [2022-12-03T15:27:55.021+0000] {taskmixin.py:205} WARNING - Dependency <Task(BashOperator): delete_entry_group>, create_entry_group already registered for DAG: example_complex
[2022-12-03T15:27:55.022+0000] {logging_mixin.py:137} INFO - [2022-12-03T15:27:55.022+0000] {taskmixin.py:205} WARNING - Dependency <Task(BashOperator): create_entry_gcs>, delete_entry already registered for DAG: example_complex
[2022-12-03T15:27:55.022+0000] {logging_mixin.py:137} INFO - [2022-12-03T15:27:55.022+0000] {taskmixin.py:205} WARNING - Dependency <Task(BashOperator): delete_entry>, create_entry_gcs already registered for DAG: example_complex
[2022-12-03T15:27:55.023+0000] {logging_mixin.py:137} INFO - [2022-12-03T15:27:55.023+0000] {taskmixin.py:205} WARNING - Dependency <Task(BashOperator): create_tag>, delete_tag already registered for DAG: example_complex
[2022-12-03T15:27:55.023+0000] {logging_mixin.py:137} INFO - [2022-12-03T15:27:55.023+0000] {taskmixin.py:205} WARNING - Dependency <Task(BashOperator): delete_tag>, create_tag already registered for DAG: example_complex
[2022-12-03T15:27:55.028+0000] {processor.py:753} INFO - DAG(s) dict_keys(['example_complex']) retrieved from /home/airflow/.local/lib/python3.7/site-packages/airflow/example_dags/example_complex.py
[2022-12-03T15:27:55.056+0000] {logging_mixin.py:137} INFO - [2022-12-03T15:27:55.056+0000] {dag.py:2676} INFO - Sync 1 DAGs
[2022-12-03T15:27:55.069+0000] {logging_mixin.py:137} INFO - [2022-12-03T15:27:55.069+0000] {dag.py:3427} INFO - Setting next_dagrun for example_complex to None, run_after=None
[2022-12-03T15:27:55.081+0000] {processor.py:175} INFO - Processing /home/airflow/.local/lib/python3.7/site-packages/airflow/example_dags/example_complex.py took 0.072 seconds
[2022-12-03T15:28:25.405+0000] {processor.py:153} INFO - Started process (PID=3393) to work on /home/airflow/.local/lib/python3.7/site-packages/airflow/example_dags/example_complex.py
[2022-12-03T15:28:25.406+0000] {processor.py:743} INFO - Processing file /home/airflow/.local/lib/python3.7/site-packages/airflow/example_dags/example_complex.py for tasks to queue
[2022-12-03T15:28:25.407+0000] {logging_mixin.py:137} INFO - [2022-12-03T15:28:25.407+0000] {dagbag.py:538} INFO - Filling up the DagBag from /home/airflow/.local/lib/python3.7/site-packages/airflow/example_dags/example_complex.py
[2022-12-03T15:28:25.415+0000] {logging_mixin.py:137} INFO - [2022-12-03T15:28:25.414+0000] {taskmixin.py:205} WARNING - Dependency <Task(BashOperator): create_entry_group>, delete_entry_group already registered for DAG: example_complex
[2022-12-03T15:28:25.416+0000] {logging_mixin.py:137} INFO - [2022-12-03T15:28:25.415+0000] {taskmixin.py:205} WARNING - Dependency <Task(BashOperator): delete_entry_group>, create_entry_group already registered for DAG: example_complex
[2022-12-03T15:28:25.418+0000] {logging_mixin.py:137} INFO - [2022-12-03T15:28:25.417+0000] {taskmixin.py:205} WARNING - Dependency <Task(BashOperator): create_entry_gcs>, delete_entry already registered for DAG: example_complex
[2022-12-03T15:28:25.418+0000] {logging_mixin.py:137} INFO - [2022-12-03T15:28:25.418+0000] {taskmixin.py:205} WARNING - Dependency <Task(BashOperator): delete_entry>, create_entry_gcs already registered for DAG: example_complex
[2022-12-03T15:28:25.421+0000] {logging_mixin.py:137} INFO - [2022-12-03T15:28:25.421+0000] {taskmixin.py:205} WARNING - Dependency <Task(BashOperator): create_tag>, delete_tag already registered for DAG: example_complex
[2022-12-03T15:28:25.421+0000] {logging_mixin.py:137} INFO - [2022-12-03T15:28:25.421+0000] {taskmixin.py:205} WARNING - Dependency <Task(BashOperator): delete_tag>, create_tag already registered for DAG: example_complex
[2022-12-03T15:28:25.427+0000] {processor.py:753} INFO - DAG(s) dict_keys(['example_complex']) retrieved from /home/airflow/.local/lib/python3.7/site-packages/airflow/example_dags/example_complex.py
[2022-12-03T15:28:25.464+0000] {logging_mixin.py:137} INFO - [2022-12-03T15:28:25.464+0000] {dag.py:2676} INFO - Sync 1 DAGs
[2022-12-03T15:28:25.482+0000] {logging_mixin.py:137} INFO - [2022-12-03T15:28:25.481+0000] {dag.py:3427} INFO - Setting next_dagrun for example_complex to None, run_after=None
[2022-12-03T15:28:25.495+0000] {processor.py:175} INFO - Processing /home/airflow/.local/lib/python3.7/site-packages/airflow/example_dags/example_complex.py took 0.093 seconds
[2022-12-03T15:28:55.933+0000] {processor.py:153} INFO - Started process (PID=3610) to work on /home/airflow/.local/lib/python3.7/site-packages/airflow/example_dags/example_complex.py
[2022-12-03T15:28:55.934+0000] {processor.py:743} INFO - Processing file /home/airflow/.local/lib/python3.7/site-packages/airflow/example_dags/example_complex.py for tasks to queue
[2022-12-03T15:28:55.935+0000] {logging_mixin.py:137} INFO - [2022-12-03T15:28:55.935+0000] {dagbag.py:538} INFO - Filling up the DagBag from /home/airflow/.local/lib/python3.7/site-packages/airflow/example_dags/example_complex.py
[2022-12-03T15:28:55.942+0000] {logging_mixin.py:137} INFO - [2022-12-03T15:28:55.942+0000] {taskmixin.py:205} WARNING - Dependency <Task(BashOperator): create_entry_group>, delete_entry_group already registered for DAG: example_complex
[2022-12-03T15:28:55.943+0000] {logging_mixin.py:137} INFO - [2022-12-03T15:28:55.943+0000] {taskmixin.py:205} WARNING - Dependency <Task(BashOperator): delete_entry_group>, create_entry_group already registered for DAG: example_complex
[2022-12-03T15:28:55.943+0000] {logging_mixin.py:137} INFO - [2022-12-03T15:28:55.943+0000] {taskmixin.py:205} WARNING - Dependency <Task(BashOperator): create_entry_gcs>, delete_entry already registered for DAG: example_complex
[2022-12-03T15:28:55.944+0000] {logging_mixin.py:137} INFO - [2022-12-03T15:28:55.943+0000] {taskmixin.py:205} WARNING - Dependency <Task(BashOperator): delete_entry>, create_entry_gcs already registered for DAG: example_complex
[2022-12-03T15:28:55.944+0000] {logging_mixin.py:137} INFO - [2022-12-03T15:28:55.944+0000] {taskmixin.py:205} WARNING - Dependency <Task(BashOperator): create_tag>, delete_tag already registered for DAG: example_complex
[2022-12-03T15:28:55.944+0000] {logging_mixin.py:137} INFO - [2022-12-03T15:28:55.944+0000] {taskmixin.py:205} WARNING - Dependency <Task(BashOperator): delete_tag>, create_tag already registered for DAG: example_complex
[2022-12-03T15:28:55.949+0000] {processor.py:753} INFO - DAG(s) dict_keys(['example_complex']) retrieved from /home/airflow/.local/lib/python3.7/site-packages/airflow/example_dags/example_complex.py
[2022-12-03T15:28:55.979+0000] {logging_mixin.py:137} INFO - [2022-12-03T15:28:55.979+0000] {dag.py:2676} INFO - Sync 1 DAGs
[2022-12-03T15:28:55.993+0000] {logging_mixin.py:137} INFO - [2022-12-03T15:28:55.993+0000] {dag.py:3427} INFO - Setting next_dagrun for example_complex to None, run_after=None
[2022-12-03T15:28:56.004+0000] {processor.py:175} INFO - Processing /home/airflow/.local/lib/python3.7/site-packages/airflow/example_dags/example_complex.py took 0.074 seconds
[2022-12-03T15:29:26.065+0000] {processor.py:153} INFO - Started process (PID=3836) to work on /home/airflow/.local/lib/python3.7/site-packages/airflow/example_dags/example_complex.py
[2022-12-03T15:29:26.066+0000] {processor.py:743} INFO - Processing file /home/airflow/.local/lib/python3.7/site-packages/airflow/example_dags/example_complex.py for tasks to queue
[2022-12-03T15:29:26.067+0000] {logging_mixin.py:137} INFO - [2022-12-03T15:29:26.067+0000] {dagbag.py:538} INFO - Filling up the DagBag from /home/airflow/.local/lib/python3.7/site-packages/airflow/example_dags/example_complex.py
[2022-12-03T15:29:26.074+0000] {logging_mixin.py:137} INFO - [2022-12-03T15:29:26.074+0000] {taskmixin.py:205} WARNING - Dependency <Task(BashOperator): create_entry_group>, delete_entry_group already registered for DAG: example_complex
[2022-12-03T15:29:26.075+0000] {logging_mixin.py:137} INFO - [2022-12-03T15:29:26.075+0000] {taskmixin.py:205} WARNING - Dependency <Task(BashOperator): delete_entry_group>, create_entry_group already registered for DAG: example_complex
[2022-12-03T15:29:26.075+0000] {logging_mixin.py:137} INFO - [2022-12-03T15:29:26.075+0000] {taskmixin.py:205} WARNING - Dependency <Task(BashOperator): create_entry_gcs>, delete_entry already registered for DAG: example_complex
[2022-12-03T15:29:26.076+0000] {logging_mixin.py:137} INFO - [2022-12-03T15:29:26.076+0000] {taskmixin.py:205} WARNING - Dependency <Task(BashOperator): delete_entry>, create_entry_gcs already registered for DAG: example_complex
[2022-12-03T15:29:26.076+0000] {logging_mixin.py:137} INFO - [2022-12-03T15:29:26.076+0000] {taskmixin.py:205} WARNING - Dependency <Task(BashOperator): create_tag>, delete_tag already registered for DAG: example_complex
[2022-12-03T15:29:26.076+0000] {logging_mixin.py:137} INFO - [2022-12-03T15:29:26.076+0000] {taskmixin.py:205} WARNING - Dependency <Task(BashOperator): delete_tag>, create_tag already registered for DAG: example_complex
[2022-12-03T15:29:26.082+0000] {processor.py:753} INFO - DAG(s) dict_keys(['example_complex']) retrieved from /home/airflow/.local/lib/python3.7/site-packages/airflow/example_dags/example_complex.py
[2022-12-03T15:29:26.111+0000] {logging_mixin.py:137} INFO - [2022-12-03T15:29:26.111+0000] {dag.py:2676} INFO - Sync 1 DAGs
[2022-12-03T15:29:26.126+0000] {logging_mixin.py:137} INFO - [2022-12-03T15:29:26.126+0000] {dag.py:3427} INFO - Setting next_dagrun for example_complex to None, run_after=None
[2022-12-03T15:29:26.136+0000] {processor.py:175} INFO - Processing /home/airflow/.local/lib/python3.7/site-packages/airflow/example_dags/example_complex.py took 0.074 seconds
[2022-12-03T15:29:56.321+0000] {processor.py:153} INFO - Started process (PID=4061) to work on /home/airflow/.local/lib/python3.7/site-packages/airflow/example_dags/example_complex.py
[2022-12-03T15:29:56.322+0000] {processor.py:743} INFO - Processing file /home/airflow/.local/lib/python3.7/site-packages/airflow/example_dags/example_complex.py for tasks to queue
[2022-12-03T15:29:56.323+0000] {logging_mixin.py:137} INFO - [2022-12-03T15:29:56.323+0000] {dagbag.py:538} INFO - Filling up the DagBag from /home/airflow/.local/lib/python3.7/site-packages/airflow/example_dags/example_complex.py
[2022-12-03T15:29:56.330+0000] {logging_mixin.py:137} INFO - [2022-12-03T15:29:56.330+0000] {taskmixin.py:205} WARNING - Dependency <Task(BashOperator): create_entry_group>, delete_entry_group already registered for DAG: example_complex
[2022-12-03T15:29:56.331+0000] {logging_mixin.py:137} INFO - [2022-12-03T15:29:56.331+0000] {taskmixin.py:205} WARNING - Dependency <Task(BashOperator): delete_entry_group>, create_entry_group already registered for DAG: example_complex
[2022-12-03T15:29:56.331+0000] {logging_mixin.py:137} INFO - [2022-12-03T15:29:56.331+0000] {taskmixin.py:205} WARNING - Dependency <Task(BashOperator): create_entry_gcs>, delete_entry already registered for DAG: example_complex
[2022-12-03T15:29:56.333+0000] {logging_mixin.py:137} INFO - [2022-12-03T15:29:56.333+0000] {taskmixin.py:205} WARNING - Dependency <Task(BashOperator): delete_entry>, create_entry_gcs already registered for DAG: example_complex
[2022-12-03T15:29:56.333+0000] {logging_mixin.py:137} INFO - [2022-12-03T15:29:56.333+0000] {taskmixin.py:205} WARNING - Dependency <Task(BashOperator): create_tag>, delete_tag already registered for DAG: example_complex
[2022-12-03T15:29:56.334+0000] {logging_mixin.py:137} INFO - [2022-12-03T15:29:56.334+0000] {taskmixin.py:205} WARNING - Dependency <Task(BashOperator): delete_tag>, create_tag already registered for DAG: example_complex
[2022-12-03T15:29:56.340+0000] {processor.py:753} INFO - DAG(s) dict_keys(['example_complex']) retrieved from /home/airflow/.local/lib/python3.7/site-packages/airflow/example_dags/example_complex.py
[2022-12-03T15:29:56.381+0000] {logging_mixin.py:137} INFO - [2022-12-03T15:29:56.380+0000] {dag.py:2676} INFO - Sync 1 DAGs
[2022-12-03T15:29:56.397+0000] {logging_mixin.py:137} INFO - [2022-12-03T15:29:56.396+0000] {dag.py:3427} INFO - Setting next_dagrun for example_complex to None, run_after=None
[2022-12-03T15:29:56.410+0000] {processor.py:175} INFO - Processing /home/airflow/.local/lib/python3.7/site-packages/airflow/example_dags/example_complex.py took 0.092 seconds
[2022-12-03T15:30:26.827+0000] {processor.py:153} INFO - Started process (PID=4276) to work on /home/airflow/.local/lib/python3.7/site-packages/airflow/example_dags/example_complex.py
[2022-12-03T15:30:26.828+0000] {processor.py:743} INFO - Processing file /home/airflow/.local/lib/python3.7/site-packages/airflow/example_dags/example_complex.py for tasks to queue
[2022-12-03T15:30:26.829+0000] {logging_mixin.py:137} INFO - [2022-12-03T15:30:26.829+0000] {dagbag.py:538} INFO - Filling up the DagBag from /home/airflow/.local/lib/python3.7/site-packages/airflow/example_dags/example_complex.py
[2022-12-03T15:30:26.837+0000] {logging_mixin.py:137} INFO - [2022-12-03T15:30:26.837+0000] {taskmixin.py:205} WARNING - Dependency <Task(BashOperator): create_entry_group>, delete_entry_group already registered for DAG: example_complex
[2022-12-03T15:30:26.838+0000] {logging_mixin.py:137} INFO - [2022-12-03T15:30:26.838+0000] {taskmixin.py:205} WARNING - Dependency <Task(BashOperator): delete_entry_group>, create_entry_group already registered for DAG: example_complex
[2022-12-03T15:30:26.838+0000] {logging_mixin.py:137} INFO - [2022-12-03T15:30:26.838+0000] {taskmixin.py:205} WARNING - Dependency <Task(BashOperator): create_entry_gcs>, delete_entry already registered for DAG: example_complex
[2022-12-03T15:30:26.839+0000] {logging_mixin.py:137} INFO - [2022-12-03T15:30:26.839+0000] {taskmixin.py:205} WARNING - Dependency <Task(BashOperator): delete_entry>, create_entry_gcs already registered for DAG: example_complex
[2022-12-03T15:30:26.839+0000] {logging_mixin.py:137} INFO - [2022-12-03T15:30:26.839+0000] {taskmixin.py:205} WARNING - Dependency <Task(BashOperator): create_tag>, delete_tag already registered for DAG: example_complex
[2022-12-03T15:30:26.840+0000] {logging_mixin.py:137} INFO - [2022-12-03T15:30:26.840+0000] {taskmixin.py:205} WARNING - Dependency <Task(BashOperator): delete_tag>, create_tag already registered for DAG: example_complex
[2022-12-03T15:30:26.845+0000] {processor.py:753} INFO - DAG(s) dict_keys(['example_complex']) retrieved from /home/airflow/.local/lib/python3.7/site-packages/airflow/example_dags/example_complex.py
[2022-12-03T15:30:26.876+0000] {logging_mixin.py:137} INFO - [2022-12-03T15:30:26.876+0000] {dag.py:2676} INFO - Sync 1 DAGs
[2022-12-03T15:30:26.891+0000] {logging_mixin.py:137} INFO - [2022-12-03T15:30:26.891+0000] {dag.py:3427} INFO - Setting next_dagrun for example_complex to None, run_after=None
[2022-12-03T15:30:26.903+0000] {processor.py:175} INFO - Processing /home/airflow/.local/lib/python3.7/site-packages/airflow/example_dags/example_complex.py took 0.078 seconds
[2022-12-03T15:30:57.134+0000] {processor.py:153} INFO - Started process (PID=4502) to work on /home/airflow/.local/lib/python3.7/site-packages/airflow/example_dags/example_complex.py
[2022-12-03T15:30:57.135+0000] {processor.py:743} INFO - Processing file /home/airflow/.local/lib/python3.7/site-packages/airflow/example_dags/example_complex.py for tasks to queue
[2022-12-03T15:30:57.136+0000] {logging_mixin.py:137} INFO - [2022-12-03T15:30:57.136+0000] {dagbag.py:538} INFO - Filling up the DagBag from /home/airflow/.local/lib/python3.7/site-packages/airflow/example_dags/example_complex.py
[2022-12-03T15:30:57.143+0000] {logging_mixin.py:137} INFO - [2022-12-03T15:30:57.143+0000] {taskmixin.py:205} WARNING - Dependency <Task(BashOperator): create_entry_group>, delete_entry_group already registered for DAG: example_complex
[2022-12-03T15:30:57.144+0000] {logging_mixin.py:137} INFO - [2022-12-03T15:30:57.144+0000] {taskmixin.py:205} WARNING - Dependency <Task(BashOperator): delete_entry_group>, create_entry_group already registered for DAG: example_complex
[2022-12-03T15:30:57.145+0000] {logging_mixin.py:137} INFO - [2022-12-03T15:30:57.145+0000] {taskmixin.py:205} WARNING - Dependency <Task(BashOperator): create_entry_gcs>, delete_entry already registered for DAG: example_complex
[2022-12-03T15:30:57.145+0000] {logging_mixin.py:137} INFO - [2022-12-03T15:30:57.145+0000] {taskmixin.py:205} WARNING - Dependency <Task(BashOperator): delete_entry>, create_entry_gcs already registered for DAG: example_complex
[2022-12-03T15:30:57.146+0000] {logging_mixin.py:137} INFO - [2022-12-03T15:30:57.145+0000] {taskmixin.py:205} WARNING - Dependency <Task(BashOperator): create_tag>, delete_tag already registered for DAG: example_complex
[2022-12-03T15:30:57.146+0000] {logging_mixin.py:137} INFO - [2022-12-03T15:30:57.146+0000] {taskmixin.py:205} WARNING - Dependency <Task(BashOperator): delete_tag>, create_tag already registered for DAG: example_complex
[2022-12-03T15:30:57.151+0000] {processor.py:753} INFO - DAG(s) dict_keys(['example_complex']) retrieved from /home/airflow/.local/lib/python3.7/site-packages/airflow/example_dags/example_complex.py
[2022-12-03T15:30:57.179+0000] {logging_mixin.py:137} INFO - [2022-12-03T15:30:57.179+0000] {dag.py:2676} INFO - Sync 1 DAGs
[2022-12-03T15:30:57.194+0000] {logging_mixin.py:137} INFO - [2022-12-03T15:30:57.194+0000] {dag.py:3427} INFO - Setting next_dagrun for example_complex to None, run_after=None
[2022-12-03T15:30:57.206+0000] {processor.py:175} INFO - Processing /home/airflow/.local/lib/python3.7/site-packages/airflow/example_dags/example_complex.py took 0.075 seconds
[2022-12-03T15:31:27.423+0000] {processor.py:153} INFO - Started process (PID=4724) to work on /home/airflow/.local/lib/python3.7/site-packages/airflow/example_dags/example_complex.py
[2022-12-03T15:31:27.425+0000] {processor.py:743} INFO - Processing file /home/airflow/.local/lib/python3.7/site-packages/airflow/example_dags/example_complex.py for tasks to queue
[2022-12-03T15:31:27.426+0000] {logging_mixin.py:137} INFO - [2022-12-03T15:31:27.426+0000] {dagbag.py:538} INFO - Filling up the DagBag from /home/airflow/.local/lib/python3.7/site-packages/airflow/example_dags/example_complex.py
[2022-12-03T15:31:27.434+0000] {logging_mixin.py:137} INFO - [2022-12-03T15:31:27.434+0000] {taskmixin.py:205} WARNING - Dependency <Task(BashOperator): create_entry_group>, delete_entry_group already registered for DAG: example_complex
[2022-12-03T15:31:27.435+0000] {logging_mixin.py:137} INFO - [2022-12-03T15:31:27.435+0000] {taskmixin.py:205} WARNING - Dependency <Task(BashOperator): delete_entry_group>, create_entry_group already registered for DAG: example_complex
[2022-12-03T15:31:27.435+0000] {logging_mixin.py:137} INFO - [2022-12-03T15:31:27.435+0000] {taskmixin.py:205} WARNING - Dependency <Task(BashOperator): create_entry_gcs>, delete_entry already registered for DAG: example_complex
[2022-12-03T15:31:27.436+0000] {logging_mixin.py:137} INFO - [2022-12-03T15:31:27.436+0000] {taskmixin.py:205} WARNING - Dependency <Task(BashOperator): delete_entry>, create_entry_gcs already registered for DAG: example_complex
[2022-12-03T15:31:27.437+0000] {logging_mixin.py:137} INFO - [2022-12-03T15:31:27.437+0000] {taskmixin.py:205} WARNING - Dependency <Task(BashOperator): create_tag>, delete_tag already registered for DAG: example_complex
[2022-12-03T15:31:27.438+0000] {logging_mixin.py:137} INFO - [2022-12-03T15:31:27.438+0000] {taskmixin.py:205} WARNING - Dependency <Task(BashOperator): delete_tag>, create_tag already registered for DAG: example_complex
[2022-12-03T15:31:27.443+0000] {processor.py:753} INFO - DAG(s) dict_keys(['example_complex']) retrieved from /home/airflow/.local/lib/python3.7/site-packages/airflow/example_dags/example_complex.py
[2022-12-03T15:31:27.480+0000] {logging_mixin.py:137} INFO - [2022-12-03T15:31:27.480+0000] {dag.py:2676} INFO - Sync 1 DAGs
[2022-12-03T15:31:27.499+0000] {logging_mixin.py:137} INFO - [2022-12-03T15:31:27.499+0000] {dag.py:3427} INFO - Setting next_dagrun for example_complex to None, run_after=None
[2022-12-03T15:31:27.516+0000] {processor.py:175} INFO - Processing /home/airflow/.local/lib/python3.7/site-packages/airflow/example_dags/example_complex.py took 0.095 seconds
[2022-12-03T15:31:58.250+0000] {processor.py:153} INFO - Started process (PID=4941) to work on /home/airflow/.local/lib/python3.7/site-packages/airflow/example_dags/example_complex.py
[2022-12-03T15:31:58.252+0000] {processor.py:743} INFO - Processing file /home/airflow/.local/lib/python3.7/site-packages/airflow/example_dags/example_complex.py for tasks to queue
[2022-12-03T15:31:58.253+0000] {logging_mixin.py:137} INFO - [2022-12-03T15:31:58.252+0000] {dagbag.py:538} INFO - Filling up the DagBag from /home/airflow/.local/lib/python3.7/site-packages/airflow/example_dags/example_complex.py
[2022-12-03T15:31:58.260+0000] {logging_mixin.py:137} INFO - [2022-12-03T15:31:58.260+0000] {taskmixin.py:205} WARNING - Dependency <Task(BashOperator): create_entry_group>, delete_entry_group already registered for DAG: example_complex
[2022-12-03T15:31:58.260+0000] {logging_mixin.py:137} INFO - [2022-12-03T15:31:58.260+0000] {taskmixin.py:205} WARNING - Dependency <Task(BashOperator): delete_entry_group>, create_entry_group already registered for DAG: example_complex
[2022-12-03T15:31:58.261+0000] {logging_mixin.py:137} INFO - [2022-12-03T15:31:58.261+0000] {taskmixin.py:205} WARNING - Dependency <Task(BashOperator): create_entry_gcs>, delete_entry already registered for DAG: example_complex
[2022-12-03T15:31:58.261+0000] {logging_mixin.py:137} INFO - [2022-12-03T15:31:58.261+0000] {taskmixin.py:205} WARNING - Dependency <Task(BashOperator): delete_entry>, create_entry_gcs already registered for DAG: example_complex
[2022-12-03T15:31:58.262+0000] {logging_mixin.py:137} INFO - [2022-12-03T15:31:58.262+0000] {taskmixin.py:205} WARNING - Dependency <Task(BashOperator): create_tag>, delete_tag already registered for DAG: example_complex
[2022-12-03T15:31:58.262+0000] {logging_mixin.py:137} INFO - [2022-12-03T15:31:58.262+0000] {taskmixin.py:205} WARNING - Dependency <Task(BashOperator): delete_tag>, create_tag already registered for DAG: example_complex
[2022-12-03T15:31:58.267+0000] {processor.py:753} INFO - DAG(s) dict_keys(['example_complex']) retrieved from /home/airflow/.local/lib/python3.7/site-packages/airflow/example_dags/example_complex.py
[2022-12-03T15:31:58.297+0000] {logging_mixin.py:137} INFO - [2022-12-03T15:31:58.297+0000] {dag.py:2676} INFO - Sync 1 DAGs
[2022-12-03T15:31:58.312+0000] {logging_mixin.py:137} INFO - [2022-12-03T15:31:58.312+0000] {dag.py:3427} INFO - Setting next_dagrun for example_complex to None, run_after=None
[2022-12-03T15:31:58.323+0000] {processor.py:175} INFO - Processing /home/airflow/.local/lib/python3.7/site-packages/airflow/example_dags/example_complex.py took 0.075 seconds
[2022-12-03T15:32:28.803+0000] {processor.py:153} INFO - Started process (PID=5169) to work on /home/airflow/.local/lib/python3.7/site-packages/airflow/example_dags/example_complex.py
[2022-12-03T15:32:28.804+0000] {processor.py:743} INFO - Processing file /home/airflow/.local/lib/python3.7/site-packages/airflow/example_dags/example_complex.py for tasks to queue
[2022-12-03T15:32:28.805+0000] {logging_mixin.py:137} INFO - [2022-12-03T15:32:28.805+0000] {dagbag.py:538} INFO - Filling up the DagBag from /home/airflow/.local/lib/python3.7/site-packages/airflow/example_dags/example_complex.py
[2022-12-03T15:32:28.812+0000] {logging_mixin.py:137} INFO - [2022-12-03T15:32:28.812+0000] {taskmixin.py:205} WARNING - Dependency <Task(BashOperator): create_entry_group>, delete_entry_group already registered for DAG: example_complex
[2022-12-03T15:32:28.813+0000] {logging_mixin.py:137} INFO - [2022-12-03T15:32:28.813+0000] {taskmixin.py:205} WARNING - Dependency <Task(BashOperator): delete_entry_group>, create_entry_group already registered for DAG: example_complex
[2022-12-03T15:32:28.813+0000] {logging_mixin.py:137} INFO - [2022-12-03T15:32:28.813+0000] {taskmixin.py:205} WARNING - Dependency <Task(BashOperator): create_entry_gcs>, delete_entry already registered for DAG: example_complex
[2022-12-03T15:32:28.814+0000] {logging_mixin.py:137} INFO - [2022-12-03T15:32:28.814+0000] {taskmixin.py:205} WARNING - Dependency <Task(BashOperator): delete_entry>, create_entry_gcs already registered for DAG: example_complex
[2022-12-03T15:32:28.814+0000] {logging_mixin.py:137} INFO - [2022-12-03T15:32:28.814+0000] {taskmixin.py:205} WARNING - Dependency <Task(BashOperator): create_tag>, delete_tag already registered for DAG: example_complex
[2022-12-03T15:32:28.815+0000] {logging_mixin.py:137} INFO - [2022-12-03T15:32:28.814+0000] {taskmixin.py:205} WARNING - Dependency <Task(BashOperator): delete_tag>, create_tag already registered for DAG: example_complex
[2022-12-03T15:32:28.819+0000] {processor.py:753} INFO - DAG(s) dict_keys(['example_complex']) retrieved from /home/airflow/.local/lib/python3.7/site-packages/airflow/example_dags/example_complex.py
[2022-12-03T15:32:28.849+0000] {logging_mixin.py:137} INFO - [2022-12-03T15:32:28.849+0000] {dag.py:2676} INFO - Sync 1 DAGs
[2022-12-03T15:32:28.862+0000] {logging_mixin.py:137} INFO - [2022-12-03T15:32:28.862+0000] {dag.py:3427} INFO - Setting next_dagrun for example_complex to None, run_after=None
[2022-12-03T15:32:28.872+0000] {processor.py:175} INFO - Processing /home/airflow/.local/lib/python3.7/site-packages/airflow/example_dags/example_complex.py took 0.072 seconds
[2022-12-03T15:32:59.361+0000] {processor.py:153} INFO - Started process (PID=5381) to work on /home/airflow/.local/lib/python3.7/site-packages/airflow/example_dags/example_complex.py
[2022-12-03T15:32:59.362+0000] {processor.py:743} INFO - Processing file /home/airflow/.local/lib/python3.7/site-packages/airflow/example_dags/example_complex.py for tasks to queue
[2022-12-03T15:32:59.363+0000] {logging_mixin.py:137} INFO - [2022-12-03T15:32:59.363+0000] {dagbag.py:538} INFO - Filling up the DagBag from /home/airflow/.local/lib/python3.7/site-packages/airflow/example_dags/example_complex.py
[2022-12-03T15:32:59.372+0000] {logging_mixin.py:137} INFO - [2022-12-03T15:32:59.372+0000] {taskmixin.py:205} WARNING - Dependency <Task(BashOperator): create_entry_group>, delete_entry_group already registered for DAG: example_complex
[2022-12-03T15:32:59.373+0000] {logging_mixin.py:137} INFO - [2022-12-03T15:32:59.373+0000] {taskmixin.py:205} WARNING - Dependency <Task(BashOperator): delete_entry_group>, create_entry_group already registered for DAG: example_complex
[2022-12-03T15:32:59.374+0000] {logging_mixin.py:137} INFO - [2022-12-03T15:32:59.374+0000] {taskmixin.py:205} WARNING - Dependency <Task(BashOperator): create_entry_gcs>, delete_entry already registered for DAG: example_complex
[2022-12-03T15:32:59.374+0000] {logging_mixin.py:137} INFO - [2022-12-03T15:32:59.374+0000] {taskmixin.py:205} WARNING - Dependency <Task(BashOperator): delete_entry>, create_entry_gcs already registered for DAG: example_complex
[2022-12-03T15:32:59.375+0000] {logging_mixin.py:137} INFO - [2022-12-03T15:32:59.375+0000] {taskmixin.py:205} WARNING - Dependency <Task(BashOperator): create_tag>, delete_tag already registered for DAG: example_complex
[2022-12-03T15:32:59.377+0000] {logging_mixin.py:137} INFO - [2022-12-03T15:32:59.377+0000] {taskmixin.py:205} WARNING - Dependency <Task(BashOperator): delete_tag>, create_tag already registered for DAG: example_complex
[2022-12-03T15:32:59.383+0000] {processor.py:753} INFO - DAG(s) dict_keys(['example_complex']) retrieved from /home/airflow/.local/lib/python3.7/site-packages/airflow/example_dags/example_complex.py
[2022-12-03T15:32:59.421+0000] {logging_mixin.py:137} INFO - [2022-12-03T15:32:59.421+0000] {dag.py:2676} INFO - Sync 1 DAGs
[2022-12-03T15:32:59.438+0000] {logging_mixin.py:137} INFO - [2022-12-03T15:32:59.438+0000] {dag.py:3427} INFO - Setting next_dagrun for example_complex to None, run_after=None
[2022-12-03T15:32:59.451+0000] {processor.py:175} INFO - Processing /home/airflow/.local/lib/python3.7/site-packages/airflow/example_dags/example_complex.py took 0.092 seconds
