[2022-12-03T15:08:51.480+0000] {processor.py:153} INFO - Started process (PID=168) to work on /home/airflow/.local/lib/python3.7/site-packages/airflow/example_dags/example_bash_operator.py
[2022-12-03T15:08:51.482+0000] {processor.py:743} INFO - Processing file /home/airflow/.local/lib/python3.7/site-packages/airflow/example_dags/example_bash_operator.py for tasks to queue
[2022-12-03T15:08:51.483+0000] {logging_mixin.py:137} INFO - [2022-12-03T15:08:51.483+0000] {dagbag.py:538} INFO - Filling up the DagBag from /home/airflow/.local/lib/python3.7/site-packages/airflow/example_dags/example_bash_operator.py
[2022-12-03T15:08:51.543+0000] {processor.py:753} INFO - DAG(s) dict_keys(['example_bash_operator']) retrieved from /home/airflow/.local/lib/python3.7/site-packages/airflow/example_dags/example_bash_operator.py
[2022-12-03T15:08:51.566+0000] {logging_mixin.py:137} INFO - [2022-12-03T15:08:51.565+0000] {dag.py:2676} INFO - Sync 1 DAGs
[2022-12-03T15:08:51.586+0000] {logging_mixin.py:137} INFO - [2022-12-03T15:08:51.586+0000] {dag.py:3427} INFO - Setting next_dagrun for example_bash_operator to 2022-12-02T00:00:00+00:00, run_after=2022-12-03T00:00:00+00:00
[2022-12-03T15:08:51.600+0000] {processor.py:175} INFO - Processing /home/airflow/.local/lib/python3.7/site-packages/airflow/example_dags/example_bash_operator.py took 0.124 seconds
[2022-12-03T15:09:22.076+0000] {processor.py:153} INFO - Started process (PID=394) to work on /home/airflow/.local/lib/python3.7/site-packages/airflow/example_dags/example_bash_operator.py
[2022-12-03T15:09:22.077+0000] {processor.py:743} INFO - Processing file /home/airflow/.local/lib/python3.7/site-packages/airflow/example_dags/example_bash_operator.py for tasks to queue
[2022-12-03T15:09:22.078+0000] {logging_mixin.py:137} INFO - [2022-12-03T15:09:22.078+0000] {dagbag.py:538} INFO - Filling up the DagBag from /home/airflow/.local/lib/python3.7/site-packages/airflow/example_dags/example_bash_operator.py
[2022-12-03T15:09:22.119+0000] {processor.py:753} INFO - DAG(s) dict_keys(['example_bash_operator']) retrieved from /home/airflow/.local/lib/python3.7/site-packages/airflow/example_dags/example_bash_operator.py
[2022-12-03T15:09:22.153+0000] {logging_mixin.py:137} INFO - [2022-12-03T15:09:22.153+0000] {dag.py:2676} INFO - Sync 1 DAGs
[2022-12-03T15:09:22.183+0000] {logging_mixin.py:137} INFO - [2022-12-03T15:09:22.183+0000] {dag.py:3427} INFO - Setting next_dagrun for example_bash_operator to 2022-12-02T00:00:00+00:00, run_after=2022-12-03T00:00:00+00:00
[2022-12-03T15:09:22.195+0000] {processor.py:175} INFO - Processing /home/airflow/.local/lib/python3.7/site-packages/airflow/example_dags/example_bash_operator.py took 0.123 seconds
[2022-12-03T15:09:52.404+0000] {processor.py:153} INFO - Started process (PID=606) to work on /home/airflow/.local/lib/python3.7/site-packages/airflow/example_dags/example_bash_operator.py
[2022-12-03T15:09:52.406+0000] {processor.py:743} INFO - Processing file /home/airflow/.local/lib/python3.7/site-packages/airflow/example_dags/example_bash_operator.py for tasks to queue
[2022-12-03T15:09:52.407+0000] {logging_mixin.py:137} INFO - [2022-12-03T15:09:52.407+0000] {dagbag.py:538} INFO - Filling up the DagBag from /home/airflow/.local/lib/python3.7/site-packages/airflow/example_dags/example_bash_operator.py
[2022-12-03T15:09:52.443+0000] {processor.py:753} INFO - DAG(s) dict_keys(['example_bash_operator']) retrieved from /home/airflow/.local/lib/python3.7/site-packages/airflow/example_dags/example_bash_operator.py
[2022-12-03T15:09:52.494+0000] {logging_mixin.py:137} INFO - [2022-12-03T15:09:52.494+0000] {dag.py:2676} INFO - Sync 1 DAGs
[2022-12-03T15:09:52.515+0000] {logging_mixin.py:137} INFO - [2022-12-03T15:09:52.515+0000] {dag.py:3427} INFO - Setting next_dagrun for example_bash_operator to 2022-12-02T00:00:00+00:00, run_after=2022-12-03T00:00:00+00:00
[2022-12-03T15:09:52.532+0000] {processor.py:175} INFO - Processing /home/airflow/.local/lib/python3.7/site-packages/airflow/example_dags/example_bash_operator.py took 0.138 seconds
[2022-12-03T15:10:23.303+0000] {processor.py:153} INFO - Started process (PID=832) to work on /home/airflow/.local/lib/python3.7/site-packages/airflow/example_dags/example_bash_operator.py
[2022-12-03T15:10:23.306+0000] {processor.py:743} INFO - Processing file /home/airflow/.local/lib/python3.7/site-packages/airflow/example_dags/example_bash_operator.py for tasks to queue
[2022-12-03T15:10:23.308+0000] {logging_mixin.py:137} INFO - [2022-12-03T15:10:23.308+0000] {dagbag.py:538} INFO - Filling up the DagBag from /home/airflow/.local/lib/python3.7/site-packages/airflow/example_dags/example_bash_operator.py
[2022-12-03T15:10:23.341+0000] {processor.py:753} INFO - DAG(s) dict_keys(['example_bash_operator']) retrieved from /home/airflow/.local/lib/python3.7/site-packages/airflow/example_dags/example_bash_operator.py
[2022-12-03T15:10:23.377+0000] {logging_mixin.py:137} INFO - [2022-12-03T15:10:23.377+0000] {dag.py:2676} INFO - Sync 1 DAGs
[2022-12-03T15:10:23.404+0000] {logging_mixin.py:137} INFO - [2022-12-03T15:10:23.404+0000] {dag.py:3427} INFO - Setting next_dagrun for example_bash_operator to 2022-12-02T00:00:00+00:00, run_after=2022-12-03T00:00:00+00:00
[2022-12-03T15:10:23.428+0000] {processor.py:175} INFO - Processing /home/airflow/.local/lib/python3.7/site-packages/airflow/example_dags/example_bash_operator.py took 0.131 seconds
[2022-12-03T15:10:50.423+0000] {processor.py:153} INFO - Started process (PID=169) to work on /home/airflow/.local/lib/python3.7/site-packages/airflow/example_dags/example_bash_operator.py
[2022-12-03T15:10:50.424+0000] {processor.py:743} INFO - Processing file /home/airflow/.local/lib/python3.7/site-packages/airflow/example_dags/example_bash_operator.py for tasks to queue
[2022-12-03T15:10:50.425+0000] {logging_mixin.py:137} INFO - [2022-12-03T15:10:50.425+0000] {dagbag.py:538} INFO - Filling up the DagBag from /home/airflow/.local/lib/python3.7/site-packages/airflow/example_dags/example_bash_operator.py
[2022-12-03T15:10:50.464+0000] {processor.py:753} INFO - DAG(s) dict_keys(['example_bash_operator']) retrieved from /home/airflow/.local/lib/python3.7/site-packages/airflow/example_dags/example_bash_operator.py
[2022-12-03T15:10:50.505+0000] {logging_mixin.py:137} INFO - [2022-12-03T15:10:50.505+0000] {dag.py:2676} INFO - Sync 1 DAGs
[2022-12-03T15:10:50.533+0000] {logging_mixin.py:137} INFO - [2022-12-03T15:10:50.533+0000] {dag.py:3427} INFO - Setting next_dagrun for example_bash_operator to 2022-12-02T00:00:00+00:00, run_after=2022-12-03T00:00:00+00:00
[2022-12-03T15:10:50.556+0000] {processor.py:175} INFO - Processing /home/airflow/.local/lib/python3.7/site-packages/airflow/example_dags/example_bash_operator.py took 0.135 seconds
[2022-12-03T15:11:21.279+0000] {processor.py:153} INFO - Started process (PID=394) to work on /home/airflow/.local/lib/python3.7/site-packages/airflow/example_dags/example_bash_operator.py
[2022-12-03T15:11:21.281+0000] {processor.py:743} INFO - Processing file /home/airflow/.local/lib/python3.7/site-packages/airflow/example_dags/example_bash_operator.py for tasks to queue
[2022-12-03T15:11:21.282+0000] {logging_mixin.py:137} INFO - [2022-12-03T15:11:21.282+0000] {dagbag.py:538} INFO - Filling up the DagBag from /home/airflow/.local/lib/python3.7/site-packages/airflow/example_dags/example_bash_operator.py
[2022-12-03T15:11:21.308+0000] {processor.py:753} INFO - DAG(s) dict_keys(['example_bash_operator']) retrieved from /home/airflow/.local/lib/python3.7/site-packages/airflow/example_dags/example_bash_operator.py
[2022-12-03T15:11:21.342+0000] {logging_mixin.py:137} INFO - [2022-12-03T15:11:21.342+0000] {dag.py:2676} INFO - Sync 1 DAGs
[2022-12-03T15:11:21.357+0000] {logging_mixin.py:137} INFO - [2022-12-03T15:11:21.356+0000] {dag.py:3427} INFO - Setting next_dagrun for example_bash_operator to 2022-12-02T00:00:00+00:00, run_after=2022-12-03T00:00:00+00:00
[2022-12-03T15:11:21.366+0000] {processor.py:175} INFO - Processing /home/airflow/.local/lib/python3.7/site-packages/airflow/example_dags/example_bash_operator.py took 0.091 seconds
[2022-12-03T15:11:51.560+0000] {processor.py:153} INFO - Started process (PID=609) to work on /home/airflow/.local/lib/python3.7/site-packages/airflow/example_dags/example_bash_operator.py
[2022-12-03T15:11:51.562+0000] {processor.py:743} INFO - Processing file /home/airflow/.local/lib/python3.7/site-packages/airflow/example_dags/example_bash_operator.py for tasks to queue
[2022-12-03T15:11:51.562+0000] {logging_mixin.py:137} INFO - [2022-12-03T15:11:51.562+0000] {dagbag.py:538} INFO - Filling up the DagBag from /home/airflow/.local/lib/python3.7/site-packages/airflow/example_dags/example_bash_operator.py
[2022-12-03T15:11:51.582+0000] {processor.py:753} INFO - DAG(s) dict_keys(['example_bash_operator']) retrieved from /home/airflow/.local/lib/python3.7/site-packages/airflow/example_dags/example_bash_operator.py
[2022-12-03T15:11:51.618+0000] {logging_mixin.py:137} INFO - [2022-12-03T15:11:51.618+0000] {dag.py:2676} INFO - Sync 1 DAGs
[2022-12-03T15:11:51.634+0000] {logging_mixin.py:137} INFO - [2022-12-03T15:11:51.634+0000] {dag.py:3427} INFO - Setting next_dagrun for example_bash_operator to 2022-12-02T00:00:00+00:00, run_after=2022-12-03T00:00:00+00:00
[2022-12-03T15:11:51.647+0000] {processor.py:175} INFO - Processing /home/airflow/.local/lib/python3.7/site-packages/airflow/example_dags/example_bash_operator.py took 0.090 seconds
[2022-12-03T15:12:22.179+0000] {processor.py:153} INFO - Started process (PID=836) to work on /home/airflow/.local/lib/python3.7/site-packages/airflow/example_dags/example_bash_operator.py
[2022-12-03T15:12:22.181+0000] {processor.py:743} INFO - Processing file /home/airflow/.local/lib/python3.7/site-packages/airflow/example_dags/example_bash_operator.py for tasks to queue
[2022-12-03T15:12:22.182+0000] {logging_mixin.py:137} INFO - [2022-12-03T15:12:22.182+0000] {dagbag.py:538} INFO - Filling up the DagBag from /home/airflow/.local/lib/python3.7/site-packages/airflow/example_dags/example_bash_operator.py
[2022-12-03T15:12:22.208+0000] {processor.py:753} INFO - DAG(s) dict_keys(['example_bash_operator']) retrieved from /home/airflow/.local/lib/python3.7/site-packages/airflow/example_dags/example_bash_operator.py
[2022-12-03T15:12:22.238+0000] {logging_mixin.py:137} INFO - [2022-12-03T15:12:22.238+0000] {dag.py:2676} INFO - Sync 1 DAGs
[2022-12-03T15:12:22.256+0000] {logging_mixin.py:137} INFO - [2022-12-03T15:12:22.256+0000] {dag.py:3427} INFO - Setting next_dagrun for example_bash_operator to 2022-12-02T00:00:00+00:00, run_after=2022-12-03T00:00:00+00:00
[2022-12-03T15:12:22.266+0000] {processor.py:175} INFO - Processing /home/airflow/.local/lib/python3.7/site-packages/airflow/example_dags/example_bash_operator.py took 0.092 seconds
[2022-12-03T15:12:52.349+0000] {processor.py:153} INFO - Started process (PID=1061) to work on /home/airflow/.local/lib/python3.7/site-packages/airflow/example_dags/example_bash_operator.py
[2022-12-03T15:12:52.350+0000] {processor.py:743} INFO - Processing file /home/airflow/.local/lib/python3.7/site-packages/airflow/example_dags/example_bash_operator.py for tasks to queue
[2022-12-03T15:12:52.351+0000] {logging_mixin.py:137} INFO - [2022-12-03T15:12:52.351+0000] {dagbag.py:538} INFO - Filling up the DagBag from /home/airflow/.local/lib/python3.7/site-packages/airflow/example_dags/example_bash_operator.py
[2022-12-03T15:12:52.380+0000] {processor.py:753} INFO - DAG(s) dict_keys(['example_bash_operator']) retrieved from /home/airflow/.local/lib/python3.7/site-packages/airflow/example_dags/example_bash_operator.py
[2022-12-03T15:12:52.408+0000] {logging_mixin.py:137} INFO - [2022-12-03T15:12:52.408+0000] {dag.py:2676} INFO - Sync 1 DAGs
[2022-12-03T15:12:52.432+0000] {logging_mixin.py:137} INFO - [2022-12-03T15:12:52.432+0000] {dag.py:3427} INFO - Setting next_dagrun for example_bash_operator to 2022-12-02T00:00:00+00:00, run_after=2022-12-03T00:00:00+00:00
[2022-12-03T15:12:52.450+0000] {processor.py:175} INFO - Processing /home/airflow/.local/lib/python3.7/site-packages/airflow/example_dags/example_bash_operator.py took 0.105 seconds
[2022-12-03T15:13:22.727+0000] {processor.py:153} INFO - Started process (PID=1278) to work on /home/airflow/.local/lib/python3.7/site-packages/airflow/example_dags/example_bash_operator.py
[2022-12-03T15:13:22.729+0000] {processor.py:743} INFO - Processing file /home/airflow/.local/lib/python3.7/site-packages/airflow/example_dags/example_bash_operator.py for tasks to queue
[2022-12-03T15:13:22.730+0000] {logging_mixin.py:137} INFO - [2022-12-03T15:13:22.730+0000] {dagbag.py:538} INFO - Filling up the DagBag from /home/airflow/.local/lib/python3.7/site-packages/airflow/example_dags/example_bash_operator.py
[2022-12-03T15:13:22.753+0000] {processor.py:753} INFO - DAG(s) dict_keys(['example_bash_operator']) retrieved from /home/airflow/.local/lib/python3.7/site-packages/airflow/example_dags/example_bash_operator.py
[2022-12-03T15:13:22.790+0000] {logging_mixin.py:137} INFO - [2022-12-03T15:13:22.790+0000] {dag.py:2676} INFO - Sync 1 DAGs
[2022-12-03T15:13:22.806+0000] {logging_mixin.py:137} INFO - [2022-12-03T15:13:22.806+0000] {dag.py:3427} INFO - Setting next_dagrun for example_bash_operator to 2022-12-02T00:00:00+00:00, run_after=2022-12-03T00:00:00+00:00
[2022-12-03T15:13:22.817+0000] {processor.py:175} INFO - Processing /home/airflow/.local/lib/python3.7/site-packages/airflow/example_dags/example_bash_operator.py took 0.094 seconds
[2022-12-03T15:13:53.562+0000] {processor.py:153} INFO - Started process (PID=1503) to work on /home/airflow/.local/lib/python3.7/site-packages/airflow/example_dags/example_bash_operator.py
[2022-12-03T15:13:53.563+0000] {processor.py:743} INFO - Processing file /home/airflow/.local/lib/python3.7/site-packages/airflow/example_dags/example_bash_operator.py for tasks to queue
[2022-12-03T15:13:53.564+0000] {logging_mixin.py:137} INFO - [2022-12-03T15:13:53.564+0000] {dagbag.py:538} INFO - Filling up the DagBag from /home/airflow/.local/lib/python3.7/site-packages/airflow/example_dags/example_bash_operator.py
[2022-12-03T15:13:53.587+0000] {processor.py:753} INFO - DAG(s) dict_keys(['example_bash_operator']) retrieved from /home/airflow/.local/lib/python3.7/site-packages/airflow/example_dags/example_bash_operator.py
[2022-12-03T15:13:53.618+0000] {logging_mixin.py:137} INFO - [2022-12-03T15:13:53.618+0000] {dag.py:2676} INFO - Sync 1 DAGs
[2022-12-03T15:13:53.633+0000] {logging_mixin.py:137} INFO - [2022-12-03T15:13:53.633+0000] {dag.py:3427} INFO - Setting next_dagrun for example_bash_operator to 2022-12-02T00:00:00+00:00, run_after=2022-12-03T00:00:00+00:00
[2022-12-03T15:13:53.643+0000] {processor.py:175} INFO - Processing /home/airflow/.local/lib/python3.7/site-packages/airflow/example_dags/example_bash_operator.py took 0.086 seconds
[2022-12-03T15:14:23.957+0000] {processor.py:153} INFO - Started process (PID=1729) to work on /home/airflow/.local/lib/python3.7/site-packages/airflow/example_dags/example_bash_operator.py
[2022-12-03T15:14:23.959+0000] {processor.py:743} INFO - Processing file /home/airflow/.local/lib/python3.7/site-packages/airflow/example_dags/example_bash_operator.py for tasks to queue
[2022-12-03T15:14:23.960+0000] {logging_mixin.py:137} INFO - [2022-12-03T15:14:23.960+0000] {dagbag.py:538} INFO - Filling up the DagBag from /home/airflow/.local/lib/python3.7/site-packages/airflow/example_dags/example_bash_operator.py
[2022-12-03T15:14:23.980+0000] {processor.py:753} INFO - DAG(s) dict_keys(['example_bash_operator']) retrieved from /home/airflow/.local/lib/python3.7/site-packages/airflow/example_dags/example_bash_operator.py
[2022-12-03T15:14:24.011+0000] {logging_mixin.py:137} INFO - [2022-12-03T15:14:24.011+0000] {dag.py:2676} INFO - Sync 1 DAGs
[2022-12-03T15:14:24.027+0000] {logging_mixin.py:137} INFO - [2022-12-03T15:14:24.027+0000] {dag.py:3427} INFO - Setting next_dagrun for example_bash_operator to 2022-12-02T00:00:00+00:00, run_after=2022-12-03T00:00:00+00:00
[2022-12-03T15:14:24.039+0000] {processor.py:175} INFO - Processing /home/airflow/.local/lib/python3.7/site-packages/airflow/example_dags/example_bash_operator.py took 0.085 seconds
[2022-12-03T15:15:10.542+0000] {processor.py:153} INFO - Started process (PID=168) to work on /home/airflow/.local/lib/python3.7/site-packages/airflow/example_dags/example_bash_operator.py
[2022-12-03T15:15:10.544+0000] {processor.py:743} INFO - Processing file /home/airflow/.local/lib/python3.7/site-packages/airflow/example_dags/example_bash_operator.py for tasks to queue
[2022-12-03T15:15:10.545+0000] {logging_mixin.py:137} INFO - [2022-12-03T15:15:10.545+0000] {dagbag.py:538} INFO - Filling up the DagBag from /home/airflow/.local/lib/python3.7/site-packages/airflow/example_dags/example_bash_operator.py
[2022-12-03T15:15:10.574+0000] {processor.py:753} INFO - DAG(s) dict_keys(['example_bash_operator']) retrieved from /home/airflow/.local/lib/python3.7/site-packages/airflow/example_dags/example_bash_operator.py
[2022-12-03T15:15:10.614+0000] {logging_mixin.py:137} INFO - [2022-12-03T15:15:10.614+0000] {dag.py:2676} INFO - Sync 1 DAGs
[2022-12-03T15:15:10.640+0000] {logging_mixin.py:137} INFO - [2022-12-03T15:15:10.640+0000] {dag.py:3427} INFO - Setting next_dagrun for example_bash_operator to 2022-12-02T00:00:00+00:00, run_after=2022-12-03T00:00:00+00:00
[2022-12-03T15:15:10.660+0000] {processor.py:175} INFO - Processing /home/airflow/.local/lib/python3.7/site-packages/airflow/example_dags/example_bash_operator.py took 0.132 seconds
[2022-12-03T15:21:17.612+0000] {processor.py:153} INFO - Started process (PID=166) to work on /home/airflow/.local/lib/python3.7/site-packages/airflow/example_dags/example_bash_operator.py
[2022-12-03T15:21:17.615+0000] {processor.py:743} INFO - Processing file /home/airflow/.local/lib/python3.7/site-packages/airflow/example_dags/example_bash_operator.py for tasks to queue
[2022-12-03T15:21:17.616+0000] {logging_mixin.py:137} INFO - [2022-12-03T15:21:17.616+0000] {dagbag.py:538} INFO - Filling up the DagBag from /home/airflow/.local/lib/python3.7/site-packages/airflow/example_dags/example_bash_operator.py
[2022-12-03T15:21:17.655+0000] {processor.py:753} INFO - DAG(s) dict_keys(['example_bash_operator']) retrieved from /home/airflow/.local/lib/python3.7/site-packages/airflow/example_dags/example_bash_operator.py
[2022-12-03T15:21:17.685+0000] {logging_mixin.py:137} INFO - [2022-12-03T15:21:17.685+0000] {dag.py:2676} INFO - Sync 1 DAGs
[2022-12-03T15:21:17.713+0000] {logging_mixin.py:137} INFO - [2022-12-03T15:21:17.713+0000] {dag.py:3427} INFO - Setting next_dagrun for example_bash_operator to 2022-12-02T00:00:00+00:00, run_after=2022-12-03T00:00:00+00:00
[2022-12-03T15:21:17.733+0000] {processor.py:175} INFO - Processing /home/airflow/.local/lib/python3.7/site-packages/airflow/example_dags/example_bash_operator.py took 0.129 seconds
[2022-12-03T15:21:47.822+0000] {processor.py:153} INFO - Started process (PID=391) to work on /home/airflow/.local/lib/python3.7/site-packages/airflow/example_dags/example_bash_operator.py
[2022-12-03T15:21:47.824+0000] {processor.py:743} INFO - Processing file /home/airflow/.local/lib/python3.7/site-packages/airflow/example_dags/example_bash_operator.py for tasks to queue
[2022-12-03T15:21:47.825+0000] {logging_mixin.py:137} INFO - [2022-12-03T15:21:47.825+0000] {dagbag.py:538} INFO - Filling up the DagBag from /home/airflow/.local/lib/python3.7/site-packages/airflow/example_dags/example_bash_operator.py
[2022-12-03T15:21:47.850+0000] {processor.py:753} INFO - DAG(s) dict_keys(['example_bash_operator']) retrieved from /home/airflow/.local/lib/python3.7/site-packages/airflow/example_dags/example_bash_operator.py
[2022-12-03T15:21:47.887+0000] {logging_mixin.py:137} INFO - [2022-12-03T15:21:47.887+0000] {dag.py:2676} INFO - Sync 1 DAGs
[2022-12-03T15:21:47.902+0000] {logging_mixin.py:137} INFO - [2022-12-03T15:21:47.902+0000] {dag.py:3427} INFO - Setting next_dagrun for example_bash_operator to 2022-12-02T00:00:00+00:00, run_after=2022-12-03T00:00:00+00:00
[2022-12-03T15:21:47.913+0000] {processor.py:175} INFO - Processing /home/airflow/.local/lib/python3.7/site-packages/airflow/example_dags/example_bash_operator.py took 0.095 seconds
[2022-12-03T15:22:18.029+0000] {processor.py:153} INFO - Started process (PID=604) to work on /home/airflow/.local/lib/python3.7/site-packages/airflow/example_dags/example_bash_operator.py
[2022-12-03T15:22:18.031+0000] {processor.py:743} INFO - Processing file /home/airflow/.local/lib/python3.7/site-packages/airflow/example_dags/example_bash_operator.py for tasks to queue
[2022-12-03T15:22:18.032+0000] {logging_mixin.py:137} INFO - [2022-12-03T15:22:18.032+0000] {dagbag.py:538} INFO - Filling up the DagBag from /home/airflow/.local/lib/python3.7/site-packages/airflow/example_dags/example_bash_operator.py
[2022-12-03T15:22:18.055+0000] {processor.py:753} INFO - DAG(s) dict_keys(['example_bash_operator']) retrieved from /home/airflow/.local/lib/python3.7/site-packages/airflow/example_dags/example_bash_operator.py
[2022-12-03T15:22:18.092+0000] {logging_mixin.py:137} INFO - [2022-12-03T15:22:18.092+0000] {dag.py:2676} INFO - Sync 1 DAGs
[2022-12-03T15:22:18.109+0000] {logging_mixin.py:137} INFO - [2022-12-03T15:22:18.109+0000] {dag.py:3427} INFO - Setting next_dagrun for example_bash_operator to 2022-12-02T00:00:00+00:00, run_after=2022-12-03T00:00:00+00:00
[2022-12-03T15:22:18.120+0000] {processor.py:175} INFO - Processing /home/airflow/.local/lib/python3.7/site-packages/airflow/example_dags/example_bash_operator.py took 0.095 seconds
[2022-12-03T15:22:48.284+0000] {processor.py:153} INFO - Started process (PID=830) to work on /home/airflow/.local/lib/python3.7/site-packages/airflow/example_dags/example_bash_operator.py
[2022-12-03T15:22:48.286+0000] {processor.py:743} INFO - Processing file /home/airflow/.local/lib/python3.7/site-packages/airflow/example_dags/example_bash_operator.py for tasks to queue
[2022-12-03T15:22:48.287+0000] {logging_mixin.py:137} INFO - [2022-12-03T15:22:48.287+0000] {dagbag.py:538} INFO - Filling up the DagBag from /home/airflow/.local/lib/python3.7/site-packages/airflow/example_dags/example_bash_operator.py
[2022-12-03T15:22:48.313+0000] {processor.py:753} INFO - DAG(s) dict_keys(['example_bash_operator']) retrieved from /home/airflow/.local/lib/python3.7/site-packages/airflow/example_dags/example_bash_operator.py
[2022-12-03T15:22:48.355+0000] {logging_mixin.py:137} INFO - [2022-12-03T15:22:48.355+0000] {dag.py:2676} INFO - Sync 1 DAGs
[2022-12-03T15:22:48.371+0000] {logging_mixin.py:137} INFO - [2022-12-03T15:22:48.371+0000] {dag.py:3427} INFO - Setting next_dagrun for example_bash_operator to 2022-12-02T00:00:00+00:00, run_after=2022-12-03T00:00:00+00:00
[2022-12-03T15:22:48.381+0000] {processor.py:175} INFO - Processing /home/airflow/.local/lib/python3.7/site-packages/airflow/example_dags/example_bash_operator.py took 0.101 seconds
[2022-12-03T15:23:19.062+0000] {processor.py:153} INFO - Started process (PID=1057) to work on /home/airflow/.local/lib/python3.7/site-packages/airflow/example_dags/example_bash_operator.py
[2022-12-03T15:23:19.065+0000] {processor.py:743} INFO - Processing file /home/airflow/.local/lib/python3.7/site-packages/airflow/example_dags/example_bash_operator.py for tasks to queue
[2022-12-03T15:23:19.066+0000] {logging_mixin.py:137} INFO - [2022-12-03T15:23:19.066+0000] {dagbag.py:538} INFO - Filling up the DagBag from /home/airflow/.local/lib/python3.7/site-packages/airflow/example_dags/example_bash_operator.py
[2022-12-03T15:23:19.100+0000] {processor.py:753} INFO - DAG(s) dict_keys(['example_bash_operator']) retrieved from /home/airflow/.local/lib/python3.7/site-packages/airflow/example_dags/example_bash_operator.py
[2022-12-03T15:23:19.178+0000] {logging_mixin.py:137} INFO - [2022-12-03T15:23:19.177+0000] {dag.py:2676} INFO - Sync 1 DAGs
[2022-12-03T15:23:19.203+0000] {logging_mixin.py:137} INFO - [2022-12-03T15:23:19.203+0000] {dag.py:3427} INFO - Setting next_dagrun for example_bash_operator to 2022-12-02T00:00:00+00:00, run_after=2022-12-03T00:00:00+00:00
[2022-12-03T15:23:19.243+0000] {processor.py:175} INFO - Processing /home/airflow/.local/lib/python3.7/site-packages/airflow/example_dags/example_bash_operator.py took 0.184 seconds
[2022-12-03T15:23:49.717+0000] {processor.py:153} INFO - Started process (PID=1272) to work on /home/airflow/.local/lib/python3.7/site-packages/airflow/example_dags/example_bash_operator.py
[2022-12-03T15:23:49.719+0000] {processor.py:743} INFO - Processing file /home/airflow/.local/lib/python3.7/site-packages/airflow/example_dags/example_bash_operator.py for tasks to queue
[2022-12-03T15:23:49.720+0000] {logging_mixin.py:137} INFO - [2022-12-03T15:23:49.720+0000] {dagbag.py:538} INFO - Filling up the DagBag from /home/airflow/.local/lib/python3.7/site-packages/airflow/example_dags/example_bash_operator.py
[2022-12-03T15:23:49.755+0000] {processor.py:753} INFO - DAG(s) dict_keys(['example_bash_operator']) retrieved from /home/airflow/.local/lib/python3.7/site-packages/airflow/example_dags/example_bash_operator.py
[2022-12-03T15:23:49.815+0000] {logging_mixin.py:137} INFO - [2022-12-03T15:23:49.814+0000] {dag.py:2676} INFO - Sync 1 DAGs
[2022-12-03T15:23:49.829+0000] {logging_mixin.py:137} INFO - [2022-12-03T15:23:49.829+0000] {dag.py:3427} INFO - Setting next_dagrun for example_bash_operator to 2022-12-02T00:00:00+00:00, run_after=2022-12-03T00:00:00+00:00
[2022-12-03T15:23:49.841+0000] {processor.py:175} INFO - Processing /home/airflow/.local/lib/python3.7/site-packages/airflow/example_dags/example_bash_operator.py took 0.129 seconds
[2022-12-03T15:24:20.157+0000] {processor.py:153} INFO - Started process (PID=1498) to work on /home/airflow/.local/lib/python3.7/site-packages/airflow/example_dags/example_bash_operator.py
[2022-12-03T15:24:20.159+0000] {processor.py:743} INFO - Processing file /home/airflow/.local/lib/python3.7/site-packages/airflow/example_dags/example_bash_operator.py for tasks to queue
[2022-12-03T15:24:20.161+0000] {logging_mixin.py:137} INFO - [2022-12-03T15:24:20.160+0000] {dagbag.py:538} INFO - Filling up the DagBag from /home/airflow/.local/lib/python3.7/site-packages/airflow/example_dags/example_bash_operator.py
[2022-12-03T15:24:20.191+0000] {processor.py:753} INFO - DAG(s) dict_keys(['example_bash_operator']) retrieved from /home/airflow/.local/lib/python3.7/site-packages/airflow/example_dags/example_bash_operator.py
[2022-12-03T15:24:20.225+0000] {logging_mixin.py:137} INFO - [2022-12-03T15:24:20.225+0000] {dag.py:2676} INFO - Sync 1 DAGs
[2022-12-03T15:24:20.241+0000] {logging_mixin.py:137} INFO - [2022-12-03T15:24:20.241+0000] {dag.py:3427} INFO - Setting next_dagrun for example_bash_operator to 2022-12-02T00:00:00+00:00, run_after=2022-12-03T00:00:00+00:00
[2022-12-03T15:24:20.251+0000] {processor.py:175} INFO - Processing /home/airflow/.local/lib/python3.7/site-packages/airflow/example_dags/example_bash_operator.py took 0.098 seconds
[2022-12-03T15:24:50.487+0000] {processor.py:153} INFO - Started process (PID=1722) to work on /home/airflow/.local/lib/python3.7/site-packages/airflow/example_dags/example_bash_operator.py
[2022-12-03T15:24:50.490+0000] {processor.py:743} INFO - Processing file /home/airflow/.local/lib/python3.7/site-packages/airflow/example_dags/example_bash_operator.py for tasks to queue
[2022-12-03T15:24:50.490+0000] {logging_mixin.py:137} INFO - [2022-12-03T15:24:50.490+0000] {dagbag.py:538} INFO - Filling up the DagBag from /home/airflow/.local/lib/python3.7/site-packages/airflow/example_dags/example_bash_operator.py
[2022-12-03T15:24:50.516+0000] {processor.py:753} INFO - DAG(s) dict_keys(['example_bash_operator']) retrieved from /home/airflow/.local/lib/python3.7/site-packages/airflow/example_dags/example_bash_operator.py
[2022-12-03T15:24:50.559+0000] {logging_mixin.py:137} INFO - [2022-12-03T15:24:50.559+0000] {dag.py:2676} INFO - Sync 1 DAGs
[2022-12-03T15:24:50.579+0000] {logging_mixin.py:137} INFO - [2022-12-03T15:24:50.578+0000] {dag.py:3427} INFO - Setting next_dagrun for example_bash_operator to 2022-12-02T00:00:00+00:00, run_after=2022-12-03T00:00:00+00:00
[2022-12-03T15:24:50.596+0000] {processor.py:175} INFO - Processing /home/airflow/.local/lib/python3.7/site-packages/airflow/example_dags/example_bash_operator.py took 0.111 seconds
[2022-12-03T15:25:21.052+0000] {processor.py:153} INFO - Started process (PID=1939) to work on /home/airflow/.local/lib/python3.7/site-packages/airflow/example_dags/example_bash_operator.py
[2022-12-03T15:25:21.054+0000] {processor.py:743} INFO - Processing file /home/airflow/.local/lib/python3.7/site-packages/airflow/example_dags/example_bash_operator.py for tasks to queue
[2022-12-03T15:25:21.056+0000] {logging_mixin.py:137} INFO - [2022-12-03T15:25:21.056+0000] {dagbag.py:538} INFO - Filling up the DagBag from /home/airflow/.local/lib/python3.7/site-packages/airflow/example_dags/example_bash_operator.py
[2022-12-03T15:25:21.076+0000] {processor.py:753} INFO - DAG(s) dict_keys(['example_bash_operator']) retrieved from /home/airflow/.local/lib/python3.7/site-packages/airflow/example_dags/example_bash_operator.py
[2022-12-03T15:25:21.108+0000] {logging_mixin.py:137} INFO - [2022-12-03T15:25:21.108+0000] {dag.py:2676} INFO - Sync 1 DAGs
[2022-12-03T15:25:21.125+0000] {logging_mixin.py:137} INFO - [2022-12-03T15:25:21.124+0000] {dag.py:3427} INFO - Setting next_dagrun for example_bash_operator to 2022-12-02T00:00:00+00:00, run_after=2022-12-03T00:00:00+00:00
[2022-12-03T15:25:21.139+0000] {processor.py:175} INFO - Processing /home/airflow/.local/lib/python3.7/site-packages/airflow/example_dags/example_bash_operator.py took 0.092 seconds
[2022-12-03T15:25:51.446+0000] {processor.py:153} INFO - Started process (PID=2164) to work on /home/airflow/.local/lib/python3.7/site-packages/airflow/example_dags/example_bash_operator.py
[2022-12-03T15:25:51.447+0000] {processor.py:743} INFO - Processing file /home/airflow/.local/lib/python3.7/site-packages/airflow/example_dags/example_bash_operator.py for tasks to queue
[2022-12-03T15:25:51.448+0000] {logging_mixin.py:137} INFO - [2022-12-03T15:25:51.448+0000] {dagbag.py:538} INFO - Filling up the DagBag from /home/airflow/.local/lib/python3.7/site-packages/airflow/example_dags/example_bash_operator.py
[2022-12-03T15:25:51.474+0000] {processor.py:753} INFO - DAG(s) dict_keys(['example_bash_operator']) retrieved from /home/airflow/.local/lib/python3.7/site-packages/airflow/example_dags/example_bash_operator.py
[2022-12-03T15:25:51.508+0000] {logging_mixin.py:137} INFO - [2022-12-03T15:25:51.508+0000] {dag.py:2676} INFO - Sync 1 DAGs
[2022-12-03T15:25:51.524+0000] {logging_mixin.py:137} INFO - [2022-12-03T15:25:51.524+0000] {dag.py:3427} INFO - Setting next_dagrun for example_bash_operator to 2022-12-02T00:00:00+00:00, run_after=2022-12-03T00:00:00+00:00
[2022-12-03T15:25:51.534+0000] {processor.py:175} INFO - Processing /home/airflow/.local/lib/python3.7/site-packages/airflow/example_dags/example_bash_operator.py took 0.092 seconds
[2022-12-03T15:26:21.676+0000] {processor.py:153} INFO - Started process (PID=2390) to work on /home/airflow/.local/lib/python3.7/site-packages/airflow/example_dags/example_bash_operator.py
[2022-12-03T15:26:21.678+0000] {processor.py:743} INFO - Processing file /home/airflow/.local/lib/python3.7/site-packages/airflow/example_dags/example_bash_operator.py for tasks to queue
[2022-12-03T15:26:21.679+0000] {logging_mixin.py:137} INFO - [2022-12-03T15:26:21.679+0000] {dagbag.py:538} INFO - Filling up the DagBag from /home/airflow/.local/lib/python3.7/site-packages/airflow/example_dags/example_bash_operator.py
[2022-12-03T15:26:21.707+0000] {processor.py:753} INFO - DAG(s) dict_keys(['example_bash_operator']) retrieved from /home/airflow/.local/lib/python3.7/site-packages/airflow/example_dags/example_bash_operator.py
[2022-12-03T15:26:21.781+0000] {logging_mixin.py:137} INFO - [2022-12-03T15:26:21.781+0000] {dag.py:2676} INFO - Sync 1 DAGs
[2022-12-03T15:26:21.813+0000] {logging_mixin.py:137} INFO - [2022-12-03T15:26:21.813+0000] {dag.py:3427} INFO - Setting next_dagrun for example_bash_operator to 2022-12-02T00:00:00+00:00, run_after=2022-12-03T00:00:00+00:00
[2022-12-03T15:26:21.832+0000] {processor.py:175} INFO - Processing /home/airflow/.local/lib/python3.7/site-packages/airflow/example_dags/example_bash_operator.py took 0.158 seconds
[2022-12-03T15:26:52.239+0000] {processor.py:153} INFO - Started process (PID=2604) to work on /home/airflow/.local/lib/python3.7/site-packages/airflow/example_dags/example_bash_operator.py
[2022-12-03T15:26:52.240+0000] {processor.py:743} INFO - Processing file /home/airflow/.local/lib/python3.7/site-packages/airflow/example_dags/example_bash_operator.py for tasks to queue
[2022-12-03T15:26:52.242+0000] {logging_mixin.py:137} INFO - [2022-12-03T15:26:52.242+0000] {dagbag.py:538} INFO - Filling up the DagBag from /home/airflow/.local/lib/python3.7/site-packages/airflow/example_dags/example_bash_operator.py
[2022-12-03T15:26:52.266+0000] {processor.py:753} INFO - DAG(s) dict_keys(['example_bash_operator']) retrieved from /home/airflow/.local/lib/python3.7/site-packages/airflow/example_dags/example_bash_operator.py
[2022-12-03T15:26:52.298+0000] {logging_mixin.py:137} INFO - [2022-12-03T15:26:52.298+0000] {dag.py:2676} INFO - Sync 1 DAGs
[2022-12-03T15:26:52.314+0000] {logging_mixin.py:137} INFO - [2022-12-03T15:26:52.314+0000] {dag.py:3427} INFO - Setting next_dagrun for example_bash_operator to 2022-12-02T00:00:00+00:00, run_after=2022-12-03T00:00:00+00:00
[2022-12-03T15:26:52.325+0000] {processor.py:175} INFO - Processing /home/airflow/.local/lib/python3.7/site-packages/airflow/example_dags/example_bash_operator.py took 0.091 seconds
[2022-12-03T15:27:23.368+0000] {processor.py:153} INFO - Started process (PID=2830) to work on /home/airflow/.local/lib/python3.7/site-packages/airflow/example_dags/example_bash_operator.py
[2022-12-03T15:27:23.369+0000] {processor.py:743} INFO - Processing file /home/airflow/.local/lib/python3.7/site-packages/airflow/example_dags/example_bash_operator.py for tasks to queue
[2022-12-03T15:27:23.370+0000] {logging_mixin.py:137} INFO - [2022-12-03T15:27:23.370+0000] {dagbag.py:538} INFO - Filling up the DagBag from /home/airflow/.local/lib/python3.7/site-packages/airflow/example_dags/example_bash_operator.py
[2022-12-03T15:27:23.396+0000] {processor.py:753} INFO - DAG(s) dict_keys(['example_bash_operator']) retrieved from /home/airflow/.local/lib/python3.7/site-packages/airflow/example_dags/example_bash_operator.py
[2022-12-03T15:27:23.428+0000] {logging_mixin.py:137} INFO - [2022-12-03T15:27:23.428+0000] {dag.py:2676} INFO - Sync 1 DAGs
[2022-12-03T15:27:23.444+0000] {logging_mixin.py:137} INFO - [2022-12-03T15:27:23.444+0000] {dag.py:3427} INFO - Setting next_dagrun for example_bash_operator to 2022-12-02T00:00:00+00:00, run_after=2022-12-03T00:00:00+00:00
[2022-12-03T15:27:23.454+0000] {processor.py:175} INFO - Processing /home/airflow/.local/lib/python3.7/site-packages/airflow/example_dags/example_bash_operator.py took 0.090 seconds
[2022-12-03T15:27:53.575+0000] {processor.py:153} INFO - Started process (PID=3057) to work on /home/airflow/.local/lib/python3.7/site-packages/airflow/example_dags/example_bash_operator.py
[2022-12-03T15:27:53.576+0000] {processor.py:743} INFO - Processing file /home/airflow/.local/lib/python3.7/site-packages/airflow/example_dags/example_bash_operator.py for tasks to queue
[2022-12-03T15:27:53.577+0000] {logging_mixin.py:137} INFO - [2022-12-03T15:27:53.577+0000] {dagbag.py:538} INFO - Filling up the DagBag from /home/airflow/.local/lib/python3.7/site-packages/airflow/example_dags/example_bash_operator.py
[2022-12-03T15:27:53.591+0000] {processor.py:753} INFO - DAG(s) dict_keys(['example_bash_operator']) retrieved from /home/airflow/.local/lib/python3.7/site-packages/airflow/example_dags/example_bash_operator.py
[2022-12-03T15:27:53.620+0000] {logging_mixin.py:137} INFO - [2022-12-03T15:27:53.620+0000] {dag.py:2676} INFO - Sync 1 DAGs
[2022-12-03T15:27:53.634+0000] {logging_mixin.py:137} INFO - [2022-12-03T15:27:53.634+0000] {dag.py:3427} INFO - Setting next_dagrun for example_bash_operator to 2022-12-02T00:00:00+00:00, run_after=2022-12-03T00:00:00+00:00
[2022-12-03T15:27:53.645+0000] {processor.py:175} INFO - Processing /home/airflow/.local/lib/python3.7/site-packages/airflow/example_dags/example_bash_operator.py took 0.072 seconds
[2022-12-03T15:28:24.030+0000] {processor.py:153} INFO - Started process (PID=3270) to work on /home/airflow/.local/lib/python3.7/site-packages/airflow/example_dags/example_bash_operator.py
[2022-12-03T15:28:24.032+0000] {processor.py:743} INFO - Processing file /home/airflow/.local/lib/python3.7/site-packages/airflow/example_dags/example_bash_operator.py for tasks to queue
[2022-12-03T15:28:24.034+0000] {logging_mixin.py:137} INFO - [2022-12-03T15:28:24.034+0000] {dagbag.py:538} INFO - Filling up the DagBag from /home/airflow/.local/lib/python3.7/site-packages/airflow/example_dags/example_bash_operator.py
[2022-12-03T15:28:24.055+0000] {processor.py:753} INFO - DAG(s) dict_keys(['example_bash_operator']) retrieved from /home/airflow/.local/lib/python3.7/site-packages/airflow/example_dags/example_bash_operator.py
[2022-12-03T15:28:24.085+0000] {logging_mixin.py:137} INFO - [2022-12-03T15:28:24.085+0000] {dag.py:2676} INFO - Sync 1 DAGs
[2022-12-03T15:28:24.100+0000] {logging_mixin.py:137} INFO - [2022-12-03T15:28:24.100+0000] {dag.py:3427} INFO - Setting next_dagrun for example_bash_operator to 2022-12-02T00:00:00+00:00, run_after=2022-12-03T00:00:00+00:00
[2022-12-03T15:28:24.110+0000] {processor.py:175} INFO - Processing /home/airflow/.local/lib/python3.7/site-packages/airflow/example_dags/example_bash_operator.py took 0.084 seconds
[2022-12-03T15:28:54.571+0000] {processor.py:153} INFO - Started process (PID=3495) to work on /home/airflow/.local/lib/python3.7/site-packages/airflow/example_dags/example_bash_operator.py
[2022-12-03T15:28:54.573+0000] {processor.py:743} INFO - Processing file /home/airflow/.local/lib/python3.7/site-packages/airflow/example_dags/example_bash_operator.py for tasks to queue
[2022-12-03T15:28:54.574+0000] {logging_mixin.py:137} INFO - [2022-12-03T15:28:54.574+0000] {dagbag.py:538} INFO - Filling up the DagBag from /home/airflow/.local/lib/python3.7/site-packages/airflow/example_dags/example_bash_operator.py
[2022-12-03T15:28:54.595+0000] {processor.py:753} INFO - DAG(s) dict_keys(['example_bash_operator']) retrieved from /home/airflow/.local/lib/python3.7/site-packages/airflow/example_dags/example_bash_operator.py
[2022-12-03T15:28:54.624+0000] {logging_mixin.py:137} INFO - [2022-12-03T15:28:54.624+0000] {dag.py:2676} INFO - Sync 1 DAGs
[2022-12-03T15:28:54.639+0000] {logging_mixin.py:137} INFO - [2022-12-03T15:28:54.639+0000] {dag.py:3427} INFO - Setting next_dagrun for example_bash_operator to 2022-12-02T00:00:00+00:00, run_after=2022-12-03T00:00:00+00:00
[2022-12-03T15:28:54.650+0000] {processor.py:175} INFO - Processing /home/airflow/.local/lib/python3.7/site-packages/airflow/example_dags/example_bash_operator.py took 0.083 seconds
[2022-12-03T15:29:24.872+0000] {processor.py:153} INFO - Started process (PID=3721) to work on /home/airflow/.local/lib/python3.7/site-packages/airflow/example_dags/example_bash_operator.py
[2022-12-03T15:29:24.874+0000] {processor.py:743} INFO - Processing file /home/airflow/.local/lib/python3.7/site-packages/airflow/example_dags/example_bash_operator.py for tasks to queue
[2022-12-03T15:29:24.875+0000] {logging_mixin.py:137} INFO - [2022-12-03T15:29:24.875+0000] {dagbag.py:538} INFO - Filling up the DagBag from /home/airflow/.local/lib/python3.7/site-packages/airflow/example_dags/example_bash_operator.py
[2022-12-03T15:29:24.894+0000] {processor.py:753} INFO - DAG(s) dict_keys(['example_bash_operator']) retrieved from /home/airflow/.local/lib/python3.7/site-packages/airflow/example_dags/example_bash_operator.py
[2022-12-03T15:29:24.924+0000] {logging_mixin.py:137} INFO - [2022-12-03T15:29:24.924+0000] {dag.py:2676} INFO - Sync 1 DAGs
[2022-12-03T15:29:24.940+0000] {logging_mixin.py:137} INFO - [2022-12-03T15:29:24.940+0000] {dag.py:3427} INFO - Setting next_dagrun for example_bash_operator to 2022-12-02T00:00:00+00:00, run_after=2022-12-03T00:00:00+00:00
[2022-12-03T15:29:24.951+0000] {processor.py:175} INFO - Processing /home/airflow/.local/lib/python3.7/site-packages/airflow/example_dags/example_bash_operator.py took 0.082 seconds
[2022-12-03T15:29:55.013+0000] {processor.py:153} INFO - Started process (PID=3935) to work on /home/airflow/.local/lib/python3.7/site-packages/airflow/example_dags/example_bash_operator.py
[2022-12-03T15:29:55.014+0000] {processor.py:743} INFO - Processing file /home/airflow/.local/lib/python3.7/site-packages/airflow/example_dags/example_bash_operator.py for tasks to queue
[2022-12-03T15:29:55.016+0000] {logging_mixin.py:137} INFO - [2022-12-03T15:29:55.016+0000] {dagbag.py:538} INFO - Filling up the DagBag from /home/airflow/.local/lib/python3.7/site-packages/airflow/example_dags/example_bash_operator.py
[2022-12-03T15:29:55.035+0000] {processor.py:753} INFO - DAG(s) dict_keys(['example_bash_operator']) retrieved from /home/airflow/.local/lib/python3.7/site-packages/airflow/example_dags/example_bash_operator.py
[2022-12-03T15:29:55.065+0000] {logging_mixin.py:137} INFO - [2022-12-03T15:29:55.065+0000] {dag.py:2676} INFO - Sync 1 DAGs
[2022-12-03T15:29:55.083+0000] {logging_mixin.py:137} INFO - [2022-12-03T15:29:55.083+0000] {dag.py:3427} INFO - Setting next_dagrun for example_bash_operator to 2022-12-02T00:00:00+00:00, run_after=2022-12-03T00:00:00+00:00
[2022-12-03T15:29:55.095+0000] {processor.py:175} INFO - Processing /home/airflow/.local/lib/python3.7/site-packages/airflow/example_dags/example_bash_operator.py took 0.086 seconds
[2022-12-03T15:30:25.510+0000] {processor.py:153} INFO - Started process (PID=4161) to work on /home/airflow/.local/lib/python3.7/site-packages/airflow/example_dags/example_bash_operator.py
[2022-12-03T15:30:25.511+0000] {processor.py:743} INFO - Processing file /home/airflow/.local/lib/python3.7/site-packages/airflow/example_dags/example_bash_operator.py for tasks to queue
[2022-12-03T15:30:25.512+0000] {logging_mixin.py:137} INFO - [2022-12-03T15:30:25.512+0000] {dagbag.py:538} INFO - Filling up the DagBag from /home/airflow/.local/lib/python3.7/site-packages/airflow/example_dags/example_bash_operator.py
[2022-12-03T15:30:25.551+0000] {processor.py:753} INFO - DAG(s) dict_keys(['example_bash_operator']) retrieved from /home/airflow/.local/lib/python3.7/site-packages/airflow/example_dags/example_bash_operator.py
[2022-12-03T15:30:25.592+0000] {logging_mixin.py:137} INFO - [2022-12-03T15:30:25.592+0000] {dag.py:2676} INFO - Sync 1 DAGs
[2022-12-03T15:30:25.616+0000] {logging_mixin.py:137} INFO - [2022-12-03T15:30:25.616+0000] {dag.py:3427} INFO - Setting next_dagrun for example_bash_operator to 2022-12-02T00:00:00+00:00, run_after=2022-12-03T00:00:00+00:00
[2022-12-03T15:30:25.631+0000] {processor.py:175} INFO - Processing /home/airflow/.local/lib/python3.7/site-packages/airflow/example_dags/example_bash_operator.py took 0.124 seconds
[2022-12-03T15:30:55.805+0000] {processor.py:153} INFO - Started process (PID=4386) to work on /home/airflow/.local/lib/python3.7/site-packages/airflow/example_dags/example_bash_operator.py
[2022-12-03T15:30:55.807+0000] {processor.py:743} INFO - Processing file /home/airflow/.local/lib/python3.7/site-packages/airflow/example_dags/example_bash_operator.py for tasks to queue
[2022-12-03T15:30:55.809+0000] {logging_mixin.py:137} INFO - [2022-12-03T15:30:55.809+0000] {dagbag.py:538} INFO - Filling up the DagBag from /home/airflow/.local/lib/python3.7/site-packages/airflow/example_dags/example_bash_operator.py
[2022-12-03T15:30:55.838+0000] {processor.py:753} INFO - DAG(s) dict_keys(['example_bash_operator']) retrieved from /home/airflow/.local/lib/python3.7/site-packages/airflow/example_dags/example_bash_operator.py
[2022-12-03T15:30:55.871+0000] {logging_mixin.py:137} INFO - [2022-12-03T15:30:55.871+0000] {dag.py:2676} INFO - Sync 1 DAGs
[2022-12-03T15:30:55.890+0000] {logging_mixin.py:137} INFO - [2022-12-03T15:30:55.890+0000] {dag.py:3427} INFO - Setting next_dagrun for example_bash_operator to 2022-12-02T00:00:00+00:00, run_after=2022-12-03T00:00:00+00:00
[2022-12-03T15:30:55.901+0000] {processor.py:175} INFO - Processing /home/airflow/.local/lib/python3.7/site-packages/airflow/example_dags/example_bash_operator.py took 0.101 seconds
[2022-12-03T15:31:26.190+0000] {processor.py:153} INFO - Started process (PID=4601) to work on /home/airflow/.local/lib/python3.7/site-packages/airflow/example_dags/example_bash_operator.py
[2022-12-03T15:31:26.192+0000] {processor.py:743} INFO - Processing file /home/airflow/.local/lib/python3.7/site-packages/airflow/example_dags/example_bash_operator.py for tasks to queue
[2022-12-03T15:31:26.193+0000] {logging_mixin.py:137} INFO - [2022-12-03T15:31:26.193+0000] {dagbag.py:538} INFO - Filling up the DagBag from /home/airflow/.local/lib/python3.7/site-packages/airflow/example_dags/example_bash_operator.py
[2022-12-03T15:31:26.214+0000] {processor.py:753} INFO - DAG(s) dict_keys(['example_bash_operator']) retrieved from /home/airflow/.local/lib/python3.7/site-packages/airflow/example_dags/example_bash_operator.py
[2022-12-03T15:31:26.244+0000] {logging_mixin.py:137} INFO - [2022-12-03T15:31:26.244+0000] {dag.py:2676} INFO - Sync 1 DAGs
[2022-12-03T15:31:26.261+0000] {logging_mixin.py:137} INFO - [2022-12-03T15:31:26.260+0000] {dag.py:3427} INFO - Setting next_dagrun for example_bash_operator to 2022-12-02T00:00:00+00:00, run_after=2022-12-03T00:00:00+00:00
[2022-12-03T15:31:26.272+0000] {processor.py:175} INFO - Processing /home/airflow/.local/lib/python3.7/site-packages/airflow/example_dags/example_bash_operator.py took 0.085 seconds
[2022-12-03T15:31:56.747+0000] {processor.py:153} INFO - Started process (PID=4826) to work on /home/airflow/.local/lib/python3.7/site-packages/airflow/example_dags/example_bash_operator.py
[2022-12-03T15:31:56.749+0000] {processor.py:743} INFO - Processing file /home/airflow/.local/lib/python3.7/site-packages/airflow/example_dags/example_bash_operator.py for tasks to queue
[2022-12-03T15:31:56.751+0000] {logging_mixin.py:137} INFO - [2022-12-03T15:31:56.751+0000] {dagbag.py:538} INFO - Filling up the DagBag from /home/airflow/.local/lib/python3.7/site-packages/airflow/example_dags/example_bash_operator.py
[2022-12-03T15:31:56.785+0000] {processor.py:753} INFO - DAG(s) dict_keys(['example_bash_operator']) retrieved from /home/airflow/.local/lib/python3.7/site-packages/airflow/example_dags/example_bash_operator.py
[2022-12-03T15:31:56.829+0000] {logging_mixin.py:137} INFO - [2022-12-03T15:31:56.829+0000] {dag.py:2676} INFO - Sync 1 DAGs
[2022-12-03T15:31:56.847+0000] {logging_mixin.py:137} INFO - [2022-12-03T15:31:56.847+0000] {dag.py:3427} INFO - Setting next_dagrun for example_bash_operator to 2022-12-02T00:00:00+00:00, run_after=2022-12-03T00:00:00+00:00
[2022-12-03T15:31:56.861+0000] {processor.py:175} INFO - Processing /home/airflow/.local/lib/python3.7/site-packages/airflow/example_dags/example_bash_operator.py took 0.119 seconds
[2022-12-03T15:32:27.224+0000] {processor.py:153} INFO - Started process (PID=5051) to work on /home/airflow/.local/lib/python3.7/site-packages/airflow/example_dags/example_bash_operator.py
[2022-12-03T15:32:27.225+0000] {processor.py:743} INFO - Processing file /home/airflow/.local/lib/python3.7/site-packages/airflow/example_dags/example_bash_operator.py for tasks to queue
[2022-12-03T15:32:27.227+0000] {logging_mixin.py:137} INFO - [2022-12-03T15:32:27.226+0000] {dagbag.py:538} INFO - Filling up the DagBag from /home/airflow/.local/lib/python3.7/site-packages/airflow/example_dags/example_bash_operator.py
[2022-12-03T15:32:27.260+0000] {processor.py:753} INFO - DAG(s) dict_keys(['example_bash_operator']) retrieved from /home/airflow/.local/lib/python3.7/site-packages/airflow/example_dags/example_bash_operator.py
[2022-12-03T15:32:27.296+0000] {logging_mixin.py:137} INFO - [2022-12-03T15:32:27.296+0000] {dag.py:2676} INFO - Sync 1 DAGs
[2022-12-03T15:32:27.313+0000] {logging_mixin.py:137} INFO - [2022-12-03T15:32:27.312+0000] {dag.py:3427} INFO - Setting next_dagrun for example_bash_operator to 2022-12-02T00:00:00+00:00, run_after=2022-12-03T00:00:00+00:00
[2022-12-03T15:32:27.324+0000] {processor.py:175} INFO - Processing /home/airflow/.local/lib/python3.7/site-packages/airflow/example_dags/example_bash_operator.py took 0.104 seconds
[2022-12-03T15:32:57.818+0000] {processor.py:153} INFO - Started process (PID=5265) to work on /home/airflow/.local/lib/python3.7/site-packages/airflow/example_dags/example_bash_operator.py
[2022-12-03T15:32:57.821+0000] {processor.py:743} INFO - Processing file /home/airflow/.local/lib/python3.7/site-packages/airflow/example_dags/example_bash_operator.py for tasks to queue
[2022-12-03T15:32:57.822+0000] {logging_mixin.py:137} INFO - [2022-12-03T15:32:57.822+0000] {dagbag.py:538} INFO - Filling up the DagBag from /home/airflow/.local/lib/python3.7/site-packages/airflow/example_dags/example_bash_operator.py
[2022-12-03T15:32:57.855+0000] {processor.py:753} INFO - DAG(s) dict_keys(['example_bash_operator']) retrieved from /home/airflow/.local/lib/python3.7/site-packages/airflow/example_dags/example_bash_operator.py
[2022-12-03T15:32:57.895+0000] {logging_mixin.py:137} INFO - [2022-12-03T15:32:57.895+0000] {dag.py:2676} INFO - Sync 1 DAGs
[2022-12-03T15:32:57.918+0000] {logging_mixin.py:137} INFO - [2022-12-03T15:32:57.917+0000] {dag.py:3427} INFO - Setting next_dagrun for example_bash_operator to 2022-12-02T00:00:00+00:00, run_after=2022-12-03T00:00:00+00:00
[2022-12-03T15:32:57.929+0000] {processor.py:175} INFO - Processing /home/airflow/.local/lib/python3.7/site-packages/airflow/example_dags/example_bash_operator.py took 0.117 seconds
