[2022-12-03T15:08:52.872+0000] {processor.py:153} INFO - Started process (PID=254) to work on /home/airflow/.local/lib/python3.7/site-packages/airflow/example_dags/example_external_task_marker_dag.py
[2022-12-03T15:08:52.873+0000] {processor.py:743} INFO - Processing file /home/airflow/.local/lib/python3.7/site-packages/airflow/example_dags/example_external_task_marker_dag.py for tasks to queue
[2022-12-03T15:08:52.874+0000] {logging_mixin.py:137} INFO - [2022-12-03T15:08:52.874+0000] {dagbag.py:538} INFO - Filling up the DagBag from /home/airflow/.local/lib/python3.7/site-packages/airflow/example_dags/example_external_task_marker_dag.py
[2022-12-03T15:08:52.886+0000] {processor.py:753} INFO - DAG(s) dict_keys(['example_external_task_marker_child', 'example_external_task_marker_parent']) retrieved from /home/airflow/.local/lib/python3.7/site-packages/airflow/example_dags/example_external_task_marker_dag.py
[2022-12-03T15:08:52.913+0000] {logging_mixin.py:137} INFO - [2022-12-03T15:08:52.913+0000] {dag.py:2676} INFO - Sync 2 DAGs
[2022-12-03T15:08:52.929+0000] {logging_mixin.py:137} INFO - [2022-12-03T15:08:52.929+0000] {dag.py:3427} INFO - Setting next_dagrun for example_external_task_marker_child to None, run_after=None
[2022-12-03T15:08:52.933+0000] {logging_mixin.py:137} INFO - [2022-12-03T15:08:52.933+0000] {dag.py:3427} INFO - Setting next_dagrun for example_external_task_marker_parent to None, run_after=None
[2022-12-03T15:08:52.951+0000] {processor.py:175} INFO - Processing /home/airflow/.local/lib/python3.7/site-packages/airflow/example_dags/example_external_task_marker_dag.py took 0.081 seconds
[2022-12-03T15:09:23.253+0000] {processor.py:153} INFO - Started process (PID=482) to work on /home/airflow/.local/lib/python3.7/site-packages/airflow/example_dags/example_external_task_marker_dag.py
[2022-12-03T15:09:23.254+0000] {processor.py:743} INFO - Processing file /home/airflow/.local/lib/python3.7/site-packages/airflow/example_dags/example_external_task_marker_dag.py for tasks to queue
[2022-12-03T15:09:23.255+0000] {logging_mixin.py:137} INFO - [2022-12-03T15:09:23.255+0000] {dagbag.py:538} INFO - Filling up the DagBag from /home/airflow/.local/lib/python3.7/site-packages/airflow/example_dags/example_external_task_marker_dag.py
[2022-12-03T15:09:23.266+0000] {processor.py:753} INFO - DAG(s) dict_keys(['example_external_task_marker_parent', 'example_external_task_marker_child']) retrieved from /home/airflow/.local/lib/python3.7/site-packages/airflow/example_dags/example_external_task_marker_dag.py
[2022-12-03T15:09:23.285+0000] {logging_mixin.py:137} INFO - [2022-12-03T15:09:23.285+0000] {dag.py:2676} INFO - Sync 2 DAGs
[2022-12-03T15:09:23.302+0000] {logging_mixin.py:137} INFO - [2022-12-03T15:09:23.302+0000] {dag.py:3427} INFO - Setting next_dagrun for example_external_task_marker_child to None, run_after=None
[2022-12-03T15:09:23.304+0000] {logging_mixin.py:137} INFO - [2022-12-03T15:09:23.304+0000] {dag.py:3427} INFO - Setting next_dagrun for example_external_task_marker_parent to None, run_after=None
[2022-12-03T15:09:23.313+0000] {processor.py:175} INFO - Processing /home/airflow/.local/lib/python3.7/site-packages/airflow/example_dags/example_external_task_marker_dag.py took 0.063 seconds
[2022-12-03T15:09:53.508+0000] {processor.py:153} INFO - Started process (PID=693) to work on /home/airflow/.local/lib/python3.7/site-packages/airflow/example_dags/example_external_task_marker_dag.py
[2022-12-03T15:09:53.509+0000] {processor.py:743} INFO - Processing file /home/airflow/.local/lib/python3.7/site-packages/airflow/example_dags/example_external_task_marker_dag.py for tasks to queue
[2022-12-03T15:09:53.510+0000] {logging_mixin.py:137} INFO - [2022-12-03T15:09:53.510+0000] {dagbag.py:538} INFO - Filling up the DagBag from /home/airflow/.local/lib/python3.7/site-packages/airflow/example_dags/example_external_task_marker_dag.py
[2022-12-03T15:09:53.521+0000] {processor.py:753} INFO - DAG(s) dict_keys(['example_external_task_marker_child', 'example_external_task_marker_parent']) retrieved from /home/airflow/.local/lib/python3.7/site-packages/airflow/example_dags/example_external_task_marker_dag.py
[2022-12-03T15:09:53.553+0000] {logging_mixin.py:137} INFO - [2022-12-03T15:09:53.553+0000] {dag.py:2676} INFO - Sync 2 DAGs
[2022-12-03T15:09:53.569+0000] {logging_mixin.py:137} INFO - [2022-12-03T15:09:53.568+0000] {dag.py:3427} INFO - Setting next_dagrun for example_external_task_marker_child to None, run_after=None
[2022-12-03T15:09:53.571+0000] {logging_mixin.py:137} INFO - [2022-12-03T15:09:53.571+0000] {dag.py:3427} INFO - Setting next_dagrun for example_external_task_marker_parent to None, run_after=None
[2022-12-03T15:09:53.582+0000] {processor.py:175} INFO - Processing /home/airflow/.local/lib/python3.7/site-packages/airflow/example_dags/example_external_task_marker_dag.py took 0.077 seconds
[2022-12-03T15:10:51.754+0000] {processor.py:153} INFO - Started process (PID=254) to work on /home/airflow/.local/lib/python3.7/site-packages/airflow/example_dags/example_external_task_marker_dag.py
[2022-12-03T15:10:51.772+0000] {processor.py:743} INFO - Processing file /home/airflow/.local/lib/python3.7/site-packages/airflow/example_dags/example_external_task_marker_dag.py for tasks to queue
[2022-12-03T15:10:51.774+0000] {logging_mixin.py:137} INFO - [2022-12-03T15:10:51.774+0000] {dagbag.py:538} INFO - Filling up the DagBag from /home/airflow/.local/lib/python3.7/site-packages/airflow/example_dags/example_external_task_marker_dag.py
[2022-12-03T15:10:51.794+0000] {processor.py:753} INFO - DAG(s) dict_keys(['example_external_task_marker_parent', 'example_external_task_marker_child']) retrieved from /home/airflow/.local/lib/python3.7/site-packages/airflow/example_dags/example_external_task_marker_dag.py
[2022-12-03T15:10:51.822+0000] {logging_mixin.py:137} INFO - [2022-12-03T15:10:51.821+0000] {dag.py:2676} INFO - Sync 2 DAGs
[2022-12-03T15:10:51.839+0000] {logging_mixin.py:137} INFO - [2022-12-03T15:10:51.839+0000] {dag.py:3427} INFO - Setting next_dagrun for example_external_task_marker_child to None, run_after=None
[2022-12-03T15:10:51.842+0000] {logging_mixin.py:137} INFO - [2022-12-03T15:10:51.842+0000] {dag.py:3427} INFO - Setting next_dagrun for example_external_task_marker_parent to None, run_after=None
[2022-12-03T15:10:51.854+0000] {processor.py:175} INFO - Processing /home/airflow/.local/lib/python3.7/site-packages/airflow/example_dags/example_external_task_marker_dag.py took 0.103 seconds
[2022-12-03T15:11:22.320+0000] {processor.py:153} INFO - Started process (PID=480) to work on /home/airflow/.local/lib/python3.7/site-packages/airflow/example_dags/example_external_task_marker_dag.py
[2022-12-03T15:11:22.321+0000] {processor.py:743} INFO - Processing file /home/airflow/.local/lib/python3.7/site-packages/airflow/example_dags/example_external_task_marker_dag.py for tasks to queue
[2022-12-03T15:11:22.322+0000] {logging_mixin.py:137} INFO - [2022-12-03T15:11:22.322+0000] {dagbag.py:538} INFO - Filling up the DagBag from /home/airflow/.local/lib/python3.7/site-packages/airflow/example_dags/example_external_task_marker_dag.py
[2022-12-03T15:11:22.332+0000] {processor.py:753} INFO - DAG(s) dict_keys(['example_external_task_marker_parent', 'example_external_task_marker_child']) retrieved from /home/airflow/.local/lib/python3.7/site-packages/airflow/example_dags/example_external_task_marker_dag.py
[2022-12-03T15:11:22.360+0000] {logging_mixin.py:137} INFO - [2022-12-03T15:11:22.360+0000] {dag.py:2676} INFO - Sync 2 DAGs
[2022-12-03T15:11:22.374+0000] {logging_mixin.py:137} INFO - [2022-12-03T15:11:22.374+0000] {dag.py:3427} INFO - Setting next_dagrun for example_external_task_marker_child to None, run_after=None
[2022-12-03T15:11:22.376+0000] {logging_mixin.py:137} INFO - [2022-12-03T15:11:22.376+0000] {dag.py:3427} INFO - Setting next_dagrun for example_external_task_marker_parent to None, run_after=None
[2022-12-03T15:11:22.387+0000] {processor.py:175} INFO - Processing /home/airflow/.local/lib/python3.7/site-packages/airflow/example_dags/example_external_task_marker_dag.py took 0.069 seconds
[2022-12-03T15:11:52.868+0000] {processor.py:153} INFO - Started process (PID=707) to work on /home/airflow/.local/lib/python3.7/site-packages/airflow/example_dags/example_external_task_marker_dag.py
[2022-12-03T15:11:52.870+0000] {processor.py:743} INFO - Processing file /home/airflow/.local/lib/python3.7/site-packages/airflow/example_dags/example_external_task_marker_dag.py for tasks to queue
[2022-12-03T15:11:52.871+0000] {logging_mixin.py:137} INFO - [2022-12-03T15:11:52.871+0000] {dagbag.py:538} INFO - Filling up the DagBag from /home/airflow/.local/lib/python3.7/site-packages/airflow/example_dags/example_external_task_marker_dag.py
[2022-12-03T15:11:52.887+0000] {processor.py:753} INFO - DAG(s) dict_keys(['example_external_task_marker_child', 'example_external_task_marker_parent']) retrieved from /home/airflow/.local/lib/python3.7/site-packages/airflow/example_dags/example_external_task_marker_dag.py
[2022-12-03T15:11:52.928+0000] {logging_mixin.py:137} INFO - [2022-12-03T15:11:52.927+0000] {dag.py:2676} INFO - Sync 2 DAGs
[2022-12-03T15:11:52.949+0000] {logging_mixin.py:137} INFO - [2022-12-03T15:11:52.949+0000] {dag.py:3427} INFO - Setting next_dagrun for example_external_task_marker_child to None, run_after=None
[2022-12-03T15:11:52.953+0000] {logging_mixin.py:137} INFO - [2022-12-03T15:11:52.952+0000] {dag.py:3427} INFO - Setting next_dagrun for example_external_task_marker_parent to None, run_after=None
[2022-12-03T15:11:52.974+0000] {processor.py:175} INFO - Processing /home/airflow/.local/lib/python3.7/site-packages/airflow/example_dags/example_external_task_marker_dag.py took 0.111 seconds
[2022-12-03T15:12:23.236+0000] {processor.py:153} INFO - Started process (PID=924) to work on /home/airflow/.local/lib/python3.7/site-packages/airflow/example_dags/example_external_task_marker_dag.py
[2022-12-03T15:12:23.237+0000] {processor.py:743} INFO - Processing file /home/airflow/.local/lib/python3.7/site-packages/airflow/example_dags/example_external_task_marker_dag.py for tasks to queue
[2022-12-03T15:12:23.237+0000] {logging_mixin.py:137} INFO - [2022-12-03T15:12:23.237+0000] {dagbag.py:538} INFO - Filling up the DagBag from /home/airflow/.local/lib/python3.7/site-packages/airflow/example_dags/example_external_task_marker_dag.py
[2022-12-03T15:12:23.249+0000] {processor.py:753} INFO - DAG(s) dict_keys(['example_external_task_marker_child', 'example_external_task_marker_parent']) retrieved from /home/airflow/.local/lib/python3.7/site-packages/airflow/example_dags/example_external_task_marker_dag.py
[2022-12-03T15:12:23.269+0000] {logging_mixin.py:137} INFO - [2022-12-03T15:12:23.269+0000] {dag.py:2676} INFO - Sync 2 DAGs
[2022-12-03T15:12:23.286+0000] {logging_mixin.py:137} INFO - [2022-12-03T15:12:23.285+0000] {dag.py:3427} INFO - Setting next_dagrun for example_external_task_marker_child to None, run_after=None
[2022-12-03T15:12:23.288+0000] {logging_mixin.py:137} INFO - [2022-12-03T15:12:23.288+0000] {dag.py:3427} INFO - Setting next_dagrun for example_external_task_marker_parent to None, run_after=None
[2022-12-03T15:12:23.297+0000] {processor.py:175} INFO - Processing /home/airflow/.local/lib/python3.7/site-packages/airflow/example_dags/example_external_task_marker_dag.py took 0.064 seconds
[2022-12-03T15:12:53.344+0000] {processor.py:153} INFO - Started process (PID=1148) to work on /home/airflow/.local/lib/python3.7/site-packages/airflow/example_dags/example_external_task_marker_dag.py
[2022-12-03T15:12:53.345+0000] {processor.py:743} INFO - Processing file /home/airflow/.local/lib/python3.7/site-packages/airflow/example_dags/example_external_task_marker_dag.py for tasks to queue
[2022-12-03T15:12:53.346+0000] {logging_mixin.py:137} INFO - [2022-12-03T15:12:53.346+0000] {dagbag.py:538} INFO - Filling up the DagBag from /home/airflow/.local/lib/python3.7/site-packages/airflow/example_dags/example_external_task_marker_dag.py
[2022-12-03T15:12:53.356+0000] {processor.py:753} INFO - DAG(s) dict_keys(['example_external_task_marker_child', 'example_external_task_marker_parent']) retrieved from /home/airflow/.local/lib/python3.7/site-packages/airflow/example_dags/example_external_task_marker_dag.py
[2022-12-03T15:12:53.378+0000] {logging_mixin.py:137} INFO - [2022-12-03T15:12:53.377+0000] {dag.py:2676} INFO - Sync 2 DAGs
[2022-12-03T15:12:53.399+0000] {logging_mixin.py:137} INFO - [2022-12-03T15:12:53.399+0000] {dag.py:3427} INFO - Setting next_dagrun for example_external_task_marker_child to None, run_after=None
[2022-12-03T15:12:53.404+0000] {logging_mixin.py:137} INFO - [2022-12-03T15:12:53.404+0000] {dag.py:3427} INFO - Setting next_dagrun for example_external_task_marker_parent to None, run_after=None
[2022-12-03T15:12:53.420+0000] {processor.py:175} INFO - Processing /home/airflow/.local/lib/python3.7/site-packages/airflow/example_dags/example_external_task_marker_dag.py took 0.079 seconds
[2022-12-03T15:13:23.776+0000] {processor.py:153} INFO - Started process (PID=1371) to work on /home/airflow/.local/lib/python3.7/site-packages/airflow/example_dags/example_external_task_marker_dag.py
[2022-12-03T15:13:23.777+0000] {processor.py:743} INFO - Processing file /home/airflow/.local/lib/python3.7/site-packages/airflow/example_dags/example_external_task_marker_dag.py for tasks to queue
[2022-12-03T15:13:23.778+0000] {logging_mixin.py:137} INFO - [2022-12-03T15:13:23.778+0000] {dagbag.py:538} INFO - Filling up the DagBag from /home/airflow/.local/lib/python3.7/site-packages/airflow/example_dags/example_external_task_marker_dag.py
[2022-12-03T15:13:23.790+0000] {processor.py:753} INFO - DAG(s) dict_keys(['example_external_task_marker_child', 'example_external_task_marker_parent']) retrieved from /home/airflow/.local/lib/python3.7/site-packages/airflow/example_dags/example_external_task_marker_dag.py
[2022-12-03T15:13:23.825+0000] {logging_mixin.py:137} INFO - [2022-12-03T15:13:23.825+0000] {dag.py:2676} INFO - Sync 2 DAGs
[2022-12-03T15:13:23.843+0000] {logging_mixin.py:137} INFO - [2022-12-03T15:13:23.843+0000] {dag.py:3427} INFO - Setting next_dagrun for example_external_task_marker_child to None, run_after=None
[2022-12-03T15:13:23.856+0000] {logging_mixin.py:137} INFO - [2022-12-03T15:13:23.856+0000] {dag.py:3427} INFO - Setting next_dagrun for example_external_task_marker_parent to None, run_after=None
[2022-12-03T15:13:23.866+0000] {processor.py:175} INFO - Processing /home/airflow/.local/lib/python3.7/site-packages/airflow/example_dags/example_external_task_marker_dag.py took 0.093 seconds
[2022-12-03T15:13:54.500+0000] {processor.py:153} INFO - Started process (PID=1588) to work on /home/airflow/.local/lib/python3.7/site-packages/airflow/example_dags/example_external_task_marker_dag.py
[2022-12-03T15:13:54.501+0000] {processor.py:743} INFO - Processing file /home/airflow/.local/lib/python3.7/site-packages/airflow/example_dags/example_external_task_marker_dag.py for tasks to queue
[2022-12-03T15:13:54.501+0000] {logging_mixin.py:137} INFO - [2022-12-03T15:13:54.501+0000] {dagbag.py:538} INFO - Filling up the DagBag from /home/airflow/.local/lib/python3.7/site-packages/airflow/example_dags/example_external_task_marker_dag.py
[2022-12-03T15:13:54.511+0000] {processor.py:753} INFO - DAG(s) dict_keys(['example_external_task_marker_child', 'example_external_task_marker_parent']) retrieved from /home/airflow/.local/lib/python3.7/site-packages/airflow/example_dags/example_external_task_marker_dag.py
[2022-12-03T15:13:54.540+0000] {logging_mixin.py:137} INFO - [2022-12-03T15:13:54.540+0000] {dag.py:2676} INFO - Sync 2 DAGs
[2022-12-03T15:13:54.555+0000] {logging_mixin.py:137} INFO - [2022-12-03T15:13:54.555+0000] {dag.py:3427} INFO - Setting next_dagrun for example_external_task_marker_child to None, run_after=None
[2022-12-03T15:13:54.558+0000] {logging_mixin.py:137} INFO - [2022-12-03T15:13:54.558+0000] {dag.py:3427} INFO - Setting next_dagrun for example_external_task_marker_parent to None, run_after=None
[2022-12-03T15:13:54.568+0000] {processor.py:175} INFO - Processing /home/airflow/.local/lib/python3.7/site-packages/airflow/example_dags/example_external_task_marker_dag.py took 0.071 seconds
[2022-12-03T15:14:24.805+0000] {processor.py:153} INFO - Started process (PID=1814) to work on /home/airflow/.local/lib/python3.7/site-packages/airflow/example_dags/example_external_task_marker_dag.py
[2022-12-03T15:14:24.806+0000] {processor.py:743} INFO - Processing file /home/airflow/.local/lib/python3.7/site-packages/airflow/example_dags/example_external_task_marker_dag.py for tasks to queue
[2022-12-03T15:14:24.807+0000] {logging_mixin.py:137} INFO - [2022-12-03T15:14:24.807+0000] {dagbag.py:538} INFO - Filling up the DagBag from /home/airflow/.local/lib/python3.7/site-packages/airflow/example_dags/example_external_task_marker_dag.py
[2022-12-03T15:14:24.817+0000] {processor.py:753} INFO - DAG(s) dict_keys(['example_external_task_marker_child', 'example_external_task_marker_parent']) retrieved from /home/airflow/.local/lib/python3.7/site-packages/airflow/example_dags/example_external_task_marker_dag.py
[2022-12-03T15:14:24.845+0000] {logging_mixin.py:137} INFO - [2022-12-03T15:14:24.845+0000] {dag.py:2676} INFO - Sync 2 DAGs
[2022-12-03T15:14:24.860+0000] {logging_mixin.py:137} INFO - [2022-12-03T15:14:24.859+0000] {dag.py:3427} INFO - Setting next_dagrun for example_external_task_marker_child to None, run_after=None
[2022-12-03T15:14:24.862+0000] {logging_mixin.py:137} INFO - [2022-12-03T15:14:24.862+0000] {dag.py:3427} INFO - Setting next_dagrun for example_external_task_marker_parent to None, run_after=None
[2022-12-03T15:14:24.872+0000] {processor.py:175} INFO - Processing /home/airflow/.local/lib/python3.7/site-packages/airflow/example_dags/example_external_task_marker_dag.py took 0.070 seconds
[2022-12-03T15:15:11.900+0000] {processor.py:153} INFO - Started process (PID=253) to work on /home/airflow/.local/lib/python3.7/site-packages/airflow/example_dags/example_external_task_marker_dag.py
[2022-12-03T15:15:11.901+0000] {processor.py:743} INFO - Processing file /home/airflow/.local/lib/python3.7/site-packages/airflow/example_dags/example_external_task_marker_dag.py for tasks to queue
[2022-12-03T15:15:11.903+0000] {logging_mixin.py:137} INFO - [2022-12-03T15:15:11.903+0000] {dagbag.py:538} INFO - Filling up the DagBag from /home/airflow/.local/lib/python3.7/site-packages/airflow/example_dags/example_external_task_marker_dag.py
[2022-12-03T15:15:11.920+0000] {processor.py:753} INFO - DAG(s) dict_keys(['example_external_task_marker_child', 'example_external_task_marker_parent']) retrieved from /home/airflow/.local/lib/python3.7/site-packages/airflow/example_dags/example_external_task_marker_dag.py
[2022-12-03T15:15:11.952+0000] {logging_mixin.py:137} INFO - [2022-12-03T15:15:11.952+0000] {dag.py:2676} INFO - Sync 2 DAGs
[2022-12-03T15:15:11.980+0000] {logging_mixin.py:137} INFO - [2022-12-03T15:15:11.980+0000] {dag.py:3427} INFO - Setting next_dagrun for example_external_task_marker_child to None, run_after=None
[2022-12-03T15:15:11.986+0000] {logging_mixin.py:137} INFO - [2022-12-03T15:15:11.986+0000] {dag.py:3427} INFO - Setting next_dagrun for example_external_task_marker_parent to None, run_after=None
[2022-12-03T15:15:12.003+0000] {processor.py:175} INFO - Processing /home/airflow/.local/lib/python3.7/site-packages/airflow/example_dags/example_external_task_marker_dag.py took 0.108 seconds
[2022-12-03T15:21:18.557+0000] {processor.py:153} INFO - Started process (PID=253) to work on /home/airflow/.local/lib/python3.7/site-packages/airflow/example_dags/example_external_task_marker_dag.py
[2022-12-03T15:21:18.559+0000] {processor.py:743} INFO - Processing file /home/airflow/.local/lib/python3.7/site-packages/airflow/example_dags/example_external_task_marker_dag.py for tasks to queue
[2022-12-03T15:21:18.560+0000] {logging_mixin.py:137} INFO - [2022-12-03T15:21:18.560+0000] {dagbag.py:538} INFO - Filling up the DagBag from /home/airflow/.local/lib/python3.7/site-packages/airflow/example_dags/example_external_task_marker_dag.py
[2022-12-03T15:21:18.572+0000] {processor.py:753} INFO - DAG(s) dict_keys(['example_external_task_marker_child', 'example_external_task_marker_parent']) retrieved from /home/airflow/.local/lib/python3.7/site-packages/airflow/example_dags/example_external_task_marker_dag.py
[2022-12-03T15:21:18.592+0000] {logging_mixin.py:137} INFO - [2022-12-03T15:21:18.592+0000] {dag.py:2676} INFO - Sync 2 DAGs
[2022-12-03T15:21:18.610+0000] {logging_mixin.py:137} INFO - [2022-12-03T15:21:18.610+0000] {dag.py:3427} INFO - Setting next_dagrun for example_external_task_marker_child to None, run_after=None
[2022-12-03T15:21:18.613+0000] {logging_mixin.py:137} INFO - [2022-12-03T15:21:18.613+0000] {dag.py:3427} INFO - Setting next_dagrun for example_external_task_marker_parent to None, run_after=None
[2022-12-03T15:21:18.624+0000] {processor.py:175} INFO - Processing /home/airflow/.local/lib/python3.7/site-packages/airflow/example_dags/example_external_task_marker_dag.py took 0.069 seconds
[2022-12-03T15:21:48.803+0000] {processor.py:153} INFO - Started process (PID=477) to work on /home/airflow/.local/lib/python3.7/site-packages/airflow/example_dags/example_external_task_marker_dag.py
[2022-12-03T15:21:48.804+0000] {processor.py:743} INFO - Processing file /home/airflow/.local/lib/python3.7/site-packages/airflow/example_dags/example_external_task_marker_dag.py for tasks to queue
[2022-12-03T15:21:48.805+0000] {logging_mixin.py:137} INFO - [2022-12-03T15:21:48.805+0000] {dagbag.py:538} INFO - Filling up the DagBag from /home/airflow/.local/lib/python3.7/site-packages/airflow/example_dags/example_external_task_marker_dag.py
[2022-12-03T15:21:48.815+0000] {processor.py:753} INFO - DAG(s) dict_keys(['example_external_task_marker_parent', 'example_external_task_marker_child']) retrieved from /home/airflow/.local/lib/python3.7/site-packages/airflow/example_dags/example_external_task_marker_dag.py
[2022-12-03T15:21:48.844+0000] {logging_mixin.py:137} INFO - [2022-12-03T15:21:48.844+0000] {dag.py:2676} INFO - Sync 2 DAGs
[2022-12-03T15:21:48.859+0000] {logging_mixin.py:137} INFO - [2022-12-03T15:21:48.859+0000] {dag.py:3427} INFO - Setting next_dagrun for example_external_task_marker_child to None, run_after=None
[2022-12-03T15:21:48.862+0000] {logging_mixin.py:137} INFO - [2022-12-03T15:21:48.862+0000] {dag.py:3427} INFO - Setting next_dagrun for example_external_task_marker_parent to None, run_after=None
[2022-12-03T15:21:48.872+0000] {processor.py:175} INFO - Processing /home/airflow/.local/lib/python3.7/site-packages/airflow/example_dags/example_external_task_marker_dag.py took 0.072 seconds
[2022-12-03T15:22:19.023+0000] {processor.py:153} INFO - Started process (PID=690) to work on /home/airflow/.local/lib/python3.7/site-packages/airflow/example_dags/example_external_task_marker_dag.py
[2022-12-03T15:22:19.024+0000] {processor.py:743} INFO - Processing file /home/airflow/.local/lib/python3.7/site-packages/airflow/example_dags/example_external_task_marker_dag.py for tasks to queue
[2022-12-03T15:22:19.025+0000] {logging_mixin.py:137} INFO - [2022-12-03T15:22:19.025+0000] {dagbag.py:538} INFO - Filling up the DagBag from /home/airflow/.local/lib/python3.7/site-packages/airflow/example_dags/example_external_task_marker_dag.py
[2022-12-03T15:22:19.034+0000] {processor.py:753} INFO - DAG(s) dict_keys(['example_external_task_marker_parent', 'example_external_task_marker_child']) retrieved from /home/airflow/.local/lib/python3.7/site-packages/airflow/example_dags/example_external_task_marker_dag.py
[2022-12-03T15:22:19.065+0000] {logging_mixin.py:137} INFO - [2022-12-03T15:22:19.065+0000] {dag.py:2676} INFO - Sync 2 DAGs
[2022-12-03T15:22:19.080+0000] {logging_mixin.py:137} INFO - [2022-12-03T15:22:19.080+0000] {dag.py:3427} INFO - Setting next_dagrun for example_external_task_marker_child to None, run_after=None
[2022-12-03T15:22:19.082+0000] {logging_mixin.py:137} INFO - [2022-12-03T15:22:19.082+0000] {dag.py:3427} INFO - Setting next_dagrun for example_external_task_marker_parent to None, run_after=None
[2022-12-03T15:22:19.091+0000] {processor.py:175} INFO - Processing /home/airflow/.local/lib/python3.7/site-packages/airflow/example_dags/example_external_task_marker_dag.py took 0.071 seconds
[2022-12-03T15:22:49.585+0000] {processor.py:153} INFO - Started process (PID=916) to work on /home/airflow/.local/lib/python3.7/site-packages/airflow/example_dags/example_external_task_marker_dag.py
[2022-12-03T15:22:49.588+0000] {processor.py:743} INFO - Processing file /home/airflow/.local/lib/python3.7/site-packages/airflow/example_dags/example_external_task_marker_dag.py for tasks to queue
[2022-12-03T15:22:49.590+0000] {logging_mixin.py:137} INFO - [2022-12-03T15:22:49.590+0000] {dagbag.py:538} INFO - Filling up the DagBag from /home/airflow/.local/lib/python3.7/site-packages/airflow/example_dags/example_external_task_marker_dag.py
[2022-12-03T15:22:49.603+0000] {processor.py:753} INFO - DAG(s) dict_keys(['example_external_task_marker_parent', 'example_external_task_marker_child']) retrieved from /home/airflow/.local/lib/python3.7/site-packages/airflow/example_dags/example_external_task_marker_dag.py
[2022-12-03T15:22:49.650+0000] {logging_mixin.py:137} INFO - [2022-12-03T15:22:49.649+0000] {dag.py:2676} INFO - Sync 2 DAGs
[2022-12-03T15:22:49.672+0000] {logging_mixin.py:137} INFO - [2022-12-03T15:22:49.672+0000] {dag.py:3427} INFO - Setting next_dagrun for example_external_task_marker_child to None, run_after=None
[2022-12-03T15:22:49.677+0000] {logging_mixin.py:137} INFO - [2022-12-03T15:22:49.677+0000] {dag.py:3427} INFO - Setting next_dagrun for example_external_task_marker_parent to None, run_after=None
[2022-12-03T15:22:49.700+0000] {processor.py:175} INFO - Processing /home/airflow/.local/lib/python3.7/site-packages/airflow/example_dags/example_external_task_marker_dag.py took 0.118 seconds
[2022-12-03T15:23:20.430+0000] {processor.py:153} INFO - Started process (PID=1145) to work on /home/airflow/.local/lib/python3.7/site-packages/airflow/example_dags/example_external_task_marker_dag.py
[2022-12-03T15:23:20.432+0000] {processor.py:743} INFO - Processing file /home/airflow/.local/lib/python3.7/site-packages/airflow/example_dags/example_external_task_marker_dag.py for tasks to queue
[2022-12-03T15:23:20.432+0000] {logging_mixin.py:137} INFO - [2022-12-03T15:23:20.432+0000] {dagbag.py:538} INFO - Filling up the DagBag from /home/airflow/.local/lib/python3.7/site-packages/airflow/example_dags/example_external_task_marker_dag.py
[2022-12-03T15:23:20.443+0000] {processor.py:753} INFO - DAG(s) dict_keys(['example_external_task_marker_child', 'example_external_task_marker_parent']) retrieved from /home/airflow/.local/lib/python3.7/site-packages/airflow/example_dags/example_external_task_marker_dag.py
[2022-12-03T15:23:20.473+0000] {logging_mixin.py:137} INFO - [2022-12-03T15:23:20.473+0000] {dag.py:2676} INFO - Sync 2 DAGs
[2022-12-03T15:23:20.490+0000] {logging_mixin.py:137} INFO - [2022-12-03T15:23:20.490+0000] {dag.py:3427} INFO - Setting next_dagrun for example_external_task_marker_child to None, run_after=None
[2022-12-03T15:23:20.493+0000] {logging_mixin.py:137} INFO - [2022-12-03T15:23:20.493+0000] {dag.py:3427} INFO - Setting next_dagrun for example_external_task_marker_parent to None, run_after=None
[2022-12-03T15:23:20.503+0000] {processor.py:175} INFO - Processing /home/airflow/.local/lib/python3.7/site-packages/airflow/example_dags/example_external_task_marker_dag.py took 0.075 seconds
[2022-12-03T15:23:50.916+0000] {processor.py:153} INFO - Started process (PID=1359) to work on /home/airflow/.local/lib/python3.7/site-packages/airflow/example_dags/example_external_task_marker_dag.py
[2022-12-03T15:23:50.917+0000] {processor.py:743} INFO - Processing file /home/airflow/.local/lib/python3.7/site-packages/airflow/example_dags/example_external_task_marker_dag.py for tasks to queue
[2022-12-03T15:23:50.917+0000] {logging_mixin.py:137} INFO - [2022-12-03T15:23:50.917+0000] {dagbag.py:538} INFO - Filling up the DagBag from /home/airflow/.local/lib/python3.7/site-packages/airflow/example_dags/example_external_task_marker_dag.py
[2022-12-03T15:23:50.928+0000] {processor.py:753} INFO - DAG(s) dict_keys(['example_external_task_marker_child', 'example_external_task_marker_parent']) retrieved from /home/airflow/.local/lib/python3.7/site-packages/airflow/example_dags/example_external_task_marker_dag.py
[2022-12-03T15:23:50.959+0000] {logging_mixin.py:137} INFO - [2022-12-03T15:23:50.959+0000] {dag.py:2676} INFO - Sync 2 DAGs
[2022-12-03T15:23:50.977+0000] {logging_mixin.py:137} INFO - [2022-12-03T15:23:50.977+0000] {dag.py:3427} INFO - Setting next_dagrun for example_external_task_marker_child to None, run_after=None
[2022-12-03T15:23:50.979+0000] {logging_mixin.py:137} INFO - [2022-12-03T15:23:50.979+0000] {dag.py:3427} INFO - Setting next_dagrun for example_external_task_marker_parent to None, run_after=None
[2022-12-03T15:23:50.990+0000] {processor.py:175} INFO - Processing /home/airflow/.local/lib/python3.7/site-packages/airflow/example_dags/example_external_task_marker_dag.py took 0.077 seconds
[2022-12-03T15:24:21.289+0000] {processor.py:153} INFO - Started process (PID=1586) to work on /home/airflow/.local/lib/python3.7/site-packages/airflow/example_dags/example_external_task_marker_dag.py
[2022-12-03T15:24:21.290+0000] {processor.py:743} INFO - Processing file /home/airflow/.local/lib/python3.7/site-packages/airflow/example_dags/example_external_task_marker_dag.py for tasks to queue
[2022-12-03T15:24:21.290+0000] {logging_mixin.py:137} INFO - [2022-12-03T15:24:21.290+0000] {dagbag.py:538} INFO - Filling up the DagBag from /home/airflow/.local/lib/python3.7/site-packages/airflow/example_dags/example_external_task_marker_dag.py
[2022-12-03T15:24:21.300+0000] {processor.py:753} INFO - DAG(s) dict_keys(['example_external_task_marker_parent', 'example_external_task_marker_child']) retrieved from /home/airflow/.local/lib/python3.7/site-packages/airflow/example_dags/example_external_task_marker_dag.py
[2022-12-03T15:24:21.328+0000] {logging_mixin.py:137} INFO - [2022-12-03T15:24:21.328+0000] {dag.py:2676} INFO - Sync 2 DAGs
[2022-12-03T15:24:21.342+0000] {logging_mixin.py:137} INFO - [2022-12-03T15:24:21.342+0000] {dag.py:3427} INFO - Setting next_dagrun for example_external_task_marker_child to None, run_after=None
[2022-12-03T15:24:21.345+0000] {logging_mixin.py:137} INFO - [2022-12-03T15:24:21.345+0000] {dag.py:3427} INFO - Setting next_dagrun for example_external_task_marker_parent to None, run_after=None
[2022-12-03T15:24:21.354+0000] {processor.py:175} INFO - Processing /home/airflow/.local/lib/python3.7/site-packages/airflow/example_dags/example_external_task_marker_dag.py took 0.068 seconds
[2022-12-03T15:24:51.846+0000] {processor.py:153} INFO - Started process (PID=1811) to work on /home/airflow/.local/lib/python3.7/site-packages/airflow/example_dags/example_external_task_marker_dag.py
[2022-12-03T15:24:51.847+0000] {processor.py:743} INFO - Processing file /home/airflow/.local/lib/python3.7/site-packages/airflow/example_dags/example_external_task_marker_dag.py for tasks to queue
[2022-12-03T15:24:51.847+0000] {logging_mixin.py:137} INFO - [2022-12-03T15:24:51.847+0000] {dagbag.py:538} INFO - Filling up the DagBag from /home/airflow/.local/lib/python3.7/site-packages/airflow/example_dags/example_external_task_marker_dag.py
[2022-12-03T15:24:51.857+0000] {processor.py:753} INFO - DAG(s) dict_keys(['example_external_task_marker_parent', 'example_external_task_marker_child']) retrieved from /home/airflow/.local/lib/python3.7/site-packages/airflow/example_dags/example_external_task_marker_dag.py
[2022-12-03T15:24:51.884+0000] {logging_mixin.py:137} INFO - [2022-12-03T15:24:51.884+0000] {dag.py:2676} INFO - Sync 2 DAGs
[2022-12-03T15:24:51.898+0000] {logging_mixin.py:137} INFO - [2022-12-03T15:24:51.898+0000] {dag.py:3427} INFO - Setting next_dagrun for example_external_task_marker_child to None, run_after=None
[2022-12-03T15:24:51.901+0000] {logging_mixin.py:137} INFO - [2022-12-03T15:24:51.901+0000] {dag.py:3427} INFO - Setting next_dagrun for example_external_task_marker_parent to None, run_after=None
[2022-12-03T15:24:51.911+0000] {processor.py:175} INFO - Processing /home/airflow/.local/lib/python3.7/site-packages/airflow/example_dags/example_external_task_marker_dag.py took 0.069 seconds
[2022-12-03T15:25:22.064+0000] {processor.py:153} INFO - Started process (PID=2026) to work on /home/airflow/.local/lib/python3.7/site-packages/airflow/example_dags/example_external_task_marker_dag.py
[2022-12-03T15:25:22.066+0000] {processor.py:743} INFO - Processing file /home/airflow/.local/lib/python3.7/site-packages/airflow/example_dags/example_external_task_marker_dag.py for tasks to queue
[2022-12-03T15:25:22.066+0000] {logging_mixin.py:137} INFO - [2022-12-03T15:25:22.066+0000] {dagbag.py:538} INFO - Filling up the DagBag from /home/airflow/.local/lib/python3.7/site-packages/airflow/example_dags/example_external_task_marker_dag.py
[2022-12-03T15:25:22.075+0000] {processor.py:753} INFO - DAG(s) dict_keys(['example_external_task_marker_parent', 'example_external_task_marker_child']) retrieved from /home/airflow/.local/lib/python3.7/site-packages/airflow/example_dags/example_external_task_marker_dag.py
[2022-12-03T15:25:22.101+0000] {logging_mixin.py:137} INFO - [2022-12-03T15:25:22.100+0000] {dag.py:2676} INFO - Sync 2 DAGs
[2022-12-03T15:25:22.115+0000] {logging_mixin.py:137} INFO - [2022-12-03T15:25:22.114+0000] {dag.py:3427} INFO - Setting next_dagrun for example_external_task_marker_child to None, run_after=None
[2022-12-03T15:25:22.117+0000] {logging_mixin.py:137} INFO - [2022-12-03T15:25:22.117+0000] {dag.py:3427} INFO - Setting next_dagrun for example_external_task_marker_parent to None, run_after=None
[2022-12-03T15:25:22.126+0000] {processor.py:175} INFO - Processing /home/airflow/.local/lib/python3.7/site-packages/airflow/example_dags/example_external_task_marker_dag.py took 0.064 seconds
[2022-12-03T15:25:52.402+0000] {processor.py:153} INFO - Started process (PID=2250) to work on /home/airflow/.local/lib/python3.7/site-packages/airflow/example_dags/example_external_task_marker_dag.py
[2022-12-03T15:25:52.403+0000] {processor.py:743} INFO - Processing file /home/airflow/.local/lib/python3.7/site-packages/airflow/example_dags/example_external_task_marker_dag.py for tasks to queue
[2022-12-03T15:25:52.404+0000] {logging_mixin.py:137} INFO - [2022-12-03T15:25:52.404+0000] {dagbag.py:538} INFO - Filling up the DagBag from /home/airflow/.local/lib/python3.7/site-packages/airflow/example_dags/example_external_task_marker_dag.py
[2022-12-03T15:25:52.413+0000] {processor.py:753} INFO - DAG(s) dict_keys(['example_external_task_marker_child', 'example_external_task_marker_parent']) retrieved from /home/airflow/.local/lib/python3.7/site-packages/airflow/example_dags/example_external_task_marker_dag.py
[2022-12-03T15:25:52.439+0000] {logging_mixin.py:137} INFO - [2022-12-03T15:25:52.439+0000] {dag.py:2676} INFO - Sync 2 DAGs
[2022-12-03T15:25:52.454+0000] {logging_mixin.py:137} INFO - [2022-12-03T15:25:52.454+0000] {dag.py:3427} INFO - Setting next_dagrun for example_external_task_marker_child to None, run_after=None
[2022-12-03T15:25:52.457+0000] {logging_mixin.py:137} INFO - [2022-12-03T15:25:52.457+0000] {dag.py:3427} INFO - Setting next_dagrun for example_external_task_marker_parent to None, run_after=None
[2022-12-03T15:25:52.467+0000] {processor.py:175} INFO - Processing /home/airflow/.local/lib/python3.7/site-packages/airflow/example_dags/example_external_task_marker_dag.py took 0.068 seconds
[2022-12-03T15:26:22.922+0000] {processor.py:153} INFO - Started process (PID=2477) to work on /home/airflow/.local/lib/python3.7/site-packages/airflow/example_dags/example_external_task_marker_dag.py
[2022-12-03T15:26:22.923+0000] {processor.py:743} INFO - Processing file /home/airflow/.local/lib/python3.7/site-packages/airflow/example_dags/example_external_task_marker_dag.py for tasks to queue
[2022-12-03T15:26:22.924+0000] {logging_mixin.py:137} INFO - [2022-12-03T15:26:22.924+0000] {dagbag.py:538} INFO - Filling up the DagBag from /home/airflow/.local/lib/python3.7/site-packages/airflow/example_dags/example_external_task_marker_dag.py
[2022-12-03T15:26:22.933+0000] {processor.py:753} INFO - DAG(s) dict_keys(['example_external_task_marker_parent', 'example_external_task_marker_child']) retrieved from /home/airflow/.local/lib/python3.7/site-packages/airflow/example_dags/example_external_task_marker_dag.py
[2022-12-03T15:26:22.960+0000] {logging_mixin.py:137} INFO - [2022-12-03T15:26:22.960+0000] {dag.py:2676} INFO - Sync 2 DAGs
[2022-12-03T15:26:22.974+0000] {logging_mixin.py:137} INFO - [2022-12-03T15:26:22.974+0000] {dag.py:3427} INFO - Setting next_dagrun for example_external_task_marker_child to None, run_after=None
[2022-12-03T15:26:22.977+0000] {logging_mixin.py:137} INFO - [2022-12-03T15:26:22.977+0000] {dag.py:3427} INFO - Setting next_dagrun for example_external_task_marker_parent to None, run_after=None
[2022-12-03T15:26:22.986+0000] {processor.py:175} INFO - Processing /home/airflow/.local/lib/python3.7/site-packages/airflow/example_dags/example_external_task_marker_dag.py took 0.066 seconds
[2022-12-03T15:26:53.100+0000] {processor.py:153} INFO - Started process (PID=2689) to work on /home/airflow/.local/lib/python3.7/site-packages/airflow/example_dags/example_external_task_marker_dag.py
[2022-12-03T15:26:53.101+0000] {processor.py:743} INFO - Processing file /home/airflow/.local/lib/python3.7/site-packages/airflow/example_dags/example_external_task_marker_dag.py for tasks to queue
[2022-12-03T15:26:53.102+0000] {logging_mixin.py:137} INFO - [2022-12-03T15:26:53.102+0000] {dagbag.py:538} INFO - Filling up the DagBag from /home/airflow/.local/lib/python3.7/site-packages/airflow/example_dags/example_external_task_marker_dag.py
[2022-12-03T15:26:53.112+0000] {processor.py:753} INFO - DAG(s) dict_keys(['example_external_task_marker_parent', 'example_external_task_marker_child']) retrieved from /home/airflow/.local/lib/python3.7/site-packages/airflow/example_dags/example_external_task_marker_dag.py
[2022-12-03T15:26:53.140+0000] {logging_mixin.py:137} INFO - [2022-12-03T15:26:53.140+0000] {dag.py:2676} INFO - Sync 2 DAGs
[2022-12-03T15:26:53.155+0000] {logging_mixin.py:137} INFO - [2022-12-03T15:26:53.154+0000] {dag.py:3427} INFO - Setting next_dagrun for example_external_task_marker_child to None, run_after=None
[2022-12-03T15:26:53.157+0000] {logging_mixin.py:137} INFO - [2022-12-03T15:26:53.157+0000] {dag.py:3427} INFO - Setting next_dagrun for example_external_task_marker_parent to None, run_after=None
[2022-12-03T15:26:53.167+0000] {processor.py:175} INFO - Processing /home/airflow/.local/lib/python3.7/site-packages/airflow/example_dags/example_external_task_marker_dag.py took 0.069 seconds
[2022-12-03T15:27:24.387+0000] {processor.py:153} INFO - Started process (PID=2917) to work on /home/airflow/.local/lib/python3.7/site-packages/airflow/example_dags/example_external_task_marker_dag.py
[2022-12-03T15:27:24.388+0000] {processor.py:743} INFO - Processing file /home/airflow/.local/lib/python3.7/site-packages/airflow/example_dags/example_external_task_marker_dag.py for tasks to queue
[2022-12-03T15:27:24.388+0000] {logging_mixin.py:137} INFO - [2022-12-03T15:27:24.388+0000] {dagbag.py:538} INFO - Filling up the DagBag from /home/airflow/.local/lib/python3.7/site-packages/airflow/example_dags/example_external_task_marker_dag.py
[2022-12-03T15:27:24.398+0000] {processor.py:753} INFO - DAG(s) dict_keys(['example_external_task_marker_parent', 'example_external_task_marker_child']) retrieved from /home/airflow/.local/lib/python3.7/site-packages/airflow/example_dags/example_external_task_marker_dag.py
[2022-12-03T15:27:24.426+0000] {logging_mixin.py:137} INFO - [2022-12-03T15:27:24.426+0000] {dag.py:2676} INFO - Sync 2 DAGs
[2022-12-03T15:27:24.441+0000] {logging_mixin.py:137} INFO - [2022-12-03T15:27:24.441+0000] {dag.py:3427} INFO - Setting next_dagrun for example_external_task_marker_child to None, run_after=None
[2022-12-03T15:27:24.444+0000] {logging_mixin.py:137} INFO - [2022-12-03T15:27:24.444+0000] {dag.py:3427} INFO - Setting next_dagrun for example_external_task_marker_parent to None, run_after=None
[2022-12-03T15:27:24.453+0000] {processor.py:175} INFO - Processing /home/airflow/.local/lib/python3.7/site-packages/airflow/example_dags/example_external_task_marker_dag.py took 0.069 seconds
[2022-12-03T15:27:54.642+0000] {processor.py:153} INFO - Started process (PID=3144) to work on /home/airflow/.local/lib/python3.7/site-packages/airflow/example_dags/example_external_task_marker_dag.py
[2022-12-03T15:27:54.643+0000] {processor.py:743} INFO - Processing file /home/airflow/.local/lib/python3.7/site-packages/airflow/example_dags/example_external_task_marker_dag.py for tasks to queue
[2022-12-03T15:27:54.643+0000] {logging_mixin.py:137} INFO - [2022-12-03T15:27:54.643+0000] {dagbag.py:538} INFO - Filling up the DagBag from /home/airflow/.local/lib/python3.7/site-packages/airflow/example_dags/example_external_task_marker_dag.py
[2022-12-03T15:27:54.652+0000] {processor.py:753} INFO - DAG(s) dict_keys(['example_external_task_marker_child', 'example_external_task_marker_parent']) retrieved from /home/airflow/.local/lib/python3.7/site-packages/airflow/example_dags/example_external_task_marker_dag.py
[2022-12-03T15:27:54.678+0000] {logging_mixin.py:137} INFO - [2022-12-03T15:27:54.678+0000] {dag.py:2676} INFO - Sync 2 DAGs
[2022-12-03T15:27:54.691+0000] {logging_mixin.py:137} INFO - [2022-12-03T15:27:54.691+0000] {dag.py:3427} INFO - Setting next_dagrun for example_external_task_marker_child to None, run_after=None
[2022-12-03T15:27:54.694+0000] {logging_mixin.py:137} INFO - [2022-12-03T15:27:54.694+0000] {dag.py:3427} INFO - Setting next_dagrun for example_external_task_marker_parent to None, run_after=None
[2022-12-03T15:27:54.703+0000] {processor.py:175} INFO - Processing /home/airflow/.local/lib/python3.7/site-packages/airflow/example_dags/example_external_task_marker_dag.py took 0.064 seconds
[2022-12-03T15:28:25.025+0000] {processor.py:153} INFO - Started process (PID=3357) to work on /home/airflow/.local/lib/python3.7/site-packages/airflow/example_dags/example_external_task_marker_dag.py
[2022-12-03T15:28:25.026+0000] {processor.py:743} INFO - Processing file /home/airflow/.local/lib/python3.7/site-packages/airflow/example_dags/example_external_task_marker_dag.py for tasks to queue
[2022-12-03T15:28:25.027+0000] {logging_mixin.py:137} INFO - [2022-12-03T15:28:25.027+0000] {dagbag.py:538} INFO - Filling up the DagBag from /home/airflow/.local/lib/python3.7/site-packages/airflow/example_dags/example_external_task_marker_dag.py
[2022-12-03T15:28:25.036+0000] {processor.py:753} INFO - DAG(s) dict_keys(['example_external_task_marker_child', 'example_external_task_marker_parent']) retrieved from /home/airflow/.local/lib/python3.7/site-packages/airflow/example_dags/example_external_task_marker_dag.py
[2022-12-03T15:28:25.061+0000] {logging_mixin.py:137} INFO - [2022-12-03T15:28:25.061+0000] {dag.py:2676} INFO - Sync 2 DAGs
[2022-12-03T15:28:25.075+0000] {logging_mixin.py:137} INFO - [2022-12-03T15:28:25.075+0000] {dag.py:3427} INFO - Setting next_dagrun for example_external_task_marker_child to None, run_after=None
[2022-12-03T15:28:25.077+0000] {logging_mixin.py:137} INFO - [2022-12-03T15:28:25.077+0000] {dag.py:3427} INFO - Setting next_dagrun for example_external_task_marker_parent to None, run_after=None
[2022-12-03T15:28:25.085+0000] {processor.py:175} INFO - Processing /home/airflow/.local/lib/python3.7/site-packages/airflow/example_dags/example_external_task_marker_dag.py took 0.063 seconds
[2022-12-03T15:28:55.653+0000] {processor.py:153} INFO - Started process (PID=3582) to work on /home/airflow/.local/lib/python3.7/site-packages/airflow/example_dags/example_external_task_marker_dag.py
[2022-12-03T15:28:55.654+0000] {processor.py:743} INFO - Processing file /home/airflow/.local/lib/python3.7/site-packages/airflow/example_dags/example_external_task_marker_dag.py for tasks to queue
[2022-12-03T15:28:55.654+0000] {logging_mixin.py:137} INFO - [2022-12-03T15:28:55.654+0000] {dagbag.py:538} INFO - Filling up the DagBag from /home/airflow/.local/lib/python3.7/site-packages/airflow/example_dags/example_external_task_marker_dag.py
[2022-12-03T15:28:55.664+0000] {processor.py:753} INFO - DAG(s) dict_keys(['example_external_task_marker_parent', 'example_external_task_marker_child']) retrieved from /home/airflow/.local/lib/python3.7/site-packages/airflow/example_dags/example_external_task_marker_dag.py
[2022-12-03T15:28:55.691+0000] {logging_mixin.py:137} INFO - [2022-12-03T15:28:55.691+0000] {dag.py:2676} INFO - Sync 2 DAGs
[2022-12-03T15:28:55.706+0000] {logging_mixin.py:137} INFO - [2022-12-03T15:28:55.706+0000] {dag.py:3427} INFO - Setting next_dagrun for example_external_task_marker_child to None, run_after=None
[2022-12-03T15:28:55.709+0000] {logging_mixin.py:137} INFO - [2022-12-03T15:28:55.709+0000] {dag.py:3427} INFO - Setting next_dagrun for example_external_task_marker_parent to None, run_after=None
[2022-12-03T15:28:55.717+0000] {processor.py:175} INFO - Processing /home/airflow/.local/lib/python3.7/site-packages/airflow/example_dags/example_external_task_marker_dag.py took 0.067 seconds
[2022-12-03T15:29:25.784+0000] {processor.py:153} INFO - Started process (PID=3808) to work on /home/airflow/.local/lib/python3.7/site-packages/airflow/example_dags/example_external_task_marker_dag.py
[2022-12-03T15:29:25.785+0000] {processor.py:743} INFO - Processing file /home/airflow/.local/lib/python3.7/site-packages/airflow/example_dags/example_external_task_marker_dag.py for tasks to queue
[2022-12-03T15:29:25.786+0000] {logging_mixin.py:137} INFO - [2022-12-03T15:29:25.786+0000] {dagbag.py:538} INFO - Filling up the DagBag from /home/airflow/.local/lib/python3.7/site-packages/airflow/example_dags/example_external_task_marker_dag.py
[2022-12-03T15:29:25.796+0000] {processor.py:753} INFO - DAG(s) dict_keys(['example_external_task_marker_child', 'example_external_task_marker_parent']) retrieved from /home/airflow/.local/lib/python3.7/site-packages/airflow/example_dags/example_external_task_marker_dag.py
[2022-12-03T15:29:25.822+0000] {logging_mixin.py:137} INFO - [2022-12-03T15:29:25.822+0000] {dag.py:2676} INFO - Sync 2 DAGs
[2022-12-03T15:29:25.837+0000] {logging_mixin.py:137} INFO - [2022-12-03T15:29:25.837+0000] {dag.py:3427} INFO - Setting next_dagrun for example_external_task_marker_child to None, run_after=None
[2022-12-03T15:29:25.840+0000] {logging_mixin.py:137} INFO - [2022-12-03T15:29:25.840+0000] {dag.py:3427} INFO - Setting next_dagrun for example_external_task_marker_parent to None, run_after=None
[2022-12-03T15:29:25.849+0000] {processor.py:175} INFO - Processing /home/airflow/.local/lib/python3.7/site-packages/airflow/example_dags/example_external_task_marker_dag.py took 0.067 seconds
[2022-12-03T15:29:55.876+0000] {processor.py:153} INFO - Started process (PID=4022) to work on /home/airflow/.local/lib/python3.7/site-packages/airflow/example_dags/example_external_task_marker_dag.py
[2022-12-03T15:29:55.877+0000] {processor.py:743} INFO - Processing file /home/airflow/.local/lib/python3.7/site-packages/airflow/example_dags/example_external_task_marker_dag.py for tasks to queue
[2022-12-03T15:29:55.878+0000] {logging_mixin.py:137} INFO - [2022-12-03T15:29:55.878+0000] {dagbag.py:538} INFO - Filling up the DagBag from /home/airflow/.local/lib/python3.7/site-packages/airflow/example_dags/example_external_task_marker_dag.py
[2022-12-03T15:29:55.887+0000] {processor.py:753} INFO - DAG(s) dict_keys(['example_external_task_marker_child', 'example_external_task_marker_parent']) retrieved from /home/airflow/.local/lib/python3.7/site-packages/airflow/example_dags/example_external_task_marker_dag.py
[2022-12-03T15:29:55.913+0000] {logging_mixin.py:137} INFO - [2022-12-03T15:29:55.913+0000] {dag.py:2676} INFO - Sync 2 DAGs
[2022-12-03T15:29:55.926+0000] {logging_mixin.py:137} INFO - [2022-12-03T15:29:55.926+0000] {dag.py:3427} INFO - Setting next_dagrun for example_external_task_marker_child to None, run_after=None
[2022-12-03T15:29:55.928+0000] {logging_mixin.py:137} INFO - [2022-12-03T15:29:55.928+0000] {dag.py:3427} INFO - Setting next_dagrun for example_external_task_marker_parent to None, run_after=None
[2022-12-03T15:29:55.938+0000] {processor.py:175} INFO - Processing /home/airflow/.local/lib/python3.7/site-packages/airflow/example_dags/example_external_task_marker_dag.py took 0.064 seconds
[2022-12-03T15:30:26.517+0000] {processor.py:153} INFO - Started process (PID=4246) to work on /home/airflow/.local/lib/python3.7/site-packages/airflow/example_dags/example_external_task_marker_dag.py
[2022-12-03T15:30:26.518+0000] {processor.py:743} INFO - Processing file /home/airflow/.local/lib/python3.7/site-packages/airflow/example_dags/example_external_task_marker_dag.py for tasks to queue
[2022-12-03T15:30:26.519+0000] {logging_mixin.py:137} INFO - [2022-12-03T15:30:26.519+0000] {dagbag.py:538} INFO - Filling up the DagBag from /home/airflow/.local/lib/python3.7/site-packages/airflow/example_dags/example_external_task_marker_dag.py
[2022-12-03T15:30:26.529+0000] {processor.py:753} INFO - DAG(s) dict_keys(['example_external_task_marker_parent', 'example_external_task_marker_child']) retrieved from /home/airflow/.local/lib/python3.7/site-packages/airflow/example_dags/example_external_task_marker_dag.py
[2022-12-03T15:30:26.564+0000] {logging_mixin.py:137} INFO - [2022-12-03T15:30:26.564+0000] {dag.py:2676} INFO - Sync 2 DAGs
[2022-12-03T15:30:26.582+0000] {logging_mixin.py:137} INFO - [2022-12-03T15:30:26.581+0000] {dag.py:3427} INFO - Setting next_dagrun for example_external_task_marker_child to None, run_after=None
[2022-12-03T15:30:26.584+0000] {logging_mixin.py:137} INFO - [2022-12-03T15:30:26.584+0000] {dag.py:3427} INFO - Setting next_dagrun for example_external_task_marker_parent to None, run_after=None
[2022-12-03T15:30:26.594+0000] {processor.py:175} INFO - Processing /home/airflow/.local/lib/python3.7/site-packages/airflow/example_dags/example_external_task_marker_dag.py took 0.080 seconds
[2022-12-03T15:30:56.845+0000] {processor.py:153} INFO - Started process (PID=4472) to work on /home/airflow/.local/lib/python3.7/site-packages/airflow/example_dags/example_external_task_marker_dag.py
[2022-12-03T15:30:56.846+0000] {processor.py:743} INFO - Processing file /home/airflow/.local/lib/python3.7/site-packages/airflow/example_dags/example_external_task_marker_dag.py for tasks to queue
[2022-12-03T15:30:56.847+0000] {logging_mixin.py:137} INFO - [2022-12-03T15:30:56.847+0000] {dagbag.py:538} INFO - Filling up the DagBag from /home/airflow/.local/lib/python3.7/site-packages/airflow/example_dags/example_external_task_marker_dag.py
[2022-12-03T15:30:56.858+0000] {processor.py:753} INFO - DAG(s) dict_keys(['example_external_task_marker_parent', 'example_external_task_marker_child']) retrieved from /home/airflow/.local/lib/python3.7/site-packages/airflow/example_dags/example_external_task_marker_dag.py
[2022-12-03T15:30:56.885+0000] {logging_mixin.py:137} INFO - [2022-12-03T15:30:56.885+0000] {dag.py:2676} INFO - Sync 2 DAGs
[2022-12-03T15:30:56.899+0000] {logging_mixin.py:137} INFO - [2022-12-03T15:30:56.899+0000] {dag.py:3427} INFO - Setting next_dagrun for example_external_task_marker_child to None, run_after=None
[2022-12-03T15:30:56.902+0000] {logging_mixin.py:137} INFO - [2022-12-03T15:30:56.902+0000] {dag.py:3427} INFO - Setting next_dagrun for example_external_task_marker_parent to None, run_after=None
[2022-12-03T15:30:56.912+0000] {processor.py:175} INFO - Processing /home/airflow/.local/lib/python3.7/site-packages/airflow/example_dags/example_external_task_marker_dag.py took 0.070 seconds
[2022-12-03T15:31:27.037+0000] {processor.py:153} INFO - Started process (PID=4686) to work on /home/airflow/.local/lib/python3.7/site-packages/airflow/example_dags/example_external_task_marker_dag.py
[2022-12-03T15:31:27.039+0000] {processor.py:743} INFO - Processing file /home/airflow/.local/lib/python3.7/site-packages/airflow/example_dags/example_external_task_marker_dag.py for tasks to queue
[2022-12-03T15:31:27.039+0000] {logging_mixin.py:137} INFO - [2022-12-03T15:31:27.039+0000] {dagbag.py:538} INFO - Filling up the DagBag from /home/airflow/.local/lib/python3.7/site-packages/airflow/example_dags/example_external_task_marker_dag.py
[2022-12-03T15:31:27.051+0000] {processor.py:753} INFO - DAG(s) dict_keys(['example_external_task_marker_child', 'example_external_task_marker_parent']) retrieved from /home/airflow/.local/lib/python3.7/site-packages/airflow/example_dags/example_external_task_marker_dag.py
[2022-12-03T15:31:27.087+0000] {logging_mixin.py:137} INFO - [2022-12-03T15:31:27.087+0000] {dag.py:2676} INFO - Sync 2 DAGs
[2022-12-03T15:31:27.108+0000] {logging_mixin.py:137} INFO - [2022-12-03T15:31:27.108+0000] {dag.py:3427} INFO - Setting next_dagrun for example_external_task_marker_child to None, run_after=None
[2022-12-03T15:31:27.111+0000] {logging_mixin.py:137} INFO - [2022-12-03T15:31:27.111+0000] {dag.py:3427} INFO - Setting next_dagrun for example_external_task_marker_parent to None, run_after=None
[2022-12-03T15:31:27.123+0000] {processor.py:175} INFO - Processing /home/airflow/.local/lib/python3.7/site-packages/airflow/example_dags/example_external_task_marker_dag.py took 0.088 seconds
[2022-12-03T15:31:57.943+0000] {processor.py:153} INFO - Started process (PID=4913) to work on /home/airflow/.local/lib/python3.7/site-packages/airflow/example_dags/example_external_task_marker_dag.py
[2022-12-03T15:31:57.944+0000] {processor.py:743} INFO - Processing file /home/airflow/.local/lib/python3.7/site-packages/airflow/example_dags/example_external_task_marker_dag.py for tasks to queue
[2022-12-03T15:31:57.945+0000] {logging_mixin.py:137} INFO - [2022-12-03T15:31:57.945+0000] {dagbag.py:538} INFO - Filling up the DagBag from /home/airflow/.local/lib/python3.7/site-packages/airflow/example_dags/example_external_task_marker_dag.py
[2022-12-03T15:31:57.956+0000] {processor.py:753} INFO - DAG(s) dict_keys(['example_external_task_marker_parent', 'example_external_task_marker_child']) retrieved from /home/airflow/.local/lib/python3.7/site-packages/airflow/example_dags/example_external_task_marker_dag.py
[2022-12-03T15:31:57.994+0000] {logging_mixin.py:137} INFO - [2022-12-03T15:31:57.994+0000] {dag.py:2676} INFO - Sync 2 DAGs
[2022-12-03T15:31:58.010+0000] {logging_mixin.py:137} INFO - [2022-12-03T15:31:58.010+0000] {dag.py:3427} INFO - Setting next_dagrun for example_external_task_marker_child to None, run_after=None
[2022-12-03T15:31:58.013+0000] {logging_mixin.py:137} INFO - [2022-12-03T15:31:58.013+0000] {dag.py:3427} INFO - Setting next_dagrun for example_external_task_marker_parent to None, run_after=None
[2022-12-03T15:31:58.025+0000] {processor.py:175} INFO - Processing /home/airflow/.local/lib/python3.7/site-packages/airflow/example_dags/example_external_task_marker_dag.py took 0.085 seconds
[2022-12-03T15:32:28.405+0000] {processor.py:153} INFO - Started process (PID=5137) to work on /home/airflow/.local/lib/python3.7/site-packages/airflow/example_dags/example_external_task_marker_dag.py
[2022-12-03T15:32:28.407+0000] {processor.py:743} INFO - Processing file /home/airflow/.local/lib/python3.7/site-packages/airflow/example_dags/example_external_task_marker_dag.py for tasks to queue
[2022-12-03T15:32:28.407+0000] {logging_mixin.py:137} INFO - [2022-12-03T15:32:28.407+0000] {dagbag.py:538} INFO - Filling up the DagBag from /home/airflow/.local/lib/python3.7/site-packages/airflow/example_dags/example_external_task_marker_dag.py
[2022-12-03T15:32:28.418+0000] {processor.py:753} INFO - DAG(s) dict_keys(['example_external_task_marker_child', 'example_external_task_marker_parent']) retrieved from /home/airflow/.local/lib/python3.7/site-packages/airflow/example_dags/example_external_task_marker_dag.py
[2022-12-03T15:32:28.445+0000] {logging_mixin.py:137} INFO - [2022-12-03T15:32:28.445+0000] {dag.py:2676} INFO - Sync 2 DAGs
[2022-12-03T15:32:28.459+0000] {logging_mixin.py:137} INFO - [2022-12-03T15:32:28.459+0000] {dag.py:3427} INFO - Setting next_dagrun for example_external_task_marker_child to None, run_after=None
[2022-12-03T15:32:28.462+0000] {logging_mixin.py:137} INFO - [2022-12-03T15:32:28.461+0000] {dag.py:3427} INFO - Setting next_dagrun for example_external_task_marker_parent to None, run_after=None
[2022-12-03T15:32:28.472+0000] {processor.py:175} INFO - Processing /home/airflow/.local/lib/python3.7/site-packages/airflow/example_dags/example_external_task_marker_dag.py took 0.069 seconds
[2022-12-03T15:32:59.062+0000] {processor.py:153} INFO - Started process (PID=5353) to work on /home/airflow/.local/lib/python3.7/site-packages/airflow/example_dags/example_external_task_marker_dag.py
[2022-12-03T15:32:59.063+0000] {processor.py:743} INFO - Processing file /home/airflow/.local/lib/python3.7/site-packages/airflow/example_dags/example_external_task_marker_dag.py for tasks to queue
[2022-12-03T15:32:59.064+0000] {logging_mixin.py:137} INFO - [2022-12-03T15:32:59.064+0000] {dagbag.py:538} INFO - Filling up the DagBag from /home/airflow/.local/lib/python3.7/site-packages/airflow/example_dags/example_external_task_marker_dag.py
[2022-12-03T15:32:59.074+0000] {processor.py:753} INFO - DAG(s) dict_keys(['example_external_task_marker_parent', 'example_external_task_marker_child']) retrieved from /home/airflow/.local/lib/python3.7/site-packages/airflow/example_dags/example_external_task_marker_dag.py
[2022-12-03T15:32:59.101+0000] {logging_mixin.py:137} INFO - [2022-12-03T15:32:59.101+0000] {dag.py:2676} INFO - Sync 2 DAGs
[2022-12-03T15:32:59.115+0000] {logging_mixin.py:137} INFO - [2022-12-03T15:32:59.115+0000] {dag.py:3427} INFO - Setting next_dagrun for example_external_task_marker_child to None, run_after=None
[2022-12-03T15:32:59.118+0000] {logging_mixin.py:137} INFO - [2022-12-03T15:32:59.118+0000] {dag.py:3427} INFO - Setting next_dagrun for example_external_task_marker_parent to None, run_after=None
[2022-12-03T15:32:59.129+0000] {processor.py:175} INFO - Processing /home/airflow/.local/lib/python3.7/site-packages/airflow/example_dags/example_external_task_marker_dag.py took 0.070 seconds
