[2022-12-03T15:08:51.478+0000] {processor.py:153} INFO - Started process (PID=165) to work on /home/airflow/.local/lib/python3.7/site-packages/airflow/example_dags/example_sensors.py
[2022-12-03T15:08:51.480+0000] {processor.py:743} INFO - Processing file /home/airflow/.local/lib/python3.7/site-packages/airflow/example_dags/example_sensors.py for tasks to queue
[2022-12-03T15:08:51.482+0000] {logging_mixin.py:137} INFO - [2022-12-03T15:08:51.482+0000] {dagbag.py:538} INFO - Filling up the DagBag from /home/airflow/.local/lib/python3.7/site-packages/airflow/example_dags/example_sensors.py
[2022-12-03T15:08:51.541+0000] {processor.py:753} INFO - DAG(s) dict_keys(['example_sensors']) retrieved from /home/airflow/.local/lib/python3.7/site-packages/airflow/example_dags/example_sensors.py
[2022-12-03T15:08:51.566+0000] {logging_mixin.py:137} INFO - [2022-12-03T15:08:51.566+0000] {dag.py:2676} INFO - Sync 1 DAGs
[2022-12-03T15:08:51.585+0000] {logging_mixin.py:137} INFO - [2022-12-03T15:08:51.585+0000] {dag.py:3427} INFO - Setting next_dagrun for example_sensors to None, run_after=None
[2022-12-03T15:08:51.604+0000] {processor.py:175} INFO - Processing /home/airflow/.local/lib/python3.7/site-packages/airflow/example_dags/example_sensors.py took 0.131 seconds
[2022-12-03T15:09:22.075+0000] {processor.py:153} INFO - Started process (PID=392) to work on /home/airflow/.local/lib/python3.7/site-packages/airflow/example_dags/example_sensors.py
[2022-12-03T15:09:22.077+0000] {processor.py:743} INFO - Processing file /home/airflow/.local/lib/python3.7/site-packages/airflow/example_dags/example_sensors.py for tasks to queue
[2022-12-03T15:09:22.078+0000] {logging_mixin.py:137} INFO - [2022-12-03T15:09:22.078+0000] {dagbag.py:538} INFO - Filling up the DagBag from /home/airflow/.local/lib/python3.7/site-packages/airflow/example_dags/example_sensors.py
[2022-12-03T15:09:22.115+0000] {processor.py:753} INFO - DAG(s) dict_keys(['example_sensors']) retrieved from /home/airflow/.local/lib/python3.7/site-packages/airflow/example_dags/example_sensors.py
[2022-12-03T15:09:22.154+0000] {logging_mixin.py:137} INFO - [2022-12-03T15:09:22.154+0000] {dag.py:2676} INFO - Sync 1 DAGs
[2022-12-03T15:09:22.182+0000] {logging_mixin.py:137} INFO - [2022-12-03T15:09:22.181+0000] {dag.py:3427} INFO - Setting next_dagrun for example_sensors to None, run_after=None
[2022-12-03T15:09:22.195+0000] {processor.py:175} INFO - Processing /home/airflow/.local/lib/python3.7/site-packages/airflow/example_dags/example_sensors.py took 0.124 seconds
[2022-12-03T15:09:52.404+0000] {processor.py:153} INFO - Started process (PID=605) to work on /home/airflow/.local/lib/python3.7/site-packages/airflow/example_dags/example_sensors.py
[2022-12-03T15:09:52.406+0000] {processor.py:743} INFO - Processing file /home/airflow/.local/lib/python3.7/site-packages/airflow/example_dags/example_sensors.py for tasks to queue
[2022-12-03T15:09:52.407+0000] {logging_mixin.py:137} INFO - [2022-12-03T15:09:52.407+0000] {dagbag.py:538} INFO - Filling up the DagBag from /home/airflow/.local/lib/python3.7/site-packages/airflow/example_dags/example_sensors.py
[2022-12-03T15:09:52.441+0000] {processor.py:753} INFO - DAG(s) dict_keys(['example_sensors']) retrieved from /home/airflow/.local/lib/python3.7/site-packages/airflow/example_dags/example_sensors.py
[2022-12-03T15:09:52.485+0000] {logging_mixin.py:137} INFO - [2022-12-03T15:09:52.485+0000] {dag.py:2676} INFO - Sync 1 DAGs
[2022-12-03T15:09:52.505+0000] {logging_mixin.py:137} INFO - [2022-12-03T15:09:52.505+0000] {dag.py:3427} INFO - Setting next_dagrun for example_sensors to None, run_after=None
[2022-12-03T15:09:52.519+0000] {processor.py:175} INFO - Processing /home/airflow/.local/lib/python3.7/site-packages/airflow/example_dags/example_sensors.py took 0.125 seconds
[2022-12-03T15:10:23.309+0000] {processor.py:153} INFO - Started process (PID=831) to work on /home/airflow/.local/lib/python3.7/site-packages/airflow/example_dags/example_sensors.py
[2022-12-03T15:10:23.310+0000] {processor.py:743} INFO - Processing file /home/airflow/.local/lib/python3.7/site-packages/airflow/example_dags/example_sensors.py for tasks to queue
[2022-12-03T15:10:23.311+0000] {logging_mixin.py:137} INFO - [2022-12-03T15:10:23.311+0000] {dagbag.py:538} INFO - Filling up the DagBag from /home/airflow/.local/lib/python3.7/site-packages/airflow/example_dags/example_sensors.py
[2022-12-03T15:10:23.338+0000] {processor.py:753} INFO - DAG(s) dict_keys(['example_sensors']) retrieved from /home/airflow/.local/lib/python3.7/site-packages/airflow/example_dags/example_sensors.py
[2022-12-03T15:10:23.377+0000] {logging_mixin.py:137} INFO - [2022-12-03T15:10:23.377+0000] {dag.py:2676} INFO - Sync 1 DAGs
[2022-12-03T15:10:23.403+0000] {logging_mixin.py:137} INFO - [2022-12-03T15:10:23.403+0000] {dag.py:3427} INFO - Setting next_dagrun for example_sensors to None, run_after=None
[2022-12-03T15:10:23.426+0000] {processor.py:175} INFO - Processing /home/airflow/.local/lib/python3.7/site-packages/airflow/example_dags/example_sensors.py took 0.120 seconds
[2022-12-03T15:10:50.415+0000] {processor.py:153} INFO - Started process (PID=166) to work on /home/airflow/.local/lib/python3.7/site-packages/airflow/example_dags/example_sensors.py
[2022-12-03T15:10:50.417+0000] {processor.py:743} INFO - Processing file /home/airflow/.local/lib/python3.7/site-packages/airflow/example_dags/example_sensors.py for tasks to queue
[2022-12-03T15:10:50.418+0000] {logging_mixin.py:137} INFO - [2022-12-03T15:10:50.418+0000] {dagbag.py:538} INFO - Filling up the DagBag from /home/airflow/.local/lib/python3.7/site-packages/airflow/example_dags/example_sensors.py
[2022-12-03T15:10:50.462+0000] {processor.py:753} INFO - DAG(s) dict_keys(['example_sensors']) retrieved from /home/airflow/.local/lib/python3.7/site-packages/airflow/example_dags/example_sensors.py
[2022-12-03T15:10:50.495+0000] {logging_mixin.py:137} INFO - [2022-12-03T15:10:50.495+0000] {dag.py:2676} INFO - Sync 1 DAGs
[2022-12-03T15:10:50.518+0000] {logging_mixin.py:137} INFO - [2022-12-03T15:10:50.518+0000] {dag.py:3427} INFO - Setting next_dagrun for example_sensors to None, run_after=None
[2022-12-03T15:10:50.535+0000] {processor.py:175} INFO - Processing /home/airflow/.local/lib/python3.7/site-packages/airflow/example_dags/example_sensors.py took 0.123 seconds
[2022-12-03T15:11:21.275+0000] {processor.py:153} INFO - Started process (PID=392) to work on /home/airflow/.local/lib/python3.7/site-packages/airflow/example_dags/example_sensors.py
[2022-12-03T15:11:21.277+0000] {processor.py:743} INFO - Processing file /home/airflow/.local/lib/python3.7/site-packages/airflow/example_dags/example_sensors.py for tasks to queue
[2022-12-03T15:11:21.278+0000] {logging_mixin.py:137} INFO - [2022-12-03T15:11:21.278+0000] {dagbag.py:538} INFO - Filling up the DagBag from /home/airflow/.local/lib/python3.7/site-packages/airflow/example_dags/example_sensors.py
[2022-12-03T15:11:21.306+0000] {processor.py:753} INFO - DAG(s) dict_keys(['example_sensors']) retrieved from /home/airflow/.local/lib/python3.7/site-packages/airflow/example_dags/example_sensors.py
[2022-12-03T15:11:21.339+0000] {logging_mixin.py:137} INFO - [2022-12-03T15:11:21.339+0000] {dag.py:2676} INFO - Sync 1 DAGs
[2022-12-03T15:11:21.355+0000] {logging_mixin.py:137} INFO - [2022-12-03T15:11:21.355+0000] {dag.py:3427} INFO - Setting next_dagrun for example_sensors to None, run_after=None
[2022-12-03T15:11:21.366+0000] {processor.py:175} INFO - Processing /home/airflow/.local/lib/python3.7/site-packages/airflow/example_dags/example_sensors.py took 0.097 seconds
[2022-12-03T15:11:51.559+0000] {processor.py:153} INFO - Started process (PID=607) to work on /home/airflow/.local/lib/python3.7/site-packages/airflow/example_dags/example_sensors.py
[2022-12-03T15:11:51.560+0000] {processor.py:743} INFO - Processing file /home/airflow/.local/lib/python3.7/site-packages/airflow/example_dags/example_sensors.py for tasks to queue
[2022-12-03T15:11:51.562+0000] {logging_mixin.py:137} INFO - [2022-12-03T15:11:51.562+0000] {dagbag.py:538} INFO - Filling up the DagBag from /home/airflow/.local/lib/python3.7/site-packages/airflow/example_dags/example_sensors.py
[2022-12-03T15:11:51.580+0000] {processor.py:753} INFO - DAG(s) dict_keys(['example_sensors']) retrieved from /home/airflow/.local/lib/python3.7/site-packages/airflow/example_dags/example_sensors.py
[2022-12-03T15:11:51.614+0000] {logging_mixin.py:137} INFO - [2022-12-03T15:11:51.614+0000] {dag.py:2676} INFO - Sync 1 DAGs
[2022-12-03T15:11:51.631+0000] {logging_mixin.py:137} INFO - [2022-12-03T15:11:51.631+0000] {dag.py:3427} INFO - Setting next_dagrun for example_sensors to None, run_after=None
[2022-12-03T15:11:51.644+0000] {processor.py:175} INFO - Processing /home/airflow/.local/lib/python3.7/site-packages/airflow/example_dags/example_sensors.py took 0.089 seconds
[2022-12-03T15:12:22.179+0000] {processor.py:153} INFO - Started process (PID=834) to work on /home/airflow/.local/lib/python3.7/site-packages/airflow/example_dags/example_sensors.py
[2022-12-03T15:12:22.180+0000] {processor.py:743} INFO - Processing file /home/airflow/.local/lib/python3.7/site-packages/airflow/example_dags/example_sensors.py for tasks to queue
[2022-12-03T15:12:22.182+0000] {logging_mixin.py:137} INFO - [2022-12-03T15:12:22.182+0000] {dagbag.py:538} INFO - Filling up the DagBag from /home/airflow/.local/lib/python3.7/site-packages/airflow/example_dags/example_sensors.py
[2022-12-03T15:12:22.206+0000] {processor.py:753} INFO - DAG(s) dict_keys(['example_sensors']) retrieved from /home/airflow/.local/lib/python3.7/site-packages/airflow/example_dags/example_sensors.py
[2022-12-03T15:12:22.238+0000] {logging_mixin.py:137} INFO - [2022-12-03T15:12:22.238+0000] {dag.py:2676} INFO - Sync 1 DAGs
[2022-12-03T15:12:22.255+0000] {logging_mixin.py:137} INFO - [2022-12-03T15:12:22.255+0000] {dag.py:3427} INFO - Setting next_dagrun for example_sensors to None, run_after=None
[2022-12-03T15:12:22.266+0000] {processor.py:175} INFO - Processing /home/airflow/.local/lib/python3.7/site-packages/airflow/example_dags/example_sensors.py took 0.096 seconds
[2022-12-03T15:12:52.349+0000] {processor.py:153} INFO - Started process (PID=1060) to work on /home/airflow/.local/lib/python3.7/site-packages/airflow/example_dags/example_sensors.py
[2022-12-03T15:12:52.350+0000] {processor.py:743} INFO - Processing file /home/airflow/.local/lib/python3.7/site-packages/airflow/example_dags/example_sensors.py for tasks to queue
[2022-12-03T15:12:52.351+0000] {logging_mixin.py:137} INFO - [2022-12-03T15:12:52.351+0000] {dagbag.py:538} INFO - Filling up the DagBag from /home/airflow/.local/lib/python3.7/site-packages/airflow/example_dags/example_sensors.py
[2022-12-03T15:12:52.379+0000] {processor.py:753} INFO - DAG(s) dict_keys(['example_sensors']) retrieved from /home/airflow/.local/lib/python3.7/site-packages/airflow/example_dags/example_sensors.py
[2022-12-03T15:12:52.411+0000] {logging_mixin.py:137} INFO - [2022-12-03T15:12:52.411+0000] {dag.py:2676} INFO - Sync 1 DAGs
[2022-12-03T15:12:52.430+0000] {logging_mixin.py:137} INFO - [2022-12-03T15:12:52.430+0000] {dag.py:3427} INFO - Setting next_dagrun for example_sensors to None, run_after=None
[2022-12-03T15:12:52.450+0000] {processor.py:175} INFO - Processing /home/airflow/.local/lib/python3.7/site-packages/airflow/example_dags/example_sensors.py took 0.105 seconds
[2022-12-03T15:13:22.723+0000] {processor.py:153} INFO - Started process (PID=1275) to work on /home/airflow/.local/lib/python3.7/site-packages/airflow/example_dags/example_sensors.py
[2022-12-03T15:13:22.725+0000] {processor.py:743} INFO - Processing file /home/airflow/.local/lib/python3.7/site-packages/airflow/example_dags/example_sensors.py for tasks to queue
[2022-12-03T15:13:22.726+0000] {logging_mixin.py:137} INFO - [2022-12-03T15:13:22.726+0000] {dagbag.py:538} INFO - Filling up the DagBag from /home/airflow/.local/lib/python3.7/site-packages/airflow/example_dags/example_sensors.py
[2022-12-03T15:13:22.751+0000] {processor.py:753} INFO - DAG(s) dict_keys(['example_sensors']) retrieved from /home/airflow/.local/lib/python3.7/site-packages/airflow/example_dags/example_sensors.py
[2022-12-03T15:13:22.786+0000] {logging_mixin.py:137} INFO - [2022-12-03T15:13:22.786+0000] {dag.py:2676} INFO - Sync 1 DAGs
[2022-12-03T15:13:22.804+0000] {logging_mixin.py:137} INFO - [2022-12-03T15:13:22.804+0000] {dag.py:3427} INFO - Setting next_dagrun for example_sensors to None, run_after=None
[2022-12-03T15:13:22.816+0000] {processor.py:175} INFO - Processing /home/airflow/.local/lib/python3.7/site-packages/airflow/example_dags/example_sensors.py took 0.099 seconds
[2022-12-03T15:13:53.557+0000] {processor.py:153} INFO - Started process (PID=1500) to work on /home/airflow/.local/lib/python3.7/site-packages/airflow/example_dags/example_sensors.py
[2022-12-03T15:13:53.559+0000] {processor.py:743} INFO - Processing file /home/airflow/.local/lib/python3.7/site-packages/airflow/example_dags/example_sensors.py for tasks to queue
[2022-12-03T15:13:53.561+0000] {logging_mixin.py:137} INFO - [2022-12-03T15:13:53.561+0000] {dagbag.py:538} INFO - Filling up the DagBag from /home/airflow/.local/lib/python3.7/site-packages/airflow/example_dags/example_sensors.py
[2022-12-03T15:13:53.583+0000] {processor.py:753} INFO - DAG(s) dict_keys(['example_sensors']) retrieved from /home/airflow/.local/lib/python3.7/site-packages/airflow/example_dags/example_sensors.py
[2022-12-03T15:13:53.614+0000] {logging_mixin.py:137} INFO - [2022-12-03T15:13:53.614+0000] {dag.py:2676} INFO - Sync 1 DAGs
[2022-12-03T15:13:53.628+0000] {logging_mixin.py:137} INFO - [2022-12-03T15:13:53.628+0000] {dag.py:3427} INFO - Setting next_dagrun for example_sensors to None, run_after=None
[2022-12-03T15:13:53.640+0000] {processor.py:175} INFO - Processing /home/airflow/.local/lib/python3.7/site-packages/airflow/example_dags/example_sensors.py took 0.090 seconds
[2022-12-03T15:14:23.950+0000] {processor.py:153} INFO - Started process (PID=1726) to work on /home/airflow/.local/lib/python3.7/site-packages/airflow/example_dags/example_sensors.py
[2022-12-03T15:14:23.952+0000] {processor.py:743} INFO - Processing file /home/airflow/.local/lib/python3.7/site-packages/airflow/example_dags/example_sensors.py for tasks to queue
[2022-12-03T15:14:23.954+0000] {logging_mixin.py:137} INFO - [2022-12-03T15:14:23.953+0000] {dagbag.py:538} INFO - Filling up the DagBag from /home/airflow/.local/lib/python3.7/site-packages/airflow/example_dags/example_sensors.py
[2022-12-03T15:14:23.975+0000] {processor.py:753} INFO - DAG(s) dict_keys(['example_sensors']) retrieved from /home/airflow/.local/lib/python3.7/site-packages/airflow/example_dags/example_sensors.py
[2022-12-03T15:14:24.005+0000] {logging_mixin.py:137} INFO - [2022-12-03T15:14:24.005+0000] {dag.py:2676} INFO - Sync 1 DAGs
[2022-12-03T15:14:24.019+0000] {logging_mixin.py:137} INFO - [2022-12-03T15:14:24.019+0000] {dag.py:3427} INFO - Setting next_dagrun for example_sensors to None, run_after=None
[2022-12-03T15:14:24.031+0000] {processor.py:175} INFO - Processing /home/airflow/.local/lib/python3.7/site-packages/airflow/example_dags/example_sensors.py took 0.087 seconds
[2022-12-03T15:15:10.521+0000] {processor.py:153} INFO - Started process (PID=165) to work on /home/airflow/.local/lib/python3.7/site-packages/airflow/example_dags/example_sensors.py
[2022-12-03T15:15:10.525+0000] {processor.py:743} INFO - Processing file /home/airflow/.local/lib/python3.7/site-packages/airflow/example_dags/example_sensors.py for tasks to queue
[2022-12-03T15:15:10.530+0000] {logging_mixin.py:137} INFO - [2022-12-03T15:15:10.529+0000] {dagbag.py:538} INFO - Filling up the DagBag from /home/airflow/.local/lib/python3.7/site-packages/airflow/example_dags/example_sensors.py
[2022-12-03T15:15:10.556+0000] {processor.py:753} INFO - DAG(s) dict_keys(['example_sensors']) retrieved from /home/airflow/.local/lib/python3.7/site-packages/airflow/example_dags/example_sensors.py
[2022-12-03T15:15:10.595+0000] {logging_mixin.py:137} INFO - [2022-12-03T15:15:10.595+0000] {dag.py:2676} INFO - Sync 1 DAGs
[2022-12-03T15:15:10.632+0000] {logging_mixin.py:137} INFO - [2022-12-03T15:15:10.632+0000] {dag.py:3427} INFO - Setting next_dagrun for example_sensors to None, run_after=None
[2022-12-03T15:15:10.650+0000] {processor.py:175} INFO - Processing /home/airflow/.local/lib/python3.7/site-packages/airflow/example_dags/example_sensors.py took 0.134 seconds
[2022-12-03T15:21:17.602+0000] {processor.py:153} INFO - Started process (PID=164) to work on /home/airflow/.local/lib/python3.7/site-packages/airflow/example_dags/example_sensors.py
[2022-12-03T15:21:17.605+0000] {processor.py:743} INFO - Processing file /home/airflow/.local/lib/python3.7/site-packages/airflow/example_dags/example_sensors.py for tasks to queue
[2022-12-03T15:21:17.610+0000] {logging_mixin.py:137} INFO - [2022-12-03T15:21:17.610+0000] {dagbag.py:538} INFO - Filling up the DagBag from /home/airflow/.local/lib/python3.7/site-packages/airflow/example_dags/example_sensors.py
[2022-12-03T15:21:17.653+0000] {processor.py:753} INFO - DAG(s) dict_keys(['example_sensors']) retrieved from /home/airflow/.local/lib/python3.7/site-packages/airflow/example_dags/example_sensors.py
[2022-12-03T15:21:17.685+0000] {logging_mixin.py:137} INFO - [2022-12-03T15:21:17.685+0000] {dag.py:2676} INFO - Sync 1 DAGs
[2022-12-03T15:21:17.705+0000] {logging_mixin.py:137} INFO - [2022-12-03T15:21:17.705+0000] {dag.py:3427} INFO - Setting next_dagrun for example_sensors to None, run_after=None
[2022-12-03T15:21:17.723+0000] {processor.py:175} INFO - Processing /home/airflow/.local/lib/python3.7/site-packages/airflow/example_dags/example_sensors.py took 0.126 seconds
[2022-12-03T15:21:47.822+0000] {processor.py:153} INFO - Started process (PID=389) to work on /home/airflow/.local/lib/python3.7/site-packages/airflow/example_dags/example_sensors.py
[2022-12-03T15:21:47.824+0000] {processor.py:743} INFO - Processing file /home/airflow/.local/lib/python3.7/site-packages/airflow/example_dags/example_sensors.py for tasks to queue
[2022-12-03T15:21:47.825+0000] {logging_mixin.py:137} INFO - [2022-12-03T15:21:47.825+0000] {dagbag.py:538} INFO - Filling up the DagBag from /home/airflow/.local/lib/python3.7/site-packages/airflow/example_dags/example_sensors.py
[2022-12-03T15:21:47.848+0000] {processor.py:753} INFO - DAG(s) dict_keys(['example_sensors']) retrieved from /home/airflow/.local/lib/python3.7/site-packages/airflow/example_dags/example_sensors.py
[2022-12-03T15:21:47.884+0000] {logging_mixin.py:137} INFO - [2022-12-03T15:21:47.884+0000] {dag.py:2676} INFO - Sync 1 DAGs
[2022-12-03T15:21:47.900+0000] {logging_mixin.py:137} INFO - [2022-12-03T15:21:47.900+0000] {dag.py:3427} INFO - Setting next_dagrun for example_sensors to None, run_after=None
[2022-12-03T15:21:47.913+0000] {processor.py:175} INFO - Processing /home/airflow/.local/lib/python3.7/site-packages/airflow/example_dags/example_sensors.py took 0.096 seconds
[2022-12-03T15:22:18.029+0000] {processor.py:153} INFO - Started process (PID=602) to work on /home/airflow/.local/lib/python3.7/site-packages/airflow/example_dags/example_sensors.py
[2022-12-03T15:22:18.031+0000] {processor.py:743} INFO - Processing file /home/airflow/.local/lib/python3.7/site-packages/airflow/example_dags/example_sensors.py for tasks to queue
[2022-12-03T15:22:18.032+0000] {logging_mixin.py:137} INFO - [2022-12-03T15:22:18.032+0000] {dagbag.py:538} INFO - Filling up the DagBag from /home/airflow/.local/lib/python3.7/site-packages/airflow/example_dags/example_sensors.py
[2022-12-03T15:22:18.053+0000] {processor.py:753} INFO - DAG(s) dict_keys(['example_sensors']) retrieved from /home/airflow/.local/lib/python3.7/site-packages/airflow/example_dags/example_sensors.py
[2022-12-03T15:22:18.088+0000] {logging_mixin.py:137} INFO - [2022-12-03T15:22:18.088+0000] {dag.py:2676} INFO - Sync 1 DAGs
[2022-12-03T15:22:18.106+0000] {logging_mixin.py:137} INFO - [2022-12-03T15:22:18.106+0000] {dag.py:3427} INFO - Setting next_dagrun for example_sensors to None, run_after=None
[2022-12-03T15:22:18.119+0000] {processor.py:175} INFO - Processing /home/airflow/.local/lib/python3.7/site-packages/airflow/example_dags/example_sensors.py took 0.095 seconds
[2022-12-03T15:22:48.282+0000] {processor.py:153} INFO - Started process (PID=828) to work on /home/airflow/.local/lib/python3.7/site-packages/airflow/example_dags/example_sensors.py
[2022-12-03T15:22:48.285+0000] {processor.py:743} INFO - Processing file /home/airflow/.local/lib/python3.7/site-packages/airflow/example_dags/example_sensors.py for tasks to queue
[2022-12-03T15:22:48.286+0000] {logging_mixin.py:137} INFO - [2022-12-03T15:22:48.286+0000] {dagbag.py:538} INFO - Filling up the DagBag from /home/airflow/.local/lib/python3.7/site-packages/airflow/example_dags/example_sensors.py
[2022-12-03T15:22:48.311+0000] {processor.py:753} INFO - DAG(s) dict_keys(['example_sensors']) retrieved from /home/airflow/.local/lib/python3.7/site-packages/airflow/example_dags/example_sensors.py
[2022-12-03T15:22:48.351+0000] {logging_mixin.py:137} INFO - [2022-12-03T15:22:48.351+0000] {dag.py:2676} INFO - Sync 1 DAGs
[2022-12-03T15:22:48.368+0000] {logging_mixin.py:137} INFO - [2022-12-03T15:22:48.368+0000] {dag.py:3427} INFO - Setting next_dagrun for example_sensors to None, run_after=None
[2022-12-03T15:22:48.381+0000] {processor.py:175} INFO - Processing /home/airflow/.local/lib/python3.7/site-packages/airflow/example_dags/example_sensors.py took 0.108 seconds
[2022-12-03T15:23:19.040+0000] {processor.py:153} INFO - Started process (PID=1055) to work on /home/airflow/.local/lib/python3.7/site-packages/airflow/example_dags/example_sensors.py
[2022-12-03T15:23:19.045+0000] {processor.py:743} INFO - Processing file /home/airflow/.local/lib/python3.7/site-packages/airflow/example_dags/example_sensors.py for tasks to queue
[2022-12-03T15:23:19.057+0000] {logging_mixin.py:137} INFO - [2022-12-03T15:23:19.056+0000] {dagbag.py:538} INFO - Filling up the DagBag from /home/airflow/.local/lib/python3.7/site-packages/airflow/example_dags/example_sensors.py
[2022-12-03T15:23:19.098+0000] {processor.py:753} INFO - DAG(s) dict_keys(['example_sensors']) retrieved from /home/airflow/.local/lib/python3.7/site-packages/airflow/example_dags/example_sensors.py
[2022-12-03T15:23:19.176+0000] {logging_mixin.py:137} INFO - [2022-12-03T15:23:19.175+0000] {dag.py:2676} INFO - Sync 1 DAGs
[2022-12-03T15:23:19.205+0000] {logging_mixin.py:137} INFO - [2022-12-03T15:23:19.205+0000] {dag.py:3427} INFO - Setting next_dagrun for example_sensors to None, run_after=None
[2022-12-03T15:23:19.242+0000] {processor.py:175} INFO - Processing /home/airflow/.local/lib/python3.7/site-packages/airflow/example_dags/example_sensors.py took 0.212 seconds
[2022-12-03T15:23:49.708+0000] {processor.py:153} INFO - Started process (PID=1269) to work on /home/airflow/.local/lib/python3.7/site-packages/airflow/example_dags/example_sensors.py
[2022-12-03T15:23:49.713+0000] {processor.py:743} INFO - Processing file /home/airflow/.local/lib/python3.7/site-packages/airflow/example_dags/example_sensors.py for tasks to queue
[2022-12-03T15:23:49.715+0000] {logging_mixin.py:137} INFO - [2022-12-03T15:23:49.715+0000] {dagbag.py:538} INFO - Filling up the DagBag from /home/airflow/.local/lib/python3.7/site-packages/airflow/example_dags/example_sensors.py
[2022-12-03T15:23:49.751+0000] {processor.py:753} INFO - DAG(s) dict_keys(['example_sensors']) retrieved from /home/airflow/.local/lib/python3.7/site-packages/airflow/example_dags/example_sensors.py
[2022-12-03T15:23:49.811+0000] {logging_mixin.py:137} INFO - [2022-12-03T15:23:49.811+0000] {dag.py:2676} INFO - Sync 1 DAGs
[2022-12-03T15:23:49.829+0000] {logging_mixin.py:137} INFO - [2022-12-03T15:23:49.828+0000] {dag.py:3427} INFO - Setting next_dagrun for example_sensors to None, run_after=None
[2022-12-03T15:23:49.841+0000] {processor.py:175} INFO - Processing /home/airflow/.local/lib/python3.7/site-packages/airflow/example_dags/example_sensors.py took 0.151 seconds
[2022-12-03T15:24:20.154+0000] {processor.py:153} INFO - Started process (PID=1496) to work on /home/airflow/.local/lib/python3.7/site-packages/airflow/example_dags/example_sensors.py
[2022-12-03T15:24:20.156+0000] {processor.py:743} INFO - Processing file /home/airflow/.local/lib/python3.7/site-packages/airflow/example_dags/example_sensors.py for tasks to queue
[2022-12-03T15:24:20.157+0000] {logging_mixin.py:137} INFO - [2022-12-03T15:24:20.157+0000] {dagbag.py:538} INFO - Filling up the DagBag from /home/airflow/.local/lib/python3.7/site-packages/airflow/example_dags/example_sensors.py
[2022-12-03T15:24:20.189+0000] {processor.py:753} INFO - DAG(s) dict_keys(['example_sensors']) retrieved from /home/airflow/.local/lib/python3.7/site-packages/airflow/example_dags/example_sensors.py
[2022-12-03T15:24:20.221+0000] {logging_mixin.py:137} INFO - [2022-12-03T15:24:20.221+0000] {dag.py:2676} INFO - Sync 1 DAGs
[2022-12-03T15:24:20.238+0000] {logging_mixin.py:137} INFO - [2022-12-03T15:24:20.238+0000] {dag.py:3427} INFO - Setting next_dagrun for example_sensors to None, run_after=None
[2022-12-03T15:24:20.249+0000] {processor.py:175} INFO - Processing /home/airflow/.local/lib/python3.7/site-packages/airflow/example_dags/example_sensors.py took 0.102 seconds
[2022-12-03T15:24:50.478+0000] {processor.py:153} INFO - Started process (PID=1721) to work on /home/airflow/.local/lib/python3.7/site-packages/airflow/example_dags/example_sensors.py
[2022-12-03T15:24:50.480+0000] {processor.py:743} INFO - Processing file /home/airflow/.local/lib/python3.7/site-packages/airflow/example_dags/example_sensors.py for tasks to queue
[2022-12-03T15:24:50.480+0000] {logging_mixin.py:137} INFO - [2022-12-03T15:24:50.480+0000] {dagbag.py:538} INFO - Filling up the DagBag from /home/airflow/.local/lib/python3.7/site-packages/airflow/example_dags/example_sensors.py
[2022-12-03T15:24:50.514+0000] {processor.py:753} INFO - DAG(s) dict_keys(['example_sensors']) retrieved from /home/airflow/.local/lib/python3.7/site-packages/airflow/example_dags/example_sensors.py
[2022-12-03T15:24:50.558+0000] {logging_mixin.py:137} INFO - [2022-12-03T15:24:50.557+0000] {dag.py:2676} INFO - Sync 1 DAGs
[2022-12-03T15:24:50.576+0000] {logging_mixin.py:137} INFO - [2022-12-03T15:24:50.576+0000] {dag.py:3427} INFO - Setting next_dagrun for example_sensors to None, run_after=None
[2022-12-03T15:24:50.596+0000] {processor.py:175} INFO - Processing /home/airflow/.local/lib/python3.7/site-packages/airflow/example_dags/example_sensors.py took 0.121 seconds
[2022-12-03T15:25:21.045+0000] {processor.py:153} INFO - Started process (PID=1936) to work on /home/airflow/.local/lib/python3.7/site-packages/airflow/example_dags/example_sensors.py
[2022-12-03T15:25:21.047+0000] {processor.py:743} INFO - Processing file /home/airflow/.local/lib/python3.7/site-packages/airflow/example_dags/example_sensors.py for tasks to queue
[2022-12-03T15:25:21.052+0000] {logging_mixin.py:137} INFO - [2022-12-03T15:25:21.052+0000] {dagbag.py:538} INFO - Filling up the DagBag from /home/airflow/.local/lib/python3.7/site-packages/airflow/example_dags/example_sensors.py
[2022-12-03T15:25:21.073+0000] {processor.py:753} INFO - DAG(s) dict_keys(['example_sensors']) retrieved from /home/airflow/.local/lib/python3.7/site-packages/airflow/example_dags/example_sensors.py
[2022-12-03T15:25:21.105+0000] {logging_mixin.py:137} INFO - [2022-12-03T15:25:21.104+0000] {dag.py:2676} INFO - Sync 1 DAGs
[2022-12-03T15:25:21.121+0000] {logging_mixin.py:137} INFO - [2022-12-03T15:25:21.121+0000] {dag.py:3427} INFO - Setting next_dagrun for example_sensors to None, run_after=None
[2022-12-03T15:25:21.133+0000] {processor.py:175} INFO - Processing /home/airflow/.local/lib/python3.7/site-packages/airflow/example_dags/example_sensors.py took 0.093 seconds
[2022-12-03T15:25:51.443+0000] {processor.py:153} INFO - Started process (PID=2162) to work on /home/airflow/.local/lib/python3.7/site-packages/airflow/example_dags/example_sensors.py
[2022-12-03T15:25:51.445+0000] {processor.py:743} INFO - Processing file /home/airflow/.local/lib/python3.7/site-packages/airflow/example_dags/example_sensors.py for tasks to queue
[2022-12-03T15:25:51.446+0000] {logging_mixin.py:137} INFO - [2022-12-03T15:25:51.446+0000] {dagbag.py:538} INFO - Filling up the DagBag from /home/airflow/.local/lib/python3.7/site-packages/airflow/example_dags/example_sensors.py
[2022-12-03T15:25:51.472+0000] {processor.py:753} INFO - DAG(s) dict_keys(['example_sensors']) retrieved from /home/airflow/.local/lib/python3.7/site-packages/airflow/example_dags/example_sensors.py
[2022-12-03T15:25:51.504+0000] {logging_mixin.py:137} INFO - [2022-12-03T15:25:51.504+0000] {dag.py:2676} INFO - Sync 1 DAGs
[2022-12-03T15:25:51.521+0000] {logging_mixin.py:137} INFO - [2022-12-03T15:25:51.521+0000] {dag.py:3427} INFO - Setting next_dagrun for example_sensors to None, run_after=None
[2022-12-03T15:25:51.533+0000] {processor.py:175} INFO - Processing /home/airflow/.local/lib/python3.7/site-packages/airflow/example_dags/example_sensors.py took 0.097 seconds
[2022-12-03T15:26:21.667+0000] {processor.py:153} INFO - Started process (PID=2387) to work on /home/airflow/.local/lib/python3.7/site-packages/airflow/example_dags/example_sensors.py
[2022-12-03T15:26:21.669+0000] {processor.py:743} INFO - Processing file /home/airflow/.local/lib/python3.7/site-packages/airflow/example_dags/example_sensors.py for tasks to queue
[2022-12-03T15:26:21.670+0000] {logging_mixin.py:137} INFO - [2022-12-03T15:26:21.670+0000] {dagbag.py:538} INFO - Filling up the DagBag from /home/airflow/.local/lib/python3.7/site-packages/airflow/example_dags/example_sensors.py
[2022-12-03T15:26:21.694+0000] {processor.py:753} INFO - DAG(s) dict_keys(['example_sensors']) retrieved from /home/airflow/.local/lib/python3.7/site-packages/airflow/example_dags/example_sensors.py
[2022-12-03T15:26:21.762+0000] {logging_mixin.py:137} INFO - [2022-12-03T15:26:21.762+0000] {dag.py:2676} INFO - Sync 1 DAGs
[2022-12-03T15:26:21.786+0000] {logging_mixin.py:137} INFO - [2022-12-03T15:26:21.786+0000] {dag.py:3427} INFO - Setting next_dagrun for example_sensors to None, run_after=None
[2022-12-03T15:26:21.812+0000] {processor.py:175} INFO - Processing /home/airflow/.local/lib/python3.7/site-packages/airflow/example_dags/example_sensors.py took 0.149 seconds
[2022-12-03T15:26:52.231+0000] {processor.py:153} INFO - Started process (PID=2601) to work on /home/airflow/.local/lib/python3.7/site-packages/airflow/example_dags/example_sensors.py
[2022-12-03T15:26:52.233+0000] {processor.py:743} INFO - Processing file /home/airflow/.local/lib/python3.7/site-packages/airflow/example_dags/example_sensors.py for tasks to queue
[2022-12-03T15:26:52.235+0000] {logging_mixin.py:137} INFO - [2022-12-03T15:26:52.235+0000] {dagbag.py:538} INFO - Filling up the DagBag from /home/airflow/.local/lib/python3.7/site-packages/airflow/example_dags/example_sensors.py
[2022-12-03T15:26:52.262+0000] {processor.py:753} INFO - DAG(s) dict_keys(['example_sensors']) retrieved from /home/airflow/.local/lib/python3.7/site-packages/airflow/example_dags/example_sensors.py
[2022-12-03T15:26:52.294+0000] {logging_mixin.py:137} INFO - [2022-12-03T15:26:52.294+0000] {dag.py:2676} INFO - Sync 1 DAGs
[2022-12-03T15:26:52.310+0000] {logging_mixin.py:137} INFO - [2022-12-03T15:26:52.310+0000] {dag.py:3427} INFO - Setting next_dagrun for example_sensors to None, run_after=None
[2022-12-03T15:26:52.322+0000] {processor.py:175} INFO - Processing /home/airflow/.local/lib/python3.7/site-packages/airflow/example_dags/example_sensors.py took 0.098 seconds
[2022-12-03T15:27:23.366+0000] {processor.py:153} INFO - Started process (PID=2827) to work on /home/airflow/.local/lib/python3.7/site-packages/airflow/example_dags/example_sensors.py
[2022-12-03T15:27:23.368+0000] {processor.py:743} INFO - Processing file /home/airflow/.local/lib/python3.7/site-packages/airflow/example_dags/example_sensors.py for tasks to queue
[2022-12-03T15:27:23.370+0000] {logging_mixin.py:137} INFO - [2022-12-03T15:27:23.370+0000] {dagbag.py:538} INFO - Filling up the DagBag from /home/airflow/.local/lib/python3.7/site-packages/airflow/example_dags/example_sensors.py
[2022-12-03T15:27:23.394+0000] {processor.py:753} INFO - DAG(s) dict_keys(['example_sensors']) retrieved from /home/airflow/.local/lib/python3.7/site-packages/airflow/example_dags/example_sensors.py
[2022-12-03T15:27:23.424+0000] {logging_mixin.py:137} INFO - [2022-12-03T15:27:23.424+0000] {dag.py:2676} INFO - Sync 1 DAGs
[2022-12-03T15:27:23.442+0000] {logging_mixin.py:137} INFO - [2022-12-03T15:27:23.441+0000] {dag.py:3427} INFO - Setting next_dagrun for example_sensors to None, run_after=None
[2022-12-03T15:27:23.454+0000] {processor.py:175} INFO - Processing /home/airflow/.local/lib/python3.7/site-packages/airflow/example_dags/example_sensors.py took 0.095 seconds
[2022-12-03T15:27:53.572+0000] {processor.py:153} INFO - Started process (PID=3054) to work on /home/airflow/.local/lib/python3.7/site-packages/airflow/example_dags/example_sensors.py
[2022-12-03T15:27:53.573+0000] {processor.py:743} INFO - Processing file /home/airflow/.local/lib/python3.7/site-packages/airflow/example_dags/example_sensors.py for tasks to queue
[2022-12-03T15:27:53.574+0000] {logging_mixin.py:137} INFO - [2022-12-03T15:27:53.574+0000] {dagbag.py:538} INFO - Filling up the DagBag from /home/airflow/.local/lib/python3.7/site-packages/airflow/example_dags/example_sensors.py
[2022-12-03T15:27:53.588+0000] {processor.py:753} INFO - DAG(s) dict_keys(['example_sensors']) retrieved from /home/airflow/.local/lib/python3.7/site-packages/airflow/example_dags/example_sensors.py
[2022-12-03T15:27:53.615+0000] {logging_mixin.py:137} INFO - [2022-12-03T15:27:53.615+0000] {dag.py:2676} INFO - Sync 1 DAGs
[2022-12-03T15:27:53.629+0000] {logging_mixin.py:137} INFO - [2022-12-03T15:27:53.629+0000] {dag.py:3427} INFO - Setting next_dagrun for example_sensors to None, run_after=None
[2022-12-03T15:27:53.640+0000] {processor.py:175} INFO - Processing /home/airflow/.local/lib/python3.7/site-packages/airflow/example_dags/example_sensors.py took 0.071 seconds
[2022-12-03T15:28:24.023+0000] {processor.py:153} INFO - Started process (PID=3267) to work on /home/airflow/.local/lib/python3.7/site-packages/airflow/example_dags/example_sensors.py
[2022-12-03T15:28:24.026+0000] {processor.py:743} INFO - Processing file /home/airflow/.local/lib/python3.7/site-packages/airflow/example_dags/example_sensors.py for tasks to queue
[2022-12-03T15:28:24.027+0000] {logging_mixin.py:137} INFO - [2022-12-03T15:28:24.027+0000] {dagbag.py:538} INFO - Filling up the DagBag from /home/airflow/.local/lib/python3.7/site-packages/airflow/example_dags/example_sensors.py
[2022-12-03T15:28:24.048+0000] {processor.py:753} INFO - DAG(s) dict_keys(['example_sensors']) retrieved from /home/airflow/.local/lib/python3.7/site-packages/airflow/example_dags/example_sensors.py
[2022-12-03T15:28:24.078+0000] {logging_mixin.py:137} INFO - [2022-12-03T15:28:24.078+0000] {dag.py:2676} INFO - Sync 1 DAGs
[2022-12-03T15:28:24.092+0000] {logging_mixin.py:137} INFO - [2022-12-03T15:28:24.092+0000] {dag.py:3427} INFO - Setting next_dagrun for example_sensors to None, run_after=None
[2022-12-03T15:28:24.103+0000] {processor.py:175} INFO - Processing /home/airflow/.local/lib/python3.7/site-packages/airflow/example_dags/example_sensors.py took 0.085 seconds
[2022-12-03T15:28:54.566+0000] {processor.py:153} INFO - Started process (PID=3492) to work on /home/airflow/.local/lib/python3.7/site-packages/airflow/example_dags/example_sensors.py
[2022-12-03T15:28:54.568+0000] {processor.py:743} INFO - Processing file /home/airflow/.local/lib/python3.7/site-packages/airflow/example_dags/example_sensors.py for tasks to queue
[2022-12-03T15:28:54.569+0000] {logging_mixin.py:137} INFO - [2022-12-03T15:28:54.569+0000] {dagbag.py:538} INFO - Filling up the DagBag from /home/airflow/.local/lib/python3.7/site-packages/airflow/example_dags/example_sensors.py
[2022-12-03T15:28:54.590+0000] {processor.py:753} INFO - DAG(s) dict_keys(['example_sensors']) retrieved from /home/airflow/.local/lib/python3.7/site-packages/airflow/example_dags/example_sensors.py
[2022-12-03T15:28:54.620+0000] {logging_mixin.py:137} INFO - [2022-12-03T15:28:54.620+0000] {dag.py:2676} INFO - Sync 1 DAGs
[2022-12-03T15:28:54.634+0000] {logging_mixin.py:137} INFO - [2022-12-03T15:28:54.634+0000] {dag.py:3427} INFO - Setting next_dagrun for example_sensors to None, run_after=None
[2022-12-03T15:28:54.645+0000] {processor.py:175} INFO - Processing /home/airflow/.local/lib/python3.7/site-packages/airflow/example_dags/example_sensors.py took 0.084 seconds
[2022-12-03T15:29:24.866+0000] {processor.py:153} INFO - Started process (PID=3718) to work on /home/airflow/.local/lib/python3.7/site-packages/airflow/example_dags/example_sensors.py
[2022-12-03T15:29:24.869+0000] {processor.py:743} INFO - Processing file /home/airflow/.local/lib/python3.7/site-packages/airflow/example_dags/example_sensors.py for tasks to queue
[2022-12-03T15:29:24.870+0000] {logging_mixin.py:137} INFO - [2022-12-03T15:29:24.870+0000] {dagbag.py:538} INFO - Filling up the DagBag from /home/airflow/.local/lib/python3.7/site-packages/airflow/example_dags/example_sensors.py
[2022-12-03T15:29:24.889+0000] {processor.py:753} INFO - DAG(s) dict_keys(['example_sensors']) retrieved from /home/airflow/.local/lib/python3.7/site-packages/airflow/example_dags/example_sensors.py
[2022-12-03T15:29:24.918+0000] {logging_mixin.py:137} INFO - [2022-12-03T15:29:24.918+0000] {dag.py:2676} INFO - Sync 1 DAGs
[2022-12-03T15:29:24.933+0000] {logging_mixin.py:137} INFO - [2022-12-03T15:29:24.933+0000] {dag.py:3427} INFO - Setting next_dagrun for example_sensors to None, run_after=None
[2022-12-03T15:29:24.944+0000] {processor.py:175} INFO - Processing /home/airflow/.local/lib/python3.7/site-packages/airflow/example_dags/example_sensors.py took 0.082 seconds
[2022-12-03T15:29:54.998+0000] {processor.py:153} INFO - Started process (PID=3932) to work on /home/airflow/.local/lib/python3.7/site-packages/airflow/example_dags/example_sensors.py
[2022-12-03T15:29:55.000+0000] {processor.py:743} INFO - Processing file /home/airflow/.local/lib/python3.7/site-packages/airflow/example_dags/example_sensors.py for tasks to queue
[2022-12-03T15:29:55.002+0000] {logging_mixin.py:137} INFO - [2022-12-03T15:29:55.002+0000] {dagbag.py:538} INFO - Filling up the DagBag from /home/airflow/.local/lib/python3.7/site-packages/airflow/example_dags/example_sensors.py
[2022-12-03T15:29:55.024+0000] {processor.py:753} INFO - DAG(s) dict_keys(['example_sensors']) retrieved from /home/airflow/.local/lib/python3.7/site-packages/airflow/example_dags/example_sensors.py
[2022-12-03T15:29:55.054+0000] {logging_mixin.py:137} INFO - [2022-12-03T15:29:55.053+0000] {dag.py:2676} INFO - Sync 1 DAGs
[2022-12-03T15:29:55.067+0000] {logging_mixin.py:137} INFO - [2022-12-03T15:29:55.067+0000] {dag.py:3427} INFO - Setting next_dagrun for example_sensors to None, run_after=None
[2022-12-03T15:29:55.078+0000] {processor.py:175} INFO - Processing /home/airflow/.local/lib/python3.7/site-packages/airflow/example_dags/example_sensors.py took 0.084 seconds
[2022-12-03T15:30:25.508+0000] {processor.py:153} INFO - Started process (PID=4158) to work on /home/airflow/.local/lib/python3.7/site-packages/airflow/example_dags/example_sensors.py
[2022-12-03T15:30:25.510+0000] {processor.py:743} INFO - Processing file /home/airflow/.local/lib/python3.7/site-packages/airflow/example_dags/example_sensors.py for tasks to queue
[2022-12-03T15:30:25.511+0000] {logging_mixin.py:137} INFO - [2022-12-03T15:30:25.511+0000] {dagbag.py:538} INFO - Filling up the DagBag from /home/airflow/.local/lib/python3.7/site-packages/airflow/example_dags/example_sensors.py
[2022-12-03T15:30:25.548+0000] {processor.py:753} INFO - DAG(s) dict_keys(['example_sensors']) retrieved from /home/airflow/.local/lib/python3.7/site-packages/airflow/example_dags/example_sensors.py
[2022-12-03T15:30:25.589+0000] {logging_mixin.py:137} INFO - [2022-12-03T15:30:25.588+0000] {dag.py:2676} INFO - Sync 1 DAGs
[2022-12-03T15:30:25.613+0000] {logging_mixin.py:137} INFO - [2022-12-03T15:30:25.613+0000] {dag.py:3427} INFO - Setting next_dagrun for example_sensors to None, run_after=None
[2022-12-03T15:30:25.630+0000] {processor.py:175} INFO - Processing /home/airflow/.local/lib/python3.7/site-packages/airflow/example_dags/example_sensors.py took 0.128 seconds
[2022-12-03T15:30:55.804+0000] {processor.py:153} INFO - Started process (PID=4384) to work on /home/airflow/.local/lib/python3.7/site-packages/airflow/example_dags/example_sensors.py
[2022-12-03T15:30:55.807+0000] {processor.py:743} INFO - Processing file /home/airflow/.local/lib/python3.7/site-packages/airflow/example_dags/example_sensors.py for tasks to queue
[2022-12-03T15:30:55.809+0000] {logging_mixin.py:137} INFO - [2022-12-03T15:30:55.809+0000] {dagbag.py:538} INFO - Filling up the DagBag from /home/airflow/.local/lib/python3.7/site-packages/airflow/example_dags/example_sensors.py
[2022-12-03T15:30:55.836+0000] {processor.py:753} INFO - DAG(s) dict_keys(['example_sensors']) retrieved from /home/airflow/.local/lib/python3.7/site-packages/airflow/example_dags/example_sensors.py
[2022-12-03T15:30:55.869+0000] {logging_mixin.py:137} INFO - [2022-12-03T15:30:55.869+0000] {dag.py:2676} INFO - Sync 1 DAGs
[2022-12-03T15:30:55.889+0000] {logging_mixin.py:137} INFO - [2022-12-03T15:30:55.889+0000] {dag.py:3427} INFO - Setting next_dagrun for example_sensors to None, run_after=None
[2022-12-03T15:30:55.901+0000] {processor.py:175} INFO - Processing /home/airflow/.local/lib/python3.7/site-packages/airflow/example_dags/example_sensors.py took 0.105 seconds
[2022-12-03T15:31:26.183+0000] {processor.py:153} INFO - Started process (PID=4598) to work on /home/airflow/.local/lib/python3.7/site-packages/airflow/example_dags/example_sensors.py
[2022-12-03T15:31:26.185+0000] {processor.py:743} INFO - Processing file /home/airflow/.local/lib/python3.7/site-packages/airflow/example_dags/example_sensors.py for tasks to queue
[2022-12-03T15:31:26.187+0000] {logging_mixin.py:137} INFO - [2022-12-03T15:31:26.186+0000] {dagbag.py:538} INFO - Filling up the DagBag from /home/airflow/.local/lib/python3.7/site-packages/airflow/example_dags/example_sensors.py
[2022-12-03T15:31:26.208+0000] {processor.py:753} INFO - DAG(s) dict_keys(['example_sensors']) retrieved from /home/airflow/.local/lib/python3.7/site-packages/airflow/example_dags/example_sensors.py
[2022-12-03T15:31:26.237+0000] {logging_mixin.py:137} INFO - [2022-12-03T15:31:26.237+0000] {dag.py:2676} INFO - Sync 1 DAGs
[2022-12-03T15:31:26.252+0000] {logging_mixin.py:137} INFO - [2022-12-03T15:31:26.252+0000] {dag.py:3427} INFO - Setting next_dagrun for example_sensors to None, run_after=None
[2022-12-03T15:31:26.263+0000] {processor.py:175} INFO - Processing /home/airflow/.local/lib/python3.7/site-packages/airflow/example_dags/example_sensors.py took 0.086 seconds
[2022-12-03T15:31:56.743+0000] {processor.py:153} INFO - Started process (PID=4823) to work on /home/airflow/.local/lib/python3.7/site-packages/airflow/example_dags/example_sensors.py
[2022-12-03T15:31:56.747+0000] {processor.py:743} INFO - Processing file /home/airflow/.local/lib/python3.7/site-packages/airflow/example_dags/example_sensors.py for tasks to queue
[2022-12-03T15:31:56.749+0000] {logging_mixin.py:137} INFO - [2022-12-03T15:31:56.748+0000] {dagbag.py:538} INFO - Filling up the DagBag from /home/airflow/.local/lib/python3.7/site-packages/airflow/example_dags/example_sensors.py
[2022-12-03T15:31:56.783+0000] {processor.py:753} INFO - DAG(s) dict_keys(['example_sensors']) retrieved from /home/airflow/.local/lib/python3.7/site-packages/airflow/example_dags/example_sensors.py
[2022-12-03T15:31:56.826+0000] {logging_mixin.py:137} INFO - [2022-12-03T15:31:56.825+0000] {dag.py:2676} INFO - Sync 1 DAGs
[2022-12-03T15:31:56.846+0000] {logging_mixin.py:137} INFO - [2022-12-03T15:31:56.846+0000] {dag.py:3427} INFO - Setting next_dagrun for example_sensors to None, run_after=None
[2022-12-03T15:31:56.861+0000] {processor.py:175} INFO - Processing /home/airflow/.local/lib/python3.7/site-packages/airflow/example_dags/example_sensors.py took 0.126 seconds
[2022-12-03T15:32:27.223+0000] {processor.py:153} INFO - Started process (PID=5049) to work on /home/airflow/.local/lib/python3.7/site-packages/airflow/example_dags/example_sensors.py
[2022-12-03T15:32:27.225+0000] {processor.py:743} INFO - Processing file /home/airflow/.local/lib/python3.7/site-packages/airflow/example_dags/example_sensors.py for tasks to queue
[2022-12-03T15:32:27.227+0000] {logging_mixin.py:137} INFO - [2022-12-03T15:32:27.226+0000] {dagbag.py:538} INFO - Filling up the DagBag from /home/airflow/.local/lib/python3.7/site-packages/airflow/example_dags/example_sensors.py
[2022-12-03T15:32:27.258+0000] {processor.py:753} INFO - DAG(s) dict_keys(['example_sensors']) retrieved from /home/airflow/.local/lib/python3.7/site-packages/airflow/example_dags/example_sensors.py
[2022-12-03T15:32:27.295+0000] {logging_mixin.py:137} INFO - [2022-12-03T15:32:27.295+0000] {dag.py:2676} INFO - Sync 1 DAGs
[2022-12-03T15:32:27.312+0000] {logging_mixin.py:137} INFO - [2022-12-03T15:32:27.311+0000] {dag.py:3427} INFO - Setting next_dagrun for example_sensors to None, run_after=None
[2022-12-03T15:32:27.324+0000] {processor.py:175} INFO - Processing /home/airflow/.local/lib/python3.7/site-packages/airflow/example_dags/example_sensors.py took 0.111 seconds
[2022-12-03T15:32:57.818+0000] {processor.py:153} INFO - Started process (PID=5263) to work on /home/airflow/.local/lib/python3.7/site-packages/airflow/example_dags/example_sensors.py
[2022-12-03T15:32:57.821+0000] {processor.py:743} INFO - Processing file /home/airflow/.local/lib/python3.7/site-packages/airflow/example_dags/example_sensors.py for tasks to queue
[2022-12-03T15:32:57.822+0000] {logging_mixin.py:137} INFO - [2022-12-03T15:32:57.822+0000] {dagbag.py:538} INFO - Filling up the DagBag from /home/airflow/.local/lib/python3.7/site-packages/airflow/example_dags/example_sensors.py
[2022-12-03T15:32:57.853+0000] {processor.py:753} INFO - DAG(s) dict_keys(['example_sensors']) retrieved from /home/airflow/.local/lib/python3.7/site-packages/airflow/example_dags/example_sensors.py
[2022-12-03T15:32:57.891+0000] {logging_mixin.py:137} INFO - [2022-12-03T15:32:57.891+0000] {dag.py:2676} INFO - Sync 1 DAGs
[2022-12-03T15:32:57.911+0000] {logging_mixin.py:137} INFO - [2022-12-03T15:32:57.911+0000] {dag.py:3427} INFO - Setting next_dagrun for example_sensors to None, run_after=None
[2022-12-03T15:32:57.928+0000] {processor.py:175} INFO - Processing /home/airflow/.local/lib/python3.7/site-packages/airflow/example_dags/example_sensors.py took 0.119 seconds
