[2022-12-03T15:08:53.004+0000] {processor.py:153} INFO - Started process (PID=269) to work on /home/airflow/.local/lib/python3.7/site-packages/airflow/example_dags/example_datasets.py
[2022-12-03T15:08:53.005+0000] {processor.py:743} INFO - Processing file /home/airflow/.local/lib/python3.7/site-packages/airflow/example_dags/example_datasets.py for tasks to queue
[2022-12-03T15:08:53.006+0000] {logging_mixin.py:137} INFO - [2022-12-03T15:08:53.006+0000] {dagbag.py:538} INFO - Filling up the DagBag from /home/airflow/.local/lib/python3.7/site-packages/airflow/example_dags/example_datasets.py
[2022-12-03T15:08:53.018+0000] {processor.py:753} INFO - DAG(s) dict_keys(['dataset_consumes_1_never_scheduled', 'dataset_produces_2', 'dataset_produces_1', 'dataset_consumes_unknown_never_scheduled', 'dataset_consumes_1_and_2', 'dataset_consumes_1']) retrieved from /home/airflow/.local/lib/python3.7/site-packages/airflow/example_dags/example_datasets.py
[2022-12-03T15:08:53.040+0000] {logging_mixin.py:137} INFO - [2022-12-03T15:08:53.040+0000] {dag.py:2676} INFO - Sync 6 DAGs
[2022-12-03T15:08:53.057+0000] {logging_mixin.py:137} INFO - [2022-12-03T15:08:53.057+0000] {dag.py:3427} INFO - Setting next_dagrun for dataset_consumes_1 to None, run_after=None
[2022-12-03T15:08:53.062+0000] {logging_mixin.py:137} INFO - [2022-12-03T15:08:53.061+0000] {dag.py:3427} INFO - Setting next_dagrun for dataset_consumes_1_and_2 to None, run_after=None
[2022-12-03T15:08:53.064+0000] {logging_mixin.py:137} INFO - [2022-12-03T15:08:53.064+0000] {dag.py:3427} INFO - Setting next_dagrun for dataset_consumes_1_never_scheduled to None, run_after=None
[2022-12-03T15:08:53.066+0000] {logging_mixin.py:137} INFO - [2022-12-03T15:08:53.066+0000] {dag.py:3427} INFO - Setting next_dagrun for dataset_consumes_unknown_never_scheduled to None, run_after=None
[2022-12-03T15:08:53.068+0000] {logging_mixin.py:137} INFO - [2022-12-03T15:08:53.068+0000] {dag.py:3427} INFO - Setting next_dagrun for dataset_produces_1 to 2022-12-02T00:00:00+00:00, run_after=2022-12-03T00:00:00+00:00
[2022-12-03T15:08:53.069+0000] {logging_mixin.py:137} INFO - [2022-12-03T15:08:53.069+0000] {dag.py:3427} INFO - Setting next_dagrun for dataset_produces_2 to None, run_after=None
[2022-12-03T15:08:53.090+0000] {processor.py:175} INFO - Processing /home/airflow/.local/lib/python3.7/site-packages/airflow/example_dags/example_datasets.py took 0.089 seconds
[2022-12-03T15:09:23.350+0000] {processor.py:153} INFO - Started process (PID=495) to work on /home/airflow/.local/lib/python3.7/site-packages/airflow/example_dags/example_datasets.py
[2022-12-03T15:09:23.351+0000] {processor.py:743} INFO - Processing file /home/airflow/.local/lib/python3.7/site-packages/airflow/example_dags/example_datasets.py for tasks to queue
[2022-12-03T15:09:23.352+0000] {logging_mixin.py:137} INFO - [2022-12-03T15:09:23.352+0000] {dagbag.py:538} INFO - Filling up the DagBag from /home/airflow/.local/lib/python3.7/site-packages/airflow/example_dags/example_datasets.py
[2022-12-03T15:09:23.363+0000] {processor.py:753} INFO - DAG(s) dict_keys(['dataset_consumes_1_and_2', 'dataset_consumes_1_never_scheduled', 'dataset_consumes_unknown_never_scheduled', 'dataset_produces_2', 'dataset_produces_1', 'dataset_consumes_1']) retrieved from /home/airflow/.local/lib/python3.7/site-packages/airflow/example_dags/example_datasets.py
[2022-12-03T15:09:23.383+0000] {logging_mixin.py:137} INFO - [2022-12-03T15:09:23.383+0000] {dag.py:2676} INFO - Sync 6 DAGs
[2022-12-03T15:09:23.400+0000] {logging_mixin.py:137} INFO - [2022-12-03T15:09:23.400+0000] {dag.py:3427} INFO - Setting next_dagrun for dataset_consumes_1 to None, run_after=None
[2022-12-03T15:09:23.402+0000] {logging_mixin.py:137} INFO - [2022-12-03T15:09:23.402+0000] {dag.py:3427} INFO - Setting next_dagrun for dataset_consumes_1_and_2 to None, run_after=None
[2022-12-03T15:09:23.403+0000] {logging_mixin.py:137} INFO - [2022-12-03T15:09:23.403+0000] {dag.py:3427} INFO - Setting next_dagrun for dataset_consumes_1_never_scheduled to None, run_after=None
[2022-12-03T15:09:23.404+0000] {logging_mixin.py:137} INFO - [2022-12-03T15:09:23.404+0000] {dag.py:3427} INFO - Setting next_dagrun for dataset_consumes_unknown_never_scheduled to None, run_after=None
[2022-12-03T15:09:23.407+0000] {logging_mixin.py:137} INFO - [2022-12-03T15:09:23.406+0000] {dag.py:3427} INFO - Setting next_dagrun for dataset_produces_1 to 2022-12-02T00:00:00+00:00, run_after=2022-12-03T00:00:00+00:00
[2022-12-03T15:09:23.408+0000] {logging_mixin.py:137} INFO - [2022-12-03T15:09:23.408+0000] {dag.py:3427} INFO - Setting next_dagrun for dataset_produces_2 to None, run_after=None
[2022-12-03T15:09:23.428+0000] {processor.py:175} INFO - Processing /home/airflow/.local/lib/python3.7/site-packages/airflow/example_dags/example_datasets.py took 0.080 seconds
[2022-12-03T15:09:53.688+0000] {processor.py:153} INFO - Started process (PID=709) to work on /home/airflow/.local/lib/python3.7/site-packages/airflow/example_dags/example_datasets.py
[2022-12-03T15:09:53.690+0000] {processor.py:743} INFO - Processing file /home/airflow/.local/lib/python3.7/site-packages/airflow/example_dags/example_datasets.py for tasks to queue
[2022-12-03T15:09:53.690+0000] {logging_mixin.py:137} INFO - [2022-12-03T15:09:53.690+0000] {dagbag.py:538} INFO - Filling up the DagBag from /home/airflow/.local/lib/python3.7/site-packages/airflow/example_dags/example_datasets.py
[2022-12-03T15:09:53.705+0000] {processor.py:753} INFO - DAG(s) dict_keys(['dataset_produces_2', 'dataset_consumes_1_never_scheduled', 'dataset_produces_1', 'dataset_consumes_unknown_never_scheduled', 'dataset_consumes_1_and_2', 'dataset_consumes_1']) retrieved from /home/airflow/.local/lib/python3.7/site-packages/airflow/example_dags/example_datasets.py
[2022-12-03T15:09:53.766+0000] {logging_mixin.py:137} INFO - [2022-12-03T15:09:53.766+0000] {dag.py:2676} INFO - Sync 6 DAGs
[2022-12-03T15:09:53.781+0000] {logging_mixin.py:137} INFO - [2022-12-03T15:09:53.781+0000] {dag.py:3427} INFO - Setting next_dagrun for dataset_consumes_1 to None, run_after=None
[2022-12-03T15:09:53.784+0000] {logging_mixin.py:137} INFO - [2022-12-03T15:09:53.784+0000] {dag.py:3427} INFO - Setting next_dagrun for dataset_consumes_1_and_2 to None, run_after=None
[2022-12-03T15:09:53.785+0000] {logging_mixin.py:137} INFO - [2022-12-03T15:09:53.785+0000] {dag.py:3427} INFO - Setting next_dagrun for dataset_consumes_1_never_scheduled to None, run_after=None
[2022-12-03T15:09:53.787+0000] {logging_mixin.py:137} INFO - [2022-12-03T15:09:53.787+0000] {dag.py:3427} INFO - Setting next_dagrun for dataset_consumes_unknown_never_scheduled to None, run_after=None
[2022-12-03T15:09:53.789+0000] {logging_mixin.py:137} INFO - [2022-12-03T15:09:53.789+0000] {dag.py:3427} INFO - Setting next_dagrun for dataset_produces_1 to 2022-12-02T00:00:00+00:00, run_after=2022-12-03T00:00:00+00:00
[2022-12-03T15:09:53.791+0000] {logging_mixin.py:137} INFO - [2022-12-03T15:09:53.791+0000] {dag.py:3427} INFO - Setting next_dagrun for dataset_produces_2 to None, run_after=None
[2022-12-03T15:09:53.814+0000] {processor.py:175} INFO - Processing /home/airflow/.local/lib/python3.7/site-packages/airflow/example_dags/example_datasets.py took 0.129 seconds
[2022-12-03T15:10:51.994+0000] {processor.py:153} INFO - Started process (PID=269) to work on /home/airflow/.local/lib/python3.7/site-packages/airflow/example_dags/example_datasets.py
[2022-12-03T15:10:51.996+0000] {processor.py:743} INFO - Processing file /home/airflow/.local/lib/python3.7/site-packages/airflow/example_dags/example_datasets.py for tasks to queue
[2022-12-03T15:10:51.997+0000] {logging_mixin.py:137} INFO - [2022-12-03T15:10:51.997+0000] {dagbag.py:538} INFO - Filling up the DagBag from /home/airflow/.local/lib/python3.7/site-packages/airflow/example_dags/example_datasets.py
[2022-12-03T15:10:52.017+0000] {processor.py:753} INFO - DAG(s) dict_keys(['dataset_produces_1', 'dataset_consumes_1_never_scheduled', 'dataset_produces_2', 'dataset_consumes_unknown_never_scheduled', 'dataset_consumes_1_and_2', 'dataset_consumes_1']) retrieved from /home/airflow/.local/lib/python3.7/site-packages/airflow/example_dags/example_datasets.py
[2022-12-03T15:10:52.047+0000] {logging_mixin.py:137} INFO - [2022-12-03T15:10:52.047+0000] {dag.py:2676} INFO - Sync 6 DAGs
[2022-12-03T15:10:52.068+0000] {logging_mixin.py:137} INFO - [2022-12-03T15:10:52.068+0000] {dag.py:3427} INFO - Setting next_dagrun for dataset_consumes_1 to None, run_after=None
[2022-12-03T15:10:52.076+0000] {logging_mixin.py:137} INFO - [2022-12-03T15:10:52.076+0000] {dag.py:3427} INFO - Setting next_dagrun for dataset_consumes_1_and_2 to None, run_after=None
[2022-12-03T15:10:52.078+0000] {logging_mixin.py:137} INFO - [2022-12-03T15:10:52.078+0000] {dag.py:3427} INFO - Setting next_dagrun for dataset_consumes_1_never_scheduled to None, run_after=None
[2022-12-03T15:10:52.080+0000] {logging_mixin.py:137} INFO - [2022-12-03T15:10:52.080+0000] {dag.py:3427} INFO - Setting next_dagrun for dataset_consumes_unknown_never_scheduled to None, run_after=None
[2022-12-03T15:10:52.082+0000] {logging_mixin.py:137} INFO - [2022-12-03T15:10:52.082+0000] {dag.py:3427} INFO - Setting next_dagrun for dataset_produces_1 to 2022-12-02T00:00:00+00:00, run_after=2022-12-03T00:00:00+00:00
[2022-12-03T15:10:52.084+0000] {logging_mixin.py:137} INFO - [2022-12-03T15:10:52.084+0000] {dag.py:3427} INFO - Setting next_dagrun for dataset_produces_2 to None, run_after=None
[2022-12-03T15:10:52.111+0000] {processor.py:175} INFO - Processing /home/airflow/.local/lib/python3.7/site-packages/airflow/example_dags/example_datasets.py took 0.122 seconds
[2022-12-03T15:11:22.509+0000] {processor.py:153} INFO - Started process (PID=497) to work on /home/airflow/.local/lib/python3.7/site-packages/airflow/example_dags/example_datasets.py
[2022-12-03T15:11:22.510+0000] {processor.py:743} INFO - Processing file /home/airflow/.local/lib/python3.7/site-packages/airflow/example_dags/example_datasets.py for tasks to queue
[2022-12-03T15:11:22.511+0000] {logging_mixin.py:137} INFO - [2022-12-03T15:11:22.511+0000] {dagbag.py:538} INFO - Filling up the DagBag from /home/airflow/.local/lib/python3.7/site-packages/airflow/example_dags/example_datasets.py
[2022-12-03T15:11:22.523+0000] {processor.py:753} INFO - DAG(s) dict_keys(['dataset_consumes_1', 'dataset_produces_1', 'dataset_consumes_1_never_scheduled', 'dataset_consumes_unknown_never_scheduled', 'dataset_consumes_1_and_2', 'dataset_produces_2']) retrieved from /home/airflow/.local/lib/python3.7/site-packages/airflow/example_dags/example_datasets.py
[2022-12-03T15:11:22.577+0000] {logging_mixin.py:137} INFO - [2022-12-03T15:11:22.577+0000] {dag.py:2676} INFO - Sync 6 DAGs
[2022-12-03T15:11:22.593+0000] {logging_mixin.py:137} INFO - [2022-12-03T15:11:22.592+0000] {dag.py:3427} INFO - Setting next_dagrun for dataset_consumes_1 to None, run_after=None
[2022-12-03T15:11:22.596+0000] {logging_mixin.py:137} INFO - [2022-12-03T15:11:22.596+0000] {dag.py:3427} INFO - Setting next_dagrun for dataset_consumes_1_and_2 to None, run_after=None
[2022-12-03T15:11:22.597+0000] {logging_mixin.py:137} INFO - [2022-12-03T15:11:22.597+0000] {dag.py:3427} INFO - Setting next_dagrun for dataset_consumes_1_never_scheduled to None, run_after=None
[2022-12-03T15:11:22.599+0000] {logging_mixin.py:137} INFO - [2022-12-03T15:11:22.599+0000] {dag.py:3427} INFO - Setting next_dagrun for dataset_consumes_unknown_never_scheduled to None, run_after=None
[2022-12-03T15:11:22.601+0000] {logging_mixin.py:137} INFO - [2022-12-03T15:11:22.601+0000] {dag.py:3427} INFO - Setting next_dagrun for dataset_produces_1 to 2022-12-02T00:00:00+00:00, run_after=2022-12-03T00:00:00+00:00
[2022-12-03T15:11:22.603+0000] {logging_mixin.py:137} INFO - [2022-12-03T15:11:22.603+0000] {dag.py:3427} INFO - Setting next_dagrun for dataset_produces_2 to None, run_after=None
[2022-12-03T15:11:22.622+0000] {processor.py:175} INFO - Processing /home/airflow/.local/lib/python3.7/site-packages/airflow/example_dags/example_datasets.py took 0.115 seconds
[2022-12-03T15:11:53.101+0000] {processor.py:153} INFO - Started process (PID=722) to work on /home/airflow/.local/lib/python3.7/site-packages/airflow/example_dags/example_datasets.py
[2022-12-03T15:11:53.103+0000] {processor.py:743} INFO - Processing file /home/airflow/.local/lib/python3.7/site-packages/airflow/example_dags/example_datasets.py for tasks to queue
[2022-12-03T15:11:53.104+0000] {logging_mixin.py:137} INFO - [2022-12-03T15:11:53.104+0000] {dagbag.py:538} INFO - Filling up the DagBag from /home/airflow/.local/lib/python3.7/site-packages/airflow/example_dags/example_datasets.py
[2022-12-03T15:11:53.119+0000] {processor.py:753} INFO - DAG(s) dict_keys(['dataset_consumes_1', 'dataset_produces_2', 'dataset_consumes_1_and_2', 'dataset_consumes_1_never_scheduled', 'dataset_consumes_unknown_never_scheduled', 'dataset_produces_1']) retrieved from /home/airflow/.local/lib/python3.7/site-packages/airflow/example_dags/example_datasets.py
[2022-12-03T15:11:53.160+0000] {logging_mixin.py:137} INFO - [2022-12-03T15:11:53.160+0000] {dag.py:2676} INFO - Sync 6 DAGs
[2022-12-03T15:11:53.179+0000] {logging_mixin.py:137} INFO - [2022-12-03T15:11:53.179+0000] {dag.py:3427} INFO - Setting next_dagrun for dataset_consumes_1 to None, run_after=None
[2022-12-03T15:11:53.181+0000] {logging_mixin.py:137} INFO - [2022-12-03T15:11:53.181+0000] {dag.py:3427} INFO - Setting next_dagrun for dataset_consumes_1_and_2 to None, run_after=None
[2022-12-03T15:11:53.183+0000] {logging_mixin.py:137} INFO - [2022-12-03T15:11:53.183+0000] {dag.py:3427} INFO - Setting next_dagrun for dataset_consumes_1_never_scheduled to None, run_after=None
[2022-12-03T15:11:53.184+0000] {logging_mixin.py:137} INFO - [2022-12-03T15:11:53.184+0000] {dag.py:3427} INFO - Setting next_dagrun for dataset_consumes_unknown_never_scheduled to None, run_after=None
[2022-12-03T15:11:53.186+0000] {logging_mixin.py:137} INFO - [2022-12-03T15:11:53.186+0000] {dag.py:3427} INFO - Setting next_dagrun for dataset_produces_1 to 2022-12-02T00:00:00+00:00, run_after=2022-12-03T00:00:00+00:00
[2022-12-03T15:11:53.187+0000] {logging_mixin.py:137} INFO - [2022-12-03T15:11:53.187+0000] {dag.py:3427} INFO - Setting next_dagrun for dataset_produces_2 to None, run_after=None
[2022-12-03T15:11:53.212+0000] {processor.py:175} INFO - Processing /home/airflow/.local/lib/python3.7/site-packages/airflow/example_dags/example_datasets.py took 0.114 seconds
[2022-12-03T15:12:23.336+0000] {processor.py:153} INFO - Started process (PID=937) to work on /home/airflow/.local/lib/python3.7/site-packages/airflow/example_dags/example_datasets.py
[2022-12-03T15:12:23.338+0000] {processor.py:743} INFO - Processing file /home/airflow/.local/lib/python3.7/site-packages/airflow/example_dags/example_datasets.py for tasks to queue
[2022-12-03T15:12:23.338+0000] {logging_mixin.py:137} INFO - [2022-12-03T15:12:23.338+0000] {dagbag.py:538} INFO - Filling up the DagBag from /home/airflow/.local/lib/python3.7/site-packages/airflow/example_dags/example_datasets.py
[2022-12-03T15:12:23.350+0000] {processor.py:753} INFO - DAG(s) dict_keys(['dataset_produces_1', 'dataset_consumes_1_never_scheduled', 'dataset_consumes_1', 'dataset_produces_2', 'dataset_consumes_unknown_never_scheduled', 'dataset_consumes_1_and_2']) retrieved from /home/airflow/.local/lib/python3.7/site-packages/airflow/example_dags/example_datasets.py
[2022-12-03T15:12:23.373+0000] {logging_mixin.py:137} INFO - [2022-12-03T15:12:23.373+0000] {dag.py:2676} INFO - Sync 6 DAGs
[2022-12-03T15:12:23.392+0000] {logging_mixin.py:137} INFO - [2022-12-03T15:12:23.392+0000] {dag.py:3427} INFO - Setting next_dagrun for dataset_consumes_1 to None, run_after=None
[2022-12-03T15:12:23.394+0000] {logging_mixin.py:137} INFO - [2022-12-03T15:12:23.394+0000] {dag.py:3427} INFO - Setting next_dagrun for dataset_consumes_1_and_2 to None, run_after=None
[2022-12-03T15:12:23.396+0000] {logging_mixin.py:137} INFO - [2022-12-03T15:12:23.395+0000] {dag.py:3427} INFO - Setting next_dagrun for dataset_consumes_1_never_scheduled to None, run_after=None
[2022-12-03T15:12:23.397+0000] {logging_mixin.py:137} INFO - [2022-12-03T15:12:23.396+0000] {dag.py:3427} INFO - Setting next_dagrun for dataset_consumes_unknown_never_scheduled to None, run_after=None
[2022-12-03T15:12:23.398+0000] {logging_mixin.py:137} INFO - [2022-12-03T15:12:23.398+0000] {dag.py:3427} INFO - Setting next_dagrun for dataset_produces_1 to 2022-12-02T00:00:00+00:00, run_after=2022-12-03T00:00:00+00:00
[2022-12-03T15:12:23.400+0000] {logging_mixin.py:137} INFO - [2022-12-03T15:12:23.400+0000] {dag.py:3427} INFO - Setting next_dagrun for dataset_produces_2 to None, run_after=None
[2022-12-03T15:12:23.418+0000] {processor.py:175} INFO - Processing /home/airflow/.local/lib/python3.7/site-packages/airflow/example_dags/example_datasets.py took 0.086 seconds
[2022-12-03T15:12:53.528+0000] {processor.py:153} INFO - Started process (PID=1163) to work on /home/airflow/.local/lib/python3.7/site-packages/airflow/example_dags/example_datasets.py
[2022-12-03T15:12:53.533+0000] {processor.py:743} INFO - Processing file /home/airflow/.local/lib/python3.7/site-packages/airflow/example_dags/example_datasets.py for tasks to queue
[2022-12-03T15:12:53.538+0000] {logging_mixin.py:137} INFO - [2022-12-03T15:12:53.537+0000] {dagbag.py:538} INFO - Filling up the DagBag from /home/airflow/.local/lib/python3.7/site-packages/airflow/example_dags/example_datasets.py
[2022-12-03T15:12:53.559+0000] {processor.py:753} INFO - DAG(s) dict_keys(['dataset_consumes_1_never_scheduled', 'dataset_consumes_unknown_never_scheduled', 'dataset_produces_1', 'dataset_consumes_1_and_2', 'dataset_consumes_1', 'dataset_produces_2']) retrieved from /home/airflow/.local/lib/python3.7/site-packages/airflow/example_dags/example_datasets.py
[2022-12-03T15:12:53.587+0000] {logging_mixin.py:137} INFO - [2022-12-03T15:12:53.586+0000] {dag.py:2676} INFO - Sync 6 DAGs
[2022-12-03T15:12:53.606+0000] {logging_mixin.py:137} INFO - [2022-12-03T15:12:53.606+0000] {dag.py:3427} INFO - Setting next_dagrun for dataset_consumes_1 to None, run_after=None
[2022-12-03T15:12:53.609+0000] {logging_mixin.py:137} INFO - [2022-12-03T15:12:53.609+0000] {dag.py:3427} INFO - Setting next_dagrun for dataset_consumes_1_and_2 to None, run_after=None
[2022-12-03T15:12:53.612+0000] {logging_mixin.py:137} INFO - [2022-12-03T15:12:53.612+0000] {dag.py:3427} INFO - Setting next_dagrun for dataset_consumes_1_never_scheduled to None, run_after=None
[2022-12-03T15:12:53.613+0000] {logging_mixin.py:137} INFO - [2022-12-03T15:12:53.613+0000] {dag.py:3427} INFO - Setting next_dagrun for dataset_consumes_unknown_never_scheduled to None, run_after=None
[2022-12-03T15:12:53.615+0000] {logging_mixin.py:137} INFO - [2022-12-03T15:12:53.615+0000] {dag.py:3427} INFO - Setting next_dagrun for dataset_produces_1 to 2022-12-02T00:00:00+00:00, run_after=2022-12-03T00:00:00+00:00
[2022-12-03T15:12:53.616+0000] {logging_mixin.py:137} INFO - [2022-12-03T15:12:53.616+0000] {dag.py:3427} INFO - Setting next_dagrun for dataset_produces_2 to None, run_after=None
[2022-12-03T15:12:53.639+0000] {processor.py:175} INFO - Processing /home/airflow/.local/lib/python3.7/site-packages/airflow/example_dags/example_datasets.py took 0.113 seconds
[2022-12-03T15:13:24.023+0000] {processor.py:153} INFO - Started process (PID=1387) to work on /home/airflow/.local/lib/python3.7/site-packages/airflow/example_dags/example_datasets.py
[2022-12-03T15:13:24.025+0000] {processor.py:743} INFO - Processing file /home/airflow/.local/lib/python3.7/site-packages/airflow/example_dags/example_datasets.py for tasks to queue
[2022-12-03T15:13:24.026+0000] {logging_mixin.py:137} INFO - [2022-12-03T15:13:24.026+0000] {dagbag.py:538} INFO - Filling up the DagBag from /home/airflow/.local/lib/python3.7/site-packages/airflow/example_dags/example_datasets.py
[2022-12-03T15:13:24.039+0000] {processor.py:753} INFO - DAG(s) dict_keys(['dataset_consumes_1_never_scheduled', 'dataset_produces_2', 'dataset_produces_1', 'dataset_consumes_1_and_2', 'dataset_consumes_1', 'dataset_consumes_unknown_never_scheduled']) retrieved from /home/airflow/.local/lib/python3.7/site-packages/airflow/example_dags/example_datasets.py
[2022-12-03T15:13:24.124+0000] {logging_mixin.py:137} INFO - [2022-12-03T15:13:24.124+0000] {dag.py:2676} INFO - Sync 6 DAGs
[2022-12-03T15:13:24.156+0000] {logging_mixin.py:137} INFO - [2022-12-03T15:13:24.156+0000] {dag.py:3427} INFO - Setting next_dagrun for dataset_consumes_1 to None, run_after=None
[2022-12-03T15:13:24.161+0000] {logging_mixin.py:137} INFO - [2022-12-03T15:13:24.161+0000] {dag.py:3427} INFO - Setting next_dagrun for dataset_consumes_1_and_2 to None, run_after=None
[2022-12-03T15:13:24.162+0000] {logging_mixin.py:137} INFO - [2022-12-03T15:13:24.162+0000] {dag.py:3427} INFO - Setting next_dagrun for dataset_consumes_1_never_scheduled to None, run_after=None
[2022-12-03T15:13:24.163+0000] {logging_mixin.py:137} INFO - [2022-12-03T15:13:24.163+0000] {dag.py:3427} INFO - Setting next_dagrun for dataset_consumes_unknown_never_scheduled to None, run_after=None
[2022-12-03T15:13:24.167+0000] {logging_mixin.py:137} INFO - [2022-12-03T15:13:24.167+0000] {dag.py:3427} INFO - Setting next_dagrun for dataset_produces_1 to 2022-12-02T00:00:00+00:00, run_after=2022-12-03T00:00:00+00:00
[2022-12-03T15:13:24.171+0000] {logging_mixin.py:137} INFO - [2022-12-03T15:13:24.171+0000] {dag.py:3427} INFO - Setting next_dagrun for dataset_produces_2 to None, run_after=None
[2022-12-03T15:13:24.205+0000] {processor.py:175} INFO - Processing /home/airflow/.local/lib/python3.7/site-packages/airflow/example_dags/example_datasets.py took 0.186 seconds
[2022-12-03T15:13:54.703+0000] {processor.py:153} INFO - Started process (PID=1605) to work on /home/airflow/.local/lib/python3.7/site-packages/airflow/example_dags/example_datasets.py
[2022-12-03T15:13:54.704+0000] {processor.py:743} INFO - Processing file /home/airflow/.local/lib/python3.7/site-packages/airflow/example_dags/example_datasets.py for tasks to queue
[2022-12-03T15:13:54.705+0000] {logging_mixin.py:137} INFO - [2022-12-03T15:13:54.705+0000] {dagbag.py:538} INFO - Filling up the DagBag from /home/airflow/.local/lib/python3.7/site-packages/airflow/example_dags/example_datasets.py
[2022-12-03T15:13:54.717+0000] {processor.py:753} INFO - DAG(s) dict_keys(['dataset_consumes_1_never_scheduled', 'dataset_consumes_unknown_never_scheduled', 'dataset_produces_1', 'dataset_consumes_1', 'dataset_consumes_1_and_2', 'dataset_produces_2']) retrieved from /home/airflow/.local/lib/python3.7/site-packages/airflow/example_dags/example_datasets.py
[2022-12-03T15:13:54.752+0000] {logging_mixin.py:137} INFO - [2022-12-03T15:13:54.752+0000] {dag.py:2676} INFO - Sync 6 DAGs
[2022-12-03T15:13:54.768+0000] {logging_mixin.py:137} INFO - [2022-12-03T15:13:54.768+0000] {dag.py:3427} INFO - Setting next_dagrun for dataset_consumes_1 to None, run_after=None
[2022-12-03T15:13:54.771+0000] {logging_mixin.py:137} INFO - [2022-12-03T15:13:54.771+0000] {dag.py:3427} INFO - Setting next_dagrun for dataset_consumes_1_and_2 to None, run_after=None
[2022-12-03T15:13:54.772+0000] {logging_mixin.py:137} INFO - [2022-12-03T15:13:54.772+0000] {dag.py:3427} INFO - Setting next_dagrun for dataset_consumes_1_never_scheduled to None, run_after=None
[2022-12-03T15:13:54.773+0000] {logging_mixin.py:137} INFO - [2022-12-03T15:13:54.773+0000] {dag.py:3427} INFO - Setting next_dagrun for dataset_consumes_unknown_never_scheduled to None, run_after=None
[2022-12-03T15:13:54.775+0000] {logging_mixin.py:137} INFO - [2022-12-03T15:13:54.775+0000] {dag.py:3427} INFO - Setting next_dagrun for dataset_produces_1 to 2022-12-02T00:00:00+00:00, run_after=2022-12-03T00:00:00+00:00
[2022-12-03T15:13:54.776+0000] {logging_mixin.py:137} INFO - [2022-12-03T15:13:54.776+0000] {dag.py:3427} INFO - Setting next_dagrun for dataset_produces_2 to None, run_after=None
[2022-12-03T15:13:54.794+0000] {processor.py:175} INFO - Processing /home/airflow/.local/lib/python3.7/site-packages/airflow/example_dags/example_datasets.py took 0.093 seconds
[2022-12-03T15:14:24.968+0000] {processor.py:153} INFO - Started process (PID=1829) to work on /home/airflow/.local/lib/python3.7/site-packages/airflow/example_dags/example_datasets.py
[2022-12-03T15:14:24.969+0000] {processor.py:743} INFO - Processing file /home/airflow/.local/lib/python3.7/site-packages/airflow/example_dags/example_datasets.py for tasks to queue
[2022-12-03T15:14:24.970+0000] {logging_mixin.py:137} INFO - [2022-12-03T15:14:24.970+0000] {dagbag.py:538} INFO - Filling up the DagBag from /home/airflow/.local/lib/python3.7/site-packages/airflow/example_dags/example_datasets.py
[2022-12-03T15:14:24.981+0000] {processor.py:753} INFO - DAG(s) dict_keys(['dataset_consumes_unknown_never_scheduled', 'dataset_produces_1', 'dataset_consumes_1_and_2', 'dataset_consumes_1_never_scheduled', 'dataset_produces_2', 'dataset_consumes_1']) retrieved from /home/airflow/.local/lib/python3.7/site-packages/airflow/example_dags/example_datasets.py
[2022-12-03T15:14:25.015+0000] {logging_mixin.py:137} INFO - [2022-12-03T15:14:25.014+0000] {dag.py:2676} INFO - Sync 6 DAGs
[2022-12-03T15:14:25.030+0000] {logging_mixin.py:137} INFO - [2022-12-03T15:14:25.029+0000] {dag.py:3427} INFO - Setting next_dagrun for dataset_consumes_1 to None, run_after=None
[2022-12-03T15:14:25.032+0000] {logging_mixin.py:137} INFO - [2022-12-03T15:14:25.032+0000] {dag.py:3427} INFO - Setting next_dagrun for dataset_consumes_1_and_2 to None, run_after=None
[2022-12-03T15:14:25.034+0000] {logging_mixin.py:137} INFO - [2022-12-03T15:14:25.034+0000] {dag.py:3427} INFO - Setting next_dagrun for dataset_consumes_1_never_scheduled to None, run_after=None
[2022-12-03T15:14:25.035+0000] {logging_mixin.py:137} INFO - [2022-12-03T15:14:25.035+0000] {dag.py:3427} INFO - Setting next_dagrun for dataset_consumes_unknown_never_scheduled to None, run_after=None
[2022-12-03T15:14:25.037+0000] {logging_mixin.py:137} INFO - [2022-12-03T15:14:25.037+0000] {dag.py:3427} INFO - Setting next_dagrun for dataset_produces_1 to 2022-12-02T00:00:00+00:00, run_after=2022-12-03T00:00:00+00:00
[2022-12-03T15:14:25.038+0000] {logging_mixin.py:137} INFO - [2022-12-03T15:14:25.037+0000] {dag.py:3427} INFO - Setting next_dagrun for dataset_produces_2 to None, run_after=None
[2022-12-03T15:14:25.054+0000] {processor.py:175} INFO - Processing /home/airflow/.local/lib/python3.7/site-packages/airflow/example_dags/example_datasets.py took 0.089 seconds
[2022-12-03T15:15:12.084+0000] {processor.py:153} INFO - Started process (PID=268) to work on /home/airflow/.local/lib/python3.7/site-packages/airflow/example_dags/example_datasets.py
[2022-12-03T15:15:12.085+0000] {processor.py:743} INFO - Processing file /home/airflow/.local/lib/python3.7/site-packages/airflow/example_dags/example_datasets.py for tasks to queue
[2022-12-03T15:15:12.086+0000] {logging_mixin.py:137} INFO - [2022-12-03T15:15:12.086+0000] {dagbag.py:538} INFO - Filling up the DagBag from /home/airflow/.local/lib/python3.7/site-packages/airflow/example_dags/example_datasets.py
[2022-12-03T15:15:12.099+0000] {processor.py:753} INFO - DAG(s) dict_keys(['dataset_produces_1', 'dataset_consumes_1_and_2', 'dataset_consumes_1', 'dataset_consumes_1_never_scheduled', 'dataset_produces_2', 'dataset_consumes_unknown_never_scheduled']) retrieved from /home/airflow/.local/lib/python3.7/site-packages/airflow/example_dags/example_datasets.py
[2022-12-03T15:15:12.121+0000] {logging_mixin.py:137} INFO - [2022-12-03T15:15:12.121+0000] {dag.py:2676} INFO - Sync 6 DAGs
[2022-12-03T15:15:12.158+0000] {logging_mixin.py:137} INFO - [2022-12-03T15:15:12.158+0000] {dag.py:3427} INFO - Setting next_dagrun for dataset_consumes_1 to None, run_after=None
[2022-12-03T15:15:12.162+0000] {logging_mixin.py:137} INFO - [2022-12-03T15:15:12.162+0000] {dag.py:3427} INFO - Setting next_dagrun for dataset_consumes_1_and_2 to None, run_after=None
[2022-12-03T15:15:12.164+0000] {logging_mixin.py:137} INFO - [2022-12-03T15:15:12.164+0000] {dag.py:3427} INFO - Setting next_dagrun for dataset_consumes_1_never_scheduled to None, run_after=None
[2022-12-03T15:15:12.168+0000] {logging_mixin.py:137} INFO - [2022-12-03T15:15:12.168+0000] {dag.py:3427} INFO - Setting next_dagrun for dataset_consumes_unknown_never_scheduled to None, run_after=None
[2022-12-03T15:15:12.171+0000] {logging_mixin.py:137} INFO - [2022-12-03T15:15:12.170+0000] {dag.py:3427} INFO - Setting next_dagrun for dataset_produces_1 to 2022-12-02T00:00:00+00:00, run_after=2022-12-03T00:00:00+00:00
[2022-12-03T15:15:12.173+0000] {logging_mixin.py:137} INFO - [2022-12-03T15:15:12.172+0000] {dag.py:3427} INFO - Setting next_dagrun for dataset_produces_2 to None, run_after=None
[2022-12-03T15:15:12.194+0000] {processor.py:175} INFO - Processing /home/airflow/.local/lib/python3.7/site-packages/airflow/example_dags/example_datasets.py took 0.112 seconds
[2022-12-03T15:21:18.712+0000] {processor.py:153} INFO - Started process (PID=268) to work on /home/airflow/.local/lib/python3.7/site-packages/airflow/example_dags/example_datasets.py
[2022-12-03T15:21:18.713+0000] {processor.py:743} INFO - Processing file /home/airflow/.local/lib/python3.7/site-packages/airflow/example_dags/example_datasets.py for tasks to queue
[2022-12-03T15:21:18.714+0000] {logging_mixin.py:137} INFO - [2022-12-03T15:21:18.714+0000] {dagbag.py:538} INFO - Filling up the DagBag from /home/airflow/.local/lib/python3.7/site-packages/airflow/example_dags/example_datasets.py
[2022-12-03T15:21:18.726+0000] {processor.py:753} INFO - DAG(s) dict_keys(['dataset_consumes_1_and_2', 'dataset_produces_2', 'dataset_produces_1', 'dataset_consumes_1', 'dataset_consumes_1_never_scheduled', 'dataset_consumes_unknown_never_scheduled']) retrieved from /home/airflow/.local/lib/python3.7/site-packages/airflow/example_dags/example_datasets.py
[2022-12-03T15:21:18.751+0000] {logging_mixin.py:137} INFO - [2022-12-03T15:21:18.751+0000] {dag.py:2676} INFO - Sync 6 DAGs
[2022-12-03T15:21:18.769+0000] {logging_mixin.py:137} INFO - [2022-12-03T15:21:18.769+0000] {dag.py:3427} INFO - Setting next_dagrun for dataset_consumes_1 to None, run_after=None
[2022-12-03T15:21:18.772+0000] {logging_mixin.py:137} INFO - [2022-12-03T15:21:18.772+0000] {dag.py:3427} INFO - Setting next_dagrun for dataset_consumes_1_and_2 to None, run_after=None
[2022-12-03T15:21:18.773+0000] {logging_mixin.py:137} INFO - [2022-12-03T15:21:18.773+0000] {dag.py:3427} INFO - Setting next_dagrun for dataset_consumes_1_never_scheduled to None, run_after=None
[2022-12-03T15:21:18.775+0000] {logging_mixin.py:137} INFO - [2022-12-03T15:21:18.775+0000] {dag.py:3427} INFO - Setting next_dagrun for dataset_consumes_unknown_never_scheduled to None, run_after=None
[2022-12-03T15:21:18.776+0000] {logging_mixin.py:137} INFO - [2022-12-03T15:21:18.776+0000] {dag.py:3427} INFO - Setting next_dagrun for dataset_produces_1 to 2022-12-02T00:00:00+00:00, run_after=2022-12-03T00:00:00+00:00
[2022-12-03T15:21:18.778+0000] {logging_mixin.py:137} INFO - [2022-12-03T15:21:18.778+0000] {dag.py:3427} INFO - Setting next_dagrun for dataset_produces_2 to None, run_after=None
[2022-12-03T15:21:18.796+0000] {processor.py:175} INFO - Processing /home/airflow/.local/lib/python3.7/site-packages/airflow/example_dags/example_datasets.py took 0.087 seconds
[2022-12-03T15:21:48.969+0000] {processor.py:153} INFO - Started process (PID=492) to work on /home/airflow/.local/lib/python3.7/site-packages/airflow/example_dags/example_datasets.py
[2022-12-03T15:21:48.971+0000] {processor.py:743} INFO - Processing file /home/airflow/.local/lib/python3.7/site-packages/airflow/example_dags/example_datasets.py for tasks to queue
[2022-12-03T15:21:48.971+0000] {logging_mixin.py:137} INFO - [2022-12-03T15:21:48.971+0000] {dagbag.py:538} INFO - Filling up the DagBag from /home/airflow/.local/lib/python3.7/site-packages/airflow/example_dags/example_datasets.py
[2022-12-03T15:21:48.984+0000] {processor.py:753} INFO - DAG(s) dict_keys(['dataset_consumes_1', 'dataset_consumes_1_never_scheduled', 'dataset_produces_2', 'dataset_produces_1', 'dataset_consumes_1_and_2', 'dataset_consumes_unknown_never_scheduled']) retrieved from /home/airflow/.local/lib/python3.7/site-packages/airflow/example_dags/example_datasets.py
[2022-12-03T15:21:49.040+0000] {logging_mixin.py:137} INFO - [2022-12-03T15:21:49.040+0000] {dag.py:2676} INFO - Sync 6 DAGs
[2022-12-03T15:21:49.054+0000] {logging_mixin.py:137} INFO - [2022-12-03T15:21:49.054+0000] {dag.py:3427} INFO - Setting next_dagrun for dataset_consumes_1 to None, run_after=None
[2022-12-03T15:21:49.056+0000] {logging_mixin.py:137} INFO - [2022-12-03T15:21:49.056+0000] {dag.py:3427} INFO - Setting next_dagrun for dataset_consumes_1_and_2 to None, run_after=None
[2022-12-03T15:21:49.058+0000] {logging_mixin.py:137} INFO - [2022-12-03T15:21:49.058+0000] {dag.py:3427} INFO - Setting next_dagrun for dataset_consumes_1_never_scheduled to None, run_after=None
[2022-12-03T15:21:49.060+0000] {logging_mixin.py:137} INFO - [2022-12-03T15:21:49.060+0000] {dag.py:3427} INFO - Setting next_dagrun for dataset_consumes_unknown_never_scheduled to None, run_after=None
[2022-12-03T15:21:49.063+0000] {logging_mixin.py:137} INFO - [2022-12-03T15:21:49.062+0000] {dag.py:3427} INFO - Setting next_dagrun for dataset_produces_1 to 2022-12-02T00:00:00+00:00, run_after=2022-12-03T00:00:00+00:00
[2022-12-03T15:21:49.064+0000] {logging_mixin.py:137} INFO - [2022-12-03T15:21:49.064+0000] {dag.py:3427} INFO - Setting next_dagrun for dataset_produces_2 to None, run_after=None
[2022-12-03T15:21:49.086+0000] {processor.py:175} INFO - Processing /home/airflow/.local/lib/python3.7/site-packages/airflow/example_dags/example_datasets.py took 0.119 seconds
[2022-12-03T15:22:19.191+0000] {processor.py:153} INFO - Started process (PID=705) to work on /home/airflow/.local/lib/python3.7/site-packages/airflow/example_dags/example_datasets.py
[2022-12-03T15:22:19.192+0000] {processor.py:743} INFO - Processing file /home/airflow/.local/lib/python3.7/site-packages/airflow/example_dags/example_datasets.py for tasks to queue
[2022-12-03T15:22:19.193+0000] {logging_mixin.py:137} INFO - [2022-12-03T15:22:19.193+0000] {dagbag.py:538} INFO - Filling up the DagBag from /home/airflow/.local/lib/python3.7/site-packages/airflow/example_dags/example_datasets.py
[2022-12-03T15:22:19.205+0000] {processor.py:753} INFO - DAG(s) dict_keys(['dataset_consumes_1', 'dataset_consumes_unknown_never_scheduled', 'dataset_consumes_1_and_2', 'dataset_produces_2', 'dataset_produces_1', 'dataset_consumes_1_never_scheduled']) retrieved from /home/airflow/.local/lib/python3.7/site-packages/airflow/example_dags/example_datasets.py
[2022-12-03T15:22:19.238+0000] {logging_mixin.py:137} INFO - [2022-12-03T15:22:19.238+0000] {dag.py:2676} INFO - Sync 6 DAGs
[2022-12-03T15:22:19.253+0000] {logging_mixin.py:137} INFO - [2022-12-03T15:22:19.253+0000] {dag.py:3427} INFO - Setting next_dagrun for dataset_consumes_1 to None, run_after=None
[2022-12-03T15:22:19.255+0000] {logging_mixin.py:137} INFO - [2022-12-03T15:22:19.255+0000] {dag.py:3427} INFO - Setting next_dagrun for dataset_consumes_1_and_2 to None, run_after=None
[2022-12-03T15:22:19.256+0000] {logging_mixin.py:137} INFO - [2022-12-03T15:22:19.256+0000] {dag.py:3427} INFO - Setting next_dagrun for dataset_consumes_1_never_scheduled to None, run_after=None
[2022-12-03T15:22:19.257+0000] {logging_mixin.py:137} INFO - [2022-12-03T15:22:19.257+0000] {dag.py:3427} INFO - Setting next_dagrun for dataset_consumes_unknown_never_scheduled to None, run_after=None
[2022-12-03T15:22:19.259+0000] {logging_mixin.py:137} INFO - [2022-12-03T15:22:19.259+0000] {dag.py:3427} INFO - Setting next_dagrun for dataset_produces_1 to 2022-12-02T00:00:00+00:00, run_after=2022-12-03T00:00:00+00:00
[2022-12-03T15:22:19.260+0000] {logging_mixin.py:137} INFO - [2022-12-03T15:22:19.260+0000] {dag.py:3427} INFO - Setting next_dagrun for dataset_produces_2 to None, run_after=None
[2022-12-03T15:22:19.280+0000] {processor.py:175} INFO - Processing /home/airflow/.local/lib/python3.7/site-packages/airflow/example_dags/example_datasets.py took 0.091 seconds
[2022-12-03T15:22:49.816+0000] {processor.py:153} INFO - Started process (PID=931) to work on /home/airflow/.local/lib/python3.7/site-packages/airflow/example_dags/example_datasets.py
[2022-12-03T15:22:49.818+0000] {processor.py:743} INFO - Processing file /home/airflow/.local/lib/python3.7/site-packages/airflow/example_dags/example_datasets.py for tasks to queue
[2022-12-03T15:22:49.820+0000] {logging_mixin.py:137} INFO - [2022-12-03T15:22:49.820+0000] {dagbag.py:538} INFO - Filling up the DagBag from /home/airflow/.local/lib/python3.7/site-packages/airflow/example_dags/example_datasets.py
[2022-12-03T15:22:49.833+0000] {processor.py:753} INFO - DAG(s) dict_keys(['dataset_produces_2', 'dataset_produces_1', 'dataset_consumes_1', 'dataset_consumes_1_and_2', 'dataset_consumes_unknown_never_scheduled', 'dataset_consumes_1_never_scheduled']) retrieved from /home/airflow/.local/lib/python3.7/site-packages/airflow/example_dags/example_datasets.py
[2022-12-03T15:22:49.878+0000] {logging_mixin.py:137} INFO - [2022-12-03T15:22:49.878+0000] {dag.py:2676} INFO - Sync 6 DAGs
[2022-12-03T15:22:49.896+0000] {logging_mixin.py:137} INFO - [2022-12-03T15:22:49.896+0000] {dag.py:3427} INFO - Setting next_dagrun for dataset_consumes_1 to None, run_after=None
[2022-12-03T15:22:49.900+0000] {logging_mixin.py:137} INFO - [2022-12-03T15:22:49.900+0000] {dag.py:3427} INFO - Setting next_dagrun for dataset_consumes_1_and_2 to None, run_after=None
[2022-12-03T15:22:49.902+0000] {logging_mixin.py:137} INFO - [2022-12-03T15:22:49.902+0000] {dag.py:3427} INFO - Setting next_dagrun for dataset_consumes_1_never_scheduled to None, run_after=None
[2022-12-03T15:22:49.903+0000] {logging_mixin.py:137} INFO - [2022-12-03T15:22:49.903+0000] {dag.py:3427} INFO - Setting next_dagrun for dataset_consumes_unknown_never_scheduled to None, run_after=None
[2022-12-03T15:22:49.906+0000] {logging_mixin.py:137} INFO - [2022-12-03T15:22:49.906+0000] {dag.py:3427} INFO - Setting next_dagrun for dataset_produces_1 to 2022-12-02T00:00:00+00:00, run_after=2022-12-03T00:00:00+00:00
[2022-12-03T15:22:49.908+0000] {logging_mixin.py:137} INFO - [2022-12-03T15:22:49.908+0000] {dag.py:3427} INFO - Setting next_dagrun for dataset_produces_2 to None, run_after=None
[2022-12-03T15:22:49.932+0000] {processor.py:175} INFO - Processing /home/airflow/.local/lib/python3.7/site-packages/airflow/example_dags/example_datasets.py took 0.118 seconds
[2022-12-03T15:23:20.568+0000] {processor.py:153} INFO - Started process (PID=1158) to work on /home/airflow/.local/lib/python3.7/site-packages/airflow/example_dags/example_datasets.py
[2022-12-03T15:23:20.570+0000] {processor.py:743} INFO - Processing file /home/airflow/.local/lib/python3.7/site-packages/airflow/example_dags/example_datasets.py for tasks to queue
[2022-12-03T15:23:20.572+0000] {logging_mixin.py:137} INFO - [2022-12-03T15:23:20.572+0000] {dagbag.py:538} INFO - Filling up the DagBag from /home/airflow/.local/lib/python3.7/site-packages/airflow/example_dags/example_datasets.py
[2022-12-03T15:23:20.584+0000] {processor.py:753} INFO - DAG(s) dict_keys(['dataset_produces_1', 'dataset_consumes_1_never_scheduled', 'dataset_produces_2', 'dataset_consumes_unknown_never_scheduled', 'dataset_consumes_1', 'dataset_consumes_1_and_2']) retrieved from /home/airflow/.local/lib/python3.7/site-packages/airflow/example_dags/example_datasets.py
[2022-12-03T15:23:20.618+0000] {logging_mixin.py:137} INFO - [2022-12-03T15:23:20.618+0000] {dag.py:2676} INFO - Sync 6 DAGs
[2022-12-03T15:23:20.638+0000] {logging_mixin.py:137} INFO - [2022-12-03T15:23:20.638+0000] {dag.py:3427} INFO - Setting next_dagrun for dataset_consumes_1 to None, run_after=None
[2022-12-03T15:23:20.642+0000] {logging_mixin.py:137} INFO - [2022-12-03T15:23:20.641+0000] {dag.py:3427} INFO - Setting next_dagrun for dataset_consumes_1_and_2 to None, run_after=None
[2022-12-03T15:23:20.643+0000] {logging_mixin.py:137} INFO - [2022-12-03T15:23:20.643+0000] {dag.py:3427} INFO - Setting next_dagrun for dataset_consumes_1_never_scheduled to None, run_after=None
[2022-12-03T15:23:20.644+0000] {logging_mixin.py:137} INFO - [2022-12-03T15:23:20.644+0000] {dag.py:3427} INFO - Setting next_dagrun for dataset_consumes_unknown_never_scheduled to None, run_after=None
[2022-12-03T15:23:20.646+0000] {logging_mixin.py:137} INFO - [2022-12-03T15:23:20.646+0000] {dag.py:3427} INFO - Setting next_dagrun for dataset_produces_1 to 2022-12-02T00:00:00+00:00, run_after=2022-12-03T00:00:00+00:00
[2022-12-03T15:23:20.647+0000] {logging_mixin.py:137} INFO - [2022-12-03T15:23:20.647+0000] {dag.py:3427} INFO - Setting next_dagrun for dataset_produces_2 to None, run_after=None
[2022-12-03T15:23:20.670+0000] {processor.py:175} INFO - Processing /home/airflow/.local/lib/python3.7/site-packages/airflow/example_dags/example_datasets.py took 0.104 seconds
[2022-12-03T15:23:51.051+0000] {processor.py:153} INFO - Started process (PID=1372) to work on /home/airflow/.local/lib/python3.7/site-packages/airflow/example_dags/example_datasets.py
[2022-12-03T15:23:51.053+0000] {processor.py:743} INFO - Processing file /home/airflow/.local/lib/python3.7/site-packages/airflow/example_dags/example_datasets.py for tasks to queue
[2022-12-03T15:23:51.054+0000] {logging_mixin.py:137} INFO - [2022-12-03T15:23:51.054+0000] {dagbag.py:538} INFO - Filling up the DagBag from /home/airflow/.local/lib/python3.7/site-packages/airflow/example_dags/example_datasets.py
[2022-12-03T15:23:51.064+0000] {processor.py:753} INFO - DAG(s) dict_keys(['dataset_consumes_1_never_scheduled', 'dataset_consumes_unknown_never_scheduled', 'dataset_produces_1', 'dataset_consumes_1_and_2', 'dataset_consumes_1', 'dataset_produces_2']) retrieved from /home/airflow/.local/lib/python3.7/site-packages/airflow/example_dags/example_datasets.py
[2022-12-03T15:23:51.101+0000] {logging_mixin.py:137} INFO - [2022-12-03T15:23:51.101+0000] {dag.py:2676} INFO - Sync 6 DAGs
[2022-12-03T15:23:51.118+0000] {logging_mixin.py:137} INFO - [2022-12-03T15:23:51.118+0000] {dag.py:3427} INFO - Setting next_dagrun for dataset_consumes_1 to None, run_after=None
[2022-12-03T15:23:51.124+0000] {logging_mixin.py:137} INFO - [2022-12-03T15:23:51.124+0000] {dag.py:3427} INFO - Setting next_dagrun for dataset_consumes_1_and_2 to None, run_after=None
[2022-12-03T15:23:51.125+0000] {logging_mixin.py:137} INFO - [2022-12-03T15:23:51.125+0000] {dag.py:3427} INFO - Setting next_dagrun for dataset_consumes_1_never_scheduled to None, run_after=None
[2022-12-03T15:23:51.126+0000] {logging_mixin.py:137} INFO - [2022-12-03T15:23:51.126+0000] {dag.py:3427} INFO - Setting next_dagrun for dataset_consumes_unknown_never_scheduled to None, run_after=None
[2022-12-03T15:23:51.128+0000] {logging_mixin.py:137} INFO - [2022-12-03T15:23:51.127+0000] {dag.py:3427} INFO - Setting next_dagrun for dataset_produces_1 to 2022-12-02T00:00:00+00:00, run_after=2022-12-03T00:00:00+00:00
[2022-12-03T15:23:51.128+0000] {logging_mixin.py:137} INFO - [2022-12-03T15:23:51.128+0000] {dag.py:3427} INFO - Setting next_dagrun for dataset_produces_2 to None, run_after=None
[2022-12-03T15:23:51.150+0000] {processor.py:175} INFO - Processing /home/airflow/.local/lib/python3.7/site-packages/airflow/example_dags/example_datasets.py took 0.101 seconds
[2022-12-03T15:24:21.419+0000] {processor.py:153} INFO - Started process (PID=1599) to work on /home/airflow/.local/lib/python3.7/site-packages/airflow/example_dags/example_datasets.py
[2022-12-03T15:24:21.421+0000] {processor.py:743} INFO - Processing file /home/airflow/.local/lib/python3.7/site-packages/airflow/example_dags/example_datasets.py for tasks to queue
[2022-12-03T15:24:21.421+0000] {logging_mixin.py:137} INFO - [2022-12-03T15:24:21.421+0000] {dagbag.py:538} INFO - Filling up the DagBag from /home/airflow/.local/lib/python3.7/site-packages/airflow/example_dags/example_datasets.py
[2022-12-03T15:24:21.434+0000] {processor.py:753} INFO - DAG(s) dict_keys(['dataset_consumes_unknown_never_scheduled', 'dataset_produces_1', 'dataset_consumes_1', 'dataset_consumes_1_and_2', 'dataset_produces_2', 'dataset_consumes_1_never_scheduled']) retrieved from /home/airflow/.local/lib/python3.7/site-packages/airflow/example_dags/example_datasets.py
[2022-12-03T15:24:21.475+0000] {logging_mixin.py:137} INFO - [2022-12-03T15:24:21.475+0000] {dag.py:2676} INFO - Sync 6 DAGs
[2022-12-03T15:24:21.492+0000] {logging_mixin.py:137} INFO - [2022-12-03T15:24:21.492+0000] {dag.py:3427} INFO - Setting next_dagrun for dataset_consumes_1 to None, run_after=None
[2022-12-03T15:24:21.494+0000] {logging_mixin.py:137} INFO - [2022-12-03T15:24:21.494+0000] {dag.py:3427} INFO - Setting next_dagrun for dataset_consumes_1_and_2 to None, run_after=None
[2022-12-03T15:24:21.496+0000] {logging_mixin.py:137} INFO - [2022-12-03T15:24:21.496+0000] {dag.py:3427} INFO - Setting next_dagrun for dataset_consumes_1_never_scheduled to None, run_after=None
[2022-12-03T15:24:21.497+0000] {logging_mixin.py:137} INFO - [2022-12-03T15:24:21.497+0000] {dag.py:3427} INFO - Setting next_dagrun for dataset_consumes_unknown_never_scheduled to None, run_after=None
[2022-12-03T15:24:21.498+0000] {logging_mixin.py:137} INFO - [2022-12-03T15:24:21.498+0000] {dag.py:3427} INFO - Setting next_dagrun for dataset_produces_1 to 2022-12-02T00:00:00+00:00, run_after=2022-12-03T00:00:00+00:00
[2022-12-03T15:24:21.499+0000] {logging_mixin.py:137} INFO - [2022-12-03T15:24:21.499+0000] {dag.py:3427} INFO - Setting next_dagrun for dataset_produces_2 to None, run_after=None
[2022-12-03T15:24:21.516+0000] {processor.py:175} INFO - Processing /home/airflow/.local/lib/python3.7/site-packages/airflow/example_dags/example_datasets.py took 0.100 seconds
[2022-12-03T15:24:51.968+0000] {processor.py:153} INFO - Started process (PID=1824) to work on /home/airflow/.local/lib/python3.7/site-packages/airflow/example_dags/example_datasets.py
[2022-12-03T15:24:51.969+0000] {processor.py:743} INFO - Processing file /home/airflow/.local/lib/python3.7/site-packages/airflow/example_dags/example_datasets.py for tasks to queue
[2022-12-03T15:24:51.970+0000] {logging_mixin.py:137} INFO - [2022-12-03T15:24:51.970+0000] {dagbag.py:538} INFO - Filling up the DagBag from /home/airflow/.local/lib/python3.7/site-packages/airflow/example_dags/example_datasets.py
[2022-12-03T15:24:51.982+0000] {processor.py:753} INFO - DAG(s) dict_keys(['dataset_produces_2', 'dataset_consumes_unknown_never_scheduled', 'dataset_consumes_1', 'dataset_consumes_1_and_2', 'dataset_consumes_1_never_scheduled', 'dataset_produces_1']) retrieved from /home/airflow/.local/lib/python3.7/site-packages/airflow/example_dags/example_datasets.py
[2022-12-03T15:24:52.014+0000] {logging_mixin.py:137} INFO - [2022-12-03T15:24:52.014+0000] {dag.py:2676} INFO - Sync 6 DAGs
[2022-12-03T15:24:52.031+0000] {logging_mixin.py:137} INFO - [2022-12-03T15:24:52.031+0000] {dag.py:3427} INFO - Setting next_dagrun for dataset_consumes_1 to None, run_after=None
[2022-12-03T15:24:52.033+0000] {logging_mixin.py:137} INFO - [2022-12-03T15:24:52.033+0000] {dag.py:3427} INFO - Setting next_dagrun for dataset_consumes_1_and_2 to None, run_after=None
[2022-12-03T15:24:52.035+0000] {logging_mixin.py:137} INFO - [2022-12-03T15:24:52.034+0000] {dag.py:3427} INFO - Setting next_dagrun for dataset_consumes_1_never_scheduled to None, run_after=None
[2022-12-03T15:24:52.036+0000] {logging_mixin.py:137} INFO - [2022-12-03T15:24:52.036+0000] {dag.py:3427} INFO - Setting next_dagrun for dataset_consumes_unknown_never_scheduled to None, run_after=None
[2022-12-03T15:24:52.038+0000] {logging_mixin.py:137} INFO - [2022-12-03T15:24:52.038+0000] {dag.py:3427} INFO - Setting next_dagrun for dataset_produces_1 to 2022-12-02T00:00:00+00:00, run_after=2022-12-03T00:00:00+00:00
[2022-12-03T15:24:52.039+0000] {logging_mixin.py:137} INFO - [2022-12-03T15:24:52.039+0000] {dag.py:3427} INFO - Setting next_dagrun for dataset_produces_2 to None, run_after=None
[2022-12-03T15:24:52.055+0000] {processor.py:175} INFO - Processing /home/airflow/.local/lib/python3.7/site-packages/airflow/example_dags/example_datasets.py took 0.090 seconds
[2022-12-03T15:25:22.246+0000] {processor.py:153} INFO - Started process (PID=2039) to work on /home/airflow/.local/lib/python3.7/site-packages/airflow/example_dags/example_datasets.py
[2022-12-03T15:25:22.247+0000] {processor.py:743} INFO - Processing file /home/airflow/.local/lib/python3.7/site-packages/airflow/example_dags/example_datasets.py for tasks to queue
[2022-12-03T15:25:22.248+0000] {logging_mixin.py:137} INFO - [2022-12-03T15:25:22.247+0000] {dagbag.py:538} INFO - Filling up the DagBag from /home/airflow/.local/lib/python3.7/site-packages/airflow/example_dags/example_datasets.py
[2022-12-03T15:25:22.259+0000] {processor.py:753} INFO - DAG(s) dict_keys(['dataset_consumes_1_and_2', 'dataset_produces_1', 'dataset_consumes_1', 'dataset_consumes_1_never_scheduled', 'dataset_consumes_unknown_never_scheduled', 'dataset_produces_2']) retrieved from /home/airflow/.local/lib/python3.7/site-packages/airflow/example_dags/example_datasets.py
[2022-12-03T15:25:22.292+0000] {logging_mixin.py:137} INFO - [2022-12-03T15:25:22.292+0000] {dag.py:2676} INFO - Sync 6 DAGs
[2022-12-03T15:25:22.307+0000] {logging_mixin.py:137} INFO - [2022-12-03T15:25:22.307+0000] {dag.py:3427} INFO - Setting next_dagrun for dataset_consumes_1 to None, run_after=None
[2022-12-03T15:25:22.310+0000] {logging_mixin.py:137} INFO - [2022-12-03T15:25:22.310+0000] {dag.py:3427} INFO - Setting next_dagrun for dataset_consumes_1_and_2 to None, run_after=None
[2022-12-03T15:25:22.311+0000] {logging_mixin.py:137} INFO - [2022-12-03T15:25:22.311+0000] {dag.py:3427} INFO - Setting next_dagrun for dataset_consumes_1_never_scheduled to None, run_after=None
[2022-12-03T15:25:22.312+0000] {logging_mixin.py:137} INFO - [2022-12-03T15:25:22.312+0000] {dag.py:3427} INFO - Setting next_dagrun for dataset_consumes_unknown_never_scheduled to None, run_after=None
[2022-12-03T15:25:22.314+0000] {logging_mixin.py:137} INFO - [2022-12-03T15:25:22.314+0000] {dag.py:3427} INFO - Setting next_dagrun for dataset_produces_1 to 2022-12-02T00:00:00+00:00, run_after=2022-12-03T00:00:00+00:00
[2022-12-03T15:25:22.315+0000] {logging_mixin.py:137} INFO - [2022-12-03T15:25:22.315+0000] {dag.py:3427} INFO - Setting next_dagrun for dataset_produces_2 to None, run_after=None
[2022-12-03T15:25:22.332+0000] {processor.py:175} INFO - Processing /home/airflow/.local/lib/python3.7/site-packages/airflow/example_dags/example_datasets.py took 0.089 seconds
[2022-12-03T15:25:52.596+0000] {processor.py:153} INFO - Started process (PID=2267) to work on /home/airflow/.local/lib/python3.7/site-packages/airflow/example_dags/example_datasets.py
[2022-12-03T15:25:52.597+0000] {processor.py:743} INFO - Processing file /home/airflow/.local/lib/python3.7/site-packages/airflow/example_dags/example_datasets.py for tasks to queue
[2022-12-03T15:25:52.598+0000] {logging_mixin.py:137} INFO - [2022-12-03T15:25:52.598+0000] {dagbag.py:538} INFO - Filling up the DagBag from /home/airflow/.local/lib/python3.7/site-packages/airflow/example_dags/example_datasets.py
[2022-12-03T15:25:52.609+0000] {processor.py:753} INFO - DAG(s) dict_keys(['dataset_consumes_unknown_never_scheduled', 'dataset_produces_2', 'dataset_consumes_1_never_scheduled', 'dataset_consumes_1', 'dataset_produces_1', 'dataset_consumes_1_and_2']) retrieved from /home/airflow/.local/lib/python3.7/site-packages/airflow/example_dags/example_datasets.py
[2022-12-03T15:25:52.642+0000] {logging_mixin.py:137} INFO - [2022-12-03T15:25:52.642+0000] {dag.py:2676} INFO - Sync 6 DAGs
[2022-12-03T15:25:52.657+0000] {logging_mixin.py:137} INFO - [2022-12-03T15:25:52.657+0000] {dag.py:3427} INFO - Setting next_dagrun for dataset_consumes_1 to None, run_after=None
[2022-12-03T15:25:52.659+0000] {logging_mixin.py:137} INFO - [2022-12-03T15:25:52.659+0000] {dag.py:3427} INFO - Setting next_dagrun for dataset_consumes_1_and_2 to None, run_after=None
[2022-12-03T15:25:52.660+0000] {logging_mixin.py:137} INFO - [2022-12-03T15:25:52.660+0000] {dag.py:3427} INFO - Setting next_dagrun for dataset_consumes_1_never_scheduled to None, run_after=None
[2022-12-03T15:25:52.661+0000] {logging_mixin.py:137} INFO - [2022-12-03T15:25:52.661+0000] {dag.py:3427} INFO - Setting next_dagrun for dataset_consumes_unknown_never_scheduled to None, run_after=None
[2022-12-03T15:25:52.663+0000] {logging_mixin.py:137} INFO - [2022-12-03T15:25:52.663+0000] {dag.py:3427} INFO - Setting next_dagrun for dataset_produces_1 to 2022-12-02T00:00:00+00:00, run_after=2022-12-03T00:00:00+00:00
[2022-12-03T15:25:52.664+0000] {logging_mixin.py:137} INFO - [2022-12-03T15:25:52.664+0000] {dag.py:3427} INFO - Setting next_dagrun for dataset_produces_2 to None, run_after=None
[2022-12-03T15:25:52.681+0000] {processor.py:175} INFO - Processing /home/airflow/.local/lib/python3.7/site-packages/airflow/example_dags/example_datasets.py took 0.087 seconds
[2022-12-03T15:26:23.046+0000] {processor.py:153} INFO - Started process (PID=2490) to work on /home/airflow/.local/lib/python3.7/site-packages/airflow/example_dags/example_datasets.py
[2022-12-03T15:26:23.047+0000] {processor.py:743} INFO - Processing file /home/airflow/.local/lib/python3.7/site-packages/airflow/example_dags/example_datasets.py for tasks to queue
[2022-12-03T15:26:23.047+0000] {logging_mixin.py:137} INFO - [2022-12-03T15:26:23.047+0000] {dagbag.py:538} INFO - Filling up the DagBag from /home/airflow/.local/lib/python3.7/site-packages/airflow/example_dags/example_datasets.py
[2022-12-03T15:26:23.058+0000] {processor.py:753} INFO - DAG(s) dict_keys(['dataset_produces_2', 'dataset_consumes_1_and_2', 'dataset_consumes_1', 'dataset_consumes_unknown_never_scheduled', 'dataset_consumes_1_never_scheduled', 'dataset_produces_1']) retrieved from /home/airflow/.local/lib/python3.7/site-packages/airflow/example_dags/example_datasets.py
[2022-12-03T15:26:23.090+0000] {logging_mixin.py:137} INFO - [2022-12-03T15:26:23.090+0000] {dag.py:2676} INFO - Sync 6 DAGs
[2022-12-03T15:26:23.106+0000] {logging_mixin.py:137} INFO - [2022-12-03T15:26:23.106+0000] {dag.py:3427} INFO - Setting next_dagrun for dataset_consumes_1 to None, run_after=None
[2022-12-03T15:26:23.108+0000] {logging_mixin.py:137} INFO - [2022-12-03T15:26:23.108+0000] {dag.py:3427} INFO - Setting next_dagrun for dataset_consumes_1_and_2 to None, run_after=None
[2022-12-03T15:26:23.109+0000] {logging_mixin.py:137} INFO - [2022-12-03T15:26:23.109+0000] {dag.py:3427} INFO - Setting next_dagrun for dataset_consumes_1_never_scheduled to None, run_after=None
[2022-12-03T15:26:23.110+0000] {logging_mixin.py:137} INFO - [2022-12-03T15:26:23.110+0000] {dag.py:3427} INFO - Setting next_dagrun for dataset_consumes_unknown_never_scheduled to None, run_after=None
[2022-12-03T15:26:23.112+0000] {logging_mixin.py:137} INFO - [2022-12-03T15:26:23.112+0000] {dag.py:3427} INFO - Setting next_dagrun for dataset_produces_1 to 2022-12-02T00:00:00+00:00, run_after=2022-12-03T00:00:00+00:00
[2022-12-03T15:26:23.113+0000] {logging_mixin.py:137} INFO - [2022-12-03T15:26:23.113+0000] {dag.py:3427} INFO - Setting next_dagrun for dataset_produces_2 to None, run_after=None
[2022-12-03T15:26:23.130+0000] {processor.py:175} INFO - Processing /home/airflow/.local/lib/python3.7/site-packages/airflow/example_dags/example_datasets.py took 0.087 seconds
[2022-12-03T15:26:53.246+0000] {processor.py:153} INFO - Started process (PID=2704) to work on /home/airflow/.local/lib/python3.7/site-packages/airflow/example_dags/example_datasets.py
[2022-12-03T15:26:53.247+0000] {processor.py:743} INFO - Processing file /home/airflow/.local/lib/python3.7/site-packages/airflow/example_dags/example_datasets.py for tasks to queue
[2022-12-03T15:26:53.248+0000] {logging_mixin.py:137} INFO - [2022-12-03T15:26:53.248+0000] {dagbag.py:538} INFO - Filling up the DagBag from /home/airflow/.local/lib/python3.7/site-packages/airflow/example_dags/example_datasets.py
[2022-12-03T15:26:53.260+0000] {processor.py:753} INFO - DAG(s) dict_keys(['dataset_consumes_1', 'dataset_consumes_1_never_scheduled', 'dataset_consumes_1_and_2', 'dataset_produces_2', 'dataset_produces_1', 'dataset_consumes_unknown_never_scheduled']) retrieved from /home/airflow/.local/lib/python3.7/site-packages/airflow/example_dags/example_datasets.py
[2022-12-03T15:26:53.296+0000] {logging_mixin.py:137} INFO - [2022-12-03T15:26:53.296+0000] {dag.py:2676} INFO - Sync 6 DAGs
[2022-12-03T15:26:53.311+0000] {logging_mixin.py:137} INFO - [2022-12-03T15:26:53.310+0000] {dag.py:3427} INFO - Setting next_dagrun for dataset_consumes_1 to None, run_after=None
[2022-12-03T15:26:53.313+0000] {logging_mixin.py:137} INFO - [2022-12-03T15:26:53.313+0000] {dag.py:3427} INFO - Setting next_dagrun for dataset_consumes_1_and_2 to None, run_after=None
[2022-12-03T15:26:53.314+0000] {logging_mixin.py:137} INFO - [2022-12-03T15:26:53.314+0000] {dag.py:3427} INFO - Setting next_dagrun for dataset_consumes_1_never_scheduled to None, run_after=None
[2022-12-03T15:26:53.316+0000] {logging_mixin.py:137} INFO - [2022-12-03T15:26:53.315+0000] {dag.py:3427} INFO - Setting next_dagrun for dataset_consumes_unknown_never_scheduled to None, run_after=None
[2022-12-03T15:26:53.317+0000] {logging_mixin.py:137} INFO - [2022-12-03T15:26:53.317+0000] {dag.py:3427} INFO - Setting next_dagrun for dataset_produces_1 to 2022-12-02T00:00:00+00:00, run_after=2022-12-03T00:00:00+00:00
[2022-12-03T15:26:53.318+0000] {logging_mixin.py:137} INFO - [2022-12-03T15:26:53.318+0000] {dag.py:3427} INFO - Setting next_dagrun for dataset_produces_2 to None, run_after=None
[2022-12-03T15:26:53.337+0000] {processor.py:175} INFO - Processing /home/airflow/.local/lib/python3.7/site-packages/airflow/example_dags/example_datasets.py took 0.093 seconds
[2022-12-03T15:27:24.510+0000] {processor.py:153} INFO - Started process (PID=2930) to work on /home/airflow/.local/lib/python3.7/site-packages/airflow/example_dags/example_datasets.py
[2022-12-03T15:27:24.511+0000] {processor.py:743} INFO - Processing file /home/airflow/.local/lib/python3.7/site-packages/airflow/example_dags/example_datasets.py for tasks to queue
[2022-12-03T15:27:24.512+0000] {logging_mixin.py:137} INFO - [2022-12-03T15:27:24.512+0000] {dagbag.py:538} INFO - Filling up the DagBag from /home/airflow/.local/lib/python3.7/site-packages/airflow/example_dags/example_datasets.py
[2022-12-03T15:27:24.522+0000] {processor.py:753} INFO - DAG(s) dict_keys(['dataset_consumes_unknown_never_scheduled', 'dataset_consumes_1_never_scheduled', 'dataset_produces_2', 'dataset_consumes_1', 'dataset_consumes_1_and_2', 'dataset_produces_1']) retrieved from /home/airflow/.local/lib/python3.7/site-packages/airflow/example_dags/example_datasets.py
[2022-12-03T15:27:24.554+0000] {logging_mixin.py:137} INFO - [2022-12-03T15:27:24.554+0000] {dag.py:2676} INFO - Sync 6 DAGs
[2022-12-03T15:27:24.571+0000] {logging_mixin.py:137} INFO - [2022-12-03T15:27:24.571+0000] {dag.py:3427} INFO - Setting next_dagrun for dataset_consumes_1 to None, run_after=None
[2022-12-03T15:27:24.574+0000] {logging_mixin.py:137} INFO - [2022-12-03T15:27:24.573+0000] {dag.py:3427} INFO - Setting next_dagrun for dataset_consumes_1_and_2 to None, run_after=None
[2022-12-03T15:27:24.575+0000] {logging_mixin.py:137} INFO - [2022-12-03T15:27:24.575+0000] {dag.py:3427} INFO - Setting next_dagrun for dataset_consumes_1_never_scheduled to None, run_after=None
[2022-12-03T15:27:24.576+0000] {logging_mixin.py:137} INFO - [2022-12-03T15:27:24.576+0000] {dag.py:3427} INFO - Setting next_dagrun for dataset_consumes_unknown_never_scheduled to None, run_after=None
[2022-12-03T15:27:24.577+0000] {logging_mixin.py:137} INFO - [2022-12-03T15:27:24.577+0000] {dag.py:3427} INFO - Setting next_dagrun for dataset_produces_1 to 2022-12-02T00:00:00+00:00, run_after=2022-12-03T00:00:00+00:00
[2022-12-03T15:27:24.578+0000] {logging_mixin.py:137} INFO - [2022-12-03T15:27:24.578+0000] {dag.py:3427} INFO - Setting next_dagrun for dataset_produces_2 to None, run_after=None
[2022-12-03T15:27:24.596+0000] {processor.py:175} INFO - Processing /home/airflow/.local/lib/python3.7/site-packages/airflow/example_dags/example_datasets.py took 0.089 seconds
[2022-12-03T15:27:54.821+0000] {processor.py:153} INFO - Started process (PID=3157) to work on /home/airflow/.local/lib/python3.7/site-packages/airflow/example_dags/example_datasets.py
[2022-12-03T15:27:54.822+0000] {processor.py:743} INFO - Processing file /home/airflow/.local/lib/python3.7/site-packages/airflow/example_dags/example_datasets.py for tasks to queue
[2022-12-03T15:27:54.823+0000] {logging_mixin.py:137} INFO - [2022-12-03T15:27:54.823+0000] {dagbag.py:538} INFO - Filling up the DagBag from /home/airflow/.local/lib/python3.7/site-packages/airflow/example_dags/example_datasets.py
[2022-12-03T15:27:54.834+0000] {processor.py:753} INFO - DAG(s) dict_keys(['dataset_consumes_unknown_never_scheduled', 'dataset_consumes_1', 'dataset_consumes_1_never_scheduled', 'dataset_produces_2', 'dataset_consumes_1_and_2', 'dataset_produces_1']) retrieved from /home/airflow/.local/lib/python3.7/site-packages/airflow/example_dags/example_datasets.py
[2022-12-03T15:27:54.868+0000] {logging_mixin.py:137} INFO - [2022-12-03T15:27:54.868+0000] {dag.py:2676} INFO - Sync 6 DAGs
[2022-12-03T15:27:54.883+0000] {logging_mixin.py:137} INFO - [2022-12-03T15:27:54.882+0000] {dag.py:3427} INFO - Setting next_dagrun for dataset_consumes_1 to None, run_after=None
[2022-12-03T15:27:54.885+0000] {logging_mixin.py:137} INFO - [2022-12-03T15:27:54.885+0000] {dag.py:3427} INFO - Setting next_dagrun for dataset_consumes_1_and_2 to None, run_after=None
[2022-12-03T15:27:54.886+0000] {logging_mixin.py:137} INFO - [2022-12-03T15:27:54.886+0000] {dag.py:3427} INFO - Setting next_dagrun for dataset_consumes_1_never_scheduled to None, run_after=None
[2022-12-03T15:27:54.887+0000] {logging_mixin.py:137} INFO - [2022-12-03T15:27:54.887+0000] {dag.py:3427} INFO - Setting next_dagrun for dataset_consumes_unknown_never_scheduled to None, run_after=None
[2022-12-03T15:27:54.889+0000] {logging_mixin.py:137} INFO - [2022-12-03T15:27:54.889+0000] {dag.py:3427} INFO - Setting next_dagrun for dataset_produces_1 to 2022-12-02T00:00:00+00:00, run_after=2022-12-03T00:00:00+00:00
[2022-12-03T15:27:54.890+0000] {logging_mixin.py:137} INFO - [2022-12-03T15:27:54.890+0000] {dag.py:3427} INFO - Setting next_dagrun for dataset_produces_2 to None, run_after=None
[2022-12-03T15:27:54.907+0000] {processor.py:175} INFO - Processing /home/airflow/.local/lib/python3.7/site-packages/airflow/example_dags/example_datasets.py took 0.089 seconds
[2022-12-03T15:28:25.205+0000] {processor.py:153} INFO - Started process (PID=3370) to work on /home/airflow/.local/lib/python3.7/site-packages/airflow/example_dags/example_datasets.py
[2022-12-03T15:28:25.207+0000] {processor.py:743} INFO - Processing file /home/airflow/.local/lib/python3.7/site-packages/airflow/example_dags/example_datasets.py for tasks to queue
[2022-12-03T15:28:25.207+0000] {logging_mixin.py:137} INFO - [2022-12-03T15:28:25.207+0000] {dagbag.py:538} INFO - Filling up the DagBag from /home/airflow/.local/lib/python3.7/site-packages/airflow/example_dags/example_datasets.py
[2022-12-03T15:28:25.219+0000] {processor.py:753} INFO - DAG(s) dict_keys(['dataset_consumes_1', 'dataset_consumes_1_and_2', 'dataset_consumes_1_never_scheduled', 'dataset_consumes_unknown_never_scheduled', 'dataset_produces_2', 'dataset_produces_1']) retrieved from /home/airflow/.local/lib/python3.7/site-packages/airflow/example_dags/example_datasets.py
[2022-12-03T15:28:25.252+0000] {logging_mixin.py:137} INFO - [2022-12-03T15:28:25.252+0000] {dag.py:2676} INFO - Sync 6 DAGs
[2022-12-03T15:28:25.267+0000] {logging_mixin.py:137} INFO - [2022-12-03T15:28:25.267+0000] {dag.py:3427} INFO - Setting next_dagrun for dataset_consumes_1 to None, run_after=None
[2022-12-03T15:28:25.269+0000] {logging_mixin.py:137} INFO - [2022-12-03T15:28:25.269+0000] {dag.py:3427} INFO - Setting next_dagrun for dataset_consumes_1_and_2 to None, run_after=None
[2022-12-03T15:28:25.270+0000] {logging_mixin.py:137} INFO - [2022-12-03T15:28:25.270+0000] {dag.py:3427} INFO - Setting next_dagrun for dataset_consumes_1_never_scheduled to None, run_after=None
[2022-12-03T15:28:25.271+0000] {logging_mixin.py:137} INFO - [2022-12-03T15:28:25.271+0000] {dag.py:3427} INFO - Setting next_dagrun for dataset_consumes_unknown_never_scheduled to None, run_after=None
[2022-12-03T15:28:25.273+0000] {logging_mixin.py:137} INFO - [2022-12-03T15:28:25.273+0000] {dag.py:3427} INFO - Setting next_dagrun for dataset_produces_1 to 2022-12-02T00:00:00+00:00, run_after=2022-12-03T00:00:00+00:00
[2022-12-03T15:28:25.274+0000] {logging_mixin.py:137} INFO - [2022-12-03T15:28:25.274+0000] {dag.py:3427} INFO - Setting next_dagrun for dataset_produces_2 to None, run_after=None
[2022-12-03T15:28:25.291+0000] {processor.py:175} INFO - Processing /home/airflow/.local/lib/python3.7/site-packages/airflow/example_dags/example_datasets.py took 0.088 seconds
[2022-12-03T15:28:55.778+0000] {processor.py:153} INFO - Started process (PID=3595) to work on /home/airflow/.local/lib/python3.7/site-packages/airflow/example_dags/example_datasets.py
[2022-12-03T15:28:55.780+0000] {processor.py:743} INFO - Processing file /home/airflow/.local/lib/python3.7/site-packages/airflow/example_dags/example_datasets.py for tasks to queue
[2022-12-03T15:28:55.781+0000] {logging_mixin.py:137} INFO - [2022-12-03T15:28:55.781+0000] {dagbag.py:538} INFO - Filling up the DagBag from /home/airflow/.local/lib/python3.7/site-packages/airflow/example_dags/example_datasets.py
[2022-12-03T15:28:55.791+0000] {processor.py:753} INFO - DAG(s) dict_keys(['dataset_consumes_1_and_2', 'dataset_consumes_1', 'dataset_produces_2', 'dataset_produces_1', 'dataset_consumes_unknown_never_scheduled', 'dataset_consumes_1_never_scheduled']) retrieved from /home/airflow/.local/lib/python3.7/site-packages/airflow/example_dags/example_datasets.py
[2022-12-03T15:28:55.824+0000] {logging_mixin.py:137} INFO - [2022-12-03T15:28:55.824+0000] {dag.py:2676} INFO - Sync 6 DAGs
[2022-12-03T15:28:55.840+0000] {logging_mixin.py:137} INFO - [2022-12-03T15:28:55.839+0000] {dag.py:3427} INFO - Setting next_dagrun for dataset_consumes_1 to None, run_after=None
[2022-12-03T15:28:55.842+0000] {logging_mixin.py:137} INFO - [2022-12-03T15:28:55.842+0000] {dag.py:3427} INFO - Setting next_dagrun for dataset_consumes_1_and_2 to None, run_after=None
[2022-12-03T15:28:55.843+0000] {logging_mixin.py:137} INFO - [2022-12-03T15:28:55.843+0000] {dag.py:3427} INFO - Setting next_dagrun for dataset_consumes_1_never_scheduled to None, run_after=None
[2022-12-03T15:28:55.843+0000] {logging_mixin.py:137} INFO - [2022-12-03T15:28:55.843+0000] {dag.py:3427} INFO - Setting next_dagrun for dataset_consumes_unknown_never_scheduled to None, run_after=None
[2022-12-03T15:28:55.845+0000] {logging_mixin.py:137} INFO - [2022-12-03T15:28:55.845+0000] {dag.py:3427} INFO - Setting next_dagrun for dataset_produces_1 to 2022-12-02T00:00:00+00:00, run_after=2022-12-03T00:00:00+00:00
[2022-12-03T15:28:55.846+0000] {logging_mixin.py:137} INFO - [2022-12-03T15:28:55.846+0000] {dag.py:3427} INFO - Setting next_dagrun for dataset_produces_2 to None, run_after=None
[2022-12-03T15:28:55.864+0000] {processor.py:175} INFO - Processing /home/airflow/.local/lib/python3.7/site-packages/airflow/example_dags/example_datasets.py took 0.088 seconds
[2022-12-03T15:29:25.905+0000] {processor.py:153} INFO - Started process (PID=3821) to work on /home/airflow/.local/lib/python3.7/site-packages/airflow/example_dags/example_datasets.py
[2022-12-03T15:29:25.906+0000] {processor.py:743} INFO - Processing file /home/airflow/.local/lib/python3.7/site-packages/airflow/example_dags/example_datasets.py for tasks to queue
[2022-12-03T15:29:25.907+0000] {logging_mixin.py:137} INFO - [2022-12-03T15:29:25.907+0000] {dagbag.py:538} INFO - Filling up the DagBag from /home/airflow/.local/lib/python3.7/site-packages/airflow/example_dags/example_datasets.py
[2022-12-03T15:29:25.917+0000] {processor.py:753} INFO - DAG(s) dict_keys(['dataset_consumes_unknown_never_scheduled', 'dataset_produces_2', 'dataset_consumes_1_never_scheduled', 'dataset_consumes_1_and_2', 'dataset_produces_1', 'dataset_consumes_1']) retrieved from /home/airflow/.local/lib/python3.7/site-packages/airflow/example_dags/example_datasets.py
[2022-12-03T15:29:25.950+0000] {logging_mixin.py:137} INFO - [2022-12-03T15:29:25.950+0000] {dag.py:2676} INFO - Sync 6 DAGs
[2022-12-03T15:29:25.967+0000] {logging_mixin.py:137} INFO - [2022-12-03T15:29:25.967+0000] {dag.py:3427} INFO - Setting next_dagrun for dataset_consumes_1 to None, run_after=None
[2022-12-03T15:29:25.969+0000] {logging_mixin.py:137} INFO - [2022-12-03T15:29:25.969+0000] {dag.py:3427} INFO - Setting next_dagrun for dataset_consumes_1_and_2 to None, run_after=None
[2022-12-03T15:29:25.970+0000] {logging_mixin.py:137} INFO - [2022-12-03T15:29:25.970+0000] {dag.py:3427} INFO - Setting next_dagrun for dataset_consumes_1_never_scheduled to None, run_after=None
[2022-12-03T15:29:25.971+0000] {logging_mixin.py:137} INFO - [2022-12-03T15:29:25.971+0000] {dag.py:3427} INFO - Setting next_dagrun for dataset_consumes_unknown_never_scheduled to None, run_after=None
[2022-12-03T15:29:25.973+0000] {logging_mixin.py:137} INFO - [2022-12-03T15:29:25.973+0000] {dag.py:3427} INFO - Setting next_dagrun for dataset_produces_1 to 2022-12-02T00:00:00+00:00, run_after=2022-12-03T00:00:00+00:00
[2022-12-03T15:29:25.974+0000] {logging_mixin.py:137} INFO - [2022-12-03T15:29:25.974+0000] {dag.py:3427} INFO - Setting next_dagrun for dataset_produces_2 to None, run_after=None
[2022-12-03T15:29:25.991+0000] {processor.py:175} INFO - Processing /home/airflow/.local/lib/python3.7/site-packages/airflow/example_dags/example_datasets.py took 0.089 seconds
[2022-12-03T15:29:56.092+0000] {processor.py:153} INFO - Started process (PID=4042) to work on /home/airflow/.local/lib/python3.7/site-packages/airflow/example_dags/example_datasets.py
[2022-12-03T15:29:56.093+0000] {processor.py:743} INFO - Processing file /home/airflow/.local/lib/python3.7/site-packages/airflow/example_dags/example_datasets.py for tasks to queue
[2022-12-03T15:29:56.094+0000] {logging_mixin.py:137} INFO - [2022-12-03T15:29:56.093+0000] {dagbag.py:538} INFO - Filling up the DagBag from /home/airflow/.local/lib/python3.7/site-packages/airflow/example_dags/example_datasets.py
[2022-12-03T15:29:56.105+0000] {processor.py:753} INFO - DAG(s) dict_keys(['dataset_produces_1', 'dataset_consumes_unknown_never_scheduled', 'dataset_produces_2', 'dataset_consumes_1_never_scheduled', 'dataset_consumes_1_and_2', 'dataset_consumes_1']) retrieved from /home/airflow/.local/lib/python3.7/site-packages/airflow/example_dags/example_datasets.py
[2022-12-03T15:29:56.145+0000] {logging_mixin.py:137} INFO - [2022-12-03T15:29:56.145+0000] {dag.py:2676} INFO - Sync 6 DAGs
[2022-12-03T15:29:56.161+0000] {logging_mixin.py:137} INFO - [2022-12-03T15:29:56.161+0000] {dag.py:3427} INFO - Setting next_dagrun for dataset_consumes_1 to None, run_after=None
[2022-12-03T15:29:56.164+0000] {logging_mixin.py:137} INFO - [2022-12-03T15:29:56.164+0000] {dag.py:3427} INFO - Setting next_dagrun for dataset_consumes_1_and_2 to None, run_after=None
[2022-12-03T15:29:56.166+0000] {logging_mixin.py:137} INFO - [2022-12-03T15:29:56.166+0000] {dag.py:3427} INFO - Setting next_dagrun for dataset_consumes_1_never_scheduled to None, run_after=None
[2022-12-03T15:29:56.168+0000] {logging_mixin.py:137} INFO - [2022-12-03T15:29:56.168+0000] {dag.py:3427} INFO - Setting next_dagrun for dataset_consumes_unknown_never_scheduled to None, run_after=None
[2022-12-03T15:29:56.170+0000] {logging_mixin.py:137} INFO - [2022-12-03T15:29:56.170+0000] {dag.py:3427} INFO - Setting next_dagrun for dataset_produces_1 to 2022-12-02T00:00:00+00:00, run_after=2022-12-03T00:00:00+00:00
[2022-12-03T15:29:56.171+0000] {logging_mixin.py:137} INFO - [2022-12-03T15:29:56.171+0000] {dag.py:3427} INFO - Setting next_dagrun for dataset_produces_2 to None, run_after=None
[2022-12-03T15:29:56.189+0000] {processor.py:175} INFO - Processing /home/airflow/.local/lib/python3.7/site-packages/airflow/example_dags/example_datasets.py took 0.100 seconds
[2022-12-03T15:30:26.699+0000] {processor.py:153} INFO - Started process (PID=4261) to work on /home/airflow/.local/lib/python3.7/site-packages/airflow/example_dags/example_datasets.py
[2022-12-03T15:30:26.700+0000] {processor.py:743} INFO - Processing file /home/airflow/.local/lib/python3.7/site-packages/airflow/example_dags/example_datasets.py for tasks to queue
[2022-12-03T15:30:26.702+0000] {logging_mixin.py:137} INFO - [2022-12-03T15:30:26.702+0000] {dagbag.py:538} INFO - Filling up the DagBag from /home/airflow/.local/lib/python3.7/site-packages/airflow/example_dags/example_datasets.py
[2022-12-03T15:30:26.715+0000] {processor.py:753} INFO - DAG(s) dict_keys(['dataset_consumes_1_and_2', 'dataset_consumes_1_never_scheduled', 'dataset_consumes_1', 'dataset_produces_1', 'dataset_consumes_unknown_never_scheduled', 'dataset_produces_2']) retrieved from /home/airflow/.local/lib/python3.7/site-packages/airflow/example_dags/example_datasets.py
[2022-12-03T15:30:26.750+0000] {logging_mixin.py:137} INFO - [2022-12-03T15:30:26.750+0000] {dag.py:2676} INFO - Sync 6 DAGs
[2022-12-03T15:30:26.766+0000] {logging_mixin.py:137} INFO - [2022-12-03T15:30:26.766+0000] {dag.py:3427} INFO - Setting next_dagrun for dataset_consumes_1 to None, run_after=None
[2022-12-03T15:30:26.768+0000] {logging_mixin.py:137} INFO - [2022-12-03T15:30:26.768+0000] {dag.py:3427} INFO - Setting next_dagrun for dataset_consumes_1_and_2 to None, run_after=None
[2022-12-03T15:30:26.770+0000] {logging_mixin.py:137} INFO - [2022-12-03T15:30:26.770+0000] {dag.py:3427} INFO - Setting next_dagrun for dataset_consumes_1_never_scheduled to None, run_after=None
[2022-12-03T15:30:26.771+0000] {logging_mixin.py:137} INFO - [2022-12-03T15:30:26.771+0000] {dag.py:3427} INFO - Setting next_dagrun for dataset_consumes_unknown_never_scheduled to None, run_after=None
[2022-12-03T15:30:26.773+0000] {logging_mixin.py:137} INFO - [2022-12-03T15:30:26.773+0000] {dag.py:3427} INFO - Setting next_dagrun for dataset_produces_1 to 2022-12-02T00:00:00+00:00, run_after=2022-12-03T00:00:00+00:00
[2022-12-03T15:30:26.774+0000] {logging_mixin.py:137} INFO - [2022-12-03T15:30:26.774+0000] {dag.py:3427} INFO - Setting next_dagrun for dataset_produces_2 to None, run_after=None
[2022-12-03T15:30:26.792+0000] {processor.py:175} INFO - Processing /home/airflow/.local/lib/python3.7/site-packages/airflow/example_dags/example_datasets.py took 0.096 seconds
[2022-12-03T15:30:56.999+0000] {processor.py:153} INFO - Started process (PID=4487) to work on /home/airflow/.local/lib/python3.7/site-packages/airflow/example_dags/example_datasets.py
[2022-12-03T15:30:57.000+0000] {processor.py:743} INFO - Processing file /home/airflow/.local/lib/python3.7/site-packages/airflow/example_dags/example_datasets.py for tasks to queue
[2022-12-03T15:30:57.001+0000] {logging_mixin.py:137} INFO - [2022-12-03T15:30:57.001+0000] {dagbag.py:538} INFO - Filling up the DagBag from /home/airflow/.local/lib/python3.7/site-packages/airflow/example_dags/example_datasets.py
[2022-12-03T15:30:57.012+0000] {processor.py:753} INFO - DAG(s) dict_keys(['dataset_produces_2', 'dataset_produces_1', 'dataset_consumes_1_and_2', 'dataset_consumes_1_never_scheduled', 'dataset_consumes_unknown_never_scheduled', 'dataset_consumes_1']) retrieved from /home/airflow/.local/lib/python3.7/site-packages/airflow/example_dags/example_datasets.py
[2022-12-03T15:30:57.045+0000] {logging_mixin.py:137} INFO - [2022-12-03T15:30:57.045+0000] {dag.py:2676} INFO - Sync 6 DAGs
[2022-12-03T15:30:57.061+0000] {logging_mixin.py:137} INFO - [2022-12-03T15:30:57.061+0000] {dag.py:3427} INFO - Setting next_dagrun for dataset_consumes_1 to None, run_after=None
[2022-12-03T15:30:57.063+0000] {logging_mixin.py:137} INFO - [2022-12-03T15:30:57.063+0000] {dag.py:3427} INFO - Setting next_dagrun for dataset_consumes_1_and_2 to None, run_after=None
[2022-12-03T15:30:57.065+0000] {logging_mixin.py:137} INFO - [2022-12-03T15:30:57.065+0000] {dag.py:3427} INFO - Setting next_dagrun for dataset_consumes_1_never_scheduled to None, run_after=None
[2022-12-03T15:30:57.066+0000] {logging_mixin.py:137} INFO - [2022-12-03T15:30:57.066+0000] {dag.py:3427} INFO - Setting next_dagrun for dataset_consumes_unknown_never_scheduled to None, run_after=None
[2022-12-03T15:30:57.068+0000] {logging_mixin.py:137} INFO - [2022-12-03T15:30:57.068+0000] {dag.py:3427} INFO - Setting next_dagrun for dataset_produces_1 to 2022-12-02T00:00:00+00:00, run_after=2022-12-03T00:00:00+00:00
[2022-12-03T15:30:57.069+0000] {logging_mixin.py:137} INFO - [2022-12-03T15:30:57.069+0000] {dag.py:3427} INFO - Setting next_dagrun for dataset_produces_2 to None, run_after=None
[2022-12-03T15:30:57.087+0000] {processor.py:175} INFO - Processing /home/airflow/.local/lib/python3.7/site-packages/airflow/example_dags/example_datasets.py took 0.090 seconds
[2022-12-03T15:31:27.231+0000] {processor.py:153} INFO - Started process (PID=4707) to work on /home/airflow/.local/lib/python3.7/site-packages/airflow/example_dags/example_datasets.py
[2022-12-03T15:31:27.235+0000] {processor.py:743} INFO - Processing file /home/airflow/.local/lib/python3.7/site-packages/airflow/example_dags/example_datasets.py for tasks to queue
[2022-12-03T15:31:27.236+0000] {logging_mixin.py:137} INFO - [2022-12-03T15:31:27.236+0000] {dagbag.py:538} INFO - Filling up the DagBag from /home/airflow/.local/lib/python3.7/site-packages/airflow/example_dags/example_datasets.py
[2022-12-03T15:31:27.254+0000] {processor.py:753} INFO - DAG(s) dict_keys(['dataset_produces_1', 'dataset_produces_2', 'dataset_consumes_unknown_never_scheduled', 'dataset_consumes_1_never_scheduled', 'dataset_consumes_1', 'dataset_consumes_1_and_2']) retrieved from /home/airflow/.local/lib/python3.7/site-packages/airflow/example_dags/example_datasets.py
[2022-12-03T15:31:27.296+0000] {logging_mixin.py:137} INFO - [2022-12-03T15:31:27.296+0000] {dag.py:2676} INFO - Sync 6 DAGs
[2022-12-03T15:31:27.327+0000] {logging_mixin.py:137} INFO - [2022-12-03T15:31:27.327+0000] {dag.py:3427} INFO - Setting next_dagrun for dataset_consumes_1 to None, run_after=None
[2022-12-03T15:31:27.331+0000] {logging_mixin.py:137} INFO - [2022-12-03T15:31:27.330+0000] {dag.py:3427} INFO - Setting next_dagrun for dataset_consumes_1_and_2 to None, run_after=None
[2022-12-03T15:31:27.332+0000] {logging_mixin.py:137} INFO - [2022-12-03T15:31:27.332+0000] {dag.py:3427} INFO - Setting next_dagrun for dataset_consumes_1_never_scheduled to None, run_after=None
[2022-12-03T15:31:27.333+0000] {logging_mixin.py:137} INFO - [2022-12-03T15:31:27.333+0000] {dag.py:3427} INFO - Setting next_dagrun for dataset_consumes_unknown_never_scheduled to None, run_after=None
[2022-12-03T15:31:27.335+0000] {logging_mixin.py:137} INFO - [2022-12-03T15:31:27.335+0000] {dag.py:3427} INFO - Setting next_dagrun for dataset_produces_1 to 2022-12-02T00:00:00+00:00, run_after=2022-12-03T00:00:00+00:00
[2022-12-03T15:31:27.337+0000] {logging_mixin.py:137} INFO - [2022-12-03T15:31:27.337+0000] {dag.py:3427} INFO - Setting next_dagrun for dataset_produces_2 to None, run_after=None
[2022-12-03T15:31:27.356+0000] {processor.py:175} INFO - Processing /home/airflow/.local/lib/python3.7/site-packages/airflow/example_dags/example_datasets.py took 0.128 seconds
[2022-12-03T15:31:58.094+0000] {processor.py:153} INFO - Started process (PID=4926) to work on /home/airflow/.local/lib/python3.7/site-packages/airflow/example_dags/example_datasets.py
[2022-12-03T15:31:58.096+0000] {processor.py:743} INFO - Processing file /home/airflow/.local/lib/python3.7/site-packages/airflow/example_dags/example_datasets.py for tasks to queue
[2022-12-03T15:31:58.097+0000] {logging_mixin.py:137} INFO - [2022-12-03T15:31:58.097+0000] {dagbag.py:538} INFO - Filling up the DagBag from /home/airflow/.local/lib/python3.7/site-packages/airflow/example_dags/example_datasets.py
[2022-12-03T15:31:58.108+0000] {processor.py:753} INFO - DAG(s) dict_keys(['dataset_consumes_unknown_never_scheduled', 'dataset_produces_1', 'dataset_consumes_1_never_scheduled', 'dataset_consumes_1', 'dataset_produces_2', 'dataset_consumes_1_and_2']) retrieved from /home/airflow/.local/lib/python3.7/site-packages/airflow/example_dags/example_datasets.py
[2022-12-03T15:31:58.143+0000] {logging_mixin.py:137} INFO - [2022-12-03T15:31:58.143+0000] {dag.py:2676} INFO - Sync 6 DAGs
[2022-12-03T15:31:58.160+0000] {logging_mixin.py:137} INFO - [2022-12-03T15:31:58.159+0000] {dag.py:3427} INFO - Setting next_dagrun for dataset_consumes_1 to None, run_after=None
[2022-12-03T15:31:58.162+0000] {logging_mixin.py:137} INFO - [2022-12-03T15:31:58.162+0000] {dag.py:3427} INFO - Setting next_dagrun for dataset_consumes_1_and_2 to None, run_after=None
[2022-12-03T15:31:58.164+0000] {logging_mixin.py:137} INFO - [2022-12-03T15:31:58.164+0000] {dag.py:3427} INFO - Setting next_dagrun for dataset_consumes_1_never_scheduled to None, run_after=None
[2022-12-03T15:31:58.165+0000] {logging_mixin.py:137} INFO - [2022-12-03T15:31:58.165+0000] {dag.py:3427} INFO - Setting next_dagrun for dataset_consumes_unknown_never_scheduled to None, run_after=None
[2022-12-03T15:31:58.167+0000] {logging_mixin.py:137} INFO - [2022-12-03T15:31:58.167+0000] {dag.py:3427} INFO - Setting next_dagrun for dataset_produces_1 to 2022-12-02T00:00:00+00:00, run_after=2022-12-03T00:00:00+00:00
[2022-12-03T15:31:58.168+0000] {logging_mixin.py:137} INFO - [2022-12-03T15:31:58.168+0000] {dag.py:3427} INFO - Setting next_dagrun for dataset_produces_2 to None, run_after=None
[2022-12-03T15:31:58.187+0000] {processor.py:175} INFO - Processing /home/airflow/.local/lib/python3.7/site-packages/airflow/example_dags/example_datasets.py took 0.095 seconds
[2022-12-03T15:32:28.607+0000] {processor.py:153} INFO - Started process (PID=5154) to work on /home/airflow/.local/lib/python3.7/site-packages/airflow/example_dags/example_datasets.py
[2022-12-03T15:32:28.608+0000] {processor.py:743} INFO - Processing file /home/airflow/.local/lib/python3.7/site-packages/airflow/example_dags/example_datasets.py for tasks to queue
[2022-12-03T15:32:28.608+0000] {logging_mixin.py:137} INFO - [2022-12-03T15:32:28.608+0000] {dagbag.py:538} INFO - Filling up the DagBag from /home/airflow/.local/lib/python3.7/site-packages/airflow/example_dags/example_datasets.py
[2022-12-03T15:32:28.620+0000] {processor.py:753} INFO - DAG(s) dict_keys(['dataset_consumes_unknown_never_scheduled', 'dataset_consumes_1', 'dataset_produces_1', 'dataset_consumes_1_never_scheduled', 'dataset_produces_2', 'dataset_consumes_1_and_2']) retrieved from /home/airflow/.local/lib/python3.7/site-packages/airflow/example_dags/example_datasets.py
[2022-12-03T15:32:28.654+0000] {logging_mixin.py:137} INFO - [2022-12-03T15:32:28.654+0000] {dag.py:2676} INFO - Sync 6 DAGs
[2022-12-03T15:32:28.670+0000] {logging_mixin.py:137} INFO - [2022-12-03T15:32:28.670+0000] {dag.py:3427} INFO - Setting next_dagrun for dataset_consumes_1 to None, run_after=None
[2022-12-03T15:32:28.673+0000] {logging_mixin.py:137} INFO - [2022-12-03T15:32:28.673+0000] {dag.py:3427} INFO - Setting next_dagrun for dataset_consumes_1_and_2 to None, run_after=None
[2022-12-03T15:32:28.675+0000] {logging_mixin.py:137} INFO - [2022-12-03T15:32:28.674+0000] {dag.py:3427} INFO - Setting next_dagrun for dataset_consumes_1_never_scheduled to None, run_after=None
[2022-12-03T15:32:28.676+0000] {logging_mixin.py:137} INFO - [2022-12-03T15:32:28.676+0000] {dag.py:3427} INFO - Setting next_dagrun for dataset_consumes_unknown_never_scheduled to None, run_after=None
[2022-12-03T15:32:28.678+0000] {logging_mixin.py:137} INFO - [2022-12-03T15:32:28.678+0000] {dag.py:3427} INFO - Setting next_dagrun for dataset_produces_1 to 2022-12-02T00:00:00+00:00, run_after=2022-12-03T00:00:00+00:00
[2022-12-03T15:32:28.680+0000] {logging_mixin.py:137} INFO - [2022-12-03T15:32:28.679+0000] {dag.py:3427} INFO - Setting next_dagrun for dataset_produces_2 to None, run_after=None
[2022-12-03T15:32:28.700+0000] {processor.py:175} INFO - Processing /home/airflow/.local/lib/python3.7/site-packages/airflow/example_dags/example_datasets.py took 0.096 seconds
[2022-12-03T15:32:59.187+0000] {processor.py:153} INFO - Started process (PID=5366) to work on /home/airflow/.local/lib/python3.7/site-packages/airflow/example_dags/example_datasets.py
[2022-12-03T15:32:59.188+0000] {processor.py:743} INFO - Processing file /home/airflow/.local/lib/python3.7/site-packages/airflow/example_dags/example_datasets.py for tasks to queue
[2022-12-03T15:32:59.189+0000] {logging_mixin.py:137} INFO - [2022-12-03T15:32:59.189+0000] {dagbag.py:538} INFO - Filling up the DagBag from /home/airflow/.local/lib/python3.7/site-packages/airflow/example_dags/example_datasets.py
[2022-12-03T15:32:59.200+0000] {processor.py:753} INFO - DAG(s) dict_keys(['dataset_consumes_1_never_scheduled', 'dataset_consumes_1', 'dataset_consumes_unknown_never_scheduled', 'dataset_produces_2', 'dataset_consumes_1_and_2', 'dataset_produces_1']) retrieved from /home/airflow/.local/lib/python3.7/site-packages/airflow/example_dags/example_datasets.py
[2022-12-03T15:32:59.234+0000] {logging_mixin.py:137} INFO - [2022-12-03T15:32:59.234+0000] {dag.py:2676} INFO - Sync 6 DAGs
[2022-12-03T15:32:59.250+0000] {logging_mixin.py:137} INFO - [2022-12-03T15:32:59.250+0000] {dag.py:3427} INFO - Setting next_dagrun for dataset_consumes_1 to None, run_after=None
[2022-12-03T15:32:59.254+0000] {logging_mixin.py:137} INFO - [2022-12-03T15:32:59.254+0000] {dag.py:3427} INFO - Setting next_dagrun for dataset_consumes_1_and_2 to None, run_after=None
[2022-12-03T15:32:59.255+0000] {logging_mixin.py:137} INFO - [2022-12-03T15:32:59.255+0000] {dag.py:3427} INFO - Setting next_dagrun for dataset_consumes_1_never_scheduled to None, run_after=None
[2022-12-03T15:32:59.256+0000] {logging_mixin.py:137} INFO - [2022-12-03T15:32:59.256+0000] {dag.py:3427} INFO - Setting next_dagrun for dataset_consumes_unknown_never_scheduled to None, run_after=None
[2022-12-03T15:32:59.257+0000] {logging_mixin.py:137} INFO - [2022-12-03T15:32:59.257+0000] {dag.py:3427} INFO - Setting next_dagrun for dataset_produces_1 to 2022-12-02T00:00:00+00:00, run_after=2022-12-03T00:00:00+00:00
[2022-12-03T15:32:59.258+0000] {logging_mixin.py:137} INFO - [2022-12-03T15:32:59.258+0000] {dag.py:3427} INFO - Setting next_dagrun for dataset_produces_2 to None, run_after=None
[2022-12-03T15:32:59.276+0000] {processor.py:175} INFO - Processing /home/airflow/.local/lib/python3.7/site-packages/airflow/example_dags/example_datasets.py took 0.092 seconds
