[2022-12-03T15:08:53.310+0000] {processor.py:153} INFO - Started process (PID=299) to work on /home/airflow/.local/lib/python3.7/site-packages/airflow/example_dags/example_latest_only_with_trigger.py
[2022-12-03T15:08:53.312+0000] {processor.py:743} INFO - Processing file /home/airflow/.local/lib/python3.7/site-packages/airflow/example_dags/example_latest_only_with_trigger.py for tasks to queue
[2022-12-03T15:08:53.312+0000] {logging_mixin.py:137} INFO - [2022-12-03T15:08:53.312+0000] {dagbag.py:538} INFO - Filling up the DagBag from /home/airflow/.local/lib/python3.7/site-packages/airflow/example_dags/example_latest_only_with_trigger.py
[2022-12-03T15:08:53.323+0000] {processor.py:753} INFO - DAG(s) dict_keys(['latest_only_with_trigger']) retrieved from /home/airflow/.local/lib/python3.7/site-packages/airflow/example_dags/example_latest_only_with_trigger.py
[2022-12-03T15:08:53.343+0000] {logging_mixin.py:137} INFO - [2022-12-03T15:08:53.343+0000] {dag.py:2676} INFO - Sync 1 DAGs
[2022-12-03T15:08:53.362+0000] {logging_mixin.py:137} INFO - [2022-12-03T15:08:53.362+0000] {dag.py:3427} INFO - Setting next_dagrun for latest_only_with_trigger to 2022-12-03T11:08:53.362643+00:00, run_after=2022-12-03T15:08:53.362643+00:00
[2022-12-03T15:08:53.376+0000] {processor.py:175} INFO - Processing /home/airflow/.local/lib/python3.7/site-packages/airflow/example_dags/example_latest_only_with_trigger.py took 0.068 seconds
[2022-12-03T15:09:23.632+0000] {processor.py:153} INFO - Started process (PID=525) to work on /home/airflow/.local/lib/python3.7/site-packages/airflow/example_dags/example_latest_only_with_trigger.py
[2022-12-03T15:09:23.633+0000] {processor.py:743} INFO - Processing file /home/airflow/.local/lib/python3.7/site-packages/airflow/example_dags/example_latest_only_with_trigger.py for tasks to queue
[2022-12-03T15:09:23.634+0000] {logging_mixin.py:137} INFO - [2022-12-03T15:09:23.634+0000] {dagbag.py:538} INFO - Filling up the DagBag from /home/airflow/.local/lib/python3.7/site-packages/airflow/example_dags/example_latest_only_with_trigger.py
[2022-12-03T15:09:23.644+0000] {processor.py:753} INFO - DAG(s) dict_keys(['latest_only_with_trigger']) retrieved from /home/airflow/.local/lib/python3.7/site-packages/airflow/example_dags/example_latest_only_with_trigger.py
[2022-12-03T15:09:23.663+0000] {logging_mixin.py:137} INFO - [2022-12-03T15:09:23.663+0000] {dag.py:2676} INFO - Sync 1 DAGs
[2022-12-03T15:09:23.679+0000] {logging_mixin.py:137} INFO - [2022-12-03T15:09:23.679+0000] {dag.py:3427} INFO - Setting next_dagrun for latest_only_with_trigger to 2022-12-03T11:09:23.679369+00:00, run_after=2022-12-03T15:09:23.679369+00:00
[2022-12-03T15:09:23.691+0000] {processor.py:175} INFO - Processing /home/airflow/.local/lib/python3.7/site-packages/airflow/example_dags/example_latest_only_with_trigger.py took 0.061 seconds
[2022-12-03T15:09:53.991+0000] {processor.py:153} INFO - Started process (PID=738) to work on /home/airflow/.local/lib/python3.7/site-packages/airflow/example_dags/example_latest_only_with_trigger.py
[2022-12-03T15:09:53.993+0000] {processor.py:743} INFO - Processing file /home/airflow/.local/lib/python3.7/site-packages/airflow/example_dags/example_latest_only_with_trigger.py for tasks to queue
[2022-12-03T15:09:53.994+0000] {logging_mixin.py:137} INFO - [2022-12-03T15:09:53.994+0000] {dagbag.py:538} INFO - Filling up the DagBag from /home/airflow/.local/lib/python3.7/site-packages/airflow/example_dags/example_latest_only_with_trigger.py
[2022-12-03T15:09:54.006+0000] {processor.py:753} INFO - DAG(s) dict_keys(['latest_only_with_trigger']) retrieved from /home/airflow/.local/lib/python3.7/site-packages/airflow/example_dags/example_latest_only_with_trigger.py
[2022-12-03T15:09:54.040+0000] {logging_mixin.py:137} INFO - [2022-12-03T15:09:54.040+0000] {dag.py:2676} INFO - Sync 1 DAGs
[2022-12-03T15:09:54.057+0000] {logging_mixin.py:137} INFO - [2022-12-03T15:09:54.057+0000] {dag.py:3427} INFO - Setting next_dagrun for latest_only_with_trigger to 2022-12-03T11:09:54.056955+00:00, run_after=2022-12-03T15:09:54.056955+00:00
[2022-12-03T15:09:54.072+0000] {processor.py:175} INFO - Processing /home/airflow/.local/lib/python3.7/site-packages/airflow/example_dags/example_latest_only_with_trigger.py took 0.084 seconds
[2022-12-03T15:10:52.387+0000] {processor.py:153} INFO - Started process (PID=299) to work on /home/airflow/.local/lib/python3.7/site-packages/airflow/example_dags/example_latest_only_with_trigger.py
[2022-12-03T15:10:52.390+0000] {processor.py:743} INFO - Processing file /home/airflow/.local/lib/python3.7/site-packages/airflow/example_dags/example_latest_only_with_trigger.py for tasks to queue
[2022-12-03T15:10:52.391+0000] {logging_mixin.py:137} INFO - [2022-12-03T15:10:52.391+0000] {dagbag.py:538} INFO - Filling up the DagBag from /home/airflow/.local/lib/python3.7/site-packages/airflow/example_dags/example_latest_only_with_trigger.py
[2022-12-03T15:10:52.404+0000] {processor.py:753} INFO - DAG(s) dict_keys(['latest_only_with_trigger']) retrieved from /home/airflow/.local/lib/python3.7/site-packages/airflow/example_dags/example_latest_only_with_trigger.py
[2022-12-03T15:10:52.428+0000] {logging_mixin.py:137} INFO - [2022-12-03T15:10:52.428+0000] {dag.py:2676} INFO - Sync 1 DAGs
[2022-12-03T15:10:52.449+0000] {logging_mixin.py:137} INFO - [2022-12-03T15:10:52.449+0000] {dag.py:3427} INFO - Setting next_dagrun for latest_only_with_trigger to 2022-12-03T11:10:52.449495+00:00, run_after=2022-12-03T15:10:52.449495+00:00
[2022-12-03T15:10:52.462+0000] {processor.py:175} INFO - Processing /home/airflow/.local/lib/python3.7/site-packages/airflow/example_dags/example_latest_only_with_trigger.py took 0.078 seconds
[2022-12-03T15:11:22.808+0000] {processor.py:153} INFO - Started process (PID=525) to work on /home/airflow/.local/lib/python3.7/site-packages/airflow/example_dags/example_latest_only_with_trigger.py
[2022-12-03T15:11:22.809+0000] {processor.py:743} INFO - Processing file /home/airflow/.local/lib/python3.7/site-packages/airflow/example_dags/example_latest_only_with_trigger.py for tasks to queue
[2022-12-03T15:11:22.810+0000] {logging_mixin.py:137} INFO - [2022-12-03T15:11:22.810+0000] {dagbag.py:538} INFO - Filling up the DagBag from /home/airflow/.local/lib/python3.7/site-packages/airflow/example_dags/example_latest_only_with_trigger.py
[2022-12-03T15:11:22.821+0000] {processor.py:753} INFO - DAG(s) dict_keys(['latest_only_with_trigger']) retrieved from /home/airflow/.local/lib/python3.7/site-packages/airflow/example_dags/example_latest_only_with_trigger.py
[2022-12-03T15:11:22.848+0000] {logging_mixin.py:137} INFO - [2022-12-03T15:11:22.848+0000] {dag.py:2676} INFO - Sync 1 DAGs
[2022-12-03T15:11:22.864+0000] {logging_mixin.py:137} INFO - [2022-12-03T15:11:22.864+0000] {dag.py:3427} INFO - Setting next_dagrun for latest_only_with_trigger to 2022-12-03T11:11:22.863925+00:00, run_after=2022-12-03T15:11:22.863925+00:00
[2022-12-03T15:11:22.874+0000] {processor.py:175} INFO - Processing /home/airflow/.local/lib/python3.7/site-packages/airflow/example_dags/example_latest_only_with_trigger.py took 0.069 seconds
[2022-12-03T15:11:53.433+0000] {processor.py:153} INFO - Started process (PID=752) to work on /home/airflow/.local/lib/python3.7/site-packages/airflow/example_dags/example_latest_only_with_trigger.py
[2022-12-03T15:11:53.435+0000] {processor.py:743} INFO - Processing file /home/airflow/.local/lib/python3.7/site-packages/airflow/example_dags/example_latest_only_with_trigger.py for tasks to queue
[2022-12-03T15:11:53.436+0000] {logging_mixin.py:137} INFO - [2022-12-03T15:11:53.435+0000] {dagbag.py:538} INFO - Filling up the DagBag from /home/airflow/.local/lib/python3.7/site-packages/airflow/example_dags/example_latest_only_with_trigger.py
[2022-12-03T15:11:53.446+0000] {processor.py:753} INFO - DAG(s) dict_keys(['latest_only_with_trigger']) retrieved from /home/airflow/.local/lib/python3.7/site-packages/airflow/example_dags/example_latest_only_with_trigger.py
[2022-12-03T15:11:53.474+0000] {logging_mixin.py:137} INFO - [2022-12-03T15:11:53.474+0000] {dag.py:2676} INFO - Sync 1 DAGs
[2022-12-03T15:11:53.489+0000] {logging_mixin.py:137} INFO - [2022-12-03T15:11:53.488+0000] {dag.py:3427} INFO - Setting next_dagrun for latest_only_with_trigger to 2022-12-03T11:11:53.488733+00:00, run_after=2022-12-03T15:11:53.488733+00:00
[2022-12-03T15:11:53.500+0000] {processor.py:175} INFO - Processing /home/airflow/.local/lib/python3.7/site-packages/airflow/example_dags/example_latest_only_with_trigger.py took 0.069 seconds
[2022-12-03T15:12:23.630+0000] {processor.py:153} INFO - Started process (PID=967) to work on /home/airflow/.local/lib/python3.7/site-packages/airflow/example_dags/example_latest_only_with_trigger.py
[2022-12-03T15:12:23.631+0000] {processor.py:743} INFO - Processing file /home/airflow/.local/lib/python3.7/site-packages/airflow/example_dags/example_latest_only_with_trigger.py for tasks to queue
[2022-12-03T15:12:23.632+0000] {logging_mixin.py:137} INFO - [2022-12-03T15:12:23.632+0000] {dagbag.py:538} INFO - Filling up the DagBag from /home/airflow/.local/lib/python3.7/site-packages/airflow/example_dags/example_latest_only_with_trigger.py
[2022-12-03T15:12:23.642+0000] {processor.py:753} INFO - DAG(s) dict_keys(['latest_only_with_trigger']) retrieved from /home/airflow/.local/lib/python3.7/site-packages/airflow/example_dags/example_latest_only_with_trigger.py
[2022-12-03T15:12:23.660+0000] {logging_mixin.py:137} INFO - [2022-12-03T15:12:23.660+0000] {dag.py:2676} INFO - Sync 1 DAGs
[2022-12-03T15:12:23.682+0000] {logging_mixin.py:137} INFO - [2022-12-03T15:12:23.682+0000] {dag.py:3427} INFO - Setting next_dagrun for latest_only_with_trigger to 2022-12-03T11:12:23.681418+00:00, run_after=2022-12-03T15:12:23.681418+00:00
[2022-12-03T15:12:23.699+0000] {processor.py:175} INFO - Processing /home/airflow/.local/lib/python3.7/site-packages/airflow/example_dags/example_latest_only_with_trigger.py took 0.072 seconds
[2022-12-03T15:12:53.878+0000] {processor.py:153} INFO - Started process (PID=1193) to work on /home/airflow/.local/lib/python3.7/site-packages/airflow/example_dags/example_latest_only_with_trigger.py
[2022-12-03T15:12:53.879+0000] {processor.py:743} INFO - Processing file /home/airflow/.local/lib/python3.7/site-packages/airflow/example_dags/example_latest_only_with_trigger.py for tasks to queue
[2022-12-03T15:12:53.880+0000] {logging_mixin.py:137} INFO - [2022-12-03T15:12:53.880+0000] {dagbag.py:538} INFO - Filling up the DagBag from /home/airflow/.local/lib/python3.7/site-packages/airflow/example_dags/example_latest_only_with_trigger.py
[2022-12-03T15:12:53.894+0000] {processor.py:753} INFO - DAG(s) dict_keys(['latest_only_with_trigger']) retrieved from /home/airflow/.local/lib/python3.7/site-packages/airflow/example_dags/example_latest_only_with_trigger.py
[2022-12-03T15:12:53.917+0000] {logging_mixin.py:137} INFO - [2022-12-03T15:12:53.917+0000] {dag.py:2676} INFO - Sync 1 DAGs
[2022-12-03T15:12:53.938+0000] {logging_mixin.py:137} INFO - [2022-12-03T15:12:53.938+0000] {dag.py:3427} INFO - Setting next_dagrun for latest_only_with_trigger to 2022-12-03T11:12:53.938374+00:00, run_after=2022-12-03T15:12:53.938374+00:00
[2022-12-03T15:12:53.952+0000] {processor.py:175} INFO - Processing /home/airflow/.local/lib/python3.7/site-packages/airflow/example_dags/example_latest_only_with_trigger.py took 0.078 seconds
[2022-12-03T15:13:24.497+0000] {processor.py:153} INFO - Started process (PID=1419) to work on /home/airflow/.local/lib/python3.7/site-packages/airflow/example_dags/example_latest_only_with_trigger.py
[2022-12-03T15:13:24.498+0000] {processor.py:743} INFO - Processing file /home/airflow/.local/lib/python3.7/site-packages/airflow/example_dags/example_latest_only_with_trigger.py for tasks to queue
[2022-12-03T15:13:24.499+0000] {logging_mixin.py:137} INFO - [2022-12-03T15:13:24.499+0000] {dagbag.py:538} INFO - Filling up the DagBag from /home/airflow/.local/lib/python3.7/site-packages/airflow/example_dags/example_latest_only_with_trigger.py
[2022-12-03T15:13:24.510+0000] {processor.py:753} INFO - DAG(s) dict_keys(['latest_only_with_trigger']) retrieved from /home/airflow/.local/lib/python3.7/site-packages/airflow/example_dags/example_latest_only_with_trigger.py
[2022-12-03T15:13:24.552+0000] {logging_mixin.py:137} INFO - [2022-12-03T15:13:24.552+0000] {dag.py:2676} INFO - Sync 1 DAGs
[2022-12-03T15:13:24.570+0000] {logging_mixin.py:137} INFO - [2022-12-03T15:13:24.570+0000] {dag.py:3427} INFO - Setting next_dagrun for latest_only_with_trigger to 2022-12-03T11:13:24.570301+00:00, run_after=2022-12-03T15:13:24.570301+00:00
[2022-12-03T15:13:24.592+0000] {processor.py:175} INFO - Processing /home/airflow/.local/lib/python3.7/site-packages/airflow/example_dags/example_latest_only_with_trigger.py took 0.100 seconds
[2022-12-03T15:13:55.021+0000] {processor.py:153} INFO - Started process (PID=1633) to work on /home/airflow/.local/lib/python3.7/site-packages/airflow/example_dags/example_latest_only_with_trigger.py
[2022-12-03T15:13:55.022+0000] {processor.py:743} INFO - Processing file /home/airflow/.local/lib/python3.7/site-packages/airflow/example_dags/example_latest_only_with_trigger.py for tasks to queue
[2022-12-03T15:13:55.023+0000] {logging_mixin.py:137} INFO - [2022-12-03T15:13:55.023+0000] {dagbag.py:538} INFO - Filling up the DagBag from /home/airflow/.local/lib/python3.7/site-packages/airflow/example_dags/example_latest_only_with_trigger.py
[2022-12-03T15:13:55.033+0000] {processor.py:753} INFO - DAG(s) dict_keys(['latest_only_with_trigger']) retrieved from /home/airflow/.local/lib/python3.7/site-packages/airflow/example_dags/example_latest_only_with_trigger.py
[2022-12-03T15:13:55.061+0000] {logging_mixin.py:137} INFO - [2022-12-03T15:13:55.061+0000] {dag.py:2676} INFO - Sync 1 DAGs
[2022-12-03T15:13:55.076+0000] {logging_mixin.py:137} INFO - [2022-12-03T15:13:55.076+0000] {dag.py:3427} INFO - Setting next_dagrun for latest_only_with_trigger to 2022-12-03T11:13:55.076148+00:00, run_after=2022-12-03T15:13:55.076148+00:00
[2022-12-03T15:13:55.091+0000] {processor.py:175} INFO - Processing /home/airflow/.local/lib/python3.7/site-packages/airflow/example_dags/example_latest_only_with_trigger.py took 0.073 seconds
[2022-12-03T15:14:25.266+0000] {processor.py:153} INFO - Started process (PID=1859) to work on /home/airflow/.local/lib/python3.7/site-packages/airflow/example_dags/example_latest_only_with_trigger.py
[2022-12-03T15:14:25.268+0000] {processor.py:743} INFO - Processing file /home/airflow/.local/lib/python3.7/site-packages/airflow/example_dags/example_latest_only_with_trigger.py for tasks to queue
[2022-12-03T15:14:25.268+0000] {logging_mixin.py:137} INFO - [2022-12-03T15:14:25.268+0000] {dagbag.py:538} INFO - Filling up the DagBag from /home/airflow/.local/lib/python3.7/site-packages/airflow/example_dags/example_latest_only_with_trigger.py
[2022-12-03T15:14:25.279+0000] {processor.py:753} INFO - DAG(s) dict_keys(['latest_only_with_trigger']) retrieved from /home/airflow/.local/lib/python3.7/site-packages/airflow/example_dags/example_latest_only_with_trigger.py
[2022-12-03T15:14:25.305+0000] {logging_mixin.py:137} INFO - [2022-12-03T15:14:25.305+0000] {dag.py:2676} INFO - Sync 1 DAGs
[2022-12-03T15:14:25.319+0000] {logging_mixin.py:137} INFO - [2022-12-03T15:14:25.319+0000] {dag.py:3427} INFO - Setting next_dagrun for latest_only_with_trigger to 2022-12-03T11:14:25.319303+00:00, run_after=2022-12-03T15:14:25.319303+00:00
[2022-12-03T15:14:25.330+0000] {processor.py:175} INFO - Processing /home/airflow/.local/lib/python3.7/site-packages/airflow/example_dags/example_latest_only_with_trigger.py took 0.066 seconds
[2022-12-03T15:15:12.527+0000] {processor.py:153} INFO - Started process (PID=298) to work on /home/airflow/.local/lib/python3.7/site-packages/airflow/example_dags/example_latest_only_with_trigger.py
[2022-12-03T15:15:12.529+0000] {processor.py:743} INFO - Processing file /home/airflow/.local/lib/python3.7/site-packages/airflow/example_dags/example_latest_only_with_trigger.py for tasks to queue
[2022-12-03T15:15:12.530+0000] {logging_mixin.py:137} INFO - [2022-12-03T15:15:12.529+0000] {dagbag.py:538} INFO - Filling up the DagBag from /home/airflow/.local/lib/python3.7/site-packages/airflow/example_dags/example_latest_only_with_trigger.py
[2022-12-03T15:15:12.544+0000] {processor.py:753} INFO - DAG(s) dict_keys(['latest_only_with_trigger']) retrieved from /home/airflow/.local/lib/python3.7/site-packages/airflow/example_dags/example_latest_only_with_trigger.py
[2022-12-03T15:15:12.576+0000] {logging_mixin.py:137} INFO - [2022-12-03T15:15:12.576+0000] {dag.py:2676} INFO - Sync 1 DAGs
[2022-12-03T15:15:12.596+0000] {logging_mixin.py:137} INFO - [2022-12-03T15:15:12.596+0000] {dag.py:3427} INFO - Setting next_dagrun for latest_only_with_trigger to 2022-12-03T11:15:12.596584+00:00, run_after=2022-12-03T15:15:12.596584+00:00
[2022-12-03T15:15:12.609+0000] {processor.py:175} INFO - Processing /home/airflow/.local/lib/python3.7/site-packages/airflow/example_dags/example_latest_only_with_trigger.py took 0.085 seconds
[2022-12-03T15:21:19.009+0000] {processor.py:153} INFO - Started process (PID=298) to work on /home/airflow/.local/lib/python3.7/site-packages/airflow/example_dags/example_latest_only_with_trigger.py
[2022-12-03T15:21:19.011+0000] {processor.py:743} INFO - Processing file /home/airflow/.local/lib/python3.7/site-packages/airflow/example_dags/example_latest_only_with_trigger.py for tasks to queue
[2022-12-03T15:21:19.012+0000] {logging_mixin.py:137} INFO - [2022-12-03T15:21:19.011+0000] {dagbag.py:538} INFO - Filling up the DagBag from /home/airflow/.local/lib/python3.7/site-packages/airflow/example_dags/example_latest_only_with_trigger.py
[2022-12-03T15:21:19.022+0000] {processor.py:753} INFO - DAG(s) dict_keys(['latest_only_with_trigger']) retrieved from /home/airflow/.local/lib/python3.7/site-packages/airflow/example_dags/example_latest_only_with_trigger.py
[2022-12-03T15:21:19.043+0000] {logging_mixin.py:137} INFO - [2022-12-03T15:21:19.043+0000] {dag.py:2676} INFO - Sync 1 DAGs
[2022-12-03T15:21:19.062+0000] {logging_mixin.py:137} INFO - [2022-12-03T15:21:19.062+0000] {dag.py:3427} INFO - Setting next_dagrun for latest_only_with_trigger to 2022-12-03T11:21:19.061867+00:00, run_after=2022-12-03T15:21:19.061867+00:00
[2022-12-03T15:21:19.077+0000] {processor.py:175} INFO - Processing /home/airflow/.local/lib/python3.7/site-packages/airflow/example_dags/example_latest_only_with_trigger.py took 0.070 seconds
[2022-12-03T15:21:49.279+0000] {processor.py:153} INFO - Started process (PID=522) to work on /home/airflow/.local/lib/python3.7/site-packages/airflow/example_dags/example_latest_only_with_trigger.py
[2022-12-03T15:21:49.280+0000] {processor.py:743} INFO - Processing file /home/airflow/.local/lib/python3.7/site-packages/airflow/example_dags/example_latest_only_with_trigger.py for tasks to queue
[2022-12-03T15:21:49.281+0000] {logging_mixin.py:137} INFO - [2022-12-03T15:21:49.281+0000] {dagbag.py:538} INFO - Filling up the DagBag from /home/airflow/.local/lib/python3.7/site-packages/airflow/example_dags/example_latest_only_with_trigger.py
[2022-12-03T15:21:49.292+0000] {processor.py:753} INFO - DAG(s) dict_keys(['latest_only_with_trigger']) retrieved from /home/airflow/.local/lib/python3.7/site-packages/airflow/example_dags/example_latest_only_with_trigger.py
[2022-12-03T15:21:49.318+0000] {logging_mixin.py:137} INFO - [2022-12-03T15:21:49.318+0000] {dag.py:2676} INFO - Sync 1 DAGs
[2022-12-03T15:21:49.333+0000] {logging_mixin.py:137} INFO - [2022-12-03T15:21:49.333+0000] {dag.py:3427} INFO - Setting next_dagrun for latest_only_with_trigger to 2022-12-03T11:21:49.333549+00:00, run_after=2022-12-03T15:21:49.333549+00:00
[2022-12-03T15:21:49.345+0000] {processor.py:175} INFO - Processing /home/airflow/.local/lib/python3.7/site-packages/airflow/example_dags/example_latest_only_with_trigger.py took 0.068 seconds
[2022-12-03T15:22:19.582+0000] {processor.py:153} INFO - Started process (PID=737) to work on /home/airflow/.local/lib/python3.7/site-packages/airflow/example_dags/example_latest_only_with_trigger.py
[2022-12-03T15:22:19.583+0000] {processor.py:743} INFO - Processing file /home/airflow/.local/lib/python3.7/site-packages/airflow/example_dags/example_latest_only_with_trigger.py for tasks to queue
[2022-12-03T15:22:19.584+0000] {logging_mixin.py:137} INFO - [2022-12-03T15:22:19.584+0000] {dagbag.py:538} INFO - Filling up the DagBag from /home/airflow/.local/lib/python3.7/site-packages/airflow/example_dags/example_latest_only_with_trigger.py
[2022-12-03T15:22:19.593+0000] {processor.py:753} INFO - DAG(s) dict_keys(['latest_only_with_trigger']) retrieved from /home/airflow/.local/lib/python3.7/site-packages/airflow/example_dags/example_latest_only_with_trigger.py
[2022-12-03T15:22:19.619+0000] {logging_mixin.py:137} INFO - [2022-12-03T15:22:19.619+0000] {dag.py:2676} INFO - Sync 1 DAGs
[2022-12-03T15:22:19.634+0000] {logging_mixin.py:137} INFO - [2022-12-03T15:22:19.634+0000] {dag.py:3427} INFO - Setting next_dagrun for latest_only_with_trigger to 2022-12-03T11:22:19.633847+00:00, run_after=2022-12-03T15:22:19.633847+00:00
[2022-12-03T15:22:19.644+0000] {processor.py:175} INFO - Processing /home/airflow/.local/lib/python3.7/site-packages/airflow/example_dags/example_latest_only_with_trigger.py took 0.065 seconds
[2022-12-03T15:22:50.216+0000] {processor.py:153} INFO - Started process (PID=961) to work on /home/airflow/.local/lib/python3.7/site-packages/airflow/example_dags/example_latest_only_with_trigger.py
[2022-12-03T15:22:50.218+0000] {processor.py:743} INFO - Processing file /home/airflow/.local/lib/python3.7/site-packages/airflow/example_dags/example_latest_only_with_trigger.py for tasks to queue
[2022-12-03T15:22:50.218+0000] {logging_mixin.py:137} INFO - [2022-12-03T15:22:50.218+0000] {dagbag.py:538} INFO - Filling up the DagBag from /home/airflow/.local/lib/python3.7/site-packages/airflow/example_dags/example_latest_only_with_trigger.py
[2022-12-03T15:22:50.231+0000] {processor.py:753} INFO - DAG(s) dict_keys(['latest_only_with_trigger']) retrieved from /home/airflow/.local/lib/python3.7/site-packages/airflow/example_dags/example_latest_only_with_trigger.py
[2022-12-03T15:22:50.262+0000] {logging_mixin.py:137} INFO - [2022-12-03T15:22:50.261+0000] {dag.py:2676} INFO - Sync 1 DAGs
[2022-12-03T15:22:50.279+0000] {logging_mixin.py:137} INFO - [2022-12-03T15:22:50.278+0000] {dag.py:3427} INFO - Setting next_dagrun for latest_only_with_trigger to 2022-12-03T11:22:50.278665+00:00, run_after=2022-12-03T15:22:50.278665+00:00
[2022-12-03T15:22:50.292+0000] {processor.py:175} INFO - Processing /home/airflow/.local/lib/python3.7/site-packages/airflow/example_dags/example_latest_only_with_trigger.py took 0.078 seconds
[2022-12-03T15:23:20.902+0000] {processor.py:153} INFO - Started process (PID=1188) to work on /home/airflow/.local/lib/python3.7/site-packages/airflow/example_dags/example_latest_only_with_trigger.py
[2022-12-03T15:23:20.903+0000] {processor.py:743} INFO - Processing file /home/airflow/.local/lib/python3.7/site-packages/airflow/example_dags/example_latest_only_with_trigger.py for tasks to queue
[2022-12-03T15:23:20.905+0000] {logging_mixin.py:137} INFO - [2022-12-03T15:23:20.904+0000] {dagbag.py:538} INFO - Filling up the DagBag from /home/airflow/.local/lib/python3.7/site-packages/airflow/example_dags/example_latest_only_with_trigger.py
[2022-12-03T15:23:20.916+0000] {processor.py:753} INFO - DAG(s) dict_keys(['latest_only_with_trigger']) retrieved from /home/airflow/.local/lib/python3.7/site-packages/airflow/example_dags/example_latest_only_with_trigger.py
[2022-12-03T15:23:20.945+0000] {logging_mixin.py:137} INFO - [2022-12-03T15:23:20.944+0000] {dag.py:2676} INFO - Sync 1 DAGs
[2022-12-03T15:23:20.963+0000] {logging_mixin.py:137} INFO - [2022-12-03T15:23:20.963+0000] {dag.py:3427} INFO - Setting next_dagrun for latest_only_with_trigger to 2022-12-03T11:23:20.963088+00:00, run_after=2022-12-03T15:23:20.963088+00:00
[2022-12-03T15:23:20.975+0000] {processor.py:175} INFO - Processing /home/airflow/.local/lib/python3.7/site-packages/airflow/example_dags/example_latest_only_with_trigger.py took 0.076 seconds
[2022-12-03T15:23:51.361+0000] {processor.py:153} INFO - Started process (PID=1402) to work on /home/airflow/.local/lib/python3.7/site-packages/airflow/example_dags/example_latest_only_with_trigger.py
[2022-12-03T15:23:51.362+0000] {processor.py:743} INFO - Processing file /home/airflow/.local/lib/python3.7/site-packages/airflow/example_dags/example_latest_only_with_trigger.py for tasks to queue
[2022-12-03T15:23:51.363+0000] {logging_mixin.py:137} INFO - [2022-12-03T15:23:51.363+0000] {dagbag.py:538} INFO - Filling up the DagBag from /home/airflow/.local/lib/python3.7/site-packages/airflow/example_dags/example_latest_only_with_trigger.py
[2022-12-03T15:23:51.373+0000] {processor.py:753} INFO - DAG(s) dict_keys(['latest_only_with_trigger']) retrieved from /home/airflow/.local/lib/python3.7/site-packages/airflow/example_dags/example_latest_only_with_trigger.py
[2022-12-03T15:23:51.400+0000] {logging_mixin.py:137} INFO - [2022-12-03T15:23:51.400+0000] {dag.py:2676} INFO - Sync 1 DAGs
[2022-12-03T15:23:51.417+0000] {logging_mixin.py:137} INFO - [2022-12-03T15:23:51.417+0000] {dag.py:3427} INFO - Setting next_dagrun for latest_only_with_trigger to 2022-12-03T11:23:51.417258+00:00, run_after=2022-12-03T15:23:51.417258+00:00
[2022-12-03T15:23:51.429+0000] {processor.py:175} INFO - Processing /home/airflow/.local/lib/python3.7/site-packages/airflow/example_dags/example_latest_only_with_trigger.py took 0.070 seconds
[2022-12-03T15:24:21.727+0000] {processor.py:153} INFO - Started process (PID=1629) to work on /home/airflow/.local/lib/python3.7/site-packages/airflow/example_dags/example_latest_only_with_trigger.py
[2022-12-03T15:24:21.728+0000] {processor.py:743} INFO - Processing file /home/airflow/.local/lib/python3.7/site-packages/airflow/example_dags/example_latest_only_with_trigger.py for tasks to queue
[2022-12-03T15:24:21.729+0000] {logging_mixin.py:137} INFO - [2022-12-03T15:24:21.729+0000] {dagbag.py:538} INFO - Filling up the DagBag from /home/airflow/.local/lib/python3.7/site-packages/airflow/example_dags/example_latest_only_with_trigger.py
[2022-12-03T15:24:21.738+0000] {processor.py:753} INFO - DAG(s) dict_keys(['latest_only_with_trigger']) retrieved from /home/airflow/.local/lib/python3.7/site-packages/airflow/example_dags/example_latest_only_with_trigger.py
[2022-12-03T15:24:21.764+0000] {logging_mixin.py:137} INFO - [2022-12-03T15:24:21.764+0000] {dag.py:2676} INFO - Sync 1 DAGs
[2022-12-03T15:24:21.780+0000] {logging_mixin.py:137} INFO - [2022-12-03T15:24:21.780+0000] {dag.py:3427} INFO - Setting next_dagrun for latest_only_with_trigger to 2022-12-03T11:24:21.780689+00:00, run_after=2022-12-03T15:24:21.780689+00:00
[2022-12-03T15:24:21.791+0000] {processor.py:175} INFO - Processing /home/airflow/.local/lib/python3.7/site-packages/airflow/example_dags/example_latest_only_with_trigger.py took 0.067 seconds
[2022-12-03T15:24:52.266+0000] {processor.py:153} INFO - Started process (PID=1854) to work on /home/airflow/.local/lib/python3.7/site-packages/airflow/example_dags/example_latest_only_with_trigger.py
[2022-12-03T15:24:52.267+0000] {processor.py:743} INFO - Processing file /home/airflow/.local/lib/python3.7/site-packages/airflow/example_dags/example_latest_only_with_trigger.py for tasks to queue
[2022-12-03T15:24:52.268+0000] {logging_mixin.py:137} INFO - [2022-12-03T15:24:52.268+0000] {dagbag.py:538} INFO - Filling up the DagBag from /home/airflow/.local/lib/python3.7/site-packages/airflow/example_dags/example_latest_only_with_trigger.py
[2022-12-03T15:24:52.278+0000] {processor.py:753} INFO - DAG(s) dict_keys(['latest_only_with_trigger']) retrieved from /home/airflow/.local/lib/python3.7/site-packages/airflow/example_dags/example_latest_only_with_trigger.py
[2022-12-03T15:24:52.304+0000] {logging_mixin.py:137} INFO - [2022-12-03T15:24:52.304+0000] {dag.py:2676} INFO - Sync 1 DAGs
[2022-12-03T15:24:52.320+0000] {logging_mixin.py:137} INFO - [2022-12-03T15:24:52.320+0000] {dag.py:3427} INFO - Setting next_dagrun for latest_only_with_trigger to 2022-12-03T11:24:52.319895+00:00, run_after=2022-12-03T15:24:52.319895+00:00
[2022-12-03T15:24:52.331+0000] {processor.py:175} INFO - Processing /home/airflow/.local/lib/python3.7/site-packages/airflow/example_dags/example_latest_only_with_trigger.py took 0.068 seconds
[2022-12-03T15:25:22.617+0000] {processor.py:153} INFO - Started process (PID=2071) to work on /home/airflow/.local/lib/python3.7/site-packages/airflow/example_dags/example_latest_only_with_trigger.py
[2022-12-03T15:25:22.618+0000] {processor.py:743} INFO - Processing file /home/airflow/.local/lib/python3.7/site-packages/airflow/example_dags/example_latest_only_with_trigger.py for tasks to queue
[2022-12-03T15:25:22.619+0000] {logging_mixin.py:137} INFO - [2022-12-03T15:25:22.619+0000] {dagbag.py:538} INFO - Filling up the DagBag from /home/airflow/.local/lib/python3.7/site-packages/airflow/example_dags/example_latest_only_with_trigger.py
[2022-12-03T15:25:22.628+0000] {processor.py:753} INFO - DAG(s) dict_keys(['latest_only_with_trigger']) retrieved from /home/airflow/.local/lib/python3.7/site-packages/airflow/example_dags/example_latest_only_with_trigger.py
[2022-12-03T15:25:22.652+0000] {logging_mixin.py:137} INFO - [2022-12-03T15:25:22.652+0000] {dag.py:2676} INFO - Sync 1 DAGs
[2022-12-03T15:25:22.666+0000] {logging_mixin.py:137} INFO - [2022-12-03T15:25:22.666+0000] {dag.py:3427} INFO - Setting next_dagrun for latest_only_with_trigger to 2022-12-03T11:25:22.666567+00:00, run_after=2022-12-03T15:25:22.666567+00:00
[2022-12-03T15:25:22.677+0000] {processor.py:175} INFO - Processing /home/airflow/.local/lib/python3.7/site-packages/airflow/example_dags/example_latest_only_with_trigger.py took 0.063 seconds
[2022-12-03T15:25:52.882+0000] {processor.py:153} INFO - Started process (PID=2295) to work on /home/airflow/.local/lib/python3.7/site-packages/airflow/example_dags/example_latest_only_with_trigger.py
[2022-12-03T15:25:52.883+0000] {processor.py:743} INFO - Processing file /home/airflow/.local/lib/python3.7/site-packages/airflow/example_dags/example_latest_only_with_trigger.py for tasks to queue
[2022-12-03T15:25:52.884+0000] {logging_mixin.py:137} INFO - [2022-12-03T15:25:52.884+0000] {dagbag.py:538} INFO - Filling up the DagBag from /home/airflow/.local/lib/python3.7/site-packages/airflow/example_dags/example_latest_only_with_trigger.py
[2022-12-03T15:25:52.893+0000] {processor.py:753} INFO - DAG(s) dict_keys(['latest_only_with_trigger']) retrieved from /home/airflow/.local/lib/python3.7/site-packages/airflow/example_dags/example_latest_only_with_trigger.py
[2022-12-03T15:25:52.920+0000] {logging_mixin.py:137} INFO - [2022-12-03T15:25:52.920+0000] {dag.py:2676} INFO - Sync 1 DAGs
[2022-12-03T15:25:52.934+0000] {logging_mixin.py:137} INFO - [2022-12-03T15:25:52.934+0000] {dag.py:3427} INFO - Setting next_dagrun for latest_only_with_trigger to 2022-12-03T11:25:52.934133+00:00, run_after=2022-12-03T15:25:52.934133+00:00
[2022-12-03T15:25:52.944+0000] {processor.py:175} INFO - Processing /home/airflow/.local/lib/python3.7/site-packages/airflow/example_dags/example_latest_only_with_trigger.py took 0.066 seconds
[2022-12-03T15:26:23.335+0000] {processor.py:153} INFO - Started process (PID=2520) to work on /home/airflow/.local/lib/python3.7/site-packages/airflow/example_dags/example_latest_only_with_trigger.py
[2022-12-03T15:26:23.336+0000] {processor.py:743} INFO - Processing file /home/airflow/.local/lib/python3.7/site-packages/airflow/example_dags/example_latest_only_with_trigger.py for tasks to queue
[2022-12-03T15:26:23.337+0000] {logging_mixin.py:137} INFO - [2022-12-03T15:26:23.337+0000] {dagbag.py:538} INFO - Filling up the DagBag from /home/airflow/.local/lib/python3.7/site-packages/airflow/example_dags/example_latest_only_with_trigger.py
[2022-12-03T15:26:23.347+0000] {processor.py:753} INFO - DAG(s) dict_keys(['latest_only_with_trigger']) retrieved from /home/airflow/.local/lib/python3.7/site-packages/airflow/example_dags/example_latest_only_with_trigger.py
[2022-12-03T15:26:23.372+0000] {logging_mixin.py:137} INFO - [2022-12-03T15:26:23.372+0000] {dag.py:2676} INFO - Sync 1 DAGs
[2022-12-03T15:26:23.388+0000] {logging_mixin.py:137} INFO - [2022-12-03T15:26:23.388+0000] {dag.py:3427} INFO - Setting next_dagrun for latest_only_with_trigger to 2022-12-03T11:26:23.388680+00:00, run_after=2022-12-03T15:26:23.388680+00:00
[2022-12-03T15:26:23.399+0000] {processor.py:175} INFO - Processing /home/airflow/.local/lib/python3.7/site-packages/airflow/example_dags/example_latest_only_with_trigger.py took 0.066 seconds
[2022-12-03T15:26:53.556+0000] {processor.py:153} INFO - Started process (PID=2734) to work on /home/airflow/.local/lib/python3.7/site-packages/airflow/example_dags/example_latest_only_with_trigger.py
[2022-12-03T15:26:53.558+0000] {processor.py:743} INFO - Processing file /home/airflow/.local/lib/python3.7/site-packages/airflow/example_dags/example_latest_only_with_trigger.py for tasks to queue
[2022-12-03T15:26:53.558+0000] {logging_mixin.py:137} INFO - [2022-12-03T15:26:53.558+0000] {dagbag.py:538} INFO - Filling up the DagBag from /home/airflow/.local/lib/python3.7/site-packages/airflow/example_dags/example_latest_only_with_trigger.py
[2022-12-03T15:26:53.572+0000] {processor.py:753} INFO - DAG(s) dict_keys(['latest_only_with_trigger']) retrieved from /home/airflow/.local/lib/python3.7/site-packages/airflow/example_dags/example_latest_only_with_trigger.py
[2022-12-03T15:26:53.597+0000] {logging_mixin.py:137} INFO - [2022-12-03T15:26:53.597+0000] {dag.py:2676} INFO - Sync 1 DAGs
[2022-12-03T15:26:53.612+0000] {logging_mixin.py:137} INFO - [2022-12-03T15:26:53.612+0000] {dag.py:3427} INFO - Setting next_dagrun for latest_only_with_trigger to 2022-12-03T11:26:53.612351+00:00, run_after=2022-12-03T15:26:53.612351+00:00
[2022-12-03T15:26:53.624+0000] {processor.py:175} INFO - Processing /home/airflow/.local/lib/python3.7/site-packages/airflow/example_dags/example_latest_only_with_trigger.py took 0.070 seconds
[2022-12-03T15:27:24.809+0000] {processor.py:153} INFO - Started process (PID=2960) to work on /home/airflow/.local/lib/python3.7/site-packages/airflow/example_dags/example_latest_only_with_trigger.py
[2022-12-03T15:27:24.810+0000] {processor.py:743} INFO - Processing file /home/airflow/.local/lib/python3.7/site-packages/airflow/example_dags/example_latest_only_with_trigger.py for tasks to queue
[2022-12-03T15:27:24.811+0000] {logging_mixin.py:137} INFO - [2022-12-03T15:27:24.811+0000] {dagbag.py:538} INFO - Filling up the DagBag from /home/airflow/.local/lib/python3.7/site-packages/airflow/example_dags/example_latest_only_with_trigger.py
[2022-12-03T15:27:24.821+0000] {processor.py:753} INFO - DAG(s) dict_keys(['latest_only_with_trigger']) retrieved from /home/airflow/.local/lib/python3.7/site-packages/airflow/example_dags/example_latest_only_with_trigger.py
[2022-12-03T15:27:24.846+0000] {logging_mixin.py:137} INFO - [2022-12-03T15:27:24.846+0000] {dag.py:2676} INFO - Sync 1 DAGs
[2022-12-03T15:27:24.862+0000] {logging_mixin.py:137} INFO - [2022-12-03T15:27:24.862+0000] {dag.py:3427} INFO - Setting next_dagrun for latest_only_with_trigger to 2022-12-03T11:27:24.862400+00:00, run_after=2022-12-03T15:27:24.862400+00:00
[2022-12-03T15:27:24.873+0000] {processor.py:175} INFO - Processing /home/airflow/.local/lib/python3.7/site-packages/airflow/example_dags/example_latest_only_with_trigger.py took 0.066 seconds
[2022-12-03T15:27:55.183+0000] {processor.py:153} INFO - Started process (PID=3189) to work on /home/airflow/.local/lib/python3.7/site-packages/airflow/example_dags/example_latest_only_with_trigger.py
[2022-12-03T15:27:55.184+0000] {processor.py:743} INFO - Processing file /home/airflow/.local/lib/python3.7/site-packages/airflow/example_dags/example_latest_only_with_trigger.py for tasks to queue
[2022-12-03T15:27:55.184+0000] {logging_mixin.py:137} INFO - [2022-12-03T15:27:55.184+0000] {dagbag.py:538} INFO - Filling up the DagBag from /home/airflow/.local/lib/python3.7/site-packages/airflow/example_dags/example_latest_only_with_trigger.py
[2022-12-03T15:27:55.195+0000] {processor.py:753} INFO - DAG(s) dict_keys(['latest_only_with_trigger']) retrieved from /home/airflow/.local/lib/python3.7/site-packages/airflow/example_dags/example_latest_only_with_trigger.py
[2022-12-03T15:27:55.221+0000] {logging_mixin.py:137} INFO - [2022-12-03T15:27:55.221+0000] {dag.py:2676} INFO - Sync 1 DAGs
[2022-12-03T15:27:55.235+0000] {logging_mixin.py:137} INFO - [2022-12-03T15:27:55.235+0000] {dag.py:3427} INFO - Setting next_dagrun for latest_only_with_trigger to 2022-12-03T11:27:55.235597+00:00, run_after=2022-12-03T15:27:55.235597+00:00
[2022-12-03T15:27:55.246+0000] {processor.py:175} INFO - Processing /home/airflow/.local/lib/python3.7/site-packages/airflow/example_dags/example_latest_only_with_trigger.py took 0.066 seconds
[2022-12-03T15:28:25.531+0000] {processor.py:153} INFO - Started process (PID=3407) to work on /home/airflow/.local/lib/python3.7/site-packages/airflow/example_dags/example_latest_only_with_trigger.py
[2022-12-03T15:28:25.533+0000] {processor.py:743} INFO - Processing file /home/airflow/.local/lib/python3.7/site-packages/airflow/example_dags/example_latest_only_with_trigger.py for tasks to queue
[2022-12-03T15:28:25.533+0000] {logging_mixin.py:137} INFO - [2022-12-03T15:28:25.533+0000] {dagbag.py:538} INFO - Filling up the DagBag from /home/airflow/.local/lib/python3.7/site-packages/airflow/example_dags/example_latest_only_with_trigger.py
[2022-12-03T15:28:25.543+0000] {processor.py:753} INFO - DAG(s) dict_keys(['latest_only_with_trigger']) retrieved from /home/airflow/.local/lib/python3.7/site-packages/airflow/example_dags/example_latest_only_with_trigger.py
[2022-12-03T15:28:25.582+0000] {logging_mixin.py:137} INFO - [2022-12-03T15:28:25.582+0000] {dag.py:2676} INFO - Sync 1 DAGs
[2022-12-03T15:28:25.607+0000] {logging_mixin.py:137} INFO - [2022-12-03T15:28:25.607+0000] {dag.py:3427} INFO - Setting next_dagrun for latest_only_with_trigger to 2022-12-03T11:28:25.606880+00:00, run_after=2022-12-03T15:28:25.606880+00:00
[2022-12-03T15:28:25.619+0000] {processor.py:175} INFO - Processing /home/airflow/.local/lib/python3.7/site-packages/airflow/example_dags/example_latest_only_with_trigger.py took 0.091 seconds
[2022-12-03T15:28:56.076+0000] {processor.py:153} INFO - Started process (PID=3625) to work on /home/airflow/.local/lib/python3.7/site-packages/airflow/example_dags/example_latest_only_with_trigger.py
[2022-12-03T15:28:56.077+0000] {processor.py:743} INFO - Processing file /home/airflow/.local/lib/python3.7/site-packages/airflow/example_dags/example_latest_only_with_trigger.py for tasks to queue
[2022-12-03T15:28:56.077+0000] {logging_mixin.py:137} INFO - [2022-12-03T15:28:56.077+0000] {dagbag.py:538} INFO - Filling up the DagBag from /home/airflow/.local/lib/python3.7/site-packages/airflow/example_dags/example_latest_only_with_trigger.py
[2022-12-03T15:28:56.087+0000] {processor.py:753} INFO - DAG(s) dict_keys(['latest_only_with_trigger']) retrieved from /home/airflow/.local/lib/python3.7/site-packages/airflow/example_dags/example_latest_only_with_trigger.py
[2022-12-03T15:28:56.114+0000] {logging_mixin.py:137} INFO - [2022-12-03T15:28:56.113+0000] {dag.py:2676} INFO - Sync 1 DAGs
[2022-12-03T15:28:56.128+0000] {logging_mixin.py:137} INFO - [2022-12-03T15:28:56.128+0000] {dag.py:3427} INFO - Setting next_dagrun for latest_only_with_trigger to 2022-12-03T11:28:56.128478+00:00, run_after=2022-12-03T15:28:56.128478+00:00
[2022-12-03T15:28:56.139+0000] {processor.py:175} INFO - Processing /home/airflow/.local/lib/python3.7/site-packages/airflow/example_dags/example_latest_only_with_trigger.py took 0.066 seconds
[2022-12-03T15:29:26.194+0000] {processor.py:153} INFO - Started process (PID=3851) to work on /home/airflow/.local/lib/python3.7/site-packages/airflow/example_dags/example_latest_only_with_trigger.py
[2022-12-03T15:29:26.195+0000] {processor.py:743} INFO - Processing file /home/airflow/.local/lib/python3.7/site-packages/airflow/example_dags/example_latest_only_with_trigger.py for tasks to queue
[2022-12-03T15:29:26.196+0000] {logging_mixin.py:137} INFO - [2022-12-03T15:29:26.196+0000] {dagbag.py:538} INFO - Filling up the DagBag from /home/airflow/.local/lib/python3.7/site-packages/airflow/example_dags/example_latest_only_with_trigger.py
[2022-12-03T15:29:26.205+0000] {processor.py:753} INFO - DAG(s) dict_keys(['latest_only_with_trigger']) retrieved from /home/airflow/.local/lib/python3.7/site-packages/airflow/example_dags/example_latest_only_with_trigger.py
[2022-12-03T15:29:26.233+0000] {logging_mixin.py:137} INFO - [2022-12-03T15:29:26.233+0000] {dag.py:2676} INFO - Sync 1 DAGs
[2022-12-03T15:29:26.249+0000] {logging_mixin.py:137} INFO - [2022-12-03T15:29:26.249+0000] {dag.py:3427} INFO - Setting next_dagrun for latest_only_with_trigger to 2022-12-03T11:29:26.249693+00:00, run_after=2022-12-03T15:29:26.249693+00:00
[2022-12-03T15:29:26.259+0000] {processor.py:175} INFO - Processing /home/airflow/.local/lib/python3.7/site-packages/airflow/example_dags/example_latest_only_with_trigger.py took 0.068 seconds
[2022-12-03T15:29:56.461+0000] {processor.py:153} INFO - Started process (PID=4074) to work on /home/airflow/.local/lib/python3.7/site-packages/airflow/example_dags/example_latest_only_with_trigger.py
[2022-12-03T15:29:56.462+0000] {processor.py:743} INFO - Processing file /home/airflow/.local/lib/python3.7/site-packages/airflow/example_dags/example_latest_only_with_trigger.py for tasks to queue
[2022-12-03T15:29:56.463+0000] {logging_mixin.py:137} INFO - [2022-12-03T15:29:56.463+0000] {dagbag.py:538} INFO - Filling up the DagBag from /home/airflow/.local/lib/python3.7/site-packages/airflow/example_dags/example_latest_only_with_trigger.py
[2022-12-03T15:29:56.478+0000] {processor.py:753} INFO - DAG(s) dict_keys(['latest_only_with_trigger']) retrieved from /home/airflow/.local/lib/python3.7/site-packages/airflow/example_dags/example_latest_only_with_trigger.py
[2022-12-03T15:29:56.507+0000] {logging_mixin.py:137} INFO - [2022-12-03T15:29:56.507+0000] {dag.py:2676} INFO - Sync 1 DAGs
[2022-12-03T15:29:56.523+0000] {logging_mixin.py:137} INFO - [2022-12-03T15:29:56.523+0000] {dag.py:3427} INFO - Setting next_dagrun for latest_only_with_trigger to 2022-12-03T11:29:56.523158+00:00, run_after=2022-12-03T15:29:56.523158+00:00
[2022-12-03T15:29:56.536+0000] {processor.py:175} INFO - Processing /home/airflow/.local/lib/python3.7/site-packages/airflow/example_dags/example_latest_only_with_trigger.py took 0.078 seconds
[2022-12-03T15:30:27.006+0000] {processor.py:153} INFO - Started process (PID=4293) to work on /home/airflow/.local/lib/python3.7/site-packages/airflow/example_dags/example_latest_only_with_trigger.py
[2022-12-03T15:30:27.007+0000] {processor.py:743} INFO - Processing file /home/airflow/.local/lib/python3.7/site-packages/airflow/example_dags/example_latest_only_with_trigger.py for tasks to queue
[2022-12-03T15:30:27.008+0000] {logging_mixin.py:137} INFO - [2022-12-03T15:30:27.008+0000] {dagbag.py:538} INFO - Filling up the DagBag from /home/airflow/.local/lib/python3.7/site-packages/airflow/example_dags/example_latest_only_with_trigger.py
[2022-12-03T15:30:27.019+0000] {processor.py:753} INFO - DAG(s) dict_keys(['latest_only_with_trigger']) retrieved from /home/airflow/.local/lib/python3.7/site-packages/airflow/example_dags/example_latest_only_with_trigger.py
[2022-12-03T15:30:27.044+0000] {logging_mixin.py:137} INFO - [2022-12-03T15:30:27.044+0000] {dag.py:2676} INFO - Sync 1 DAGs
[2022-12-03T15:30:27.060+0000] {logging_mixin.py:137} INFO - [2022-12-03T15:30:27.060+0000] {dag.py:3427} INFO - Setting next_dagrun for latest_only_with_trigger to 2022-12-03T11:30:27.059853+00:00, run_after=2022-12-03T15:30:27.059853+00:00
[2022-12-03T15:30:27.070+0000] {processor.py:175} INFO - Processing /home/airflow/.local/lib/python3.7/site-packages/airflow/example_dags/example_latest_only_with_trigger.py took 0.067 seconds
[2022-12-03T15:30:57.298+0000] {processor.py:153} INFO - Started process (PID=4517) to work on /home/airflow/.local/lib/python3.7/site-packages/airflow/example_dags/example_latest_only_with_trigger.py
[2022-12-03T15:30:57.299+0000] {processor.py:743} INFO - Processing file /home/airflow/.local/lib/python3.7/site-packages/airflow/example_dags/example_latest_only_with_trigger.py for tasks to queue
[2022-12-03T15:30:57.300+0000] {logging_mixin.py:137} INFO - [2022-12-03T15:30:57.300+0000] {dagbag.py:538} INFO - Filling up the DagBag from /home/airflow/.local/lib/python3.7/site-packages/airflow/example_dags/example_latest_only_with_trigger.py
[2022-12-03T15:30:57.310+0000] {processor.py:753} INFO - DAG(s) dict_keys(['latest_only_with_trigger']) retrieved from /home/airflow/.local/lib/python3.7/site-packages/airflow/example_dags/example_latest_only_with_trigger.py
[2022-12-03T15:30:57.337+0000] {logging_mixin.py:137} INFO - [2022-12-03T15:30:57.336+0000] {dag.py:2676} INFO - Sync 1 DAGs
[2022-12-03T15:30:57.351+0000] {logging_mixin.py:137} INFO - [2022-12-03T15:30:57.351+0000] {dag.py:3427} INFO - Setting next_dagrun for latest_only_with_trigger to 2022-12-03T11:30:57.350963+00:00, run_after=2022-12-03T15:30:57.350963+00:00
[2022-12-03T15:30:57.362+0000] {processor.py:175} INFO - Processing /home/airflow/.local/lib/python3.7/site-packages/airflow/example_dags/example_latest_only_with_trigger.py took 0.067 seconds
[2022-12-03T15:31:27.669+0000] {processor.py:153} INFO - Started process (PID=4741) to work on /home/airflow/.local/lib/python3.7/site-packages/airflow/example_dags/example_latest_only_with_trigger.py
[2022-12-03T15:31:27.671+0000] {processor.py:743} INFO - Processing file /home/airflow/.local/lib/python3.7/site-packages/airflow/example_dags/example_latest_only_with_trigger.py for tasks to queue
[2022-12-03T15:31:27.671+0000] {logging_mixin.py:137} INFO - [2022-12-03T15:31:27.671+0000] {dagbag.py:538} INFO - Filling up the DagBag from /home/airflow/.local/lib/python3.7/site-packages/airflow/example_dags/example_latest_only_with_trigger.py
[2022-12-03T15:31:27.692+0000] {processor.py:753} INFO - DAG(s) dict_keys(['latest_only_with_trigger']) retrieved from /home/airflow/.local/lib/python3.7/site-packages/airflow/example_dags/example_latest_only_with_trigger.py
[2022-12-03T15:31:27.759+0000] {logging_mixin.py:137} INFO - [2022-12-03T15:31:27.759+0000] {dag.py:2676} INFO - Sync 1 DAGs
[2022-12-03T15:31:27.777+0000] {logging_mixin.py:137} INFO - [2022-12-03T15:31:27.777+0000] {dag.py:3427} INFO - Setting next_dagrun for latest_only_with_trigger to 2022-12-03T11:31:27.777074+00:00, run_after=2022-12-03T15:31:27.777074+00:00
[2022-12-03T15:31:27.788+0000] {processor.py:175} INFO - Processing /home/airflow/.local/lib/python3.7/site-packages/airflow/example_dags/example_latest_only_with_trigger.py took 0.121 seconds
[2022-12-03T15:31:58.398+0000] {processor.py:153} INFO - Started process (PID=4956) to work on /home/airflow/.local/lib/python3.7/site-packages/airflow/example_dags/example_latest_only_with_trigger.py
[2022-12-03T15:31:58.399+0000] {processor.py:743} INFO - Processing file /home/airflow/.local/lib/python3.7/site-packages/airflow/example_dags/example_latest_only_with_trigger.py for tasks to queue
[2022-12-03T15:31:58.400+0000] {logging_mixin.py:137} INFO - [2022-12-03T15:31:58.400+0000] {dagbag.py:538} INFO - Filling up the DagBag from /home/airflow/.local/lib/python3.7/site-packages/airflow/example_dags/example_latest_only_with_trigger.py
[2022-12-03T15:31:58.410+0000] {processor.py:753} INFO - DAG(s) dict_keys(['latest_only_with_trigger']) retrieved from /home/airflow/.local/lib/python3.7/site-packages/airflow/example_dags/example_latest_only_with_trigger.py
[2022-12-03T15:31:58.438+0000] {logging_mixin.py:137} INFO - [2022-12-03T15:31:58.438+0000] {dag.py:2676} INFO - Sync 1 DAGs
[2022-12-03T15:31:58.454+0000] {logging_mixin.py:137} INFO - [2022-12-03T15:31:58.454+0000] {dag.py:3427} INFO - Setting next_dagrun for latest_only_with_trigger to 2022-12-03T11:31:58.454084+00:00, run_after=2022-12-03T15:31:58.454084+00:00
[2022-12-03T15:31:58.466+0000] {processor.py:175} INFO - Processing /home/airflow/.local/lib/python3.7/site-packages/airflow/example_dags/example_latest_only_with_trigger.py took 0.071 seconds
[2022-12-03T15:32:28.985+0000] {processor.py:153} INFO - Started process (PID=5184) to work on /home/airflow/.local/lib/python3.7/site-packages/airflow/example_dags/example_latest_only_with_trigger.py
[2022-12-03T15:32:28.986+0000] {processor.py:743} INFO - Processing file /home/airflow/.local/lib/python3.7/site-packages/airflow/example_dags/example_latest_only_with_trigger.py for tasks to queue
[2022-12-03T15:32:28.987+0000] {logging_mixin.py:137} INFO - [2022-12-03T15:32:28.987+0000] {dagbag.py:538} INFO - Filling up the DagBag from /home/airflow/.local/lib/python3.7/site-packages/airflow/example_dags/example_latest_only_with_trigger.py
[2022-12-03T15:32:28.998+0000] {processor.py:753} INFO - DAG(s) dict_keys(['latest_only_with_trigger']) retrieved from /home/airflow/.local/lib/python3.7/site-packages/airflow/example_dags/example_latest_only_with_trigger.py
[2022-12-03T15:32:29.025+0000] {logging_mixin.py:137} INFO - [2022-12-03T15:32:29.025+0000] {dag.py:2676} INFO - Sync 1 DAGs
[2022-12-03T15:32:29.040+0000] {logging_mixin.py:137} INFO - [2022-12-03T15:32:29.040+0000] {dag.py:3427} INFO - Setting next_dagrun for latest_only_with_trigger to 2022-12-03T11:32:29.040018+00:00, run_after=2022-12-03T15:32:29.040018+00:00
[2022-12-03T15:32:29.052+0000] {processor.py:175} INFO - Processing /home/airflow/.local/lib/python3.7/site-packages/airflow/example_dags/example_latest_only_with_trigger.py took 0.069 seconds
[2022-12-03T15:32:59.552+0000] {processor.py:153} INFO - Started process (PID=5403) to work on /home/airflow/.local/lib/python3.7/site-packages/airflow/example_dags/example_latest_only_with_trigger.py
[2022-12-03T15:32:59.553+0000] {processor.py:743} INFO - Processing file /home/airflow/.local/lib/python3.7/site-packages/airflow/example_dags/example_latest_only_with_trigger.py for tasks to queue
[2022-12-03T15:32:59.554+0000] {logging_mixin.py:137} INFO - [2022-12-03T15:32:59.554+0000] {dagbag.py:538} INFO - Filling up the DagBag from /home/airflow/.local/lib/python3.7/site-packages/airflow/example_dags/example_latest_only_with_trigger.py
[2022-12-03T15:32:59.564+0000] {processor.py:753} INFO - DAG(s) dict_keys(['latest_only_with_trigger']) retrieved from /home/airflow/.local/lib/python3.7/site-packages/airflow/example_dags/example_latest_only_with_trigger.py
[2022-12-03T15:32:59.599+0000] {logging_mixin.py:137} INFO - [2022-12-03T15:32:59.599+0000] {dag.py:2676} INFO - Sync 1 DAGs
[2022-12-03T15:32:59.637+0000] {logging_mixin.py:137} INFO - [2022-12-03T15:32:59.637+0000] {dag.py:3427} INFO - Setting next_dagrun for latest_only_with_trigger to 2022-12-03T11:32:59.637121+00:00, run_after=2022-12-03T15:32:59.637121+00:00
[2022-12-03T15:32:59.651+0000] {processor.py:175} INFO - Processing /home/airflow/.local/lib/python3.7/site-packages/airflow/example_dags/example_latest_only_with_trigger.py took 0.102 seconds
