[2022-12-03T15:08:53.503+0000] {processor.py:153} INFO - Started process (PID=319) to work on /home/airflow/.local/lib/python3.7/site-packages/airflow/example_dags/example_branch_labels.py
[2022-12-03T15:08:53.505+0000] {processor.py:743} INFO - Processing file /home/airflow/.local/lib/python3.7/site-packages/airflow/example_dags/example_branch_labels.py for tasks to queue
[2022-12-03T15:08:53.507+0000] {logging_mixin.py:137} INFO - [2022-12-03T15:08:53.507+0000] {dagbag.py:538} INFO - Filling up the DagBag from /home/airflow/.local/lib/python3.7/site-packages/airflow/example_dags/example_branch_labels.py
[2022-12-03T15:08:53.522+0000] {processor.py:753} INFO - DAG(s) dict_keys(['example_branch_labels']) retrieved from /home/airflow/.local/lib/python3.7/site-packages/airflow/example_dags/example_branch_labels.py
[2022-12-03T15:08:53.548+0000] {logging_mixin.py:137} INFO - [2022-12-03T15:08:53.547+0000] {dag.py:2676} INFO - Sync 1 DAGs
[2022-12-03T15:08:53.565+0000] {logging_mixin.py:137} INFO - [2022-12-03T15:08:53.565+0000] {dag.py:3427} INFO - Setting next_dagrun for example_branch_labels to 2022-12-02T00:00:00+00:00, run_after=2022-12-03T00:00:00+00:00
[2022-12-03T15:08:53.578+0000] {processor.py:175} INFO - Processing /home/airflow/.local/lib/python3.7/site-packages/airflow/example_dags/example_branch_labels.py took 0.077 seconds
[2022-12-03T15:09:23.800+0000] {processor.py:153} INFO - Started process (PID=545) to work on /home/airflow/.local/lib/python3.7/site-packages/airflow/example_dags/example_branch_labels.py
[2022-12-03T15:09:23.801+0000] {processor.py:743} INFO - Processing file /home/airflow/.local/lib/python3.7/site-packages/airflow/example_dags/example_branch_labels.py for tasks to queue
[2022-12-03T15:09:23.802+0000] {logging_mixin.py:137} INFO - [2022-12-03T15:09:23.802+0000] {dagbag.py:538} INFO - Filling up the DagBag from /home/airflow/.local/lib/python3.7/site-packages/airflow/example_dags/example_branch_labels.py
[2022-12-03T15:09:23.812+0000] {processor.py:753} INFO - DAG(s) dict_keys(['example_branch_labels']) retrieved from /home/airflow/.local/lib/python3.7/site-packages/airflow/example_dags/example_branch_labels.py
[2022-12-03T15:09:23.831+0000] {logging_mixin.py:137} INFO - [2022-12-03T15:09:23.831+0000] {dag.py:2676} INFO - Sync 1 DAGs
[2022-12-03T15:09:23.849+0000] {logging_mixin.py:137} INFO - [2022-12-03T15:09:23.849+0000] {dag.py:3427} INFO - Setting next_dagrun for example_branch_labels to 2022-12-02T00:00:00+00:00, run_after=2022-12-03T00:00:00+00:00
[2022-12-03T15:09:23.860+0000] {processor.py:175} INFO - Processing /home/airflow/.local/lib/python3.7/site-packages/airflow/example_dags/example_branch_labels.py took 0.062 seconds
[2022-12-03T15:09:54.316+0000] {processor.py:153} INFO - Started process (PID=769) to work on /home/airflow/.local/lib/python3.7/site-packages/airflow/example_dags/example_branch_labels.py
[2022-12-03T15:09:54.318+0000] {processor.py:743} INFO - Processing file /home/airflow/.local/lib/python3.7/site-packages/airflow/example_dags/example_branch_labels.py for tasks to queue
[2022-12-03T15:09:54.318+0000] {logging_mixin.py:137} INFO - [2022-12-03T15:09:54.318+0000] {dagbag.py:538} INFO - Filling up the DagBag from /home/airflow/.local/lib/python3.7/site-packages/airflow/example_dags/example_branch_labels.py
[2022-12-03T15:09:54.329+0000] {processor.py:753} INFO - DAG(s) dict_keys(['example_branch_labels']) retrieved from /home/airflow/.local/lib/python3.7/site-packages/airflow/example_dags/example_branch_labels.py
[2022-12-03T15:09:54.357+0000] {logging_mixin.py:137} INFO - [2022-12-03T15:09:54.357+0000] {dag.py:2676} INFO - Sync 1 DAGs
[2022-12-03T15:09:54.382+0000] {logging_mixin.py:137} INFO - [2022-12-03T15:09:54.382+0000] {dag.py:3427} INFO - Setting next_dagrun for example_branch_labels to 2022-12-02T00:00:00+00:00, run_after=2022-12-03T00:00:00+00:00
[2022-12-03T15:09:54.395+0000] {processor.py:175} INFO - Processing /home/airflow/.local/lib/python3.7/site-packages/airflow/example_dags/example_branch_labels.py took 0.082 seconds
[2022-12-03T15:10:52.644+0000] {processor.py:153} INFO - Started process (PID=319) to work on /home/airflow/.local/lib/python3.7/site-packages/airflow/example_dags/example_branch_labels.py
[2022-12-03T15:10:52.646+0000] {processor.py:743} INFO - Processing file /home/airflow/.local/lib/python3.7/site-packages/airflow/example_dags/example_branch_labels.py for tasks to queue
[2022-12-03T15:10:52.648+0000] {logging_mixin.py:137} INFO - [2022-12-03T15:10:52.648+0000] {dagbag.py:538} INFO - Filling up the DagBag from /home/airflow/.local/lib/python3.7/site-packages/airflow/example_dags/example_branch_labels.py
[2022-12-03T15:10:52.659+0000] {processor.py:753} INFO - DAG(s) dict_keys(['example_branch_labels']) retrieved from /home/airflow/.local/lib/python3.7/site-packages/airflow/example_dags/example_branch_labels.py
[2022-12-03T15:10:52.682+0000] {logging_mixin.py:137} INFO - [2022-12-03T15:10:52.682+0000] {dag.py:2676} INFO - Sync 1 DAGs
[2022-12-03T15:10:52.703+0000] {logging_mixin.py:137} INFO - [2022-12-03T15:10:52.703+0000] {dag.py:3427} INFO - Setting next_dagrun for example_branch_labels to 2022-12-02T00:00:00+00:00, run_after=2022-12-03T00:00:00+00:00
[2022-12-03T15:10:52.722+0000] {processor.py:175} INFO - Processing /home/airflow/.local/lib/python3.7/site-packages/airflow/example_dags/example_branch_labels.py took 0.081 seconds
[2022-12-03T15:11:22.992+0000] {processor.py:153} INFO - Started process (PID=545) to work on /home/airflow/.local/lib/python3.7/site-packages/airflow/example_dags/example_branch_labels.py
[2022-12-03T15:11:22.993+0000] {processor.py:743} INFO - Processing file /home/airflow/.local/lib/python3.7/site-packages/airflow/example_dags/example_branch_labels.py for tasks to queue
[2022-12-03T15:11:22.994+0000] {logging_mixin.py:137} INFO - [2022-12-03T15:11:22.994+0000] {dagbag.py:538} INFO - Filling up the DagBag from /home/airflow/.local/lib/python3.7/site-packages/airflow/example_dags/example_branch_labels.py
[2022-12-03T15:11:23.004+0000] {processor.py:753} INFO - DAG(s) dict_keys(['example_branch_labels']) retrieved from /home/airflow/.local/lib/python3.7/site-packages/airflow/example_dags/example_branch_labels.py
[2022-12-03T15:11:23.030+0000] {logging_mixin.py:137} INFO - [2022-12-03T15:11:23.030+0000] {dag.py:2676} INFO - Sync 1 DAGs
[2022-12-03T15:11:23.046+0000] {logging_mixin.py:137} INFO - [2022-12-03T15:11:23.046+0000] {dag.py:3427} INFO - Setting next_dagrun for example_branch_labels to 2022-12-02T00:00:00+00:00, run_after=2022-12-03T00:00:00+00:00
[2022-12-03T15:11:23.056+0000] {processor.py:175} INFO - Processing /home/airflow/.local/lib/python3.7/site-packages/airflow/example_dags/example_branch_labels.py took 0.067 seconds
[2022-12-03T15:11:53.633+0000] {processor.py:153} INFO - Started process (PID=772) to work on /home/airflow/.local/lib/python3.7/site-packages/airflow/example_dags/example_branch_labels.py
[2022-12-03T15:11:53.634+0000] {processor.py:743} INFO - Processing file /home/airflow/.local/lib/python3.7/site-packages/airflow/example_dags/example_branch_labels.py for tasks to queue
[2022-12-03T15:11:53.634+0000] {logging_mixin.py:137} INFO - [2022-12-03T15:11:53.634+0000] {dagbag.py:538} INFO - Filling up the DagBag from /home/airflow/.local/lib/python3.7/site-packages/airflow/example_dags/example_branch_labels.py
[2022-12-03T15:11:53.645+0000] {processor.py:753} INFO - DAG(s) dict_keys(['example_branch_labels']) retrieved from /home/airflow/.local/lib/python3.7/site-packages/airflow/example_dags/example_branch_labels.py
[2022-12-03T15:11:53.672+0000] {logging_mixin.py:137} INFO - [2022-12-03T15:11:53.671+0000] {dag.py:2676} INFO - Sync 1 DAGs
[2022-12-03T15:11:53.687+0000] {logging_mixin.py:137} INFO - [2022-12-03T15:11:53.687+0000] {dag.py:3427} INFO - Setting next_dagrun for example_branch_labels to 2022-12-02T00:00:00+00:00, run_after=2022-12-03T00:00:00+00:00
[2022-12-03T15:11:53.697+0000] {processor.py:175} INFO - Processing /home/airflow/.local/lib/python3.7/site-packages/airflow/example_dags/example_branch_labels.py took 0.066 seconds
[2022-12-03T15:12:23.814+0000] {processor.py:153} INFO - Started process (PID=987) to work on /home/airflow/.local/lib/python3.7/site-packages/airflow/example_dags/example_branch_labels.py
[2022-12-03T15:12:23.816+0000] {processor.py:743} INFO - Processing file /home/airflow/.local/lib/python3.7/site-packages/airflow/example_dags/example_branch_labels.py for tasks to queue
[2022-12-03T15:12:23.816+0000] {logging_mixin.py:137} INFO - [2022-12-03T15:12:23.816+0000] {dagbag.py:538} INFO - Filling up the DagBag from /home/airflow/.local/lib/python3.7/site-packages/airflow/example_dags/example_branch_labels.py
[2022-12-03T15:12:23.826+0000] {processor.py:753} INFO - DAG(s) dict_keys(['example_branch_labels']) retrieved from /home/airflow/.local/lib/python3.7/site-packages/airflow/example_dags/example_branch_labels.py
[2022-12-03T15:12:23.845+0000] {logging_mixin.py:137} INFO - [2022-12-03T15:12:23.845+0000] {dag.py:2676} INFO - Sync 1 DAGs
[2022-12-03T15:12:23.861+0000] {logging_mixin.py:137} INFO - [2022-12-03T15:12:23.861+0000] {dag.py:3427} INFO - Setting next_dagrun for example_branch_labels to 2022-12-02T00:00:00+00:00, run_after=2022-12-03T00:00:00+00:00
[2022-12-03T15:12:23.873+0000] {processor.py:175} INFO - Processing /home/airflow/.local/lib/python3.7/site-packages/airflow/example_dags/example_branch_labels.py took 0.061 seconds
[2022-12-03T15:12:54.099+0000] {processor.py:153} INFO - Started process (PID=1213) to work on /home/airflow/.local/lib/python3.7/site-packages/airflow/example_dags/example_branch_labels.py
[2022-12-03T15:12:54.100+0000] {processor.py:743} INFO - Processing file /home/airflow/.local/lib/python3.7/site-packages/airflow/example_dags/example_branch_labels.py for tasks to queue
[2022-12-03T15:12:54.101+0000] {logging_mixin.py:137} INFO - [2022-12-03T15:12:54.101+0000] {dagbag.py:538} INFO - Filling up the DagBag from /home/airflow/.local/lib/python3.7/site-packages/airflow/example_dags/example_branch_labels.py
[2022-12-03T15:12:54.114+0000] {processor.py:753} INFO - DAG(s) dict_keys(['example_branch_labels']) retrieved from /home/airflow/.local/lib/python3.7/site-packages/airflow/example_dags/example_branch_labels.py
[2022-12-03T15:12:54.138+0000] {logging_mixin.py:137} INFO - [2022-12-03T15:12:54.137+0000] {dag.py:2676} INFO - Sync 1 DAGs
[2022-12-03T15:12:54.156+0000] {logging_mixin.py:137} INFO - [2022-12-03T15:12:54.156+0000] {dag.py:3427} INFO - Setting next_dagrun for example_branch_labels to 2022-12-02T00:00:00+00:00, run_after=2022-12-03T00:00:00+00:00
[2022-12-03T15:12:54.168+0000] {processor.py:175} INFO - Processing /home/airflow/.local/lib/python3.7/site-packages/airflow/example_dags/example_branch_labels.py took 0.071 seconds
[2022-12-03T15:13:24.808+0000] {processor.py:153} INFO - Started process (PID=1439) to work on /home/airflow/.local/lib/python3.7/site-packages/airflow/example_dags/example_branch_labels.py
[2022-12-03T15:13:24.811+0000] {processor.py:743} INFO - Processing file /home/airflow/.local/lib/python3.7/site-packages/airflow/example_dags/example_branch_labels.py for tasks to queue
[2022-12-03T15:13:24.812+0000] {logging_mixin.py:137} INFO - [2022-12-03T15:13:24.812+0000] {dagbag.py:538} INFO - Filling up the DagBag from /home/airflow/.local/lib/python3.7/site-packages/airflow/example_dags/example_branch_labels.py
[2022-12-03T15:13:24.825+0000] {processor.py:753} INFO - DAG(s) dict_keys(['example_branch_labels']) retrieved from /home/airflow/.local/lib/python3.7/site-packages/airflow/example_dags/example_branch_labels.py
[2022-12-03T15:13:24.866+0000] {logging_mixin.py:137} INFO - [2022-12-03T15:13:24.866+0000] {dag.py:2676} INFO - Sync 1 DAGs
[2022-12-03T15:13:24.888+0000] {logging_mixin.py:137} INFO - [2022-12-03T15:13:24.888+0000] {dag.py:3427} INFO - Setting next_dagrun for example_branch_labels to 2022-12-02T00:00:00+00:00, run_after=2022-12-03T00:00:00+00:00
[2022-12-03T15:13:24.905+0000] {processor.py:175} INFO - Processing /home/airflow/.local/lib/python3.7/site-packages/airflow/example_dags/example_branch_labels.py took 0.099 seconds
[2022-12-03T15:13:55.250+0000] {processor.py:153} INFO - Started process (PID=1653) to work on /home/airflow/.local/lib/python3.7/site-packages/airflow/example_dags/example_branch_labels.py
[2022-12-03T15:13:55.252+0000] {processor.py:743} INFO - Processing file /home/airflow/.local/lib/python3.7/site-packages/airflow/example_dags/example_branch_labels.py for tasks to queue
[2022-12-03T15:13:55.253+0000] {logging_mixin.py:137} INFO - [2022-12-03T15:13:55.253+0000] {dagbag.py:538} INFO - Filling up the DagBag from /home/airflow/.local/lib/python3.7/site-packages/airflow/example_dags/example_branch_labels.py
[2022-12-03T15:13:55.265+0000] {processor.py:753} INFO - DAG(s) dict_keys(['example_branch_labels']) retrieved from /home/airflow/.local/lib/python3.7/site-packages/airflow/example_dags/example_branch_labels.py
[2022-12-03T15:13:55.293+0000] {logging_mixin.py:137} INFO - [2022-12-03T15:13:55.292+0000] {dag.py:2676} INFO - Sync 1 DAGs
[2022-12-03T15:13:55.310+0000] {logging_mixin.py:137} INFO - [2022-12-03T15:13:55.310+0000] {dag.py:3427} INFO - Setting next_dagrun for example_branch_labels to 2022-12-02T00:00:00+00:00, run_after=2022-12-03T00:00:00+00:00
[2022-12-03T15:13:55.324+0000] {processor.py:175} INFO - Processing /home/airflow/.local/lib/python3.7/site-packages/airflow/example_dags/example_branch_labels.py took 0.077 seconds
[2022-12-03T15:14:25.456+0000] {processor.py:153} INFO - Started process (PID=1879) to work on /home/airflow/.local/lib/python3.7/site-packages/airflow/example_dags/example_branch_labels.py
[2022-12-03T15:14:25.457+0000] {processor.py:743} INFO - Processing file /home/airflow/.local/lib/python3.7/site-packages/airflow/example_dags/example_branch_labels.py for tasks to queue
[2022-12-03T15:14:25.458+0000] {logging_mixin.py:137} INFO - [2022-12-03T15:14:25.458+0000] {dagbag.py:538} INFO - Filling up the DagBag from /home/airflow/.local/lib/python3.7/site-packages/airflow/example_dags/example_branch_labels.py
[2022-12-03T15:14:25.475+0000] {processor.py:753} INFO - DAG(s) dict_keys(['example_branch_labels']) retrieved from /home/airflow/.local/lib/python3.7/site-packages/airflow/example_dags/example_branch_labels.py
[2022-12-03T15:14:25.514+0000] {logging_mixin.py:137} INFO - [2022-12-03T15:14:25.514+0000] {dag.py:2676} INFO - Sync 1 DAGs
[2022-12-03T15:14:25.532+0000] {logging_mixin.py:137} INFO - [2022-12-03T15:14:25.531+0000] {dag.py:3427} INFO - Setting next_dagrun for example_branch_labels to 2022-12-02T00:00:00+00:00, run_after=2022-12-03T00:00:00+00:00
[2022-12-03T15:14:25.543+0000] {processor.py:175} INFO - Processing /home/airflow/.local/lib/python3.7/site-packages/airflow/example_dags/example_branch_labels.py took 0.091 seconds
[2022-12-03T15:15:12.758+0000] {processor.py:153} INFO - Started process (PID=318) to work on /home/airflow/.local/lib/python3.7/site-packages/airflow/example_dags/example_branch_labels.py
[2022-12-03T15:15:12.760+0000] {processor.py:743} INFO - Processing file /home/airflow/.local/lib/python3.7/site-packages/airflow/example_dags/example_branch_labels.py for tasks to queue
[2022-12-03T15:15:12.761+0000] {logging_mixin.py:137} INFO - [2022-12-03T15:15:12.761+0000] {dagbag.py:538} INFO - Filling up the DagBag from /home/airflow/.local/lib/python3.7/site-packages/airflow/example_dags/example_branch_labels.py
[2022-12-03T15:15:12.771+0000] {processor.py:753} INFO - DAG(s) dict_keys(['example_branch_labels']) retrieved from /home/airflow/.local/lib/python3.7/site-packages/airflow/example_dags/example_branch_labels.py
[2022-12-03T15:15:12.800+0000] {logging_mixin.py:137} INFO - [2022-12-03T15:15:12.800+0000] {dag.py:2676} INFO - Sync 1 DAGs
[2022-12-03T15:15:12.823+0000] {logging_mixin.py:137} INFO - [2022-12-03T15:15:12.823+0000] {dag.py:3427} INFO - Setting next_dagrun for example_branch_labels to 2022-12-02T00:00:00+00:00, run_after=2022-12-03T00:00:00+00:00
[2022-12-03T15:15:12.834+0000] {processor.py:175} INFO - Processing /home/airflow/.local/lib/python3.7/site-packages/airflow/example_dags/example_branch_labels.py took 0.078 seconds
[2022-12-03T15:21:19.246+0000] {processor.py:153} INFO - Started process (PID=318) to work on /home/airflow/.local/lib/python3.7/site-packages/airflow/example_dags/example_branch_labels.py
[2022-12-03T15:21:19.248+0000] {processor.py:743} INFO - Processing file /home/airflow/.local/lib/python3.7/site-packages/airflow/example_dags/example_branch_labels.py for tasks to queue
[2022-12-03T15:21:19.249+0000] {logging_mixin.py:137} INFO - [2022-12-03T15:21:19.249+0000] {dagbag.py:538} INFO - Filling up the DagBag from /home/airflow/.local/lib/python3.7/site-packages/airflow/example_dags/example_branch_labels.py
[2022-12-03T15:21:19.260+0000] {processor.py:753} INFO - DAG(s) dict_keys(['example_branch_labels']) retrieved from /home/airflow/.local/lib/python3.7/site-packages/airflow/example_dags/example_branch_labels.py
[2022-12-03T15:21:19.282+0000] {logging_mixin.py:137} INFO - [2022-12-03T15:21:19.282+0000] {dag.py:2676} INFO - Sync 1 DAGs
[2022-12-03T15:21:19.300+0000] {logging_mixin.py:137} INFO - [2022-12-03T15:21:19.299+0000] {dag.py:3427} INFO - Setting next_dagrun for example_branch_labels to 2022-12-02T00:00:00+00:00, run_after=2022-12-03T00:00:00+00:00
[2022-12-03T15:21:19.311+0000] {processor.py:175} INFO - Processing /home/airflow/.local/lib/python3.7/site-packages/airflow/example_dags/example_branch_labels.py took 0.068 seconds
[2022-12-03T15:21:49.463+0000] {processor.py:153} INFO - Started process (PID=542) to work on /home/airflow/.local/lib/python3.7/site-packages/airflow/example_dags/example_branch_labels.py
[2022-12-03T15:21:49.465+0000] {processor.py:743} INFO - Processing file /home/airflow/.local/lib/python3.7/site-packages/airflow/example_dags/example_branch_labels.py for tasks to queue
[2022-12-03T15:21:49.466+0000] {logging_mixin.py:137} INFO - [2022-12-03T15:21:49.465+0000] {dagbag.py:538} INFO - Filling up the DagBag from /home/airflow/.local/lib/python3.7/site-packages/airflow/example_dags/example_branch_labels.py
[2022-12-03T15:21:49.475+0000] {processor.py:753} INFO - DAG(s) dict_keys(['example_branch_labels']) retrieved from /home/airflow/.local/lib/python3.7/site-packages/airflow/example_dags/example_branch_labels.py
[2022-12-03T15:21:49.502+0000] {logging_mixin.py:137} INFO - [2022-12-03T15:21:49.502+0000] {dag.py:2676} INFO - Sync 1 DAGs
[2022-12-03T15:21:49.518+0000] {logging_mixin.py:137} INFO - [2022-12-03T15:21:49.518+0000] {dag.py:3427} INFO - Setting next_dagrun for example_branch_labels to 2022-12-02T00:00:00+00:00, run_after=2022-12-03T00:00:00+00:00
[2022-12-03T15:21:49.530+0000] {processor.py:175} INFO - Processing /home/airflow/.local/lib/python3.7/site-packages/airflow/example_dags/example_branch_labels.py took 0.069 seconds
[2022-12-03T15:22:19.763+0000] {processor.py:153} INFO - Started process (PID=757) to work on /home/airflow/.local/lib/python3.7/site-packages/airflow/example_dags/example_branch_labels.py
[2022-12-03T15:22:19.765+0000] {processor.py:743} INFO - Processing file /home/airflow/.local/lib/python3.7/site-packages/airflow/example_dags/example_branch_labels.py for tasks to queue
[2022-12-03T15:22:19.766+0000] {logging_mixin.py:137} INFO - [2022-12-03T15:22:19.766+0000] {dagbag.py:538} INFO - Filling up the DagBag from /home/airflow/.local/lib/python3.7/site-packages/airflow/example_dags/example_branch_labels.py
[2022-12-03T15:22:19.776+0000] {processor.py:753} INFO - DAG(s) dict_keys(['example_branch_labels']) retrieved from /home/airflow/.local/lib/python3.7/site-packages/airflow/example_dags/example_branch_labels.py
[2022-12-03T15:22:19.801+0000] {logging_mixin.py:137} INFO - [2022-12-03T15:22:19.801+0000] {dag.py:2676} INFO - Sync 1 DAGs
[2022-12-03T15:22:19.816+0000] {logging_mixin.py:137} INFO - [2022-12-03T15:22:19.816+0000] {dag.py:3427} INFO - Setting next_dagrun for example_branch_labels to 2022-12-02T00:00:00+00:00, run_after=2022-12-03T00:00:00+00:00
[2022-12-03T15:22:19.826+0000] {processor.py:175} INFO - Processing /home/airflow/.local/lib/python3.7/site-packages/airflow/example_dags/example_branch_labels.py took 0.065 seconds
[2022-12-03T15:22:50.429+0000] {processor.py:153} INFO - Started process (PID=981) to work on /home/airflow/.local/lib/python3.7/site-packages/airflow/example_dags/example_branch_labels.py
[2022-12-03T15:22:50.432+0000] {processor.py:743} INFO - Processing file /home/airflow/.local/lib/python3.7/site-packages/airflow/example_dags/example_branch_labels.py for tasks to queue
[2022-12-03T15:22:50.433+0000] {logging_mixin.py:137} INFO - [2022-12-03T15:22:50.432+0000] {dagbag.py:538} INFO - Filling up the DagBag from /home/airflow/.local/lib/python3.7/site-packages/airflow/example_dags/example_branch_labels.py
[2022-12-03T15:22:50.444+0000] {processor.py:753} INFO - DAG(s) dict_keys(['example_branch_labels']) retrieved from /home/airflow/.local/lib/python3.7/site-packages/airflow/example_dags/example_branch_labels.py
[2022-12-03T15:22:50.474+0000] {logging_mixin.py:137} INFO - [2022-12-03T15:22:50.474+0000] {dag.py:2676} INFO - Sync 1 DAGs
[2022-12-03T15:22:50.491+0000] {logging_mixin.py:137} INFO - [2022-12-03T15:22:50.491+0000] {dag.py:3427} INFO - Setting next_dagrun for example_branch_labels to 2022-12-02T00:00:00+00:00, run_after=2022-12-03T00:00:00+00:00
[2022-12-03T15:22:50.503+0000] {processor.py:175} INFO - Processing /home/airflow/.local/lib/python3.7/site-packages/airflow/example_dags/example_branch_labels.py took 0.076 seconds
[2022-12-03T15:23:21.116+0000] {processor.py:153} INFO - Started process (PID=1208) to work on /home/airflow/.local/lib/python3.7/site-packages/airflow/example_dags/example_branch_labels.py
[2022-12-03T15:23:21.117+0000] {processor.py:743} INFO - Processing file /home/airflow/.local/lib/python3.7/site-packages/airflow/example_dags/example_branch_labels.py for tasks to queue
[2022-12-03T15:23:21.118+0000] {logging_mixin.py:137} INFO - [2022-12-03T15:23:21.118+0000] {dagbag.py:538} INFO - Filling up the DagBag from /home/airflow/.local/lib/python3.7/site-packages/airflow/example_dags/example_branch_labels.py
[2022-12-03T15:23:21.129+0000] {processor.py:753} INFO - DAG(s) dict_keys(['example_branch_labels']) retrieved from /home/airflow/.local/lib/python3.7/site-packages/airflow/example_dags/example_branch_labels.py
[2022-12-03T15:23:21.156+0000] {logging_mixin.py:137} INFO - [2022-12-03T15:23:21.156+0000] {dag.py:2676} INFO - Sync 1 DAGs
[2022-12-03T15:23:21.176+0000] {logging_mixin.py:137} INFO - [2022-12-03T15:23:21.176+0000] {dag.py:3427} INFO - Setting next_dagrun for example_branch_labels to 2022-12-02T00:00:00+00:00, run_after=2022-12-03T00:00:00+00:00
[2022-12-03T15:23:21.187+0000] {processor.py:175} INFO - Processing /home/airflow/.local/lib/python3.7/site-packages/airflow/example_dags/example_branch_labels.py took 0.073 seconds
[2022-12-03T15:23:51.547+0000] {processor.py:153} INFO - Started process (PID=1422) to work on /home/airflow/.local/lib/python3.7/site-packages/airflow/example_dags/example_branch_labels.py
[2022-12-03T15:23:51.548+0000] {processor.py:743} INFO - Processing file /home/airflow/.local/lib/python3.7/site-packages/airflow/example_dags/example_branch_labels.py for tasks to queue
[2022-12-03T15:23:51.549+0000] {logging_mixin.py:137} INFO - [2022-12-03T15:23:51.549+0000] {dagbag.py:538} INFO - Filling up the DagBag from /home/airflow/.local/lib/python3.7/site-packages/airflow/example_dags/example_branch_labels.py
[2022-12-03T15:23:51.559+0000] {processor.py:753} INFO - DAG(s) dict_keys(['example_branch_labels']) retrieved from /home/airflow/.local/lib/python3.7/site-packages/airflow/example_dags/example_branch_labels.py
[2022-12-03T15:23:51.585+0000] {logging_mixin.py:137} INFO - [2022-12-03T15:23:51.585+0000] {dag.py:2676} INFO - Sync 1 DAGs
[2022-12-03T15:23:51.603+0000] {logging_mixin.py:137} INFO - [2022-12-03T15:23:51.603+0000] {dag.py:3427} INFO - Setting next_dagrun for example_branch_labels to 2022-12-02T00:00:00+00:00, run_after=2022-12-03T00:00:00+00:00
[2022-12-03T15:23:51.659+0000] {processor.py:175} INFO - Processing /home/airflow/.local/lib/python3.7/site-packages/airflow/example_dags/example_branch_labels.py took 0.114 seconds
[2022-12-03T15:24:21.909+0000] {processor.py:153} INFO - Started process (PID=1649) to work on /home/airflow/.local/lib/python3.7/site-packages/airflow/example_dags/example_branch_labels.py
[2022-12-03T15:24:21.910+0000] {processor.py:743} INFO - Processing file /home/airflow/.local/lib/python3.7/site-packages/airflow/example_dags/example_branch_labels.py for tasks to queue
[2022-12-03T15:24:21.911+0000] {logging_mixin.py:137} INFO - [2022-12-03T15:24:21.911+0000] {dagbag.py:538} INFO - Filling up the DagBag from /home/airflow/.local/lib/python3.7/site-packages/airflow/example_dags/example_branch_labels.py
[2022-12-03T15:24:21.921+0000] {processor.py:753} INFO - DAG(s) dict_keys(['example_branch_labels']) retrieved from /home/airflow/.local/lib/python3.7/site-packages/airflow/example_dags/example_branch_labels.py
[2022-12-03T15:24:21.947+0000] {logging_mixin.py:137} INFO - [2022-12-03T15:24:21.946+0000] {dag.py:2676} INFO - Sync 1 DAGs
[2022-12-03T15:24:21.962+0000] {logging_mixin.py:137} INFO - [2022-12-03T15:24:21.962+0000] {dag.py:3427} INFO - Setting next_dagrun for example_branch_labels to 2022-12-02T00:00:00+00:00, run_after=2022-12-03T00:00:00+00:00
[2022-12-03T15:24:21.973+0000] {processor.py:175} INFO - Processing /home/airflow/.local/lib/python3.7/site-packages/airflow/example_dags/example_branch_labels.py took 0.067 seconds
[2022-12-03T15:24:52.449+0000] {processor.py:153} INFO - Started process (PID=1874) to work on /home/airflow/.local/lib/python3.7/site-packages/airflow/example_dags/example_branch_labels.py
[2022-12-03T15:24:52.450+0000] {processor.py:743} INFO - Processing file /home/airflow/.local/lib/python3.7/site-packages/airflow/example_dags/example_branch_labels.py for tasks to queue
[2022-12-03T15:24:52.451+0000] {logging_mixin.py:137} INFO - [2022-12-03T15:24:52.451+0000] {dagbag.py:538} INFO - Filling up the DagBag from /home/airflow/.local/lib/python3.7/site-packages/airflow/example_dags/example_branch_labels.py
[2022-12-03T15:24:52.461+0000] {processor.py:753} INFO - DAG(s) dict_keys(['example_branch_labels']) retrieved from /home/airflow/.local/lib/python3.7/site-packages/airflow/example_dags/example_branch_labels.py
[2022-12-03T15:24:52.488+0000] {logging_mixin.py:137} INFO - [2022-12-03T15:24:52.488+0000] {dag.py:2676} INFO - Sync 1 DAGs
[2022-12-03T15:24:52.504+0000] {logging_mixin.py:137} INFO - [2022-12-03T15:24:52.504+0000] {dag.py:3427} INFO - Setting next_dagrun for example_branch_labels to 2022-12-02T00:00:00+00:00, run_after=2022-12-03T00:00:00+00:00
[2022-12-03T15:24:52.515+0000] {processor.py:175} INFO - Processing /home/airflow/.local/lib/python3.7/site-packages/airflow/example_dags/example_branch_labels.py took 0.068 seconds
[2022-12-03T15:25:22.874+0000] {processor.py:153} INFO - Started process (PID=2091) to work on /home/airflow/.local/lib/python3.7/site-packages/airflow/example_dags/example_branch_labels.py
[2022-12-03T15:25:22.875+0000] {processor.py:743} INFO - Processing file /home/airflow/.local/lib/python3.7/site-packages/airflow/example_dags/example_branch_labels.py for tasks to queue
[2022-12-03T15:25:22.875+0000] {logging_mixin.py:137} INFO - [2022-12-03T15:25:22.875+0000] {dagbag.py:538} INFO - Filling up the DagBag from /home/airflow/.local/lib/python3.7/site-packages/airflow/example_dags/example_branch_labels.py
[2022-12-03T15:25:22.886+0000] {processor.py:753} INFO - DAG(s) dict_keys(['example_branch_labels']) retrieved from /home/airflow/.local/lib/python3.7/site-packages/airflow/example_dags/example_branch_labels.py
[2022-12-03T15:25:22.911+0000] {logging_mixin.py:137} INFO - [2022-12-03T15:25:22.911+0000] {dag.py:2676} INFO - Sync 1 DAGs
[2022-12-03T15:25:22.926+0000] {logging_mixin.py:137} INFO - [2022-12-03T15:25:22.926+0000] {dag.py:3427} INFO - Setting next_dagrun for example_branch_labels to 2022-12-02T00:00:00+00:00, run_after=2022-12-03T00:00:00+00:00
[2022-12-03T15:25:22.936+0000] {processor.py:175} INFO - Processing /home/airflow/.local/lib/python3.7/site-packages/airflow/example_dags/example_branch_labels.py took 0.066 seconds
[2022-12-03T15:25:53.060+0000] {processor.py:153} INFO - Started process (PID=2315) to work on /home/airflow/.local/lib/python3.7/site-packages/airflow/example_dags/example_branch_labels.py
[2022-12-03T15:25:53.061+0000] {processor.py:743} INFO - Processing file /home/airflow/.local/lib/python3.7/site-packages/airflow/example_dags/example_branch_labels.py for tasks to queue
[2022-12-03T15:25:53.062+0000] {logging_mixin.py:137} INFO - [2022-12-03T15:25:53.062+0000] {dagbag.py:538} INFO - Filling up the DagBag from /home/airflow/.local/lib/python3.7/site-packages/airflow/example_dags/example_branch_labels.py
[2022-12-03T15:25:53.073+0000] {processor.py:753} INFO - DAG(s) dict_keys(['example_branch_labels']) retrieved from /home/airflow/.local/lib/python3.7/site-packages/airflow/example_dags/example_branch_labels.py
[2022-12-03T15:25:53.100+0000] {logging_mixin.py:137} INFO - [2022-12-03T15:25:53.099+0000] {dag.py:2676} INFO - Sync 1 DAGs
[2022-12-03T15:25:53.114+0000] {logging_mixin.py:137} INFO - [2022-12-03T15:25:53.114+0000] {dag.py:3427} INFO - Setting next_dagrun for example_branch_labels to 2022-12-02T00:00:00+00:00, run_after=2022-12-03T00:00:00+00:00
[2022-12-03T15:25:53.124+0000] {processor.py:175} INFO - Processing /home/airflow/.local/lib/python3.7/site-packages/airflow/example_dags/example_branch_labels.py took 0.067 seconds
[2022-12-03T15:26:23.520+0000] {processor.py:153} INFO - Started process (PID=2540) to work on /home/airflow/.local/lib/python3.7/site-packages/airflow/example_dags/example_branch_labels.py
[2022-12-03T15:26:23.521+0000] {processor.py:743} INFO - Processing file /home/airflow/.local/lib/python3.7/site-packages/airflow/example_dags/example_branch_labels.py for tasks to queue
[2022-12-03T15:26:23.522+0000] {logging_mixin.py:137} INFO - [2022-12-03T15:26:23.522+0000] {dagbag.py:538} INFO - Filling up the DagBag from /home/airflow/.local/lib/python3.7/site-packages/airflow/example_dags/example_branch_labels.py
[2022-12-03T15:26:23.534+0000] {processor.py:753} INFO - DAG(s) dict_keys(['example_branch_labels']) retrieved from /home/airflow/.local/lib/python3.7/site-packages/airflow/example_dags/example_branch_labels.py
[2022-12-03T15:26:23.562+0000] {logging_mixin.py:137} INFO - [2022-12-03T15:26:23.562+0000] {dag.py:2676} INFO - Sync 1 DAGs
[2022-12-03T15:26:23.577+0000] {logging_mixin.py:137} INFO - [2022-12-03T15:26:23.577+0000] {dag.py:3427} INFO - Setting next_dagrun for example_branch_labels to 2022-12-02T00:00:00+00:00, run_after=2022-12-03T00:00:00+00:00
[2022-12-03T15:26:23.588+0000] {processor.py:175} INFO - Processing /home/airflow/.local/lib/python3.7/site-packages/airflow/example_dags/example_branch_labels.py took 0.071 seconds
[2022-12-03T15:26:53.748+0000] {processor.py:153} INFO - Started process (PID=2754) to work on /home/airflow/.local/lib/python3.7/site-packages/airflow/example_dags/example_branch_labels.py
[2022-12-03T15:26:53.749+0000] {processor.py:743} INFO - Processing file /home/airflow/.local/lib/python3.7/site-packages/airflow/example_dags/example_branch_labels.py for tasks to queue
[2022-12-03T15:26:53.749+0000] {logging_mixin.py:137} INFO - [2022-12-03T15:26:53.749+0000] {dagbag.py:538} INFO - Filling up the DagBag from /home/airflow/.local/lib/python3.7/site-packages/airflow/example_dags/example_branch_labels.py
[2022-12-03T15:26:53.762+0000] {processor.py:753} INFO - DAG(s) dict_keys(['example_branch_labels']) retrieved from /home/airflow/.local/lib/python3.7/site-packages/airflow/example_dags/example_branch_labels.py
[2022-12-03T15:26:53.789+0000] {logging_mixin.py:137} INFO - [2022-12-03T15:26:53.789+0000] {dag.py:2676} INFO - Sync 1 DAGs
[2022-12-03T15:26:53.804+0000] {logging_mixin.py:137} INFO - [2022-12-03T15:26:53.803+0000] {dag.py:3427} INFO - Setting next_dagrun for example_branch_labels to 2022-12-02T00:00:00+00:00, run_after=2022-12-03T00:00:00+00:00
[2022-12-03T15:26:53.814+0000] {processor.py:175} INFO - Processing /home/airflow/.local/lib/python3.7/site-packages/airflow/example_dags/example_branch_labels.py took 0.069 seconds
[2022-12-03T15:27:24.990+0000] {processor.py:153} INFO - Started process (PID=2980) to work on /home/airflow/.local/lib/python3.7/site-packages/airflow/example_dags/example_branch_labels.py
[2022-12-03T15:27:24.992+0000] {processor.py:743} INFO - Processing file /home/airflow/.local/lib/python3.7/site-packages/airflow/example_dags/example_branch_labels.py for tasks to queue
[2022-12-03T15:27:24.993+0000] {logging_mixin.py:137} INFO - [2022-12-03T15:27:24.993+0000] {dagbag.py:538} INFO - Filling up the DagBag from /home/airflow/.local/lib/python3.7/site-packages/airflow/example_dags/example_branch_labels.py
[2022-12-03T15:27:25.003+0000] {processor.py:753} INFO - DAG(s) dict_keys(['example_branch_labels']) retrieved from /home/airflow/.local/lib/python3.7/site-packages/airflow/example_dags/example_branch_labels.py
[2022-12-03T15:27:25.027+0000] {logging_mixin.py:137} INFO - [2022-12-03T15:27:25.027+0000] {dag.py:2676} INFO - Sync 1 DAGs
[2022-12-03T15:27:25.044+0000] {logging_mixin.py:137} INFO - [2022-12-03T15:27:25.043+0000] {dag.py:3427} INFO - Setting next_dagrun for example_branch_labels to 2022-12-02T00:00:00+00:00, run_after=2022-12-03T00:00:00+00:00
[2022-12-03T15:27:25.054+0000] {processor.py:175} INFO - Processing /home/airflow/.local/lib/python3.7/site-packages/airflow/example_dags/example_branch_labels.py took 0.066 seconds
[2022-12-03T15:27:55.359+0000] {processor.py:153} INFO - Started process (PID=3209) to work on /home/airflow/.local/lib/python3.7/site-packages/airflow/example_dags/example_branch_labels.py
[2022-12-03T15:27:55.360+0000] {processor.py:743} INFO - Processing file /home/airflow/.local/lib/python3.7/site-packages/airflow/example_dags/example_branch_labels.py for tasks to queue
[2022-12-03T15:27:55.361+0000] {logging_mixin.py:137} INFO - [2022-12-03T15:27:55.361+0000] {dagbag.py:538} INFO - Filling up the DagBag from /home/airflow/.local/lib/python3.7/site-packages/airflow/example_dags/example_branch_labels.py
[2022-12-03T15:27:55.371+0000] {processor.py:753} INFO - DAG(s) dict_keys(['example_branch_labels']) retrieved from /home/airflow/.local/lib/python3.7/site-packages/airflow/example_dags/example_branch_labels.py
[2022-12-03T15:27:55.397+0000] {logging_mixin.py:137} INFO - [2022-12-03T15:27:55.397+0000] {dag.py:2676} INFO - Sync 1 DAGs
[2022-12-03T15:27:55.411+0000] {logging_mixin.py:137} INFO - [2022-12-03T15:27:55.411+0000] {dag.py:3427} INFO - Setting next_dagrun for example_branch_labels to 2022-12-02T00:00:00+00:00, run_after=2022-12-03T00:00:00+00:00
[2022-12-03T15:27:55.422+0000] {processor.py:175} INFO - Processing /home/airflow/.local/lib/python3.7/site-packages/airflow/example_dags/example_branch_labels.py took 0.065 seconds
[2022-12-03T15:28:25.777+0000] {processor.py:153} INFO - Started process (PID=3429) to work on /home/airflow/.local/lib/python3.7/site-packages/airflow/example_dags/example_branch_labels.py
[2022-12-03T15:28:25.778+0000] {processor.py:743} INFO - Processing file /home/airflow/.local/lib/python3.7/site-packages/airflow/example_dags/example_branch_labels.py for tasks to queue
[2022-12-03T15:28:25.779+0000] {logging_mixin.py:137} INFO - [2022-12-03T15:28:25.779+0000] {dagbag.py:538} INFO - Filling up the DagBag from /home/airflow/.local/lib/python3.7/site-packages/airflow/example_dags/example_branch_labels.py
[2022-12-03T15:28:25.791+0000] {processor.py:753} INFO - DAG(s) dict_keys(['example_branch_labels']) retrieved from /home/airflow/.local/lib/python3.7/site-packages/airflow/example_dags/example_branch_labels.py
[2022-12-03T15:28:25.820+0000] {logging_mixin.py:137} INFO - [2022-12-03T15:28:25.820+0000] {dag.py:2676} INFO - Sync 1 DAGs
[2022-12-03T15:28:25.836+0000] {logging_mixin.py:137} INFO - [2022-12-03T15:28:25.836+0000] {dag.py:3427} INFO - Setting next_dagrun for example_branch_labels to 2022-12-02T00:00:00+00:00, run_after=2022-12-03T00:00:00+00:00
[2022-12-03T15:28:25.847+0000] {processor.py:175} INFO - Processing /home/airflow/.local/lib/python3.7/site-packages/airflow/example_dags/example_branch_labels.py took 0.073 seconds
[2022-12-03T15:28:56.254+0000] {processor.py:153} INFO - Started process (PID=3645) to work on /home/airflow/.local/lib/python3.7/site-packages/airflow/example_dags/example_branch_labels.py
[2022-12-03T15:28:56.256+0000] {processor.py:743} INFO - Processing file /home/airflow/.local/lib/python3.7/site-packages/airflow/example_dags/example_branch_labels.py for tasks to queue
[2022-12-03T15:28:56.256+0000] {logging_mixin.py:137} INFO - [2022-12-03T15:28:56.256+0000] {dagbag.py:538} INFO - Filling up the DagBag from /home/airflow/.local/lib/python3.7/site-packages/airflow/example_dags/example_branch_labels.py
[2022-12-03T15:28:56.266+0000] {processor.py:753} INFO - DAG(s) dict_keys(['example_branch_labels']) retrieved from /home/airflow/.local/lib/python3.7/site-packages/airflow/example_dags/example_branch_labels.py
[2022-12-03T15:28:56.293+0000] {logging_mixin.py:137} INFO - [2022-12-03T15:28:56.293+0000] {dag.py:2676} INFO - Sync 1 DAGs
[2022-12-03T15:28:56.309+0000] {logging_mixin.py:137} INFO - [2022-12-03T15:28:56.309+0000] {dag.py:3427} INFO - Setting next_dagrun for example_branch_labels to 2022-12-02T00:00:00+00:00, run_after=2022-12-03T00:00:00+00:00
[2022-12-03T15:28:56.319+0000] {processor.py:175} INFO - Processing /home/airflow/.local/lib/python3.7/site-packages/airflow/example_dags/example_branch_labels.py took 0.067 seconds
[2022-12-03T15:29:26.380+0000] {processor.py:153} INFO - Started process (PID=3871) to work on /home/airflow/.local/lib/python3.7/site-packages/airflow/example_dags/example_branch_labels.py
[2022-12-03T15:29:26.381+0000] {processor.py:743} INFO - Processing file /home/airflow/.local/lib/python3.7/site-packages/airflow/example_dags/example_branch_labels.py for tasks to queue
[2022-12-03T15:29:26.382+0000] {logging_mixin.py:137} INFO - [2022-12-03T15:29:26.382+0000] {dagbag.py:538} INFO - Filling up the DagBag from /home/airflow/.local/lib/python3.7/site-packages/airflow/example_dags/example_branch_labels.py
[2022-12-03T15:29:26.392+0000] {processor.py:753} INFO - DAG(s) dict_keys(['example_branch_labels']) retrieved from /home/airflow/.local/lib/python3.7/site-packages/airflow/example_dags/example_branch_labels.py
[2022-12-03T15:29:26.417+0000] {logging_mixin.py:137} INFO - [2022-12-03T15:29:26.417+0000] {dag.py:2676} INFO - Sync 1 DAGs
[2022-12-03T15:29:26.434+0000] {logging_mixin.py:137} INFO - [2022-12-03T15:29:26.433+0000] {dag.py:3427} INFO - Setting next_dagrun for example_branch_labels to 2022-12-02T00:00:00+00:00, run_after=2022-12-03T00:00:00+00:00
[2022-12-03T15:29:26.444+0000] {processor.py:175} INFO - Processing /home/airflow/.local/lib/python3.7/site-packages/airflow/example_dags/example_branch_labels.py took 0.067 seconds
[2022-12-03T15:29:56.748+0000] {processor.py:153} INFO - Started process (PID=4097) to work on /home/airflow/.local/lib/python3.7/site-packages/airflow/example_dags/example_branch_labels.py
[2022-12-03T15:29:56.749+0000] {processor.py:743} INFO - Processing file /home/airflow/.local/lib/python3.7/site-packages/airflow/example_dags/example_branch_labels.py for tasks to queue
[2022-12-03T15:29:56.750+0000] {logging_mixin.py:137} INFO - [2022-12-03T15:29:56.750+0000] {dagbag.py:538} INFO - Filling up the DagBag from /home/airflow/.local/lib/python3.7/site-packages/airflow/example_dags/example_branch_labels.py
[2022-12-03T15:29:56.761+0000] {processor.py:753} INFO - DAG(s) dict_keys(['example_branch_labels']) retrieved from /home/airflow/.local/lib/python3.7/site-packages/airflow/example_dags/example_branch_labels.py
[2022-12-03T15:29:56.802+0000] {logging_mixin.py:137} INFO - [2022-12-03T15:29:56.801+0000] {dag.py:2676} INFO - Sync 1 DAGs
[2022-12-03T15:29:56.825+0000] {logging_mixin.py:137} INFO - [2022-12-03T15:29:56.825+0000] {dag.py:3427} INFO - Setting next_dagrun for example_branch_labels to 2022-12-02T00:00:00+00:00, run_after=2022-12-03T00:00:00+00:00
[2022-12-03T15:29:56.846+0000] {processor.py:175} INFO - Processing /home/airflow/.local/lib/python3.7/site-packages/airflow/example_dags/example_branch_labels.py took 0.101 seconds
[2022-12-03T15:30:27.204+0000] {processor.py:153} INFO - Started process (PID=4311) to work on /home/airflow/.local/lib/python3.7/site-packages/airflow/example_dags/example_branch_labels.py
[2022-12-03T15:30:27.205+0000] {processor.py:743} INFO - Processing file /home/airflow/.local/lib/python3.7/site-packages/airflow/example_dags/example_branch_labels.py for tasks to queue
[2022-12-03T15:30:27.206+0000] {logging_mixin.py:137} INFO - [2022-12-03T15:30:27.206+0000] {dagbag.py:538} INFO - Filling up the DagBag from /home/airflow/.local/lib/python3.7/site-packages/airflow/example_dags/example_branch_labels.py
[2022-12-03T15:30:27.222+0000] {processor.py:753} INFO - DAG(s) dict_keys(['example_branch_labels']) retrieved from /home/airflow/.local/lib/python3.7/site-packages/airflow/example_dags/example_branch_labels.py
[2022-12-03T15:30:27.253+0000] {logging_mixin.py:137} INFO - [2022-12-03T15:30:27.253+0000] {dag.py:2676} INFO - Sync 1 DAGs
[2022-12-03T15:30:27.268+0000] {logging_mixin.py:137} INFO - [2022-12-03T15:30:27.268+0000] {dag.py:3427} INFO - Setting next_dagrun for example_branch_labels to 2022-12-02T00:00:00+00:00, run_after=2022-12-03T00:00:00+00:00
[2022-12-03T15:30:27.281+0000] {processor.py:175} INFO - Processing /home/airflow/.local/lib/python3.7/site-packages/airflow/example_dags/example_branch_labels.py took 0.082 seconds
[2022-12-03T15:30:57.492+0000] {processor.py:153} INFO - Started process (PID=4537) to work on /home/airflow/.local/lib/python3.7/site-packages/airflow/example_dags/example_branch_labels.py
[2022-12-03T15:30:57.493+0000] {processor.py:743} INFO - Processing file /home/airflow/.local/lib/python3.7/site-packages/airflow/example_dags/example_branch_labels.py for tasks to queue
[2022-12-03T15:30:57.494+0000] {logging_mixin.py:137} INFO - [2022-12-03T15:30:57.494+0000] {dagbag.py:538} INFO - Filling up the DagBag from /home/airflow/.local/lib/python3.7/site-packages/airflow/example_dags/example_branch_labels.py
[2022-12-03T15:30:57.509+0000] {processor.py:753} INFO - DAG(s) dict_keys(['example_branch_labels']) retrieved from /home/airflow/.local/lib/python3.7/site-packages/airflow/example_dags/example_branch_labels.py
[2022-12-03T15:30:57.539+0000] {logging_mixin.py:137} INFO - [2022-12-03T15:30:57.539+0000] {dag.py:2676} INFO - Sync 1 DAGs
[2022-12-03T15:30:57.554+0000] {logging_mixin.py:137} INFO - [2022-12-03T15:30:57.554+0000] {dag.py:3427} INFO - Setting next_dagrun for example_branch_labels to 2022-12-02T00:00:00+00:00, run_after=2022-12-03T00:00:00+00:00
[2022-12-03T15:30:57.565+0000] {processor.py:175} INFO - Processing /home/airflow/.local/lib/python3.7/site-packages/airflow/example_dags/example_branch_labels.py took 0.077 seconds
[2022-12-03T15:31:27.947+0000] {processor.py:153} INFO - Started process (PID=4762) to work on /home/airflow/.local/lib/python3.7/site-packages/airflow/example_dags/example_branch_labels.py
[2022-12-03T15:31:27.949+0000] {processor.py:743} INFO - Processing file /home/airflow/.local/lib/python3.7/site-packages/airflow/example_dags/example_branch_labels.py for tasks to queue
[2022-12-03T15:31:27.950+0000] {logging_mixin.py:137} INFO - [2022-12-03T15:31:27.950+0000] {dagbag.py:538} INFO - Filling up the DagBag from /home/airflow/.local/lib/python3.7/site-packages/airflow/example_dags/example_branch_labels.py
[2022-12-03T15:31:27.966+0000] {processor.py:753} INFO - DAG(s) dict_keys(['example_branch_labels']) retrieved from /home/airflow/.local/lib/python3.7/site-packages/airflow/example_dags/example_branch_labels.py
[2022-12-03T15:31:27.994+0000] {logging_mixin.py:137} INFO - [2022-12-03T15:31:27.994+0000] {dag.py:2676} INFO - Sync 1 DAGs
[2022-12-03T15:31:28.014+0000] {logging_mixin.py:137} INFO - [2022-12-03T15:31:28.014+0000] {dag.py:3427} INFO - Setting next_dagrun for example_branch_labels to 2022-12-02T00:00:00+00:00, run_after=2022-12-03T00:00:00+00:00
[2022-12-03T15:31:28.026+0000] {processor.py:175} INFO - Processing /home/airflow/.local/lib/python3.7/site-packages/airflow/example_dags/example_branch_labels.py took 0.082 seconds
[2022-12-03T15:31:58.614+0000] {processor.py:153} INFO - Started process (PID=4976) to work on /home/airflow/.local/lib/python3.7/site-packages/airflow/example_dags/example_branch_labels.py
[2022-12-03T15:31:58.616+0000] {processor.py:743} INFO - Processing file /home/airflow/.local/lib/python3.7/site-packages/airflow/example_dags/example_branch_labels.py for tasks to queue
[2022-12-03T15:31:58.617+0000] {logging_mixin.py:137} INFO - [2022-12-03T15:31:58.617+0000] {dagbag.py:538} INFO - Filling up the DagBag from /home/airflow/.local/lib/python3.7/site-packages/airflow/example_dags/example_branch_labels.py
[2022-12-03T15:31:58.627+0000] {processor.py:753} INFO - DAG(s) dict_keys(['example_branch_labels']) retrieved from /home/airflow/.local/lib/python3.7/site-packages/airflow/example_dags/example_branch_labels.py
[2022-12-03T15:31:58.655+0000] {logging_mixin.py:137} INFO - [2022-12-03T15:31:58.655+0000] {dag.py:2676} INFO - Sync 1 DAGs
[2022-12-03T15:31:58.673+0000] {logging_mixin.py:137} INFO - [2022-12-03T15:31:58.673+0000] {dag.py:3427} INFO - Setting next_dagrun for example_branch_labels to 2022-12-02T00:00:00+00:00, run_after=2022-12-03T00:00:00+00:00
[2022-12-03T15:31:58.684+0000] {processor.py:175} INFO - Processing /home/airflow/.local/lib/python3.7/site-packages/airflow/example_dags/example_branch_labels.py took 0.073 seconds
[2022-12-03T15:32:29.176+0000] {processor.py:153} INFO - Started process (PID=5204) to work on /home/airflow/.local/lib/python3.7/site-packages/airflow/example_dags/example_branch_labels.py
[2022-12-03T15:32:29.178+0000] {processor.py:743} INFO - Processing file /home/airflow/.local/lib/python3.7/site-packages/airflow/example_dags/example_branch_labels.py for tasks to queue
[2022-12-03T15:32:29.179+0000] {logging_mixin.py:137} INFO - [2022-12-03T15:32:29.179+0000] {dagbag.py:538} INFO - Filling up the DagBag from /home/airflow/.local/lib/python3.7/site-packages/airflow/example_dags/example_branch_labels.py
[2022-12-03T15:32:29.190+0000] {processor.py:753} INFO - DAG(s) dict_keys(['example_branch_labels']) retrieved from /home/airflow/.local/lib/python3.7/site-packages/airflow/example_dags/example_branch_labels.py
[2022-12-03T15:32:29.217+0000] {logging_mixin.py:137} INFO - [2022-12-03T15:32:29.217+0000] {dag.py:2676} INFO - Sync 1 DAGs
[2022-12-03T15:32:29.232+0000] {logging_mixin.py:137} INFO - [2022-12-03T15:32:29.232+0000] {dag.py:3427} INFO - Setting next_dagrun for example_branch_labels to 2022-12-02T00:00:00+00:00, run_after=2022-12-03T00:00:00+00:00
[2022-12-03T15:32:29.243+0000] {processor.py:175} INFO - Processing /home/airflow/.local/lib/python3.7/site-packages/airflow/example_dags/example_branch_labels.py took 0.070 seconds
[2022-12-03T15:32:59.881+0000] {processor.py:153} INFO - Started process (PID=5425) to work on /home/airflow/.local/lib/python3.7/site-packages/airflow/example_dags/example_branch_labels.py
[2022-12-03T15:32:59.882+0000] {processor.py:743} INFO - Processing file /home/airflow/.local/lib/python3.7/site-packages/airflow/example_dags/example_branch_labels.py for tasks to queue
[2022-12-03T15:32:59.883+0000] {logging_mixin.py:137} INFO - [2022-12-03T15:32:59.883+0000] {dagbag.py:538} INFO - Filling up the DagBag from /home/airflow/.local/lib/python3.7/site-packages/airflow/example_dags/example_branch_labels.py
[2022-12-03T15:32:59.897+0000] {processor.py:753} INFO - DAG(s) dict_keys(['example_branch_labels']) retrieved from /home/airflow/.local/lib/python3.7/site-packages/airflow/example_dags/example_branch_labels.py
[2022-12-03T15:32:59.935+0000] {logging_mixin.py:137} INFO - [2022-12-03T15:32:59.934+0000] {dag.py:2676} INFO - Sync 1 DAGs
[2022-12-03T15:32:59.955+0000] {logging_mixin.py:137} INFO - [2022-12-03T15:32:59.955+0000] {dag.py:3427} INFO - Setting next_dagrun for example_branch_labels to 2022-12-02T00:00:00+00:00, run_after=2022-12-03T00:00:00+00:00
[2022-12-03T15:32:59.973+0000] {processor.py:175} INFO - Processing /home/airflow/.local/lib/python3.7/site-packages/airflow/example_dags/example_branch_labels.py took 0.095 seconds
