[2022-12-03T15:08:51.660+0000] {processor.py:153} INFO - Started process (PID=176) to work on /home/airflow/.local/lib/python3.7/site-packages/airflow/example_dags/example_kubernetes_executor.py
[2022-12-03T15:08:51.662+0000] {processor.py:743} INFO - Processing file /home/airflow/.local/lib/python3.7/site-packages/airflow/example_dags/example_kubernetes_executor.py for tasks to queue
[2022-12-03T15:08:51.664+0000] {logging_mixin.py:137} INFO - [2022-12-03T15:08:51.664+0000] {dagbag.py:538} INFO - Filling up the DagBag from /home/airflow/.local/lib/python3.7/site-packages/airflow/example_dags/example_kubernetes_executor.py
[2022-12-03T15:08:51.703+0000] {processor.py:753} INFO - DAG(s) dict_keys(['example_kubernetes_executor']) retrieved from /home/airflow/.local/lib/python3.7/site-packages/airflow/example_dags/example_kubernetes_executor.py
[2022-12-03T15:08:51.741+0000] {logging_mixin.py:137} INFO - [2022-12-03T15:08:51.741+0000] {dag.py:2676} INFO - Sync 1 DAGs
[2022-12-03T15:08:51.762+0000] {logging_mixin.py:137} INFO - [2022-12-03T15:08:51.762+0000] {dag.py:3427} INFO - Setting next_dagrun for example_kubernetes_executor to None, run_after=None
[2022-12-03T15:08:51.777+0000] {processor.py:175} INFO - Processing /home/airflow/.local/lib/python3.7/site-packages/airflow/example_dags/example_kubernetes_executor.py took 0.121 seconds
[2022-12-03T15:09:22.222+0000] {processor.py:153} INFO - Started process (PID=402) to work on /home/airflow/.local/lib/python3.7/site-packages/airflow/example_dags/example_kubernetes_executor.py
[2022-12-03T15:09:22.223+0000] {processor.py:743} INFO - Processing file /home/airflow/.local/lib/python3.7/site-packages/airflow/example_dags/example_kubernetes_executor.py for tasks to queue
[2022-12-03T15:09:22.224+0000] {logging_mixin.py:137} INFO - [2022-12-03T15:09:22.224+0000] {dagbag.py:538} INFO - Filling up the DagBag from /home/airflow/.local/lib/python3.7/site-packages/airflow/example_dags/example_kubernetes_executor.py
[2022-12-03T15:09:22.252+0000] {processor.py:753} INFO - DAG(s) dict_keys(['example_kubernetes_executor']) retrieved from /home/airflow/.local/lib/python3.7/site-packages/airflow/example_dags/example_kubernetes_executor.py
[2022-12-03T15:09:22.271+0000] {logging_mixin.py:137} INFO - [2022-12-03T15:09:22.271+0000] {dag.py:2676} INFO - Sync 1 DAGs
[2022-12-03T15:09:22.287+0000] {logging_mixin.py:137} INFO - [2022-12-03T15:09:22.287+0000] {dag.py:3427} INFO - Setting next_dagrun for example_kubernetes_executor to None, run_after=None
[2022-12-03T15:09:22.299+0000] {processor.py:175} INFO - Processing /home/airflow/.local/lib/python3.7/site-packages/airflow/example_dags/example_kubernetes_executor.py took 0.079 seconds
[2022-12-03T15:09:52.547+0000] {processor.py:153} INFO - Started process (PID=614) to work on /home/airflow/.local/lib/python3.7/site-packages/airflow/example_dags/example_kubernetes_executor.py
[2022-12-03T15:09:52.548+0000] {processor.py:743} INFO - Processing file /home/airflow/.local/lib/python3.7/site-packages/airflow/example_dags/example_kubernetes_executor.py for tasks to queue
[2022-12-03T15:09:52.549+0000] {logging_mixin.py:137} INFO - [2022-12-03T15:09:52.549+0000] {dagbag.py:538} INFO - Filling up the DagBag from /home/airflow/.local/lib/python3.7/site-packages/airflow/example_dags/example_kubernetes_executor.py
[2022-12-03T15:09:52.578+0000] {processor.py:753} INFO - DAG(s) dict_keys(['example_kubernetes_executor']) retrieved from /home/airflow/.local/lib/python3.7/site-packages/airflow/example_dags/example_kubernetes_executor.py
[2022-12-03T15:09:52.654+0000] {logging_mixin.py:137} INFO - [2022-12-03T15:09:52.654+0000] {dag.py:2676} INFO - Sync 1 DAGs
[2022-12-03T15:09:52.679+0000] {logging_mixin.py:137} INFO - [2022-12-03T15:09:52.678+0000] {dag.py:3427} INFO - Setting next_dagrun for example_kubernetes_executor to None, run_after=None
[2022-12-03T15:09:52.715+0000] {processor.py:175} INFO - Processing /home/airflow/.local/lib/python3.7/site-packages/airflow/example_dags/example_kubernetes_executor.py took 0.171 seconds
[2022-12-03T15:10:23.471+0000] {processor.py:153} INFO - Started process (PID=841) to work on /home/airflow/.local/lib/python3.7/site-packages/airflow/example_dags/example_kubernetes_executor.py
[2022-12-03T15:10:23.473+0000] {processor.py:743} INFO - Processing file /home/airflow/.local/lib/python3.7/site-packages/airflow/example_dags/example_kubernetes_executor.py for tasks to queue
[2022-12-03T15:10:23.474+0000] {logging_mixin.py:137} INFO - [2022-12-03T15:10:23.474+0000] {dagbag.py:538} INFO - Filling up the DagBag from /home/airflow/.local/lib/python3.7/site-packages/airflow/example_dags/example_kubernetes_executor.py
[2022-12-03T15:10:23.504+0000] {processor.py:753} INFO - DAG(s) dict_keys(['example_kubernetes_executor']) retrieved from /home/airflow/.local/lib/python3.7/site-packages/airflow/example_dags/example_kubernetes_executor.py
[2022-12-03T15:10:23.532+0000] {logging_mixin.py:137} INFO - [2022-12-03T15:10:23.532+0000] {dag.py:2676} INFO - Sync 1 DAGs
[2022-12-03T15:10:23.553+0000] {logging_mixin.py:137} INFO - [2022-12-03T15:10:23.553+0000] {dag.py:3427} INFO - Setting next_dagrun for example_kubernetes_executor to None, run_after=None
[2022-12-03T15:10:23.566+0000] {processor.py:175} INFO - Processing /home/airflow/.local/lib/python3.7/site-packages/airflow/example_dags/example_kubernetes_executor.py took 0.099 seconds
[2022-12-03T15:10:50.583+0000] {processor.py:153} INFO - Started process (PID=176) to work on /home/airflow/.local/lib/python3.7/site-packages/airflow/example_dags/example_kubernetes_executor.py
[2022-12-03T15:10:50.585+0000] {processor.py:743} INFO - Processing file /home/airflow/.local/lib/python3.7/site-packages/airflow/example_dags/example_kubernetes_executor.py for tasks to queue
[2022-12-03T15:10:50.586+0000] {logging_mixin.py:137} INFO - [2022-12-03T15:10:50.586+0000] {dagbag.py:538} INFO - Filling up the DagBag from /home/airflow/.local/lib/python3.7/site-packages/airflow/example_dags/example_kubernetes_executor.py
[2022-12-03T15:10:50.624+0000] {processor.py:753} INFO - DAG(s) dict_keys(['example_kubernetes_executor']) retrieved from /home/airflow/.local/lib/python3.7/site-packages/airflow/example_dags/example_kubernetes_executor.py
[2022-12-03T15:10:50.642+0000] {logging_mixin.py:137} INFO - [2022-12-03T15:10:50.642+0000] {dag.py:2676} INFO - Sync 1 DAGs
[2022-12-03T15:10:50.668+0000] {logging_mixin.py:137} INFO - [2022-12-03T15:10:50.667+0000] {dag.py:3427} INFO - Setting next_dagrun for example_kubernetes_executor to None, run_after=None
[2022-12-03T15:10:50.706+0000] {processor.py:175} INFO - Processing /home/airflow/.local/lib/python3.7/site-packages/airflow/example_dags/example_kubernetes_executor.py took 0.125 seconds
[2022-12-03T15:11:21.391+0000] {processor.py:153} INFO - Started process (PID=402) to work on /home/airflow/.local/lib/python3.7/site-packages/airflow/example_dags/example_kubernetes_executor.py
[2022-12-03T15:11:21.392+0000] {processor.py:743} INFO - Processing file /home/airflow/.local/lib/python3.7/site-packages/airflow/example_dags/example_kubernetes_executor.py for tasks to queue
[2022-12-03T15:11:21.393+0000] {logging_mixin.py:137} INFO - [2022-12-03T15:11:21.393+0000] {dagbag.py:538} INFO - Filling up the DagBag from /home/airflow/.local/lib/python3.7/site-packages/airflow/example_dags/example_kubernetes_executor.py
[2022-12-03T15:11:21.412+0000] {processor.py:753} INFO - DAG(s) dict_keys(['example_kubernetes_executor']) retrieved from /home/airflow/.local/lib/python3.7/site-packages/airflow/example_dags/example_kubernetes_executor.py
[2022-12-03T15:11:21.441+0000] {logging_mixin.py:137} INFO - [2022-12-03T15:11:21.441+0000] {dag.py:2676} INFO - Sync 1 DAGs
[2022-12-03T15:11:21.454+0000] {logging_mixin.py:137} INFO - [2022-12-03T15:11:21.454+0000] {dag.py:3427} INFO - Setting next_dagrun for example_kubernetes_executor to None, run_after=None
[2022-12-03T15:11:21.464+0000] {processor.py:175} INFO - Processing /home/airflow/.local/lib/python3.7/site-packages/airflow/example_dags/example_kubernetes_executor.py took 0.076 seconds
[2022-12-03T15:11:51.673+0000] {processor.py:153} INFO - Started process (PID=617) to work on /home/airflow/.local/lib/python3.7/site-packages/airflow/example_dags/example_kubernetes_executor.py
[2022-12-03T15:11:51.674+0000] {processor.py:743} INFO - Processing file /home/airflow/.local/lib/python3.7/site-packages/airflow/example_dags/example_kubernetes_executor.py for tasks to queue
[2022-12-03T15:11:51.675+0000] {logging_mixin.py:137} INFO - [2022-12-03T15:11:51.675+0000] {dagbag.py:538} INFO - Filling up the DagBag from /home/airflow/.local/lib/python3.7/site-packages/airflow/example_dags/example_kubernetes_executor.py
[2022-12-03T15:11:51.696+0000] {processor.py:753} INFO - DAG(s) dict_keys(['example_kubernetes_executor']) retrieved from /home/airflow/.local/lib/python3.7/site-packages/airflow/example_dags/example_kubernetes_executor.py
[2022-12-03T15:11:51.725+0000] {logging_mixin.py:137} INFO - [2022-12-03T15:11:51.725+0000] {dag.py:2676} INFO - Sync 1 DAGs
[2022-12-03T15:11:51.740+0000] {logging_mixin.py:137} INFO - [2022-12-03T15:11:51.740+0000] {dag.py:3427} INFO - Setting next_dagrun for example_kubernetes_executor to None, run_after=None
[2022-12-03T15:11:51.751+0000] {processor.py:175} INFO - Processing /home/airflow/.local/lib/python3.7/site-packages/airflow/example_dags/example_kubernetes_executor.py took 0.082 seconds
[2022-12-03T15:12:22.291+0000] {processor.py:153} INFO - Started process (PID=844) to work on /home/airflow/.local/lib/python3.7/site-packages/airflow/example_dags/example_kubernetes_executor.py
[2022-12-03T15:12:22.292+0000] {processor.py:743} INFO - Processing file /home/airflow/.local/lib/python3.7/site-packages/airflow/example_dags/example_kubernetes_executor.py for tasks to queue
[2022-12-03T15:12:22.292+0000] {logging_mixin.py:137} INFO - [2022-12-03T15:12:22.292+0000] {dagbag.py:538} INFO - Filling up the DagBag from /home/airflow/.local/lib/python3.7/site-packages/airflow/example_dags/example_kubernetes_executor.py
[2022-12-03T15:12:22.312+0000] {processor.py:753} INFO - DAG(s) dict_keys(['example_kubernetes_executor']) retrieved from /home/airflow/.local/lib/python3.7/site-packages/airflow/example_dags/example_kubernetes_executor.py
[2022-12-03T15:12:22.329+0000] {logging_mixin.py:137} INFO - [2022-12-03T15:12:22.329+0000] {dag.py:2676} INFO - Sync 1 DAGs
[2022-12-03T15:12:22.343+0000] {logging_mixin.py:137} INFO - [2022-12-03T15:12:22.343+0000] {dag.py:3427} INFO - Setting next_dagrun for example_kubernetes_executor to None, run_after=None
[2022-12-03T15:12:22.353+0000] {processor.py:175} INFO - Processing /home/airflow/.local/lib/python3.7/site-packages/airflow/example_dags/example_kubernetes_executor.py took 0.065 seconds
[2022-12-03T15:12:52.478+0000] {processor.py:153} INFO - Started process (PID=1070) to work on /home/airflow/.local/lib/python3.7/site-packages/airflow/example_dags/example_kubernetes_executor.py
[2022-12-03T15:12:52.479+0000] {processor.py:743} INFO - Processing file /home/airflow/.local/lib/python3.7/site-packages/airflow/example_dags/example_kubernetes_executor.py for tasks to queue
[2022-12-03T15:12:52.480+0000] {logging_mixin.py:137} INFO - [2022-12-03T15:12:52.480+0000] {dagbag.py:538} INFO - Filling up the DagBag from /home/airflow/.local/lib/python3.7/site-packages/airflow/example_dags/example_kubernetes_executor.py
[2022-12-03T15:12:52.501+0000] {processor.py:753} INFO - DAG(s) dict_keys(['example_kubernetes_executor']) retrieved from /home/airflow/.local/lib/python3.7/site-packages/airflow/example_dags/example_kubernetes_executor.py
[2022-12-03T15:12:52.519+0000] {logging_mixin.py:137} INFO - [2022-12-03T15:12:52.519+0000] {dag.py:2676} INFO - Sync 1 DAGs
[2022-12-03T15:12:52.535+0000] {logging_mixin.py:137} INFO - [2022-12-03T15:12:52.535+0000] {dag.py:3427} INFO - Setting next_dagrun for example_kubernetes_executor to None, run_after=None
[2022-12-03T15:12:52.546+0000] {processor.py:175} INFO - Processing /home/airflow/.local/lib/python3.7/site-packages/airflow/example_dags/example_kubernetes_executor.py took 0.070 seconds
[2022-12-03T15:13:22.844+0000] {processor.py:153} INFO - Started process (PID=1285) to work on /home/airflow/.local/lib/python3.7/site-packages/airflow/example_dags/example_kubernetes_executor.py
[2022-12-03T15:13:22.845+0000] {processor.py:743} INFO - Processing file /home/airflow/.local/lib/python3.7/site-packages/airflow/example_dags/example_kubernetes_executor.py for tasks to queue
[2022-12-03T15:13:22.846+0000] {logging_mixin.py:137} INFO - [2022-12-03T15:13:22.846+0000] {dagbag.py:538} INFO - Filling up the DagBag from /home/airflow/.local/lib/python3.7/site-packages/airflow/example_dags/example_kubernetes_executor.py
[2022-12-03T15:13:22.867+0000] {processor.py:753} INFO - DAG(s) dict_keys(['example_kubernetes_executor']) retrieved from /home/airflow/.local/lib/python3.7/site-packages/airflow/example_dags/example_kubernetes_executor.py
[2022-12-03T15:13:22.896+0000] {logging_mixin.py:137} INFO - [2022-12-03T15:13:22.895+0000] {dag.py:2676} INFO - Sync 1 DAGs
[2022-12-03T15:13:22.910+0000] {logging_mixin.py:137} INFO - [2022-12-03T15:13:22.910+0000] {dag.py:3427} INFO - Setting next_dagrun for example_kubernetes_executor to None, run_after=None
[2022-12-03T15:13:22.920+0000] {processor.py:175} INFO - Processing /home/airflow/.local/lib/python3.7/site-packages/airflow/example_dags/example_kubernetes_executor.py took 0.079 seconds
[2022-12-03T15:13:53.666+0000] {processor.py:153} INFO - Started process (PID=1510) to work on /home/airflow/.local/lib/python3.7/site-packages/airflow/example_dags/example_kubernetes_executor.py
[2022-12-03T15:13:53.667+0000] {processor.py:743} INFO - Processing file /home/airflow/.local/lib/python3.7/site-packages/airflow/example_dags/example_kubernetes_executor.py for tasks to queue
[2022-12-03T15:13:53.667+0000] {logging_mixin.py:137} INFO - [2022-12-03T15:13:53.667+0000] {dagbag.py:538} INFO - Filling up the DagBag from /home/airflow/.local/lib/python3.7/site-packages/airflow/example_dags/example_kubernetes_executor.py
[2022-12-03T15:13:53.684+0000] {processor.py:753} INFO - DAG(s) dict_keys(['example_kubernetes_executor']) retrieved from /home/airflow/.local/lib/python3.7/site-packages/airflow/example_dags/example_kubernetes_executor.py
[2022-12-03T15:13:53.710+0000] {logging_mixin.py:137} INFO - [2022-12-03T15:13:53.710+0000] {dag.py:2676} INFO - Sync 1 DAGs
[2022-12-03T15:13:53.724+0000] {logging_mixin.py:137} INFO - [2022-12-03T15:13:53.724+0000] {dag.py:3427} INFO - Setting next_dagrun for example_kubernetes_executor to None, run_after=None
[2022-12-03T15:13:53.735+0000] {processor.py:175} INFO - Processing /home/airflow/.local/lib/python3.7/site-packages/airflow/example_dags/example_kubernetes_executor.py took 0.072 seconds
[2022-12-03T15:14:24.056+0000] {processor.py:153} INFO - Started process (PID=1736) to work on /home/airflow/.local/lib/python3.7/site-packages/airflow/example_dags/example_kubernetes_executor.py
[2022-12-03T15:14:24.057+0000] {processor.py:743} INFO - Processing file /home/airflow/.local/lib/python3.7/site-packages/airflow/example_dags/example_kubernetes_executor.py for tasks to queue
[2022-12-03T15:14:24.058+0000] {logging_mixin.py:137} INFO - [2022-12-03T15:14:24.058+0000] {dagbag.py:538} INFO - Filling up the DagBag from /home/airflow/.local/lib/python3.7/site-packages/airflow/example_dags/example_kubernetes_executor.py
[2022-12-03T15:14:24.076+0000] {processor.py:753} INFO - DAG(s) dict_keys(['example_kubernetes_executor']) retrieved from /home/airflow/.local/lib/python3.7/site-packages/airflow/example_dags/example_kubernetes_executor.py
[2022-12-03T15:14:24.104+0000] {logging_mixin.py:137} INFO - [2022-12-03T15:14:24.103+0000] {dag.py:2676} INFO - Sync 1 DAGs
[2022-12-03T15:14:24.118+0000] {logging_mixin.py:137} INFO - [2022-12-03T15:14:24.118+0000] {dag.py:3427} INFO - Setting next_dagrun for example_kubernetes_executor to None, run_after=None
[2022-12-03T15:14:24.129+0000] {processor.py:175} INFO - Processing /home/airflow/.local/lib/python3.7/site-packages/airflow/example_dags/example_kubernetes_executor.py took 0.075 seconds
[2022-12-03T15:15:10.695+0000] {processor.py:153} INFO - Started process (PID=175) to work on /home/airflow/.local/lib/python3.7/site-packages/airflow/example_dags/example_kubernetes_executor.py
[2022-12-03T15:15:10.696+0000] {processor.py:743} INFO - Processing file /home/airflow/.local/lib/python3.7/site-packages/airflow/example_dags/example_kubernetes_executor.py for tasks to queue
[2022-12-03T15:15:10.697+0000] {logging_mixin.py:137} INFO - [2022-12-03T15:15:10.697+0000] {dagbag.py:538} INFO - Filling up the DagBag from /home/airflow/.local/lib/python3.7/site-packages/airflow/example_dags/example_kubernetes_executor.py
[2022-12-03T15:15:10.724+0000] {processor.py:753} INFO - DAG(s) dict_keys(['example_kubernetes_executor']) retrieved from /home/airflow/.local/lib/python3.7/site-packages/airflow/example_dags/example_kubernetes_executor.py
[2022-12-03T15:15:10.747+0000] {logging_mixin.py:137} INFO - [2022-12-03T15:15:10.747+0000] {dag.py:2676} INFO - Sync 1 DAGs
[2022-12-03T15:15:10.764+0000] {logging_mixin.py:137} INFO - [2022-12-03T15:15:10.764+0000] {dag.py:3427} INFO - Setting next_dagrun for example_kubernetes_executor to None, run_after=None
[2022-12-03T15:15:10.776+0000] {processor.py:175} INFO - Processing /home/airflow/.local/lib/python3.7/site-packages/airflow/example_dags/example_kubernetes_executor.py took 0.084 seconds
[2022-12-03T15:21:17.750+0000] {processor.py:153} INFO - Started process (PID=175) to work on /home/airflow/.local/lib/python3.7/site-packages/airflow/example_dags/example_kubernetes_executor.py
[2022-12-03T15:21:17.751+0000] {processor.py:743} INFO - Processing file /home/airflow/.local/lib/python3.7/site-packages/airflow/example_dags/example_kubernetes_executor.py for tasks to queue
[2022-12-03T15:21:17.752+0000] {logging_mixin.py:137} INFO - [2022-12-03T15:21:17.752+0000] {dagbag.py:538} INFO - Filling up the DagBag from /home/airflow/.local/lib/python3.7/site-packages/airflow/example_dags/example_kubernetes_executor.py
[2022-12-03T15:21:17.785+0000] {processor.py:753} INFO - DAG(s) dict_keys(['example_kubernetes_executor']) retrieved from /home/airflow/.local/lib/python3.7/site-packages/airflow/example_dags/example_kubernetes_executor.py
[2022-12-03T15:21:17.803+0000] {logging_mixin.py:137} INFO - [2022-12-03T15:21:17.803+0000] {dag.py:2676} INFO - Sync 1 DAGs
[2022-12-03T15:21:17.826+0000] {logging_mixin.py:137} INFO - [2022-12-03T15:21:17.826+0000] {dag.py:3427} INFO - Setting next_dagrun for example_kubernetes_executor to None, run_after=None
[2022-12-03T15:21:17.843+0000] {processor.py:175} INFO - Processing /home/airflow/.local/lib/python3.7/site-packages/airflow/example_dags/example_kubernetes_executor.py took 0.096 seconds
[2022-12-03T15:21:47.940+0000] {processor.py:153} INFO - Started process (PID=399) to work on /home/airflow/.local/lib/python3.7/site-packages/airflow/example_dags/example_kubernetes_executor.py
[2022-12-03T15:21:47.941+0000] {processor.py:743} INFO - Processing file /home/airflow/.local/lib/python3.7/site-packages/airflow/example_dags/example_kubernetes_executor.py for tasks to queue
[2022-12-03T15:21:47.942+0000] {logging_mixin.py:137} INFO - [2022-12-03T15:21:47.942+0000] {dagbag.py:538} INFO - Filling up the DagBag from /home/airflow/.local/lib/python3.7/site-packages/airflow/example_dags/example_kubernetes_executor.py
[2022-12-03T15:21:47.969+0000] {processor.py:753} INFO - DAG(s) dict_keys(['example_kubernetes_executor']) retrieved from /home/airflow/.local/lib/python3.7/site-packages/airflow/example_dags/example_kubernetes_executor.py
[2022-12-03T15:21:48.032+0000] {logging_mixin.py:137} INFO - [2022-12-03T15:21:48.032+0000] {dag.py:2676} INFO - Sync 1 DAGs
[2022-12-03T15:21:48.047+0000] {logging_mixin.py:137} INFO - [2022-12-03T15:21:48.047+0000] {dag.py:3427} INFO - Setting next_dagrun for example_kubernetes_executor to None, run_after=None
[2022-12-03T15:21:48.093+0000] {processor.py:175} INFO - Processing /home/airflow/.local/lib/python3.7/site-packages/airflow/example_dags/example_kubernetes_executor.py took 0.156 seconds
[2022-12-03T15:22:18.144+0000] {processor.py:153} INFO - Started process (PID=612) to work on /home/airflow/.local/lib/python3.7/site-packages/airflow/example_dags/example_kubernetes_executor.py
[2022-12-03T15:22:18.145+0000] {processor.py:743} INFO - Processing file /home/airflow/.local/lib/python3.7/site-packages/airflow/example_dags/example_kubernetes_executor.py for tasks to queue
[2022-12-03T15:22:18.146+0000] {logging_mixin.py:137} INFO - [2022-12-03T15:22:18.146+0000] {dagbag.py:538} INFO - Filling up the DagBag from /home/airflow/.local/lib/python3.7/site-packages/airflow/example_dags/example_kubernetes_executor.py
[2022-12-03T15:22:18.165+0000] {processor.py:753} INFO - DAG(s) dict_keys(['example_kubernetes_executor']) retrieved from /home/airflow/.local/lib/python3.7/site-packages/airflow/example_dags/example_kubernetes_executor.py
[2022-12-03T15:22:18.192+0000] {logging_mixin.py:137} INFO - [2022-12-03T15:22:18.192+0000] {dag.py:2676} INFO - Sync 1 DAGs
[2022-12-03T15:22:18.205+0000] {logging_mixin.py:137} INFO - [2022-12-03T15:22:18.205+0000] {dag.py:3427} INFO - Setting next_dagrun for example_kubernetes_executor to None, run_after=None
[2022-12-03T15:22:18.216+0000] {processor.py:175} INFO - Processing /home/airflow/.local/lib/python3.7/site-packages/airflow/example_dags/example_kubernetes_executor.py took 0.074 seconds
[2022-12-03T15:22:48.406+0000] {processor.py:153} INFO - Started process (PID=838) to work on /home/airflow/.local/lib/python3.7/site-packages/airflow/example_dags/example_kubernetes_executor.py
[2022-12-03T15:22:48.407+0000] {processor.py:743} INFO - Processing file /home/airflow/.local/lib/python3.7/site-packages/airflow/example_dags/example_kubernetes_executor.py for tasks to queue
[2022-12-03T15:22:48.408+0000] {logging_mixin.py:137} INFO - [2022-12-03T15:22:48.407+0000] {dagbag.py:538} INFO - Filling up the DagBag from /home/airflow/.local/lib/python3.7/site-packages/airflow/example_dags/example_kubernetes_executor.py
[2022-12-03T15:22:48.426+0000] {processor.py:753} INFO - DAG(s) dict_keys(['example_kubernetes_executor']) retrieved from /home/airflow/.local/lib/python3.7/site-packages/airflow/example_dags/example_kubernetes_executor.py
[2022-12-03T15:22:48.452+0000] {logging_mixin.py:137} INFO - [2022-12-03T15:22:48.452+0000] {dag.py:2676} INFO - Sync 1 DAGs
[2022-12-03T15:22:48.466+0000] {logging_mixin.py:137} INFO - [2022-12-03T15:22:48.466+0000] {dag.py:3427} INFO - Setting next_dagrun for example_kubernetes_executor to None, run_after=None
[2022-12-03T15:22:48.476+0000] {processor.py:175} INFO - Processing /home/airflow/.local/lib/python3.7/site-packages/airflow/example_dags/example_kubernetes_executor.py took 0.073 seconds
[2022-12-03T15:23:19.298+0000] {processor.py:153} INFO - Started process (PID=1065) to work on /home/airflow/.local/lib/python3.7/site-packages/airflow/example_dags/example_kubernetes_executor.py
[2022-12-03T15:23:19.299+0000] {processor.py:743} INFO - Processing file /home/airflow/.local/lib/python3.7/site-packages/airflow/example_dags/example_kubernetes_executor.py for tasks to queue
[2022-12-03T15:23:19.301+0000] {logging_mixin.py:137} INFO - [2022-12-03T15:23:19.300+0000] {dagbag.py:538} INFO - Filling up the DagBag from /home/airflow/.local/lib/python3.7/site-packages/airflow/example_dags/example_kubernetes_executor.py
[2022-12-03T15:23:19.347+0000] {processor.py:753} INFO - DAG(s) dict_keys(['example_kubernetes_executor']) retrieved from /home/airflow/.local/lib/python3.7/site-packages/airflow/example_dags/example_kubernetes_executor.py
[2022-12-03T15:23:19.390+0000] {logging_mixin.py:137} INFO - [2022-12-03T15:23:19.390+0000] {dag.py:2676} INFO - Sync 1 DAGs
[2022-12-03T15:23:19.414+0000] {logging_mixin.py:137} INFO - [2022-12-03T15:23:19.414+0000] {dag.py:3427} INFO - Setting next_dagrun for example_kubernetes_executor to None, run_after=None
[2022-12-03T15:23:19.441+0000] {processor.py:175} INFO - Processing /home/airflow/.local/lib/python3.7/site-packages/airflow/example_dags/example_kubernetes_executor.py took 0.146 seconds
[2022-12-03T15:23:49.868+0000] {processor.py:153} INFO - Started process (PID=1279) to work on /home/airflow/.local/lib/python3.7/site-packages/airflow/example_dags/example_kubernetes_executor.py
[2022-12-03T15:23:49.869+0000] {processor.py:743} INFO - Processing file /home/airflow/.local/lib/python3.7/site-packages/airflow/example_dags/example_kubernetes_executor.py for tasks to queue
[2022-12-03T15:23:49.870+0000] {logging_mixin.py:137} INFO - [2022-12-03T15:23:49.870+0000] {dagbag.py:538} INFO - Filling up the DagBag from /home/airflow/.local/lib/python3.7/site-packages/airflow/example_dags/example_kubernetes_executor.py
[2022-12-03T15:23:49.891+0000] {processor.py:753} INFO - DAG(s) dict_keys(['example_kubernetes_executor']) retrieved from /home/airflow/.local/lib/python3.7/site-packages/airflow/example_dags/example_kubernetes_executor.py
[2022-12-03T15:23:49.922+0000] {logging_mixin.py:137} INFO - [2022-12-03T15:23:49.922+0000] {dag.py:2676} INFO - Sync 1 DAGs
[2022-12-03T15:23:49.940+0000] {logging_mixin.py:137} INFO - [2022-12-03T15:23:49.940+0000] {dag.py:3427} INFO - Setting next_dagrun for example_kubernetes_executor to None, run_after=None
[2022-12-03T15:23:49.953+0000] {processor.py:175} INFO - Processing /home/airflow/.local/lib/python3.7/site-packages/airflow/example_dags/example_kubernetes_executor.py took 0.088 seconds
[2022-12-03T15:24:20.273+0000] {processor.py:153} INFO - Started process (PID=1506) to work on /home/airflow/.local/lib/python3.7/site-packages/airflow/example_dags/example_kubernetes_executor.py
[2022-12-03T15:24:20.275+0000] {processor.py:743} INFO - Processing file /home/airflow/.local/lib/python3.7/site-packages/airflow/example_dags/example_kubernetes_executor.py for tasks to queue
[2022-12-03T15:24:20.276+0000] {logging_mixin.py:137} INFO - [2022-12-03T15:24:20.276+0000] {dagbag.py:538} INFO - Filling up the DagBag from /home/airflow/.local/lib/python3.7/site-packages/airflow/example_dags/example_kubernetes_executor.py
[2022-12-03T15:24:20.295+0000] {processor.py:753} INFO - DAG(s) dict_keys(['example_kubernetes_executor']) retrieved from /home/airflow/.local/lib/python3.7/site-packages/airflow/example_dags/example_kubernetes_executor.py
[2022-12-03T15:24:20.322+0000] {logging_mixin.py:137} INFO - [2022-12-03T15:24:20.322+0000] {dag.py:2676} INFO - Sync 1 DAGs
[2022-12-03T15:24:20.335+0000] {logging_mixin.py:137} INFO - [2022-12-03T15:24:20.335+0000] {dag.py:3427} INFO - Setting next_dagrun for example_kubernetes_executor to None, run_after=None
[2022-12-03T15:24:20.346+0000] {processor.py:175} INFO - Processing /home/airflow/.local/lib/python3.7/site-packages/airflow/example_dags/example_kubernetes_executor.py took 0.075 seconds
[2022-12-03T15:24:50.627+0000] {processor.py:153} INFO - Started process (PID=1731) to work on /home/airflow/.local/lib/python3.7/site-packages/airflow/example_dags/example_kubernetes_executor.py
[2022-12-03T15:24:50.628+0000] {processor.py:743} INFO - Processing file /home/airflow/.local/lib/python3.7/site-packages/airflow/example_dags/example_kubernetes_executor.py for tasks to queue
[2022-12-03T15:24:50.629+0000] {logging_mixin.py:137} INFO - [2022-12-03T15:24:50.629+0000] {dagbag.py:538} INFO - Filling up the DagBag from /home/airflow/.local/lib/python3.7/site-packages/airflow/example_dags/example_kubernetes_executor.py
[2022-12-03T15:24:50.662+0000] {processor.py:753} INFO - DAG(s) dict_keys(['example_kubernetes_executor']) retrieved from /home/airflow/.local/lib/python3.7/site-packages/airflow/example_dags/example_kubernetes_executor.py
[2022-12-03T15:24:50.700+0000] {logging_mixin.py:137} INFO - [2022-12-03T15:24:50.700+0000] {dag.py:2676} INFO - Sync 1 DAGs
[2022-12-03T15:24:50.716+0000] {logging_mixin.py:137} INFO - [2022-12-03T15:24:50.716+0000] {dag.py:3427} INFO - Setting next_dagrun for example_kubernetes_executor to None, run_after=None
[2022-12-03T15:24:50.728+0000] {processor.py:175} INFO - Processing /home/airflow/.local/lib/python3.7/site-packages/airflow/example_dags/example_kubernetes_executor.py took 0.103 seconds
[2022-12-03T15:25:21.156+0000] {processor.py:153} INFO - Started process (PID=1946) to work on /home/airflow/.local/lib/python3.7/site-packages/airflow/example_dags/example_kubernetes_executor.py
[2022-12-03T15:25:21.158+0000] {processor.py:743} INFO - Processing file /home/airflow/.local/lib/python3.7/site-packages/airflow/example_dags/example_kubernetes_executor.py for tasks to queue
[2022-12-03T15:25:21.158+0000] {logging_mixin.py:137} INFO - [2022-12-03T15:25:21.158+0000] {dagbag.py:538} INFO - Filling up the DagBag from /home/airflow/.local/lib/python3.7/site-packages/airflow/example_dags/example_kubernetes_executor.py
[2022-12-03T15:25:21.176+0000] {processor.py:753} INFO - DAG(s) dict_keys(['example_kubernetes_executor']) retrieved from /home/airflow/.local/lib/python3.7/site-packages/airflow/example_dags/example_kubernetes_executor.py
[2022-12-03T15:25:21.203+0000] {logging_mixin.py:137} INFO - [2022-12-03T15:25:21.203+0000] {dag.py:2676} INFO - Sync 1 DAGs
[2022-12-03T15:25:21.218+0000] {logging_mixin.py:137} INFO - [2022-12-03T15:25:21.217+0000] {dag.py:3427} INFO - Setting next_dagrun for example_kubernetes_executor to None, run_after=None
[2022-12-03T15:25:21.228+0000] {processor.py:175} INFO - Processing /home/airflow/.local/lib/python3.7/site-packages/airflow/example_dags/example_kubernetes_executor.py took 0.074 seconds
[2022-12-03T15:25:51.557+0000] {processor.py:153} INFO - Started process (PID=2172) to work on /home/airflow/.local/lib/python3.7/site-packages/airflow/example_dags/example_kubernetes_executor.py
[2022-12-03T15:25:51.558+0000] {processor.py:743} INFO - Processing file /home/airflow/.local/lib/python3.7/site-packages/airflow/example_dags/example_kubernetes_executor.py for tasks to queue
[2022-12-03T15:25:51.559+0000] {logging_mixin.py:137} INFO - [2022-12-03T15:25:51.559+0000] {dagbag.py:538} INFO - Filling up the DagBag from /home/airflow/.local/lib/python3.7/site-packages/airflow/example_dags/example_kubernetes_executor.py
[2022-12-03T15:25:51.577+0000] {processor.py:753} INFO - DAG(s) dict_keys(['example_kubernetes_executor']) retrieved from /home/airflow/.local/lib/python3.7/site-packages/airflow/example_dags/example_kubernetes_executor.py
[2022-12-03T15:25:51.604+0000] {logging_mixin.py:137} INFO - [2022-12-03T15:25:51.604+0000] {dag.py:2676} INFO - Sync 1 DAGs
[2022-12-03T15:25:51.617+0000] {logging_mixin.py:137} INFO - [2022-12-03T15:25:51.617+0000] {dag.py:3427} INFO - Setting next_dagrun for example_kubernetes_executor to None, run_after=None
[2022-12-03T15:25:51.627+0000] {processor.py:175} INFO - Processing /home/airflow/.local/lib/python3.7/site-packages/airflow/example_dags/example_kubernetes_executor.py took 0.073 seconds
[2022-12-03T15:26:21.863+0000] {processor.py:153} INFO - Started process (PID=2397) to work on /home/airflow/.local/lib/python3.7/site-packages/airflow/example_dags/example_kubernetes_executor.py
[2022-12-03T15:26:21.864+0000] {processor.py:743} INFO - Processing file /home/airflow/.local/lib/python3.7/site-packages/airflow/example_dags/example_kubernetes_executor.py for tasks to queue
[2022-12-03T15:26:21.865+0000] {logging_mixin.py:137} INFO - [2022-12-03T15:26:21.865+0000] {dagbag.py:538} INFO - Filling up the DagBag from /home/airflow/.local/lib/python3.7/site-packages/airflow/example_dags/example_kubernetes_executor.py
[2022-12-03T15:26:21.891+0000] {processor.py:753} INFO - DAG(s) dict_keys(['example_kubernetes_executor']) retrieved from /home/airflow/.local/lib/python3.7/site-packages/airflow/example_dags/example_kubernetes_executor.py
[2022-12-03T15:26:21.931+0000] {logging_mixin.py:137} INFO - [2022-12-03T15:26:21.931+0000] {dag.py:2676} INFO - Sync 1 DAGs
[2022-12-03T15:26:21.951+0000] {logging_mixin.py:137} INFO - [2022-12-03T15:26:21.951+0000] {dag.py:3427} INFO - Setting next_dagrun for example_kubernetes_executor to None, run_after=None
[2022-12-03T15:26:21.966+0000] {processor.py:175} INFO - Processing /home/airflow/.local/lib/python3.7/site-packages/airflow/example_dags/example_kubernetes_executor.py took 0.108 seconds
[2022-12-03T15:26:52.346+0000] {processor.py:153} INFO - Started process (PID=2611) to work on /home/airflow/.local/lib/python3.7/site-packages/airflow/example_dags/example_kubernetes_executor.py
[2022-12-03T15:26:52.347+0000] {processor.py:743} INFO - Processing file /home/airflow/.local/lib/python3.7/site-packages/airflow/example_dags/example_kubernetes_executor.py for tasks to queue
[2022-12-03T15:26:52.348+0000] {logging_mixin.py:137} INFO - [2022-12-03T15:26:52.348+0000] {dagbag.py:538} INFO - Filling up the DagBag from /home/airflow/.local/lib/python3.7/site-packages/airflow/example_dags/example_kubernetes_executor.py
[2022-12-03T15:26:52.369+0000] {processor.py:753} INFO - DAG(s) dict_keys(['example_kubernetes_executor']) retrieved from /home/airflow/.local/lib/python3.7/site-packages/airflow/example_dags/example_kubernetes_executor.py
[2022-12-03T15:26:52.396+0000] {logging_mixin.py:137} INFO - [2022-12-03T15:26:52.396+0000] {dag.py:2676} INFO - Sync 1 DAGs
[2022-12-03T15:26:52.410+0000] {logging_mixin.py:137} INFO - [2022-12-03T15:26:52.410+0000] {dag.py:3427} INFO - Setting next_dagrun for example_kubernetes_executor to None, run_after=None
[2022-12-03T15:26:52.421+0000] {processor.py:175} INFO - Processing /home/airflow/.local/lib/python3.7/site-packages/airflow/example_dags/example_kubernetes_executor.py took 0.077 seconds
[2022-12-03T15:27:23.479+0000] {processor.py:153} INFO - Started process (PID=2837) to work on /home/airflow/.local/lib/python3.7/site-packages/airflow/example_dags/example_kubernetes_executor.py
[2022-12-03T15:27:23.480+0000] {processor.py:743} INFO - Processing file /home/airflow/.local/lib/python3.7/site-packages/airflow/example_dags/example_kubernetes_executor.py for tasks to queue
[2022-12-03T15:27:23.481+0000] {logging_mixin.py:137} INFO - [2022-12-03T15:27:23.481+0000] {dagbag.py:538} INFO - Filling up the DagBag from /home/airflow/.local/lib/python3.7/site-packages/airflow/example_dags/example_kubernetes_executor.py
[2022-12-03T15:27:23.501+0000] {processor.py:753} INFO - DAG(s) dict_keys(['example_kubernetes_executor']) retrieved from /home/airflow/.local/lib/python3.7/site-packages/airflow/example_dags/example_kubernetes_executor.py
[2022-12-03T15:27:23.531+0000] {logging_mixin.py:137} INFO - [2022-12-03T15:27:23.531+0000] {dag.py:2676} INFO - Sync 1 DAGs
[2022-12-03T15:27:23.545+0000] {logging_mixin.py:137} INFO - [2022-12-03T15:27:23.545+0000] {dag.py:3427} INFO - Setting next_dagrun for example_kubernetes_executor to None, run_after=None
[2022-12-03T15:27:23.555+0000] {processor.py:175} INFO - Processing /home/airflow/.local/lib/python3.7/site-packages/airflow/example_dags/example_kubernetes_executor.py took 0.079 seconds
[2022-12-03T15:27:53.664+0000] {processor.py:153} INFO - Started process (PID=3064) to work on /home/airflow/.local/lib/python3.7/site-packages/airflow/example_dags/example_kubernetes_executor.py
[2022-12-03T15:27:53.665+0000] {processor.py:743} INFO - Processing file /home/airflow/.local/lib/python3.7/site-packages/airflow/example_dags/example_kubernetes_executor.py for tasks to queue
[2022-12-03T15:27:53.665+0000] {logging_mixin.py:137} INFO - [2022-12-03T15:27:53.665+0000] {dagbag.py:538} INFO - Filling up the DagBag from /home/airflow/.local/lib/python3.7/site-packages/airflow/example_dags/example_kubernetes_executor.py
[2022-12-03T15:27:53.682+0000] {processor.py:753} INFO - DAG(s) dict_keys(['example_kubernetes_executor']) retrieved from /home/airflow/.local/lib/python3.7/site-packages/airflow/example_dags/example_kubernetes_executor.py
[2022-12-03T15:27:53.708+0000] {logging_mixin.py:137} INFO - [2022-12-03T15:27:53.708+0000] {dag.py:2676} INFO - Sync 1 DAGs
[2022-12-03T15:27:53.721+0000] {logging_mixin.py:137} INFO - [2022-12-03T15:27:53.721+0000] {dag.py:3427} INFO - Setting next_dagrun for example_kubernetes_executor to None, run_after=None
[2022-12-03T15:27:53.731+0000] {processor.py:175} INFO - Processing /home/airflow/.local/lib/python3.7/site-packages/airflow/example_dags/example_kubernetes_executor.py took 0.070 seconds
[2022-12-03T15:28:24.126+0000] {processor.py:153} INFO - Started process (PID=3277) to work on /home/airflow/.local/lib/python3.7/site-packages/airflow/example_dags/example_kubernetes_executor.py
[2022-12-03T15:28:24.128+0000] {processor.py:743} INFO - Processing file /home/airflow/.local/lib/python3.7/site-packages/airflow/example_dags/example_kubernetes_executor.py for tasks to queue
[2022-12-03T15:28:24.129+0000] {logging_mixin.py:137} INFO - [2022-12-03T15:28:24.128+0000] {dagbag.py:538} INFO - Filling up the DagBag from /home/airflow/.local/lib/python3.7/site-packages/airflow/example_dags/example_kubernetes_executor.py
[2022-12-03T15:28:24.147+0000] {processor.py:753} INFO - DAG(s) dict_keys(['example_kubernetes_executor']) retrieved from /home/airflow/.local/lib/python3.7/site-packages/airflow/example_dags/example_kubernetes_executor.py
[2022-12-03T15:28:24.174+0000] {logging_mixin.py:137} INFO - [2022-12-03T15:28:24.174+0000] {dag.py:2676} INFO - Sync 1 DAGs
[2022-12-03T15:28:24.188+0000] {logging_mixin.py:137} INFO - [2022-12-03T15:28:24.188+0000] {dag.py:3427} INFO - Setting next_dagrun for example_kubernetes_executor to None, run_after=None
[2022-12-03T15:28:24.199+0000] {processor.py:175} INFO - Processing /home/airflow/.local/lib/python3.7/site-packages/airflow/example_dags/example_kubernetes_executor.py took 0.074 seconds
[2022-12-03T15:28:54.670+0000] {processor.py:153} INFO - Started process (PID=3502) to work on /home/airflow/.local/lib/python3.7/site-packages/airflow/example_dags/example_kubernetes_executor.py
[2022-12-03T15:28:54.671+0000] {processor.py:743} INFO - Processing file /home/airflow/.local/lib/python3.7/site-packages/airflow/example_dags/example_kubernetes_executor.py for tasks to queue
[2022-12-03T15:28:54.671+0000] {logging_mixin.py:137} INFO - [2022-12-03T15:28:54.671+0000] {dagbag.py:538} INFO - Filling up the DagBag from /home/airflow/.local/lib/python3.7/site-packages/airflow/example_dags/example_kubernetes_executor.py
[2022-12-03T15:28:54.689+0000] {processor.py:753} INFO - DAG(s) dict_keys(['example_kubernetes_executor']) retrieved from /home/airflow/.local/lib/python3.7/site-packages/airflow/example_dags/example_kubernetes_executor.py
[2022-12-03T15:28:54.715+0000] {logging_mixin.py:137} INFO - [2022-12-03T15:28:54.715+0000] {dag.py:2676} INFO - Sync 1 DAGs
[2022-12-03T15:28:54.729+0000] {logging_mixin.py:137} INFO - [2022-12-03T15:28:54.729+0000] {dag.py:3427} INFO - Setting next_dagrun for example_kubernetes_executor to None, run_after=None
[2022-12-03T15:28:54.739+0000] {processor.py:175} INFO - Processing /home/airflow/.local/lib/python3.7/site-packages/airflow/example_dags/example_kubernetes_executor.py took 0.072 seconds
[2022-12-03T15:29:24.967+0000] {processor.py:153} INFO - Started process (PID=3728) to work on /home/airflow/.local/lib/python3.7/site-packages/airflow/example_dags/example_kubernetes_executor.py
[2022-12-03T15:29:24.968+0000] {processor.py:743} INFO - Processing file /home/airflow/.local/lib/python3.7/site-packages/airflow/example_dags/example_kubernetes_executor.py for tasks to queue
[2022-12-03T15:29:24.969+0000] {logging_mixin.py:137} INFO - [2022-12-03T15:29:24.969+0000] {dagbag.py:538} INFO - Filling up the DagBag from /home/airflow/.local/lib/python3.7/site-packages/airflow/example_dags/example_kubernetes_executor.py
[2022-12-03T15:29:24.987+0000] {processor.py:753} INFO - DAG(s) dict_keys(['example_kubernetes_executor']) retrieved from /home/airflow/.local/lib/python3.7/site-packages/airflow/example_dags/example_kubernetes_executor.py
[2022-12-03T15:29:25.015+0000] {logging_mixin.py:137} INFO - [2022-12-03T15:29:25.015+0000] {dag.py:2676} INFO - Sync 1 DAGs
[2022-12-03T15:29:25.029+0000] {logging_mixin.py:137} INFO - [2022-12-03T15:29:25.029+0000] {dag.py:3427} INFO - Setting next_dagrun for example_kubernetes_executor to None, run_after=None
[2022-12-03T15:29:25.039+0000] {processor.py:175} INFO - Processing /home/airflow/.local/lib/python3.7/site-packages/airflow/example_dags/example_kubernetes_executor.py took 0.074 seconds
[2022-12-03T15:29:55.110+0000] {processor.py:153} INFO - Started process (PID=3940) to work on /home/airflow/.local/lib/python3.7/site-packages/airflow/example_dags/example_kubernetes_executor.py
[2022-12-03T15:29:55.112+0000] {processor.py:743} INFO - Processing file /home/airflow/.local/lib/python3.7/site-packages/airflow/example_dags/example_kubernetes_executor.py for tasks to queue
[2022-12-03T15:29:55.115+0000] {logging_mixin.py:137} INFO - [2022-12-03T15:29:55.115+0000] {dagbag.py:538} INFO - Filling up the DagBag from /home/airflow/.local/lib/python3.7/site-packages/airflow/example_dags/example_kubernetes_executor.py
[2022-12-03T15:29:55.135+0000] {processor.py:753} INFO - DAG(s) dict_keys(['example_kubernetes_executor']) retrieved from /home/airflow/.local/lib/python3.7/site-packages/airflow/example_dags/example_kubernetes_executor.py
[2022-12-03T15:29:55.164+0000] {logging_mixin.py:137} INFO - [2022-12-03T15:29:55.164+0000] {dag.py:2676} INFO - Sync 1 DAGs
[2022-12-03T15:29:55.178+0000] {logging_mixin.py:137} INFO - [2022-12-03T15:29:55.178+0000] {dag.py:3427} INFO - Setting next_dagrun for example_kubernetes_executor to None, run_after=None
[2022-12-03T15:29:55.189+0000] {processor.py:175} INFO - Processing /home/airflow/.local/lib/python3.7/site-packages/airflow/example_dags/example_kubernetes_executor.py took 0.082 seconds
[2022-12-03T15:30:25.668+0000] {processor.py:153} INFO - Started process (PID=4168) to work on /home/airflow/.local/lib/python3.7/site-packages/airflow/example_dags/example_kubernetes_executor.py
[2022-12-03T15:30:25.672+0000] {processor.py:743} INFO - Processing file /home/airflow/.local/lib/python3.7/site-packages/airflow/example_dags/example_kubernetes_executor.py for tasks to queue
[2022-12-03T15:30:25.674+0000] {logging_mixin.py:137} INFO - [2022-12-03T15:30:25.673+0000] {dagbag.py:538} INFO - Filling up the DagBag from /home/airflow/.local/lib/python3.7/site-packages/airflow/example_dags/example_kubernetes_executor.py
[2022-12-03T15:30:25.694+0000] {processor.py:753} INFO - DAG(s) dict_keys(['example_kubernetes_executor']) retrieved from /home/airflow/.local/lib/python3.7/site-packages/airflow/example_dags/example_kubernetes_executor.py
[2022-12-03T15:30:25.723+0000] {logging_mixin.py:137} INFO - [2022-12-03T15:30:25.723+0000] {dag.py:2676} INFO - Sync 1 DAGs
[2022-12-03T15:30:25.738+0000] {logging_mixin.py:137} INFO - [2022-12-03T15:30:25.738+0000] {dag.py:3427} INFO - Setting next_dagrun for example_kubernetes_executor to None, run_after=None
[2022-12-03T15:30:25.765+0000] {processor.py:175} INFO - Processing /home/airflow/.local/lib/python3.7/site-packages/airflow/example_dags/example_kubernetes_executor.py took 0.101 seconds
[2022-12-03T15:30:55.926+0000] {processor.py:153} INFO - Started process (PID=4394) to work on /home/airflow/.local/lib/python3.7/site-packages/airflow/example_dags/example_kubernetes_executor.py
[2022-12-03T15:30:55.927+0000] {processor.py:743} INFO - Processing file /home/airflow/.local/lib/python3.7/site-packages/airflow/example_dags/example_kubernetes_executor.py for tasks to queue
[2022-12-03T15:30:55.928+0000] {logging_mixin.py:137} INFO - [2022-12-03T15:30:55.928+0000] {dagbag.py:538} INFO - Filling up the DagBag from /home/airflow/.local/lib/python3.7/site-packages/airflow/example_dags/example_kubernetes_executor.py
[2022-12-03T15:30:55.947+0000] {processor.py:753} INFO - DAG(s) dict_keys(['example_kubernetes_executor']) retrieved from /home/airflow/.local/lib/python3.7/site-packages/airflow/example_dags/example_kubernetes_executor.py
[2022-12-03T15:30:55.974+0000] {logging_mixin.py:137} INFO - [2022-12-03T15:30:55.974+0000] {dag.py:2676} INFO - Sync 1 DAGs
[2022-12-03T15:30:56.002+0000] {logging_mixin.py:137} INFO - [2022-12-03T15:30:56.002+0000] {dag.py:3427} INFO - Setting next_dagrun for example_kubernetes_executor to None, run_after=None
[2022-12-03T15:30:56.047+0000] {processor.py:175} INFO - Processing /home/airflow/.local/lib/python3.7/site-packages/airflow/example_dags/example_kubernetes_executor.py took 0.124 seconds
[2022-12-03T15:31:26.287+0000] {processor.py:153} INFO - Started process (PID=4608) to work on /home/airflow/.local/lib/python3.7/site-packages/airflow/example_dags/example_kubernetes_executor.py
[2022-12-03T15:31:26.288+0000] {processor.py:743} INFO - Processing file /home/airflow/.local/lib/python3.7/site-packages/airflow/example_dags/example_kubernetes_executor.py for tasks to queue
[2022-12-03T15:31:26.289+0000] {logging_mixin.py:137} INFO - [2022-12-03T15:31:26.289+0000] {dagbag.py:538} INFO - Filling up the DagBag from /home/airflow/.local/lib/python3.7/site-packages/airflow/example_dags/example_kubernetes_executor.py
[2022-12-03T15:31:26.307+0000] {processor.py:753} INFO - DAG(s) dict_keys(['example_kubernetes_executor']) retrieved from /home/airflow/.local/lib/python3.7/site-packages/airflow/example_dags/example_kubernetes_executor.py
[2022-12-03T15:31:26.334+0000] {logging_mixin.py:137} INFO - [2022-12-03T15:31:26.334+0000] {dag.py:2676} INFO - Sync 1 DAGs
[2022-12-03T15:31:26.348+0000] {logging_mixin.py:137} INFO - [2022-12-03T15:31:26.348+0000] {dag.py:3427} INFO - Setting next_dagrun for example_kubernetes_executor to None, run_after=None
[2022-12-03T15:31:26.359+0000] {processor.py:175} INFO - Processing /home/airflow/.local/lib/python3.7/site-packages/airflow/example_dags/example_kubernetes_executor.py took 0.074 seconds
[2022-12-03T15:31:56.889+0000] {processor.py:153} INFO - Started process (PID=4833) to work on /home/airflow/.local/lib/python3.7/site-packages/airflow/example_dags/example_kubernetes_executor.py
[2022-12-03T15:31:56.891+0000] {processor.py:743} INFO - Processing file /home/airflow/.local/lib/python3.7/site-packages/airflow/example_dags/example_kubernetes_executor.py for tasks to queue
[2022-12-03T15:31:56.892+0000] {logging_mixin.py:137} INFO - [2022-12-03T15:31:56.892+0000] {dagbag.py:538} INFO - Filling up the DagBag from /home/airflow/.local/lib/python3.7/site-packages/airflow/example_dags/example_kubernetes_executor.py
[2022-12-03T15:31:56.913+0000] {processor.py:753} INFO - DAG(s) dict_keys(['example_kubernetes_executor']) retrieved from /home/airflow/.local/lib/python3.7/site-packages/airflow/example_dags/example_kubernetes_executor.py
[2022-12-03T15:31:56.943+0000] {logging_mixin.py:137} INFO - [2022-12-03T15:31:56.943+0000] {dag.py:2676} INFO - Sync 1 DAGs
[2022-12-03T15:31:56.957+0000] {logging_mixin.py:137} INFO - [2022-12-03T15:31:56.957+0000] {dag.py:3427} INFO - Setting next_dagrun for example_kubernetes_executor to None, run_after=None
[2022-12-03T15:31:56.968+0000] {processor.py:175} INFO - Processing /home/airflow/.local/lib/python3.7/site-packages/airflow/example_dags/example_kubernetes_executor.py took 0.081 seconds
[2022-12-03T15:32:27.349+0000] {processor.py:153} INFO - Started process (PID=5059) to work on /home/airflow/.local/lib/python3.7/site-packages/airflow/example_dags/example_kubernetes_executor.py
[2022-12-03T15:32:27.351+0000] {processor.py:743} INFO - Processing file /home/airflow/.local/lib/python3.7/site-packages/airflow/example_dags/example_kubernetes_executor.py for tasks to queue
[2022-12-03T15:32:27.351+0000] {logging_mixin.py:137} INFO - [2022-12-03T15:32:27.351+0000] {dagbag.py:538} INFO - Filling up the DagBag from /home/airflow/.local/lib/python3.7/site-packages/airflow/example_dags/example_kubernetes_executor.py
[2022-12-03T15:32:27.370+0000] {processor.py:753} INFO - DAG(s) dict_keys(['example_kubernetes_executor']) retrieved from /home/airflow/.local/lib/python3.7/site-packages/airflow/example_dags/example_kubernetes_executor.py
[2022-12-03T15:32:27.398+0000] {logging_mixin.py:137} INFO - [2022-12-03T15:32:27.398+0000] {dag.py:2676} INFO - Sync 1 DAGs
[2022-12-03T15:32:27.414+0000] {logging_mixin.py:137} INFO - [2022-12-03T15:32:27.414+0000] {dag.py:3427} INFO - Setting next_dagrun for example_kubernetes_executor to None, run_after=None
[2022-12-03T15:32:27.429+0000] {processor.py:175} INFO - Processing /home/airflow/.local/lib/python3.7/site-packages/airflow/example_dags/example_kubernetes_executor.py took 0.082 seconds
[2022-12-03T15:32:57.953+0000] {processor.py:153} INFO - Started process (PID=5273) to work on /home/airflow/.local/lib/python3.7/site-packages/airflow/example_dags/example_kubernetes_executor.py
[2022-12-03T15:32:57.954+0000] {processor.py:743} INFO - Processing file /home/airflow/.local/lib/python3.7/site-packages/airflow/example_dags/example_kubernetes_executor.py for tasks to queue
[2022-12-03T15:32:57.955+0000] {logging_mixin.py:137} INFO - [2022-12-03T15:32:57.955+0000] {dagbag.py:538} INFO - Filling up the DagBag from /home/airflow/.local/lib/python3.7/site-packages/airflow/example_dags/example_kubernetes_executor.py
[2022-12-03T15:32:57.974+0000] {processor.py:753} INFO - DAG(s) dict_keys(['example_kubernetes_executor']) retrieved from /home/airflow/.local/lib/python3.7/site-packages/airflow/example_dags/example_kubernetes_executor.py
[2022-12-03T15:32:58.002+0000] {logging_mixin.py:137} INFO - [2022-12-03T15:32:58.001+0000] {dag.py:2676} INFO - Sync 1 DAGs
[2022-12-03T15:32:58.016+0000] {logging_mixin.py:137} INFO - [2022-12-03T15:32:58.015+0000] {dag.py:3427} INFO - Setting next_dagrun for example_kubernetes_executor to None, run_after=None
[2022-12-03T15:32:58.025+0000] {processor.py:175} INFO - Processing /home/airflow/.local/lib/python3.7/site-packages/airflow/example_dags/example_kubernetes_executor.py took 0.075 seconds
