[2022-12-03T15:08:53.083+0000] {processor.py:153} INFO - Started process (PID=274) to work on /home/airflow/.local/lib/python3.7/site-packages/airflow/example_dags/example_local_kubernetes_executor.py
[2022-12-03T15:08:53.085+0000] {processor.py:743} INFO - Processing file /home/airflow/.local/lib/python3.7/site-packages/airflow/example_dags/example_local_kubernetes_executor.py for tasks to queue
[2022-12-03T15:08:53.085+0000] {logging_mixin.py:137} INFO - [2022-12-03T15:08:53.085+0000] {dagbag.py:538} INFO - Filling up the DagBag from /home/airflow/.local/lib/python3.7/site-packages/airflow/example_dags/example_local_kubernetes_executor.py
[2022-12-03T15:08:53.103+0000] {processor.py:753} INFO - DAG(s) dict_keys(['example_local_kubernetes_executor']) retrieved from /home/airflow/.local/lib/python3.7/site-packages/airflow/example_dags/example_local_kubernetes_executor.py
[2022-12-03T15:08:53.124+0000] {logging_mixin.py:137} INFO - [2022-12-03T15:08:53.123+0000] {dag.py:2676} INFO - Sync 1 DAGs
[2022-12-03T15:08:53.141+0000] {logging_mixin.py:137} INFO - [2022-12-03T15:08:53.141+0000] {dag.py:3427} INFO - Setting next_dagrun for example_local_kubernetes_executor to None, run_after=None
[2022-12-03T15:08:53.155+0000] {processor.py:175} INFO - Processing /home/airflow/.local/lib/python3.7/site-packages/airflow/example_dags/example_local_kubernetes_executor.py took 0.074 seconds
[2022-12-03T15:09:23.424+0000] {processor.py:153} INFO - Started process (PID=500) to work on /home/airflow/.local/lib/python3.7/site-packages/airflow/example_dags/example_local_kubernetes_executor.py
[2022-12-03T15:09:23.425+0000] {processor.py:743} INFO - Processing file /home/airflow/.local/lib/python3.7/site-packages/airflow/example_dags/example_local_kubernetes_executor.py for tasks to queue
[2022-12-03T15:09:23.426+0000] {logging_mixin.py:137} INFO - [2022-12-03T15:09:23.426+0000] {dagbag.py:538} INFO - Filling up the DagBag from /home/airflow/.local/lib/python3.7/site-packages/airflow/example_dags/example_local_kubernetes_executor.py
[2022-12-03T15:09:23.442+0000] {processor.py:753} INFO - DAG(s) dict_keys(['example_local_kubernetes_executor']) retrieved from /home/airflow/.local/lib/python3.7/site-packages/airflow/example_dags/example_local_kubernetes_executor.py
[2022-12-03T15:09:23.460+0000] {logging_mixin.py:137} INFO - [2022-12-03T15:09:23.460+0000] {dag.py:2676} INFO - Sync 1 DAGs
[2022-12-03T15:09:23.476+0000] {logging_mixin.py:137} INFO - [2022-12-03T15:09:23.476+0000] {dag.py:3427} INFO - Setting next_dagrun for example_local_kubernetes_executor to None, run_after=None
[2022-12-03T15:09:23.487+0000] {processor.py:175} INFO - Processing /home/airflow/.local/lib/python3.7/site-packages/airflow/example_dags/example_local_kubernetes_executor.py took 0.065 seconds
[2022-12-03T15:09:53.706+0000] {processor.py:153} INFO - Started process (PID=713) to work on /home/airflow/.local/lib/python3.7/site-packages/airflow/example_dags/example_local_kubernetes_executor.py
[2022-12-03T15:09:53.707+0000] {processor.py:743} INFO - Processing file /home/airflow/.local/lib/python3.7/site-packages/airflow/example_dags/example_local_kubernetes_executor.py for tasks to queue
[2022-12-03T15:09:53.708+0000] {logging_mixin.py:137} INFO - [2022-12-03T15:09:53.708+0000] {dagbag.py:538} INFO - Filling up the DagBag from /home/airflow/.local/lib/python3.7/site-packages/airflow/example_dags/example_local_kubernetes_executor.py
[2022-12-03T15:09:53.723+0000] {processor.py:753} INFO - DAG(s) dict_keys(['example_local_kubernetes_executor']) retrieved from /home/airflow/.local/lib/python3.7/site-packages/airflow/example_dags/example_local_kubernetes_executor.py
[2022-12-03T15:09:53.750+0000] {logging_mixin.py:137} INFO - [2022-12-03T15:09:53.750+0000] {dag.py:2676} INFO - Sync 1 DAGs
[2022-12-03T15:09:53.764+0000] {logging_mixin.py:137} INFO - [2022-12-03T15:09:53.763+0000] {dag.py:3427} INFO - Setting next_dagrun for example_local_kubernetes_executor to None, run_after=None
[2022-12-03T15:09:53.775+0000] {processor.py:175} INFO - Processing /home/airflow/.local/lib/python3.7/site-packages/airflow/example_dags/example_local_kubernetes_executor.py took 0.071 seconds
[2022-12-03T15:10:52.011+0000] {processor.py:153} INFO - Started process (PID=274) to work on /home/airflow/.local/lib/python3.7/site-packages/airflow/example_dags/example_local_kubernetes_executor.py
[2022-12-03T15:10:52.013+0000] {processor.py:743} INFO - Processing file /home/airflow/.local/lib/python3.7/site-packages/airflow/example_dags/example_local_kubernetes_executor.py for tasks to queue
[2022-12-03T15:10:52.013+0000] {logging_mixin.py:137} INFO - [2022-12-03T15:10:52.013+0000] {dagbag.py:538} INFO - Filling up the DagBag from /home/airflow/.local/lib/python3.7/site-packages/airflow/example_dags/example_local_kubernetes_executor.py
[2022-12-03T15:10:52.031+0000] {processor.py:753} INFO - DAG(s) dict_keys(['example_local_kubernetes_executor']) retrieved from /home/airflow/.local/lib/python3.7/site-packages/airflow/example_dags/example_local_kubernetes_executor.py
[2022-12-03T15:10:52.054+0000] {logging_mixin.py:137} INFO - [2022-12-03T15:10:52.054+0000] {dag.py:2676} INFO - Sync 1 DAGs
[2022-12-03T15:10:52.076+0000] {logging_mixin.py:137} INFO - [2022-12-03T15:10:52.075+0000] {dag.py:3427} INFO - Setting next_dagrun for example_local_kubernetes_executor to None, run_after=None
[2022-12-03T15:10:52.090+0000] {processor.py:175} INFO - Processing /home/airflow/.local/lib/python3.7/site-packages/airflow/example_dags/example_local_kubernetes_executor.py took 0.081 seconds
[2022-12-03T15:11:22.520+0000] {processor.py:153} INFO - Started process (PID=500) to work on /home/airflow/.local/lib/python3.7/site-packages/airflow/example_dags/example_local_kubernetes_executor.py
[2022-12-03T15:11:22.521+0000] {processor.py:743} INFO - Processing file /home/airflow/.local/lib/python3.7/site-packages/airflow/example_dags/example_local_kubernetes_executor.py for tasks to queue
[2022-12-03T15:11:22.522+0000] {logging_mixin.py:137} INFO - [2022-12-03T15:11:22.522+0000] {dagbag.py:538} INFO - Filling up the DagBag from /home/airflow/.local/lib/python3.7/site-packages/airflow/example_dags/example_local_kubernetes_executor.py
[2022-12-03T15:11:22.537+0000] {processor.py:753} INFO - DAG(s) dict_keys(['example_local_kubernetes_executor']) retrieved from /home/airflow/.local/lib/python3.7/site-packages/airflow/example_dags/example_local_kubernetes_executor.py
[2022-12-03T15:11:22.563+0000] {logging_mixin.py:137} INFO - [2022-12-03T15:11:22.563+0000] {dag.py:2676} INFO - Sync 1 DAGs
[2022-12-03T15:11:22.577+0000] {logging_mixin.py:137} INFO - [2022-12-03T15:11:22.577+0000] {dag.py:3427} INFO - Setting next_dagrun for example_local_kubernetes_executor to None, run_after=None
[2022-12-03T15:11:22.589+0000] {processor.py:175} INFO - Processing /home/airflow/.local/lib/python3.7/site-packages/airflow/example_dags/example_local_kubernetes_executor.py took 0.072 seconds
[2022-12-03T15:11:53.140+0000] {processor.py:153} INFO - Started process (PID=727) to work on /home/airflow/.local/lib/python3.7/site-packages/airflow/example_dags/example_local_kubernetes_executor.py
[2022-12-03T15:11:53.142+0000] {processor.py:743} INFO - Processing file /home/airflow/.local/lib/python3.7/site-packages/airflow/example_dags/example_local_kubernetes_executor.py for tasks to queue
[2022-12-03T15:11:53.143+0000] {logging_mixin.py:137} INFO - [2022-12-03T15:11:53.142+0000] {dagbag.py:538} INFO - Filling up the DagBag from /home/airflow/.local/lib/python3.7/site-packages/airflow/example_dags/example_local_kubernetes_executor.py
[2022-12-03T15:11:53.161+0000] {processor.py:753} INFO - DAG(s) dict_keys(['example_local_kubernetes_executor']) retrieved from /home/airflow/.local/lib/python3.7/site-packages/airflow/example_dags/example_local_kubernetes_executor.py
[2022-12-03T15:11:53.195+0000] {logging_mixin.py:137} INFO - [2022-12-03T15:11:53.195+0000] {dag.py:2676} INFO - Sync 1 DAGs
[2022-12-03T15:11:53.212+0000] {logging_mixin.py:137} INFO - [2022-12-03T15:11:53.212+0000] {dag.py:3427} INFO - Setting next_dagrun for example_local_kubernetes_executor to None, run_after=None
[2022-12-03T15:11:53.230+0000] {processor.py:175} INFO - Processing /home/airflow/.local/lib/python3.7/site-packages/airflow/example_dags/example_local_kubernetes_executor.py took 0.094 seconds
[2022-12-03T15:12:23.422+0000] {processor.py:153} INFO - Started process (PID=942) to work on /home/airflow/.local/lib/python3.7/site-packages/airflow/example_dags/example_local_kubernetes_executor.py
[2022-12-03T15:12:23.423+0000] {processor.py:743} INFO - Processing file /home/airflow/.local/lib/python3.7/site-packages/airflow/example_dags/example_local_kubernetes_executor.py for tasks to queue
[2022-12-03T15:12:23.424+0000] {logging_mixin.py:137} INFO - [2022-12-03T15:12:23.423+0000] {dagbag.py:538} INFO - Filling up the DagBag from /home/airflow/.local/lib/python3.7/site-packages/airflow/example_dags/example_local_kubernetes_executor.py
[2022-12-03T15:12:23.440+0000] {processor.py:753} INFO - DAG(s) dict_keys(['example_local_kubernetes_executor']) retrieved from /home/airflow/.local/lib/python3.7/site-packages/airflow/example_dags/example_local_kubernetes_executor.py
[2022-12-03T15:12:23.458+0000] {logging_mixin.py:137} INFO - [2022-12-03T15:12:23.458+0000] {dag.py:2676} INFO - Sync 1 DAGs
[2022-12-03T15:12:23.473+0000] {logging_mixin.py:137} INFO - [2022-12-03T15:12:23.473+0000] {dag.py:3427} INFO - Setting next_dagrun for example_local_kubernetes_executor to None, run_after=None
[2022-12-03T15:12:23.483+0000] {processor.py:175} INFO - Processing /home/airflow/.local/lib/python3.7/site-packages/airflow/example_dags/example_local_kubernetes_executor.py took 0.064 seconds
[2022-12-03T15:12:53.600+0000] {processor.py:153} INFO - Started process (PID=1168) to work on /home/airflow/.local/lib/python3.7/site-packages/airflow/example_dags/example_local_kubernetes_executor.py
[2022-12-03T15:12:53.601+0000] {processor.py:743} INFO - Processing file /home/airflow/.local/lib/python3.7/site-packages/airflow/example_dags/example_local_kubernetes_executor.py for tasks to queue
[2022-12-03T15:12:53.603+0000] {logging_mixin.py:137} INFO - [2022-12-03T15:12:53.603+0000] {dagbag.py:538} INFO - Filling up the DagBag from /home/airflow/.local/lib/python3.7/site-packages/airflow/example_dags/example_local_kubernetes_executor.py
[2022-12-03T15:12:53.623+0000] {processor.py:753} INFO - DAG(s) dict_keys(['example_local_kubernetes_executor']) retrieved from /home/airflow/.local/lib/python3.7/site-packages/airflow/example_dags/example_local_kubernetes_executor.py
[2022-12-03T15:12:53.648+0000] {logging_mixin.py:137} INFO - [2022-12-03T15:12:53.648+0000] {dag.py:2676} INFO - Sync 1 DAGs
[2022-12-03T15:12:53.667+0000] {logging_mixin.py:137} INFO - [2022-12-03T15:12:53.667+0000] {dag.py:3427} INFO - Setting next_dagrun for example_local_kubernetes_executor to None, run_after=None
[2022-12-03T15:12:53.680+0000] {processor.py:175} INFO - Processing /home/airflow/.local/lib/python3.7/site-packages/airflow/example_dags/example_local_kubernetes_executor.py took 0.082 seconds
[2022-12-03T15:13:24.043+0000] {processor.py:153} INFO - Started process (PID=1391) to work on /home/airflow/.local/lib/python3.7/site-packages/airflow/example_dags/example_local_kubernetes_executor.py
[2022-12-03T15:13:24.045+0000] {processor.py:743} INFO - Processing file /home/airflow/.local/lib/python3.7/site-packages/airflow/example_dags/example_local_kubernetes_executor.py for tasks to queue
[2022-12-03T15:13:24.046+0000] {logging_mixin.py:137} INFO - [2022-12-03T15:13:24.046+0000] {dagbag.py:538} INFO - Filling up the DagBag from /home/airflow/.local/lib/python3.7/site-packages/airflow/example_dags/example_local_kubernetes_executor.py
[2022-12-03T15:13:24.062+0000] {processor.py:753} INFO - DAG(s) dict_keys(['example_local_kubernetes_executor']) retrieved from /home/airflow/.local/lib/python3.7/site-packages/airflow/example_dags/example_local_kubernetes_executor.py
[2022-12-03T15:13:24.092+0000] {logging_mixin.py:137} INFO - [2022-12-03T15:13:24.092+0000] {dag.py:2676} INFO - Sync 1 DAGs
[2022-12-03T15:13:24.107+0000] {logging_mixin.py:137} INFO - [2022-12-03T15:13:24.107+0000] {dag.py:3427} INFO - Setting next_dagrun for example_local_kubernetes_executor to None, run_after=None
[2022-12-03T15:13:24.118+0000] {processor.py:175} INFO - Processing /home/airflow/.local/lib/python3.7/site-packages/airflow/example_dags/example_local_kubernetes_executor.py took 0.078 seconds
[2022-12-03T15:13:54.718+0000] {processor.py:153} INFO - Started process (PID=1608) to work on /home/airflow/.local/lib/python3.7/site-packages/airflow/example_dags/example_local_kubernetes_executor.py
[2022-12-03T15:13:54.719+0000] {processor.py:743} INFO - Processing file /home/airflow/.local/lib/python3.7/site-packages/airflow/example_dags/example_local_kubernetes_executor.py for tasks to queue
[2022-12-03T15:13:54.720+0000] {logging_mixin.py:137} INFO - [2022-12-03T15:13:54.720+0000] {dagbag.py:538} INFO - Filling up the DagBag from /home/airflow/.local/lib/python3.7/site-packages/airflow/example_dags/example_local_kubernetes_executor.py
[2022-12-03T15:13:54.735+0000] {processor.py:753} INFO - DAG(s) dict_keys(['example_local_kubernetes_executor']) retrieved from /home/airflow/.local/lib/python3.7/site-packages/airflow/example_dags/example_local_kubernetes_executor.py
[2022-12-03T15:13:54.763+0000] {logging_mixin.py:137} INFO - [2022-12-03T15:13:54.763+0000] {dag.py:2676} INFO - Sync 1 DAGs
[2022-12-03T15:13:54.779+0000] {logging_mixin.py:137} INFO - [2022-12-03T15:13:54.779+0000] {dag.py:3427} INFO - Setting next_dagrun for example_local_kubernetes_executor to None, run_after=None
[2022-12-03T15:13:54.790+0000] {processor.py:175} INFO - Processing /home/airflow/.local/lib/python3.7/site-packages/airflow/example_dags/example_local_kubernetes_executor.py took 0.075 seconds
[2022-12-03T15:14:24.997+0000] {processor.py:153} INFO - Started process (PID=1834) to work on /home/airflow/.local/lib/python3.7/site-packages/airflow/example_dags/example_local_kubernetes_executor.py
[2022-12-03T15:14:24.999+0000] {processor.py:743} INFO - Processing file /home/airflow/.local/lib/python3.7/site-packages/airflow/example_dags/example_local_kubernetes_executor.py for tasks to queue
[2022-12-03T15:14:24.999+0000] {logging_mixin.py:137} INFO - [2022-12-03T15:14:24.999+0000] {dagbag.py:538} INFO - Filling up the DagBag from /home/airflow/.local/lib/python3.7/site-packages/airflow/example_dags/example_local_kubernetes_executor.py
[2022-12-03T15:14:25.014+0000] {processor.py:753} INFO - DAG(s) dict_keys(['example_local_kubernetes_executor']) retrieved from /home/airflow/.local/lib/python3.7/site-packages/airflow/example_dags/example_local_kubernetes_executor.py
[2022-12-03T15:14:25.041+0000] {logging_mixin.py:137} INFO - [2022-12-03T15:14:25.040+0000] {dag.py:2676} INFO - Sync 1 DAGs
[2022-12-03T15:14:25.055+0000] {logging_mixin.py:137} INFO - [2022-12-03T15:14:25.055+0000] {dag.py:3427} INFO - Setting next_dagrun for example_local_kubernetes_executor to None, run_after=None
[2022-12-03T15:14:25.066+0000] {processor.py:175} INFO - Processing /home/airflow/.local/lib/python3.7/site-packages/airflow/example_dags/example_local_kubernetes_executor.py took 0.071 seconds
[2022-12-03T15:15:12.154+0000] {processor.py:153} INFO - Started process (PID=273) to work on /home/airflow/.local/lib/python3.7/site-packages/airflow/example_dags/example_local_kubernetes_executor.py
[2022-12-03T15:15:12.156+0000] {processor.py:743} INFO - Processing file /home/airflow/.local/lib/python3.7/site-packages/airflow/example_dags/example_local_kubernetes_executor.py for tasks to queue
[2022-12-03T15:15:12.157+0000] {logging_mixin.py:137} INFO - [2022-12-03T15:15:12.157+0000] {dagbag.py:538} INFO - Filling up the DagBag from /home/airflow/.local/lib/python3.7/site-packages/airflow/example_dags/example_local_kubernetes_executor.py
[2022-12-03T15:15:12.176+0000] {processor.py:753} INFO - DAG(s) dict_keys(['example_local_kubernetes_executor']) retrieved from /home/airflow/.local/lib/python3.7/site-packages/airflow/example_dags/example_local_kubernetes_executor.py
[2022-12-03T15:15:12.205+0000] {logging_mixin.py:137} INFO - [2022-12-03T15:15:12.205+0000] {dag.py:2676} INFO - Sync 1 DAGs
[2022-12-03T15:15:12.230+0000] {logging_mixin.py:137} INFO - [2022-12-03T15:15:12.230+0000] {dag.py:3427} INFO - Setting next_dagrun for example_local_kubernetes_executor to None, run_after=None
[2022-12-03T15:15:12.243+0000] {processor.py:175} INFO - Processing /home/airflow/.local/lib/python3.7/site-packages/airflow/example_dags/example_local_kubernetes_executor.py took 0.094 seconds
[2022-12-03T15:21:18.763+0000] {processor.py:153} INFO - Started process (PID=273) to work on /home/airflow/.local/lib/python3.7/site-packages/airflow/example_dags/example_local_kubernetes_executor.py
[2022-12-03T15:21:18.764+0000] {processor.py:743} INFO - Processing file /home/airflow/.local/lib/python3.7/site-packages/airflow/example_dags/example_local_kubernetes_executor.py for tasks to queue
[2022-12-03T15:21:18.765+0000] {logging_mixin.py:137} INFO - [2022-12-03T15:21:18.765+0000] {dagbag.py:538} INFO - Filling up the DagBag from /home/airflow/.local/lib/python3.7/site-packages/airflow/example_dags/example_local_kubernetes_executor.py
[2022-12-03T15:21:18.782+0000] {processor.py:753} INFO - DAG(s) dict_keys(['example_local_kubernetes_executor']) retrieved from /home/airflow/.local/lib/python3.7/site-packages/airflow/example_dags/example_local_kubernetes_executor.py
[2022-12-03T15:21:18.802+0000] {logging_mixin.py:137} INFO - [2022-12-03T15:21:18.801+0000] {dag.py:2676} INFO - Sync 1 DAGs
[2022-12-03T15:21:18.820+0000] {logging_mixin.py:137} INFO - [2022-12-03T15:21:18.820+0000] {dag.py:3427} INFO - Setting next_dagrun for example_local_kubernetes_executor to None, run_after=None
[2022-12-03T15:21:18.840+0000] {processor.py:175} INFO - Processing /home/airflow/.local/lib/python3.7/site-packages/airflow/example_dags/example_local_kubernetes_executor.py took 0.079 seconds
[2022-12-03T15:21:48.997+0000] {processor.py:153} INFO - Started process (PID=497) to work on /home/airflow/.local/lib/python3.7/site-packages/airflow/example_dags/example_local_kubernetes_executor.py
[2022-12-03T15:21:48.998+0000] {processor.py:743} INFO - Processing file /home/airflow/.local/lib/python3.7/site-packages/airflow/example_dags/example_local_kubernetes_executor.py for tasks to queue
[2022-12-03T15:21:48.999+0000] {logging_mixin.py:137} INFO - [2022-12-03T15:21:48.999+0000] {dagbag.py:538} INFO - Filling up the DagBag from /home/airflow/.local/lib/python3.7/site-packages/airflow/example_dags/example_local_kubernetes_executor.py
[2022-12-03T15:21:49.014+0000] {processor.py:753} INFO - DAG(s) dict_keys(['example_local_kubernetes_executor']) retrieved from /home/airflow/.local/lib/python3.7/site-packages/airflow/example_dags/example_local_kubernetes_executor.py
[2022-12-03T15:21:49.040+0000] {logging_mixin.py:137} INFO - [2022-12-03T15:21:49.040+0000] {dag.py:2676} INFO - Sync 1 DAGs
[2022-12-03T15:21:49.054+0000] {logging_mixin.py:137} INFO - [2022-12-03T15:21:49.054+0000] {dag.py:3427} INFO - Setting next_dagrun for example_local_kubernetes_executor to None, run_after=None
[2022-12-03T15:21:49.066+0000] {processor.py:175} INFO - Processing /home/airflow/.local/lib/python3.7/site-packages/airflow/example_dags/example_local_kubernetes_executor.py took 0.071 seconds
[2022-12-03T15:22:19.215+0000] {processor.py:153} INFO - Started process (PID=710) to work on /home/airflow/.local/lib/python3.7/site-packages/airflow/example_dags/example_local_kubernetes_executor.py
[2022-12-03T15:22:19.216+0000] {processor.py:743} INFO - Processing file /home/airflow/.local/lib/python3.7/site-packages/airflow/example_dags/example_local_kubernetes_executor.py for tasks to queue
[2022-12-03T15:22:19.217+0000] {logging_mixin.py:137} INFO - [2022-12-03T15:22:19.217+0000] {dagbag.py:538} INFO - Filling up the DagBag from /home/airflow/.local/lib/python3.7/site-packages/airflow/example_dags/example_local_kubernetes_executor.py
[2022-12-03T15:22:19.232+0000] {processor.py:753} INFO - DAG(s) dict_keys(['example_local_kubernetes_executor']) retrieved from /home/airflow/.local/lib/python3.7/site-packages/airflow/example_dags/example_local_kubernetes_executor.py
[2022-12-03T15:22:19.258+0000] {logging_mixin.py:137} INFO - [2022-12-03T15:22:19.258+0000] {dag.py:2676} INFO - Sync 1 DAGs
[2022-12-03T15:22:19.272+0000] {logging_mixin.py:137} INFO - [2022-12-03T15:22:19.272+0000] {dag.py:3427} INFO - Setting next_dagrun for example_local_kubernetes_executor to None, run_after=None
[2022-12-03T15:22:19.284+0000] {processor.py:175} INFO - Processing /home/airflow/.local/lib/python3.7/site-packages/airflow/example_dags/example_local_kubernetes_executor.py took 0.072 seconds
[2022-12-03T15:22:49.872+0000] {processor.py:153} INFO - Started process (PID=936) to work on /home/airflow/.local/lib/python3.7/site-packages/airflow/example_dags/example_local_kubernetes_executor.py
[2022-12-03T15:22:49.875+0000] {processor.py:743} INFO - Processing file /home/airflow/.local/lib/python3.7/site-packages/airflow/example_dags/example_local_kubernetes_executor.py for tasks to queue
[2022-12-03T15:22:49.877+0000] {logging_mixin.py:137} INFO - [2022-12-03T15:22:49.876+0000] {dagbag.py:538} INFO - Filling up the DagBag from /home/airflow/.local/lib/python3.7/site-packages/airflow/example_dags/example_local_kubernetes_executor.py
[2022-12-03T15:22:49.895+0000] {processor.py:753} INFO - DAG(s) dict_keys(['example_local_kubernetes_executor']) retrieved from /home/airflow/.local/lib/python3.7/site-packages/airflow/example_dags/example_local_kubernetes_executor.py
[2022-12-03T15:22:49.927+0000] {logging_mixin.py:137} INFO - [2022-12-03T15:22:49.927+0000] {dag.py:2676} INFO - Sync 1 DAGs
[2022-12-03T15:22:49.948+0000] {logging_mixin.py:137} INFO - [2022-12-03T15:22:49.947+0000] {dag.py:3427} INFO - Setting next_dagrun for example_local_kubernetes_executor to None, run_after=None
[2022-12-03T15:22:49.968+0000] {processor.py:175} INFO - Processing /home/airflow/.local/lib/python3.7/site-packages/airflow/example_dags/example_local_kubernetes_executor.py took 0.100 seconds
[2022-12-03T15:23:20.646+0000] {processor.py:153} INFO - Started process (PID=1163) to work on /home/airflow/.local/lib/python3.7/site-packages/airflow/example_dags/example_local_kubernetes_executor.py
[2022-12-03T15:23:20.647+0000] {processor.py:743} INFO - Processing file /home/airflow/.local/lib/python3.7/site-packages/airflow/example_dags/example_local_kubernetes_executor.py for tasks to queue
[2022-12-03T15:23:20.648+0000] {logging_mixin.py:137} INFO - [2022-12-03T15:23:20.648+0000] {dagbag.py:538} INFO - Filling up the DagBag from /home/airflow/.local/lib/python3.7/site-packages/airflow/example_dags/example_local_kubernetes_executor.py
[2022-12-03T15:23:20.665+0000] {processor.py:753} INFO - DAG(s) dict_keys(['example_local_kubernetes_executor']) retrieved from /home/airflow/.local/lib/python3.7/site-packages/airflow/example_dags/example_local_kubernetes_executor.py
[2022-12-03T15:23:20.696+0000] {logging_mixin.py:137} INFO - [2022-12-03T15:23:20.696+0000] {dag.py:2676} INFO - Sync 1 DAGs
[2022-12-03T15:23:20.713+0000] {logging_mixin.py:137} INFO - [2022-12-03T15:23:20.713+0000] {dag.py:3427} INFO - Setting next_dagrun for example_local_kubernetes_executor to None, run_after=None
[2022-12-03T15:23:20.725+0000] {processor.py:175} INFO - Processing /home/airflow/.local/lib/python3.7/site-packages/airflow/example_dags/example_local_kubernetes_executor.py took 0.082 seconds
[2022-12-03T15:23:51.118+0000] {processor.py:153} INFO - Started process (PID=1377) to work on /home/airflow/.local/lib/python3.7/site-packages/airflow/example_dags/example_local_kubernetes_executor.py
[2022-12-03T15:23:51.119+0000] {processor.py:743} INFO - Processing file /home/airflow/.local/lib/python3.7/site-packages/airflow/example_dags/example_local_kubernetes_executor.py for tasks to queue
[2022-12-03T15:23:51.120+0000] {logging_mixin.py:137} INFO - [2022-12-03T15:23:51.120+0000] {dagbag.py:538} INFO - Filling up the DagBag from /home/airflow/.local/lib/python3.7/site-packages/airflow/example_dags/example_local_kubernetes_executor.py
[2022-12-03T15:23:51.136+0000] {processor.py:753} INFO - DAG(s) dict_keys(['example_local_kubernetes_executor']) retrieved from /home/airflow/.local/lib/python3.7/site-packages/airflow/example_dags/example_local_kubernetes_executor.py
[2022-12-03T15:23:51.167+0000] {logging_mixin.py:137} INFO - [2022-12-03T15:23:51.167+0000] {dag.py:2676} INFO - Sync 1 DAGs
[2022-12-03T15:23:51.184+0000] {logging_mixin.py:137} INFO - [2022-12-03T15:23:51.184+0000] {dag.py:3427} INFO - Setting next_dagrun for example_local_kubernetes_executor to None, run_after=None
[2022-12-03T15:23:51.194+0000] {processor.py:175} INFO - Processing /home/airflow/.local/lib/python3.7/site-packages/airflow/example_dags/example_local_kubernetes_executor.py took 0.080 seconds
[2022-12-03T15:24:21.496+0000] {processor.py:153} INFO - Started process (PID=1604) to work on /home/airflow/.local/lib/python3.7/site-packages/airflow/example_dags/example_local_kubernetes_executor.py
[2022-12-03T15:24:21.497+0000] {processor.py:743} INFO - Processing file /home/airflow/.local/lib/python3.7/site-packages/airflow/example_dags/example_local_kubernetes_executor.py for tasks to queue
[2022-12-03T15:24:21.498+0000] {logging_mixin.py:137} INFO - [2022-12-03T15:24:21.498+0000] {dagbag.py:538} INFO - Filling up the DagBag from /home/airflow/.local/lib/python3.7/site-packages/airflow/example_dags/example_local_kubernetes_executor.py
[2022-12-03T15:24:21.513+0000] {processor.py:753} INFO - DAG(s) dict_keys(['example_local_kubernetes_executor']) retrieved from /home/airflow/.local/lib/python3.7/site-packages/airflow/example_dags/example_local_kubernetes_executor.py
[2022-12-03T15:24:21.542+0000] {logging_mixin.py:137} INFO - [2022-12-03T15:24:21.542+0000] {dag.py:2676} INFO - Sync 1 DAGs
[2022-12-03T15:24:21.557+0000] {logging_mixin.py:137} INFO - [2022-12-03T15:24:21.557+0000] {dag.py:3427} INFO - Setting next_dagrun for example_local_kubernetes_executor to None, run_after=None
[2022-12-03T15:24:21.568+0000] {processor.py:175} INFO - Processing /home/airflow/.local/lib/python3.7/site-packages/airflow/example_dags/example_local_kubernetes_executor.py took 0.074 seconds
[2022-12-03T15:24:52.032+0000] {processor.py:153} INFO - Started process (PID=1829) to work on /home/airflow/.local/lib/python3.7/site-packages/airflow/example_dags/example_local_kubernetes_executor.py
[2022-12-03T15:24:52.033+0000] {processor.py:743} INFO - Processing file /home/airflow/.local/lib/python3.7/site-packages/airflow/example_dags/example_local_kubernetes_executor.py for tasks to queue
[2022-12-03T15:24:52.034+0000] {logging_mixin.py:137} INFO - [2022-12-03T15:24:52.034+0000] {dagbag.py:538} INFO - Filling up the DagBag from /home/airflow/.local/lib/python3.7/site-packages/airflow/example_dags/example_local_kubernetes_executor.py
[2022-12-03T15:24:52.049+0000] {processor.py:753} INFO - DAG(s) dict_keys(['example_local_kubernetes_executor']) retrieved from /home/airflow/.local/lib/python3.7/site-packages/airflow/example_dags/example_local_kubernetes_executor.py
[2022-12-03T15:24:52.077+0000] {logging_mixin.py:137} INFO - [2022-12-03T15:24:52.076+0000] {dag.py:2676} INFO - Sync 1 DAGs
[2022-12-03T15:24:52.092+0000] {logging_mixin.py:137} INFO - [2022-12-03T15:24:52.092+0000] {dag.py:3427} INFO - Setting next_dagrun for example_local_kubernetes_executor to None, run_after=None
[2022-12-03T15:24:52.102+0000] {processor.py:175} INFO - Processing /home/airflow/.local/lib/python3.7/site-packages/airflow/example_dags/example_local_kubernetes_executor.py took 0.073 seconds
[2022-12-03T15:25:22.269+0000] {processor.py:153} INFO - Started process (PID=2044) to work on /home/airflow/.local/lib/python3.7/site-packages/airflow/example_dags/example_local_kubernetes_executor.py
[2022-12-03T15:25:22.270+0000] {processor.py:743} INFO - Processing file /home/airflow/.local/lib/python3.7/site-packages/airflow/example_dags/example_local_kubernetes_executor.py for tasks to queue
[2022-12-03T15:25:22.271+0000] {logging_mixin.py:137} INFO - [2022-12-03T15:25:22.271+0000] {dagbag.py:538} INFO - Filling up the DagBag from /home/airflow/.local/lib/python3.7/site-packages/airflow/example_dags/example_local_kubernetes_executor.py
[2022-12-03T15:25:22.285+0000] {processor.py:753} INFO - DAG(s) dict_keys(['example_local_kubernetes_executor']) retrieved from /home/airflow/.local/lib/python3.7/site-packages/airflow/example_dags/example_local_kubernetes_executor.py
[2022-12-03T15:25:22.312+0000] {logging_mixin.py:137} INFO - [2022-12-03T15:25:22.312+0000] {dag.py:2676} INFO - Sync 1 DAGs
[2022-12-03T15:25:22.326+0000] {logging_mixin.py:137} INFO - [2022-12-03T15:25:22.326+0000] {dag.py:3427} INFO - Setting next_dagrun for example_local_kubernetes_executor to None, run_after=None
[2022-12-03T15:25:22.337+0000] {processor.py:175} INFO - Processing /home/airflow/.local/lib/python3.7/site-packages/airflow/example_dags/example_local_kubernetes_executor.py took 0.071 seconds
[2022-12-03T15:25:52.605+0000] {processor.py:153} INFO - Started process (PID=2270) to work on /home/airflow/.local/lib/python3.7/site-packages/airflow/example_dags/example_local_kubernetes_executor.py
[2022-12-03T15:25:52.606+0000] {processor.py:743} INFO - Processing file /home/airflow/.local/lib/python3.7/site-packages/airflow/example_dags/example_local_kubernetes_executor.py for tasks to queue
[2022-12-03T15:25:52.607+0000] {logging_mixin.py:137} INFO - [2022-12-03T15:25:52.607+0000] {dagbag.py:538} INFO - Filling up the DagBag from /home/airflow/.local/lib/python3.7/site-packages/airflow/example_dags/example_local_kubernetes_executor.py
[2022-12-03T15:25:52.622+0000] {processor.py:753} INFO - DAG(s) dict_keys(['example_local_kubernetes_executor']) retrieved from /home/airflow/.local/lib/python3.7/site-packages/airflow/example_dags/example_local_kubernetes_executor.py
[2022-12-03T15:25:52.648+0000] {logging_mixin.py:137} INFO - [2022-12-03T15:25:52.648+0000] {dag.py:2676} INFO - Sync 1 DAGs
[2022-12-03T15:25:52.661+0000] {logging_mixin.py:137} INFO - [2022-12-03T15:25:52.661+0000] {dag.py:3427} INFO - Setting next_dagrun for example_local_kubernetes_executor to None, run_after=None
[2022-12-03T15:25:52.671+0000] {processor.py:175} INFO - Processing /home/airflow/.local/lib/python3.7/site-packages/airflow/example_dags/example_local_kubernetes_executor.py took 0.069 seconds
[2022-12-03T15:26:23.107+0000] {processor.py:153} INFO - Started process (PID=2495) to work on /home/airflow/.local/lib/python3.7/site-packages/airflow/example_dags/example_local_kubernetes_executor.py
[2022-12-03T15:26:23.109+0000] {processor.py:743} INFO - Processing file /home/airflow/.local/lib/python3.7/site-packages/airflow/example_dags/example_local_kubernetes_executor.py for tasks to queue
[2022-12-03T15:26:23.109+0000] {logging_mixin.py:137} INFO - [2022-12-03T15:26:23.109+0000] {dagbag.py:538} INFO - Filling up the DagBag from /home/airflow/.local/lib/python3.7/site-packages/airflow/example_dags/example_local_kubernetes_executor.py
[2022-12-03T15:26:23.124+0000] {processor.py:753} INFO - DAG(s) dict_keys(['example_local_kubernetes_executor']) retrieved from /home/airflow/.local/lib/python3.7/site-packages/airflow/example_dags/example_local_kubernetes_executor.py
[2022-12-03T15:26:23.153+0000] {logging_mixin.py:137} INFO - [2022-12-03T15:26:23.153+0000] {dag.py:2676} INFO - Sync 1 DAGs
[2022-12-03T15:26:23.168+0000] {logging_mixin.py:137} INFO - [2022-12-03T15:26:23.168+0000] {dag.py:3427} INFO - Setting next_dagrun for example_local_kubernetes_executor to None, run_after=None
[2022-12-03T15:26:23.178+0000] {processor.py:175} INFO - Processing /home/airflow/.local/lib/python3.7/site-packages/airflow/example_dags/example_local_kubernetes_executor.py took 0.073 seconds
[2022-12-03T15:26:53.289+0000] {processor.py:153} INFO - Started process (PID=2709) to work on /home/airflow/.local/lib/python3.7/site-packages/airflow/example_dags/example_local_kubernetes_executor.py
[2022-12-03T15:26:53.291+0000] {processor.py:743} INFO - Processing file /home/airflow/.local/lib/python3.7/site-packages/airflow/example_dags/example_local_kubernetes_executor.py for tasks to queue
[2022-12-03T15:26:53.291+0000] {logging_mixin.py:137} INFO - [2022-12-03T15:26:53.291+0000] {dagbag.py:538} INFO - Filling up the DagBag from /home/airflow/.local/lib/python3.7/site-packages/airflow/example_dags/example_local_kubernetes_executor.py
[2022-12-03T15:26:53.306+0000] {processor.py:753} INFO - DAG(s) dict_keys(['example_local_kubernetes_executor']) retrieved from /home/airflow/.local/lib/python3.7/site-packages/airflow/example_dags/example_local_kubernetes_executor.py
[2022-12-03T15:26:53.333+0000] {logging_mixin.py:137} INFO - [2022-12-03T15:26:53.332+0000] {dag.py:2676} INFO - Sync 1 DAGs
[2022-12-03T15:26:53.349+0000] {logging_mixin.py:137} INFO - [2022-12-03T15:26:53.349+0000] {dag.py:3427} INFO - Setting next_dagrun for example_local_kubernetes_executor to None, run_after=None
[2022-12-03T15:26:53.361+0000] {processor.py:175} INFO - Processing /home/airflow/.local/lib/python3.7/site-packages/airflow/example_dags/example_local_kubernetes_executor.py took 0.075 seconds
[2022-12-03T15:27:24.573+0000] {processor.py:153} INFO - Started process (PID=2935) to work on /home/airflow/.local/lib/python3.7/site-packages/airflow/example_dags/example_local_kubernetes_executor.py
[2022-12-03T15:27:24.574+0000] {processor.py:743} INFO - Processing file /home/airflow/.local/lib/python3.7/site-packages/airflow/example_dags/example_local_kubernetes_executor.py for tasks to queue
[2022-12-03T15:27:24.575+0000] {logging_mixin.py:137} INFO - [2022-12-03T15:27:24.575+0000] {dagbag.py:538} INFO - Filling up the DagBag from /home/airflow/.local/lib/python3.7/site-packages/airflow/example_dags/example_local_kubernetes_executor.py
[2022-12-03T15:27:24.590+0000] {processor.py:753} INFO - DAG(s) dict_keys(['example_local_kubernetes_executor']) retrieved from /home/airflow/.local/lib/python3.7/site-packages/airflow/example_dags/example_local_kubernetes_executor.py
[2022-12-03T15:27:24.625+0000] {logging_mixin.py:137} INFO - [2022-12-03T15:27:24.625+0000] {dag.py:2676} INFO - Sync 1 DAGs
[2022-12-03T15:27:24.641+0000] {logging_mixin.py:137} INFO - [2022-12-03T15:27:24.641+0000] {dag.py:3427} INFO - Setting next_dagrun for example_local_kubernetes_executor to None, run_after=None
[2022-12-03T15:27:24.652+0000] {processor.py:175} INFO - Processing /home/airflow/.local/lib/python3.7/site-packages/airflow/example_dags/example_local_kubernetes_executor.py took 0.081 seconds
[2022-12-03T15:27:54.842+0000] {processor.py:153} INFO - Started process (PID=3162) to work on /home/airflow/.local/lib/python3.7/site-packages/airflow/example_dags/example_local_kubernetes_executor.py
[2022-12-03T15:27:54.843+0000] {processor.py:743} INFO - Processing file /home/airflow/.local/lib/python3.7/site-packages/airflow/example_dags/example_local_kubernetes_executor.py for tasks to queue
[2022-12-03T15:27:54.844+0000] {logging_mixin.py:137} INFO - [2022-12-03T15:27:54.844+0000] {dagbag.py:538} INFO - Filling up the DagBag from /home/airflow/.local/lib/python3.7/site-packages/airflow/example_dags/example_local_kubernetes_executor.py
[2022-12-03T15:27:54.859+0000] {processor.py:753} INFO - DAG(s) dict_keys(['example_local_kubernetes_executor']) retrieved from /home/airflow/.local/lib/python3.7/site-packages/airflow/example_dags/example_local_kubernetes_executor.py
[2022-12-03T15:27:54.885+0000] {logging_mixin.py:137} INFO - [2022-12-03T15:27:54.885+0000] {dag.py:2676} INFO - Sync 1 DAGs
[2022-12-03T15:27:54.899+0000] {logging_mixin.py:137} INFO - [2022-12-03T15:27:54.899+0000] {dag.py:3427} INFO - Setting next_dagrun for example_local_kubernetes_executor to None, run_after=None
[2022-12-03T15:27:54.908+0000] {processor.py:175} INFO - Processing /home/airflow/.local/lib/python3.7/site-packages/airflow/example_dags/example_local_kubernetes_executor.py took 0.069 seconds
[2022-12-03T15:28:25.225+0000] {processor.py:153} INFO - Started process (PID=3375) to work on /home/airflow/.local/lib/python3.7/site-packages/airflow/example_dags/example_local_kubernetes_executor.py
[2022-12-03T15:28:25.226+0000] {processor.py:743} INFO - Processing file /home/airflow/.local/lib/python3.7/site-packages/airflow/example_dags/example_local_kubernetes_executor.py for tasks to queue
[2022-12-03T15:28:25.227+0000] {logging_mixin.py:137} INFO - [2022-12-03T15:28:25.227+0000] {dagbag.py:538} INFO - Filling up the DagBag from /home/airflow/.local/lib/python3.7/site-packages/airflow/example_dags/example_local_kubernetes_executor.py
[2022-12-03T15:28:25.242+0000] {processor.py:753} INFO - DAG(s) dict_keys(['example_local_kubernetes_executor']) retrieved from /home/airflow/.local/lib/python3.7/site-packages/airflow/example_dags/example_local_kubernetes_executor.py
[2022-12-03T15:28:25.268+0000] {logging_mixin.py:137} INFO - [2022-12-03T15:28:25.268+0000] {dag.py:2676} INFO - Sync 1 DAGs
[2022-12-03T15:28:25.282+0000] {logging_mixin.py:137} INFO - [2022-12-03T15:28:25.281+0000] {dag.py:3427} INFO - Setting next_dagrun for example_local_kubernetes_executor to None, run_after=None
[2022-12-03T15:28:25.291+0000] {processor.py:175} INFO - Processing /home/airflow/.local/lib/python3.7/site-packages/airflow/example_dags/example_local_kubernetes_executor.py took 0.069 seconds
[2022-12-03T15:28:55.838+0000] {processor.py:153} INFO - Started process (PID=3600) to work on /home/airflow/.local/lib/python3.7/site-packages/airflow/example_dags/example_local_kubernetes_executor.py
[2022-12-03T15:28:55.839+0000] {processor.py:743} INFO - Processing file /home/airflow/.local/lib/python3.7/site-packages/airflow/example_dags/example_local_kubernetes_executor.py for tasks to queue
[2022-12-03T15:28:55.840+0000] {logging_mixin.py:137} INFO - [2022-12-03T15:28:55.840+0000] {dagbag.py:538} INFO - Filling up the DagBag from /home/airflow/.local/lib/python3.7/site-packages/airflow/example_dags/example_local_kubernetes_executor.py
[2022-12-03T15:28:55.855+0000] {processor.py:753} INFO - DAG(s) dict_keys(['example_local_kubernetes_executor']) retrieved from /home/airflow/.local/lib/python3.7/site-packages/airflow/example_dags/example_local_kubernetes_executor.py
[2022-12-03T15:28:55.882+0000] {logging_mixin.py:137} INFO - [2022-12-03T15:28:55.882+0000] {dag.py:2676} INFO - Sync 1 DAGs
[2022-12-03T15:28:55.898+0000] {logging_mixin.py:137} INFO - [2022-12-03T15:28:55.898+0000] {dag.py:3427} INFO - Setting next_dagrun for example_local_kubernetes_executor to None, run_after=None
[2022-12-03T15:28:55.908+0000] {processor.py:175} INFO - Processing /home/airflow/.local/lib/python3.7/site-packages/airflow/example_dags/example_local_kubernetes_executor.py took 0.073 seconds
[2022-12-03T15:29:25.970+0000] {processor.py:153} INFO - Started process (PID=3826) to work on /home/airflow/.local/lib/python3.7/site-packages/airflow/example_dags/example_local_kubernetes_executor.py
[2022-12-03T15:29:25.971+0000] {processor.py:743} INFO - Processing file /home/airflow/.local/lib/python3.7/site-packages/airflow/example_dags/example_local_kubernetes_executor.py for tasks to queue
[2022-12-03T15:29:25.972+0000] {logging_mixin.py:137} INFO - [2022-12-03T15:29:25.972+0000] {dagbag.py:538} INFO - Filling up the DagBag from /home/airflow/.local/lib/python3.7/site-packages/airflow/example_dags/example_local_kubernetes_executor.py
[2022-12-03T15:29:25.986+0000] {processor.py:753} INFO - DAG(s) dict_keys(['example_local_kubernetes_executor']) retrieved from /home/airflow/.local/lib/python3.7/site-packages/airflow/example_dags/example_local_kubernetes_executor.py
[2022-12-03T15:29:26.014+0000] {logging_mixin.py:137} INFO - [2022-12-03T15:29:26.014+0000] {dag.py:2676} INFO - Sync 1 DAGs
[2022-12-03T15:29:26.030+0000] {logging_mixin.py:137} INFO - [2022-12-03T15:29:26.029+0000] {dag.py:3427} INFO - Setting next_dagrun for example_local_kubernetes_executor to None, run_after=None
[2022-12-03T15:29:26.040+0000] {processor.py:175} INFO - Processing /home/airflow/.local/lib/python3.7/site-packages/airflow/example_dags/example_local_kubernetes_executor.py took 0.072 seconds
[2022-12-03T15:29:56.208+0000] {processor.py:153} INFO - Started process (PID=4051) to work on /home/airflow/.local/lib/python3.7/site-packages/airflow/example_dags/example_local_kubernetes_executor.py
[2022-12-03T15:29:56.209+0000] {processor.py:743} INFO - Processing file /home/airflow/.local/lib/python3.7/site-packages/airflow/example_dags/example_local_kubernetes_executor.py for tasks to queue
[2022-12-03T15:29:56.210+0000] {logging_mixin.py:137} INFO - [2022-12-03T15:29:56.210+0000] {dagbag.py:538} INFO - Filling up the DagBag from /home/airflow/.local/lib/python3.7/site-packages/airflow/example_dags/example_local_kubernetes_executor.py
[2022-12-03T15:29:56.226+0000] {processor.py:753} INFO - DAG(s) dict_keys(['example_local_kubernetes_executor']) retrieved from /home/airflow/.local/lib/python3.7/site-packages/airflow/example_dags/example_local_kubernetes_executor.py
[2022-12-03T15:29:56.256+0000] {logging_mixin.py:137} INFO - [2022-12-03T15:29:56.256+0000] {dag.py:2676} INFO - Sync 1 DAGs
[2022-12-03T15:29:56.272+0000] {logging_mixin.py:137} INFO - [2022-12-03T15:29:56.272+0000] {dag.py:3427} INFO - Setting next_dagrun for example_local_kubernetes_executor to None, run_after=None
[2022-12-03T15:29:56.283+0000] {processor.py:175} INFO - Processing /home/airflow/.local/lib/python3.7/site-packages/airflow/example_dags/example_local_kubernetes_executor.py took 0.081 seconds
[2022-12-03T15:30:26.727+0000] {processor.py:153} INFO - Started process (PID=4266) to work on /home/airflow/.local/lib/python3.7/site-packages/airflow/example_dags/example_local_kubernetes_executor.py
[2022-12-03T15:30:26.728+0000] {processor.py:743} INFO - Processing file /home/airflow/.local/lib/python3.7/site-packages/airflow/example_dags/example_local_kubernetes_executor.py for tasks to queue
[2022-12-03T15:30:26.729+0000] {logging_mixin.py:137} INFO - [2022-12-03T15:30:26.729+0000] {dagbag.py:538} INFO - Filling up the DagBag from /home/airflow/.local/lib/python3.7/site-packages/airflow/example_dags/example_local_kubernetes_executor.py
[2022-12-03T15:30:26.744+0000] {processor.py:753} INFO - DAG(s) dict_keys(['example_local_kubernetes_executor']) retrieved from /home/airflow/.local/lib/python3.7/site-packages/airflow/example_dags/example_local_kubernetes_executor.py
[2022-12-03T15:30:26.772+0000] {logging_mixin.py:137} INFO - [2022-12-03T15:30:26.772+0000] {dag.py:2676} INFO - Sync 1 DAGs
[2022-12-03T15:30:26.786+0000] {logging_mixin.py:137} INFO - [2022-12-03T15:30:26.786+0000] {dag.py:3427} INFO - Setting next_dagrun for example_local_kubernetes_executor to None, run_after=None
[2022-12-03T15:30:26.798+0000] {processor.py:175} INFO - Processing /home/airflow/.local/lib/python3.7/site-packages/airflow/example_dags/example_local_kubernetes_executor.py took 0.074 seconds
[2022-12-03T15:30:57.034+0000] {processor.py:153} INFO - Started process (PID=4492) to work on /home/airflow/.local/lib/python3.7/site-packages/airflow/example_dags/example_local_kubernetes_executor.py
[2022-12-03T15:30:57.035+0000] {processor.py:743} INFO - Processing file /home/airflow/.local/lib/python3.7/site-packages/airflow/example_dags/example_local_kubernetes_executor.py for tasks to queue
[2022-12-03T15:30:57.036+0000] {logging_mixin.py:137} INFO - [2022-12-03T15:30:57.036+0000] {dagbag.py:538} INFO - Filling up the DagBag from /home/airflow/.local/lib/python3.7/site-packages/airflow/example_dags/example_local_kubernetes_executor.py
[2022-12-03T15:30:57.051+0000] {processor.py:753} INFO - DAG(s) dict_keys(['example_local_kubernetes_executor']) retrieved from /home/airflow/.local/lib/python3.7/site-packages/airflow/example_dags/example_local_kubernetes_executor.py
[2022-12-03T15:30:57.077+0000] {logging_mixin.py:137} INFO - [2022-12-03T15:30:57.077+0000] {dag.py:2676} INFO - Sync 1 DAGs
[2022-12-03T15:30:57.093+0000] {logging_mixin.py:137} INFO - [2022-12-03T15:30:57.093+0000] {dag.py:3427} INFO - Setting next_dagrun for example_local_kubernetes_executor to None, run_after=None
[2022-12-03T15:30:57.108+0000] {processor.py:175} INFO - Processing /home/airflow/.local/lib/python3.7/site-packages/airflow/example_dags/example_local_kubernetes_executor.py took 0.076 seconds
[2022-12-03T15:31:27.286+0000] {processor.py:153} INFO - Started process (PID=4714) to work on /home/airflow/.local/lib/python3.7/site-packages/airflow/example_dags/example_local_kubernetes_executor.py
[2022-12-03T15:31:27.288+0000] {processor.py:743} INFO - Processing file /home/airflow/.local/lib/python3.7/site-packages/airflow/example_dags/example_local_kubernetes_executor.py for tasks to queue
[2022-12-03T15:31:27.289+0000] {logging_mixin.py:137} INFO - [2022-12-03T15:31:27.289+0000] {dagbag.py:538} INFO - Filling up the DagBag from /home/airflow/.local/lib/python3.7/site-packages/airflow/example_dags/example_local_kubernetes_executor.py
[2022-12-03T15:31:27.307+0000] {processor.py:753} INFO - DAG(s) dict_keys(['example_local_kubernetes_executor']) retrieved from /home/airflow/.local/lib/python3.7/site-packages/airflow/example_dags/example_local_kubernetes_executor.py
[2022-12-03T15:31:27.341+0000] {logging_mixin.py:137} INFO - [2022-12-03T15:31:27.341+0000] {dag.py:2676} INFO - Sync 1 DAGs
[2022-12-03T15:31:27.358+0000] {logging_mixin.py:137} INFO - [2022-12-03T15:31:27.358+0000] {dag.py:3427} INFO - Setting next_dagrun for example_local_kubernetes_executor to None, run_after=None
[2022-12-03T15:31:27.371+0000] {processor.py:175} INFO - Processing /home/airflow/.local/lib/python3.7/site-packages/airflow/example_dags/example_local_kubernetes_executor.py took 0.088 seconds
[2022-12-03T15:31:58.152+0000] {processor.py:153} INFO - Started process (PID=4931) to work on /home/airflow/.local/lib/python3.7/site-packages/airflow/example_dags/example_local_kubernetes_executor.py
[2022-12-03T15:31:58.153+0000] {processor.py:743} INFO - Processing file /home/airflow/.local/lib/python3.7/site-packages/airflow/example_dags/example_local_kubernetes_executor.py for tasks to queue
[2022-12-03T15:31:58.154+0000] {logging_mixin.py:137} INFO - [2022-12-03T15:31:58.154+0000] {dagbag.py:538} INFO - Filling up the DagBag from /home/airflow/.local/lib/python3.7/site-packages/airflow/example_dags/example_local_kubernetes_executor.py
[2022-12-03T15:31:58.170+0000] {processor.py:753} INFO - DAG(s) dict_keys(['example_local_kubernetes_executor']) retrieved from /home/airflow/.local/lib/python3.7/site-packages/airflow/example_dags/example_local_kubernetes_executor.py
[2022-12-03T15:31:58.199+0000] {logging_mixin.py:137} INFO - [2022-12-03T15:31:58.199+0000] {dag.py:2676} INFO - Sync 1 DAGs
[2022-12-03T15:31:58.215+0000] {logging_mixin.py:137} INFO - [2022-12-03T15:31:58.214+0000] {dag.py:3427} INFO - Setting next_dagrun for example_local_kubernetes_executor to None, run_after=None
[2022-12-03T15:31:58.225+0000] {processor.py:175} INFO - Processing /home/airflow/.local/lib/python3.7/site-packages/airflow/example_dags/example_local_kubernetes_executor.py took 0.076 seconds
[2022-12-03T15:32:28.621+0000] {processor.py:153} INFO - Started process (PID=5157) to work on /home/airflow/.local/lib/python3.7/site-packages/airflow/example_dags/example_local_kubernetes_executor.py
[2022-12-03T15:32:28.622+0000] {processor.py:743} INFO - Processing file /home/airflow/.local/lib/python3.7/site-packages/airflow/example_dags/example_local_kubernetes_executor.py for tasks to queue
[2022-12-03T15:32:28.623+0000] {logging_mixin.py:137} INFO - [2022-12-03T15:32:28.623+0000] {dagbag.py:538} INFO - Filling up the DagBag from /home/airflow/.local/lib/python3.7/site-packages/airflow/example_dags/example_local_kubernetes_executor.py
[2022-12-03T15:32:28.638+0000] {processor.py:753} INFO - DAG(s) dict_keys(['example_local_kubernetes_executor']) retrieved from /home/airflow/.local/lib/python3.7/site-packages/airflow/example_dags/example_local_kubernetes_executor.py
[2022-12-03T15:32:28.665+0000] {logging_mixin.py:137} INFO - [2022-12-03T15:32:28.665+0000] {dag.py:2676} INFO - Sync 1 DAGs
[2022-12-03T15:32:28.682+0000] {logging_mixin.py:137} INFO - [2022-12-03T15:32:28.682+0000] {dag.py:3427} INFO - Setting next_dagrun for example_local_kubernetes_executor to None, run_after=None
[2022-12-03T15:32:28.693+0000] {processor.py:175} INFO - Processing /home/airflow/.local/lib/python3.7/site-packages/airflow/example_dags/example_local_kubernetes_executor.py took 0.075 seconds
[2022-12-03T15:32:59.253+0000] {processor.py:153} INFO - Started process (PID=5371) to work on /home/airflow/.local/lib/python3.7/site-packages/airflow/example_dags/example_local_kubernetes_executor.py
[2022-12-03T15:32:59.255+0000] {processor.py:743} INFO - Processing file /home/airflow/.local/lib/python3.7/site-packages/airflow/example_dags/example_local_kubernetes_executor.py for tasks to queue
[2022-12-03T15:32:59.256+0000] {logging_mixin.py:137} INFO - [2022-12-03T15:32:59.256+0000] {dagbag.py:538} INFO - Filling up the DagBag from /home/airflow/.local/lib/python3.7/site-packages/airflow/example_dags/example_local_kubernetes_executor.py
[2022-12-03T15:32:59.271+0000] {processor.py:753} INFO - DAG(s) dict_keys(['example_local_kubernetes_executor']) retrieved from /home/airflow/.local/lib/python3.7/site-packages/airflow/example_dags/example_local_kubernetes_executor.py
[2022-12-03T15:32:59.300+0000] {logging_mixin.py:137} INFO - [2022-12-03T15:32:59.299+0000] {dag.py:2676} INFO - Sync 1 DAGs
[2022-12-03T15:32:59.315+0000] {logging_mixin.py:137} INFO - [2022-12-03T15:32:59.315+0000] {dag.py:3427} INFO - Setting next_dagrun for example_local_kubernetes_executor to None, run_after=None
[2022-12-03T15:32:59.326+0000] {processor.py:175} INFO - Processing /home/airflow/.local/lib/python3.7/site-packages/airflow/example_dags/example_local_kubernetes_executor.py took 0.075 seconds
