[2022-12-03T15:08:52.795+0000] {processor.py:153} INFO - Started process (PID=249) to work on /home/airflow/.local/lib/python3.7/site-packages/airflow/example_dags/example_task_group.py
[2022-12-03T15:08:52.796+0000] {processor.py:743} INFO - Processing file /home/airflow/.local/lib/python3.7/site-packages/airflow/example_dags/example_task_group.py for tasks to queue
[2022-12-03T15:08:52.797+0000] {logging_mixin.py:137} INFO - [2022-12-03T15:08:52.797+0000] {dagbag.py:538} INFO - Filling up the DagBag from /home/airflow/.local/lib/python3.7/site-packages/airflow/example_dags/example_task_group.py
[2022-12-03T15:08:52.809+0000] {processor.py:753} INFO - DAG(s) dict_keys(['example_task_group']) retrieved from /home/airflow/.local/lib/python3.7/site-packages/airflow/example_dags/example_task_group.py
[2022-12-03T15:08:52.830+0000] {logging_mixin.py:137} INFO - [2022-12-03T15:08:52.830+0000] {dag.py:2676} INFO - Sync 1 DAGs
[2022-12-03T15:08:52.846+0000] {logging_mixin.py:137} INFO - [2022-12-03T15:08:52.845+0000] {dag.py:3427} INFO - Setting next_dagrun for example_task_group to 2022-12-02T15:08:52.845682+00:00, run_after=2022-12-03T15:08:52.845682+00:00
[2022-12-03T15:08:52.859+0000] {processor.py:175} INFO - Processing /home/airflow/.local/lib/python3.7/site-packages/airflow/example_dags/example_task_group.py took 0.068 seconds
[2022-12-03T15:09:23.177+0000] {processor.py:153} INFO - Started process (PID=477) to work on /home/airflow/.local/lib/python3.7/site-packages/airflow/example_dags/example_task_group.py
[2022-12-03T15:09:23.178+0000] {processor.py:743} INFO - Processing file /home/airflow/.local/lib/python3.7/site-packages/airflow/example_dags/example_task_group.py for tasks to queue
[2022-12-03T15:09:23.178+0000] {logging_mixin.py:137} INFO - [2022-12-03T15:09:23.178+0000] {dagbag.py:538} INFO - Filling up the DagBag from /home/airflow/.local/lib/python3.7/site-packages/airflow/example_dags/example_task_group.py
[2022-12-03T15:09:23.189+0000] {processor.py:753} INFO - DAG(s) dict_keys(['example_task_group']) retrieved from /home/airflow/.local/lib/python3.7/site-packages/airflow/example_dags/example_task_group.py
[2022-12-03T15:09:23.206+0000] {logging_mixin.py:137} INFO - [2022-12-03T15:09:23.206+0000] {dag.py:2676} INFO - Sync 1 DAGs
[2022-12-03T15:09:23.221+0000] {logging_mixin.py:137} INFO - [2022-12-03T15:09:23.221+0000] {dag.py:3427} INFO - Setting next_dagrun for example_task_group to 2022-12-02T15:09:23.220960+00:00, run_after=2022-12-03T15:09:23.220960+00:00
[2022-12-03T15:09:23.231+0000] {processor.py:175} INFO - Processing /home/airflow/.local/lib/python3.7/site-packages/airflow/example_dags/example_task_group.py took 0.057 seconds
[2022-12-03T15:09:53.467+0000] {processor.py:153} INFO - Started process (PID=688) to work on /home/airflow/.local/lib/python3.7/site-packages/airflow/example_dags/example_task_group.py
[2022-12-03T15:09:53.469+0000] {processor.py:743} INFO - Processing file /home/airflow/.local/lib/python3.7/site-packages/airflow/example_dags/example_task_group.py for tasks to queue
[2022-12-03T15:09:53.469+0000] {logging_mixin.py:137} INFO - [2022-12-03T15:09:53.469+0000] {dagbag.py:538} INFO - Filling up the DagBag from /home/airflow/.local/lib/python3.7/site-packages/airflow/example_dags/example_task_group.py
[2022-12-03T15:09:53.481+0000] {processor.py:753} INFO - DAG(s) dict_keys(['example_task_group']) retrieved from /home/airflow/.local/lib/python3.7/site-packages/airflow/example_dags/example_task_group.py
[2022-12-03T15:09:53.508+0000] {logging_mixin.py:137} INFO - [2022-12-03T15:09:53.508+0000] {dag.py:2676} INFO - Sync 1 DAGs
[2022-12-03T15:09:53.530+0000] {logging_mixin.py:137} INFO - [2022-12-03T15:09:53.530+0000] {dag.py:3427} INFO - Setting next_dagrun for example_task_group to 2022-12-02T15:09:53.529929+00:00, run_after=2022-12-03T15:09:53.529929+00:00
[2022-12-03T15:09:53.541+0000] {processor.py:175} INFO - Processing /home/airflow/.local/lib/python3.7/site-packages/airflow/example_dags/example_task_group.py took 0.076 seconds
[2022-12-03T15:10:51.718+0000] {processor.py:153} INFO - Started process (PID=249) to work on /home/airflow/.local/lib/python3.7/site-packages/airflow/example_dags/example_task_group.py
[2022-12-03T15:10:51.724+0000] {processor.py:743} INFO - Processing file /home/airflow/.local/lib/python3.7/site-packages/airflow/example_dags/example_task_group.py for tasks to queue
[2022-12-03T15:10:51.726+0000] {logging_mixin.py:137} INFO - [2022-12-03T15:10:51.726+0000] {dagbag.py:538} INFO - Filling up the DagBag from /home/airflow/.local/lib/python3.7/site-packages/airflow/example_dags/example_task_group.py
[2022-12-03T15:10:51.745+0000] {processor.py:753} INFO - DAG(s) dict_keys(['example_task_group']) retrieved from /home/airflow/.local/lib/python3.7/site-packages/airflow/example_dags/example_task_group.py
[2022-12-03T15:10:51.794+0000] {logging_mixin.py:137} INFO - [2022-12-03T15:10:51.793+0000] {dag.py:2676} INFO - Sync 1 DAGs
[2022-12-03T15:10:51.813+0000] {logging_mixin.py:137} INFO - [2022-12-03T15:10:51.813+0000] {dag.py:3427} INFO - Setting next_dagrun for example_task_group to 2022-12-02T15:10:51.813249+00:00, run_after=2022-12-03T15:10:51.813249+00:00
[2022-12-03T15:10:51.826+0000] {processor.py:175} INFO - Processing /home/airflow/.local/lib/python3.7/site-packages/airflow/example_dags/example_task_group.py took 0.111 seconds
[2022-12-03T15:11:22.309+0000] {processor.py:153} INFO - Started process (PID=477) to work on /home/airflow/.local/lib/python3.7/site-packages/airflow/example_dags/example_task_group.py
[2022-12-03T15:11:22.310+0000] {processor.py:743} INFO - Processing file /home/airflow/.local/lib/python3.7/site-packages/airflow/example_dags/example_task_group.py for tasks to queue
[2022-12-03T15:11:22.311+0000] {logging_mixin.py:137} INFO - [2022-12-03T15:11:22.311+0000] {dagbag.py:538} INFO - Filling up the DagBag from /home/airflow/.local/lib/python3.7/site-packages/airflow/example_dags/example_task_group.py
[2022-12-03T15:11:22.323+0000] {processor.py:753} INFO - DAG(s) dict_keys(['example_task_group']) retrieved from /home/airflow/.local/lib/python3.7/site-packages/airflow/example_dags/example_task_group.py
[2022-12-03T15:11:22.349+0000] {logging_mixin.py:137} INFO - [2022-12-03T15:11:22.349+0000] {dag.py:2676} INFO - Sync 1 DAGs
[2022-12-03T15:11:22.364+0000] {logging_mixin.py:137} INFO - [2022-12-03T15:11:22.364+0000] {dag.py:3427} INFO - Setting next_dagrun for example_task_group to 2022-12-02T15:11:22.363990+00:00, run_after=2022-12-03T15:11:22.363990+00:00
[2022-12-03T15:11:22.374+0000] {processor.py:175} INFO - Processing /home/airflow/.local/lib/python3.7/site-packages/airflow/example_dags/example_task_group.py took 0.066 seconds
[2022-12-03T15:11:52.761+0000] {processor.py:153} INFO - Started process (PID=702) to work on /home/airflow/.local/lib/python3.7/site-packages/airflow/example_dags/example_task_group.py
[2022-12-03T15:11:52.762+0000] {processor.py:743} INFO - Processing file /home/airflow/.local/lib/python3.7/site-packages/airflow/example_dags/example_task_group.py for tasks to queue
[2022-12-03T15:11:52.763+0000] {logging_mixin.py:137} INFO - [2022-12-03T15:11:52.763+0000] {dagbag.py:538} INFO - Filling up the DagBag from /home/airflow/.local/lib/python3.7/site-packages/airflow/example_dags/example_task_group.py
[2022-12-03T15:11:52.778+0000] {processor.py:753} INFO - DAG(s) dict_keys(['example_task_group']) retrieved from /home/airflow/.local/lib/python3.7/site-packages/airflow/example_dags/example_task_group.py
[2022-12-03T15:11:52.846+0000] {logging_mixin.py:137} INFO - [2022-12-03T15:11:52.846+0000] {dag.py:2676} INFO - Sync 1 DAGs
[2022-12-03T15:11:52.868+0000] {logging_mixin.py:137} INFO - [2022-12-03T15:11:52.868+0000] {dag.py:3427} INFO - Setting next_dagrun for example_task_group to 2022-12-02T15:11:52.867919+00:00, run_after=2022-12-03T15:11:52.867919+00:00
[2022-12-03T15:11:52.883+0000] {processor.py:175} INFO - Processing /home/airflow/.local/lib/python3.7/site-packages/airflow/example_dags/example_task_group.py took 0.126 seconds
[2022-12-03T15:12:23.147+0000] {processor.py:153} INFO - Started process (PID=919) to work on /home/airflow/.local/lib/python3.7/site-packages/airflow/example_dags/example_task_group.py
[2022-12-03T15:12:23.148+0000] {processor.py:743} INFO - Processing file /home/airflow/.local/lib/python3.7/site-packages/airflow/example_dags/example_task_group.py for tasks to queue
[2022-12-03T15:12:23.150+0000] {logging_mixin.py:137} INFO - [2022-12-03T15:12:23.150+0000] {dagbag.py:538} INFO - Filling up the DagBag from /home/airflow/.local/lib/python3.7/site-packages/airflow/example_dags/example_task_group.py
[2022-12-03T15:12:23.164+0000] {processor.py:753} INFO - DAG(s) dict_keys(['example_task_group']) retrieved from /home/airflow/.local/lib/python3.7/site-packages/airflow/example_dags/example_task_group.py
[2022-12-03T15:12:23.186+0000] {logging_mixin.py:137} INFO - [2022-12-03T15:12:23.186+0000] {dag.py:2676} INFO - Sync 1 DAGs
[2022-12-03T15:12:23.201+0000] {logging_mixin.py:137} INFO - [2022-12-03T15:12:23.201+0000] {dag.py:3427} INFO - Setting next_dagrun for example_task_group to 2022-12-02T15:12:23.200910+00:00, run_after=2022-12-03T15:12:23.200910+00:00
[2022-12-03T15:12:23.211+0000] {processor.py:175} INFO - Processing /home/airflow/.local/lib/python3.7/site-packages/airflow/example_dags/example_task_group.py took 0.067 seconds
[2022-12-03T15:12:53.287+0000] {processor.py:153} INFO - Started process (PID=1143) to work on /home/airflow/.local/lib/python3.7/site-packages/airflow/example_dags/example_task_group.py
[2022-12-03T15:12:53.288+0000] {processor.py:743} INFO - Processing file /home/airflow/.local/lib/python3.7/site-packages/airflow/example_dags/example_task_group.py for tasks to queue
[2022-12-03T15:12:53.289+0000] {logging_mixin.py:137} INFO - [2022-12-03T15:12:53.288+0000] {dagbag.py:538} INFO - Filling up the DagBag from /home/airflow/.local/lib/python3.7/site-packages/airflow/example_dags/example_task_group.py
[2022-12-03T15:12:53.300+0000] {processor.py:753} INFO - DAG(s) dict_keys(['example_task_group']) retrieved from /home/airflow/.local/lib/python3.7/site-packages/airflow/example_dags/example_task_group.py
[2022-12-03T15:12:53.322+0000] {logging_mixin.py:137} INFO - [2022-12-03T15:12:53.322+0000] {dag.py:2676} INFO - Sync 1 DAGs
[2022-12-03T15:12:53.339+0000] {logging_mixin.py:137} INFO - [2022-12-03T15:12:53.339+0000] {dag.py:3427} INFO - Setting next_dagrun for example_task_group to 2022-12-02T15:12:53.339462+00:00, run_after=2022-12-03T15:12:53.339462+00:00
[2022-12-03T15:12:53.352+0000] {processor.py:175} INFO - Processing /home/airflow/.local/lib/python3.7/site-packages/airflow/example_dags/example_task_group.py took 0.067 seconds
[2022-12-03T15:13:23.757+0000] {processor.py:153} INFO - Started process (PID=1366) to work on /home/airflow/.local/lib/python3.7/site-packages/airflow/example_dags/example_task_group.py
[2022-12-03T15:13:23.758+0000] {processor.py:743} INFO - Processing file /home/airflow/.local/lib/python3.7/site-packages/airflow/example_dags/example_task_group.py for tasks to queue
[2022-12-03T15:13:23.760+0000] {logging_mixin.py:137} INFO - [2022-12-03T15:13:23.759+0000] {dagbag.py:538} INFO - Filling up the DagBag from /home/airflow/.local/lib/python3.7/site-packages/airflow/example_dags/example_task_group.py
[2022-12-03T15:13:23.772+0000] {processor.py:753} INFO - DAG(s) dict_keys(['example_task_group']) retrieved from /home/airflow/.local/lib/python3.7/site-packages/airflow/example_dags/example_task_group.py
[2022-12-03T15:13:23.801+0000] {logging_mixin.py:137} INFO - [2022-12-03T15:13:23.801+0000] {dag.py:2676} INFO - Sync 1 DAGs
[2022-12-03T15:13:23.821+0000] {logging_mixin.py:137} INFO - [2022-12-03T15:13:23.821+0000] {dag.py:3427} INFO - Setting next_dagrun for example_task_group to 2022-12-02T15:13:23.821201+00:00, run_after=2022-12-03T15:13:23.821201+00:00
[2022-12-03T15:13:23.836+0000] {processor.py:175} INFO - Processing /home/airflow/.local/lib/python3.7/site-packages/airflow/example_dags/example_task_group.py took 0.082 seconds
[2022-12-03T15:13:54.490+0000] {processor.py:153} INFO - Started process (PID=1585) to work on /home/airflow/.local/lib/python3.7/site-packages/airflow/example_dags/example_task_group.py
[2022-12-03T15:13:54.492+0000] {processor.py:743} INFO - Processing file /home/airflow/.local/lib/python3.7/site-packages/airflow/example_dags/example_task_group.py for tasks to queue
[2022-12-03T15:13:54.493+0000] {logging_mixin.py:137} INFO - [2022-12-03T15:13:54.493+0000] {dagbag.py:538} INFO - Filling up the DagBag from /home/airflow/.local/lib/python3.7/site-packages/airflow/example_dags/example_task_group.py
[2022-12-03T15:13:54.505+0000] {processor.py:753} INFO - DAG(s) dict_keys(['example_task_group']) retrieved from /home/airflow/.local/lib/python3.7/site-packages/airflow/example_dags/example_task_group.py
[2022-12-03T15:13:54.531+0000] {logging_mixin.py:137} INFO - [2022-12-03T15:13:54.531+0000] {dag.py:2676} INFO - Sync 1 DAGs
[2022-12-03T15:13:54.547+0000] {logging_mixin.py:137} INFO - [2022-12-03T15:13:54.547+0000] {dag.py:3427} INFO - Setting next_dagrun for example_task_group to 2022-12-02T15:13:54.546829+00:00, run_after=2022-12-03T15:13:54.546829+00:00
[2022-12-03T15:13:54.559+0000] {processor.py:175} INFO - Processing /home/airflow/.local/lib/python3.7/site-packages/airflow/example_dags/example_task_group.py took 0.070 seconds
[2022-12-03T15:14:24.757+0000] {processor.py:153} INFO - Started process (PID=1809) to work on /home/airflow/.local/lib/python3.7/site-packages/airflow/example_dags/example_task_group.py
[2022-12-03T15:14:24.758+0000] {processor.py:743} INFO - Processing file /home/airflow/.local/lib/python3.7/site-packages/airflow/example_dags/example_task_group.py for tasks to queue
[2022-12-03T15:14:24.758+0000] {logging_mixin.py:137} INFO - [2022-12-03T15:14:24.758+0000] {dagbag.py:538} INFO - Filling up the DagBag from /home/airflow/.local/lib/python3.7/site-packages/airflow/example_dags/example_task_group.py
[2022-12-03T15:14:24.770+0000] {processor.py:753} INFO - DAG(s) dict_keys(['example_task_group']) retrieved from /home/airflow/.local/lib/python3.7/site-packages/airflow/example_dags/example_task_group.py
[2022-12-03T15:14:24.795+0000] {logging_mixin.py:137} INFO - [2022-12-03T15:14:24.795+0000] {dag.py:2676} INFO - Sync 1 DAGs
[2022-12-03T15:14:24.810+0000] {logging_mixin.py:137} INFO - [2022-12-03T15:14:24.810+0000] {dag.py:3427} INFO - Setting next_dagrun for example_task_group to 2022-12-02T15:14:24.810642+00:00, run_after=2022-12-03T15:14:24.810642+00:00
[2022-12-03T15:14:24.822+0000] {processor.py:175} INFO - Processing /home/airflow/.local/lib/python3.7/site-packages/airflow/example_dags/example_task_group.py took 0.068 seconds
[2022-12-03T15:15:11.832+0000] {processor.py:153} INFO - Started process (PID=248) to work on /home/airflow/.local/lib/python3.7/site-packages/airflow/example_dags/example_task_group.py
[2022-12-03T15:15:11.834+0000] {processor.py:743} INFO - Processing file /home/airflow/.local/lib/python3.7/site-packages/airflow/example_dags/example_task_group.py for tasks to queue
[2022-12-03T15:15:11.835+0000] {logging_mixin.py:137} INFO - [2022-12-03T15:15:11.835+0000] {dagbag.py:538} INFO - Filling up the DagBag from /home/airflow/.local/lib/python3.7/site-packages/airflow/example_dags/example_task_group.py
[2022-12-03T15:15:11.849+0000] {processor.py:753} INFO - DAG(s) dict_keys(['example_task_group']) retrieved from /home/airflow/.local/lib/python3.7/site-packages/airflow/example_dags/example_task_group.py
[2022-12-03T15:15:11.876+0000] {logging_mixin.py:137} INFO - [2022-12-03T15:15:11.876+0000] {dag.py:2676} INFO - Sync 1 DAGs
[2022-12-03T15:15:11.899+0000] {logging_mixin.py:137} INFO - [2022-12-03T15:15:11.899+0000] {dag.py:3427} INFO - Setting next_dagrun for example_task_group to 2022-12-02T15:15:11.899516+00:00, run_after=2022-12-03T15:15:11.899516+00:00
[2022-12-03T15:15:11.919+0000] {processor.py:175} INFO - Processing /home/airflow/.local/lib/python3.7/site-packages/airflow/example_dags/example_task_group.py took 0.091 seconds
[2022-12-03T15:21:18.505+0000] {processor.py:153} INFO - Started process (PID=248) to work on /home/airflow/.local/lib/python3.7/site-packages/airflow/example_dags/example_task_group.py
[2022-12-03T15:21:18.506+0000] {processor.py:743} INFO - Processing file /home/airflow/.local/lib/python3.7/site-packages/airflow/example_dags/example_task_group.py for tasks to queue
[2022-12-03T15:21:18.507+0000] {logging_mixin.py:137} INFO - [2022-12-03T15:21:18.507+0000] {dagbag.py:538} INFO - Filling up the DagBag from /home/airflow/.local/lib/python3.7/site-packages/airflow/example_dags/example_task_group.py
[2022-12-03T15:21:18.520+0000] {processor.py:753} INFO - DAG(s) dict_keys(['example_task_group']) retrieved from /home/airflow/.local/lib/python3.7/site-packages/airflow/example_dags/example_task_group.py
[2022-12-03T15:21:18.544+0000] {logging_mixin.py:137} INFO - [2022-12-03T15:21:18.544+0000] {dag.py:2676} INFO - Sync 1 DAGs
[2022-12-03T15:21:18.562+0000] {logging_mixin.py:137} INFO - [2022-12-03T15:21:18.562+0000] {dag.py:3427} INFO - Setting next_dagrun for example_task_group to 2022-12-02T15:21:18.562166+00:00, run_after=2022-12-03T15:21:18.562166+00:00
[2022-12-03T15:21:18.579+0000] {processor.py:175} INFO - Processing /home/airflow/.local/lib/python3.7/site-packages/airflow/example_dags/example_task_group.py took 0.076 seconds
[2022-12-03T15:21:48.753+0000] {processor.py:153} INFO - Started process (PID=472) to work on /home/airflow/.local/lib/python3.7/site-packages/airflow/example_dags/example_task_group.py
[2022-12-03T15:21:48.755+0000] {processor.py:743} INFO - Processing file /home/airflow/.local/lib/python3.7/site-packages/airflow/example_dags/example_task_group.py for tasks to queue
[2022-12-03T15:21:48.756+0000] {logging_mixin.py:137} INFO - [2022-12-03T15:21:48.756+0000] {dagbag.py:538} INFO - Filling up the DagBag from /home/airflow/.local/lib/python3.7/site-packages/airflow/example_dags/example_task_group.py
[2022-12-03T15:21:48.767+0000] {processor.py:753} INFO - DAG(s) dict_keys(['example_task_group']) retrieved from /home/airflow/.local/lib/python3.7/site-packages/airflow/example_dags/example_task_group.py
[2022-12-03T15:21:48.795+0000] {logging_mixin.py:137} INFO - [2022-12-03T15:21:48.795+0000] {dag.py:2676} INFO - Sync 1 DAGs
[2022-12-03T15:21:48.812+0000] {logging_mixin.py:137} INFO - [2022-12-03T15:21:48.812+0000] {dag.py:3427} INFO - Setting next_dagrun for example_task_group to 2022-12-02T15:21:48.812246+00:00, run_after=2022-12-03T15:21:48.812246+00:00
[2022-12-03T15:21:48.823+0000] {processor.py:175} INFO - Processing /home/airflow/.local/lib/python3.7/site-packages/airflow/example_dags/example_task_group.py took 0.072 seconds
[2022-12-03T15:22:18.980+0000] {processor.py:153} INFO - Started process (PID=685) to work on /home/airflow/.local/lib/python3.7/site-packages/airflow/example_dags/example_task_group.py
[2022-12-03T15:22:18.981+0000] {processor.py:743} INFO - Processing file /home/airflow/.local/lib/python3.7/site-packages/airflow/example_dags/example_task_group.py for tasks to queue
[2022-12-03T15:22:18.982+0000] {logging_mixin.py:137} INFO - [2022-12-03T15:22:18.982+0000] {dagbag.py:538} INFO - Filling up the DagBag from /home/airflow/.local/lib/python3.7/site-packages/airflow/example_dags/example_task_group.py
[2022-12-03T15:22:18.994+0000] {processor.py:753} INFO - DAG(s) dict_keys(['example_task_group']) retrieved from /home/airflow/.local/lib/python3.7/site-packages/airflow/example_dags/example_task_group.py
[2022-12-03T15:22:19.022+0000] {logging_mixin.py:137} INFO - [2022-12-03T15:22:19.022+0000] {dag.py:2676} INFO - Sync 1 DAGs
[2022-12-03T15:22:19.037+0000] {logging_mixin.py:137} INFO - [2022-12-03T15:22:19.037+0000] {dag.py:3427} INFO - Setting next_dagrun for example_task_group to 2022-12-02T15:22:19.037060+00:00, run_after=2022-12-03T15:22:19.037060+00:00
[2022-12-03T15:22:19.047+0000] {processor.py:175} INFO - Processing /home/airflow/.local/lib/python3.7/site-packages/airflow/example_dags/example_task_group.py took 0.070 seconds
[2022-12-03T15:22:49.454+0000] {processor.py:153} INFO - Started process (PID=911) to work on /home/airflow/.local/lib/python3.7/site-packages/airflow/example_dags/example_task_group.py
[2022-12-03T15:22:49.456+0000] {processor.py:743} INFO - Processing file /home/airflow/.local/lib/python3.7/site-packages/airflow/example_dags/example_task_group.py for tasks to queue
[2022-12-03T15:22:49.457+0000] {logging_mixin.py:137} INFO - [2022-12-03T15:22:49.457+0000] {dagbag.py:538} INFO - Filling up the DagBag from /home/airflow/.local/lib/python3.7/site-packages/airflow/example_dags/example_task_group.py
[2022-12-03T15:22:49.471+0000] {processor.py:753} INFO - DAG(s) dict_keys(['example_task_group']) retrieved from /home/airflow/.local/lib/python3.7/site-packages/airflow/example_dags/example_task_group.py
[2022-12-03T15:22:49.535+0000] {logging_mixin.py:137} INFO - [2022-12-03T15:22:49.535+0000] {dag.py:2676} INFO - Sync 1 DAGs
[2022-12-03T15:22:49.564+0000] {logging_mixin.py:137} INFO - [2022-12-03T15:22:49.564+0000] {dag.py:3427} INFO - Setting next_dagrun for example_task_group to 2022-12-02T15:22:49.564450+00:00, run_after=2022-12-03T15:22:49.564450+00:00
[2022-12-03T15:22:49.589+0000] {processor.py:175} INFO - Processing /home/airflow/.local/lib/python3.7/site-packages/airflow/example_dags/example_task_group.py took 0.138 seconds
[2022-12-03T15:23:20.336+0000] {processor.py:153} INFO - Started process (PID=1140) to work on /home/airflow/.local/lib/python3.7/site-packages/airflow/example_dags/example_task_group.py
[2022-12-03T15:23:20.338+0000] {processor.py:743} INFO - Processing file /home/airflow/.local/lib/python3.7/site-packages/airflow/example_dags/example_task_group.py for tasks to queue
[2022-12-03T15:23:20.339+0000] {logging_mixin.py:137} INFO - [2022-12-03T15:23:20.339+0000] {dagbag.py:538} INFO - Filling up the DagBag from /home/airflow/.local/lib/python3.7/site-packages/airflow/example_dags/example_task_group.py
[2022-12-03T15:23:20.350+0000] {processor.py:753} INFO - DAG(s) dict_keys(['example_task_group']) retrieved from /home/airflow/.local/lib/python3.7/site-packages/airflow/example_dags/example_task_group.py
[2022-12-03T15:23:20.377+0000] {logging_mixin.py:137} INFO - [2022-12-03T15:23:20.377+0000] {dag.py:2676} INFO - Sync 1 DAGs
[2022-12-03T15:23:20.392+0000] {logging_mixin.py:137} INFO - [2022-12-03T15:23:20.392+0000] {dag.py:3427} INFO - Setting next_dagrun for example_task_group to 2022-12-02T15:23:20.392559+00:00, run_after=2022-12-03T15:23:20.392559+00:00
[2022-12-03T15:23:20.403+0000] {processor.py:175} INFO - Processing /home/airflow/.local/lib/python3.7/site-packages/airflow/example_dags/example_task_group.py took 0.070 seconds
[2022-12-03T15:23:50.822+0000] {processor.py:153} INFO - Started process (PID=1354) to work on /home/airflow/.local/lib/python3.7/site-packages/airflow/example_dags/example_task_group.py
[2022-12-03T15:23:50.823+0000] {processor.py:743} INFO - Processing file /home/airflow/.local/lib/python3.7/site-packages/airflow/example_dags/example_task_group.py for tasks to queue
[2022-12-03T15:23:50.824+0000] {logging_mixin.py:137} INFO - [2022-12-03T15:23:50.824+0000] {dagbag.py:538} INFO - Filling up the DagBag from /home/airflow/.local/lib/python3.7/site-packages/airflow/example_dags/example_task_group.py
[2022-12-03T15:23:50.835+0000] {processor.py:753} INFO - DAG(s) dict_keys(['example_task_group']) retrieved from /home/airflow/.local/lib/python3.7/site-packages/airflow/example_dags/example_task_group.py
[2022-12-03T15:23:50.864+0000] {logging_mixin.py:137} INFO - [2022-12-03T15:23:50.864+0000] {dag.py:2676} INFO - Sync 1 DAGs
[2022-12-03T15:23:50.879+0000] {logging_mixin.py:137} INFO - [2022-12-03T15:23:50.879+0000] {dag.py:3427} INFO - Setting next_dagrun for example_task_group to 2022-12-02T15:23:50.879671+00:00, run_after=2022-12-03T15:23:50.879671+00:00
[2022-12-03T15:23:50.891+0000] {processor.py:175} INFO - Processing /home/airflow/.local/lib/python3.7/site-packages/airflow/example_dags/example_task_group.py took 0.071 seconds
[2022-12-03T15:24:21.206+0000] {processor.py:153} INFO - Started process (PID=1581) to work on /home/airflow/.local/lib/python3.7/site-packages/airflow/example_dags/example_task_group.py
[2022-12-03T15:24:21.207+0000] {processor.py:743} INFO - Processing file /home/airflow/.local/lib/python3.7/site-packages/airflow/example_dags/example_task_group.py for tasks to queue
[2022-12-03T15:24:21.208+0000] {logging_mixin.py:137} INFO - [2022-12-03T15:24:21.208+0000] {dagbag.py:538} INFO - Filling up the DagBag from /home/airflow/.local/lib/python3.7/site-packages/airflow/example_dags/example_task_group.py
[2022-12-03T15:24:21.219+0000] {processor.py:753} INFO - DAG(s) dict_keys(['example_task_group']) retrieved from /home/airflow/.local/lib/python3.7/site-packages/airflow/example_dags/example_task_group.py
[2022-12-03T15:24:21.243+0000] {logging_mixin.py:137} INFO - [2022-12-03T15:24:21.243+0000] {dag.py:2676} INFO - Sync 1 DAGs
[2022-12-03T15:24:21.257+0000] {logging_mixin.py:137} INFO - [2022-12-03T15:24:21.257+0000] {dag.py:3427} INFO - Setting next_dagrun for example_task_group to 2022-12-02T15:24:21.256947+00:00, run_after=2022-12-03T15:24:21.256947+00:00
[2022-12-03T15:24:21.266+0000] {processor.py:175} INFO - Processing /home/airflow/.local/lib/python3.7/site-packages/airflow/example_dags/example_task_group.py took 0.063 seconds
[2022-12-03T15:24:51.762+0000] {processor.py:153} INFO - Started process (PID=1806) to work on /home/airflow/.local/lib/python3.7/site-packages/airflow/example_dags/example_task_group.py
[2022-12-03T15:24:51.763+0000] {processor.py:743} INFO - Processing file /home/airflow/.local/lib/python3.7/site-packages/airflow/example_dags/example_task_group.py for tasks to queue
[2022-12-03T15:24:51.764+0000] {logging_mixin.py:137} INFO - [2022-12-03T15:24:51.764+0000] {dagbag.py:538} INFO - Filling up the DagBag from /home/airflow/.local/lib/python3.7/site-packages/airflow/example_dags/example_task_group.py
[2022-12-03T15:24:51.774+0000] {processor.py:753} INFO - DAG(s) dict_keys(['example_task_group']) retrieved from /home/airflow/.local/lib/python3.7/site-packages/airflow/example_dags/example_task_group.py
[2022-12-03T15:24:51.799+0000] {logging_mixin.py:137} INFO - [2022-12-03T15:24:51.798+0000] {dag.py:2676} INFO - Sync 1 DAGs
[2022-12-03T15:24:51.812+0000] {logging_mixin.py:137} INFO - [2022-12-03T15:24:51.812+0000] {dag.py:3427} INFO - Setting next_dagrun for example_task_group to 2022-12-02T15:24:51.812263+00:00, run_after=2022-12-03T15:24:51.812263+00:00
[2022-12-03T15:24:51.822+0000] {processor.py:175} INFO - Processing /home/airflow/.local/lib/python3.7/site-packages/airflow/example_dags/example_task_group.py took 0.063 seconds
[2022-12-03T15:25:21.982+0000] {processor.py:153} INFO - Started process (PID=2019) to work on /home/airflow/.local/lib/python3.7/site-packages/airflow/example_dags/example_task_group.py
[2022-12-03T15:25:21.983+0000] {processor.py:743} INFO - Processing file /home/airflow/.local/lib/python3.7/site-packages/airflow/example_dags/example_task_group.py for tasks to queue
[2022-12-03T15:25:21.983+0000] {logging_mixin.py:137} INFO - [2022-12-03T15:25:21.983+0000] {dagbag.py:538} INFO - Filling up the DagBag from /home/airflow/.local/lib/python3.7/site-packages/airflow/example_dags/example_task_group.py
[2022-12-03T15:25:21.994+0000] {processor.py:753} INFO - DAG(s) dict_keys(['example_task_group']) retrieved from /home/airflow/.local/lib/python3.7/site-packages/airflow/example_dags/example_task_group.py
[2022-12-03T15:25:22.018+0000] {logging_mixin.py:137} INFO - [2022-12-03T15:25:22.018+0000] {dag.py:2676} INFO - Sync 1 DAGs
[2022-12-03T15:25:22.033+0000] {logging_mixin.py:137} INFO - [2022-12-03T15:25:22.032+0000] {dag.py:3427} INFO - Setting next_dagrun for example_task_group to 2022-12-02T15:25:22.032750+00:00, run_after=2022-12-03T15:25:22.032750+00:00
[2022-12-03T15:25:22.042+0000] {processor.py:175} INFO - Processing /home/airflow/.local/lib/python3.7/site-packages/airflow/example_dags/example_task_group.py took 0.063 seconds
[2022-12-03T15:25:52.392+0000] {processor.py:153} INFO - Started process (PID=2247) to work on /home/airflow/.local/lib/python3.7/site-packages/airflow/example_dags/example_task_group.py
[2022-12-03T15:25:52.393+0000] {processor.py:743} INFO - Processing file /home/airflow/.local/lib/python3.7/site-packages/airflow/example_dags/example_task_group.py for tasks to queue
[2022-12-03T15:25:52.394+0000] {logging_mixin.py:137} INFO - [2022-12-03T15:25:52.394+0000] {dagbag.py:538} INFO - Filling up the DagBag from /home/airflow/.local/lib/python3.7/site-packages/airflow/example_dags/example_task_group.py
[2022-12-03T15:25:52.406+0000] {processor.py:753} INFO - DAG(s) dict_keys(['example_task_group']) retrieved from /home/airflow/.local/lib/python3.7/site-packages/airflow/example_dags/example_task_group.py
[2022-12-03T15:25:52.431+0000] {logging_mixin.py:137} INFO - [2022-12-03T15:25:52.431+0000] {dag.py:2676} INFO - Sync 1 DAGs
[2022-12-03T15:25:52.445+0000] {logging_mixin.py:137} INFO - [2022-12-03T15:25:52.445+0000] {dag.py:3427} INFO - Setting next_dagrun for example_task_group to 2022-12-02T15:25:52.445423+00:00, run_after=2022-12-03T15:25:52.445423+00:00
[2022-12-03T15:25:52.456+0000] {processor.py:175} INFO - Processing /home/airflow/.local/lib/python3.7/site-packages/airflow/example_dags/example_task_group.py took 0.065 seconds
[2022-12-03T15:26:22.839+0000] {processor.py:153} INFO - Started process (PID=2472) to work on /home/airflow/.local/lib/python3.7/site-packages/airflow/example_dags/example_task_group.py
[2022-12-03T15:26:22.841+0000] {processor.py:743} INFO - Processing file /home/airflow/.local/lib/python3.7/site-packages/airflow/example_dags/example_task_group.py for tasks to queue
[2022-12-03T15:26:22.842+0000] {logging_mixin.py:137} INFO - [2022-12-03T15:26:22.841+0000] {dagbag.py:538} INFO - Filling up the DagBag from /home/airflow/.local/lib/python3.7/site-packages/airflow/example_dags/example_task_group.py
[2022-12-03T15:26:22.851+0000] {processor.py:753} INFO - DAG(s) dict_keys(['example_task_group']) retrieved from /home/airflow/.local/lib/python3.7/site-packages/airflow/example_dags/example_task_group.py
[2022-12-03T15:26:22.876+0000] {logging_mixin.py:137} INFO - [2022-12-03T15:26:22.876+0000] {dag.py:2676} INFO - Sync 1 DAGs
[2022-12-03T15:26:22.889+0000] {logging_mixin.py:137} INFO - [2022-12-03T15:26:22.889+0000] {dag.py:3427} INFO - Setting next_dagrun for example_task_group to 2022-12-02T15:26:22.889371+00:00, run_after=2022-12-03T15:26:22.889371+00:00
[2022-12-03T15:26:22.899+0000] {processor.py:175} INFO - Processing /home/airflow/.local/lib/python3.7/site-packages/airflow/example_dags/example_task_group.py took 0.062 seconds
[2022-12-03T15:26:53.037+0000] {processor.py:153} INFO - Started process (PID=2684) to work on /home/airflow/.local/lib/python3.7/site-packages/airflow/example_dags/example_task_group.py
[2022-12-03T15:26:53.038+0000] {processor.py:743} INFO - Processing file /home/airflow/.local/lib/python3.7/site-packages/airflow/example_dags/example_task_group.py for tasks to queue
[2022-12-03T15:26:53.039+0000] {logging_mixin.py:137} INFO - [2022-12-03T15:26:53.039+0000] {dagbag.py:538} INFO - Filling up the DagBag from /home/airflow/.local/lib/python3.7/site-packages/airflow/example_dags/example_task_group.py
[2022-12-03T15:26:53.050+0000] {processor.py:753} INFO - DAG(s) dict_keys(['example_task_group']) retrieved from /home/airflow/.local/lib/python3.7/site-packages/airflow/example_dags/example_task_group.py
[2022-12-03T15:26:53.075+0000] {logging_mixin.py:137} INFO - [2022-12-03T15:26:53.075+0000] {dag.py:2676} INFO - Sync 1 DAGs
[2022-12-03T15:26:53.091+0000] {logging_mixin.py:137} INFO - [2022-12-03T15:26:53.091+0000] {dag.py:3427} INFO - Setting next_dagrun for example_task_group to 2022-12-02T15:26:53.090931+00:00, run_after=2022-12-03T15:26:53.090931+00:00
[2022-12-03T15:26:53.103+0000] {processor.py:175} INFO - Processing /home/airflow/.local/lib/python3.7/site-packages/airflow/example_dags/example_task_group.py took 0.069 seconds
[2022-12-03T15:27:24.303+0000] {processor.py:153} INFO - Started process (PID=2912) to work on /home/airflow/.local/lib/python3.7/site-packages/airflow/example_dags/example_task_group.py
[2022-12-03T15:27:24.304+0000] {processor.py:743} INFO - Processing file /home/airflow/.local/lib/python3.7/site-packages/airflow/example_dags/example_task_group.py for tasks to queue
[2022-12-03T15:27:24.305+0000] {logging_mixin.py:137} INFO - [2022-12-03T15:27:24.305+0000] {dagbag.py:538} INFO - Filling up the DagBag from /home/airflow/.local/lib/python3.7/site-packages/airflow/example_dags/example_task_group.py
[2022-12-03T15:27:24.315+0000] {processor.py:753} INFO - DAG(s) dict_keys(['example_task_group']) retrieved from /home/airflow/.local/lib/python3.7/site-packages/airflow/example_dags/example_task_group.py
[2022-12-03T15:27:24.339+0000] {logging_mixin.py:137} INFO - [2022-12-03T15:27:24.339+0000] {dag.py:2676} INFO - Sync 1 DAGs
[2022-12-03T15:27:24.353+0000] {logging_mixin.py:137} INFO - [2022-12-03T15:27:24.353+0000] {dag.py:3427} INFO - Setting next_dagrun for example_task_group to 2022-12-02T15:27:24.353498+00:00, run_after=2022-12-03T15:27:24.353498+00:00
[2022-12-03T15:27:24.363+0000] {processor.py:175} INFO - Processing /home/airflow/.local/lib/python3.7/site-packages/airflow/example_dags/example_task_group.py took 0.063 seconds
[2022-12-03T15:27:54.560+0000] {processor.py:153} INFO - Started process (PID=3137) to work on /home/airflow/.local/lib/python3.7/site-packages/airflow/example_dags/example_task_group.py
[2022-12-03T15:27:54.561+0000] {processor.py:743} INFO - Processing file /home/airflow/.local/lib/python3.7/site-packages/airflow/example_dags/example_task_group.py for tasks to queue
[2022-12-03T15:27:54.561+0000] {logging_mixin.py:137} INFO - [2022-12-03T15:27:54.561+0000] {dagbag.py:538} INFO - Filling up the DagBag from /home/airflow/.local/lib/python3.7/site-packages/airflow/example_dags/example_task_group.py
[2022-12-03T15:27:54.572+0000] {processor.py:753} INFO - DAG(s) dict_keys(['example_task_group']) retrieved from /home/airflow/.local/lib/python3.7/site-packages/airflow/example_dags/example_task_group.py
[2022-12-03T15:27:54.596+0000] {logging_mixin.py:137} INFO - [2022-12-03T15:27:54.596+0000] {dag.py:2676} INFO - Sync 1 DAGs
[2022-12-03T15:27:54.610+0000] {logging_mixin.py:137} INFO - [2022-12-03T15:27:54.610+0000] {dag.py:3427} INFO - Setting next_dagrun for example_task_group to 2022-12-02T15:27:54.609844+00:00, run_after=2022-12-03T15:27:54.609844+00:00
[2022-12-03T15:27:54.619+0000] {processor.py:175} INFO - Processing /home/airflow/.local/lib/python3.7/site-packages/airflow/example_dags/example_task_group.py took 0.062 seconds
[2022-12-03T15:28:24.943+0000] {processor.py:153} INFO - Started process (PID=3352) to work on /home/airflow/.local/lib/python3.7/site-packages/airflow/example_dags/example_task_group.py
[2022-12-03T15:28:24.944+0000] {processor.py:743} INFO - Processing file /home/airflow/.local/lib/python3.7/site-packages/airflow/example_dags/example_task_group.py for tasks to queue
[2022-12-03T15:28:24.945+0000] {logging_mixin.py:137} INFO - [2022-12-03T15:28:24.945+0000] {dagbag.py:538} INFO - Filling up the DagBag from /home/airflow/.local/lib/python3.7/site-packages/airflow/example_dags/example_task_group.py
[2022-12-03T15:28:24.955+0000] {processor.py:753} INFO - DAG(s) dict_keys(['example_task_group']) retrieved from /home/airflow/.local/lib/python3.7/site-packages/airflow/example_dags/example_task_group.py
[2022-12-03T15:28:24.979+0000] {logging_mixin.py:137} INFO - [2022-12-03T15:28:24.979+0000] {dag.py:2676} INFO - Sync 1 DAGs
[2022-12-03T15:28:24.993+0000] {logging_mixin.py:137} INFO - [2022-12-03T15:28:24.992+0000] {dag.py:3427} INFO - Setting next_dagrun for example_task_group to 2022-12-02T15:28:24.992759+00:00, run_after=2022-12-03T15:28:24.992759+00:00
[2022-12-03T15:28:25.003+0000] {processor.py:175} INFO - Processing /home/airflow/.local/lib/python3.7/site-packages/airflow/example_dags/example_task_group.py took 0.062 seconds
[2022-12-03T15:28:55.568+0000] {processor.py:153} INFO - Started process (PID=3577) to work on /home/airflow/.local/lib/python3.7/site-packages/airflow/example_dags/example_task_group.py
[2022-12-03T15:28:55.569+0000] {processor.py:743} INFO - Processing file /home/airflow/.local/lib/python3.7/site-packages/airflow/example_dags/example_task_group.py for tasks to queue
[2022-12-03T15:28:55.570+0000] {logging_mixin.py:137} INFO - [2022-12-03T15:28:55.570+0000] {dagbag.py:538} INFO - Filling up the DagBag from /home/airflow/.local/lib/python3.7/site-packages/airflow/example_dags/example_task_group.py
[2022-12-03T15:28:55.580+0000] {processor.py:753} INFO - DAG(s) dict_keys(['example_task_group']) retrieved from /home/airflow/.local/lib/python3.7/site-packages/airflow/example_dags/example_task_group.py
[2022-12-03T15:28:55.604+0000] {logging_mixin.py:137} INFO - [2022-12-03T15:28:55.604+0000] {dag.py:2676} INFO - Sync 1 DAGs
[2022-12-03T15:28:55.618+0000] {logging_mixin.py:137} INFO - [2022-12-03T15:28:55.618+0000] {dag.py:3427} INFO - Setting next_dagrun for example_task_group to 2022-12-02T15:28:55.617937+00:00, run_after=2022-12-03T15:28:55.617937+00:00
[2022-12-03T15:28:55.628+0000] {processor.py:175} INFO - Processing /home/airflow/.local/lib/python3.7/site-packages/airflow/example_dags/example_task_group.py took 0.063 seconds
[2022-12-03T15:29:25.701+0000] {processor.py:153} INFO - Started process (PID=3803) to work on /home/airflow/.local/lib/python3.7/site-packages/airflow/example_dags/example_task_group.py
[2022-12-03T15:29:25.702+0000] {processor.py:743} INFO - Processing file /home/airflow/.local/lib/python3.7/site-packages/airflow/example_dags/example_task_group.py for tasks to queue
[2022-12-03T15:29:25.703+0000] {logging_mixin.py:137} INFO - [2022-12-03T15:29:25.703+0000] {dagbag.py:538} INFO - Filling up the DagBag from /home/airflow/.local/lib/python3.7/site-packages/airflow/example_dags/example_task_group.py
[2022-12-03T15:29:25.713+0000] {processor.py:753} INFO - DAG(s) dict_keys(['example_task_group']) retrieved from /home/airflow/.local/lib/python3.7/site-packages/airflow/example_dags/example_task_group.py
[2022-12-03T15:29:25.737+0000] {logging_mixin.py:137} INFO - [2022-12-03T15:29:25.737+0000] {dag.py:2676} INFO - Sync 1 DAGs
[2022-12-03T15:29:25.752+0000] {logging_mixin.py:137} INFO - [2022-12-03T15:29:25.752+0000] {dag.py:3427} INFO - Setting next_dagrun for example_task_group to 2022-12-02T15:29:25.751840+00:00, run_after=2022-12-03T15:29:25.751840+00:00
[2022-12-03T15:29:25.761+0000] {processor.py:175} INFO - Processing /home/airflow/.local/lib/python3.7/site-packages/airflow/example_dags/example_task_group.py took 0.062 seconds
[2022-12-03T15:29:55.792+0000] {processor.py:153} INFO - Started process (PID=4015) to work on /home/airflow/.local/lib/python3.7/site-packages/airflow/example_dags/example_task_group.py
[2022-12-03T15:29:55.793+0000] {processor.py:743} INFO - Processing file /home/airflow/.local/lib/python3.7/site-packages/airflow/example_dags/example_task_group.py for tasks to queue
[2022-12-03T15:29:55.794+0000] {logging_mixin.py:137} INFO - [2022-12-03T15:29:55.794+0000] {dagbag.py:538} INFO - Filling up the DagBag from /home/airflow/.local/lib/python3.7/site-packages/airflow/example_dags/example_task_group.py
[2022-12-03T15:29:55.804+0000] {processor.py:753} INFO - DAG(s) dict_keys(['example_task_group']) retrieved from /home/airflow/.local/lib/python3.7/site-packages/airflow/example_dags/example_task_group.py
[2022-12-03T15:29:55.830+0000] {logging_mixin.py:137} INFO - [2022-12-03T15:29:55.830+0000] {dag.py:2676} INFO - Sync 1 DAGs
[2022-12-03T15:29:55.845+0000] {logging_mixin.py:137} INFO - [2022-12-03T15:29:55.845+0000] {dag.py:3427} INFO - Setting next_dagrun for example_task_group to 2022-12-02T15:29:55.845046+00:00, run_after=2022-12-03T15:29:55.845046+00:00
[2022-12-03T15:29:55.855+0000] {processor.py:175} INFO - Processing /home/airflow/.local/lib/python3.7/site-packages/airflow/example_dags/example_task_group.py took 0.065 seconds
[2022-12-03T15:30:26.473+0000] {processor.py:153} INFO - Started process (PID=4241) to work on /home/airflow/.local/lib/python3.7/site-packages/airflow/example_dags/example_task_group.py
[2022-12-03T15:30:26.475+0000] {processor.py:743} INFO - Processing file /home/airflow/.local/lib/python3.7/site-packages/airflow/example_dags/example_task_group.py for tasks to queue
[2022-12-03T15:30:26.475+0000] {logging_mixin.py:137} INFO - [2022-12-03T15:30:26.475+0000] {dagbag.py:538} INFO - Filling up the DagBag from /home/airflow/.local/lib/python3.7/site-packages/airflow/example_dags/example_task_group.py
[2022-12-03T15:30:26.487+0000] {processor.py:753} INFO - DAG(s) dict_keys(['example_task_group']) retrieved from /home/airflow/.local/lib/python3.7/site-packages/airflow/example_dags/example_task_group.py
[2022-12-03T15:30:26.514+0000] {logging_mixin.py:137} INFO - [2022-12-03T15:30:26.514+0000] {dag.py:2676} INFO - Sync 1 DAGs
[2022-12-03T15:30:26.529+0000] {logging_mixin.py:137} INFO - [2022-12-03T15:30:26.529+0000] {dag.py:3427} INFO - Setting next_dagrun for example_task_group to 2022-12-02T15:30:26.529295+00:00, run_after=2022-12-03T15:30:26.529295+00:00
[2022-12-03T15:30:26.540+0000] {processor.py:175} INFO - Processing /home/airflow/.local/lib/python3.7/site-packages/airflow/example_dags/example_task_group.py took 0.069 seconds
[2022-12-03T15:30:56.788+0000] {processor.py:153} INFO - Started process (PID=4467) to work on /home/airflow/.local/lib/python3.7/site-packages/airflow/example_dags/example_task_group.py
[2022-12-03T15:30:56.789+0000] {processor.py:743} INFO - Processing file /home/airflow/.local/lib/python3.7/site-packages/airflow/example_dags/example_task_group.py for tasks to queue
[2022-12-03T15:30:56.790+0000] {logging_mixin.py:137} INFO - [2022-12-03T15:30:56.790+0000] {dagbag.py:538} INFO - Filling up the DagBag from /home/airflow/.local/lib/python3.7/site-packages/airflow/example_dags/example_task_group.py
[2022-12-03T15:30:56.801+0000] {processor.py:753} INFO - DAG(s) dict_keys(['example_task_group']) retrieved from /home/airflow/.local/lib/python3.7/site-packages/airflow/example_dags/example_task_group.py
[2022-12-03T15:30:56.826+0000] {logging_mixin.py:137} INFO - [2022-12-03T15:30:56.826+0000] {dag.py:2676} INFO - Sync 1 DAGs
[2022-12-03T15:30:56.843+0000] {logging_mixin.py:137} INFO - [2022-12-03T15:30:56.843+0000] {dag.py:3427} INFO - Setting next_dagrun for example_task_group to 2022-12-02T15:30:56.842955+00:00, run_after=2022-12-03T15:30:56.842955+00:00
[2022-12-03T15:30:56.855+0000] {processor.py:175} INFO - Processing /home/airflow/.local/lib/python3.7/site-packages/airflow/example_dags/example_task_group.py took 0.070 seconds
[2022-12-03T15:31:26.983+0000] {processor.py:153} INFO - Started process (PID=4681) to work on /home/airflow/.local/lib/python3.7/site-packages/airflow/example_dags/example_task_group.py
[2022-12-03T15:31:26.984+0000] {processor.py:743} INFO - Processing file /home/airflow/.local/lib/python3.7/site-packages/airflow/example_dags/example_task_group.py for tasks to queue
[2022-12-03T15:31:26.985+0000] {logging_mixin.py:137} INFO - [2022-12-03T15:31:26.985+0000] {dagbag.py:538} INFO - Filling up the DagBag from /home/airflow/.local/lib/python3.7/site-packages/airflow/example_dags/example_task_group.py
[2022-12-03T15:31:26.996+0000] {processor.py:753} INFO - DAG(s) dict_keys(['example_task_group']) retrieved from /home/airflow/.local/lib/python3.7/site-packages/airflow/example_dags/example_task_group.py
[2022-12-03T15:31:27.021+0000] {logging_mixin.py:137} INFO - [2022-12-03T15:31:27.021+0000] {dag.py:2676} INFO - Sync 1 DAGs
[2022-12-03T15:31:27.038+0000] {logging_mixin.py:137} INFO - [2022-12-03T15:31:27.037+0000] {dag.py:3427} INFO - Setting next_dagrun for example_task_group to 2022-12-02T15:31:27.037766+00:00, run_after=2022-12-03T15:31:27.037766+00:00
[2022-12-03T15:31:27.050+0000] {processor.py:175} INFO - Processing /home/airflow/.local/lib/python3.7/site-packages/airflow/example_dags/example_task_group.py took 0.069 seconds
[2022-12-03T15:31:57.852+0000] {processor.py:153} INFO - Started process (PID=4908) to work on /home/airflow/.local/lib/python3.7/site-packages/airflow/example_dags/example_task_group.py
[2022-12-03T15:31:57.853+0000] {processor.py:743} INFO - Processing file /home/airflow/.local/lib/python3.7/site-packages/airflow/example_dags/example_task_group.py for tasks to queue
[2022-12-03T15:31:57.854+0000] {logging_mixin.py:137} INFO - [2022-12-03T15:31:57.854+0000] {dagbag.py:538} INFO - Filling up the DagBag from /home/airflow/.local/lib/python3.7/site-packages/airflow/example_dags/example_task_group.py
[2022-12-03T15:31:57.864+0000] {processor.py:753} INFO - DAG(s) dict_keys(['example_task_group']) retrieved from /home/airflow/.local/lib/python3.7/site-packages/airflow/example_dags/example_task_group.py
[2022-12-03T15:31:57.890+0000] {logging_mixin.py:137} INFO - [2022-12-03T15:31:57.889+0000] {dag.py:2676} INFO - Sync 1 DAGs
[2022-12-03T15:31:57.903+0000] {logging_mixin.py:137} INFO - [2022-12-03T15:31:57.903+0000] {dag.py:3427} INFO - Setting next_dagrun for example_task_group to 2022-12-02T15:31:57.903576+00:00, run_after=2022-12-03T15:31:57.903576+00:00
[2022-12-03T15:31:57.915+0000] {processor.py:175} INFO - Processing /home/airflow/.local/lib/python3.7/site-packages/airflow/example_dags/example_task_group.py took 0.065 seconds
[2022-12-03T15:32:28.397+0000] {processor.py:153} INFO - Started process (PID=5134) to work on /home/airflow/.local/lib/python3.7/site-packages/airflow/example_dags/example_task_group.py
[2022-12-03T15:32:28.399+0000] {processor.py:743} INFO - Processing file /home/airflow/.local/lib/python3.7/site-packages/airflow/example_dags/example_task_group.py for tasks to queue
[2022-12-03T15:32:28.399+0000] {logging_mixin.py:137} INFO - [2022-12-03T15:32:28.399+0000] {dagbag.py:538} INFO - Filling up the DagBag from /home/airflow/.local/lib/python3.7/site-packages/airflow/example_dags/example_task_group.py
[2022-12-03T15:32:28.411+0000] {processor.py:753} INFO - DAG(s) dict_keys(['example_task_group']) retrieved from /home/airflow/.local/lib/python3.7/site-packages/airflow/example_dags/example_task_group.py
[2022-12-03T15:32:28.436+0000] {logging_mixin.py:137} INFO - [2022-12-03T15:32:28.436+0000] {dag.py:2676} INFO - Sync 1 DAGs
[2022-12-03T15:32:28.451+0000] {logging_mixin.py:137} INFO - [2022-12-03T15:32:28.451+0000] {dag.py:3427} INFO - Setting next_dagrun for example_task_group to 2022-12-02T15:32:28.450970+00:00, run_after=2022-12-03T15:32:28.450970+00:00
[2022-12-03T15:32:28.461+0000] {processor.py:175} INFO - Processing /home/airflow/.local/lib/python3.7/site-packages/airflow/example_dags/example_task_group.py took 0.066 seconds
[2022-12-03T15:32:58.952+0000] {processor.py:153} INFO - Started process (PID=5348) to work on /home/airflow/.local/lib/python3.7/site-packages/airflow/example_dags/example_task_group.py
[2022-12-03T15:32:58.958+0000] {processor.py:743} INFO - Processing file /home/airflow/.local/lib/python3.7/site-packages/airflow/example_dags/example_task_group.py for tasks to queue
[2022-12-03T15:32:58.961+0000] {logging_mixin.py:137} INFO - [2022-12-03T15:32:58.961+0000] {dagbag.py:538} INFO - Filling up the DagBag from /home/airflow/.local/lib/python3.7/site-packages/airflow/example_dags/example_task_group.py
[2022-12-03T15:32:58.981+0000] {processor.py:753} INFO - DAG(s) dict_keys(['example_task_group']) retrieved from /home/airflow/.local/lib/python3.7/site-packages/airflow/example_dags/example_task_group.py
[2022-12-03T15:32:59.012+0000] {logging_mixin.py:137} INFO - [2022-12-03T15:32:59.012+0000] {dag.py:2676} INFO - Sync 1 DAGs
[2022-12-03T15:32:59.026+0000] {logging_mixin.py:137} INFO - [2022-12-03T15:32:59.026+0000] {dag.py:3427} INFO - Setting next_dagrun for example_task_group to 2022-12-02T15:32:59.026334+00:00, run_after=2022-12-03T15:32:59.026334+00:00
[2022-12-03T15:32:59.037+0000] {processor.py:175} INFO - Processing /home/airflow/.local/lib/python3.7/site-packages/airflow/example_dags/example_task_group.py took 0.091 seconds
