[2022-12-03T15:08:52.979+0000] {processor.py:153} INFO - Started process (PID=264) to work on /home/airflow/.local/lib/python3.7/site-packages/airflow/example_dags/example_xcomargs.py
[2022-12-03T15:08:52.980+0000] {processor.py:743} INFO - Processing file /home/airflow/.local/lib/python3.7/site-packages/airflow/example_dags/example_xcomargs.py for tasks to queue
[2022-12-03T15:08:52.981+0000] {logging_mixin.py:137} INFO - [2022-12-03T15:08:52.981+0000] {dagbag.py:538} INFO - Filling up the DagBag from /home/airflow/.local/lib/python3.7/site-packages/airflow/example_dags/example_xcomargs.py
[2022-12-03T15:08:52.999+0000] {processor.py:753} INFO - DAG(s) dict_keys(['example_xcom_args_with_operators', 'example_xcom_args']) retrieved from /home/airflow/.local/lib/python3.7/site-packages/airflow/example_dags/example_xcomargs.py
[2022-12-03T15:08:53.017+0000] {logging_mixin.py:137} INFO - [2022-12-03T15:08:53.017+0000] {dag.py:2676} INFO - Sync 2 DAGs
[2022-12-03T15:08:53.034+0000] {logging_mixin.py:137} INFO - [2022-12-03T15:08:53.034+0000] {dag.py:3427} INFO - Setting next_dagrun for example_xcom_args to None, run_after=None
[2022-12-03T15:08:53.037+0000] {logging_mixin.py:137} INFO - [2022-12-03T15:08:53.037+0000] {dag.py:3427} INFO - Setting next_dagrun for example_xcom_args_with_operators to None, run_after=None
[2022-12-03T15:08:53.047+0000] {processor.py:175} INFO - Processing /home/airflow/.local/lib/python3.7/site-packages/airflow/example_dags/example_xcomargs.py took 0.072 seconds
[2022-12-03T15:09:23.337+0000] {processor.py:153} INFO - Started process (PID=492) to work on /home/airflow/.local/lib/python3.7/site-packages/airflow/example_dags/example_xcomargs.py
[2022-12-03T15:09:23.338+0000] {processor.py:743} INFO - Processing file /home/airflow/.local/lib/python3.7/site-packages/airflow/example_dags/example_xcomargs.py for tasks to queue
[2022-12-03T15:09:23.338+0000] {logging_mixin.py:137} INFO - [2022-12-03T15:09:23.338+0000] {dagbag.py:538} INFO - Filling up the DagBag from /home/airflow/.local/lib/python3.7/site-packages/airflow/example_dags/example_xcomargs.py
[2022-12-03T15:09:23.355+0000] {processor.py:753} INFO - DAG(s) dict_keys(['example_xcom_args_with_operators', 'example_xcom_args']) retrieved from /home/airflow/.local/lib/python3.7/site-packages/airflow/example_dags/example_xcomargs.py
[2022-12-03T15:09:23.373+0000] {logging_mixin.py:137} INFO - [2022-12-03T15:09:23.373+0000] {dag.py:2676} INFO - Sync 2 DAGs
[2022-12-03T15:09:23.389+0000] {logging_mixin.py:137} INFO - [2022-12-03T15:09:23.389+0000] {dag.py:3427} INFO - Setting next_dagrun for example_xcom_args to None, run_after=None
[2022-12-03T15:09:23.391+0000] {logging_mixin.py:137} INFO - [2022-12-03T15:09:23.391+0000] {dag.py:3427} INFO - Setting next_dagrun for example_xcom_args_with_operators to None, run_after=None
[2022-12-03T15:09:23.401+0000] {processor.py:175} INFO - Processing /home/airflow/.local/lib/python3.7/site-packages/airflow/example_dags/example_xcomargs.py took 0.066 seconds
[2022-12-03T15:09:53.606+0000] {processor.py:153} INFO - Started process (PID=703) to work on /home/airflow/.local/lib/python3.7/site-packages/airflow/example_dags/example_xcomargs.py
[2022-12-03T15:09:53.607+0000] {processor.py:743} INFO - Processing file /home/airflow/.local/lib/python3.7/site-packages/airflow/example_dags/example_xcomargs.py for tasks to queue
[2022-12-03T15:09:53.608+0000] {logging_mixin.py:137} INFO - [2022-12-03T15:09:53.608+0000] {dagbag.py:538} INFO - Filling up the DagBag from /home/airflow/.local/lib/python3.7/site-packages/airflow/example_dags/example_xcomargs.py
[2022-12-03T15:09:53.623+0000] {processor.py:753} INFO - DAG(s) dict_keys(['example_xcom_args', 'example_xcom_args_with_operators']) retrieved from /home/airflow/.local/lib/python3.7/site-packages/airflow/example_dags/example_xcomargs.py
[2022-12-03T15:09:53.650+0000] {logging_mixin.py:137} INFO - [2022-12-03T15:09:53.649+0000] {dag.py:2676} INFO - Sync 2 DAGs
[2022-12-03T15:09:53.664+0000] {logging_mixin.py:137} INFO - [2022-12-03T15:09:53.664+0000] {dag.py:3427} INFO - Setting next_dagrun for example_xcom_args to None, run_after=None
[2022-12-03T15:09:53.667+0000] {logging_mixin.py:137} INFO - [2022-12-03T15:09:53.667+0000] {dag.py:3427} INFO - Setting next_dagrun for example_xcom_args_with_operators to None, run_after=None
[2022-12-03T15:09:53.678+0000] {processor.py:175} INFO - Processing /home/airflow/.local/lib/python3.7/site-packages/airflow/example_dags/example_xcomargs.py took 0.074 seconds
[2022-12-03T15:10:51.882+0000] {processor.py:153} INFO - Started process (PID=264) to work on /home/airflow/.local/lib/python3.7/site-packages/airflow/example_dags/example_xcomargs.py
[2022-12-03T15:10:51.884+0000] {processor.py:743} INFO - Processing file /home/airflow/.local/lib/python3.7/site-packages/airflow/example_dags/example_xcomargs.py for tasks to queue
[2022-12-03T15:10:51.884+0000] {logging_mixin.py:137} INFO - [2022-12-03T15:10:51.884+0000] {dagbag.py:538} INFO - Filling up the DagBag from /home/airflow/.local/lib/python3.7/site-packages/airflow/example_dags/example_xcomargs.py
[2022-12-03T15:10:51.901+0000] {processor.py:753} INFO - DAG(s) dict_keys(['example_xcom_args_with_operators', 'example_xcom_args']) retrieved from /home/airflow/.local/lib/python3.7/site-packages/airflow/example_dags/example_xcomargs.py
[2022-12-03T15:10:51.920+0000] {logging_mixin.py:137} INFO - [2022-12-03T15:10:51.920+0000] {dag.py:2676} INFO - Sync 2 DAGs
[2022-12-03T15:10:51.951+0000] {logging_mixin.py:137} INFO - [2022-12-03T15:10:51.951+0000] {dag.py:3427} INFO - Setting next_dagrun for example_xcom_args to None, run_after=None
[2022-12-03T15:10:51.955+0000] {logging_mixin.py:137} INFO - [2022-12-03T15:10:51.955+0000] {dag.py:3427} INFO - Setting next_dagrun for example_xcom_args_with_operators to None, run_after=None
[2022-12-03T15:10:51.982+0000] {processor.py:175} INFO - Processing /home/airflow/.local/lib/python3.7/site-packages/airflow/example_dags/example_xcomargs.py took 0.102 seconds
[2022-12-03T15:11:22.413+0000] {processor.py:153} INFO - Started process (PID=490) to work on /home/airflow/.local/lib/python3.7/site-packages/airflow/example_dags/example_xcomargs.py
[2022-12-03T15:11:22.415+0000] {processor.py:743} INFO - Processing file /home/airflow/.local/lib/python3.7/site-packages/airflow/example_dags/example_xcomargs.py for tasks to queue
[2022-12-03T15:11:22.415+0000] {logging_mixin.py:137} INFO - [2022-12-03T15:11:22.415+0000] {dagbag.py:538} INFO - Filling up the DagBag from /home/airflow/.local/lib/python3.7/site-packages/airflow/example_dags/example_xcomargs.py
[2022-12-03T15:11:22.430+0000] {processor.py:753} INFO - DAG(s) dict_keys(['example_xcom_args_with_operators', 'example_xcom_args']) retrieved from /home/airflow/.local/lib/python3.7/site-packages/airflow/example_dags/example_xcomargs.py
[2022-12-03T15:11:22.456+0000] {logging_mixin.py:137} INFO - [2022-12-03T15:11:22.456+0000] {dag.py:2676} INFO - Sync 2 DAGs
[2022-12-03T15:11:22.471+0000] {logging_mixin.py:137} INFO - [2022-12-03T15:11:22.470+0000] {dag.py:3427} INFO - Setting next_dagrun for example_xcom_args to None, run_after=None
[2022-12-03T15:11:22.473+0000] {logging_mixin.py:137} INFO - [2022-12-03T15:11:22.473+0000] {dag.py:3427} INFO - Setting next_dagrun for example_xcom_args_with_operators to None, run_after=None
[2022-12-03T15:11:22.482+0000] {processor.py:175} INFO - Processing /home/airflow/.local/lib/python3.7/site-packages/airflow/example_dags/example_xcomargs.py took 0.071 seconds
[2022-12-03T15:11:53.013+0000] {processor.py:153} INFO - Started process (PID=717) to work on /home/airflow/.local/lib/python3.7/site-packages/airflow/example_dags/example_xcomargs.py
[2022-12-03T15:11:53.014+0000] {processor.py:743} INFO - Processing file /home/airflow/.local/lib/python3.7/site-packages/airflow/example_dags/example_xcomargs.py for tasks to queue
[2022-12-03T15:11:53.015+0000] {logging_mixin.py:137} INFO - [2022-12-03T15:11:53.015+0000] {dagbag.py:538} INFO - Filling up the DagBag from /home/airflow/.local/lib/python3.7/site-packages/airflow/example_dags/example_xcomargs.py
[2022-12-03T15:11:53.033+0000] {processor.py:753} INFO - DAG(s) dict_keys(['example_xcom_args_with_operators', 'example_xcom_args']) retrieved from /home/airflow/.local/lib/python3.7/site-packages/airflow/example_dags/example_xcomargs.py
[2022-12-03T15:11:53.068+0000] {logging_mixin.py:137} INFO - [2022-12-03T15:11:53.068+0000] {dag.py:2676} INFO - Sync 2 DAGs
[2022-12-03T15:11:53.087+0000] {logging_mixin.py:137} INFO - [2022-12-03T15:11:53.087+0000] {dag.py:3427} INFO - Setting next_dagrun for example_xcom_args to None, run_after=None
[2022-12-03T15:11:53.090+0000] {logging_mixin.py:137} INFO - [2022-12-03T15:11:53.090+0000] {dag.py:3427} INFO - Setting next_dagrun for example_xcom_args_with_operators to None, run_after=None
[2022-12-03T15:11:53.105+0000] {processor.py:175} INFO - Processing /home/airflow/.local/lib/python3.7/site-packages/airflow/example_dags/example_xcomargs.py took 0.095 seconds
[2022-12-03T15:12:23.321+0000] {processor.py:153} INFO - Started process (PID=934) to work on /home/airflow/.local/lib/python3.7/site-packages/airflow/example_dags/example_xcomargs.py
[2022-12-03T15:12:23.322+0000] {processor.py:743} INFO - Processing file /home/airflow/.local/lib/python3.7/site-packages/airflow/example_dags/example_xcomargs.py for tasks to queue
[2022-12-03T15:12:23.322+0000] {logging_mixin.py:137} INFO - [2022-12-03T15:12:23.322+0000] {dagbag.py:538} INFO - Filling up the DagBag from /home/airflow/.local/lib/python3.7/site-packages/airflow/example_dags/example_xcomargs.py
[2022-12-03T15:12:23.340+0000] {processor.py:753} INFO - DAG(s) dict_keys(['example_xcom_args_with_operators', 'example_xcom_args']) retrieved from /home/airflow/.local/lib/python3.7/site-packages/airflow/example_dags/example_xcomargs.py
[2022-12-03T15:12:23.363+0000] {logging_mixin.py:137} INFO - [2022-12-03T15:12:23.363+0000] {dag.py:2676} INFO - Sync 2 DAGs
[2022-12-03T15:12:23.380+0000] {logging_mixin.py:137} INFO - [2022-12-03T15:12:23.380+0000] {dag.py:3427} INFO - Setting next_dagrun for example_xcom_args to None, run_after=None
[2022-12-03T15:12:23.383+0000] {logging_mixin.py:137} INFO - [2022-12-03T15:12:23.383+0000] {dag.py:3427} INFO - Setting next_dagrun for example_xcom_args_with_operators to None, run_after=None
[2022-12-03T15:12:23.397+0000] {processor.py:175} INFO - Processing /home/airflow/.local/lib/python3.7/site-packages/airflow/example_dags/example_xcomargs.py took 0.079 seconds
[2022-12-03T15:12:53.474+0000] {processor.py:153} INFO - Started process (PID=1158) to work on /home/airflow/.local/lib/python3.7/site-packages/airflow/example_dags/example_xcomargs.py
[2022-12-03T15:12:53.478+0000] {processor.py:743} INFO - Processing file /home/airflow/.local/lib/python3.7/site-packages/airflow/example_dags/example_xcomargs.py for tasks to queue
[2022-12-03T15:12:53.479+0000] {logging_mixin.py:137} INFO - [2022-12-03T15:12:53.479+0000] {dagbag.py:538} INFO - Filling up the DagBag from /home/airflow/.local/lib/python3.7/site-packages/airflow/example_dags/example_xcomargs.py
[2022-12-03T15:12:53.498+0000] {processor.py:753} INFO - DAG(s) dict_keys(['example_xcom_args_with_operators', 'example_xcom_args']) retrieved from /home/airflow/.local/lib/python3.7/site-packages/airflow/example_dags/example_xcomargs.py
[2022-12-03T15:12:53.525+0000] {logging_mixin.py:137} INFO - [2022-12-03T15:12:53.525+0000] {dag.py:2676} INFO - Sync 2 DAGs
[2022-12-03T15:12:53.546+0000] {logging_mixin.py:137} INFO - [2022-12-03T15:12:53.546+0000] {dag.py:3427} INFO - Setting next_dagrun for example_xcom_args to None, run_after=None
[2022-12-03T15:12:53.553+0000] {logging_mixin.py:137} INFO - [2022-12-03T15:12:53.553+0000] {dag.py:3427} INFO - Setting next_dagrun for example_xcom_args_with_operators to None, run_after=None
[2022-12-03T15:12:53.568+0000] {processor.py:175} INFO - Processing /home/airflow/.local/lib/python3.7/site-packages/airflow/example_dags/example_xcomargs.py took 0.097 seconds
[2022-12-03T15:13:23.906+0000] {processor.py:153} INFO - Started process (PID=1381) to work on /home/airflow/.local/lib/python3.7/site-packages/airflow/example_dags/example_xcomargs.py
[2022-12-03T15:13:23.907+0000] {processor.py:743} INFO - Processing file /home/airflow/.local/lib/python3.7/site-packages/airflow/example_dags/example_xcomargs.py for tasks to queue
[2022-12-03T15:13:23.909+0000] {logging_mixin.py:137} INFO - [2022-12-03T15:13:23.909+0000] {dagbag.py:538} INFO - Filling up the DagBag from /home/airflow/.local/lib/python3.7/site-packages/airflow/example_dags/example_xcomargs.py
[2022-12-03T15:13:23.926+0000] {processor.py:753} INFO - DAG(s) dict_keys(['example_xcom_args_with_operators', 'example_xcom_args']) retrieved from /home/airflow/.local/lib/python3.7/site-packages/airflow/example_dags/example_xcomargs.py
[2022-12-03T15:13:23.958+0000] {logging_mixin.py:137} INFO - [2022-12-03T15:13:23.958+0000] {dag.py:2676} INFO - Sync 2 DAGs
[2022-12-03T15:13:23.976+0000] {logging_mixin.py:137} INFO - [2022-12-03T15:13:23.976+0000] {dag.py:3427} INFO - Setting next_dagrun for example_xcom_args to None, run_after=None
[2022-12-03T15:13:23.979+0000] {logging_mixin.py:137} INFO - [2022-12-03T15:13:23.979+0000] {dag.py:3427} INFO - Setting next_dagrun for example_xcom_args_with_operators to None, run_after=None
[2022-12-03T15:13:23.990+0000] {processor.py:175} INFO - Processing /home/airflow/.local/lib/python3.7/site-packages/airflow/example_dags/example_xcomargs.py took 0.086 seconds
[2022-12-03T15:13:54.598+0000] {processor.py:153} INFO - Started process (PID=1598) to work on /home/airflow/.local/lib/python3.7/site-packages/airflow/example_dags/example_xcomargs.py
[2022-12-03T15:13:54.600+0000] {processor.py:743} INFO - Processing file /home/airflow/.local/lib/python3.7/site-packages/airflow/example_dags/example_xcomargs.py for tasks to queue
[2022-12-03T15:13:54.600+0000] {logging_mixin.py:137} INFO - [2022-12-03T15:13:54.600+0000] {dagbag.py:538} INFO - Filling up the DagBag from /home/airflow/.local/lib/python3.7/site-packages/airflow/example_dags/example_xcomargs.py
[2022-12-03T15:13:54.616+0000] {processor.py:753} INFO - DAG(s) dict_keys(['example_xcom_args_with_operators', 'example_xcom_args']) retrieved from /home/airflow/.local/lib/python3.7/site-packages/airflow/example_dags/example_xcomargs.py
[2022-12-03T15:13:54.644+0000] {logging_mixin.py:137} INFO - [2022-12-03T15:13:54.644+0000] {dag.py:2676} INFO - Sync 2 DAGs
[2022-12-03T15:13:54.660+0000] {logging_mixin.py:137} INFO - [2022-12-03T15:13:54.660+0000] {dag.py:3427} INFO - Setting next_dagrun for example_xcom_args to None, run_after=None
[2022-12-03T15:13:54.662+0000] {logging_mixin.py:137} INFO - [2022-12-03T15:13:54.662+0000] {dag.py:3427} INFO - Setting next_dagrun for example_xcom_args_with_operators to None, run_after=None
[2022-12-03T15:13:54.673+0000] {processor.py:175} INFO - Processing /home/airflow/.local/lib/python3.7/site-packages/airflow/example_dags/example_xcomargs.py took 0.077 seconds
[2022-12-03T15:14:24.897+0000] {processor.py:153} INFO - Started process (PID=1824) to work on /home/airflow/.local/lib/python3.7/site-packages/airflow/example_dags/example_xcomargs.py
[2022-12-03T15:14:24.898+0000] {processor.py:743} INFO - Processing file /home/airflow/.local/lib/python3.7/site-packages/airflow/example_dags/example_xcomargs.py for tasks to queue
[2022-12-03T15:14:24.899+0000] {logging_mixin.py:137} INFO - [2022-12-03T15:14:24.899+0000] {dagbag.py:538} INFO - Filling up the DagBag from /home/airflow/.local/lib/python3.7/site-packages/airflow/example_dags/example_xcomargs.py
[2022-12-03T15:14:24.914+0000] {processor.py:753} INFO - DAG(s) dict_keys(['example_xcom_args', 'example_xcom_args_with_operators']) retrieved from /home/airflow/.local/lib/python3.7/site-packages/airflow/example_dags/example_xcomargs.py
[2022-12-03T15:14:24.941+0000] {logging_mixin.py:137} INFO - [2022-12-03T15:14:24.941+0000] {dag.py:2676} INFO - Sync 2 DAGs
[2022-12-03T15:14:24.957+0000] {logging_mixin.py:137} INFO - [2022-12-03T15:14:24.957+0000] {dag.py:3427} INFO - Setting next_dagrun for example_xcom_args to None, run_after=None
[2022-12-03T15:14:24.960+0000] {logging_mixin.py:137} INFO - [2022-12-03T15:14:24.960+0000] {dag.py:3427} INFO - Setting next_dagrun for example_xcom_args_with_operators to None, run_after=None
[2022-12-03T15:14:24.970+0000] {processor.py:175} INFO - Processing /home/airflow/.local/lib/python3.7/site-packages/airflow/example_dags/example_xcomargs.py took 0.076 seconds
[2022-12-03T15:15:12.036+0000] {processor.py:153} INFO - Started process (PID=263) to work on /home/airflow/.local/lib/python3.7/site-packages/airflow/example_dags/example_xcomargs.py
[2022-12-03T15:15:12.037+0000] {processor.py:743} INFO - Processing file /home/airflow/.local/lib/python3.7/site-packages/airflow/example_dags/example_xcomargs.py for tasks to queue
[2022-12-03T15:15:12.038+0000] {logging_mixin.py:137} INFO - [2022-12-03T15:15:12.038+0000] {dagbag.py:538} INFO - Filling up the DagBag from /home/airflow/.local/lib/python3.7/site-packages/airflow/example_dags/example_xcomargs.py
[2022-12-03T15:15:12.057+0000] {processor.py:753} INFO - DAG(s) dict_keys(['example_xcom_args', 'example_xcom_args_with_operators']) retrieved from /home/airflow/.local/lib/python3.7/site-packages/airflow/example_dags/example_xcomargs.py
[2022-12-03T15:15:12.077+0000] {logging_mixin.py:137} INFO - [2022-12-03T15:15:12.077+0000] {dag.py:2676} INFO - Sync 2 DAGs
[2022-12-03T15:15:12.095+0000] {logging_mixin.py:137} INFO - [2022-12-03T15:15:12.095+0000] {dag.py:3427} INFO - Setting next_dagrun for example_xcom_args to None, run_after=None
[2022-12-03T15:15:12.097+0000] {logging_mixin.py:137} INFO - [2022-12-03T15:15:12.097+0000] {dag.py:3427} INFO - Setting next_dagrun for example_xcom_args_with_operators to None, run_after=None
[2022-12-03T15:15:12.108+0000] {processor.py:175} INFO - Processing /home/airflow/.local/lib/python3.7/site-packages/airflow/example_dags/example_xcomargs.py took 0.075 seconds
[2022-12-03T15:21:18.657+0000] {processor.py:153} INFO - Started process (PID=263) to work on /home/airflow/.local/lib/python3.7/site-packages/airflow/example_dags/example_xcomargs.py
[2022-12-03T15:21:18.659+0000] {processor.py:743} INFO - Processing file /home/airflow/.local/lib/python3.7/site-packages/airflow/example_dags/example_xcomargs.py for tasks to queue
[2022-12-03T15:21:18.660+0000] {logging_mixin.py:137} INFO - [2022-12-03T15:21:18.660+0000] {dagbag.py:538} INFO - Filling up the DagBag from /home/airflow/.local/lib/python3.7/site-packages/airflow/example_dags/example_xcomargs.py
[2022-12-03T15:21:18.676+0000] {processor.py:753} INFO - DAG(s) dict_keys(['example_xcom_args', 'example_xcom_args_with_operators']) retrieved from /home/airflow/.local/lib/python3.7/site-packages/airflow/example_dags/example_xcomargs.py
[2022-12-03T15:21:18.700+0000] {logging_mixin.py:137} INFO - [2022-12-03T15:21:18.700+0000] {dag.py:2676} INFO - Sync 2 DAGs
[2022-12-03T15:21:18.718+0000] {logging_mixin.py:137} INFO - [2022-12-03T15:21:18.718+0000] {dag.py:3427} INFO - Setting next_dagrun for example_xcom_args to None, run_after=None
[2022-12-03T15:21:18.721+0000] {logging_mixin.py:137} INFO - [2022-12-03T15:21:18.721+0000] {dag.py:3427} INFO - Setting next_dagrun for example_xcom_args_with_operators to None, run_after=None
[2022-12-03T15:21:18.736+0000] {processor.py:175} INFO - Processing /home/airflow/.local/lib/python3.7/site-packages/airflow/example_dags/example_xcomargs.py took 0.082 seconds
[2022-12-03T15:21:48.897+0000] {processor.py:153} INFO - Started process (PID=487) to work on /home/airflow/.local/lib/python3.7/site-packages/airflow/example_dags/example_xcomargs.py
[2022-12-03T15:21:48.899+0000] {processor.py:743} INFO - Processing file /home/airflow/.local/lib/python3.7/site-packages/airflow/example_dags/example_xcomargs.py for tasks to queue
[2022-12-03T15:21:48.899+0000] {logging_mixin.py:137} INFO - [2022-12-03T15:21:48.899+0000] {dagbag.py:538} INFO - Filling up the DagBag from /home/airflow/.local/lib/python3.7/site-packages/airflow/example_dags/example_xcomargs.py
[2022-12-03T15:21:48.915+0000] {processor.py:753} INFO - DAG(s) dict_keys(['example_xcom_args', 'example_xcom_args_with_operators']) retrieved from /home/airflow/.local/lib/python3.7/site-packages/airflow/example_dags/example_xcomargs.py
[2022-12-03T15:21:48.942+0000] {logging_mixin.py:137} INFO - [2022-12-03T15:21:48.942+0000] {dag.py:2676} INFO - Sync 2 DAGs
[2022-12-03T15:21:48.958+0000] {logging_mixin.py:137} INFO - [2022-12-03T15:21:48.958+0000] {dag.py:3427} INFO - Setting next_dagrun for example_xcom_args to None, run_after=None
[2022-12-03T15:21:48.961+0000] {logging_mixin.py:137} INFO - [2022-12-03T15:21:48.961+0000] {dag.py:3427} INFO - Setting next_dagrun for example_xcom_args_with_operators to None, run_after=None
[2022-12-03T15:21:48.972+0000] {processor.py:175} INFO - Processing /home/airflow/.local/lib/python3.7/site-packages/airflow/example_dags/example_xcomargs.py took 0.077 seconds
[2022-12-03T15:22:19.116+0000] {processor.py:153} INFO - Started process (PID=700) to work on /home/airflow/.local/lib/python3.7/site-packages/airflow/example_dags/example_xcomargs.py
[2022-12-03T15:22:19.117+0000] {processor.py:743} INFO - Processing file /home/airflow/.local/lib/python3.7/site-packages/airflow/example_dags/example_xcomargs.py for tasks to queue
[2022-12-03T15:22:19.118+0000] {logging_mixin.py:137} INFO - [2022-12-03T15:22:19.118+0000] {dagbag.py:538} INFO - Filling up the DagBag from /home/airflow/.local/lib/python3.7/site-packages/airflow/example_dags/example_xcomargs.py
[2022-12-03T15:22:19.135+0000] {processor.py:753} INFO - DAG(s) dict_keys(['example_xcom_args_with_operators', 'example_xcom_args']) retrieved from /home/airflow/.local/lib/python3.7/site-packages/airflow/example_dags/example_xcomargs.py
[2022-12-03T15:22:19.162+0000] {logging_mixin.py:137} INFO - [2022-12-03T15:22:19.162+0000] {dag.py:2676} INFO - Sync 2 DAGs
[2022-12-03T15:22:19.177+0000] {logging_mixin.py:137} INFO - [2022-12-03T15:22:19.177+0000] {dag.py:3427} INFO - Setting next_dagrun for example_xcom_args to None, run_after=None
[2022-12-03T15:22:19.180+0000] {logging_mixin.py:137} INFO - [2022-12-03T15:22:19.180+0000] {dag.py:3427} INFO - Setting next_dagrun for example_xcom_args_with_operators to None, run_after=None
[2022-12-03T15:22:19.190+0000] {processor.py:175} INFO - Processing /home/airflow/.local/lib/python3.7/site-packages/airflow/example_dags/example_xcomargs.py took 0.077 seconds
[2022-12-03T15:22:49.743+0000] {processor.py:153} INFO - Started process (PID=926) to work on /home/airflow/.local/lib/python3.7/site-packages/airflow/example_dags/example_xcomargs.py
[2022-12-03T15:22:49.744+0000] {processor.py:743} INFO - Processing file /home/airflow/.local/lib/python3.7/site-packages/airflow/example_dags/example_xcomargs.py for tasks to queue
[2022-12-03T15:22:49.746+0000] {logging_mixin.py:137} INFO - [2022-12-03T15:22:49.746+0000] {dagbag.py:538} INFO - Filling up the DagBag from /home/airflow/.local/lib/python3.7/site-packages/airflow/example_dags/example_xcomargs.py
[2022-12-03T15:22:49.766+0000] {processor.py:753} INFO - DAG(s) dict_keys(['example_xcom_args', 'example_xcom_args_with_operators']) retrieved from /home/airflow/.local/lib/python3.7/site-packages/airflow/example_dags/example_xcomargs.py
[2022-12-03T15:22:49.806+0000] {logging_mixin.py:137} INFO - [2022-12-03T15:22:49.805+0000] {dag.py:2676} INFO - Sync 2 DAGs
[2022-12-03T15:22:49.826+0000] {logging_mixin.py:137} INFO - [2022-12-03T15:22:49.825+0000] {dag.py:3427} INFO - Setting next_dagrun for example_xcom_args to None, run_after=None
[2022-12-03T15:22:49.829+0000] {logging_mixin.py:137} INFO - [2022-12-03T15:22:49.829+0000] {dag.py:3427} INFO - Setting next_dagrun for example_xcom_args_with_operators to None, run_after=None
[2022-12-03T15:22:49.841+0000] {processor.py:175} INFO - Processing /home/airflow/.local/lib/python3.7/site-packages/airflow/example_dags/example_xcomargs.py took 0.102 seconds
[2022-12-03T15:23:20.532+0000] {processor.py:153} INFO - Started process (PID=1153) to work on /home/airflow/.local/lib/python3.7/site-packages/airflow/example_dags/example_xcomargs.py
[2022-12-03T15:23:20.533+0000] {processor.py:743} INFO - Processing file /home/airflow/.local/lib/python3.7/site-packages/airflow/example_dags/example_xcomargs.py for tasks to queue
[2022-12-03T15:23:20.534+0000] {logging_mixin.py:137} INFO - [2022-12-03T15:23:20.534+0000] {dagbag.py:538} INFO - Filling up the DagBag from /home/airflow/.local/lib/python3.7/site-packages/airflow/example_dags/example_xcomargs.py
[2022-12-03T15:23:20.553+0000] {processor.py:753} INFO - DAG(s) dict_keys(['example_xcom_args_with_operators', 'example_xcom_args']) retrieved from /home/airflow/.local/lib/python3.7/site-packages/airflow/example_dags/example_xcomargs.py
[2022-12-03T15:23:20.586+0000] {logging_mixin.py:137} INFO - [2022-12-03T15:23:20.586+0000] {dag.py:2676} INFO - Sync 2 DAGs
[2022-12-03T15:23:20.602+0000] {logging_mixin.py:137} INFO - [2022-12-03T15:23:20.602+0000] {dag.py:3427} INFO - Setting next_dagrun for example_xcom_args to None, run_after=None
[2022-12-03T15:23:20.605+0000] {logging_mixin.py:137} INFO - [2022-12-03T15:23:20.605+0000] {dag.py:3427} INFO - Setting next_dagrun for example_xcom_args_with_operators to None, run_after=None
[2022-12-03T15:23:20.616+0000] {processor.py:175} INFO - Processing /home/airflow/.local/lib/python3.7/site-packages/airflow/example_dags/example_xcomargs.py took 0.086 seconds
[2022-12-03T15:23:51.015+0000] {processor.py:153} INFO - Started process (PID=1367) to work on /home/airflow/.local/lib/python3.7/site-packages/airflow/example_dags/example_xcomargs.py
[2022-12-03T15:23:51.016+0000] {processor.py:743} INFO - Processing file /home/airflow/.local/lib/python3.7/site-packages/airflow/example_dags/example_xcomargs.py for tasks to queue
[2022-12-03T15:23:51.017+0000] {logging_mixin.py:137} INFO - [2022-12-03T15:23:51.017+0000] {dagbag.py:538} INFO - Filling up the DagBag from /home/airflow/.local/lib/python3.7/site-packages/airflow/example_dags/example_xcomargs.py
[2022-12-03T15:23:51.033+0000] {processor.py:753} INFO - DAG(s) dict_keys(['example_xcom_args', 'example_xcom_args_with_operators']) retrieved from /home/airflow/.local/lib/python3.7/site-packages/airflow/example_dags/example_xcomargs.py
[2022-12-03T15:23:51.063+0000] {logging_mixin.py:137} INFO - [2022-12-03T15:23:51.063+0000] {dag.py:2676} INFO - Sync 2 DAGs
[2022-12-03T15:23:51.078+0000] {logging_mixin.py:137} INFO - [2022-12-03T15:23:51.078+0000] {dag.py:3427} INFO - Setting next_dagrun for example_xcom_args to None, run_after=None
[2022-12-03T15:23:51.081+0000] {logging_mixin.py:137} INFO - [2022-12-03T15:23:51.081+0000] {dag.py:3427} INFO - Setting next_dagrun for example_xcom_args_with_operators to None, run_after=None
[2022-12-03T15:23:51.092+0000] {processor.py:175} INFO - Processing /home/airflow/.local/lib/python3.7/site-packages/airflow/example_dags/example_xcomargs.py took 0.080 seconds
[2022-12-03T15:24:21.380+0000] {processor.py:153} INFO - Started process (PID=1594) to work on /home/airflow/.local/lib/python3.7/site-packages/airflow/example_dags/example_xcomargs.py
[2022-12-03T15:24:21.382+0000] {processor.py:743} INFO - Processing file /home/airflow/.local/lib/python3.7/site-packages/airflow/example_dags/example_xcomargs.py for tasks to queue
[2022-12-03T15:24:21.382+0000] {logging_mixin.py:137} INFO - [2022-12-03T15:24:21.382+0000] {dagbag.py:538} INFO - Filling up the DagBag from /home/airflow/.local/lib/python3.7/site-packages/airflow/example_dags/example_xcomargs.py
[2022-12-03T15:24:21.401+0000] {processor.py:753} INFO - DAG(s) dict_keys(['example_xcom_args', 'example_xcom_args_with_operators']) retrieved from /home/airflow/.local/lib/python3.7/site-packages/airflow/example_dags/example_xcomargs.py
[2022-12-03T15:24:21.432+0000] {logging_mixin.py:137} INFO - [2022-12-03T15:24:21.432+0000] {dag.py:2676} INFO - Sync 2 DAGs
[2022-12-03T15:24:21.452+0000] {logging_mixin.py:137} INFO - [2022-12-03T15:24:21.452+0000] {dag.py:3427} INFO - Setting next_dagrun for example_xcom_args to None, run_after=None
[2022-12-03T15:24:21.456+0000] {logging_mixin.py:137} INFO - [2022-12-03T15:24:21.455+0000] {dag.py:3427} INFO - Setting next_dagrun for example_xcom_args_with_operators to None, run_after=None
[2022-12-03T15:24:21.467+0000] {processor.py:175} INFO - Processing /home/airflow/.local/lib/python3.7/site-packages/airflow/example_dags/example_xcomargs.py took 0.089 seconds
[2022-12-03T15:24:51.935+0000] {processor.py:153} INFO - Started process (PID=1819) to work on /home/airflow/.local/lib/python3.7/site-packages/airflow/example_dags/example_xcomargs.py
[2022-12-03T15:24:51.937+0000] {processor.py:743} INFO - Processing file /home/airflow/.local/lib/python3.7/site-packages/airflow/example_dags/example_xcomargs.py for tasks to queue
[2022-12-03T15:24:51.937+0000] {logging_mixin.py:137} INFO - [2022-12-03T15:24:51.937+0000] {dagbag.py:538} INFO - Filling up the DagBag from /home/airflow/.local/lib/python3.7/site-packages/airflow/example_dags/example_xcomargs.py
[2022-12-03T15:24:51.953+0000] {processor.py:753} INFO - DAG(s) dict_keys(['example_xcom_args', 'example_xcom_args_with_operators']) retrieved from /home/airflow/.local/lib/python3.7/site-packages/airflow/example_dags/example_xcomargs.py
[2022-12-03T15:24:51.981+0000] {logging_mixin.py:137} INFO - [2022-12-03T15:24:51.981+0000] {dag.py:2676} INFO - Sync 2 DAGs
[2022-12-03T15:24:51.996+0000] {logging_mixin.py:137} INFO - [2022-12-03T15:24:51.996+0000] {dag.py:3427} INFO - Setting next_dagrun for example_xcom_args to None, run_after=None
[2022-12-03T15:24:51.998+0000] {logging_mixin.py:137} INFO - [2022-12-03T15:24:51.998+0000] {dag.py:3427} INFO - Setting next_dagrun for example_xcom_args_with_operators to None, run_after=None
[2022-12-03T15:24:52.008+0000] {processor.py:175} INFO - Processing /home/airflow/.local/lib/python3.7/site-packages/airflow/example_dags/example_xcomargs.py took 0.075 seconds
[2022-12-03T15:25:22.153+0000] {processor.py:153} INFO - Started process (PID=2034) to work on /home/airflow/.local/lib/python3.7/site-packages/airflow/example_dags/example_xcomargs.py
[2022-12-03T15:25:22.154+0000] {processor.py:743} INFO - Processing file /home/airflow/.local/lib/python3.7/site-packages/airflow/example_dags/example_xcomargs.py for tasks to queue
[2022-12-03T15:25:22.154+0000] {logging_mixin.py:137} INFO - [2022-12-03T15:25:22.154+0000] {dagbag.py:538} INFO - Filling up the DagBag from /home/airflow/.local/lib/python3.7/site-packages/airflow/example_dags/example_xcomargs.py
[2022-12-03T15:25:22.169+0000] {processor.py:753} INFO - DAG(s) dict_keys(['example_xcom_args_with_operators', 'example_xcom_args']) retrieved from /home/airflow/.local/lib/python3.7/site-packages/airflow/example_dags/example_xcomargs.py
[2022-12-03T15:25:22.195+0000] {logging_mixin.py:137} INFO - [2022-12-03T15:25:22.195+0000] {dag.py:2676} INFO - Sync 2 DAGs
[2022-12-03T15:25:22.209+0000] {logging_mixin.py:137} INFO - [2022-12-03T15:25:22.209+0000] {dag.py:3427} INFO - Setting next_dagrun for example_xcom_args to None, run_after=None
[2022-12-03T15:25:22.212+0000] {logging_mixin.py:137} INFO - [2022-12-03T15:25:22.212+0000] {dag.py:3427} INFO - Setting next_dagrun for example_xcom_args_with_operators to None, run_after=None
[2022-12-03T15:25:22.221+0000] {processor.py:175} INFO - Processing /home/airflow/.local/lib/python3.7/site-packages/airflow/example_dags/example_xcomargs.py took 0.071 seconds
[2022-12-03T15:25:52.497+0000] {processor.py:153} INFO - Started process (PID=2260) to work on /home/airflow/.local/lib/python3.7/site-packages/airflow/example_dags/example_xcomargs.py
[2022-12-03T15:25:52.498+0000] {processor.py:743} INFO - Processing file /home/airflow/.local/lib/python3.7/site-packages/airflow/example_dags/example_xcomargs.py for tasks to queue
[2022-12-03T15:25:52.499+0000] {logging_mixin.py:137} INFO - [2022-12-03T15:25:52.499+0000] {dagbag.py:538} INFO - Filling up the DagBag from /home/airflow/.local/lib/python3.7/site-packages/airflow/example_dags/example_xcomargs.py
[2022-12-03T15:25:52.516+0000] {processor.py:753} INFO - DAG(s) dict_keys(['example_xcom_args_with_operators', 'example_xcom_args']) retrieved from /home/airflow/.local/lib/python3.7/site-packages/airflow/example_dags/example_xcomargs.py
[2022-12-03T15:25:52.544+0000] {logging_mixin.py:137} INFO - [2022-12-03T15:25:52.544+0000] {dag.py:2676} INFO - Sync 2 DAGs
[2022-12-03T15:25:52.559+0000] {logging_mixin.py:137} INFO - [2022-12-03T15:25:52.559+0000] {dag.py:3427} INFO - Setting next_dagrun for example_xcom_args to None, run_after=None
[2022-12-03T15:25:52.563+0000] {logging_mixin.py:137} INFO - [2022-12-03T15:25:52.563+0000] {dag.py:3427} INFO - Setting next_dagrun for example_xcom_args_with_operators to None, run_after=None
[2022-12-03T15:25:52.572+0000] {processor.py:175} INFO - Processing /home/airflow/.local/lib/python3.7/site-packages/airflow/example_dags/example_xcomargs.py took 0.078 seconds
[2022-12-03T15:26:23.011+0000] {processor.py:153} INFO - Started process (PID=2485) to work on /home/airflow/.local/lib/python3.7/site-packages/airflow/example_dags/example_xcomargs.py
[2022-12-03T15:26:23.012+0000] {processor.py:743} INFO - Processing file /home/airflow/.local/lib/python3.7/site-packages/airflow/example_dags/example_xcomargs.py for tasks to queue
[2022-12-03T15:26:23.013+0000] {logging_mixin.py:137} INFO - [2022-12-03T15:26:23.012+0000] {dagbag.py:538} INFO - Filling up the DagBag from /home/airflow/.local/lib/python3.7/site-packages/airflow/example_dags/example_xcomargs.py
[2022-12-03T15:26:23.028+0000] {processor.py:753} INFO - DAG(s) dict_keys(['example_xcom_args_with_operators', 'example_xcom_args']) retrieved from /home/airflow/.local/lib/python3.7/site-packages/airflow/example_dags/example_xcomargs.py
[2022-12-03T15:26:23.056+0000] {logging_mixin.py:137} INFO - [2022-12-03T15:26:23.056+0000] {dag.py:2676} INFO - Sync 2 DAGs
[2022-12-03T15:26:23.070+0000] {logging_mixin.py:137} INFO - [2022-12-03T15:26:23.070+0000] {dag.py:3427} INFO - Setting next_dagrun for example_xcom_args to None, run_after=None
[2022-12-03T15:26:23.073+0000] {logging_mixin.py:137} INFO - [2022-12-03T15:26:23.073+0000] {dag.py:3427} INFO - Setting next_dagrun for example_xcom_args_with_operators to None, run_after=None
[2022-12-03T15:26:23.082+0000] {processor.py:175} INFO - Processing /home/airflow/.local/lib/python3.7/site-packages/airflow/example_dags/example_xcomargs.py took 0.074 seconds
[2022-12-03T15:26:53.191+0000] {processor.py:153} INFO - Started process (PID=2699) to work on /home/airflow/.local/lib/python3.7/site-packages/airflow/example_dags/example_xcomargs.py
[2022-12-03T15:26:53.192+0000] {processor.py:743} INFO - Processing file /home/airflow/.local/lib/python3.7/site-packages/airflow/example_dags/example_xcomargs.py for tasks to queue
[2022-12-03T15:26:53.193+0000] {logging_mixin.py:137} INFO - [2022-12-03T15:26:53.193+0000] {dagbag.py:538} INFO - Filling up the DagBag from /home/airflow/.local/lib/python3.7/site-packages/airflow/example_dags/example_xcomargs.py
[2022-12-03T15:26:53.208+0000] {processor.py:753} INFO - DAG(s) dict_keys(['example_xcom_args_with_operators', 'example_xcom_args']) retrieved from /home/airflow/.local/lib/python3.7/site-packages/airflow/example_dags/example_xcomargs.py
[2022-12-03T15:26:53.236+0000] {logging_mixin.py:137} INFO - [2022-12-03T15:26:53.236+0000] {dag.py:2676} INFO - Sync 2 DAGs
[2022-12-03T15:26:53.252+0000] {logging_mixin.py:137} INFO - [2022-12-03T15:26:53.252+0000] {dag.py:3427} INFO - Setting next_dagrun for example_xcom_args to None, run_after=None
[2022-12-03T15:26:53.254+0000] {logging_mixin.py:137} INFO - [2022-12-03T15:26:53.254+0000] {dag.py:3427} INFO - Setting next_dagrun for example_xcom_args_with_operators to None, run_after=None
[2022-12-03T15:26:53.264+0000] {processor.py:175} INFO - Processing /home/airflow/.local/lib/python3.7/site-packages/airflow/example_dags/example_xcomargs.py took 0.076 seconds
[2022-12-03T15:27:24.477+0000] {processor.py:153} INFO - Started process (PID=2925) to work on /home/airflow/.local/lib/python3.7/site-packages/airflow/example_dags/example_xcomargs.py
[2022-12-03T15:27:24.479+0000] {processor.py:743} INFO - Processing file /home/airflow/.local/lib/python3.7/site-packages/airflow/example_dags/example_xcomargs.py for tasks to queue
[2022-12-03T15:27:24.479+0000] {logging_mixin.py:137} INFO - [2022-12-03T15:27:24.479+0000] {dagbag.py:538} INFO - Filling up the DagBag from /home/airflow/.local/lib/python3.7/site-packages/airflow/example_dags/example_xcomargs.py
[2022-12-03T15:27:24.496+0000] {processor.py:753} INFO - DAG(s) dict_keys(['example_xcom_args_with_operators', 'example_xcom_args']) retrieved from /home/airflow/.local/lib/python3.7/site-packages/airflow/example_dags/example_xcomargs.py
[2022-12-03T15:27:24.524+0000] {logging_mixin.py:137} INFO - [2022-12-03T15:27:24.523+0000] {dag.py:2676} INFO - Sync 2 DAGs
[2022-12-03T15:27:24.538+0000] {logging_mixin.py:137} INFO - [2022-12-03T15:27:24.538+0000] {dag.py:3427} INFO - Setting next_dagrun for example_xcom_args to None, run_after=None
[2022-12-03T15:27:24.540+0000] {logging_mixin.py:137} INFO - [2022-12-03T15:27:24.540+0000] {dag.py:3427} INFO - Setting next_dagrun for example_xcom_args_with_operators to None, run_after=None
[2022-12-03T15:27:24.549+0000] {processor.py:175} INFO - Processing /home/airflow/.local/lib/python3.7/site-packages/airflow/example_dags/example_xcomargs.py took 0.074 seconds
[2022-12-03T15:27:54.729+0000] {processor.py:153} INFO - Started process (PID=3152) to work on /home/airflow/.local/lib/python3.7/site-packages/airflow/example_dags/example_xcomargs.py
[2022-12-03T15:27:54.730+0000] {processor.py:743} INFO - Processing file /home/airflow/.local/lib/python3.7/site-packages/airflow/example_dags/example_xcomargs.py for tasks to queue
[2022-12-03T15:27:54.730+0000] {logging_mixin.py:137} INFO - [2022-12-03T15:27:54.730+0000] {dagbag.py:538} INFO - Filling up the DagBag from /home/airflow/.local/lib/python3.7/site-packages/airflow/example_dags/example_xcomargs.py
[2022-12-03T15:27:54.745+0000] {processor.py:753} INFO - DAG(s) dict_keys(['example_xcom_args', 'example_xcom_args_with_operators']) retrieved from /home/airflow/.local/lib/python3.7/site-packages/airflow/example_dags/example_xcomargs.py
[2022-12-03T15:27:54.771+0000] {logging_mixin.py:137} INFO - [2022-12-03T15:27:54.771+0000] {dag.py:2676} INFO - Sync 2 DAGs
[2022-12-03T15:27:54.785+0000] {logging_mixin.py:137} INFO - [2022-12-03T15:27:54.785+0000] {dag.py:3427} INFO - Setting next_dagrun for example_xcom_args to None, run_after=None
[2022-12-03T15:27:54.788+0000] {logging_mixin.py:137} INFO - [2022-12-03T15:27:54.787+0000] {dag.py:3427} INFO - Setting next_dagrun for example_xcom_args_with_operators to None, run_after=None
[2022-12-03T15:27:54.797+0000] {processor.py:175} INFO - Processing /home/airflow/.local/lib/python3.7/site-packages/airflow/example_dags/example_xcomargs.py took 0.070 seconds
[2022-12-03T15:28:25.113+0000] {processor.py:153} INFO - Started process (PID=3365) to work on /home/airflow/.local/lib/python3.7/site-packages/airflow/example_dags/example_xcomargs.py
[2022-12-03T15:28:25.114+0000] {processor.py:743} INFO - Processing file /home/airflow/.local/lib/python3.7/site-packages/airflow/example_dags/example_xcomargs.py for tasks to queue
[2022-12-03T15:28:25.115+0000] {logging_mixin.py:137} INFO - [2022-12-03T15:28:25.114+0000] {dagbag.py:538} INFO - Filling up the DagBag from /home/airflow/.local/lib/python3.7/site-packages/airflow/example_dags/example_xcomargs.py
[2022-12-03T15:28:25.129+0000] {processor.py:753} INFO - DAG(s) dict_keys(['example_xcom_args', 'example_xcom_args_with_operators']) retrieved from /home/airflow/.local/lib/python3.7/site-packages/airflow/example_dags/example_xcomargs.py
[2022-12-03T15:28:25.155+0000] {logging_mixin.py:137} INFO - [2022-12-03T15:28:25.155+0000] {dag.py:2676} INFO - Sync 2 DAGs
[2022-12-03T15:28:25.169+0000] {logging_mixin.py:137} INFO - [2022-12-03T15:28:25.169+0000] {dag.py:3427} INFO - Setting next_dagrun for example_xcom_args to None, run_after=None
[2022-12-03T15:28:25.172+0000] {logging_mixin.py:137} INFO - [2022-12-03T15:28:25.171+0000] {dag.py:3427} INFO - Setting next_dagrun for example_xcom_args_with_operators to None, run_after=None
[2022-12-03T15:28:25.181+0000] {processor.py:175} INFO - Processing /home/airflow/.local/lib/python3.7/site-packages/airflow/example_dags/example_xcomargs.py took 0.071 seconds
[2022-12-03T15:28:55.741+0000] {processor.py:153} INFO - Started process (PID=3590) to work on /home/airflow/.local/lib/python3.7/site-packages/airflow/example_dags/example_xcomargs.py
[2022-12-03T15:28:55.743+0000] {processor.py:743} INFO - Processing file /home/airflow/.local/lib/python3.7/site-packages/airflow/example_dags/example_xcomargs.py for tasks to queue
[2022-12-03T15:28:55.743+0000] {logging_mixin.py:137} INFO - [2022-12-03T15:28:55.743+0000] {dagbag.py:538} INFO - Filling up the DagBag from /home/airflow/.local/lib/python3.7/site-packages/airflow/example_dags/example_xcomargs.py
[2022-12-03T15:28:55.759+0000] {processor.py:753} INFO - DAG(s) dict_keys(['example_xcom_args_with_operators', 'example_xcom_args']) retrieved from /home/airflow/.local/lib/python3.7/site-packages/airflow/example_dags/example_xcomargs.py
[2022-12-03T15:28:55.787+0000] {logging_mixin.py:137} INFO - [2022-12-03T15:28:55.787+0000] {dag.py:2676} INFO - Sync 2 DAGs
[2022-12-03T15:28:55.802+0000] {logging_mixin.py:137} INFO - [2022-12-03T15:28:55.802+0000] {dag.py:3427} INFO - Setting next_dagrun for example_xcom_args to None, run_after=None
[2022-12-03T15:28:55.805+0000] {logging_mixin.py:137} INFO - [2022-12-03T15:28:55.805+0000] {dag.py:3427} INFO - Setting next_dagrun for example_xcom_args_with_operators to None, run_after=None
[2022-12-03T15:28:55.814+0000] {processor.py:175} INFO - Processing /home/airflow/.local/lib/python3.7/site-packages/airflow/example_dags/example_xcomargs.py took 0.075 seconds
[2022-12-03T15:29:25.873+0000] {processor.py:153} INFO - Started process (PID=3816) to work on /home/airflow/.local/lib/python3.7/site-packages/airflow/example_dags/example_xcomargs.py
[2022-12-03T15:29:25.874+0000] {processor.py:743} INFO - Processing file /home/airflow/.local/lib/python3.7/site-packages/airflow/example_dags/example_xcomargs.py for tasks to queue
[2022-12-03T15:29:25.875+0000] {logging_mixin.py:137} INFO - [2022-12-03T15:29:25.875+0000] {dagbag.py:538} INFO - Filling up the DagBag from /home/airflow/.local/lib/python3.7/site-packages/airflow/example_dags/example_xcomargs.py
[2022-12-03T15:29:25.891+0000] {processor.py:753} INFO - DAG(s) dict_keys(['example_xcom_args', 'example_xcom_args_with_operators']) retrieved from /home/airflow/.local/lib/python3.7/site-packages/airflow/example_dags/example_xcomargs.py
[2022-12-03T15:29:25.919+0000] {logging_mixin.py:137} INFO - [2022-12-03T15:29:25.919+0000] {dag.py:2676} INFO - Sync 2 DAGs
[2022-12-03T15:29:25.933+0000] {logging_mixin.py:137} INFO - [2022-12-03T15:29:25.933+0000] {dag.py:3427} INFO - Setting next_dagrun for example_xcom_args to None, run_after=None
[2022-12-03T15:29:25.936+0000] {logging_mixin.py:137} INFO - [2022-12-03T15:29:25.936+0000] {dag.py:3427} INFO - Setting next_dagrun for example_xcom_args_with_operators to None, run_after=None
[2022-12-03T15:29:25.945+0000] {processor.py:175} INFO - Processing /home/airflow/.local/lib/python3.7/site-packages/airflow/example_dags/example_xcomargs.py took 0.075 seconds
[2022-12-03T15:29:56.090+0000] {processor.py:153} INFO - Started process (PID=4039) to work on /home/airflow/.local/lib/python3.7/site-packages/airflow/example_dags/example_xcomargs.py
[2022-12-03T15:29:56.091+0000] {processor.py:743} INFO - Processing file /home/airflow/.local/lib/python3.7/site-packages/airflow/example_dags/example_xcomargs.py for tasks to queue
[2022-12-03T15:29:56.092+0000] {logging_mixin.py:137} INFO - [2022-12-03T15:29:56.092+0000] {dagbag.py:538} INFO - Filling up the DagBag from /home/airflow/.local/lib/python3.7/site-packages/airflow/example_dags/example_xcomargs.py
[2022-12-03T15:29:56.108+0000] {processor.py:753} INFO - DAG(s) dict_keys(['example_xcom_args', 'example_xcom_args_with_operators']) retrieved from /home/airflow/.local/lib/python3.7/site-packages/airflow/example_dags/example_xcomargs.py
[2022-12-03T15:29:56.141+0000] {logging_mixin.py:137} INFO - [2022-12-03T15:29:56.141+0000] {dag.py:2676} INFO - Sync 2 DAGs
[2022-12-03T15:29:56.158+0000] {logging_mixin.py:137} INFO - [2022-12-03T15:29:56.158+0000] {dag.py:3427} INFO - Setting next_dagrun for example_xcom_args to None, run_after=None
[2022-12-03T15:29:56.161+0000] {logging_mixin.py:137} INFO - [2022-12-03T15:29:56.161+0000] {dag.py:3427} INFO - Setting next_dagrun for example_xcom_args_with_operators to None, run_after=None
[2022-12-03T15:29:56.174+0000] {processor.py:175} INFO - Processing /home/airflow/.local/lib/python3.7/site-packages/airflow/example_dags/example_xcomargs.py took 0.087 seconds
[2022-12-03T15:30:26.620+0000] {processor.py:153} INFO - Started process (PID=4256) to work on /home/airflow/.local/lib/python3.7/site-packages/airflow/example_dags/example_xcomargs.py
[2022-12-03T15:30:26.622+0000] {processor.py:743} INFO - Processing file /home/airflow/.local/lib/python3.7/site-packages/airflow/example_dags/example_xcomargs.py for tasks to queue
[2022-12-03T15:30:26.623+0000] {logging_mixin.py:137} INFO - [2022-12-03T15:30:26.623+0000] {dagbag.py:538} INFO - Filling up the DagBag from /home/airflow/.local/lib/python3.7/site-packages/airflow/example_dags/example_xcomargs.py
[2022-12-03T15:30:26.640+0000] {processor.py:753} INFO - DAG(s) dict_keys(['example_xcom_args_with_operators', 'example_xcom_args']) retrieved from /home/airflow/.local/lib/python3.7/site-packages/airflow/example_dags/example_xcomargs.py
[2022-12-03T15:30:26.669+0000] {logging_mixin.py:137} INFO - [2022-12-03T15:30:26.669+0000] {dag.py:2676} INFO - Sync 2 DAGs
[2022-12-03T15:30:26.686+0000] {logging_mixin.py:137} INFO - [2022-12-03T15:30:26.686+0000] {dag.py:3427} INFO - Setting next_dagrun for example_xcom_args to None, run_after=None
[2022-12-03T15:30:26.688+0000] {logging_mixin.py:137} INFO - [2022-12-03T15:30:26.688+0000] {dag.py:3427} INFO - Setting next_dagrun for example_xcom_args_with_operators to None, run_after=None
[2022-12-03T15:30:26.700+0000] {processor.py:175} INFO - Processing /home/airflow/.local/lib/python3.7/site-packages/airflow/example_dags/example_xcomargs.py took 0.082 seconds
[2022-12-03T15:30:56.936+0000] {processor.py:153} INFO - Started process (PID=4482) to work on /home/airflow/.local/lib/python3.7/site-packages/airflow/example_dags/example_xcomargs.py
[2022-12-03T15:30:56.937+0000] {processor.py:743} INFO - Processing file /home/airflow/.local/lib/python3.7/site-packages/airflow/example_dags/example_xcomargs.py for tasks to queue
[2022-12-03T15:30:56.938+0000] {logging_mixin.py:137} INFO - [2022-12-03T15:30:56.938+0000] {dagbag.py:538} INFO - Filling up the DagBag from /home/airflow/.local/lib/python3.7/site-packages/airflow/example_dags/example_xcomargs.py
[2022-12-03T15:30:56.953+0000] {processor.py:753} INFO - DAG(s) dict_keys(['example_xcom_args', 'example_xcom_args_with_operators']) retrieved from /home/airflow/.local/lib/python3.7/site-packages/airflow/example_dags/example_xcomargs.py
[2022-12-03T15:30:56.980+0000] {logging_mixin.py:137} INFO - [2022-12-03T15:30:56.980+0000] {dag.py:2676} INFO - Sync 2 DAGs
[2022-12-03T15:30:56.997+0000] {logging_mixin.py:137} INFO - [2022-12-03T15:30:56.997+0000] {dag.py:3427} INFO - Setting next_dagrun for example_xcom_args to None, run_after=None
[2022-12-03T15:30:56.999+0000] {logging_mixin.py:137} INFO - [2022-12-03T15:30:56.999+0000] {dag.py:3427} INFO - Setting next_dagrun for example_xcom_args_with_operators to None, run_after=None
[2022-12-03T15:30:57.009+0000] {processor.py:175} INFO - Processing /home/airflow/.local/lib/python3.7/site-packages/airflow/example_dags/example_xcomargs.py took 0.075 seconds
[2022-12-03T15:31:27.168+0000] {processor.py:153} INFO - Started process (PID=4702) to work on /home/airflow/.local/lib/python3.7/site-packages/airflow/example_dags/example_xcomargs.py
[2022-12-03T15:31:27.169+0000] {processor.py:743} INFO - Processing file /home/airflow/.local/lib/python3.7/site-packages/airflow/example_dags/example_xcomargs.py for tasks to queue
[2022-12-03T15:31:27.170+0000] {logging_mixin.py:137} INFO - [2022-12-03T15:31:27.170+0000] {dagbag.py:538} INFO - Filling up the DagBag from /home/airflow/.local/lib/python3.7/site-packages/airflow/example_dags/example_xcomargs.py
[2022-12-03T15:31:27.187+0000] {processor.py:753} INFO - DAG(s) dict_keys(['example_xcom_args', 'example_xcom_args_with_operators']) retrieved from /home/airflow/.local/lib/python3.7/site-packages/airflow/example_dags/example_xcomargs.py
[2022-12-03T15:31:27.222+0000] {logging_mixin.py:137} INFO - [2022-12-03T15:31:27.222+0000] {dag.py:2676} INFO - Sync 2 DAGs
[2022-12-03T15:31:27.242+0000] {logging_mixin.py:137} INFO - [2022-12-03T15:31:27.242+0000] {dag.py:3427} INFO - Setting next_dagrun for example_xcom_args to None, run_after=None
[2022-12-03T15:31:27.244+0000] {logging_mixin.py:137} INFO - [2022-12-03T15:31:27.244+0000] {dag.py:3427} INFO - Setting next_dagrun for example_xcom_args_with_operators to None, run_after=None
[2022-12-03T15:31:27.254+0000] {processor.py:175} INFO - Processing /home/airflow/.local/lib/python3.7/site-packages/airflow/example_dags/example_xcomargs.py took 0.089 seconds
[2022-12-03T15:31:58.051+0000] {processor.py:153} INFO - Started process (PID=4921) to work on /home/airflow/.local/lib/python3.7/site-packages/airflow/example_dags/example_xcomargs.py
[2022-12-03T15:31:58.052+0000] {processor.py:743} INFO - Processing file /home/airflow/.local/lib/python3.7/site-packages/airflow/example_dags/example_xcomargs.py for tasks to queue
[2022-12-03T15:31:58.052+0000] {logging_mixin.py:137} INFO - [2022-12-03T15:31:58.052+0000] {dagbag.py:538} INFO - Filling up the DagBag from /home/airflow/.local/lib/python3.7/site-packages/airflow/example_dags/example_xcomargs.py
[2022-12-03T15:31:58.070+0000] {processor.py:753} INFO - DAG(s) dict_keys(['example_xcom_args_with_operators', 'example_xcom_args']) retrieved from /home/airflow/.local/lib/python3.7/site-packages/airflow/example_dags/example_xcomargs.py
[2022-12-03T15:31:58.100+0000] {logging_mixin.py:137} INFO - [2022-12-03T15:31:58.099+0000] {dag.py:2676} INFO - Sync 2 DAGs
[2022-12-03T15:31:58.114+0000] {logging_mixin.py:137} INFO - [2022-12-03T15:31:58.114+0000] {dag.py:3427} INFO - Setting next_dagrun for example_xcom_args to None, run_after=None
[2022-12-03T15:31:58.117+0000] {logging_mixin.py:137} INFO - [2022-12-03T15:31:58.117+0000] {dag.py:3427} INFO - Setting next_dagrun for example_xcom_args_with_operators to None, run_after=None
[2022-12-03T15:31:58.126+0000] {processor.py:175} INFO - Processing /home/airflow/.local/lib/python3.7/site-packages/airflow/example_dags/example_xcomargs.py took 0.078 seconds
[2022-12-03T15:32:28.501+0000] {processor.py:153} INFO - Started process (PID=5147) to work on /home/airflow/.local/lib/python3.7/site-packages/airflow/example_dags/example_xcomargs.py
[2022-12-03T15:32:28.502+0000] {processor.py:743} INFO - Processing file /home/airflow/.local/lib/python3.7/site-packages/airflow/example_dags/example_xcomargs.py for tasks to queue
[2022-12-03T15:32:28.503+0000] {logging_mixin.py:137} INFO - [2022-12-03T15:32:28.503+0000] {dagbag.py:538} INFO - Filling up the DagBag from /home/airflow/.local/lib/python3.7/site-packages/airflow/example_dags/example_xcomargs.py
[2022-12-03T15:32:28.521+0000] {processor.py:753} INFO - DAG(s) dict_keys(['example_xcom_args', 'example_xcom_args_with_operators']) retrieved from /home/airflow/.local/lib/python3.7/site-packages/airflow/example_dags/example_xcomargs.py
[2022-12-03T15:32:28.554+0000] {logging_mixin.py:137} INFO - [2022-12-03T15:32:28.554+0000] {dag.py:2676} INFO - Sync 2 DAGs
[2022-12-03T15:32:28.568+0000] {logging_mixin.py:137} INFO - [2022-12-03T15:32:28.568+0000] {dag.py:3427} INFO - Setting next_dagrun for example_xcom_args to None, run_after=None
[2022-12-03T15:32:28.571+0000] {logging_mixin.py:137} INFO - [2022-12-03T15:32:28.571+0000] {dag.py:3427} INFO - Setting next_dagrun for example_xcom_args_with_operators to None, run_after=None
[2022-12-03T15:32:28.581+0000] {processor.py:175} INFO - Processing /home/airflow/.local/lib/python3.7/site-packages/airflow/example_dags/example_xcomargs.py took 0.083 seconds
[2022-12-03T15:32:59.153+0000] {processor.py:153} INFO - Started process (PID=5361) to work on /home/airflow/.local/lib/python3.7/site-packages/airflow/example_dags/example_xcomargs.py
[2022-12-03T15:32:59.154+0000] {processor.py:743} INFO - Processing file /home/airflow/.local/lib/python3.7/site-packages/airflow/example_dags/example_xcomargs.py for tasks to queue
[2022-12-03T15:32:59.155+0000] {logging_mixin.py:137} INFO - [2022-12-03T15:32:59.155+0000] {dagbag.py:538} INFO - Filling up the DagBag from /home/airflow/.local/lib/python3.7/site-packages/airflow/example_dags/example_xcomargs.py
[2022-12-03T15:32:59.171+0000] {processor.py:753} INFO - DAG(s) dict_keys(['example_xcom_args_with_operators', 'example_xcom_args']) retrieved from /home/airflow/.local/lib/python3.7/site-packages/airflow/example_dags/example_xcomargs.py
[2022-12-03T15:32:59.200+0000] {logging_mixin.py:137} INFO - [2022-12-03T15:32:59.200+0000] {dag.py:2676} INFO - Sync 2 DAGs
[2022-12-03T15:32:59.217+0000] {logging_mixin.py:137} INFO - [2022-12-03T15:32:59.217+0000] {dag.py:3427} INFO - Setting next_dagrun for example_xcom_args to None, run_after=None
[2022-12-03T15:32:59.219+0000] {logging_mixin.py:137} INFO - [2022-12-03T15:32:59.219+0000] {dag.py:3427} INFO - Setting next_dagrun for example_xcom_args_with_operators to None, run_after=None
[2022-12-03T15:32:59.228+0000] {processor.py:175} INFO - Processing /home/airflow/.local/lib/python3.7/site-packages/airflow/example_dags/example_xcomargs.py took 0.078 seconds
