[2022-12-03T15:08:52.143+0000] {processor.py:153} INFO - Started process (PID=199) to work on /home/airflow/.local/lib/python3.7/site-packages/airflow/example_dags/example_branch_python_dop_operator_3.py
[2022-12-03T15:08:52.145+0000] {processor.py:743} INFO - Processing file /home/airflow/.local/lib/python3.7/site-packages/airflow/example_dags/example_branch_python_dop_operator_3.py for tasks to queue
[2022-12-03T15:08:52.146+0000] {logging_mixin.py:137} INFO - [2022-12-03T15:08:52.146+0000] {dagbag.py:538} INFO - Filling up the DagBag from /home/airflow/.local/lib/python3.7/site-packages/airflow/example_dags/example_branch_python_dop_operator_3.py
[2022-12-03T15:08:52.169+0000] {processor.py:753} INFO - DAG(s) dict_keys(['example_branch_dop_operator_v3']) retrieved from /home/airflow/.local/lib/python3.7/site-packages/airflow/example_dags/example_branch_python_dop_operator_3.py
[2022-12-03T15:08:52.195+0000] {logging_mixin.py:137} INFO - [2022-12-03T15:08:52.195+0000] {dag.py:2676} INFO - Sync 1 DAGs
[2022-12-03T15:08:52.223+0000] {logging_mixin.py:137} INFO - [2022-12-03T15:08:52.223+0000] {dag.py:3427} INFO - Setting next_dagrun for example_branch_dop_operator_v3 to 2022-12-03T15:07:00+00:00, run_after=2022-12-03T15:08:00+00:00
[2022-12-03T15:08:52.241+0000] {processor.py:175} INFO - Processing /home/airflow/.local/lib/python3.7/site-packages/airflow/example_dags/example_branch_python_dop_operator_3.py took 0.101 seconds
[2022-12-03T15:09:22.580+0000] {processor.py:153} INFO - Started process (PID=425) to work on /home/airflow/.local/lib/python3.7/site-packages/airflow/example_dags/example_branch_python_dop_operator_3.py
[2022-12-03T15:09:22.582+0000] {processor.py:743} INFO - Processing file /home/airflow/.local/lib/python3.7/site-packages/airflow/example_dags/example_branch_python_dop_operator_3.py for tasks to queue
[2022-12-03T15:09:22.583+0000] {logging_mixin.py:137} INFO - [2022-12-03T15:09:22.583+0000] {dagbag.py:538} INFO - Filling up the DagBag from /home/airflow/.local/lib/python3.7/site-packages/airflow/example_dags/example_branch_python_dop_operator_3.py
[2022-12-03T15:09:22.601+0000] {processor.py:753} INFO - DAG(s) dict_keys(['example_branch_dop_operator_v3']) retrieved from /home/airflow/.local/lib/python3.7/site-packages/airflow/example_dags/example_branch_python_dop_operator_3.py
[2022-12-03T15:09:22.619+0000] {logging_mixin.py:137} INFO - [2022-12-03T15:09:22.619+0000] {dag.py:2676} INFO - Sync 1 DAGs
[2022-12-03T15:09:22.637+0000] {logging_mixin.py:137} INFO - [2022-12-03T15:09:22.637+0000] {dag.py:3427} INFO - Setting next_dagrun for example_branch_dop_operator_v3 to 2022-12-03T15:08:00+00:00, run_after=2022-12-03T15:09:00+00:00
[2022-12-03T15:09:22.648+0000] {processor.py:175} INFO - Processing /home/airflow/.local/lib/python3.7/site-packages/airflow/example_dags/example_branch_python_dop_operator_3.py took 0.071 seconds
[2022-12-03T15:09:52.899+0000] {processor.py:153} INFO - Started process (PID=638) to work on /home/airflow/.local/lib/python3.7/site-packages/airflow/example_dags/example_branch_python_dop_operator_3.py
[2022-12-03T15:09:52.900+0000] {processor.py:743} INFO - Processing file /home/airflow/.local/lib/python3.7/site-packages/airflow/example_dags/example_branch_python_dop_operator_3.py for tasks to queue
[2022-12-03T15:09:52.901+0000] {logging_mixin.py:137} INFO - [2022-12-03T15:09:52.901+0000] {dagbag.py:538} INFO - Filling up the DagBag from /home/airflow/.local/lib/python3.7/site-packages/airflow/example_dags/example_branch_python_dop_operator_3.py
[2022-12-03T15:09:52.921+0000] {processor.py:753} INFO - DAG(s) dict_keys(['example_branch_dop_operator_v3']) retrieved from /home/airflow/.local/lib/python3.7/site-packages/airflow/example_dags/example_branch_python_dop_operator_3.py
[2022-12-03T15:09:52.955+0000] {logging_mixin.py:137} INFO - [2022-12-03T15:09:52.955+0000] {dag.py:2676} INFO - Sync 1 DAGs
[2022-12-03T15:09:52.981+0000] {logging_mixin.py:137} INFO - [2022-12-03T15:09:52.981+0000] {dag.py:3427} INFO - Setting next_dagrun for example_branch_dop_operator_v3 to 2022-12-03T15:08:00+00:00, run_after=2022-12-03T15:09:00+00:00
[2022-12-03T15:09:53.006+0000] {processor.py:175} INFO - Processing /home/airflow/.local/lib/python3.7/site-packages/airflow/example_dags/example_branch_python_dop_operator_3.py took 0.110 seconds
[2022-12-03T15:10:24.438+0000] {processor.py:153} INFO - Started process (PID=859) to work on /home/airflow/.local/lib/python3.7/site-packages/airflow/example_dags/example_branch_python_dop_operator_3.py
[2022-12-03T15:10:24.443+0000] {processor.py:743} INFO - Processing file /home/airflow/.local/lib/python3.7/site-packages/airflow/example_dags/example_branch_python_dop_operator_3.py for tasks to queue
[2022-12-03T15:10:24.445+0000] {logging_mixin.py:137} INFO - [2022-12-03T15:10:24.445+0000] {dagbag.py:538} INFO - Filling up the DagBag from /home/airflow/.local/lib/python3.7/site-packages/airflow/example_dags/example_branch_python_dop_operator_3.py
[2022-12-03T15:10:24.491+0000] {processor.py:753} INFO - DAG(s) dict_keys(['example_branch_dop_operator_v3']) retrieved from /home/airflow/.local/lib/python3.7/site-packages/airflow/example_dags/example_branch_python_dop_operator_3.py
[2022-12-03T15:10:24.565+0000] {logging_mixin.py:137} INFO - [2022-12-03T15:10:24.565+0000] {dag.py:2676} INFO - Sync 1 DAGs
[2022-12-03T15:10:24.620+0000] {logging_mixin.py:137} INFO - [2022-12-03T15:10:24.620+0000] {dag.py:3427} INFO - Setting next_dagrun for example_branch_dop_operator_v3 to 2022-12-03T15:09:00+00:00, run_after=2022-12-03T15:10:00+00:00
[2022-12-03T15:10:24.649+0000] {processor.py:175} INFO - Processing /home/airflow/.local/lib/python3.7/site-packages/airflow/example_dags/example_branch_python_dop_operator_3.py took 0.214 seconds
[2022-12-03T15:10:50.926+0000] {processor.py:153} INFO - Started process (PID=199) to work on /home/airflow/.local/lib/python3.7/site-packages/airflow/example_dags/example_branch_python_dop_operator_3.py
[2022-12-03T15:10:50.927+0000] {processor.py:743} INFO - Processing file /home/airflow/.local/lib/python3.7/site-packages/airflow/example_dags/example_branch_python_dop_operator_3.py for tasks to queue
[2022-12-03T15:10:50.930+0000] {logging_mixin.py:137} INFO - [2022-12-03T15:10:50.930+0000] {dagbag.py:538} INFO - Filling up the DagBag from /home/airflow/.local/lib/python3.7/site-packages/airflow/example_dags/example_branch_python_dop_operator_3.py
[2022-12-03T15:10:50.954+0000] {processor.py:753} INFO - DAG(s) dict_keys(['example_branch_dop_operator_v3']) retrieved from /home/airflow/.local/lib/python3.7/site-packages/airflow/example_dags/example_branch_python_dop_operator_3.py
[2022-12-03T15:10:50.991+0000] {logging_mixin.py:137} INFO - [2022-12-03T15:10:50.991+0000] {dag.py:2676} INFO - Sync 1 DAGs
[2022-12-03T15:10:51.017+0000] {logging_mixin.py:137} INFO - [2022-12-03T15:10:51.017+0000] {dag.py:3427} INFO - Setting next_dagrun for example_branch_dop_operator_v3 to 2022-12-03T15:09:00+00:00, run_after=2022-12-03T15:10:00+00:00
[2022-12-03T15:10:51.028+0000] {processor.py:175} INFO - Processing /home/airflow/.local/lib/python3.7/site-packages/airflow/example_dags/example_branch_python_dop_operator_3.py took 0.105 seconds
[2022-12-03T15:11:21.679+0000] {processor.py:153} INFO - Started process (PID=425) to work on /home/airflow/.local/lib/python3.7/site-packages/airflow/example_dags/example_branch_python_dop_operator_3.py
[2022-12-03T15:11:21.680+0000] {processor.py:743} INFO - Processing file /home/airflow/.local/lib/python3.7/site-packages/airflow/example_dags/example_branch_python_dop_operator_3.py for tasks to queue
[2022-12-03T15:11:21.680+0000] {logging_mixin.py:137} INFO - [2022-12-03T15:11:21.680+0000] {dagbag.py:538} INFO - Filling up the DagBag from /home/airflow/.local/lib/python3.7/site-packages/airflow/example_dags/example_branch_python_dop_operator_3.py
[2022-12-03T15:11:21.694+0000] {processor.py:753} INFO - DAG(s) dict_keys(['example_branch_dop_operator_v3']) retrieved from /home/airflow/.local/lib/python3.7/site-packages/airflow/example_dags/example_branch_python_dop_operator_3.py
[2022-12-03T15:11:21.718+0000] {logging_mixin.py:137} INFO - [2022-12-03T15:11:21.718+0000] {dag.py:2676} INFO - Sync 1 DAGs
[2022-12-03T15:11:21.734+0000] {logging_mixin.py:137} INFO - [2022-12-03T15:11:21.734+0000] {dag.py:3427} INFO - Setting next_dagrun for example_branch_dop_operator_v3 to 2022-12-03T15:10:00+00:00, run_after=2022-12-03T15:11:00+00:00
[2022-12-03T15:11:21.747+0000] {processor.py:175} INFO - Processing /home/airflow/.local/lib/python3.7/site-packages/airflow/example_dags/example_branch_python_dop_operator_3.py took 0.071 seconds
[2022-12-03T15:11:52.020+0000] {processor.py:153} INFO - Started process (PID=649) to work on /home/airflow/.local/lib/python3.7/site-packages/airflow/example_dags/example_branch_python_dop_operator_3.py
[2022-12-03T15:11:52.021+0000] {processor.py:743} INFO - Processing file /home/airflow/.local/lib/python3.7/site-packages/airflow/example_dags/example_branch_python_dop_operator_3.py for tasks to queue
[2022-12-03T15:11:52.022+0000] {logging_mixin.py:137} INFO - [2022-12-03T15:11:52.022+0000] {dagbag.py:538} INFO - Filling up the DagBag from /home/airflow/.local/lib/python3.7/site-packages/airflow/example_dags/example_branch_python_dop_operator_3.py
[2022-12-03T15:11:52.037+0000] {processor.py:753} INFO - DAG(s) dict_keys(['example_branch_dop_operator_v3']) retrieved from /home/airflow/.local/lib/python3.7/site-packages/airflow/example_dags/example_branch_python_dop_operator_3.py
[2022-12-03T15:11:52.071+0000] {logging_mixin.py:137} INFO - [2022-12-03T15:11:52.070+0000] {dag.py:2676} INFO - Sync 1 DAGs
[2022-12-03T15:11:52.091+0000] {logging_mixin.py:137} INFO - [2022-12-03T15:11:52.091+0000] {dag.py:3427} INFO - Setting next_dagrun for example_branch_dop_operator_v3 to 2022-12-03T15:10:00+00:00, run_after=2022-12-03T15:11:00+00:00
[2022-12-03T15:11:52.127+0000] {processor.py:175} INFO - Processing /home/airflow/.local/lib/python3.7/site-packages/airflow/example_dags/example_branch_python_dop_operator_3.py took 0.110 seconds
[2022-12-03T15:12:22.560+0000] {processor.py:153} INFO - Started process (PID=867) to work on /home/airflow/.local/lib/python3.7/site-packages/airflow/example_dags/example_branch_python_dop_operator_3.py
[2022-12-03T15:12:22.561+0000] {processor.py:743} INFO - Processing file /home/airflow/.local/lib/python3.7/site-packages/airflow/example_dags/example_branch_python_dop_operator_3.py for tasks to queue
[2022-12-03T15:12:22.561+0000] {logging_mixin.py:137} INFO - [2022-12-03T15:12:22.561+0000] {dagbag.py:538} INFO - Filling up the DagBag from /home/airflow/.local/lib/python3.7/site-packages/airflow/example_dags/example_branch_python_dop_operator_3.py
[2022-12-03T15:12:22.576+0000] {processor.py:753} INFO - DAG(s) dict_keys(['example_branch_dop_operator_v3']) retrieved from /home/airflow/.local/lib/python3.7/site-packages/airflow/example_dags/example_branch_python_dop_operator_3.py
[2022-12-03T15:12:22.592+0000] {logging_mixin.py:137} INFO - [2022-12-03T15:12:22.592+0000] {dag.py:2676} INFO - Sync 1 DAGs
[2022-12-03T15:12:22.608+0000] {logging_mixin.py:137} INFO - [2022-12-03T15:12:22.608+0000] {dag.py:3427} INFO - Setting next_dagrun for example_branch_dop_operator_v3 to 2022-12-03T15:11:00+00:00, run_after=2022-12-03T15:12:00+00:00
[2022-12-03T15:12:22.619+0000] {processor.py:175} INFO - Processing /home/airflow/.local/lib/python3.7/site-packages/airflow/example_dags/example_branch_python_dop_operator_3.py took 0.061 seconds
[2022-12-03T15:12:52.767+0000] {processor.py:153} INFO - Started process (PID=1093) to work on /home/airflow/.local/lib/python3.7/site-packages/airflow/example_dags/example_branch_python_dop_operator_3.py
[2022-12-03T15:12:52.768+0000] {processor.py:743} INFO - Processing file /home/airflow/.local/lib/python3.7/site-packages/airflow/example_dags/example_branch_python_dop_operator_3.py for tasks to queue
[2022-12-03T15:12:52.769+0000] {logging_mixin.py:137} INFO - [2022-12-03T15:12:52.769+0000] {dagbag.py:538} INFO - Filling up the DagBag from /home/airflow/.local/lib/python3.7/site-packages/airflow/example_dags/example_branch_python_dop_operator_3.py
[2022-12-03T15:12:52.787+0000] {processor.py:753} INFO - DAG(s) dict_keys(['example_branch_dop_operator_v3']) retrieved from /home/airflow/.local/lib/python3.7/site-packages/airflow/example_dags/example_branch_python_dop_operator_3.py
[2022-12-03T15:12:52.809+0000] {logging_mixin.py:137} INFO - [2022-12-03T15:12:52.809+0000] {dag.py:2676} INFO - Sync 1 DAGs
[2022-12-03T15:12:52.829+0000] {logging_mixin.py:137} INFO - [2022-12-03T15:12:52.828+0000] {dag.py:3427} INFO - Setting next_dagrun for example_branch_dop_operator_v3 to 2022-12-03T15:11:00+00:00, run_after=2022-12-03T15:12:00+00:00
[2022-12-03T15:12:52.843+0000] {processor.py:175} INFO - Processing /home/airflow/.local/lib/python3.7/site-packages/airflow/example_dags/example_branch_python_dop_operator_3.py took 0.079 seconds
[2022-12-03T15:13:23.125+0000] {processor.py:153} INFO - Started process (PID=1310) to work on /home/airflow/.local/lib/python3.7/site-packages/airflow/example_dags/example_branch_python_dop_operator_3.py
[2022-12-03T15:13:23.126+0000] {processor.py:743} INFO - Processing file /home/airflow/.local/lib/python3.7/site-packages/airflow/example_dags/example_branch_python_dop_operator_3.py for tasks to queue
[2022-12-03T15:13:23.127+0000] {logging_mixin.py:137} INFO - [2022-12-03T15:13:23.127+0000] {dagbag.py:538} INFO - Filling up the DagBag from /home/airflow/.local/lib/python3.7/site-packages/airflow/example_dags/example_branch_python_dop_operator_3.py
[2022-12-03T15:13:23.142+0000] {processor.py:753} INFO - DAG(s) dict_keys(['example_branch_dop_operator_v3']) retrieved from /home/airflow/.local/lib/python3.7/site-packages/airflow/example_dags/example_branch_python_dop_operator_3.py
[2022-12-03T15:13:23.168+0000] {logging_mixin.py:137} INFO - [2022-12-03T15:13:23.168+0000] {dag.py:2676} INFO - Sync 1 DAGs
[2022-12-03T15:13:23.185+0000] {logging_mixin.py:137} INFO - [2022-12-03T15:13:23.184+0000] {dag.py:3427} INFO - Setting next_dagrun for example_branch_dop_operator_v3 to 2022-12-03T15:12:00+00:00, run_after=2022-12-03T15:13:00+00:00
[2022-12-03T15:13:23.196+0000] {processor.py:175} INFO - Processing /home/airflow/.local/lib/python3.7/site-packages/airflow/example_dags/example_branch_python_dop_operator_3.py took 0.074 seconds
[2022-12-03T15:13:53.948+0000] {processor.py:153} INFO - Started process (PID=1535) to work on /home/airflow/.local/lib/python3.7/site-packages/airflow/example_dags/example_branch_python_dop_operator_3.py
[2022-12-03T15:13:53.950+0000] {processor.py:743} INFO - Processing file /home/airflow/.local/lib/python3.7/site-packages/airflow/example_dags/example_branch_python_dop_operator_3.py for tasks to queue
[2022-12-03T15:13:53.950+0000] {logging_mixin.py:137} INFO - [2022-12-03T15:13:53.950+0000] {dagbag.py:538} INFO - Filling up the DagBag from /home/airflow/.local/lib/python3.7/site-packages/airflow/example_dags/example_branch_python_dop_operator_3.py
[2022-12-03T15:13:53.965+0000] {processor.py:753} INFO - DAG(s) dict_keys(['example_branch_dop_operator_v3']) retrieved from /home/airflow/.local/lib/python3.7/site-packages/airflow/example_dags/example_branch_python_dop_operator_3.py
[2022-12-03T15:13:53.991+0000] {logging_mixin.py:137} INFO - [2022-12-03T15:13:53.991+0000] {dag.py:2676} INFO - Sync 1 DAGs
[2022-12-03T15:13:54.007+0000] {logging_mixin.py:137} INFO - [2022-12-03T15:13:54.007+0000] {dag.py:3427} INFO - Setting next_dagrun for example_branch_dop_operator_v3 to 2022-12-03T15:12:00+00:00, run_after=2022-12-03T15:13:00+00:00
[2022-12-03T15:13:54.018+0000] {processor.py:175} INFO - Processing /home/airflow/.local/lib/python3.7/site-packages/airflow/example_dags/example_branch_python_dop_operator_3.py took 0.072 seconds
[2022-12-03T15:14:24.267+0000] {processor.py:153} INFO - Started process (PID=1759) to work on /home/airflow/.local/lib/python3.7/site-packages/airflow/example_dags/example_branch_python_dop_operator_3.py
[2022-12-03T15:14:24.268+0000] {processor.py:743} INFO - Processing file /home/airflow/.local/lib/python3.7/site-packages/airflow/example_dags/example_branch_python_dop_operator_3.py for tasks to queue
[2022-12-03T15:14:24.269+0000] {logging_mixin.py:137} INFO - [2022-12-03T15:14:24.269+0000] {dagbag.py:538} INFO - Filling up the DagBag from /home/airflow/.local/lib/python3.7/site-packages/airflow/example_dags/example_branch_python_dop_operator_3.py
[2022-12-03T15:14:24.284+0000] {processor.py:753} INFO - DAG(s) dict_keys(['example_branch_dop_operator_v3']) retrieved from /home/airflow/.local/lib/python3.7/site-packages/airflow/example_dags/example_branch_python_dop_operator_3.py
[2022-12-03T15:14:24.310+0000] {logging_mixin.py:137} INFO - [2022-12-03T15:14:24.310+0000] {dag.py:2676} INFO - Sync 1 DAGs
[2022-12-03T15:14:24.330+0000] {logging_mixin.py:137} INFO - [2022-12-03T15:14:24.330+0000] {dag.py:3427} INFO - Setting next_dagrun for example_branch_dop_operator_v3 to 2022-12-03T15:13:00+00:00, run_after=2022-12-03T15:14:00+00:00
[2022-12-03T15:14:24.342+0000] {processor.py:175} INFO - Processing /home/airflow/.local/lib/python3.7/site-packages/airflow/example_dags/example_branch_python_dop_operator_3.py took 0.078 seconds
[2022-12-03T15:15:11.087+0000] {processor.py:153} INFO - Started process (PID=198) to work on /home/airflow/.local/lib/python3.7/site-packages/airflow/example_dags/example_branch_python_dop_operator_3.py
[2022-12-03T15:15:11.089+0000] {processor.py:743} INFO - Processing file /home/airflow/.local/lib/python3.7/site-packages/airflow/example_dags/example_branch_python_dop_operator_3.py for tasks to queue
[2022-12-03T15:15:11.093+0000] {logging_mixin.py:137} INFO - [2022-12-03T15:15:11.093+0000] {dagbag.py:538} INFO - Filling up the DagBag from /home/airflow/.local/lib/python3.7/site-packages/airflow/example_dags/example_branch_python_dop_operator_3.py
[2022-12-03T15:15:11.111+0000] {processor.py:753} INFO - DAG(s) dict_keys(['example_branch_dop_operator_v3']) retrieved from /home/airflow/.local/lib/python3.7/site-packages/airflow/example_dags/example_branch_python_dop_operator_3.py
[2022-12-03T15:15:11.131+0000] {logging_mixin.py:137} INFO - [2022-12-03T15:15:11.130+0000] {dag.py:2676} INFO - Sync 1 DAGs
[2022-12-03T15:15:11.159+0000] {logging_mixin.py:137} INFO - [2022-12-03T15:15:11.159+0000] {dag.py:3427} INFO - Setting next_dagrun for example_branch_dop_operator_v3 to 2022-12-03T15:14:00+00:00, run_after=2022-12-03T15:15:00+00:00
[2022-12-03T15:15:11.189+0000] {processor.py:175} INFO - Processing /home/airflow/.local/lib/python3.7/site-packages/airflow/example_dags/example_branch_python_dop_operator_3.py took 0.104 seconds
[2022-12-03T15:21:17.987+0000] {processor.py:153} INFO - Started process (PID=198) to work on /home/airflow/.local/lib/python3.7/site-packages/airflow/example_dags/example_branch_python_dop_operator_3.py
[2022-12-03T15:21:17.988+0000] {processor.py:743} INFO - Processing file /home/airflow/.local/lib/python3.7/site-packages/airflow/example_dags/example_branch_python_dop_operator_3.py for tasks to queue
[2022-12-03T15:21:17.989+0000] {logging_mixin.py:137} INFO - [2022-12-03T15:21:17.989+0000] {dagbag.py:538} INFO - Filling up the DagBag from /home/airflow/.local/lib/python3.7/site-packages/airflow/example_dags/example_branch_python_dop_operator_3.py
[2022-12-03T15:21:18.007+0000] {processor.py:753} INFO - DAG(s) dict_keys(['example_branch_dop_operator_v3']) retrieved from /home/airflow/.local/lib/python3.7/site-packages/airflow/example_dags/example_branch_python_dop_operator_3.py
[2022-12-03T15:21:18.026+0000] {logging_mixin.py:137} INFO - [2022-12-03T15:21:18.026+0000] {dag.py:2676} INFO - Sync 1 DAGs
[2022-12-03T15:21:18.050+0000] {logging_mixin.py:137} INFO - [2022-12-03T15:21:18.050+0000] {dag.py:3427} INFO - Setting next_dagrun for example_branch_dop_operator_v3 to 2022-12-03T15:20:00+00:00, run_after=2022-12-03T15:21:00+00:00
[2022-12-03T15:21:18.067+0000] {processor.py:175} INFO - Processing /home/airflow/.local/lib/python3.7/site-packages/airflow/example_dags/example_branch_python_dop_operator_3.py took 0.082 seconds
[2022-12-03T15:21:48.235+0000] {processor.py:153} INFO - Started process (PID=422) to work on /home/airflow/.local/lib/python3.7/site-packages/airflow/example_dags/example_branch_python_dop_operator_3.py
[2022-12-03T15:21:48.236+0000] {processor.py:743} INFO - Processing file /home/airflow/.local/lib/python3.7/site-packages/airflow/example_dags/example_branch_python_dop_operator_3.py for tasks to queue
[2022-12-03T15:21:48.237+0000] {logging_mixin.py:137} INFO - [2022-12-03T15:21:48.237+0000] {dagbag.py:538} INFO - Filling up the DagBag from /home/airflow/.local/lib/python3.7/site-packages/airflow/example_dags/example_branch_python_dop_operator_3.py
[2022-12-03T15:21:48.252+0000] {processor.py:753} INFO - DAG(s) dict_keys(['example_branch_dop_operator_v3']) retrieved from /home/airflow/.local/lib/python3.7/site-packages/airflow/example_dags/example_branch_python_dop_operator_3.py
[2022-12-03T15:21:48.279+0000] {logging_mixin.py:137} INFO - [2022-12-03T15:21:48.279+0000] {dag.py:2676} INFO - Sync 1 DAGs
[2022-12-03T15:21:48.299+0000] {logging_mixin.py:137} INFO - [2022-12-03T15:21:48.299+0000] {dag.py:3427} INFO - Setting next_dagrun for example_branch_dop_operator_v3 to 2022-12-03T15:20:00+00:00, run_after=2022-12-03T15:21:00+00:00
[2022-12-03T15:21:48.312+0000] {processor.py:175} INFO - Processing /home/airflow/.local/lib/python3.7/site-packages/airflow/example_dags/example_branch_python_dop_operator_3.py took 0.079 seconds
[2022-12-03T15:22:18.463+0000] {processor.py:153} INFO - Started process (PID=635) to work on /home/airflow/.local/lib/python3.7/site-packages/airflow/example_dags/example_branch_python_dop_operator_3.py
[2022-12-03T15:22:18.464+0000] {processor.py:743} INFO - Processing file /home/airflow/.local/lib/python3.7/site-packages/airflow/example_dags/example_branch_python_dop_operator_3.py for tasks to queue
[2022-12-03T15:22:18.465+0000] {logging_mixin.py:137} INFO - [2022-12-03T15:22:18.464+0000] {dagbag.py:538} INFO - Filling up the DagBag from /home/airflow/.local/lib/python3.7/site-packages/airflow/example_dags/example_branch_python_dop_operator_3.py
[2022-12-03T15:22:18.483+0000] {processor.py:753} INFO - DAG(s) dict_keys(['example_branch_dop_operator_v3']) retrieved from /home/airflow/.local/lib/python3.7/site-packages/airflow/example_dags/example_branch_python_dop_operator_3.py
[2022-12-03T15:22:18.529+0000] {logging_mixin.py:137} INFO - [2022-12-03T15:22:18.529+0000] {dag.py:2676} INFO - Sync 1 DAGs
[2022-12-03T15:22:18.552+0000] {logging_mixin.py:137} INFO - [2022-12-03T15:22:18.552+0000] {dag.py:3427} INFO - Setting next_dagrun for example_branch_dop_operator_v3 to 2022-12-03T15:21:00+00:00, run_after=2022-12-03T15:22:00+00:00
[2022-12-03T15:22:18.566+0000] {processor.py:175} INFO - Processing /home/airflow/.local/lib/python3.7/site-packages/airflow/example_dags/example_branch_python_dop_operator_3.py took 0.106 seconds
[2022-12-03T15:22:48.712+0000] {processor.py:153} INFO - Started process (PID=861) to work on /home/airflow/.local/lib/python3.7/site-packages/airflow/example_dags/example_branch_python_dop_operator_3.py
[2022-12-03T15:22:48.713+0000] {processor.py:743} INFO - Processing file /home/airflow/.local/lib/python3.7/site-packages/airflow/example_dags/example_branch_python_dop_operator_3.py for tasks to queue
[2022-12-03T15:22:48.714+0000] {logging_mixin.py:137} INFO - [2022-12-03T15:22:48.713+0000] {dagbag.py:538} INFO - Filling up the DagBag from /home/airflow/.local/lib/python3.7/site-packages/airflow/example_dags/example_branch_python_dop_operator_3.py
[2022-12-03T15:22:48.730+0000] {processor.py:753} INFO - DAG(s) dict_keys(['example_branch_dop_operator_v3']) retrieved from /home/airflow/.local/lib/python3.7/site-packages/airflow/example_dags/example_branch_python_dop_operator_3.py
[2022-12-03T15:22:48.765+0000] {logging_mixin.py:137} INFO - [2022-12-03T15:22:48.764+0000] {dag.py:2676} INFO - Sync 1 DAGs
[2022-12-03T15:22:48.786+0000] {logging_mixin.py:137} INFO - [2022-12-03T15:22:48.786+0000] {dag.py:3427} INFO - Setting next_dagrun for example_branch_dop_operator_v3 to 2022-12-03T15:21:00+00:00, run_after=2022-12-03T15:22:00+00:00
[2022-12-03T15:22:48.803+0000] {processor.py:175} INFO - Processing /home/airflow/.local/lib/python3.7/site-packages/airflow/example_dags/example_branch_python_dop_operator_3.py took 0.094 seconds
[2022-12-03T15:23:19.713+0000] {processor.py:153} INFO - Started process (PID=1090) to work on /home/airflow/.local/lib/python3.7/site-packages/airflow/example_dags/example_branch_python_dop_operator_3.py
[2022-12-03T15:23:19.715+0000] {processor.py:743} INFO - Processing file /home/airflow/.local/lib/python3.7/site-packages/airflow/example_dags/example_branch_python_dop_operator_3.py for tasks to queue
[2022-12-03T15:23:19.715+0000] {logging_mixin.py:137} INFO - [2022-12-03T15:23:19.715+0000] {dagbag.py:538} INFO - Filling up the DagBag from /home/airflow/.local/lib/python3.7/site-packages/airflow/example_dags/example_branch_python_dop_operator_3.py
[2022-12-03T15:23:19.733+0000] {processor.py:753} INFO - DAG(s) dict_keys(['example_branch_dop_operator_v3']) retrieved from /home/airflow/.local/lib/python3.7/site-packages/airflow/example_dags/example_branch_python_dop_operator_3.py
[2022-12-03T15:23:19.761+0000] {logging_mixin.py:137} INFO - [2022-12-03T15:23:19.761+0000] {dag.py:2676} INFO - Sync 1 DAGs
[2022-12-03T15:23:19.781+0000] {logging_mixin.py:137} INFO - [2022-12-03T15:23:19.781+0000] {dag.py:3427} INFO - Setting next_dagrun for example_branch_dop_operator_v3 to 2022-12-03T15:22:00+00:00, run_after=2022-12-03T15:23:00+00:00
[2022-12-03T15:23:19.795+0000] {processor.py:175} INFO - Processing /home/airflow/.local/lib/python3.7/site-packages/airflow/example_dags/example_branch_python_dop_operator_3.py took 0.084 seconds
[2022-12-03T15:23:50.186+0000] {processor.py:153} INFO - Started process (PID=1302) to work on /home/airflow/.local/lib/python3.7/site-packages/airflow/example_dags/example_branch_python_dop_operator_3.py
[2022-12-03T15:23:50.187+0000] {processor.py:743} INFO - Processing file /home/airflow/.local/lib/python3.7/site-packages/airflow/example_dags/example_branch_python_dop_operator_3.py for tasks to queue
[2022-12-03T15:23:50.188+0000] {logging_mixin.py:137} INFO - [2022-12-03T15:23:50.188+0000] {dagbag.py:538} INFO - Filling up the DagBag from /home/airflow/.local/lib/python3.7/site-packages/airflow/example_dags/example_branch_python_dop_operator_3.py
[2022-12-03T15:23:50.205+0000] {processor.py:753} INFO - DAG(s) dict_keys(['example_branch_dop_operator_v3']) retrieved from /home/airflow/.local/lib/python3.7/site-packages/airflow/example_dags/example_branch_python_dop_operator_3.py
[2022-12-03T15:23:50.233+0000] {logging_mixin.py:137} INFO - [2022-12-03T15:23:50.233+0000] {dag.py:2676} INFO - Sync 1 DAGs
[2022-12-03T15:23:50.250+0000] {logging_mixin.py:137} INFO - [2022-12-03T15:23:50.249+0000] {dag.py:3427} INFO - Setting next_dagrun for example_branch_dop_operator_v3 to 2022-12-03T15:22:00+00:00, run_after=2022-12-03T15:23:00+00:00
[2022-12-03T15:23:50.262+0000] {processor.py:175} INFO - Processing /home/airflow/.local/lib/python3.7/site-packages/airflow/example_dags/example_branch_python_dop_operator_3.py took 0.079 seconds
[2022-12-03T15:24:20.559+0000] {processor.py:153} INFO - Started process (PID=1529) to work on /home/airflow/.local/lib/python3.7/site-packages/airflow/example_dags/example_branch_python_dop_operator_3.py
[2022-12-03T15:24:20.560+0000] {processor.py:743} INFO - Processing file /home/airflow/.local/lib/python3.7/site-packages/airflow/example_dags/example_branch_python_dop_operator_3.py for tasks to queue
[2022-12-03T15:24:20.560+0000] {logging_mixin.py:137} INFO - [2022-12-03T15:24:20.560+0000] {dagbag.py:538} INFO - Filling up the DagBag from /home/airflow/.local/lib/python3.7/site-packages/airflow/example_dags/example_branch_python_dop_operator_3.py
[2022-12-03T15:24:20.576+0000] {processor.py:753} INFO - DAG(s) dict_keys(['example_branch_dop_operator_v3']) retrieved from /home/airflow/.local/lib/python3.7/site-packages/airflow/example_dags/example_branch_python_dop_operator_3.py
[2022-12-03T15:24:20.610+0000] {logging_mixin.py:137} INFO - [2022-12-03T15:24:20.610+0000] {dag.py:2676} INFO - Sync 1 DAGs
[2022-12-03T15:24:20.628+0000] {logging_mixin.py:137} INFO - [2022-12-03T15:24:20.628+0000] {dag.py:3427} INFO - Setting next_dagrun for example_branch_dop_operator_v3 to 2022-12-03T15:23:00+00:00, run_after=2022-12-03T15:24:00+00:00
[2022-12-03T15:24:20.639+0000] {processor.py:175} INFO - Processing /home/airflow/.local/lib/python3.7/site-packages/airflow/example_dags/example_branch_python_dop_operator_3.py took 0.082 seconds
[2022-12-03T15:24:51.048+0000] {processor.py:153} INFO - Started process (PID=1756) to work on /home/airflow/.local/lib/python3.7/site-packages/airflow/example_dags/example_branch_python_dop_operator_3.py
[2022-12-03T15:24:51.049+0000] {processor.py:743} INFO - Processing file /home/airflow/.local/lib/python3.7/site-packages/airflow/example_dags/example_branch_python_dop_operator_3.py for tasks to queue
[2022-12-03T15:24:51.050+0000] {logging_mixin.py:137} INFO - [2022-12-03T15:24:51.050+0000] {dagbag.py:538} INFO - Filling up the DagBag from /home/airflow/.local/lib/python3.7/site-packages/airflow/example_dags/example_branch_python_dop_operator_3.py
[2022-12-03T15:24:51.066+0000] {processor.py:753} INFO - DAG(s) dict_keys(['example_branch_dop_operator_v3']) retrieved from /home/airflow/.local/lib/python3.7/site-packages/airflow/example_dags/example_branch_python_dop_operator_3.py
[2022-12-03T15:24:51.097+0000] {logging_mixin.py:137} INFO - [2022-12-03T15:24:51.097+0000] {dag.py:2676} INFO - Sync 1 DAGs
[2022-12-03T15:24:51.124+0000] {logging_mixin.py:137} INFO - [2022-12-03T15:24:51.124+0000] {dag.py:3427} INFO - Setting next_dagrun for example_branch_dop_operator_v3 to 2022-12-03T15:23:00+00:00, run_after=2022-12-03T15:24:00+00:00
[2022-12-03T15:24:51.138+0000] {processor.py:175} INFO - Processing /home/airflow/.local/lib/python3.7/site-packages/airflow/example_dags/example_branch_python_dop_operator_3.py took 0.092 seconds
[2022-12-03T15:25:21.434+0000] {processor.py:153} INFO - Started process (PID=1971) to work on /home/airflow/.local/lib/python3.7/site-packages/airflow/example_dags/example_branch_python_dop_operator_3.py
[2022-12-03T15:25:21.435+0000] {processor.py:743} INFO - Processing file /home/airflow/.local/lib/python3.7/site-packages/airflow/example_dags/example_branch_python_dop_operator_3.py for tasks to queue
[2022-12-03T15:25:21.436+0000] {logging_mixin.py:137} INFO - [2022-12-03T15:25:21.435+0000] {dagbag.py:538} INFO - Filling up the DagBag from /home/airflow/.local/lib/python3.7/site-packages/airflow/example_dags/example_branch_python_dop_operator_3.py
[2022-12-03T15:25:21.451+0000] {processor.py:753} INFO - DAG(s) dict_keys(['example_branch_dop_operator_v3']) retrieved from /home/airflow/.local/lib/python3.7/site-packages/airflow/example_dags/example_branch_python_dop_operator_3.py
[2022-12-03T15:25:21.475+0000] {logging_mixin.py:137} INFO - [2022-12-03T15:25:21.475+0000] {dag.py:2676} INFO - Sync 1 DAGs
[2022-12-03T15:25:21.492+0000] {logging_mixin.py:137} INFO - [2022-12-03T15:25:21.492+0000] {dag.py:3427} INFO - Setting next_dagrun for example_branch_dop_operator_v3 to 2022-12-03T15:24:00+00:00, run_after=2022-12-03T15:25:00+00:00
[2022-12-03T15:25:21.504+0000] {processor.py:175} INFO - Processing /home/airflow/.local/lib/python3.7/site-packages/airflow/example_dags/example_branch_python_dop_operator_3.py took 0.072 seconds
[2022-12-03T15:25:51.840+0000] {processor.py:153} INFO - Started process (PID=2195) to work on /home/airflow/.local/lib/python3.7/site-packages/airflow/example_dags/example_branch_python_dop_operator_3.py
[2022-12-03T15:25:51.841+0000] {processor.py:743} INFO - Processing file /home/airflow/.local/lib/python3.7/site-packages/airflow/example_dags/example_branch_python_dop_operator_3.py for tasks to queue
[2022-12-03T15:25:51.841+0000] {logging_mixin.py:137} INFO - [2022-12-03T15:25:51.841+0000] {dagbag.py:538} INFO - Filling up the DagBag from /home/airflow/.local/lib/python3.7/site-packages/airflow/example_dags/example_branch_python_dop_operator_3.py
[2022-12-03T15:25:51.855+0000] {processor.py:753} INFO - DAG(s) dict_keys(['example_branch_dop_operator_v3']) retrieved from /home/airflow/.local/lib/python3.7/site-packages/airflow/example_dags/example_branch_python_dop_operator_3.py
[2022-12-03T15:25:51.879+0000] {logging_mixin.py:137} INFO - [2022-12-03T15:25:51.879+0000] {dag.py:2676} INFO - Sync 1 DAGs
[2022-12-03T15:25:51.895+0000] {logging_mixin.py:137} INFO - [2022-12-03T15:25:51.895+0000] {dag.py:3427} INFO - Setting next_dagrun for example_branch_dop_operator_v3 to 2022-12-03T15:24:00+00:00, run_after=2022-12-03T15:25:00+00:00
[2022-12-03T15:25:51.904+0000] {processor.py:175} INFO - Processing /home/airflow/.local/lib/python3.7/site-packages/airflow/example_dags/example_branch_python_dop_operator_3.py took 0.067 seconds
[2022-12-03T15:26:22.220+0000] {processor.py:153} INFO - Started process (PID=2420) to work on /home/airflow/.local/lib/python3.7/site-packages/airflow/example_dags/example_branch_python_dop_operator_3.py
[2022-12-03T15:26:22.221+0000] {processor.py:743} INFO - Processing file /home/airflow/.local/lib/python3.7/site-packages/airflow/example_dags/example_branch_python_dop_operator_3.py for tasks to queue
[2022-12-03T15:26:22.222+0000] {logging_mixin.py:137} INFO - [2022-12-03T15:26:22.222+0000] {dagbag.py:538} INFO - Filling up the DagBag from /home/airflow/.local/lib/python3.7/site-packages/airflow/example_dags/example_branch_python_dop_operator_3.py
[2022-12-03T15:26:22.236+0000] {processor.py:753} INFO - DAG(s) dict_keys(['example_branch_dop_operator_v3']) retrieved from /home/airflow/.local/lib/python3.7/site-packages/airflow/example_dags/example_branch_python_dop_operator_3.py
[2022-12-03T15:26:22.260+0000] {logging_mixin.py:137} INFO - [2022-12-03T15:26:22.260+0000] {dag.py:2676} INFO - Sync 1 DAGs
[2022-12-03T15:26:22.276+0000] {logging_mixin.py:137} INFO - [2022-12-03T15:26:22.276+0000] {dag.py:3427} INFO - Setting next_dagrun for example_branch_dop_operator_v3 to 2022-12-03T15:25:00+00:00, run_after=2022-12-03T15:26:00+00:00
[2022-12-03T15:26:22.286+0000] {processor.py:175} INFO - Processing /home/airflow/.local/lib/python3.7/site-packages/airflow/example_dags/example_branch_python_dop_operator_3.py took 0.068 seconds
[2022-12-03T15:26:52.558+0000] {processor.py:153} INFO - Started process (PID=2634) to work on /home/airflow/.local/lib/python3.7/site-packages/airflow/example_dags/example_branch_python_dop_operator_3.py
[2022-12-03T15:26:52.559+0000] {processor.py:743} INFO - Processing file /home/airflow/.local/lib/python3.7/site-packages/airflow/example_dags/example_branch_python_dop_operator_3.py for tasks to queue
[2022-12-03T15:26:52.559+0000] {logging_mixin.py:137} INFO - [2022-12-03T15:26:52.559+0000] {dagbag.py:538} INFO - Filling up the DagBag from /home/airflow/.local/lib/python3.7/site-packages/airflow/example_dags/example_branch_python_dop_operator_3.py
[2022-12-03T15:26:52.574+0000] {processor.py:753} INFO - DAG(s) dict_keys(['example_branch_dop_operator_v3']) retrieved from /home/airflow/.local/lib/python3.7/site-packages/airflow/example_dags/example_branch_python_dop_operator_3.py
[2022-12-03T15:26:52.599+0000] {logging_mixin.py:137} INFO - [2022-12-03T15:26:52.599+0000] {dag.py:2676} INFO - Sync 1 DAGs
[2022-12-03T15:26:52.616+0000] {logging_mixin.py:137} INFO - [2022-12-03T15:26:52.616+0000] {dag.py:3427} INFO - Setting next_dagrun for example_branch_dop_operator_v3 to 2022-12-03T15:25:00+00:00, run_after=2022-12-03T15:26:00+00:00
[2022-12-03T15:26:52.628+0000] {processor.py:175} INFO - Processing /home/airflow/.local/lib/python3.7/site-packages/airflow/example_dags/example_branch_python_dop_operator_3.py took 0.073 seconds
[2022-12-03T15:27:23.761+0000] {processor.py:153} INFO - Started process (PID=2862) to work on /home/airflow/.local/lib/python3.7/site-packages/airflow/example_dags/example_branch_python_dop_operator_3.py
[2022-12-03T15:27:23.762+0000] {processor.py:743} INFO - Processing file /home/airflow/.local/lib/python3.7/site-packages/airflow/example_dags/example_branch_python_dop_operator_3.py for tasks to queue
[2022-12-03T15:27:23.763+0000] {logging_mixin.py:137} INFO - [2022-12-03T15:27:23.763+0000] {dagbag.py:538} INFO - Filling up the DagBag from /home/airflow/.local/lib/python3.7/site-packages/airflow/example_dags/example_branch_python_dop_operator_3.py
[2022-12-03T15:27:23.779+0000] {processor.py:753} INFO - DAG(s) dict_keys(['example_branch_dop_operator_v3']) retrieved from /home/airflow/.local/lib/python3.7/site-packages/airflow/example_dags/example_branch_python_dop_operator_3.py
[2022-12-03T15:27:23.803+0000] {logging_mixin.py:137} INFO - [2022-12-03T15:27:23.803+0000] {dag.py:2676} INFO - Sync 1 DAGs
[2022-12-03T15:27:23.820+0000] {logging_mixin.py:137} INFO - [2022-12-03T15:27:23.820+0000] {dag.py:3427} INFO - Setting next_dagrun for example_branch_dop_operator_v3 to 2022-12-03T15:26:00+00:00, run_after=2022-12-03T15:27:00+00:00
[2022-12-03T15:27:23.832+0000] {processor.py:175} INFO - Processing /home/airflow/.local/lib/python3.7/site-packages/airflow/example_dags/example_branch_python_dop_operator_3.py took 0.073 seconds
[2022-12-03T15:27:54.026+0000] {processor.py:153} INFO - Started process (PID=3089) to work on /home/airflow/.local/lib/python3.7/site-packages/airflow/example_dags/example_branch_python_dop_operator_3.py
[2022-12-03T15:27:54.027+0000] {processor.py:743} INFO - Processing file /home/airflow/.local/lib/python3.7/site-packages/airflow/example_dags/example_branch_python_dop_operator_3.py for tasks to queue
[2022-12-03T15:27:54.027+0000] {logging_mixin.py:137} INFO - [2022-12-03T15:27:54.027+0000] {dagbag.py:538} INFO - Filling up the DagBag from /home/airflow/.local/lib/python3.7/site-packages/airflow/example_dags/example_branch_python_dop_operator_3.py
[2022-12-03T15:27:54.042+0000] {processor.py:753} INFO - DAG(s) dict_keys(['example_branch_dop_operator_v3']) retrieved from /home/airflow/.local/lib/python3.7/site-packages/airflow/example_dags/example_branch_python_dop_operator_3.py
[2022-12-03T15:27:54.068+0000] {logging_mixin.py:137} INFO - [2022-12-03T15:27:54.068+0000] {dag.py:2676} INFO - Sync 1 DAGs
[2022-12-03T15:27:54.085+0000] {logging_mixin.py:137} INFO - [2022-12-03T15:27:54.085+0000] {dag.py:3427} INFO - Setting next_dagrun for example_branch_dop_operator_v3 to 2022-12-03T15:26:00+00:00, run_after=2022-12-03T15:27:00+00:00
[2022-12-03T15:27:54.095+0000] {processor.py:175} INFO - Processing /home/airflow/.local/lib/python3.7/site-packages/airflow/example_dags/example_branch_python_dop_operator_3.py took 0.072 seconds
[2022-12-03T15:28:24.403+0000] {processor.py:153} INFO - Started process (PID=3300) to work on /home/airflow/.local/lib/python3.7/site-packages/airflow/example_dags/example_branch_python_dop_operator_3.py
[2022-12-03T15:28:24.404+0000] {processor.py:743} INFO - Processing file /home/airflow/.local/lib/python3.7/site-packages/airflow/example_dags/example_branch_python_dop_operator_3.py for tasks to queue
[2022-12-03T15:28:24.405+0000] {logging_mixin.py:137} INFO - [2022-12-03T15:28:24.405+0000] {dagbag.py:538} INFO - Filling up the DagBag from /home/airflow/.local/lib/python3.7/site-packages/airflow/example_dags/example_branch_python_dop_operator_3.py
[2022-12-03T15:28:24.418+0000] {processor.py:753} INFO - DAG(s) dict_keys(['example_branch_dop_operator_v3']) retrieved from /home/airflow/.local/lib/python3.7/site-packages/airflow/example_dags/example_branch_python_dop_operator_3.py
[2022-12-03T15:28:24.443+0000] {logging_mixin.py:137} INFO - [2022-12-03T15:28:24.443+0000] {dag.py:2676} INFO - Sync 1 DAGs
[2022-12-03T15:28:24.459+0000] {logging_mixin.py:137} INFO - [2022-12-03T15:28:24.459+0000] {dag.py:3427} INFO - Setting next_dagrun for example_branch_dop_operator_v3 to 2022-12-03T15:27:00+00:00, run_after=2022-12-03T15:28:00+00:00
[2022-12-03T15:28:24.469+0000] {processor.py:175} INFO - Processing /home/airflow/.local/lib/python3.7/site-packages/airflow/example_dags/example_branch_python_dop_operator_3.py took 0.068 seconds
[2022-12-03T15:28:54.953+0000] {processor.py:153} INFO - Started process (PID=3525) to work on /home/airflow/.local/lib/python3.7/site-packages/airflow/example_dags/example_branch_python_dop_operator_3.py
[2022-12-03T15:28:54.954+0000] {processor.py:743} INFO - Processing file /home/airflow/.local/lib/python3.7/site-packages/airflow/example_dags/example_branch_python_dop_operator_3.py for tasks to queue
[2022-12-03T15:28:54.955+0000] {logging_mixin.py:137} INFO - [2022-12-03T15:28:54.955+0000] {dagbag.py:538} INFO - Filling up the DagBag from /home/airflow/.local/lib/python3.7/site-packages/airflow/example_dags/example_branch_python_dop_operator_3.py
[2022-12-03T15:28:54.969+0000] {processor.py:753} INFO - DAG(s) dict_keys(['example_branch_dop_operator_v3']) retrieved from /home/airflow/.local/lib/python3.7/site-packages/airflow/example_dags/example_branch_python_dop_operator_3.py
[2022-12-03T15:28:54.994+0000] {logging_mixin.py:137} INFO - [2022-12-03T15:28:54.993+0000] {dag.py:2676} INFO - Sync 1 DAGs
[2022-12-03T15:28:55.009+0000] {logging_mixin.py:137} INFO - [2022-12-03T15:28:55.009+0000] {dag.py:3427} INFO - Setting next_dagrun for example_branch_dop_operator_v3 to 2022-12-03T15:27:00+00:00, run_after=2022-12-03T15:28:00+00:00
[2022-12-03T15:28:55.021+0000] {processor.py:175} INFO - Processing /home/airflow/.local/lib/python3.7/site-packages/airflow/example_dags/example_branch_python_dop_operator_3.py took 0.070 seconds
[2022-12-03T15:29:25.173+0000] {processor.py:153} INFO - Started process (PID=3751) to work on /home/airflow/.local/lib/python3.7/site-packages/airflow/example_dags/example_branch_python_dop_operator_3.py
[2022-12-03T15:29:25.174+0000] {processor.py:743} INFO - Processing file /home/airflow/.local/lib/python3.7/site-packages/airflow/example_dags/example_branch_python_dop_operator_3.py for tasks to queue
[2022-12-03T15:29:25.174+0000] {logging_mixin.py:137} INFO - [2022-12-03T15:29:25.174+0000] {dagbag.py:538} INFO - Filling up the DagBag from /home/airflow/.local/lib/python3.7/site-packages/airflow/example_dags/example_branch_python_dop_operator_3.py
[2022-12-03T15:29:25.189+0000] {processor.py:753} INFO - DAG(s) dict_keys(['example_branch_dop_operator_v3']) retrieved from /home/airflow/.local/lib/python3.7/site-packages/airflow/example_dags/example_branch_python_dop_operator_3.py
[2022-12-03T15:29:25.214+0000] {logging_mixin.py:137} INFO - [2022-12-03T15:29:25.214+0000] {dag.py:2676} INFO - Sync 1 DAGs
[2022-12-03T15:29:25.231+0000] {logging_mixin.py:137} INFO - [2022-12-03T15:29:25.231+0000] {dag.py:3427} INFO - Setting next_dagrun for example_branch_dop_operator_v3 to 2022-12-03T15:28:00+00:00, run_after=2022-12-03T15:29:00+00:00
[2022-12-03T15:29:25.242+0000] {processor.py:175} INFO - Processing /home/airflow/.local/lib/python3.7/site-packages/airflow/example_dags/example_branch_python_dop_operator_3.py took 0.072 seconds
[2022-12-03T15:29:55.326+0000] {processor.py:153} INFO - Started process (PID=3965) to work on /home/airflow/.local/lib/python3.7/site-packages/airflow/example_dags/example_branch_python_dop_operator_3.py
[2022-12-03T15:29:55.327+0000] {processor.py:743} INFO - Processing file /home/airflow/.local/lib/python3.7/site-packages/airflow/example_dags/example_branch_python_dop_operator_3.py for tasks to queue
[2022-12-03T15:29:55.328+0000] {logging_mixin.py:137} INFO - [2022-12-03T15:29:55.328+0000] {dagbag.py:538} INFO - Filling up the DagBag from /home/airflow/.local/lib/python3.7/site-packages/airflow/example_dags/example_branch_python_dop_operator_3.py
[2022-12-03T15:29:55.342+0000] {processor.py:753} INFO - DAG(s) dict_keys(['example_branch_dop_operator_v3']) retrieved from /home/airflow/.local/lib/python3.7/site-packages/airflow/example_dags/example_branch_python_dop_operator_3.py
[2022-12-03T15:29:55.368+0000] {logging_mixin.py:137} INFO - [2022-12-03T15:29:55.368+0000] {dag.py:2676} INFO - Sync 1 DAGs
[2022-12-03T15:29:55.386+0000] {logging_mixin.py:137} INFO - [2022-12-03T15:29:55.386+0000] {dag.py:3427} INFO - Setting next_dagrun for example_branch_dop_operator_v3 to 2022-12-03T15:28:00+00:00, run_after=2022-12-03T15:29:00+00:00
[2022-12-03T15:29:55.396+0000] {processor.py:175} INFO - Processing /home/airflow/.local/lib/python3.7/site-packages/airflow/example_dags/example_branch_python_dop_operator_3.py took 0.073 seconds
[2022-12-03T15:30:25.925+0000] {processor.py:153} INFO - Started process (PID=4191) to work on /home/airflow/.local/lib/python3.7/site-packages/airflow/example_dags/example_branch_python_dop_operator_3.py
[2022-12-03T15:30:25.926+0000] {processor.py:743} INFO - Processing file /home/airflow/.local/lib/python3.7/site-packages/airflow/example_dags/example_branch_python_dop_operator_3.py for tasks to queue
[2022-12-03T15:30:25.927+0000] {logging_mixin.py:137} INFO - [2022-12-03T15:30:25.927+0000] {dagbag.py:538} INFO - Filling up the DagBag from /home/airflow/.local/lib/python3.7/site-packages/airflow/example_dags/example_branch_python_dop_operator_3.py
[2022-12-03T15:30:25.943+0000] {processor.py:753} INFO - DAG(s) dict_keys(['example_branch_dop_operator_v3']) retrieved from /home/airflow/.local/lib/python3.7/site-packages/airflow/example_dags/example_branch_python_dop_operator_3.py
[2022-12-03T15:30:25.971+0000] {logging_mixin.py:137} INFO - [2022-12-03T15:30:25.971+0000] {dag.py:2676} INFO - Sync 1 DAGs
[2022-12-03T15:30:26.000+0000] {logging_mixin.py:137} INFO - [2022-12-03T15:30:26.000+0000] {dag.py:3427} INFO - Setting next_dagrun for example_branch_dop_operator_v3 to 2022-12-03T15:29:00+00:00, run_after=2022-12-03T15:30:00+00:00
[2022-12-03T15:30:26.015+0000] {processor.py:175} INFO - Processing /home/airflow/.local/lib/python3.7/site-packages/airflow/example_dags/example_branch_python_dop_operator_3.py took 0.093 seconds
[2022-12-03T15:30:56.303+0000] {processor.py:153} INFO - Started process (PID=4417) to work on /home/airflow/.local/lib/python3.7/site-packages/airflow/example_dags/example_branch_python_dop_operator_3.py
[2022-12-03T15:30:56.305+0000] {processor.py:743} INFO - Processing file /home/airflow/.local/lib/python3.7/site-packages/airflow/example_dags/example_branch_python_dop_operator_3.py for tasks to queue
[2022-12-03T15:30:56.305+0000] {logging_mixin.py:137} INFO - [2022-12-03T15:30:56.305+0000] {dagbag.py:538} INFO - Filling up the DagBag from /home/airflow/.local/lib/python3.7/site-packages/airflow/example_dags/example_branch_python_dop_operator_3.py
[2022-12-03T15:30:56.321+0000] {processor.py:753} INFO - DAG(s) dict_keys(['example_branch_dop_operator_v3']) retrieved from /home/airflow/.local/lib/python3.7/site-packages/airflow/example_dags/example_branch_python_dop_operator_3.py
[2022-12-03T15:30:56.347+0000] {logging_mixin.py:137} INFO - [2022-12-03T15:30:56.347+0000] {dag.py:2676} INFO - Sync 1 DAGs
[2022-12-03T15:30:56.365+0000] {logging_mixin.py:137} INFO - [2022-12-03T15:30:56.364+0000] {dag.py:3427} INFO - Setting next_dagrun for example_branch_dop_operator_v3 to 2022-12-03T15:29:00+00:00, run_after=2022-12-03T15:30:00+00:00
[2022-12-03T15:30:56.376+0000] {processor.py:175} INFO - Processing /home/airflow/.local/lib/python3.7/site-packages/airflow/example_dags/example_branch_python_dop_operator_3.py took 0.075 seconds
[2022-12-03T15:31:26.493+0000] {processor.py:153} INFO - Started process (PID=4631) to work on /home/airflow/.local/lib/python3.7/site-packages/airflow/example_dags/example_branch_python_dop_operator_3.py
[2022-12-03T15:31:26.495+0000] {processor.py:743} INFO - Processing file /home/airflow/.local/lib/python3.7/site-packages/airflow/example_dags/example_branch_python_dop_operator_3.py for tasks to queue
[2022-12-03T15:31:26.495+0000] {logging_mixin.py:137} INFO - [2022-12-03T15:31:26.495+0000] {dagbag.py:538} INFO - Filling up the DagBag from /home/airflow/.local/lib/python3.7/site-packages/airflow/example_dags/example_branch_python_dop_operator_3.py
[2022-12-03T15:31:26.510+0000] {processor.py:753} INFO - DAG(s) dict_keys(['example_branch_dop_operator_v3']) retrieved from /home/airflow/.local/lib/python3.7/site-packages/airflow/example_dags/example_branch_python_dop_operator_3.py
[2022-12-03T15:31:26.534+0000] {logging_mixin.py:137} INFO - [2022-12-03T15:31:26.534+0000] {dag.py:2676} INFO - Sync 1 DAGs
[2022-12-03T15:31:26.552+0000] {logging_mixin.py:137} INFO - [2022-12-03T15:31:26.552+0000] {dag.py:3427} INFO - Setting next_dagrun for example_branch_dop_operator_v3 to 2022-12-03T15:30:00+00:00, run_after=2022-12-03T15:31:00+00:00
[2022-12-03T15:31:26.563+0000] {processor.py:175} INFO - Processing /home/airflow/.local/lib/python3.7/site-packages/airflow/example_dags/example_branch_python_dop_operator_3.py took 0.072 seconds
[2022-12-03T15:31:57.205+0000] {processor.py:153} INFO - Started process (PID=4858) to work on /home/airflow/.local/lib/python3.7/site-packages/airflow/example_dags/example_branch_python_dop_operator_3.py
[2022-12-03T15:31:57.206+0000] {processor.py:743} INFO - Processing file /home/airflow/.local/lib/python3.7/site-packages/airflow/example_dags/example_branch_python_dop_operator_3.py for tasks to queue
[2022-12-03T15:31:57.207+0000] {logging_mixin.py:137} INFO - [2022-12-03T15:31:57.207+0000] {dagbag.py:538} INFO - Filling up the DagBag from /home/airflow/.local/lib/python3.7/site-packages/airflow/example_dags/example_branch_python_dop_operator_3.py
[2022-12-03T15:31:57.224+0000] {processor.py:753} INFO - DAG(s) dict_keys(['example_branch_dop_operator_v3']) retrieved from /home/airflow/.local/lib/python3.7/site-packages/airflow/example_dags/example_branch_python_dop_operator_3.py
[2022-12-03T15:31:57.250+0000] {logging_mixin.py:137} INFO - [2022-12-03T15:31:57.250+0000] {dag.py:2676} INFO - Sync 1 DAGs
[2022-12-03T15:31:57.267+0000] {logging_mixin.py:137} INFO - [2022-12-03T15:31:57.267+0000] {dag.py:3427} INFO - Setting next_dagrun for example_branch_dop_operator_v3 to 2022-12-03T15:30:00+00:00, run_after=2022-12-03T15:31:00+00:00
[2022-12-03T15:31:57.278+0000] {processor.py:175} INFO - Processing /home/airflow/.local/lib/python3.7/site-packages/airflow/example_dags/example_branch_python_dop_operator_3.py took 0.075 seconds
[2022-12-03T15:32:27.663+0000] {processor.py:153} INFO - Started process (PID=5082) to work on /home/airflow/.local/lib/python3.7/site-packages/airflow/example_dags/example_branch_python_dop_operator_3.py
[2022-12-03T15:32:27.664+0000] {processor.py:743} INFO - Processing file /home/airflow/.local/lib/python3.7/site-packages/airflow/example_dags/example_branch_python_dop_operator_3.py for tasks to queue
[2022-12-03T15:32:27.665+0000] {logging_mixin.py:137} INFO - [2022-12-03T15:32:27.665+0000] {dagbag.py:538} INFO - Filling up the DagBag from /home/airflow/.local/lib/python3.7/site-packages/airflow/example_dags/example_branch_python_dop_operator_3.py
[2022-12-03T15:32:27.682+0000] {processor.py:753} INFO - DAG(s) dict_keys(['example_branch_dop_operator_v3']) retrieved from /home/airflow/.local/lib/python3.7/site-packages/airflow/example_dags/example_branch_python_dop_operator_3.py
[2022-12-03T15:32:27.709+0000] {logging_mixin.py:137} INFO - [2022-12-03T15:32:27.709+0000] {dag.py:2676} INFO - Sync 1 DAGs
[2022-12-03T15:32:27.726+0000] {logging_mixin.py:137} INFO - [2022-12-03T15:32:27.726+0000] {dag.py:3427} INFO - Setting next_dagrun for example_branch_dop_operator_v3 to 2022-12-03T15:31:00+00:00, run_after=2022-12-03T15:32:00+00:00
[2022-12-03T15:32:27.738+0000] {processor.py:175} INFO - Processing /home/airflow/.local/lib/python3.7/site-packages/airflow/example_dags/example_branch_python_dop_operator_3.py took 0.078 seconds
[2022-12-03T15:32:58.244+0000] {processor.py:153} INFO - Started process (PID=5296) to work on /home/airflow/.local/lib/python3.7/site-packages/airflow/example_dags/example_branch_python_dop_operator_3.py
[2022-12-03T15:32:58.245+0000] {processor.py:743} INFO - Processing file /home/airflow/.local/lib/python3.7/site-packages/airflow/example_dags/example_branch_python_dop_operator_3.py for tasks to queue
[2022-12-03T15:32:58.245+0000] {logging_mixin.py:137} INFO - [2022-12-03T15:32:58.245+0000] {dagbag.py:538} INFO - Filling up the DagBag from /home/airflow/.local/lib/python3.7/site-packages/airflow/example_dags/example_branch_python_dop_operator_3.py
[2022-12-03T15:32:58.260+0000] {processor.py:753} INFO - DAG(s) dict_keys(['example_branch_dop_operator_v3']) retrieved from /home/airflow/.local/lib/python3.7/site-packages/airflow/example_dags/example_branch_python_dop_operator_3.py
[2022-12-03T15:32:58.283+0000] {logging_mixin.py:137} INFO - [2022-12-03T15:32:58.283+0000] {dag.py:2676} INFO - Sync 1 DAGs
[2022-12-03T15:32:58.300+0000] {logging_mixin.py:137} INFO - [2022-12-03T15:32:58.300+0000] {dag.py:3427} INFO - Setting next_dagrun for example_branch_dop_operator_v3 to 2022-12-03T15:31:00+00:00, run_after=2022-12-03T15:32:00+00:00
[2022-12-03T15:32:58.310+0000] {processor.py:175} INFO - Processing /home/airflow/.local/lib/python3.7/site-packages/airflow/example_dags/example_branch_python_dop_operator_3.py took 0.069 seconds
