[2022-12-03T15:08:53.697+0000] {processor.py:153} INFO - Started process (PID=336) to work on /home/airflow/.local/lib/python3.7/site-packages/airflow/example_dags/example_xcom.py
[2022-12-03T15:08:53.698+0000] {processor.py:743} INFO - Processing file /home/airflow/.local/lib/python3.7/site-packages/airflow/example_dags/example_xcom.py for tasks to queue
[2022-12-03T15:08:53.699+0000] {logging_mixin.py:137} INFO - [2022-12-03T15:08:53.699+0000] {dagbag.py:538} INFO - Filling up the DagBag from /home/airflow/.local/lib/python3.7/site-packages/airflow/example_dags/example_xcom.py
[2022-12-03T15:08:53.716+0000] {processor.py:753} INFO - DAG(s) dict_keys(['example_xcom']) retrieved from /home/airflow/.local/lib/python3.7/site-packages/airflow/example_dags/example_xcom.py
[2022-12-03T15:08:53.737+0000] {logging_mixin.py:137} INFO - [2022-12-03T15:08:53.737+0000] {dag.py:2676} INFO - Sync 1 DAGs
[2022-12-03T15:08:53.755+0000] {logging_mixin.py:137} INFO - [2022-12-03T15:08:53.754+0000] {dag.py:3427} INFO - Setting next_dagrun for example_xcom to 2021-01-01T00:00:00+00:00, run_after=2021-01-01T00:00:00+00:00
[2022-12-03T15:08:53.769+0000] {processor.py:175} INFO - Processing /home/airflow/.local/lib/python3.7/site-packages/airflow/example_dags/example_xcom.py took 0.074 seconds
[2022-12-03T15:09:23.951+0000] {processor.py:153} INFO - Started process (PID=560) to work on /home/airflow/.local/lib/python3.7/site-packages/airflow/example_dags/example_xcom.py
[2022-12-03T15:09:23.952+0000] {processor.py:743} INFO - Processing file /home/airflow/.local/lib/python3.7/site-packages/airflow/example_dags/example_xcom.py for tasks to queue
[2022-12-03T15:09:23.954+0000] {logging_mixin.py:137} INFO - [2022-12-03T15:09:23.953+0000] {dagbag.py:538} INFO - Filling up the DagBag from /home/airflow/.local/lib/python3.7/site-packages/airflow/example_dags/example_xcom.py
[2022-12-03T15:09:23.970+0000] {processor.py:753} INFO - DAG(s) dict_keys(['example_xcom']) retrieved from /home/airflow/.local/lib/python3.7/site-packages/airflow/example_dags/example_xcom.py
[2022-12-03T15:09:23.989+0000] {logging_mixin.py:137} INFO - [2022-12-03T15:09:23.988+0000] {dag.py:2676} INFO - Sync 1 DAGs
[2022-12-03T15:09:24.004+0000] {logging_mixin.py:137} INFO - [2022-12-03T15:09:24.004+0000] {dag.py:3427} INFO - Setting next_dagrun for example_xcom to 2021-01-01T00:00:00+00:00, run_after=2021-01-01T00:00:00+00:00
[2022-12-03T15:09:24.015+0000] {processor.py:175} INFO - Processing /home/airflow/.local/lib/python3.7/site-packages/airflow/example_dags/example_xcom.py took 0.068 seconds
[2022-12-03T15:09:54.569+0000] {processor.py:153} INFO - Started process (PID=782) to work on /home/airflow/.local/lib/python3.7/site-packages/airflow/example_dags/example_xcom.py
[2022-12-03T15:09:54.578+0000] {processor.py:743} INFO - Processing file /home/airflow/.local/lib/python3.7/site-packages/airflow/example_dags/example_xcom.py for tasks to queue
[2022-12-03T15:09:54.580+0000] {logging_mixin.py:137} INFO - [2022-12-03T15:09:54.580+0000] {dagbag.py:538} INFO - Filling up the DagBag from /home/airflow/.local/lib/python3.7/site-packages/airflow/example_dags/example_xcom.py
[2022-12-03T15:09:54.697+0000] {processor.py:753} INFO - DAG(s) dict_keys(['example_xcom']) retrieved from /home/airflow/.local/lib/python3.7/site-packages/airflow/example_dags/example_xcom.py
[2022-12-03T15:09:54.837+0000] {logging_mixin.py:137} INFO - [2022-12-03T15:09:54.837+0000] {dag.py:2676} INFO - Sync 1 DAGs
[2022-12-03T15:09:54.867+0000] {logging_mixin.py:137} INFO - [2022-12-03T15:09:54.867+0000] {dag.py:3427} INFO - Setting next_dagrun for example_xcom to 2021-01-01T00:00:00+00:00, run_after=2021-01-01T00:00:00+00:00
[2022-12-03T15:09:54.894+0000] {processor.py:175} INFO - Processing /home/airflow/.local/lib/python3.7/site-packages/airflow/example_dags/example_xcom.py took 0.340 seconds
[2022-12-03T15:10:52.857+0000] {processor.py:153} INFO - Started process (PID=334) to work on /home/airflow/.local/lib/python3.7/site-packages/airflow/example_dags/example_xcom.py
[2022-12-03T15:10:52.858+0000] {processor.py:743} INFO - Processing file /home/airflow/.local/lib/python3.7/site-packages/airflow/example_dags/example_xcom.py for tasks to queue
[2022-12-03T15:10:52.862+0000] {logging_mixin.py:137} INFO - [2022-12-03T15:10:52.862+0000] {dagbag.py:538} INFO - Filling up the DagBag from /home/airflow/.local/lib/python3.7/site-packages/airflow/example_dags/example_xcom.py
[2022-12-03T15:10:52.884+0000] {processor.py:753} INFO - DAG(s) dict_keys(['example_xcom']) retrieved from /home/airflow/.local/lib/python3.7/site-packages/airflow/example_dags/example_xcom.py
[2022-12-03T15:10:52.911+0000] {logging_mixin.py:137} INFO - [2022-12-03T15:10:52.911+0000] {dag.py:2676} INFO - Sync 1 DAGs
[2022-12-03T15:10:52.933+0000] {logging_mixin.py:137} INFO - [2022-12-03T15:10:52.933+0000] {dag.py:3427} INFO - Setting next_dagrun for example_xcom to 2021-01-01T00:00:00+00:00, run_after=2021-01-01T00:00:00+00:00
[2022-12-03T15:10:52.959+0000] {processor.py:175} INFO - Processing /home/airflow/.local/lib/python3.7/site-packages/airflow/example_dags/example_xcom.py took 0.105 seconds
[2022-12-03T15:11:23.146+0000] {processor.py:153} INFO - Started process (PID=560) to work on /home/airflow/.local/lib/python3.7/site-packages/airflow/example_dags/example_xcom.py
[2022-12-03T15:11:23.147+0000] {processor.py:743} INFO - Processing file /home/airflow/.local/lib/python3.7/site-packages/airflow/example_dags/example_xcom.py for tasks to queue
[2022-12-03T15:11:23.148+0000] {logging_mixin.py:137} INFO - [2022-12-03T15:11:23.148+0000] {dagbag.py:538} INFO - Filling up the DagBag from /home/airflow/.local/lib/python3.7/site-packages/airflow/example_dags/example_xcom.py
[2022-12-03T15:11:23.165+0000] {processor.py:753} INFO - DAG(s) dict_keys(['example_xcom']) retrieved from /home/airflow/.local/lib/python3.7/site-packages/airflow/example_dags/example_xcom.py
[2022-12-03T15:11:23.192+0000] {logging_mixin.py:137} INFO - [2022-12-03T15:11:23.192+0000] {dag.py:2676} INFO - Sync 1 DAGs
[2022-12-03T15:11:23.206+0000] {logging_mixin.py:137} INFO - [2022-12-03T15:11:23.206+0000] {dag.py:3427} INFO - Setting next_dagrun for example_xcom to 2021-01-01T00:00:00+00:00, run_after=2021-01-01T00:00:00+00:00
[2022-12-03T15:11:23.216+0000] {processor.py:175} INFO - Processing /home/airflow/.local/lib/python3.7/site-packages/airflow/example_dags/example_xcom.py took 0.074 seconds
[2022-12-03T15:11:53.759+0000] {processor.py:153} INFO - Started process (PID=787) to work on /home/airflow/.local/lib/python3.7/site-packages/airflow/example_dags/example_xcom.py
[2022-12-03T15:11:53.760+0000] {processor.py:743} INFO - Processing file /home/airflow/.local/lib/python3.7/site-packages/airflow/example_dags/example_xcom.py for tasks to queue
[2022-12-03T15:11:53.761+0000] {logging_mixin.py:137} INFO - [2022-12-03T15:11:53.761+0000] {dagbag.py:538} INFO - Filling up the DagBag from /home/airflow/.local/lib/python3.7/site-packages/airflow/example_dags/example_xcom.py
[2022-12-03T15:11:53.776+0000] {processor.py:753} INFO - DAG(s) dict_keys(['example_xcom']) retrieved from /home/airflow/.local/lib/python3.7/site-packages/airflow/example_dags/example_xcom.py
[2022-12-03T15:11:53.802+0000] {logging_mixin.py:137} INFO - [2022-12-03T15:11:53.802+0000] {dag.py:2676} INFO - Sync 1 DAGs
[2022-12-03T15:11:53.819+0000] {logging_mixin.py:137} INFO - [2022-12-03T15:11:53.819+0000] {dag.py:3427} INFO - Setting next_dagrun for example_xcom to 2021-01-01T00:00:00+00:00, run_after=2021-01-01T00:00:00+00:00
[2022-12-03T15:11:53.830+0000] {processor.py:175} INFO - Processing /home/airflow/.local/lib/python3.7/site-packages/airflow/example_dags/example_xcom.py took 0.074 seconds
[2022-12-03T15:12:23.969+0000] {processor.py:153} INFO - Started process (PID=1003) to work on /home/airflow/.local/lib/python3.7/site-packages/airflow/example_dags/example_xcom.py
[2022-12-03T15:12:23.970+0000] {processor.py:743} INFO - Processing file /home/airflow/.local/lib/python3.7/site-packages/airflow/example_dags/example_xcom.py for tasks to queue
[2022-12-03T15:12:23.970+0000] {logging_mixin.py:137} INFO - [2022-12-03T15:12:23.970+0000] {dagbag.py:538} INFO - Filling up the DagBag from /home/airflow/.local/lib/python3.7/site-packages/airflow/example_dags/example_xcom.py
[2022-12-03T15:12:23.986+0000] {processor.py:753} INFO - DAG(s) dict_keys(['example_xcom']) retrieved from /home/airflow/.local/lib/python3.7/site-packages/airflow/example_dags/example_xcom.py
[2022-12-03T15:12:24.004+0000] {logging_mixin.py:137} INFO - [2022-12-03T15:12:24.004+0000] {dag.py:2676} INFO - Sync 1 DAGs
[2022-12-03T15:12:24.019+0000] {logging_mixin.py:137} INFO - [2022-12-03T15:12:24.019+0000] {dag.py:3427} INFO - Setting next_dagrun for example_xcom to 2021-01-01T00:00:00+00:00, run_after=2021-01-01T00:00:00+00:00
[2022-12-03T15:12:24.029+0000] {processor.py:175} INFO - Processing /home/airflow/.local/lib/python3.7/site-packages/airflow/example_dags/example_xcom.py took 0.063 seconds
[2022-12-03T15:12:54.255+0000] {processor.py:153} INFO - Started process (PID=1228) to work on /home/airflow/.local/lib/python3.7/site-packages/airflow/example_dags/example_xcom.py
[2022-12-03T15:12:54.256+0000] {processor.py:743} INFO - Processing file /home/airflow/.local/lib/python3.7/site-packages/airflow/example_dags/example_xcom.py for tasks to queue
[2022-12-03T15:12:54.256+0000] {logging_mixin.py:137} INFO - [2022-12-03T15:12:54.256+0000] {dagbag.py:538} INFO - Filling up the DagBag from /home/airflow/.local/lib/python3.7/site-packages/airflow/example_dags/example_xcom.py
[2022-12-03T15:12:54.272+0000] {processor.py:753} INFO - DAG(s) dict_keys(['example_xcom']) retrieved from /home/airflow/.local/lib/python3.7/site-packages/airflow/example_dags/example_xcom.py
[2022-12-03T15:12:54.291+0000] {logging_mixin.py:137} INFO - [2022-12-03T15:12:54.291+0000] {dag.py:2676} INFO - Sync 1 DAGs
[2022-12-03T15:12:54.307+0000] {logging_mixin.py:137} INFO - [2022-12-03T15:12:54.307+0000] {dag.py:3427} INFO - Setting next_dagrun for example_xcom to 2021-01-01T00:00:00+00:00, run_after=2021-01-01T00:00:00+00:00
[2022-12-03T15:12:54.317+0000] {processor.py:175} INFO - Processing /home/airflow/.local/lib/python3.7/site-packages/airflow/example_dags/example_xcom.py took 0.065 seconds
[2022-12-03T15:13:25.064+0000] {processor.py:153} INFO - Started process (PID=1454) to work on /home/airflow/.local/lib/python3.7/site-packages/airflow/example_dags/example_xcom.py
[2022-12-03T15:13:25.066+0000] {processor.py:743} INFO - Processing file /home/airflow/.local/lib/python3.7/site-packages/airflow/example_dags/example_xcom.py for tasks to queue
[2022-12-03T15:13:25.067+0000] {logging_mixin.py:137} INFO - [2022-12-03T15:13:25.067+0000] {dagbag.py:538} INFO - Filling up the DagBag from /home/airflow/.local/lib/python3.7/site-packages/airflow/example_dags/example_xcom.py
[2022-12-03T15:13:25.087+0000] {processor.py:753} INFO - DAG(s) dict_keys(['example_xcom']) retrieved from /home/airflow/.local/lib/python3.7/site-packages/airflow/example_dags/example_xcom.py
[2022-12-03T15:13:25.120+0000] {logging_mixin.py:137} INFO - [2022-12-03T15:13:25.120+0000] {dag.py:2676} INFO - Sync 1 DAGs
[2022-12-03T15:13:25.134+0000] {logging_mixin.py:137} INFO - [2022-12-03T15:13:25.134+0000] {dag.py:3427} INFO - Setting next_dagrun for example_xcom to 2021-01-01T00:00:00+00:00, run_after=2021-01-01T00:00:00+00:00
[2022-12-03T15:13:25.145+0000] {processor.py:175} INFO - Processing /home/airflow/.local/lib/python3.7/site-packages/airflow/example_dags/example_xcom.py took 0.084 seconds
[2022-12-03T15:13:55.452+0000] {processor.py:153} INFO - Started process (PID=1668) to work on /home/airflow/.local/lib/python3.7/site-packages/airflow/example_dags/example_xcom.py
[2022-12-03T15:13:55.453+0000] {processor.py:743} INFO - Processing file /home/airflow/.local/lib/python3.7/site-packages/airflow/example_dags/example_xcom.py for tasks to queue
[2022-12-03T15:13:55.454+0000] {logging_mixin.py:137} INFO - [2022-12-03T15:13:55.454+0000] {dagbag.py:538} INFO - Filling up the DagBag from /home/airflow/.local/lib/python3.7/site-packages/airflow/example_dags/example_xcom.py
[2022-12-03T15:13:55.471+0000] {processor.py:753} INFO - DAG(s) dict_keys(['example_xcom']) retrieved from /home/airflow/.local/lib/python3.7/site-packages/airflow/example_dags/example_xcom.py
[2022-12-03T15:13:55.498+0000] {logging_mixin.py:137} INFO - [2022-12-03T15:13:55.498+0000] {dag.py:2676} INFO - Sync 1 DAGs
[2022-12-03T15:13:55.513+0000] {logging_mixin.py:137} INFO - [2022-12-03T15:13:55.513+0000] {dag.py:3427} INFO - Setting next_dagrun for example_xcom to 2021-01-01T00:00:00+00:00, run_after=2021-01-01T00:00:00+00:00
[2022-12-03T15:13:55.524+0000] {processor.py:175} INFO - Processing /home/airflow/.local/lib/python3.7/site-packages/airflow/example_dags/example_xcom.py took 0.075 seconds
[2022-12-03T15:14:25.634+0000] {processor.py:153} INFO - Started process (PID=1894) to work on /home/airflow/.local/lib/python3.7/site-packages/airflow/example_dags/example_xcom.py
[2022-12-03T15:14:25.636+0000] {processor.py:743} INFO - Processing file /home/airflow/.local/lib/python3.7/site-packages/airflow/example_dags/example_xcom.py for tasks to queue
[2022-12-03T15:14:25.637+0000] {logging_mixin.py:137} INFO - [2022-12-03T15:14:25.637+0000] {dagbag.py:538} INFO - Filling up the DagBag from /home/airflow/.local/lib/python3.7/site-packages/airflow/example_dags/example_xcom.py
[2022-12-03T15:14:25.655+0000] {processor.py:753} INFO - DAG(s) dict_keys(['example_xcom']) retrieved from /home/airflow/.local/lib/python3.7/site-packages/airflow/example_dags/example_xcom.py
[2022-12-03T15:14:25.686+0000] {logging_mixin.py:137} INFO - [2022-12-03T15:14:25.686+0000] {dag.py:2676} INFO - Sync 1 DAGs
[2022-12-03T15:14:25.702+0000] {logging_mixin.py:137} INFO - [2022-12-03T15:14:25.702+0000] {dag.py:3427} INFO - Setting next_dagrun for example_xcom to 2021-01-01T00:00:00+00:00, run_after=2021-01-01T00:00:00+00:00
[2022-12-03T15:14:25.712+0000] {processor.py:175} INFO - Processing /home/airflow/.local/lib/python3.7/site-packages/airflow/example_dags/example_xcom.py took 0.081 seconds
[2022-12-03T15:15:12.974+0000] {processor.py:153} INFO - Started process (PID=333) to work on /home/airflow/.local/lib/python3.7/site-packages/airflow/example_dags/example_xcom.py
[2022-12-03T15:15:12.976+0000] {processor.py:743} INFO - Processing file /home/airflow/.local/lib/python3.7/site-packages/airflow/example_dags/example_xcom.py for tasks to queue
[2022-12-03T15:15:12.977+0000] {logging_mixin.py:137} INFO - [2022-12-03T15:15:12.977+0000] {dagbag.py:538} INFO - Filling up the DagBag from /home/airflow/.local/lib/python3.7/site-packages/airflow/example_dags/example_xcom.py
[2022-12-03T15:15:12.997+0000] {processor.py:753} INFO - DAG(s) dict_keys(['example_xcom']) retrieved from /home/airflow/.local/lib/python3.7/site-packages/airflow/example_dags/example_xcom.py
[2022-12-03T15:15:13.028+0000] {logging_mixin.py:137} INFO - [2022-12-03T15:15:13.028+0000] {dag.py:2676} INFO - Sync 1 DAGs
[2022-12-03T15:15:13.049+0000] {logging_mixin.py:137} INFO - [2022-12-03T15:15:13.049+0000] {dag.py:3427} INFO - Setting next_dagrun for example_xcom to 2021-01-01T00:00:00+00:00, run_after=2021-01-01T00:00:00+00:00
[2022-12-03T15:15:13.066+0000] {processor.py:175} INFO - Processing /home/airflow/.local/lib/python3.7/site-packages/airflow/example_dags/example_xcom.py took 0.094 seconds
[2022-12-03T15:21:19.395+0000] {processor.py:153} INFO - Started process (PID=333) to work on /home/airflow/.local/lib/python3.7/site-packages/airflow/example_dags/example_xcom.py
[2022-12-03T15:21:19.396+0000] {processor.py:743} INFO - Processing file /home/airflow/.local/lib/python3.7/site-packages/airflow/example_dags/example_xcom.py for tasks to queue
[2022-12-03T15:21:19.397+0000] {logging_mixin.py:137} INFO - [2022-12-03T15:21:19.397+0000] {dagbag.py:538} INFO - Filling up the DagBag from /home/airflow/.local/lib/python3.7/site-packages/airflow/example_dags/example_xcom.py
[2022-12-03T15:21:19.414+0000] {processor.py:753} INFO - DAG(s) dict_keys(['example_xcom']) retrieved from /home/airflow/.local/lib/python3.7/site-packages/airflow/example_dags/example_xcom.py
[2022-12-03T15:21:19.434+0000] {logging_mixin.py:137} INFO - [2022-12-03T15:21:19.434+0000] {dag.py:2676} INFO - Sync 1 DAGs
[2022-12-03T15:21:19.452+0000] {logging_mixin.py:137} INFO - [2022-12-03T15:21:19.452+0000] {dag.py:3427} INFO - Setting next_dagrun for example_xcom to 2021-01-01T00:00:00+00:00, run_after=2021-01-01T00:00:00+00:00
[2022-12-03T15:21:19.466+0000] {processor.py:175} INFO - Processing /home/airflow/.local/lib/python3.7/site-packages/airflow/example_dags/example_xcom.py took 0.073 seconds
[2022-12-03T15:21:49.621+0000] {processor.py:153} INFO - Started process (PID=557) to work on /home/airflow/.local/lib/python3.7/site-packages/airflow/example_dags/example_xcom.py
[2022-12-03T15:21:49.622+0000] {processor.py:743} INFO - Processing file /home/airflow/.local/lib/python3.7/site-packages/airflow/example_dags/example_xcom.py for tasks to queue
[2022-12-03T15:21:49.623+0000] {logging_mixin.py:137} INFO - [2022-12-03T15:21:49.623+0000] {dagbag.py:538} INFO - Filling up the DagBag from /home/airflow/.local/lib/python3.7/site-packages/airflow/example_dags/example_xcom.py
[2022-12-03T15:21:49.640+0000] {processor.py:753} INFO - DAG(s) dict_keys(['example_xcom']) retrieved from /home/airflow/.local/lib/python3.7/site-packages/airflow/example_dags/example_xcom.py
[2022-12-03T15:21:49.666+0000] {logging_mixin.py:137} INFO - [2022-12-03T15:21:49.666+0000] {dag.py:2676} INFO - Sync 1 DAGs
[2022-12-03T15:21:49.680+0000] {logging_mixin.py:137} INFO - [2022-12-03T15:21:49.680+0000] {dag.py:3427} INFO - Setting next_dagrun for example_xcom to 2021-01-01T00:00:00+00:00, run_after=2021-01-01T00:00:00+00:00
[2022-12-03T15:21:49.691+0000] {processor.py:175} INFO - Processing /home/airflow/.local/lib/python3.7/site-packages/airflow/example_dags/example_xcom.py took 0.073 seconds
[2022-12-03T15:22:19.872+0000] {processor.py:153} INFO - Started process (PID=770) to work on /home/airflow/.local/lib/python3.7/site-packages/airflow/example_dags/example_xcom.py
[2022-12-03T15:22:19.873+0000] {processor.py:743} INFO - Processing file /home/airflow/.local/lib/python3.7/site-packages/airflow/example_dags/example_xcom.py for tasks to queue
[2022-12-03T15:22:19.874+0000] {logging_mixin.py:137} INFO - [2022-12-03T15:22:19.874+0000] {dagbag.py:538} INFO - Filling up the DagBag from /home/airflow/.local/lib/python3.7/site-packages/airflow/example_dags/example_xcom.py
[2022-12-03T15:22:19.888+0000] {processor.py:753} INFO - DAG(s) dict_keys(['example_xcom']) retrieved from /home/airflow/.local/lib/python3.7/site-packages/airflow/example_dags/example_xcom.py
[2022-12-03T15:22:19.913+0000] {logging_mixin.py:137} INFO - [2022-12-03T15:22:19.913+0000] {dag.py:2676} INFO - Sync 1 DAGs
[2022-12-03T15:22:19.928+0000] {logging_mixin.py:137} INFO - [2022-12-03T15:22:19.928+0000] {dag.py:3427} INFO - Setting next_dagrun for example_xcom to 2021-01-01T00:00:00+00:00, run_after=2021-01-01T00:00:00+00:00
[2022-12-03T15:22:19.945+0000] {processor.py:175} INFO - Processing /home/airflow/.local/lib/python3.7/site-packages/airflow/example_dags/example_xcom.py took 0.075 seconds
[2022-12-03T15:22:50.583+0000] {processor.py:153} INFO - Started process (PID=996) to work on /home/airflow/.local/lib/python3.7/site-packages/airflow/example_dags/example_xcom.py
[2022-12-03T15:22:50.584+0000] {processor.py:743} INFO - Processing file /home/airflow/.local/lib/python3.7/site-packages/airflow/example_dags/example_xcom.py for tasks to queue
[2022-12-03T15:22:50.585+0000] {logging_mixin.py:137} INFO - [2022-12-03T15:22:50.585+0000] {dagbag.py:538} INFO - Filling up the DagBag from /home/airflow/.local/lib/python3.7/site-packages/airflow/example_dags/example_xcom.py
[2022-12-03T15:22:50.600+0000] {processor.py:753} INFO - DAG(s) dict_keys(['example_xcom']) retrieved from /home/airflow/.local/lib/python3.7/site-packages/airflow/example_dags/example_xcom.py
[2022-12-03T15:22:50.628+0000] {logging_mixin.py:137} INFO - [2022-12-03T15:22:50.627+0000] {dag.py:2676} INFO - Sync 1 DAGs
[2022-12-03T15:22:50.643+0000] {logging_mixin.py:137} INFO - [2022-12-03T15:22:50.642+0000] {dag.py:3427} INFO - Setting next_dagrun for example_xcom to 2021-01-01T00:00:00+00:00, run_after=2021-01-01T00:00:00+00:00
[2022-12-03T15:22:50.653+0000] {processor.py:175} INFO - Processing /home/airflow/.local/lib/python3.7/site-packages/airflow/example_dags/example_xcom.py took 0.073 seconds
[2022-12-03T15:23:21.284+0000] {processor.py:153} INFO - Started process (PID=1223) to work on /home/airflow/.local/lib/python3.7/site-packages/airflow/example_dags/example_xcom.py
[2022-12-03T15:23:21.285+0000] {processor.py:743} INFO - Processing file /home/airflow/.local/lib/python3.7/site-packages/airflow/example_dags/example_xcom.py for tasks to queue
[2022-12-03T15:23:21.286+0000] {logging_mixin.py:137} INFO - [2022-12-03T15:23:21.286+0000] {dagbag.py:538} INFO - Filling up the DagBag from /home/airflow/.local/lib/python3.7/site-packages/airflow/example_dags/example_xcom.py
[2022-12-03T15:23:21.304+0000] {processor.py:753} INFO - DAG(s) dict_keys(['example_xcom']) retrieved from /home/airflow/.local/lib/python3.7/site-packages/airflow/example_dags/example_xcom.py
[2022-12-03T15:23:21.333+0000] {logging_mixin.py:137} INFO - [2022-12-03T15:23:21.333+0000] {dag.py:2676} INFO - Sync 1 DAGs
[2022-12-03T15:23:21.348+0000] {logging_mixin.py:137} INFO - [2022-12-03T15:23:21.348+0000] {dag.py:3427} INFO - Setting next_dagrun for example_xcom to 2021-01-01T00:00:00+00:00, run_after=2021-01-01T00:00:00+00:00
[2022-12-03T15:23:21.361+0000] {processor.py:175} INFO - Processing /home/airflow/.local/lib/python3.7/site-packages/airflow/example_dags/example_xcom.py took 0.079 seconds
[2022-12-03T15:23:51.758+0000] {processor.py:153} INFO - Started process (PID=1437) to work on /home/airflow/.local/lib/python3.7/site-packages/airflow/example_dags/example_xcom.py
[2022-12-03T15:23:51.759+0000] {processor.py:743} INFO - Processing file /home/airflow/.local/lib/python3.7/site-packages/airflow/example_dags/example_xcom.py for tasks to queue
[2022-12-03T15:23:51.760+0000] {logging_mixin.py:137} INFO - [2022-12-03T15:23:51.760+0000] {dagbag.py:538} INFO - Filling up the DagBag from /home/airflow/.local/lib/python3.7/site-packages/airflow/example_dags/example_xcom.py
[2022-12-03T15:23:51.778+0000] {processor.py:753} INFO - DAG(s) dict_keys(['example_xcom']) retrieved from /home/airflow/.local/lib/python3.7/site-packages/airflow/example_dags/example_xcom.py
[2022-12-03T15:23:51.809+0000] {logging_mixin.py:137} INFO - [2022-12-03T15:23:51.809+0000] {dag.py:2676} INFO - Sync 1 DAGs
[2022-12-03T15:23:51.826+0000] {logging_mixin.py:137} INFO - [2022-12-03T15:23:51.826+0000] {dag.py:3427} INFO - Setting next_dagrun for example_xcom to 2021-01-01T00:00:00+00:00, run_after=2021-01-01T00:00:00+00:00
[2022-12-03T15:23:51.838+0000] {processor.py:175} INFO - Processing /home/airflow/.local/lib/python3.7/site-packages/airflow/example_dags/example_xcom.py took 0.083 seconds
[2022-12-03T15:24:22.065+0000] {processor.py:153} INFO - Started process (PID=1664) to work on /home/airflow/.local/lib/python3.7/site-packages/airflow/example_dags/example_xcom.py
[2022-12-03T15:24:22.067+0000] {processor.py:743} INFO - Processing file /home/airflow/.local/lib/python3.7/site-packages/airflow/example_dags/example_xcom.py for tasks to queue
[2022-12-03T15:24:22.068+0000] {logging_mixin.py:137} INFO - [2022-12-03T15:24:22.067+0000] {dagbag.py:538} INFO - Filling up the DagBag from /home/airflow/.local/lib/python3.7/site-packages/airflow/example_dags/example_xcom.py
[2022-12-03T15:24:22.084+0000] {processor.py:753} INFO - DAG(s) dict_keys(['example_xcom']) retrieved from /home/airflow/.local/lib/python3.7/site-packages/airflow/example_dags/example_xcom.py
[2022-12-03T15:24:22.109+0000] {logging_mixin.py:137} INFO - [2022-12-03T15:24:22.109+0000] {dag.py:2676} INFO - Sync 1 DAGs
[2022-12-03T15:24:22.123+0000] {logging_mixin.py:137} INFO - [2022-12-03T15:24:22.123+0000] {dag.py:3427} INFO - Setting next_dagrun for example_xcom to 2021-01-01T00:00:00+00:00, run_after=2021-01-01T00:00:00+00:00
[2022-12-03T15:24:22.134+0000] {processor.py:175} INFO - Processing /home/airflow/.local/lib/python3.7/site-packages/airflow/example_dags/example_xcom.py took 0.071 seconds
[2022-12-03T15:24:52.601+0000] {processor.py:153} INFO - Started process (PID=1889) to work on /home/airflow/.local/lib/python3.7/site-packages/airflow/example_dags/example_xcom.py
[2022-12-03T15:24:52.602+0000] {processor.py:743} INFO - Processing file /home/airflow/.local/lib/python3.7/site-packages/airflow/example_dags/example_xcom.py for tasks to queue
[2022-12-03T15:24:52.603+0000] {logging_mixin.py:137} INFO - [2022-12-03T15:24:52.603+0000] {dagbag.py:538} INFO - Filling up the DagBag from /home/airflow/.local/lib/python3.7/site-packages/airflow/example_dags/example_xcom.py
[2022-12-03T15:24:52.619+0000] {processor.py:753} INFO - DAG(s) dict_keys(['example_xcom']) retrieved from /home/airflow/.local/lib/python3.7/site-packages/airflow/example_dags/example_xcom.py
[2022-12-03T15:24:52.645+0000] {logging_mixin.py:137} INFO - [2022-12-03T15:24:52.645+0000] {dag.py:2676} INFO - Sync 1 DAGs
[2022-12-03T15:24:52.660+0000] {logging_mixin.py:137} INFO - [2022-12-03T15:24:52.659+0000] {dag.py:3427} INFO - Setting next_dagrun for example_xcom to 2021-01-01T00:00:00+00:00, run_after=2021-01-01T00:00:00+00:00
[2022-12-03T15:24:52.670+0000] {processor.py:175} INFO - Processing /home/airflow/.local/lib/python3.7/site-packages/airflow/example_dags/example_xcom.py took 0.072 seconds
[2022-12-03T15:25:22.973+0000] {processor.py:153} INFO - Started process (PID=2104) to work on /home/airflow/.local/lib/python3.7/site-packages/airflow/example_dags/example_xcom.py
[2022-12-03T15:25:22.974+0000] {processor.py:743} INFO - Processing file /home/airflow/.local/lib/python3.7/site-packages/airflow/example_dags/example_xcom.py for tasks to queue
[2022-12-03T15:25:22.974+0000] {logging_mixin.py:137} INFO - [2022-12-03T15:25:22.974+0000] {dagbag.py:538} INFO - Filling up the DagBag from /home/airflow/.local/lib/python3.7/site-packages/airflow/example_dags/example_xcom.py
[2022-12-03T15:25:22.989+0000] {processor.py:753} INFO - DAG(s) dict_keys(['example_xcom']) retrieved from /home/airflow/.local/lib/python3.7/site-packages/airflow/example_dags/example_xcom.py
[2022-12-03T15:25:23.014+0000] {logging_mixin.py:137} INFO - [2022-12-03T15:25:23.014+0000] {dag.py:2676} INFO - Sync 1 DAGs
[2022-12-03T15:25:23.029+0000] {logging_mixin.py:137} INFO - [2022-12-03T15:25:23.029+0000] {dag.py:3427} INFO - Setting next_dagrun for example_xcom to 2021-01-01T00:00:00+00:00, run_after=2021-01-01T00:00:00+00:00
[2022-12-03T15:25:23.040+0000] {processor.py:175} INFO - Processing /home/airflow/.local/lib/python3.7/site-packages/airflow/example_dags/example_xcom.py took 0.070 seconds
[2022-12-03T15:25:53.185+0000] {processor.py:153} INFO - Started process (PID=2330) to work on /home/airflow/.local/lib/python3.7/site-packages/airflow/example_dags/example_xcom.py
[2022-12-03T15:25:53.187+0000] {processor.py:743} INFO - Processing file /home/airflow/.local/lib/python3.7/site-packages/airflow/example_dags/example_xcom.py for tasks to queue
[2022-12-03T15:25:53.188+0000] {logging_mixin.py:137} INFO - [2022-12-03T15:25:53.187+0000] {dagbag.py:538} INFO - Filling up the DagBag from /home/airflow/.local/lib/python3.7/site-packages/airflow/example_dags/example_xcom.py
[2022-12-03T15:25:53.202+0000] {processor.py:753} INFO - DAG(s) dict_keys(['example_xcom']) retrieved from /home/airflow/.local/lib/python3.7/site-packages/airflow/example_dags/example_xcom.py
[2022-12-03T15:25:53.231+0000] {logging_mixin.py:137} INFO - [2022-12-03T15:25:53.231+0000] {dag.py:2676} INFO - Sync 1 DAGs
[2022-12-03T15:25:53.247+0000] {logging_mixin.py:137} INFO - [2022-12-03T15:25:53.247+0000] {dag.py:3427} INFO - Setting next_dagrun for example_xcom to 2021-01-01T00:00:00+00:00, run_after=2021-01-01T00:00:00+00:00
[2022-12-03T15:25:53.257+0000] {processor.py:175} INFO - Processing /home/airflow/.local/lib/python3.7/site-packages/airflow/example_dags/example_xcom.py took 0.075 seconds
[2022-12-03T15:26:23.685+0000] {processor.py:153} INFO - Started process (PID=2555) to work on /home/airflow/.local/lib/python3.7/site-packages/airflow/example_dags/example_xcom.py
[2022-12-03T15:26:23.686+0000] {processor.py:743} INFO - Processing file /home/airflow/.local/lib/python3.7/site-packages/airflow/example_dags/example_xcom.py for tasks to queue
[2022-12-03T15:26:23.687+0000] {logging_mixin.py:137} INFO - [2022-12-03T15:26:23.687+0000] {dagbag.py:538} INFO - Filling up the DagBag from /home/airflow/.local/lib/python3.7/site-packages/airflow/example_dags/example_xcom.py
[2022-12-03T15:26:23.703+0000] {processor.py:753} INFO - DAG(s) dict_keys(['example_xcom']) retrieved from /home/airflow/.local/lib/python3.7/site-packages/airflow/example_dags/example_xcom.py
[2022-12-03T15:26:23.728+0000] {logging_mixin.py:137} INFO - [2022-12-03T15:26:23.728+0000] {dag.py:2676} INFO - Sync 1 DAGs
[2022-12-03T15:26:23.742+0000] {logging_mixin.py:137} INFO - [2022-12-03T15:26:23.742+0000] {dag.py:3427} INFO - Setting next_dagrun for example_xcom to 2021-01-01T00:00:00+00:00, run_after=2021-01-01T00:00:00+00:00
[2022-12-03T15:26:23.753+0000] {processor.py:175} INFO - Processing /home/airflow/.local/lib/python3.7/site-packages/airflow/example_dags/example_xcom.py took 0.070 seconds
[2022-12-03T15:26:53.883+0000] {processor.py:153} INFO - Started process (PID=2769) to work on /home/airflow/.local/lib/python3.7/site-packages/airflow/example_dags/example_xcom.py
[2022-12-03T15:26:53.884+0000] {processor.py:743} INFO - Processing file /home/airflow/.local/lib/python3.7/site-packages/airflow/example_dags/example_xcom.py for tasks to queue
[2022-12-03T15:26:53.885+0000] {logging_mixin.py:137} INFO - [2022-12-03T15:26:53.885+0000] {dagbag.py:538} INFO - Filling up the DagBag from /home/airflow/.local/lib/python3.7/site-packages/airflow/example_dags/example_xcom.py
[2022-12-03T15:26:53.900+0000] {processor.py:753} INFO - DAG(s) dict_keys(['example_xcom']) retrieved from /home/airflow/.local/lib/python3.7/site-packages/airflow/example_dags/example_xcom.py
[2022-12-03T15:26:53.927+0000] {logging_mixin.py:137} INFO - [2022-12-03T15:26:53.926+0000] {dag.py:2676} INFO - Sync 1 DAGs
[2022-12-03T15:26:53.942+0000] {logging_mixin.py:137} INFO - [2022-12-03T15:26:53.942+0000] {dag.py:3427} INFO - Setting next_dagrun for example_xcom to 2021-01-01T00:00:00+00:00, run_after=2021-01-01T00:00:00+00:00
[2022-12-03T15:26:53.953+0000] {processor.py:175} INFO - Processing /home/airflow/.local/lib/python3.7/site-packages/airflow/example_dags/example_xcom.py took 0.072 seconds
[2022-12-03T15:27:25.147+0000] {processor.py:153} INFO - Started process (PID=2995) to work on /home/airflow/.local/lib/python3.7/site-packages/airflow/example_dags/example_xcom.py
[2022-12-03T15:27:25.148+0000] {processor.py:743} INFO - Processing file /home/airflow/.local/lib/python3.7/site-packages/airflow/example_dags/example_xcom.py for tasks to queue
[2022-12-03T15:27:25.149+0000] {logging_mixin.py:137} INFO - [2022-12-03T15:27:25.149+0000] {dagbag.py:538} INFO - Filling up the DagBag from /home/airflow/.local/lib/python3.7/site-packages/airflow/example_dags/example_xcom.py
[2022-12-03T15:27:25.165+0000] {processor.py:753} INFO - DAG(s) dict_keys(['example_xcom']) retrieved from /home/airflow/.local/lib/python3.7/site-packages/airflow/example_dags/example_xcom.py
[2022-12-03T15:27:25.190+0000] {logging_mixin.py:137} INFO - [2022-12-03T15:27:25.190+0000] {dag.py:2676} INFO - Sync 1 DAGs
[2022-12-03T15:27:25.204+0000] {logging_mixin.py:137} INFO - [2022-12-03T15:27:25.204+0000] {dag.py:3427} INFO - Setting next_dagrun for example_xcom to 2021-01-01T00:00:00+00:00, run_after=2021-01-01T00:00:00+00:00
[2022-12-03T15:27:25.214+0000] {processor.py:175} INFO - Processing /home/airflow/.local/lib/python3.7/site-packages/airflow/example_dags/example_xcom.py took 0.070 seconds
[2022-12-03T15:27:55.468+0000] {processor.py:153} INFO - Started process (PID=3222) to work on /home/airflow/.local/lib/python3.7/site-packages/airflow/example_dags/example_xcom.py
[2022-12-03T15:27:55.469+0000] {processor.py:743} INFO - Processing file /home/airflow/.local/lib/python3.7/site-packages/airflow/example_dags/example_xcom.py for tasks to queue
[2022-12-03T15:27:55.470+0000] {logging_mixin.py:137} INFO - [2022-12-03T15:27:55.470+0000] {dagbag.py:538} INFO - Filling up the DagBag from /home/airflow/.local/lib/python3.7/site-packages/airflow/example_dags/example_xcom.py
[2022-12-03T15:27:55.485+0000] {processor.py:753} INFO - DAG(s) dict_keys(['example_xcom']) retrieved from /home/airflow/.local/lib/python3.7/site-packages/airflow/example_dags/example_xcom.py
[2022-12-03T15:27:55.510+0000] {logging_mixin.py:137} INFO - [2022-12-03T15:27:55.510+0000] {dag.py:2676} INFO - Sync 1 DAGs
[2022-12-03T15:27:55.525+0000] {logging_mixin.py:137} INFO - [2022-12-03T15:27:55.525+0000] {dag.py:3427} INFO - Setting next_dagrun for example_xcom to 2021-01-01T00:00:00+00:00, run_after=2021-01-01T00:00:00+00:00
[2022-12-03T15:27:55.536+0000] {processor.py:175} INFO - Processing /home/airflow/.local/lib/python3.7/site-packages/airflow/example_dags/example_xcom.py took 0.071 seconds
[2022-12-03T15:28:26.005+0000] {processor.py:153} INFO - Started process (PID=3446) to work on /home/airflow/.local/lib/python3.7/site-packages/airflow/example_dags/example_xcom.py
[2022-12-03T15:28:26.006+0000] {processor.py:743} INFO - Processing file /home/airflow/.local/lib/python3.7/site-packages/airflow/example_dags/example_xcom.py for tasks to queue
[2022-12-03T15:28:26.007+0000] {logging_mixin.py:137} INFO - [2022-12-03T15:28:26.007+0000] {dagbag.py:538} INFO - Filling up the DagBag from /home/airflow/.local/lib/python3.7/site-packages/airflow/example_dags/example_xcom.py
[2022-12-03T15:28:26.034+0000] {processor.py:753} INFO - DAG(s) dict_keys(['example_xcom']) retrieved from /home/airflow/.local/lib/python3.7/site-packages/airflow/example_dags/example_xcom.py
[2022-12-03T15:28:26.082+0000] {logging_mixin.py:137} INFO - [2022-12-03T15:28:26.082+0000] {dag.py:2676} INFO - Sync 1 DAGs
[2022-12-03T15:28:26.100+0000] {logging_mixin.py:137} INFO - [2022-12-03T15:28:26.100+0000] {dag.py:3427} INFO - Setting next_dagrun for example_xcom to 2021-01-01T00:00:00+00:00, run_after=2021-01-01T00:00:00+00:00
[2022-12-03T15:28:26.122+0000] {processor.py:175} INFO - Processing /home/airflow/.local/lib/python3.7/site-packages/airflow/example_dags/example_xcom.py took 0.119 seconds
[2022-12-03T15:28:56.397+0000] {processor.py:153} INFO - Started process (PID=3660) to work on /home/airflow/.local/lib/python3.7/site-packages/airflow/example_dags/example_xcom.py
[2022-12-03T15:28:56.398+0000] {processor.py:743} INFO - Processing file /home/airflow/.local/lib/python3.7/site-packages/airflow/example_dags/example_xcom.py for tasks to queue
[2022-12-03T15:28:56.398+0000] {logging_mixin.py:137} INFO - [2022-12-03T15:28:56.398+0000] {dagbag.py:538} INFO - Filling up the DagBag from /home/airflow/.local/lib/python3.7/site-packages/airflow/example_dags/example_xcom.py
[2022-12-03T15:28:56.414+0000] {processor.py:753} INFO - DAG(s) dict_keys(['example_xcom']) retrieved from /home/airflow/.local/lib/python3.7/site-packages/airflow/example_dags/example_xcom.py
[2022-12-03T15:28:56.440+0000] {logging_mixin.py:137} INFO - [2022-12-03T15:28:56.440+0000] {dag.py:2676} INFO - Sync 1 DAGs
[2022-12-03T15:28:56.455+0000] {logging_mixin.py:137} INFO - [2022-12-03T15:28:56.455+0000] {dag.py:3427} INFO - Setting next_dagrun for example_xcom to 2021-01-01T00:00:00+00:00, run_after=2021-01-01T00:00:00+00:00
[2022-12-03T15:28:56.467+0000] {processor.py:175} INFO - Processing /home/airflow/.local/lib/python3.7/site-packages/airflow/example_dags/example_xcom.py took 0.073 seconds
[2022-12-03T15:29:26.532+0000] {processor.py:153} INFO - Started process (PID=3886) to work on /home/airflow/.local/lib/python3.7/site-packages/airflow/example_dags/example_xcom.py
[2022-12-03T15:29:26.533+0000] {processor.py:743} INFO - Processing file /home/airflow/.local/lib/python3.7/site-packages/airflow/example_dags/example_xcom.py for tasks to queue
[2022-12-03T15:29:26.534+0000] {logging_mixin.py:137} INFO - [2022-12-03T15:29:26.534+0000] {dagbag.py:538} INFO - Filling up the DagBag from /home/airflow/.local/lib/python3.7/site-packages/airflow/example_dags/example_xcom.py
[2022-12-03T15:29:26.550+0000] {processor.py:753} INFO - DAG(s) dict_keys(['example_xcom']) retrieved from /home/airflow/.local/lib/python3.7/site-packages/airflow/example_dags/example_xcom.py
[2022-12-03T15:29:26.576+0000] {logging_mixin.py:137} INFO - [2022-12-03T15:29:26.576+0000] {dag.py:2676} INFO - Sync 1 DAGs
[2022-12-03T15:29:26.590+0000] {logging_mixin.py:137} INFO - [2022-12-03T15:29:26.590+0000] {dag.py:3427} INFO - Setting next_dagrun for example_xcom to 2021-01-01T00:00:00+00:00, run_after=2021-01-01T00:00:00+00:00
[2022-12-03T15:29:26.601+0000] {processor.py:175} INFO - Processing /home/airflow/.local/lib/python3.7/site-packages/airflow/example_dags/example_xcom.py took 0.071 seconds
[2022-12-03T15:29:56.982+0000] {processor.py:153} INFO - Started process (PID=4112) to work on /home/airflow/.local/lib/python3.7/site-packages/airflow/example_dags/example_xcom.py
[2022-12-03T15:29:56.983+0000] {processor.py:743} INFO - Processing file /home/airflow/.local/lib/python3.7/site-packages/airflow/example_dags/example_xcom.py for tasks to queue
[2022-12-03T15:29:56.984+0000] {logging_mixin.py:137} INFO - [2022-12-03T15:29:56.983+0000] {dagbag.py:538} INFO - Filling up the DagBag from /home/airflow/.local/lib/python3.7/site-packages/airflow/example_dags/example_xcom.py
[2022-12-03T15:29:57.000+0000] {processor.py:753} INFO - DAG(s) dict_keys(['example_xcom']) retrieved from /home/airflow/.local/lib/python3.7/site-packages/airflow/example_dags/example_xcom.py
[2022-12-03T15:29:57.040+0000] {logging_mixin.py:137} INFO - [2022-12-03T15:29:57.040+0000] {dag.py:2676} INFO - Sync 1 DAGs
[2022-12-03T15:29:57.061+0000] {logging_mixin.py:137} INFO - [2022-12-03T15:29:57.060+0000] {dag.py:3427} INFO - Setting next_dagrun for example_xcom to 2021-01-01T00:00:00+00:00, run_after=2021-01-01T00:00:00+00:00
[2022-12-03T15:29:57.081+0000] {processor.py:175} INFO - Processing /home/airflow/.local/lib/python3.7/site-packages/airflow/example_dags/example_xcom.py took 0.103 seconds
[2022-12-03T15:30:27.348+0000] {processor.py:153} INFO - Started process (PID=4326) to work on /home/airflow/.local/lib/python3.7/site-packages/airflow/example_dags/example_xcom.py
[2022-12-03T15:30:27.349+0000] {processor.py:743} INFO - Processing file /home/airflow/.local/lib/python3.7/site-packages/airflow/example_dags/example_xcom.py for tasks to queue
[2022-12-03T15:30:27.350+0000] {logging_mixin.py:137} INFO - [2022-12-03T15:30:27.350+0000] {dagbag.py:538} INFO - Filling up the DagBag from /home/airflow/.local/lib/python3.7/site-packages/airflow/example_dags/example_xcom.py
[2022-12-03T15:30:27.365+0000] {processor.py:753} INFO - DAG(s) dict_keys(['example_xcom']) retrieved from /home/airflow/.local/lib/python3.7/site-packages/airflow/example_dags/example_xcom.py
[2022-12-03T15:30:27.395+0000] {logging_mixin.py:137} INFO - [2022-12-03T15:30:27.394+0000] {dag.py:2676} INFO - Sync 1 DAGs
[2022-12-03T15:30:27.411+0000] {logging_mixin.py:137} INFO - [2022-12-03T15:30:27.411+0000] {dag.py:3427} INFO - Setting next_dagrun for example_xcom to 2021-01-01T00:00:00+00:00, run_after=2021-01-01T00:00:00+00:00
[2022-12-03T15:30:27.424+0000] {processor.py:175} INFO - Processing /home/airflow/.local/lib/python3.7/site-packages/airflow/example_dags/example_xcom.py took 0.079 seconds
[2022-12-03T15:30:57.629+0000] {processor.py:153} INFO - Started process (PID=4552) to work on /home/airflow/.local/lib/python3.7/site-packages/airflow/example_dags/example_xcom.py
[2022-12-03T15:30:57.630+0000] {processor.py:743} INFO - Processing file /home/airflow/.local/lib/python3.7/site-packages/airflow/example_dags/example_xcom.py for tasks to queue
[2022-12-03T15:30:57.631+0000] {logging_mixin.py:137} INFO - [2022-12-03T15:30:57.631+0000] {dagbag.py:538} INFO - Filling up the DagBag from /home/airflow/.local/lib/python3.7/site-packages/airflow/example_dags/example_xcom.py
[2022-12-03T15:30:57.646+0000] {processor.py:753} INFO - DAG(s) dict_keys(['example_xcom']) retrieved from /home/airflow/.local/lib/python3.7/site-packages/airflow/example_dags/example_xcom.py
[2022-12-03T15:30:57.672+0000] {logging_mixin.py:137} INFO - [2022-12-03T15:30:57.672+0000] {dag.py:2676} INFO - Sync 1 DAGs
[2022-12-03T15:30:57.688+0000] {logging_mixin.py:137} INFO - [2022-12-03T15:30:57.688+0000] {dag.py:3427} INFO - Setting next_dagrun for example_xcom to 2021-01-01T00:00:00+00:00, run_after=2021-01-01T00:00:00+00:00
[2022-12-03T15:30:57.698+0000] {processor.py:175} INFO - Processing /home/airflow/.local/lib/python3.7/site-packages/airflow/example_dags/example_xcom.py took 0.072 seconds
[2022-12-03T15:31:28.182+0000] {processor.py:153} INFO - Started process (PID=4777) to work on /home/airflow/.local/lib/python3.7/site-packages/airflow/example_dags/example_xcom.py
[2022-12-03T15:31:28.184+0000] {processor.py:743} INFO - Processing file /home/airflow/.local/lib/python3.7/site-packages/airflow/example_dags/example_xcom.py for tasks to queue
[2022-12-03T15:31:28.185+0000] {logging_mixin.py:137} INFO - [2022-12-03T15:31:28.185+0000] {dagbag.py:538} INFO - Filling up the DagBag from /home/airflow/.local/lib/python3.7/site-packages/airflow/example_dags/example_xcom.py
[2022-12-03T15:31:28.205+0000] {processor.py:753} INFO - DAG(s) dict_keys(['example_xcom']) retrieved from /home/airflow/.local/lib/python3.7/site-packages/airflow/example_dags/example_xcom.py
[2022-12-03T15:31:28.251+0000] {logging_mixin.py:137} INFO - [2022-12-03T15:31:28.251+0000] {dag.py:2676} INFO - Sync 1 DAGs
[2022-12-03T15:31:28.286+0000] {logging_mixin.py:137} INFO - [2022-12-03T15:31:28.286+0000] {dag.py:3427} INFO - Setting next_dagrun for example_xcom to 2021-01-01T00:00:00+00:00, run_after=2021-01-01T00:00:00+00:00
[2022-12-03T15:31:28.301+0000] {processor.py:175} INFO - Processing /home/airflow/.local/lib/python3.7/site-packages/airflow/example_dags/example_xcom.py took 0.121 seconds
[2022-12-03T15:31:58.772+0000] {processor.py:153} INFO - Started process (PID=4991) to work on /home/airflow/.local/lib/python3.7/site-packages/airflow/example_dags/example_xcom.py
[2022-12-03T15:31:58.773+0000] {processor.py:743} INFO - Processing file /home/airflow/.local/lib/python3.7/site-packages/airflow/example_dags/example_xcom.py for tasks to queue
[2022-12-03T15:31:58.774+0000] {logging_mixin.py:137} INFO - [2022-12-03T15:31:58.773+0000] {dagbag.py:538} INFO - Filling up the DagBag from /home/airflow/.local/lib/python3.7/site-packages/airflow/example_dags/example_xcom.py
[2022-12-03T15:31:58.790+0000] {processor.py:753} INFO - DAG(s) dict_keys(['example_xcom']) retrieved from /home/airflow/.local/lib/python3.7/site-packages/airflow/example_dags/example_xcom.py
[2022-12-03T15:31:58.819+0000] {logging_mixin.py:137} INFO - [2022-12-03T15:31:58.819+0000] {dag.py:2676} INFO - Sync 1 DAGs
[2022-12-03T15:31:58.834+0000] {logging_mixin.py:137} INFO - [2022-12-03T15:31:58.834+0000] {dag.py:3427} INFO - Setting next_dagrun for example_xcom to 2021-01-01T00:00:00+00:00, run_after=2021-01-01T00:00:00+00:00
[2022-12-03T15:31:58.846+0000] {processor.py:175} INFO - Processing /home/airflow/.local/lib/python3.7/site-packages/airflow/example_dags/example_xcom.py took 0.077 seconds
[2022-12-03T15:32:29.294+0000] {processor.py:153} INFO - Started process (PID=5217) to work on /home/airflow/.local/lib/python3.7/site-packages/airflow/example_dags/example_xcom.py
[2022-12-03T15:32:29.295+0000] {processor.py:743} INFO - Processing file /home/airflow/.local/lib/python3.7/site-packages/airflow/example_dags/example_xcom.py for tasks to queue
[2022-12-03T15:32:29.296+0000] {logging_mixin.py:137} INFO - [2022-12-03T15:32:29.296+0000] {dagbag.py:538} INFO - Filling up the DagBag from /home/airflow/.local/lib/python3.7/site-packages/airflow/example_dags/example_xcom.py
[2022-12-03T15:32:29.311+0000] {processor.py:753} INFO - DAG(s) dict_keys(['example_xcom']) retrieved from /home/airflow/.local/lib/python3.7/site-packages/airflow/example_dags/example_xcom.py
[2022-12-03T15:32:29.338+0000] {logging_mixin.py:137} INFO - [2022-12-03T15:32:29.338+0000] {dag.py:2676} INFO - Sync 1 DAGs
[2022-12-03T15:32:29.354+0000] {logging_mixin.py:137} INFO - [2022-12-03T15:32:29.354+0000] {dag.py:3427} INFO - Setting next_dagrun for example_xcom to 2021-01-01T00:00:00+00:00, run_after=2021-01-01T00:00:00+00:00
[2022-12-03T15:32:29.367+0000] {processor.py:175} INFO - Processing /home/airflow/.local/lib/python3.7/site-packages/airflow/example_dags/example_xcom.py took 0.077 seconds
[2022-12-03T15:33:00.207+0000] {processor.py:153} INFO - Started process (PID=5440) to work on /home/airflow/.local/lib/python3.7/site-packages/airflow/example_dags/example_xcom.py
[2022-12-03T15:33:00.226+0000] {processor.py:743} INFO - Processing file /home/airflow/.local/lib/python3.7/site-packages/airflow/example_dags/example_xcom.py for tasks to queue
[2022-12-03T15:33:00.230+0000] {logging_mixin.py:137} INFO - [2022-12-03T15:33:00.230+0000] {dagbag.py:538} INFO - Filling up the DagBag from /home/airflow/.local/lib/python3.7/site-packages/airflow/example_dags/example_xcom.py
[2022-12-03T15:33:00.406+0000] {processor.py:753} INFO - DAG(s) dict_keys(['example_xcom']) retrieved from /home/airflow/.local/lib/python3.7/site-packages/airflow/example_dags/example_xcom.py
[2022-12-03T15:33:00.860+0000] {logging_mixin.py:137} INFO - [2022-12-03T15:33:00.859+0000] {dag.py:2676} INFO - Sync 1 DAGs
[2022-12-03T15:33:00.965+0000] {logging_mixin.py:137} INFO - [2022-12-03T15:33:00.964+0000] {dag.py:3427} INFO - Setting next_dagrun for example_xcom to 2021-01-01T00:00:00+00:00, run_after=2021-01-01T00:00:00+00:00
[2022-12-03T15:33:01.016+0000] {processor.py:175} INFO - Processing /home/airflow/.local/lib/python3.7/site-packages/airflow/example_dags/example_xcom.py took 0.825 seconds
