[2022-12-03T15:08:53.710+0000] {processor.py:153} INFO - Started process (PID=339) to work on /home/airflow/.local/lib/python3.7/site-packages/airflow/example_dags/example_short_circuit_operator.py
[2022-12-03T15:08:53.711+0000] {processor.py:743} INFO - Processing file /home/airflow/.local/lib/python3.7/site-packages/airflow/example_dags/example_short_circuit_operator.py for tasks to queue
[2022-12-03T15:08:53.712+0000] {logging_mixin.py:137} INFO - [2022-12-03T15:08:53.712+0000] {dagbag.py:538} INFO - Filling up the DagBag from /home/airflow/.local/lib/python3.7/site-packages/airflow/example_dags/example_short_circuit_operator.py
[2022-12-03T15:08:53.725+0000] {processor.py:753} INFO - DAG(s) dict_keys(['example_short_circuit_operator']) retrieved from /home/airflow/.local/lib/python3.7/site-packages/airflow/example_dags/example_short_circuit_operator.py
[2022-12-03T15:08:53.746+0000] {logging_mixin.py:137} INFO - [2022-12-03T15:08:53.746+0000] {dag.py:2676} INFO - Sync 1 DAGs
[2022-12-03T15:08:53.765+0000] {logging_mixin.py:137} INFO - [2022-12-03T15:08:53.765+0000] {dag.py:3427} INFO - Setting next_dagrun for example_short_circuit_operator to 2022-12-02T15:08:53.765151+00:00, run_after=2022-12-03T15:08:53.765151+00:00
[2022-12-03T15:08:53.780+0000] {processor.py:175} INFO - Processing /home/airflow/.local/lib/python3.7/site-packages/airflow/example_dags/example_short_circuit_operator.py took 0.073 seconds
[2022-12-03T15:09:23.969+0000] {processor.py:153} INFO - Started process (PID=565) to work on /home/airflow/.local/lib/python3.7/site-packages/airflow/example_dags/example_short_circuit_operator.py
[2022-12-03T15:09:23.970+0000] {processor.py:743} INFO - Processing file /home/airflow/.local/lib/python3.7/site-packages/airflow/example_dags/example_short_circuit_operator.py for tasks to queue
[2022-12-03T15:09:23.971+0000] {logging_mixin.py:137} INFO - [2022-12-03T15:09:23.971+0000] {dagbag.py:538} INFO - Filling up the DagBag from /home/airflow/.local/lib/python3.7/site-packages/airflow/example_dags/example_short_circuit_operator.py
[2022-12-03T15:09:23.982+0000] {processor.py:753} INFO - DAG(s) dict_keys(['example_short_circuit_operator']) retrieved from /home/airflow/.local/lib/python3.7/site-packages/airflow/example_dags/example_short_circuit_operator.py
[2022-12-03T15:09:24.002+0000] {logging_mixin.py:137} INFO - [2022-12-03T15:09:24.002+0000] {dag.py:2676} INFO - Sync 1 DAGs
[2022-12-03T15:09:24.017+0000] {logging_mixin.py:137} INFO - [2022-12-03T15:09:24.017+0000] {dag.py:3427} INFO - Setting next_dagrun for example_short_circuit_operator to 2022-12-02T15:09:24.017650+00:00, run_after=2022-12-03T15:09:24.017650+00:00
[2022-12-03T15:09:24.030+0000] {processor.py:175} INFO - Processing /home/airflow/.local/lib/python3.7/site-packages/airflow/example_dags/example_short_circuit_operator.py took 0.063 seconds
[2022-12-03T15:09:54.875+0000] {processor.py:153} INFO - Started process (PID=787) to work on /home/airflow/.local/lib/python3.7/site-packages/airflow/example_dags/example_short_circuit_operator.py
[2022-12-03T15:09:54.880+0000] {processor.py:743} INFO - Processing file /home/airflow/.local/lib/python3.7/site-packages/airflow/example_dags/example_short_circuit_operator.py for tasks to queue
[2022-12-03T15:09:54.881+0000] {logging_mixin.py:137} INFO - [2022-12-03T15:09:54.881+0000] {dagbag.py:538} INFO - Filling up the DagBag from /home/airflow/.local/lib/python3.7/site-packages/airflow/example_dags/example_short_circuit_operator.py
[2022-12-03T15:09:54.906+0000] {processor.py:753} INFO - DAG(s) dict_keys(['example_short_circuit_operator']) retrieved from /home/airflow/.local/lib/python3.7/site-packages/airflow/example_dags/example_short_circuit_operator.py
[2022-12-03T15:09:54.979+0000] {logging_mixin.py:137} INFO - [2022-12-03T15:09:54.978+0000] {dag.py:2676} INFO - Sync 1 DAGs
[2022-12-03T15:09:55.019+0000] {logging_mixin.py:137} INFO - [2022-12-03T15:09:55.019+0000] {dag.py:3427} INFO - Setting next_dagrun for example_short_circuit_operator to 2022-12-02T15:09:55.019288+00:00, run_after=2022-12-03T15:09:55.019288+00:00
[2022-12-03T15:09:55.053+0000] {processor.py:175} INFO - Processing /home/airflow/.local/lib/python3.7/site-packages/airflow/example_dags/example_short_circuit_operator.py took 0.182 seconds
[2022-12-03T15:10:52.886+0000] {processor.py:153} INFO - Started process (PID=339) to work on /home/airflow/.local/lib/python3.7/site-packages/airflow/example_dags/example_short_circuit_operator.py
[2022-12-03T15:10:52.887+0000] {processor.py:743} INFO - Processing file /home/airflow/.local/lib/python3.7/site-packages/airflow/example_dags/example_short_circuit_operator.py for tasks to queue
[2022-12-03T15:10:52.888+0000] {logging_mixin.py:137} INFO - [2022-12-03T15:10:52.888+0000] {dagbag.py:538} INFO - Filling up the DagBag from /home/airflow/.local/lib/python3.7/site-packages/airflow/example_dags/example_short_circuit_operator.py
[2022-12-03T15:10:52.902+0000] {processor.py:753} INFO - DAG(s) dict_keys(['example_short_circuit_operator']) retrieved from /home/airflow/.local/lib/python3.7/site-packages/airflow/example_dags/example_short_circuit_operator.py
[2022-12-03T15:10:52.941+0000] {logging_mixin.py:137} INFO - [2022-12-03T15:10:52.941+0000] {dag.py:2676} INFO - Sync 1 DAGs
[2022-12-03T15:10:52.964+0000] {logging_mixin.py:137} INFO - [2022-12-03T15:10:52.964+0000] {dag.py:3427} INFO - Setting next_dagrun for example_short_circuit_operator to 2022-12-02T15:10:52.964101+00:00, run_after=2022-12-03T15:10:52.964101+00:00
[2022-12-03T15:10:52.979+0000] {processor.py:175} INFO - Processing /home/airflow/.local/lib/python3.7/site-packages/airflow/example_dags/example_short_circuit_operator.py took 0.096 seconds
[2022-12-03T15:11:23.173+0000] {processor.py:153} INFO - Started process (PID=565) to work on /home/airflow/.local/lib/python3.7/site-packages/airflow/example_dags/example_short_circuit_operator.py
[2022-12-03T15:11:23.174+0000] {processor.py:743} INFO - Processing file /home/airflow/.local/lib/python3.7/site-packages/airflow/example_dags/example_short_circuit_operator.py for tasks to queue
[2022-12-03T15:11:23.175+0000] {logging_mixin.py:137} INFO - [2022-12-03T15:11:23.175+0000] {dagbag.py:538} INFO - Filling up the DagBag from /home/airflow/.local/lib/python3.7/site-packages/airflow/example_dags/example_short_circuit_operator.py
[2022-12-03T15:11:23.186+0000] {processor.py:753} INFO - DAG(s) dict_keys(['example_short_circuit_operator']) retrieved from /home/airflow/.local/lib/python3.7/site-packages/airflow/example_dags/example_short_circuit_operator.py
[2022-12-03T15:11:23.212+0000] {logging_mixin.py:137} INFO - [2022-12-03T15:11:23.212+0000] {dag.py:2676} INFO - Sync 1 DAGs
[2022-12-03T15:11:23.228+0000] {logging_mixin.py:137} INFO - [2022-12-03T15:11:23.228+0000] {dag.py:3427} INFO - Setting next_dagrun for example_short_circuit_operator to 2022-12-02T15:11:23.227797+00:00, run_after=2022-12-03T15:11:23.227797+00:00
[2022-12-03T15:11:23.238+0000] {processor.py:175} INFO - Processing /home/airflow/.local/lib/python3.7/site-packages/airflow/example_dags/example_short_circuit_operator.py took 0.068 seconds
[2022-12-03T15:11:53.812+0000] {processor.py:153} INFO - Started process (PID=792) to work on /home/airflow/.local/lib/python3.7/site-packages/airflow/example_dags/example_short_circuit_operator.py
[2022-12-03T15:11:53.816+0000] {processor.py:743} INFO - Processing file /home/airflow/.local/lib/python3.7/site-packages/airflow/example_dags/example_short_circuit_operator.py for tasks to queue
[2022-12-03T15:11:53.817+0000] {logging_mixin.py:137} INFO - [2022-12-03T15:11:53.816+0000] {dagbag.py:538} INFO - Filling up the DagBag from /home/airflow/.local/lib/python3.7/site-packages/airflow/example_dags/example_short_circuit_operator.py
[2022-12-03T15:11:53.828+0000] {processor.py:753} INFO - DAG(s) dict_keys(['example_short_circuit_operator']) retrieved from /home/airflow/.local/lib/python3.7/site-packages/airflow/example_dags/example_short_circuit_operator.py
[2022-12-03T15:11:53.858+0000] {logging_mixin.py:137} INFO - [2022-12-03T15:11:53.858+0000] {dag.py:2676} INFO - Sync 1 DAGs
[2022-12-03T15:11:53.873+0000] {logging_mixin.py:137} INFO - [2022-12-03T15:11:53.873+0000] {dag.py:3427} INFO - Setting next_dagrun for example_short_circuit_operator to 2022-12-02T15:11:53.872979+00:00, run_after=2022-12-03T15:11:53.872979+00:00
[2022-12-03T15:11:53.885+0000] {processor.py:175} INFO - Processing /home/airflow/.local/lib/python3.7/site-packages/airflow/example_dags/example_short_circuit_operator.py took 0.075 seconds
[2022-12-03T15:12:23.983+0000] {processor.py:153} INFO - Started process (PID=1007) to work on /home/airflow/.local/lib/python3.7/site-packages/airflow/example_dags/example_short_circuit_operator.py
[2022-12-03T15:12:23.985+0000] {processor.py:743} INFO - Processing file /home/airflow/.local/lib/python3.7/site-packages/airflow/example_dags/example_short_circuit_operator.py for tasks to queue
[2022-12-03T15:12:23.985+0000] {logging_mixin.py:137} INFO - [2022-12-03T15:12:23.985+0000] {dagbag.py:538} INFO - Filling up the DagBag from /home/airflow/.local/lib/python3.7/site-packages/airflow/example_dags/example_short_circuit_operator.py
[2022-12-03T15:12:23.997+0000] {processor.py:753} INFO - DAG(s) dict_keys(['example_short_circuit_operator']) retrieved from /home/airflow/.local/lib/python3.7/site-packages/airflow/example_dags/example_short_circuit_operator.py
[2022-12-03T15:12:24.015+0000] {logging_mixin.py:137} INFO - [2022-12-03T15:12:24.015+0000] {dag.py:2676} INFO - Sync 1 DAGs
[2022-12-03T15:12:24.029+0000] {logging_mixin.py:137} INFO - [2022-12-03T15:12:24.029+0000] {dag.py:3427} INFO - Setting next_dagrun for example_short_circuit_operator to 2022-12-02T15:12:24.029597+00:00, run_after=2022-12-03T15:12:24.029597+00:00
[2022-12-03T15:12:24.041+0000] {processor.py:175} INFO - Processing /home/airflow/.local/lib/python3.7/site-packages/airflow/example_dags/example_short_circuit_operator.py took 0.060 seconds
[2022-12-03T15:12:54.278+0000] {processor.py:153} INFO - Started process (PID=1233) to work on /home/airflow/.local/lib/python3.7/site-packages/airflow/example_dags/example_short_circuit_operator.py
[2022-12-03T15:12:54.279+0000] {processor.py:743} INFO - Processing file /home/airflow/.local/lib/python3.7/site-packages/airflow/example_dags/example_short_circuit_operator.py for tasks to queue
[2022-12-03T15:12:54.279+0000] {logging_mixin.py:137} INFO - [2022-12-03T15:12:54.279+0000] {dagbag.py:538} INFO - Filling up the DagBag from /home/airflow/.local/lib/python3.7/site-packages/airflow/example_dags/example_short_circuit_operator.py
[2022-12-03T15:12:54.291+0000] {processor.py:753} INFO - DAG(s) dict_keys(['example_short_circuit_operator']) retrieved from /home/airflow/.local/lib/python3.7/site-packages/airflow/example_dags/example_short_circuit_operator.py
[2022-12-03T15:12:54.310+0000] {logging_mixin.py:137} INFO - [2022-12-03T15:12:54.310+0000] {dag.py:2676} INFO - Sync 1 DAGs
[2022-12-03T15:12:54.326+0000] {logging_mixin.py:137} INFO - [2022-12-03T15:12:54.326+0000] {dag.py:3427} INFO - Setting next_dagrun for example_short_circuit_operator to 2022-12-02T15:12:54.326356+00:00, run_after=2022-12-03T15:12:54.326356+00:00
[2022-12-03T15:12:54.338+0000] {processor.py:175} INFO - Processing /home/airflow/.local/lib/python3.7/site-packages/airflow/example_dags/example_short_circuit_operator.py took 0.063 seconds
[2022-12-03T15:13:25.103+0000] {processor.py:153} INFO - Started process (PID=1459) to work on /home/airflow/.local/lib/python3.7/site-packages/airflow/example_dags/example_short_circuit_operator.py
[2022-12-03T15:13:25.105+0000] {processor.py:743} INFO - Processing file /home/airflow/.local/lib/python3.7/site-packages/airflow/example_dags/example_short_circuit_operator.py for tasks to queue
[2022-12-03T15:13:25.106+0000] {logging_mixin.py:137} INFO - [2022-12-03T15:13:25.105+0000] {dagbag.py:538} INFO - Filling up the DagBag from /home/airflow/.local/lib/python3.7/site-packages/airflow/example_dags/example_short_circuit_operator.py
[2022-12-03T15:13:25.119+0000] {processor.py:753} INFO - DAG(s) dict_keys(['example_short_circuit_operator']) retrieved from /home/airflow/.local/lib/python3.7/site-packages/airflow/example_dags/example_short_circuit_operator.py
[2022-12-03T15:13:25.146+0000] {logging_mixin.py:137} INFO - [2022-12-03T15:13:25.146+0000] {dag.py:2676} INFO - Sync 1 DAGs
[2022-12-03T15:13:25.161+0000] {logging_mixin.py:137} INFO - [2022-12-03T15:13:25.161+0000] {dag.py:3427} INFO - Setting next_dagrun for example_short_circuit_operator to 2022-12-02T15:13:25.161420+00:00, run_after=2022-12-03T15:13:25.161420+00:00
[2022-12-03T15:13:25.174+0000] {processor.py:175} INFO - Processing /home/airflow/.local/lib/python3.7/site-packages/airflow/example_dags/example_short_circuit_operator.py took 0.074 seconds
[2022-12-03T15:13:55.472+0000] {processor.py:153} INFO - Started process (PID=1673) to work on /home/airflow/.local/lib/python3.7/site-packages/airflow/example_dags/example_short_circuit_operator.py
[2022-12-03T15:13:55.473+0000] {processor.py:743} INFO - Processing file /home/airflow/.local/lib/python3.7/site-packages/airflow/example_dags/example_short_circuit_operator.py for tasks to queue
[2022-12-03T15:13:55.474+0000] {logging_mixin.py:137} INFO - [2022-12-03T15:13:55.474+0000] {dagbag.py:538} INFO - Filling up the DagBag from /home/airflow/.local/lib/python3.7/site-packages/airflow/example_dags/example_short_circuit_operator.py
[2022-12-03T15:13:55.485+0000] {processor.py:753} INFO - DAG(s) dict_keys(['example_short_circuit_operator']) retrieved from /home/airflow/.local/lib/python3.7/site-packages/airflow/example_dags/example_short_circuit_operator.py
[2022-12-03T15:13:55.512+0000] {logging_mixin.py:137} INFO - [2022-12-03T15:13:55.512+0000] {dag.py:2676} INFO - Sync 1 DAGs
[2022-12-03T15:13:55.531+0000] {logging_mixin.py:137} INFO - [2022-12-03T15:13:55.531+0000] {dag.py:3427} INFO - Setting next_dagrun for example_short_circuit_operator to 2022-12-02T15:13:55.530798+00:00, run_after=2022-12-03T15:13:55.530798+00:00
[2022-12-03T15:13:55.543+0000] {processor.py:175} INFO - Processing /home/airflow/.local/lib/python3.7/site-packages/airflow/example_dags/example_short_circuit_operator.py took 0.073 seconds
[2022-12-03T15:14:25.689+0000] {processor.py:153} INFO - Started process (PID=1899) to work on /home/airflow/.local/lib/python3.7/site-packages/airflow/example_dags/example_short_circuit_operator.py
[2022-12-03T15:14:25.691+0000] {processor.py:743} INFO - Processing file /home/airflow/.local/lib/python3.7/site-packages/airflow/example_dags/example_short_circuit_operator.py for tasks to queue
[2022-12-03T15:14:25.692+0000] {logging_mixin.py:137} INFO - [2022-12-03T15:14:25.692+0000] {dagbag.py:538} INFO - Filling up the DagBag from /home/airflow/.local/lib/python3.7/site-packages/airflow/example_dags/example_short_circuit_operator.py
[2022-12-03T15:14:25.703+0000] {processor.py:753} INFO - DAG(s) dict_keys(['example_short_circuit_operator']) retrieved from /home/airflow/.local/lib/python3.7/site-packages/airflow/example_dags/example_short_circuit_operator.py
[2022-12-03T15:14:25.730+0000] {logging_mixin.py:137} INFO - [2022-12-03T15:14:25.730+0000] {dag.py:2676} INFO - Sync 1 DAGs
[2022-12-03T15:14:25.746+0000] {logging_mixin.py:137} INFO - [2022-12-03T15:14:25.746+0000] {dag.py:3427} INFO - Setting next_dagrun for example_short_circuit_operator to 2022-12-02T15:14:25.746469+00:00, run_after=2022-12-03T15:14:25.746469+00:00
[2022-12-03T15:14:25.758+0000] {processor.py:175} INFO - Processing /home/airflow/.local/lib/python3.7/site-packages/airflow/example_dags/example_short_circuit_operator.py took 0.071 seconds
[2022-12-03T15:15:13.029+0000] {processor.py:153} INFO - Started process (PID=338) to work on /home/airflow/.local/lib/python3.7/site-packages/airflow/example_dags/example_short_circuit_operator.py
[2022-12-03T15:15:13.031+0000] {processor.py:743} INFO - Processing file /home/airflow/.local/lib/python3.7/site-packages/airflow/example_dags/example_short_circuit_operator.py for tasks to queue
[2022-12-03T15:15:13.032+0000] {logging_mixin.py:137} INFO - [2022-12-03T15:15:13.032+0000] {dagbag.py:538} INFO - Filling up the DagBag from /home/airflow/.local/lib/python3.7/site-packages/airflow/example_dags/example_short_circuit_operator.py
[2022-12-03T15:15:13.051+0000] {processor.py:753} INFO - DAG(s) dict_keys(['example_short_circuit_operator']) retrieved from /home/airflow/.local/lib/python3.7/site-packages/airflow/example_dags/example_short_circuit_operator.py
[2022-12-03T15:15:13.084+0000] {logging_mixin.py:137} INFO - [2022-12-03T15:15:13.084+0000] {dag.py:2676} INFO - Sync 1 DAGs
[2022-12-03T15:15:13.102+0000] {logging_mixin.py:137} INFO - [2022-12-03T15:15:13.102+0000] {dag.py:3427} INFO - Setting next_dagrun for example_short_circuit_operator to 2022-12-02T15:15:13.102013+00:00, run_after=2022-12-03T15:15:13.102013+00:00
[2022-12-03T15:15:13.115+0000] {processor.py:175} INFO - Processing /home/airflow/.local/lib/python3.7/site-packages/airflow/example_dags/example_short_circuit_operator.py took 0.089 seconds
[2022-12-03T15:21:19.441+0000] {processor.py:153} INFO - Started process (PID=338) to work on /home/airflow/.local/lib/python3.7/site-packages/airflow/example_dags/example_short_circuit_operator.py
[2022-12-03T15:21:19.443+0000] {processor.py:743} INFO - Processing file /home/airflow/.local/lib/python3.7/site-packages/airflow/example_dags/example_short_circuit_operator.py for tasks to queue
[2022-12-03T15:21:19.444+0000] {logging_mixin.py:137} INFO - [2022-12-03T15:21:19.443+0000] {dagbag.py:538} INFO - Filling up the DagBag from /home/airflow/.local/lib/python3.7/site-packages/airflow/example_dags/example_short_circuit_operator.py
[2022-12-03T15:21:19.458+0000] {processor.py:753} INFO - DAG(s) dict_keys(['example_short_circuit_operator']) retrieved from /home/airflow/.local/lib/python3.7/site-packages/airflow/example_dags/example_short_circuit_operator.py
[2022-12-03T15:21:19.482+0000] {logging_mixin.py:137} INFO - [2022-12-03T15:21:19.482+0000] {dag.py:2676} INFO - Sync 1 DAGs
[2022-12-03T15:21:19.500+0000] {logging_mixin.py:137} INFO - [2022-12-03T15:21:19.500+0000] {dag.py:3427} INFO - Setting next_dagrun for example_short_circuit_operator to 2022-12-02T15:21:19.499869+00:00, run_after=2022-12-03T15:21:19.499869+00:00
[2022-12-03T15:21:19.514+0000] {processor.py:175} INFO - Processing /home/airflow/.local/lib/python3.7/site-packages/airflow/example_dags/example_short_circuit_operator.py took 0.075 seconds
[2022-12-03T15:21:49.651+0000] {processor.py:153} INFO - Started process (PID=562) to work on /home/airflow/.local/lib/python3.7/site-packages/airflow/example_dags/example_short_circuit_operator.py
[2022-12-03T15:21:49.652+0000] {processor.py:743} INFO - Processing file /home/airflow/.local/lib/python3.7/site-packages/airflow/example_dags/example_short_circuit_operator.py for tasks to queue
[2022-12-03T15:21:49.653+0000] {logging_mixin.py:137} INFO - [2022-12-03T15:21:49.653+0000] {dagbag.py:538} INFO - Filling up the DagBag from /home/airflow/.local/lib/python3.7/site-packages/airflow/example_dags/example_short_circuit_operator.py
[2022-12-03T15:21:49.664+0000] {processor.py:753} INFO - DAG(s) dict_keys(['example_short_circuit_operator']) retrieved from /home/airflow/.local/lib/python3.7/site-packages/airflow/example_dags/example_short_circuit_operator.py
[2022-12-03T15:21:49.690+0000] {logging_mixin.py:137} INFO - [2022-12-03T15:21:49.690+0000] {dag.py:2676} INFO - Sync 1 DAGs
[2022-12-03T15:21:49.706+0000] {logging_mixin.py:137} INFO - [2022-12-03T15:21:49.706+0000] {dag.py:3427} INFO - Setting next_dagrun for example_short_circuit_operator to 2022-12-02T15:21:49.705779+00:00, run_after=2022-12-03T15:21:49.705779+00:00
[2022-12-03T15:21:49.717+0000] {processor.py:175} INFO - Processing /home/airflow/.local/lib/python3.7/site-packages/airflow/example_dags/example_short_circuit_operator.py took 0.068 seconds
[2022-12-03T15:22:19.937+0000] {processor.py:153} INFO - Started process (PID=775) to work on /home/airflow/.local/lib/python3.7/site-packages/airflow/example_dags/example_short_circuit_operator.py
[2022-12-03T15:22:19.938+0000] {processor.py:743} INFO - Processing file /home/airflow/.local/lib/python3.7/site-packages/airflow/example_dags/example_short_circuit_operator.py for tasks to queue
[2022-12-03T15:22:19.939+0000] {logging_mixin.py:137} INFO - [2022-12-03T15:22:19.939+0000] {dagbag.py:538} INFO - Filling up the DagBag from /home/airflow/.local/lib/python3.7/site-packages/airflow/example_dags/example_short_circuit_operator.py
[2022-12-03T15:22:19.950+0000] {processor.py:753} INFO - DAG(s) dict_keys(['example_short_circuit_operator']) retrieved from /home/airflow/.local/lib/python3.7/site-packages/airflow/example_dags/example_short_circuit_operator.py
[2022-12-03T15:22:19.977+0000] {logging_mixin.py:137} INFO - [2022-12-03T15:22:19.977+0000] {dag.py:2676} INFO - Sync 1 DAGs
[2022-12-03T15:22:19.992+0000] {logging_mixin.py:137} INFO - [2022-12-03T15:22:19.992+0000] {dag.py:3427} INFO - Setting next_dagrun for example_short_circuit_operator to 2022-12-02T15:22:19.991941+00:00, run_after=2022-12-03T15:22:19.991941+00:00
[2022-12-03T15:22:20.003+0000] {processor.py:175} INFO - Processing /home/airflow/.local/lib/python3.7/site-packages/airflow/example_dags/example_short_circuit_operator.py took 0.068 seconds
[2022-12-03T15:22:50.626+0000] {processor.py:153} INFO - Started process (PID=1001) to work on /home/airflow/.local/lib/python3.7/site-packages/airflow/example_dags/example_short_circuit_operator.py
[2022-12-03T15:22:50.628+0000] {processor.py:743} INFO - Processing file /home/airflow/.local/lib/python3.7/site-packages/airflow/example_dags/example_short_circuit_operator.py for tasks to queue
[2022-12-03T15:22:50.628+0000] {logging_mixin.py:137} INFO - [2022-12-03T15:22:50.628+0000] {dagbag.py:538} INFO - Filling up the DagBag from /home/airflow/.local/lib/python3.7/site-packages/airflow/example_dags/example_short_circuit_operator.py
[2022-12-03T15:22:50.639+0000] {processor.py:753} INFO - DAG(s) dict_keys(['example_short_circuit_operator']) retrieved from /home/airflow/.local/lib/python3.7/site-packages/airflow/example_dags/example_short_circuit_operator.py
[2022-12-03T15:22:50.666+0000] {logging_mixin.py:137} INFO - [2022-12-03T15:22:50.666+0000] {dag.py:2676} INFO - Sync 1 DAGs
[2022-12-03T15:22:50.682+0000] {logging_mixin.py:137} INFO - [2022-12-03T15:22:50.682+0000] {dag.py:3427} INFO - Setting next_dagrun for example_short_circuit_operator to 2022-12-02T15:22:50.681307+00:00, run_after=2022-12-03T15:22:50.681307+00:00
[2022-12-03T15:22:50.693+0000] {processor.py:175} INFO - Processing /home/airflow/.local/lib/python3.7/site-packages/airflow/example_dags/example_short_circuit_operator.py took 0.069 seconds
[2022-12-03T15:23:21.317+0000] {processor.py:153} INFO - Started process (PID=1228) to work on /home/airflow/.local/lib/python3.7/site-packages/airflow/example_dags/example_short_circuit_operator.py
[2022-12-03T15:23:21.318+0000] {processor.py:743} INFO - Processing file /home/airflow/.local/lib/python3.7/site-packages/airflow/example_dags/example_short_circuit_operator.py for tasks to queue
[2022-12-03T15:23:21.319+0000] {logging_mixin.py:137} INFO - [2022-12-03T15:23:21.319+0000] {dagbag.py:538} INFO - Filling up the DagBag from /home/airflow/.local/lib/python3.7/site-packages/airflow/example_dags/example_short_circuit_operator.py
[2022-12-03T15:23:21.331+0000] {processor.py:753} INFO - DAG(s) dict_keys(['example_short_circuit_operator']) retrieved from /home/airflow/.local/lib/python3.7/site-packages/airflow/example_dags/example_short_circuit_operator.py
[2022-12-03T15:23:21.359+0000] {logging_mixin.py:137} INFO - [2022-12-03T15:23:21.359+0000] {dag.py:2676} INFO - Sync 1 DAGs
[2022-12-03T15:23:21.377+0000] {logging_mixin.py:137} INFO - [2022-12-03T15:23:21.377+0000] {dag.py:3427} INFO - Setting next_dagrun for example_short_circuit_operator to 2022-12-02T15:23:21.376782+00:00, run_after=2022-12-03T15:23:21.376782+00:00
[2022-12-03T15:23:21.390+0000] {processor.py:175} INFO - Processing /home/airflow/.local/lib/python3.7/site-packages/airflow/example_dags/example_short_circuit_operator.py took 0.076 seconds
[2022-12-03T15:23:51.796+0000] {processor.py:153} INFO - Started process (PID=1442) to work on /home/airflow/.local/lib/python3.7/site-packages/airflow/example_dags/example_short_circuit_operator.py
[2022-12-03T15:23:51.798+0000] {processor.py:743} INFO - Processing file /home/airflow/.local/lib/python3.7/site-packages/airflow/example_dags/example_short_circuit_operator.py for tasks to queue
[2022-12-03T15:23:51.799+0000] {logging_mixin.py:137} INFO - [2022-12-03T15:23:51.799+0000] {dagbag.py:538} INFO - Filling up the DagBag from /home/airflow/.local/lib/python3.7/site-packages/airflow/example_dags/example_short_circuit_operator.py
[2022-12-03T15:23:51.811+0000] {processor.py:753} INFO - DAG(s) dict_keys(['example_short_circuit_operator']) retrieved from /home/airflow/.local/lib/python3.7/site-packages/airflow/example_dags/example_short_circuit_operator.py
[2022-12-03T15:23:51.840+0000] {logging_mixin.py:137} INFO - [2022-12-03T15:23:51.840+0000] {dag.py:2676} INFO - Sync 1 DAGs
[2022-12-03T15:23:51.858+0000] {logging_mixin.py:137} INFO - [2022-12-03T15:23:51.858+0000] {dag.py:3427} INFO - Setting next_dagrun for example_short_circuit_operator to 2022-12-02T15:23:51.858425+00:00, run_after=2022-12-03T15:23:51.858425+00:00
[2022-12-03T15:23:51.873+0000] {processor.py:175} INFO - Processing /home/airflow/.local/lib/python3.7/site-packages/airflow/example_dags/example_short_circuit_operator.py took 0.079 seconds
[2022-12-03T15:24:22.087+0000] {processor.py:153} INFO - Started process (PID=1669) to work on /home/airflow/.local/lib/python3.7/site-packages/airflow/example_dags/example_short_circuit_operator.py
[2022-12-03T15:24:22.088+0000] {processor.py:743} INFO - Processing file /home/airflow/.local/lib/python3.7/site-packages/airflow/example_dags/example_short_circuit_operator.py for tasks to queue
[2022-12-03T15:24:22.089+0000] {logging_mixin.py:137} INFO - [2022-12-03T15:24:22.089+0000] {dagbag.py:538} INFO - Filling up the DagBag from /home/airflow/.local/lib/python3.7/site-packages/airflow/example_dags/example_short_circuit_operator.py
[2022-12-03T15:24:22.100+0000] {processor.py:753} INFO - DAG(s) dict_keys(['example_short_circuit_operator']) retrieved from /home/airflow/.local/lib/python3.7/site-packages/airflow/example_dags/example_short_circuit_operator.py
[2022-12-03T15:24:22.126+0000] {logging_mixin.py:137} INFO - [2022-12-03T15:24:22.125+0000] {dag.py:2676} INFO - Sync 1 DAGs
[2022-12-03T15:24:22.141+0000] {logging_mixin.py:137} INFO - [2022-12-03T15:24:22.141+0000] {dag.py:3427} INFO - Setting next_dagrun for example_short_circuit_operator to 2022-12-02T15:24:22.140826+00:00, run_after=2022-12-03T15:24:22.140826+00:00
[2022-12-03T15:24:22.152+0000] {processor.py:175} INFO - Processing /home/airflow/.local/lib/python3.7/site-packages/airflow/example_dags/example_short_circuit_operator.py took 0.067 seconds
[2022-12-03T15:24:52.628+0000] {processor.py:153} INFO - Started process (PID=1894) to work on /home/airflow/.local/lib/python3.7/site-packages/airflow/example_dags/example_short_circuit_operator.py
[2022-12-03T15:24:52.629+0000] {processor.py:743} INFO - Processing file /home/airflow/.local/lib/python3.7/site-packages/airflow/example_dags/example_short_circuit_operator.py for tasks to queue
[2022-12-03T15:24:52.630+0000] {logging_mixin.py:137} INFO - [2022-12-03T15:24:52.630+0000] {dagbag.py:538} INFO - Filling up the DagBag from /home/airflow/.local/lib/python3.7/site-packages/airflow/example_dags/example_short_circuit_operator.py
[2022-12-03T15:24:52.641+0000] {processor.py:753} INFO - DAG(s) dict_keys(['example_short_circuit_operator']) retrieved from /home/airflow/.local/lib/python3.7/site-packages/airflow/example_dags/example_short_circuit_operator.py
[2022-12-03T15:24:52.666+0000] {logging_mixin.py:137} INFO - [2022-12-03T15:24:52.666+0000] {dag.py:2676} INFO - Sync 1 DAGs
[2022-12-03T15:24:52.681+0000] {logging_mixin.py:137} INFO - [2022-12-03T15:24:52.681+0000] {dag.py:3427} INFO - Setting next_dagrun for example_short_circuit_operator to 2022-12-02T15:24:52.681646+00:00, run_after=2022-12-03T15:24:52.681646+00:00
[2022-12-03T15:24:52.694+0000] {processor.py:175} INFO - Processing /home/airflow/.local/lib/python3.7/site-packages/airflow/example_dags/example_short_circuit_operator.py took 0.068 seconds
[2022-12-03T15:25:23.046+0000] {processor.py:153} INFO - Started process (PID=2109) to work on /home/airflow/.local/lib/python3.7/site-packages/airflow/example_dags/example_short_circuit_operator.py
[2022-12-03T15:25:23.047+0000] {processor.py:743} INFO - Processing file /home/airflow/.local/lib/python3.7/site-packages/airflow/example_dags/example_short_circuit_operator.py for tasks to queue
[2022-12-03T15:25:23.048+0000] {logging_mixin.py:137} INFO - [2022-12-03T15:25:23.048+0000] {dagbag.py:538} INFO - Filling up the DagBag from /home/airflow/.local/lib/python3.7/site-packages/airflow/example_dags/example_short_circuit_operator.py
[2022-12-03T15:25:23.060+0000] {processor.py:753} INFO - DAG(s) dict_keys(['example_short_circuit_operator']) retrieved from /home/airflow/.local/lib/python3.7/site-packages/airflow/example_dags/example_short_circuit_operator.py
[2022-12-03T15:25:23.086+0000] {logging_mixin.py:137} INFO - [2022-12-03T15:25:23.086+0000] {dag.py:2676} INFO - Sync 1 DAGs
[2022-12-03T15:25:23.102+0000] {logging_mixin.py:137} INFO - [2022-12-03T15:25:23.102+0000] {dag.py:3427} INFO - Setting next_dagrun for example_short_circuit_operator to 2022-12-02T15:25:23.102131+00:00, run_after=2022-12-03T15:25:23.102131+00:00
[2022-12-03T15:25:23.112+0000] {processor.py:175} INFO - Processing /home/airflow/.local/lib/python3.7/site-packages/airflow/example_dags/example_short_circuit_operator.py took 0.069 seconds
[2022-12-03T15:25:53.235+0000] {processor.py:153} INFO - Started process (PID=2335) to work on /home/airflow/.local/lib/python3.7/site-packages/airflow/example_dags/example_short_circuit_operator.py
[2022-12-03T15:25:53.237+0000] {processor.py:743} INFO - Processing file /home/airflow/.local/lib/python3.7/site-packages/airflow/example_dags/example_short_circuit_operator.py for tasks to queue
[2022-12-03T15:25:53.237+0000] {logging_mixin.py:137} INFO - [2022-12-03T15:25:53.237+0000] {dagbag.py:538} INFO - Filling up the DagBag from /home/airflow/.local/lib/python3.7/site-packages/airflow/example_dags/example_short_circuit_operator.py
[2022-12-03T15:25:53.250+0000] {processor.py:753} INFO - DAG(s) dict_keys(['example_short_circuit_operator']) retrieved from /home/airflow/.local/lib/python3.7/site-packages/airflow/example_dags/example_short_circuit_operator.py
[2022-12-03T15:25:53.278+0000] {logging_mixin.py:137} INFO - [2022-12-03T15:25:53.278+0000] {dag.py:2676} INFO - Sync 1 DAGs
[2022-12-03T15:25:53.293+0000] {logging_mixin.py:137} INFO - [2022-12-03T15:25:53.293+0000] {dag.py:3427} INFO - Setting next_dagrun for example_short_circuit_operator to 2022-12-02T15:25:53.293315+00:00, run_after=2022-12-03T15:25:53.293315+00:00
[2022-12-03T15:25:53.307+0000] {processor.py:175} INFO - Processing /home/airflow/.local/lib/python3.7/site-packages/airflow/example_dags/example_short_circuit_operator.py took 0.074 seconds
[2022-12-03T15:26:23.700+0000] {processor.py:153} INFO - Started process (PID=2560) to work on /home/airflow/.local/lib/python3.7/site-packages/airflow/example_dags/example_short_circuit_operator.py
[2022-12-03T15:26:23.702+0000] {processor.py:743} INFO - Processing file /home/airflow/.local/lib/python3.7/site-packages/airflow/example_dags/example_short_circuit_operator.py for tasks to queue
[2022-12-03T15:26:23.702+0000] {logging_mixin.py:137} INFO - [2022-12-03T15:26:23.702+0000] {dagbag.py:538} INFO - Filling up the DagBag from /home/airflow/.local/lib/python3.7/site-packages/airflow/example_dags/example_short_circuit_operator.py
[2022-12-03T15:26:23.713+0000] {processor.py:753} INFO - DAG(s) dict_keys(['example_short_circuit_operator']) retrieved from /home/airflow/.local/lib/python3.7/site-packages/airflow/example_dags/example_short_circuit_operator.py
[2022-12-03T15:26:23.739+0000] {logging_mixin.py:137} INFO - [2022-12-03T15:26:23.739+0000] {dag.py:2676} INFO - Sync 1 DAGs
[2022-12-03T15:26:23.753+0000] {logging_mixin.py:137} INFO - [2022-12-03T15:26:23.753+0000] {dag.py:3427} INFO - Setting next_dagrun for example_short_circuit_operator to 2022-12-02T15:26:23.753233+00:00, run_after=2022-12-03T15:26:23.753233+00:00
[2022-12-03T15:26:23.765+0000] {processor.py:175} INFO - Processing /home/airflow/.local/lib/python3.7/site-packages/airflow/example_dags/example_short_circuit_operator.py took 0.067 seconds
[2022-12-03T15:26:53.931+0000] {processor.py:153} INFO - Started process (PID=2774) to work on /home/airflow/.local/lib/python3.7/site-packages/airflow/example_dags/example_short_circuit_operator.py
[2022-12-03T15:26:53.932+0000] {processor.py:743} INFO - Processing file /home/airflow/.local/lib/python3.7/site-packages/airflow/example_dags/example_short_circuit_operator.py for tasks to queue
[2022-12-03T15:26:53.933+0000] {logging_mixin.py:137} INFO - [2022-12-03T15:26:53.933+0000] {dagbag.py:538} INFO - Filling up the DagBag from /home/airflow/.local/lib/python3.7/site-packages/airflow/example_dags/example_short_circuit_operator.py
[2022-12-03T15:26:53.944+0000] {processor.py:753} INFO - DAG(s) dict_keys(['example_short_circuit_operator']) retrieved from /home/airflow/.local/lib/python3.7/site-packages/airflow/example_dags/example_short_circuit_operator.py
[2022-12-03T15:26:53.970+0000] {logging_mixin.py:137} INFO - [2022-12-03T15:26:53.970+0000] {dag.py:2676} INFO - Sync 1 DAGs
[2022-12-03T15:26:53.985+0000] {logging_mixin.py:137} INFO - [2022-12-03T15:26:53.985+0000] {dag.py:3427} INFO - Setting next_dagrun for example_short_circuit_operator to 2022-12-02T15:26:53.985363+00:00, run_after=2022-12-03T15:26:53.985363+00:00
[2022-12-03T15:26:53.996+0000] {processor.py:175} INFO - Processing /home/airflow/.local/lib/python3.7/site-packages/airflow/example_dags/example_short_circuit_operator.py took 0.068 seconds
[2022-12-03T15:27:25.169+0000] {processor.py:153} INFO - Started process (PID=3000) to work on /home/airflow/.local/lib/python3.7/site-packages/airflow/example_dags/example_short_circuit_operator.py
[2022-12-03T15:27:25.170+0000] {processor.py:743} INFO - Processing file /home/airflow/.local/lib/python3.7/site-packages/airflow/example_dags/example_short_circuit_operator.py for tasks to queue
[2022-12-03T15:27:25.171+0000] {logging_mixin.py:137} INFO - [2022-12-03T15:27:25.171+0000] {dagbag.py:538} INFO - Filling up the DagBag from /home/airflow/.local/lib/python3.7/site-packages/airflow/example_dags/example_short_circuit_operator.py
[2022-12-03T15:27:25.182+0000] {processor.py:753} INFO - DAG(s) dict_keys(['example_short_circuit_operator']) retrieved from /home/airflow/.local/lib/python3.7/site-packages/airflow/example_dags/example_short_circuit_operator.py
[2022-12-03T15:27:25.208+0000] {logging_mixin.py:137} INFO - [2022-12-03T15:27:25.208+0000] {dag.py:2676} INFO - Sync 1 DAGs
[2022-12-03T15:27:25.224+0000] {logging_mixin.py:137} INFO - [2022-12-03T15:27:25.224+0000] {dag.py:3427} INFO - Setting next_dagrun for example_short_circuit_operator to 2022-12-02T15:27:25.223826+00:00, run_after=2022-12-03T15:27:25.223826+00:00
[2022-12-03T15:27:25.235+0000] {processor.py:175} INFO - Processing /home/airflow/.local/lib/python3.7/site-packages/airflow/example_dags/example_short_circuit_operator.py took 0.068 seconds
[2022-12-03T15:27:55.533+0000] {processor.py:153} INFO - Started process (PID=3227) to work on /home/airflow/.local/lib/python3.7/site-packages/airflow/example_dags/example_short_circuit_operator.py
[2022-12-03T15:27:55.534+0000] {processor.py:743} INFO - Processing file /home/airflow/.local/lib/python3.7/site-packages/airflow/example_dags/example_short_circuit_operator.py for tasks to queue
[2022-12-03T15:27:55.535+0000] {logging_mixin.py:137} INFO - [2022-12-03T15:27:55.535+0000] {dagbag.py:538} INFO - Filling up the DagBag from /home/airflow/.local/lib/python3.7/site-packages/airflow/example_dags/example_short_circuit_operator.py
[2022-12-03T15:27:55.547+0000] {processor.py:753} INFO - DAG(s) dict_keys(['example_short_circuit_operator']) retrieved from /home/airflow/.local/lib/python3.7/site-packages/airflow/example_dags/example_short_circuit_operator.py
[2022-12-03T15:27:55.574+0000] {logging_mixin.py:137} INFO - [2022-12-03T15:27:55.573+0000] {dag.py:2676} INFO - Sync 1 DAGs
[2022-12-03T15:27:55.589+0000] {logging_mixin.py:137} INFO - [2022-12-03T15:27:55.589+0000] {dag.py:3427} INFO - Setting next_dagrun for example_short_circuit_operator to 2022-12-02T15:27:55.588808+00:00, run_after=2022-12-03T15:27:55.588808+00:00
[2022-12-03T15:27:55.600+0000] {processor.py:175} INFO - Processing /home/airflow/.local/lib/python3.7/site-packages/airflow/example_dags/example_short_circuit_operator.py took 0.069 seconds
[2022-12-03T15:28:26.032+0000] {processor.py:153} INFO - Started process (PID=3452) to work on /home/airflow/.local/lib/python3.7/site-packages/airflow/example_dags/example_short_circuit_operator.py
[2022-12-03T15:28:26.033+0000] {processor.py:743} INFO - Processing file /home/airflow/.local/lib/python3.7/site-packages/airflow/example_dags/example_short_circuit_operator.py for tasks to queue
[2022-12-03T15:28:26.034+0000] {logging_mixin.py:137} INFO - [2022-12-03T15:28:26.034+0000] {dagbag.py:538} INFO - Filling up the DagBag from /home/airflow/.local/lib/python3.7/site-packages/airflow/example_dags/example_short_circuit_operator.py
[2022-12-03T15:28:26.063+0000] {processor.py:753} INFO - DAG(s) dict_keys(['example_short_circuit_operator']) retrieved from /home/airflow/.local/lib/python3.7/site-packages/airflow/example_dags/example_short_circuit_operator.py
[2022-12-03T15:28:26.122+0000] {logging_mixin.py:137} INFO - [2022-12-03T15:28:26.122+0000] {dag.py:2676} INFO - Sync 1 DAGs
[2022-12-03T15:28:26.140+0000] {logging_mixin.py:137} INFO - [2022-12-03T15:28:26.140+0000] {dag.py:3427} INFO - Setting next_dagrun for example_short_circuit_operator to 2022-12-02T15:28:26.140100+00:00, run_after=2022-12-03T15:28:26.140100+00:00
[2022-12-03T15:28:26.161+0000] {processor.py:175} INFO - Processing /home/airflow/.local/lib/python3.7/site-packages/airflow/example_dags/example_short_circuit_operator.py took 0.132 seconds
[2022-12-03T15:28:56.433+0000] {processor.py:153} INFO - Started process (PID=3665) to work on /home/airflow/.local/lib/python3.7/site-packages/airflow/example_dags/example_short_circuit_operator.py
[2022-12-03T15:28:56.434+0000] {processor.py:743} INFO - Processing file /home/airflow/.local/lib/python3.7/site-packages/airflow/example_dags/example_short_circuit_operator.py for tasks to queue
[2022-12-03T15:28:56.435+0000] {logging_mixin.py:137} INFO - [2022-12-03T15:28:56.435+0000] {dagbag.py:538} INFO - Filling up the DagBag from /home/airflow/.local/lib/python3.7/site-packages/airflow/example_dags/example_short_circuit_operator.py
[2022-12-03T15:28:56.446+0000] {processor.py:753} INFO - DAG(s) dict_keys(['example_short_circuit_operator']) retrieved from /home/airflow/.local/lib/python3.7/site-packages/airflow/example_dags/example_short_circuit_operator.py
[2022-12-03T15:28:56.476+0000] {logging_mixin.py:137} INFO - [2022-12-03T15:28:56.476+0000] {dag.py:2676} INFO - Sync 1 DAGs
[2022-12-03T15:28:56.492+0000] {logging_mixin.py:137} INFO - [2022-12-03T15:28:56.492+0000] {dag.py:3427} INFO - Setting next_dagrun for example_short_circuit_operator to 2022-12-02T15:28:56.492263+00:00, run_after=2022-12-03T15:28:56.492263+00:00
[2022-12-03T15:28:56.506+0000] {processor.py:175} INFO - Processing /home/airflow/.local/lib/python3.7/site-packages/airflow/example_dags/example_short_circuit_operator.py took 0.075 seconds
[2022-12-03T15:29:26.558+0000] {processor.py:153} INFO - Started process (PID=3891) to work on /home/airflow/.local/lib/python3.7/site-packages/airflow/example_dags/example_short_circuit_operator.py
[2022-12-03T15:29:26.559+0000] {processor.py:743} INFO - Processing file /home/airflow/.local/lib/python3.7/site-packages/airflow/example_dags/example_short_circuit_operator.py for tasks to queue
[2022-12-03T15:29:26.560+0000] {logging_mixin.py:137} INFO - [2022-12-03T15:29:26.560+0000] {dagbag.py:538} INFO - Filling up the DagBag from /home/airflow/.local/lib/python3.7/site-packages/airflow/example_dags/example_short_circuit_operator.py
[2022-12-03T15:29:26.571+0000] {processor.py:753} INFO - DAG(s) dict_keys(['example_short_circuit_operator']) retrieved from /home/airflow/.local/lib/python3.7/site-packages/airflow/example_dags/example_short_circuit_operator.py
[2022-12-03T15:29:26.596+0000] {logging_mixin.py:137} INFO - [2022-12-03T15:29:26.596+0000] {dag.py:2676} INFO - Sync 1 DAGs
[2022-12-03T15:29:26.613+0000] {logging_mixin.py:137} INFO - [2022-12-03T15:29:26.613+0000] {dag.py:3427} INFO - Setting next_dagrun for example_short_circuit_operator to 2022-12-02T15:29:26.613201+00:00, run_after=2022-12-03T15:29:26.613201+00:00
[2022-12-03T15:29:26.624+0000] {processor.py:175} INFO - Processing /home/airflow/.local/lib/python3.7/site-packages/airflow/example_dags/example_short_circuit_operator.py took 0.069 seconds
[2022-12-03T15:29:57.036+0000] {processor.py:153} INFO - Started process (PID=4117) to work on /home/airflow/.local/lib/python3.7/site-packages/airflow/example_dags/example_short_circuit_operator.py
[2022-12-03T15:29:57.038+0000] {processor.py:743} INFO - Processing file /home/airflow/.local/lib/python3.7/site-packages/airflow/example_dags/example_short_circuit_operator.py for tasks to queue
[2022-12-03T15:29:57.039+0000] {logging_mixin.py:137} INFO - [2022-12-03T15:29:57.038+0000] {dagbag.py:538} INFO - Filling up the DagBag from /home/airflow/.local/lib/python3.7/site-packages/airflow/example_dags/example_short_circuit_operator.py
[2022-12-03T15:29:57.052+0000] {processor.py:753} INFO - DAG(s) dict_keys(['example_short_circuit_operator']) retrieved from /home/airflow/.local/lib/python3.7/site-packages/airflow/example_dags/example_short_circuit_operator.py
[2022-12-03T15:29:57.104+0000] {logging_mixin.py:137} INFO - [2022-12-03T15:29:57.104+0000] {dag.py:2676} INFO - Sync 1 DAGs
[2022-12-03T15:29:57.127+0000] {logging_mixin.py:137} INFO - [2022-12-03T15:29:57.127+0000] {dag.py:3427} INFO - Setting next_dagrun for example_short_circuit_operator to 2022-12-02T15:29:57.127199+00:00, run_after=2022-12-03T15:29:57.127199+00:00
[2022-12-03T15:29:57.142+0000] {processor.py:175} INFO - Processing /home/airflow/.local/lib/python3.7/site-packages/airflow/example_dags/example_short_circuit_operator.py took 0.110 seconds
[2022-12-03T15:30:27.403+0000] {processor.py:153} INFO - Started process (PID=4331) to work on /home/airflow/.local/lib/python3.7/site-packages/airflow/example_dags/example_short_circuit_operator.py
[2022-12-03T15:30:27.404+0000] {processor.py:743} INFO - Processing file /home/airflow/.local/lib/python3.7/site-packages/airflow/example_dags/example_short_circuit_operator.py for tasks to queue
[2022-12-03T15:30:27.405+0000] {logging_mixin.py:137} INFO - [2022-12-03T15:30:27.405+0000] {dagbag.py:538} INFO - Filling up the DagBag from /home/airflow/.local/lib/python3.7/site-packages/airflow/example_dags/example_short_circuit_operator.py
[2022-12-03T15:30:27.417+0000] {processor.py:753} INFO - DAG(s) dict_keys(['example_short_circuit_operator']) retrieved from /home/airflow/.local/lib/python3.7/site-packages/airflow/example_dags/example_short_circuit_operator.py
[2022-12-03T15:30:27.446+0000] {logging_mixin.py:137} INFO - [2022-12-03T15:30:27.446+0000] {dag.py:2676} INFO - Sync 1 DAGs
[2022-12-03T15:30:27.462+0000] {logging_mixin.py:137} INFO - [2022-12-03T15:30:27.462+0000] {dag.py:3427} INFO - Setting next_dagrun for example_short_circuit_operator to 2022-12-02T15:30:27.461855+00:00, run_after=2022-12-03T15:30:27.461855+00:00
[2022-12-03T15:30:27.476+0000] {processor.py:175} INFO - Processing /home/airflow/.local/lib/python3.7/site-packages/airflow/example_dags/example_short_circuit_operator.py took 0.075 seconds
[2022-12-03T15:30:57.678+0000] {processor.py:153} INFO - Started process (PID=4557) to work on /home/airflow/.local/lib/python3.7/site-packages/airflow/example_dags/example_short_circuit_operator.py
[2022-12-03T15:30:57.679+0000] {processor.py:743} INFO - Processing file /home/airflow/.local/lib/python3.7/site-packages/airflow/example_dags/example_short_circuit_operator.py for tasks to queue
[2022-12-03T15:30:57.680+0000] {logging_mixin.py:137} INFO - [2022-12-03T15:30:57.679+0000] {dagbag.py:538} INFO - Filling up the DagBag from /home/airflow/.local/lib/python3.7/site-packages/airflow/example_dags/example_short_circuit_operator.py
[2022-12-03T15:30:57.691+0000] {processor.py:753} INFO - DAG(s) dict_keys(['example_short_circuit_operator']) retrieved from /home/airflow/.local/lib/python3.7/site-packages/airflow/example_dags/example_short_circuit_operator.py
[2022-12-03T15:30:57.717+0000] {logging_mixin.py:137} INFO - [2022-12-03T15:30:57.717+0000] {dag.py:2676} INFO - Sync 1 DAGs
[2022-12-03T15:30:57.733+0000] {logging_mixin.py:137} INFO - [2022-12-03T15:30:57.733+0000] {dag.py:3427} INFO - Setting next_dagrun for example_short_circuit_operator to 2022-12-02T15:30:57.733118+00:00, run_after=2022-12-03T15:30:57.733118+00:00
[2022-12-03T15:30:57.745+0000] {processor.py:175} INFO - Processing /home/airflow/.local/lib/python3.7/site-packages/airflow/example_dags/example_short_circuit_operator.py took 0.070 seconds
[2022-12-03T15:31:28.221+0000] {processor.py:153} INFO - Started process (PID=4782) to work on /home/airflow/.local/lib/python3.7/site-packages/airflow/example_dags/example_short_circuit_operator.py
[2022-12-03T15:31:28.226+0000] {processor.py:743} INFO - Processing file /home/airflow/.local/lib/python3.7/site-packages/airflow/example_dags/example_short_circuit_operator.py for tasks to queue
[2022-12-03T15:31:28.229+0000] {logging_mixin.py:137} INFO - [2022-12-03T15:31:28.229+0000] {dagbag.py:538} INFO - Filling up the DagBag from /home/airflow/.local/lib/python3.7/site-packages/airflow/example_dags/example_short_circuit_operator.py
[2022-12-03T15:31:28.244+0000] {processor.py:753} INFO - DAG(s) dict_keys(['example_short_circuit_operator']) retrieved from /home/airflow/.local/lib/python3.7/site-packages/airflow/example_dags/example_short_circuit_operator.py
[2022-12-03T15:31:28.295+0000] {logging_mixin.py:137} INFO - [2022-12-03T15:31:28.295+0000] {dag.py:2676} INFO - Sync 1 DAGs
[2022-12-03T15:31:28.323+0000] {logging_mixin.py:137} INFO - [2022-12-03T15:31:28.323+0000] {dag.py:3427} INFO - Setting next_dagrun for example_short_circuit_operator to 2022-12-02T15:31:28.323549+00:00, run_after=2022-12-03T15:31:28.323549+00:00
[2022-12-03T15:31:28.344+0000] {processor.py:175} INFO - Processing /home/airflow/.local/lib/python3.7/site-packages/airflow/example_dags/example_short_circuit_operator.py took 0.125 seconds
[2022-12-03T15:31:58.810+0000] {processor.py:153} INFO - Started process (PID=4996) to work on /home/airflow/.local/lib/python3.7/site-packages/airflow/example_dags/example_short_circuit_operator.py
[2022-12-03T15:31:58.812+0000] {processor.py:743} INFO - Processing file /home/airflow/.local/lib/python3.7/site-packages/airflow/example_dags/example_short_circuit_operator.py for tasks to queue
[2022-12-03T15:31:58.813+0000] {logging_mixin.py:137} INFO - [2022-12-03T15:31:58.813+0000] {dagbag.py:538} INFO - Filling up the DagBag from /home/airflow/.local/lib/python3.7/site-packages/airflow/example_dags/example_short_circuit_operator.py
[2022-12-03T15:31:58.824+0000] {processor.py:753} INFO - DAG(s) dict_keys(['example_short_circuit_operator']) retrieved from /home/airflow/.local/lib/python3.7/site-packages/airflow/example_dags/example_short_circuit_operator.py
[2022-12-03T15:31:58.852+0000] {logging_mixin.py:137} INFO - [2022-12-03T15:31:58.852+0000] {dag.py:2676} INFO - Sync 1 DAGs
[2022-12-03T15:31:58.869+0000] {logging_mixin.py:137} INFO - [2022-12-03T15:31:58.869+0000] {dag.py:3427} INFO - Setting next_dagrun for example_short_circuit_operator to 2022-12-02T15:31:58.869494+00:00, run_after=2022-12-03T15:31:58.869494+00:00
[2022-12-03T15:31:58.883+0000] {processor.py:175} INFO - Processing /home/airflow/.local/lib/python3.7/site-packages/airflow/example_dags/example_short_circuit_operator.py took 0.075 seconds
[2022-12-03T15:32:29.362+0000] {processor.py:153} INFO - Started process (PID=5222) to work on /home/airflow/.local/lib/python3.7/site-packages/airflow/example_dags/example_short_circuit_operator.py
[2022-12-03T15:32:29.363+0000] {processor.py:743} INFO - Processing file /home/airflow/.local/lib/python3.7/site-packages/airflow/example_dags/example_short_circuit_operator.py for tasks to queue
[2022-12-03T15:32:29.364+0000] {logging_mixin.py:137} INFO - [2022-12-03T15:32:29.364+0000] {dagbag.py:538} INFO - Filling up the DagBag from /home/airflow/.local/lib/python3.7/site-packages/airflow/example_dags/example_short_circuit_operator.py
[2022-12-03T15:32:29.376+0000] {processor.py:753} INFO - DAG(s) dict_keys(['example_short_circuit_operator']) retrieved from /home/airflow/.local/lib/python3.7/site-packages/airflow/example_dags/example_short_circuit_operator.py
[2022-12-03T15:32:29.404+0000] {logging_mixin.py:137} INFO - [2022-12-03T15:32:29.404+0000] {dag.py:2676} INFO - Sync 1 DAGs
[2022-12-03T15:32:29.420+0000] {logging_mixin.py:137} INFO - [2022-12-03T15:32:29.420+0000] {dag.py:3427} INFO - Setting next_dagrun for example_short_circuit_operator to 2022-12-02T15:32:29.420147+00:00, run_after=2022-12-03T15:32:29.420147+00:00
[2022-12-03T15:32:29.432+0000] {processor.py:175} INFO - Processing /home/airflow/.local/lib/python3.7/site-packages/airflow/example_dags/example_short_circuit_operator.py took 0.073 seconds
[2022-12-03T15:33:00.928+0000] {processor.py:153} INFO - Started process (PID=5474) to work on /home/airflow/.local/lib/python3.7/site-packages/airflow/example_dags/example_short_circuit_operator.py
[2022-12-03T15:33:00.930+0000] {processor.py:743} INFO - Processing file /home/airflow/.local/lib/python3.7/site-packages/airflow/example_dags/example_short_circuit_operator.py for tasks to queue
[2022-12-03T15:33:00.932+0000] {logging_mixin.py:137} INFO - [2022-12-03T15:33:00.932+0000] {dagbag.py:538} INFO - Filling up the DagBag from /home/airflow/.local/lib/python3.7/site-packages/airflow/example_dags/example_short_circuit_operator.py
[2022-12-03T15:33:01.007+0000] {processor.py:753} INFO - DAG(s) dict_keys(['example_short_circuit_operator']) retrieved from /home/airflow/.local/lib/python3.7/site-packages/airflow/example_dags/example_short_circuit_operator.py
[2022-12-03T15:33:01.175+0000] {logging_mixin.py:137} INFO - [2022-12-03T15:33:01.175+0000] {dag.py:2676} INFO - Sync 1 DAGs
[2022-12-03T15:33:01.871+0000] {logging_mixin.py:137} INFO - [2022-12-03T15:33:01.868+0000] {process_utils.py:256} INFO - Waiting up to 5 seconds for processes to exit...
