[2022-12-03T15:08:51.822+0000] {processor.py:153} INFO - Started process (PID=181) to work on /home/airflow/.local/lib/python3.7/site-packages/airflow/example_dags/example_nested_branch_dag.py
[2022-12-03T15:08:51.825+0000] {processor.py:743} INFO - Processing file /home/airflow/.local/lib/python3.7/site-packages/airflow/example_dags/example_nested_branch_dag.py for tasks to queue
[2022-12-03T15:08:51.826+0000] {logging_mixin.py:137} INFO - [2022-12-03T15:08:51.826+0000] {dagbag.py:538} INFO - Filling up the DagBag from /home/airflow/.local/lib/python3.7/site-packages/airflow/example_dags/example_nested_branch_dag.py
[2022-12-03T15:08:51.858+0000] {processor.py:753} INFO - DAG(s) dict_keys(['example_nested_branch_dag']) retrieved from /home/airflow/.local/lib/python3.7/site-packages/airflow/example_dags/example_nested_branch_dag.py
[2022-12-03T15:08:51.898+0000] {logging_mixin.py:137} INFO - [2022-12-03T15:08:51.897+0000] {dag.py:2676} INFO - Sync 1 DAGs
[2022-12-03T15:08:51.934+0000] {logging_mixin.py:137} INFO - [2022-12-03T15:08:51.932+0000] {dag.py:3427} INFO - Setting next_dagrun for example_nested_branch_dag to 2022-12-02T00:00:00+00:00, run_after=2022-12-03T00:00:00+00:00
[2022-12-03T15:08:51.989+0000] {processor.py:175} INFO - Processing /home/airflow/.local/lib/python3.7/site-packages/airflow/example_dags/example_nested_branch_dag.py took 0.170 seconds
[2022-12-03T15:09:22.330+0000] {processor.py:153} INFO - Started process (PID=407) to work on /home/airflow/.local/lib/python3.7/site-packages/airflow/example_dags/example_nested_branch_dag.py
[2022-12-03T15:09:22.331+0000] {processor.py:743} INFO - Processing file /home/airflow/.local/lib/python3.7/site-packages/airflow/example_dags/example_nested_branch_dag.py for tasks to queue
[2022-12-03T15:09:22.332+0000] {logging_mixin.py:137} INFO - [2022-12-03T15:09:22.332+0000] {dagbag.py:538} INFO - Filling up the DagBag from /home/airflow/.local/lib/python3.7/site-packages/airflow/example_dags/example_nested_branch_dag.py
[2022-12-03T15:09:22.350+0000] {processor.py:753} INFO - DAG(s) dict_keys(['example_nested_branch_dag']) retrieved from /home/airflow/.local/lib/python3.7/site-packages/airflow/example_dags/example_nested_branch_dag.py
[2022-12-03T15:09:22.377+0000] {logging_mixin.py:137} INFO - [2022-12-03T15:09:22.377+0000] {dag.py:2676} INFO - Sync 1 DAGs
[2022-12-03T15:09:22.404+0000] {logging_mixin.py:137} INFO - [2022-12-03T15:09:22.403+0000] {dag.py:3427} INFO - Setting next_dagrun for example_nested_branch_dag to 2022-12-02T00:00:00+00:00, run_after=2022-12-03T00:00:00+00:00
[2022-12-03T15:09:22.417+0000] {processor.py:175} INFO - Processing /home/airflow/.local/lib/python3.7/site-packages/airflow/example_dags/example_nested_branch_dag.py took 0.090 seconds
[2022-12-03T15:09:52.566+0000] {processor.py:153} INFO - Started process (PID=618) to work on /home/airflow/.local/lib/python3.7/site-packages/airflow/example_dags/example_nested_branch_dag.py
[2022-12-03T15:09:52.567+0000] {processor.py:743} INFO - Processing file /home/airflow/.local/lib/python3.7/site-packages/airflow/example_dags/example_nested_branch_dag.py for tasks to queue
[2022-12-03T15:09:52.568+0000] {logging_mixin.py:137} INFO - [2022-12-03T15:09:52.568+0000] {dagbag.py:538} INFO - Filling up the DagBag from /home/airflow/.local/lib/python3.7/site-packages/airflow/example_dags/example_nested_branch_dag.py
[2022-12-03T15:09:52.587+0000] {processor.py:753} INFO - DAG(s) dict_keys(['example_nested_branch_dag']) retrieved from /home/airflow/.local/lib/python3.7/site-packages/airflow/example_dags/example_nested_branch_dag.py
[2022-12-03T15:09:52.629+0000] {logging_mixin.py:137} INFO - [2022-12-03T15:09:52.629+0000] {dag.py:2676} INFO - Sync 1 DAGs
[2022-12-03T15:09:52.646+0000] {logging_mixin.py:137} INFO - [2022-12-03T15:09:52.646+0000] {dag.py:3427} INFO - Setting next_dagrun for example_nested_branch_dag to 2022-12-02T00:00:00+00:00, run_after=2022-12-03T00:00:00+00:00
[2022-12-03T15:09:52.661+0000] {processor.py:175} INFO - Processing /home/airflow/.local/lib/python3.7/site-packages/airflow/example_dags/example_nested_branch_dag.py took 0.099 seconds
[2022-12-03T15:10:23.594+0000] {processor.py:153} INFO - Started process (PID=846) to work on /home/airflow/.local/lib/python3.7/site-packages/airflow/example_dags/example_nested_branch_dag.py
[2022-12-03T15:10:23.596+0000] {processor.py:743} INFO - Processing file /home/airflow/.local/lib/python3.7/site-packages/airflow/example_dags/example_nested_branch_dag.py for tasks to queue
[2022-12-03T15:10:23.597+0000] {logging_mixin.py:137} INFO - [2022-12-03T15:10:23.597+0000] {dagbag.py:538} INFO - Filling up the DagBag from /home/airflow/.local/lib/python3.7/site-packages/airflow/example_dags/example_nested_branch_dag.py
[2022-12-03T15:10:23.616+0000] {processor.py:753} INFO - DAG(s) dict_keys(['example_nested_branch_dag']) retrieved from /home/airflow/.local/lib/python3.7/site-packages/airflow/example_dags/example_nested_branch_dag.py
[2022-12-03T15:10:23.639+0000] {logging_mixin.py:137} INFO - [2022-12-03T15:10:23.639+0000] {dag.py:2676} INFO - Sync 1 DAGs
[2022-12-03T15:10:23.658+0000] {logging_mixin.py:137} INFO - [2022-12-03T15:10:23.658+0000] {dag.py:3427} INFO - Setting next_dagrun for example_nested_branch_dag to 2022-12-02T00:00:00+00:00, run_after=2022-12-03T00:00:00+00:00
[2022-12-03T15:10:23.680+0000] {processor.py:175} INFO - Processing /home/airflow/.local/lib/python3.7/site-packages/airflow/example_dags/example_nested_branch_dag.py took 0.088 seconds
[2022-12-03T15:10:50.611+0000] {processor.py:153} INFO - Started process (PID=179) to work on /home/airflow/.local/lib/python3.7/site-packages/airflow/example_dags/example_nested_branch_dag.py
[2022-12-03T15:10:50.612+0000] {processor.py:743} INFO - Processing file /home/airflow/.local/lib/python3.7/site-packages/airflow/example_dags/example_nested_branch_dag.py for tasks to queue
[2022-12-03T15:10:50.613+0000] {logging_mixin.py:137} INFO - [2022-12-03T15:10:50.613+0000] {dagbag.py:538} INFO - Filling up the DagBag from /home/airflow/.local/lib/python3.7/site-packages/airflow/example_dags/example_nested_branch_dag.py
[2022-12-03T15:10:50.634+0000] {processor.py:753} INFO - DAG(s) dict_keys(['example_nested_branch_dag']) retrieved from /home/airflow/.local/lib/python3.7/site-packages/airflow/example_dags/example_nested_branch_dag.py
[2022-12-03T15:10:50.670+0000] {logging_mixin.py:137} INFO - [2022-12-03T15:10:50.670+0000] {dag.py:2676} INFO - Sync 1 DAGs
[2022-12-03T15:10:50.708+0000] {logging_mixin.py:137} INFO - [2022-12-03T15:10:50.707+0000] {dag.py:3427} INFO - Setting next_dagrun for example_nested_branch_dag to 2022-12-02T00:00:00+00:00, run_after=2022-12-03T00:00:00+00:00
[2022-12-03T15:10:50.735+0000] {processor.py:175} INFO - Processing /home/airflow/.local/lib/python3.7/site-packages/airflow/example_dags/example_nested_branch_dag.py took 0.127 seconds
[2022-12-03T15:11:21.489+0000] {processor.py:153} INFO - Started process (PID=407) to work on /home/airflow/.local/lib/python3.7/site-packages/airflow/example_dags/example_nested_branch_dag.py
[2022-12-03T15:11:21.490+0000] {processor.py:743} INFO - Processing file /home/airflow/.local/lib/python3.7/site-packages/airflow/example_dags/example_nested_branch_dag.py for tasks to queue
[2022-12-03T15:11:21.490+0000] {logging_mixin.py:137} INFO - [2022-12-03T15:11:21.490+0000] {dagbag.py:538} INFO - Filling up the DagBag from /home/airflow/.local/lib/python3.7/site-packages/airflow/example_dags/example_nested_branch_dag.py
[2022-12-03T15:11:21.506+0000] {processor.py:753} INFO - DAG(s) dict_keys(['example_nested_branch_dag']) retrieved from /home/airflow/.local/lib/python3.7/site-packages/airflow/example_dags/example_nested_branch_dag.py
[2022-12-03T15:11:21.529+0000] {logging_mixin.py:137} INFO - [2022-12-03T15:11:21.529+0000] {dag.py:2676} INFO - Sync 1 DAGs
[2022-12-03T15:11:21.544+0000] {logging_mixin.py:137} INFO - [2022-12-03T15:11:21.543+0000] {dag.py:3427} INFO - Setting next_dagrun for example_nested_branch_dag to 2022-12-02T00:00:00+00:00, run_after=2022-12-03T00:00:00+00:00
[2022-12-03T15:11:21.554+0000] {processor.py:175} INFO - Processing /home/airflow/.local/lib/python3.7/site-packages/airflow/example_dags/example_nested_branch_dag.py took 0.069 seconds
[2022-12-03T15:11:51.786+0000] {processor.py:153} INFO - Started process (PID=629) to work on /home/airflow/.local/lib/python3.7/site-packages/airflow/example_dags/example_nested_branch_dag.py
[2022-12-03T15:11:51.788+0000] {processor.py:743} INFO - Processing file /home/airflow/.local/lib/python3.7/site-packages/airflow/example_dags/example_nested_branch_dag.py for tasks to queue
[2022-12-03T15:11:51.792+0000] {logging_mixin.py:137} INFO - [2022-12-03T15:11:51.791+0000] {dagbag.py:538} INFO - Filling up the DagBag from /home/airflow/.local/lib/python3.7/site-packages/airflow/example_dags/example_nested_branch_dag.py
[2022-12-03T15:11:51.808+0000] {processor.py:753} INFO - DAG(s) dict_keys(['example_nested_branch_dag']) retrieved from /home/airflow/.local/lib/python3.7/site-packages/airflow/example_dags/example_nested_branch_dag.py
[2022-12-03T15:11:51.838+0000] {logging_mixin.py:137} INFO - [2022-12-03T15:11:51.838+0000] {dag.py:2676} INFO - Sync 1 DAGs
[2022-12-03T15:11:51.858+0000] {logging_mixin.py:137} INFO - [2022-12-03T15:11:51.858+0000] {dag.py:3427} INFO - Setting next_dagrun for example_nested_branch_dag to 2022-12-02T00:00:00+00:00, run_after=2022-12-03T00:00:00+00:00
[2022-12-03T15:11:51.880+0000] {processor.py:175} INFO - Processing /home/airflow/.local/lib/python3.7/site-packages/airflow/example_dags/example_nested_branch_dag.py took 0.096 seconds
[2022-12-03T15:12:22.377+0000] {processor.py:153} INFO - Started process (PID=849) to work on /home/airflow/.local/lib/python3.7/site-packages/airflow/example_dags/example_nested_branch_dag.py
[2022-12-03T15:12:22.378+0000] {processor.py:743} INFO - Processing file /home/airflow/.local/lib/python3.7/site-packages/airflow/example_dags/example_nested_branch_dag.py for tasks to queue
[2022-12-03T15:12:22.379+0000] {logging_mixin.py:137} INFO - [2022-12-03T15:12:22.379+0000] {dagbag.py:538} INFO - Filling up the DagBag from /home/airflow/.local/lib/python3.7/site-packages/airflow/example_dags/example_nested_branch_dag.py
[2022-12-03T15:12:22.395+0000] {processor.py:753} INFO - DAG(s) dict_keys(['example_nested_branch_dag']) retrieved from /home/airflow/.local/lib/python3.7/site-packages/airflow/example_dags/example_nested_branch_dag.py
[2022-12-03T15:12:22.411+0000] {logging_mixin.py:137} INFO - [2022-12-03T15:12:22.411+0000] {dag.py:2676} INFO - Sync 1 DAGs
[2022-12-03T15:12:22.431+0000] {logging_mixin.py:137} INFO - [2022-12-03T15:12:22.431+0000] {dag.py:3427} INFO - Setting next_dagrun for example_nested_branch_dag to 2022-12-02T00:00:00+00:00, run_after=2022-12-03T00:00:00+00:00
[2022-12-03T15:12:22.442+0000] {processor.py:175} INFO - Processing /home/airflow/.local/lib/python3.7/site-packages/airflow/example_dags/example_nested_branch_dag.py took 0.068 seconds
[2022-12-03T15:12:52.571+0000] {processor.py:153} INFO - Started process (PID=1075) to work on /home/airflow/.local/lib/python3.7/site-packages/airflow/example_dags/example_nested_branch_dag.py
[2022-12-03T15:12:52.572+0000] {processor.py:743} INFO - Processing file /home/airflow/.local/lib/python3.7/site-packages/airflow/example_dags/example_nested_branch_dag.py for tasks to queue
[2022-12-03T15:12:52.573+0000] {logging_mixin.py:137} INFO - [2022-12-03T15:12:52.573+0000] {dagbag.py:538} INFO - Filling up the DagBag from /home/airflow/.local/lib/python3.7/site-packages/airflow/example_dags/example_nested_branch_dag.py
[2022-12-03T15:12:52.589+0000] {processor.py:753} INFO - DAG(s) dict_keys(['example_nested_branch_dag']) retrieved from /home/airflow/.local/lib/python3.7/site-packages/airflow/example_dags/example_nested_branch_dag.py
[2022-12-03T15:12:52.609+0000] {logging_mixin.py:137} INFO - [2022-12-03T15:12:52.609+0000] {dag.py:2676} INFO - Sync 1 DAGs
[2022-12-03T15:12:52.628+0000] {logging_mixin.py:137} INFO - [2022-12-03T15:12:52.628+0000] {dag.py:3427} INFO - Setting next_dagrun for example_nested_branch_dag to 2022-12-02T00:00:00+00:00, run_after=2022-12-03T00:00:00+00:00
[2022-12-03T15:12:52.640+0000] {processor.py:175} INFO - Processing /home/airflow/.local/lib/python3.7/site-packages/airflow/example_dags/example_nested_branch_dag.py took 0.071 seconds
[2022-12-03T15:13:22.847+0000] {processor.py:153} INFO - Started process (PID=1288) to work on /home/airflow/.local/lib/python3.7/site-packages/airflow/example_dags/example_nested_branch_dag.py
[2022-12-03T15:13:22.848+0000] {processor.py:743} INFO - Processing file /home/airflow/.local/lib/python3.7/site-packages/airflow/example_dags/example_nested_branch_dag.py for tasks to queue
[2022-12-03T15:13:22.849+0000] {logging_mixin.py:137} INFO - [2022-12-03T15:13:22.849+0000] {dagbag.py:538} INFO - Filling up the DagBag from /home/airflow/.local/lib/python3.7/site-packages/airflow/example_dags/example_nested_branch_dag.py
[2022-12-03T15:13:22.865+0000] {processor.py:753} INFO - DAG(s) dict_keys(['example_nested_branch_dag']) retrieved from /home/airflow/.local/lib/python3.7/site-packages/airflow/example_dags/example_nested_branch_dag.py
[2022-12-03T15:13:22.892+0000] {logging_mixin.py:137} INFO - [2022-12-03T15:13:22.892+0000] {dag.py:2676} INFO - Sync 1 DAGs
[2022-12-03T15:13:22.908+0000] {logging_mixin.py:137} INFO - [2022-12-03T15:13:22.908+0000] {dag.py:3427} INFO - Setting next_dagrun for example_nested_branch_dag to 2022-12-02T00:00:00+00:00, run_after=2022-12-03T00:00:00+00:00
[2022-12-03T15:13:22.918+0000] {processor.py:175} INFO - Processing /home/airflow/.local/lib/python3.7/site-packages/airflow/example_dags/example_nested_branch_dag.py took 0.074 seconds
[2022-12-03T15:13:53.760+0000] {processor.py:153} INFO - Started process (PID=1515) to work on /home/airflow/.local/lib/python3.7/site-packages/airflow/example_dags/example_nested_branch_dag.py
[2022-12-03T15:13:53.761+0000] {processor.py:743} INFO - Processing file /home/airflow/.local/lib/python3.7/site-packages/airflow/example_dags/example_nested_branch_dag.py for tasks to queue
[2022-12-03T15:13:53.762+0000] {logging_mixin.py:137} INFO - [2022-12-03T15:13:53.762+0000] {dagbag.py:538} INFO - Filling up the DagBag from /home/airflow/.local/lib/python3.7/site-packages/airflow/example_dags/example_nested_branch_dag.py
[2022-12-03T15:13:53.777+0000] {processor.py:753} INFO - DAG(s) dict_keys(['example_nested_branch_dag']) retrieved from /home/airflow/.local/lib/python3.7/site-packages/airflow/example_dags/example_nested_branch_dag.py
[2022-12-03T15:13:53.801+0000] {logging_mixin.py:137} INFO - [2022-12-03T15:13:53.801+0000] {dag.py:2676} INFO - Sync 1 DAGs
[2022-12-03T15:13:53.816+0000] {logging_mixin.py:137} INFO - [2022-12-03T15:13:53.816+0000] {dag.py:3427} INFO - Setting next_dagrun for example_nested_branch_dag to 2022-12-02T00:00:00+00:00, run_after=2022-12-03T00:00:00+00:00
[2022-12-03T15:13:53.827+0000] {processor.py:175} INFO - Processing /home/airflow/.local/lib/python3.7/site-packages/airflow/example_dags/example_nested_branch_dag.py took 0.069 seconds
[2022-12-03T15:14:24.065+0000] {processor.py:153} INFO - Started process (PID=1739) to work on /home/airflow/.local/lib/python3.7/site-packages/airflow/example_dags/example_nested_branch_dag.py
[2022-12-03T15:14:24.066+0000] {processor.py:743} INFO - Processing file /home/airflow/.local/lib/python3.7/site-packages/airflow/example_dags/example_nested_branch_dag.py for tasks to queue
[2022-12-03T15:14:24.067+0000] {logging_mixin.py:137} INFO - [2022-12-03T15:14:24.067+0000] {dagbag.py:538} INFO - Filling up the DagBag from /home/airflow/.local/lib/python3.7/site-packages/airflow/example_dags/example_nested_branch_dag.py
[2022-12-03T15:14:24.082+0000] {processor.py:753} INFO - DAG(s) dict_keys(['example_nested_branch_dag']) retrieved from /home/airflow/.local/lib/python3.7/site-packages/airflow/example_dags/example_nested_branch_dag.py
[2022-12-03T15:14:24.109+0000] {logging_mixin.py:137} INFO - [2022-12-03T15:14:24.108+0000] {dag.py:2676} INFO - Sync 1 DAGs
[2022-12-03T15:14:24.124+0000] {logging_mixin.py:137} INFO - [2022-12-03T15:14:24.124+0000] {dag.py:3427} INFO - Setting next_dagrun for example_nested_branch_dag to 2022-12-02T00:00:00+00:00, run_after=2022-12-03T00:00:00+00:00
[2022-12-03T15:14:24.135+0000] {processor.py:175} INFO - Processing /home/airflow/.local/lib/python3.7/site-packages/airflow/example_dags/example_nested_branch_dag.py took 0.073 seconds
[2022-12-03T15:15:10.809+0000] {processor.py:153} INFO - Started process (PID=180) to work on /home/airflow/.local/lib/python3.7/site-packages/airflow/example_dags/example_nested_branch_dag.py
[2022-12-03T15:15:10.810+0000] {processor.py:743} INFO - Processing file /home/airflow/.local/lib/python3.7/site-packages/airflow/example_dags/example_nested_branch_dag.py for tasks to queue
[2022-12-03T15:15:10.811+0000] {logging_mixin.py:137} INFO - [2022-12-03T15:15:10.811+0000] {dagbag.py:538} INFO - Filling up the DagBag from /home/airflow/.local/lib/python3.7/site-packages/airflow/example_dags/example_nested_branch_dag.py
[2022-12-03T15:15:10.829+0000] {processor.py:753} INFO - DAG(s) dict_keys(['example_nested_branch_dag']) retrieved from /home/airflow/.local/lib/python3.7/site-packages/airflow/example_dags/example_nested_branch_dag.py
[2022-12-03T15:15:10.855+0000] {logging_mixin.py:137} INFO - [2022-12-03T15:15:10.855+0000] {dag.py:2676} INFO - Sync 1 DAGs
[2022-12-03T15:15:10.881+0000] {logging_mixin.py:137} INFO - [2022-12-03T15:15:10.881+0000] {dag.py:3427} INFO - Setting next_dagrun for example_nested_branch_dag to 2022-12-02T00:00:00+00:00, run_after=2022-12-03T00:00:00+00:00
[2022-12-03T15:15:10.901+0000] {processor.py:175} INFO - Processing /home/airflow/.local/lib/python3.7/site-packages/airflow/example_dags/example_nested_branch_dag.py took 0.095 seconds
[2022-12-03T15:21:17.764+0000] {processor.py:153} INFO - Started process (PID=178) to work on /home/airflow/.local/lib/python3.7/site-packages/airflow/example_dags/example_nested_branch_dag.py
[2022-12-03T15:21:17.766+0000] {processor.py:743} INFO - Processing file /home/airflow/.local/lib/python3.7/site-packages/airflow/example_dags/example_nested_branch_dag.py for tasks to queue
[2022-12-03T15:21:17.767+0000] {logging_mixin.py:137} INFO - [2022-12-03T15:21:17.767+0000] {dagbag.py:538} INFO - Filling up the DagBag from /home/airflow/.local/lib/python3.7/site-packages/airflow/example_dags/example_nested_branch_dag.py
[2022-12-03T15:21:17.787+0000] {processor.py:753} INFO - DAG(s) dict_keys(['example_nested_branch_dag']) retrieved from /home/airflow/.local/lib/python3.7/site-packages/airflow/example_dags/example_nested_branch_dag.py
[2022-12-03T15:21:17.807+0000] {logging_mixin.py:137} INFO - [2022-12-03T15:21:17.807+0000] {dag.py:2676} INFO - Sync 1 DAGs
[2022-12-03T15:21:17.833+0000] {logging_mixin.py:137} INFO - [2022-12-03T15:21:17.833+0000] {dag.py:3427} INFO - Setting next_dagrun for example_nested_branch_dag to 2022-12-02T00:00:00+00:00, run_after=2022-12-03T00:00:00+00:00
[2022-12-03T15:21:17.851+0000] {processor.py:175} INFO - Processing /home/airflow/.local/lib/python3.7/site-packages/airflow/example_dags/example_nested_branch_dag.py took 0.089 seconds
[2022-12-03T15:21:47.943+0000] {processor.py:153} INFO - Started process (PID=402) to work on /home/airflow/.local/lib/python3.7/site-packages/airflow/example_dags/example_nested_branch_dag.py
[2022-12-03T15:21:47.944+0000] {processor.py:743} INFO - Processing file /home/airflow/.local/lib/python3.7/site-packages/airflow/example_dags/example_nested_branch_dag.py for tasks to queue
[2022-12-03T15:21:47.945+0000] {logging_mixin.py:137} INFO - [2022-12-03T15:21:47.945+0000] {dagbag.py:538} INFO - Filling up the DagBag from /home/airflow/.local/lib/python3.7/site-packages/airflow/example_dags/example_nested_branch_dag.py
[2022-12-03T15:21:47.964+0000] {processor.py:753} INFO - DAG(s) dict_keys(['example_nested_branch_dag']) retrieved from /home/airflow/.local/lib/python3.7/site-packages/airflow/example_dags/example_nested_branch_dag.py
[2022-12-03T15:21:48.022+0000] {logging_mixin.py:137} INFO - [2022-12-03T15:21:48.022+0000] {dag.py:2676} INFO - Sync 1 DAGs
[2022-12-03T15:21:48.038+0000] {logging_mixin.py:137} INFO - [2022-12-03T15:21:48.038+0000] {dag.py:3427} INFO - Setting next_dagrun for example_nested_branch_dag to 2022-12-02T00:00:00+00:00, run_after=2022-12-03T00:00:00+00:00
[2022-12-03T15:21:48.085+0000] {processor.py:175} INFO - Processing /home/airflow/.local/lib/python3.7/site-packages/airflow/example_dags/example_nested_branch_dag.py took 0.144 seconds
[2022-12-03T15:22:18.239+0000] {processor.py:153} INFO - Started process (PID=617) to work on /home/airflow/.local/lib/python3.7/site-packages/airflow/example_dags/example_nested_branch_dag.py
[2022-12-03T15:22:18.240+0000] {processor.py:743} INFO - Processing file /home/airflow/.local/lib/python3.7/site-packages/airflow/example_dags/example_nested_branch_dag.py for tasks to queue
[2022-12-03T15:22:18.241+0000] {logging_mixin.py:137} INFO - [2022-12-03T15:22:18.241+0000] {dagbag.py:538} INFO - Filling up the DagBag from /home/airflow/.local/lib/python3.7/site-packages/airflow/example_dags/example_nested_branch_dag.py
[2022-12-03T15:22:18.256+0000] {processor.py:753} INFO - DAG(s) dict_keys(['example_nested_branch_dag']) retrieved from /home/airflow/.local/lib/python3.7/site-packages/airflow/example_dags/example_nested_branch_dag.py
[2022-12-03T15:22:18.280+0000] {logging_mixin.py:137} INFO - [2022-12-03T15:22:18.280+0000] {dag.py:2676} INFO - Sync 1 DAGs
[2022-12-03T15:22:18.294+0000] {logging_mixin.py:137} INFO - [2022-12-03T15:22:18.294+0000] {dag.py:3427} INFO - Setting next_dagrun for example_nested_branch_dag to 2022-12-02T00:00:00+00:00, run_after=2022-12-03T00:00:00+00:00
[2022-12-03T15:22:18.304+0000] {processor.py:175} INFO - Processing /home/airflow/.local/lib/python3.7/site-packages/airflow/example_dags/example_nested_branch_dag.py took 0.067 seconds
[2022-12-03T15:22:48.500+0000] {processor.py:153} INFO - Started process (PID=843) to work on /home/airflow/.local/lib/python3.7/site-packages/airflow/example_dags/example_nested_branch_dag.py
[2022-12-03T15:22:48.501+0000] {processor.py:743} INFO - Processing file /home/airflow/.local/lib/python3.7/site-packages/airflow/example_dags/example_nested_branch_dag.py for tasks to queue
[2022-12-03T15:22:48.502+0000] {logging_mixin.py:137} INFO - [2022-12-03T15:22:48.502+0000] {dagbag.py:538} INFO - Filling up the DagBag from /home/airflow/.local/lib/python3.7/site-packages/airflow/example_dags/example_nested_branch_dag.py
[2022-12-03T15:22:48.518+0000] {processor.py:753} INFO - DAG(s) dict_keys(['example_nested_branch_dag']) retrieved from /home/airflow/.local/lib/python3.7/site-packages/airflow/example_dags/example_nested_branch_dag.py
[2022-12-03T15:22:48.544+0000] {logging_mixin.py:137} INFO - [2022-12-03T15:22:48.544+0000] {dag.py:2676} INFO - Sync 1 DAGs
[2022-12-03T15:22:48.559+0000] {logging_mixin.py:137} INFO - [2022-12-03T15:22:48.559+0000] {dag.py:3427} INFO - Setting next_dagrun for example_nested_branch_dag to 2022-12-02T00:00:00+00:00, run_after=2022-12-03T00:00:00+00:00
[2022-12-03T15:22:48.570+0000] {processor.py:175} INFO - Processing /home/airflow/.local/lib/python3.7/site-packages/airflow/example_dags/example_nested_branch_dag.py took 0.073 seconds
[2022-12-03T15:23:19.473+0000] {processor.py:153} INFO - Started process (PID=1070) to work on /home/airflow/.local/lib/python3.7/site-packages/airflow/example_dags/example_nested_branch_dag.py
[2022-12-03T15:23:19.476+0000] {processor.py:743} INFO - Processing file /home/airflow/.local/lib/python3.7/site-packages/airflow/example_dags/example_nested_branch_dag.py for tasks to queue
[2022-12-03T15:23:19.477+0000] {logging_mixin.py:137} INFO - [2022-12-03T15:23:19.477+0000] {dagbag.py:538} INFO - Filling up the DagBag from /home/airflow/.local/lib/python3.7/site-packages/airflow/example_dags/example_nested_branch_dag.py
[2022-12-03T15:23:19.496+0000] {processor.py:753} INFO - DAG(s) dict_keys(['example_nested_branch_dag']) retrieved from /home/airflow/.local/lib/python3.7/site-packages/airflow/example_dags/example_nested_branch_dag.py
[2022-12-03T15:23:19.526+0000] {logging_mixin.py:137} INFO - [2022-12-03T15:23:19.526+0000] {dag.py:2676} INFO - Sync 1 DAGs
[2022-12-03T15:23:19.544+0000] {logging_mixin.py:137} INFO - [2022-12-03T15:23:19.543+0000] {dag.py:3427} INFO - Setting next_dagrun for example_nested_branch_dag to 2022-12-02T00:00:00+00:00, run_after=2022-12-03T00:00:00+00:00
[2022-12-03T15:23:19.557+0000] {processor.py:175} INFO - Processing /home/airflow/.local/lib/python3.7/site-packages/airflow/example_dags/example_nested_branch_dag.py took 0.088 seconds
[2022-12-03T15:23:49.978+0000] {processor.py:153} INFO - Started process (PID=1284) to work on /home/airflow/.local/lib/python3.7/site-packages/airflow/example_dags/example_nested_branch_dag.py
[2022-12-03T15:23:49.980+0000] {processor.py:743} INFO - Processing file /home/airflow/.local/lib/python3.7/site-packages/airflow/example_dags/example_nested_branch_dag.py for tasks to queue
[2022-12-03T15:23:49.980+0000] {logging_mixin.py:137} INFO - [2022-12-03T15:23:49.980+0000] {dagbag.py:538} INFO - Filling up the DagBag from /home/airflow/.local/lib/python3.7/site-packages/airflow/example_dags/example_nested_branch_dag.py
[2022-12-03T15:23:49.996+0000] {processor.py:753} INFO - DAG(s) dict_keys(['example_nested_branch_dag']) retrieved from /home/airflow/.local/lib/python3.7/site-packages/airflow/example_dags/example_nested_branch_dag.py
[2022-12-03T15:23:50.022+0000] {logging_mixin.py:137} INFO - [2022-12-03T15:23:50.022+0000] {dag.py:2676} INFO - Sync 1 DAGs
[2022-12-03T15:23:50.038+0000] {logging_mixin.py:137} INFO - [2022-12-03T15:23:50.038+0000] {dag.py:3427} INFO - Setting next_dagrun for example_nested_branch_dag to 2022-12-02T00:00:00+00:00, run_after=2022-12-03T00:00:00+00:00
[2022-12-03T15:23:50.049+0000] {processor.py:175} INFO - Processing /home/airflow/.local/lib/python3.7/site-packages/airflow/example_dags/example_nested_branch_dag.py took 0.073 seconds
[2022-12-03T15:24:20.370+0000] {processor.py:153} INFO - Started process (PID=1511) to work on /home/airflow/.local/lib/python3.7/site-packages/airflow/example_dags/example_nested_branch_dag.py
[2022-12-03T15:24:20.371+0000] {processor.py:743} INFO - Processing file /home/airflow/.local/lib/python3.7/site-packages/airflow/example_dags/example_nested_branch_dag.py for tasks to queue
[2022-12-03T15:24:20.372+0000] {logging_mixin.py:137} INFO - [2022-12-03T15:24:20.371+0000] {dagbag.py:538} INFO - Filling up the DagBag from /home/airflow/.local/lib/python3.7/site-packages/airflow/example_dags/example_nested_branch_dag.py
[2022-12-03T15:24:20.387+0000] {processor.py:753} INFO - DAG(s) dict_keys(['example_nested_branch_dag']) retrieved from /home/airflow/.local/lib/python3.7/site-packages/airflow/example_dags/example_nested_branch_dag.py
[2022-12-03T15:24:20.411+0000] {logging_mixin.py:137} INFO - [2022-12-03T15:24:20.411+0000] {dag.py:2676} INFO - Sync 1 DAGs
[2022-12-03T15:24:20.426+0000] {logging_mixin.py:137} INFO - [2022-12-03T15:24:20.426+0000] {dag.py:3427} INFO - Setting next_dagrun for example_nested_branch_dag to 2022-12-02T00:00:00+00:00, run_after=2022-12-03T00:00:00+00:00
[2022-12-03T15:24:20.437+0000] {processor.py:175} INFO - Processing /home/airflow/.local/lib/python3.7/site-packages/airflow/example_dags/example_nested_branch_dag.py took 0.070 seconds
[2022-12-03T15:24:50.758+0000] {processor.py:153} INFO - Started process (PID=1736) to work on /home/airflow/.local/lib/python3.7/site-packages/airflow/example_dags/example_nested_branch_dag.py
[2022-12-03T15:24:50.759+0000] {processor.py:743} INFO - Processing file /home/airflow/.local/lib/python3.7/site-packages/airflow/example_dags/example_nested_branch_dag.py for tasks to queue
[2022-12-03T15:24:50.760+0000] {logging_mixin.py:137} INFO - [2022-12-03T15:24:50.760+0000] {dagbag.py:538} INFO - Filling up the DagBag from /home/airflow/.local/lib/python3.7/site-packages/airflow/example_dags/example_nested_branch_dag.py
[2022-12-03T15:24:50.778+0000] {processor.py:753} INFO - DAG(s) dict_keys(['example_nested_branch_dag']) retrieved from /home/airflow/.local/lib/python3.7/site-packages/airflow/example_dags/example_nested_branch_dag.py
[2022-12-03T15:24:50.812+0000] {logging_mixin.py:137} INFO - [2022-12-03T15:24:50.812+0000] {dag.py:2676} INFO - Sync 1 DAGs
[2022-12-03T15:24:50.834+0000] {logging_mixin.py:137} INFO - [2022-12-03T15:24:50.834+0000] {dag.py:3427} INFO - Setting next_dagrun for example_nested_branch_dag to 2022-12-02T00:00:00+00:00, run_after=2022-12-03T00:00:00+00:00
[2022-12-03T15:24:50.854+0000] {processor.py:175} INFO - Processing /home/airflow/.local/lib/python3.7/site-packages/airflow/example_dags/example_nested_branch_dag.py took 0.099 seconds
[2022-12-03T15:25:21.165+0000] {processor.py:153} INFO - Started process (PID=1949) to work on /home/airflow/.local/lib/python3.7/site-packages/airflow/example_dags/example_nested_branch_dag.py
[2022-12-03T15:25:21.166+0000] {processor.py:743} INFO - Processing file /home/airflow/.local/lib/python3.7/site-packages/airflow/example_dags/example_nested_branch_dag.py for tasks to queue
[2022-12-03T15:25:21.167+0000] {logging_mixin.py:137} INFO - [2022-12-03T15:25:21.167+0000] {dagbag.py:538} INFO - Filling up the DagBag from /home/airflow/.local/lib/python3.7/site-packages/airflow/example_dags/example_nested_branch_dag.py
[2022-12-03T15:25:21.182+0000] {processor.py:753} INFO - DAG(s) dict_keys(['example_nested_branch_dag']) retrieved from /home/airflow/.local/lib/python3.7/site-packages/airflow/example_dags/example_nested_branch_dag.py
[2022-12-03T15:25:21.207+0000] {logging_mixin.py:137} INFO - [2022-12-03T15:25:21.207+0000] {dag.py:2676} INFO - Sync 1 DAGs
[2022-12-03T15:25:21.223+0000] {logging_mixin.py:137} INFO - [2022-12-03T15:25:21.222+0000] {dag.py:3427} INFO - Setting next_dagrun for example_nested_branch_dag to 2022-12-02T00:00:00+00:00, run_after=2022-12-03T00:00:00+00:00
[2022-12-03T15:25:21.234+0000] {processor.py:175} INFO - Processing /home/airflow/.local/lib/python3.7/site-packages/airflow/example_dags/example_nested_branch_dag.py took 0.071 seconds
[2022-12-03T15:25:51.651+0000] {processor.py:153} INFO - Started process (PID=2177) to work on /home/airflow/.local/lib/python3.7/site-packages/airflow/example_dags/example_nested_branch_dag.py
[2022-12-03T15:25:51.652+0000] {processor.py:743} INFO - Processing file /home/airflow/.local/lib/python3.7/site-packages/airflow/example_dags/example_nested_branch_dag.py for tasks to queue
[2022-12-03T15:25:51.653+0000] {logging_mixin.py:137} INFO - [2022-12-03T15:25:51.653+0000] {dagbag.py:538} INFO - Filling up the DagBag from /home/airflow/.local/lib/python3.7/site-packages/airflow/example_dags/example_nested_branch_dag.py
[2022-12-03T15:25:51.668+0000] {processor.py:753} INFO - DAG(s) dict_keys(['example_nested_branch_dag']) retrieved from /home/airflow/.local/lib/python3.7/site-packages/airflow/example_dags/example_nested_branch_dag.py
[2022-12-03T15:25:51.692+0000] {logging_mixin.py:137} INFO - [2022-12-03T15:25:51.692+0000] {dag.py:2676} INFO - Sync 1 DAGs
[2022-12-03T15:25:51.707+0000] {logging_mixin.py:137} INFO - [2022-12-03T15:25:51.706+0000] {dag.py:3427} INFO - Setting next_dagrun for example_nested_branch_dag to 2022-12-02T00:00:00+00:00, run_after=2022-12-03T00:00:00+00:00
[2022-12-03T15:25:51.717+0000] {processor.py:175} INFO - Processing /home/airflow/.local/lib/python3.7/site-packages/airflow/example_dags/example_nested_branch_dag.py took 0.069 seconds
[2022-12-03T15:26:22.009+0000] {processor.py:153} INFO - Started process (PID=2402) to work on /home/airflow/.local/lib/python3.7/site-packages/airflow/example_dags/example_nested_branch_dag.py
[2022-12-03T15:26:22.010+0000] {processor.py:743} INFO - Processing file /home/airflow/.local/lib/python3.7/site-packages/airflow/example_dags/example_nested_branch_dag.py for tasks to queue
[2022-12-03T15:26:22.011+0000] {logging_mixin.py:137} INFO - [2022-12-03T15:26:22.011+0000] {dagbag.py:538} INFO - Filling up the DagBag from /home/airflow/.local/lib/python3.7/site-packages/airflow/example_dags/example_nested_branch_dag.py
[2022-12-03T15:26:22.035+0000] {processor.py:753} INFO - DAG(s) dict_keys(['example_nested_branch_dag']) retrieved from /home/airflow/.local/lib/python3.7/site-packages/airflow/example_dags/example_nested_branch_dag.py
[2022-12-03T15:26:22.067+0000] {logging_mixin.py:137} INFO - [2022-12-03T15:26:22.067+0000] {dag.py:2676} INFO - Sync 1 DAGs
[2022-12-03T15:26:22.085+0000] {logging_mixin.py:137} INFO - [2022-12-03T15:26:22.085+0000] {dag.py:3427} INFO - Setting next_dagrun for example_nested_branch_dag to 2022-12-02T00:00:00+00:00, run_after=2022-12-03T00:00:00+00:00
[2022-12-03T15:26:22.095+0000] {processor.py:175} INFO - Processing /home/airflow/.local/lib/python3.7/site-packages/airflow/example_dags/example_nested_branch_dag.py took 0.090 seconds
[2022-12-03T15:26:52.354+0000] {processor.py:153} INFO - Started process (PID=2614) to work on /home/airflow/.local/lib/python3.7/site-packages/airflow/example_dags/example_nested_branch_dag.py
[2022-12-03T15:26:52.355+0000] {processor.py:743} INFO - Processing file /home/airflow/.local/lib/python3.7/site-packages/airflow/example_dags/example_nested_branch_dag.py for tasks to queue
[2022-12-03T15:26:52.355+0000] {logging_mixin.py:137} INFO - [2022-12-03T15:26:52.355+0000] {dagbag.py:538} INFO - Filling up the DagBag from /home/airflow/.local/lib/python3.7/site-packages/airflow/example_dags/example_nested_branch_dag.py
[2022-12-03T15:26:52.371+0000] {processor.py:753} INFO - DAG(s) dict_keys(['example_nested_branch_dag']) retrieved from /home/airflow/.local/lib/python3.7/site-packages/airflow/example_dags/example_nested_branch_dag.py
[2022-12-03T15:26:52.396+0000] {logging_mixin.py:137} INFO - [2022-12-03T15:26:52.396+0000] {dag.py:2676} INFO - Sync 1 DAGs
[2022-12-03T15:26:52.416+0000] {logging_mixin.py:137} INFO - [2022-12-03T15:26:52.416+0000] {dag.py:3427} INFO - Setting next_dagrun for example_nested_branch_dag to 2022-12-02T00:00:00+00:00, run_after=2022-12-03T00:00:00+00:00
[2022-12-03T15:26:52.428+0000] {processor.py:175} INFO - Processing /home/airflow/.local/lib/python3.7/site-packages/airflow/example_dags/example_nested_branch_dag.py took 0.077 seconds
[2022-12-03T15:27:23.482+0000] {processor.py:153} INFO - Started process (PID=2840) to work on /home/airflow/.local/lib/python3.7/site-packages/airflow/example_dags/example_nested_branch_dag.py
[2022-12-03T15:27:23.483+0000] {processor.py:743} INFO - Processing file /home/airflow/.local/lib/python3.7/site-packages/airflow/example_dags/example_nested_branch_dag.py for tasks to queue
[2022-12-03T15:27:23.483+0000] {logging_mixin.py:137} INFO - [2022-12-03T15:27:23.483+0000] {dagbag.py:538} INFO - Filling up the DagBag from /home/airflow/.local/lib/python3.7/site-packages/airflow/example_dags/example_nested_branch_dag.py
[2022-12-03T15:27:23.499+0000] {processor.py:753} INFO - DAG(s) dict_keys(['example_nested_branch_dag']) retrieved from /home/airflow/.local/lib/python3.7/site-packages/airflow/example_dags/example_nested_branch_dag.py
[2022-12-03T15:27:23.528+0000] {logging_mixin.py:137} INFO - [2022-12-03T15:27:23.528+0000] {dag.py:2676} INFO - Sync 1 DAGs
[2022-12-03T15:27:23.544+0000] {logging_mixin.py:137} INFO - [2022-12-03T15:27:23.544+0000] {dag.py:3427} INFO - Setting next_dagrun for example_nested_branch_dag to 2022-12-02T00:00:00+00:00, run_after=2022-12-03T00:00:00+00:00
[2022-12-03T15:27:23.555+0000] {processor.py:175} INFO - Processing /home/airflow/.local/lib/python3.7/site-packages/airflow/example_dags/example_nested_branch_dag.py took 0.076 seconds
[2022-12-03T15:27:53.755+0000] {processor.py:153} INFO - Started process (PID=3069) to work on /home/airflow/.local/lib/python3.7/site-packages/airflow/example_dags/example_nested_branch_dag.py
[2022-12-03T15:27:53.756+0000] {processor.py:743} INFO - Processing file /home/airflow/.local/lib/python3.7/site-packages/airflow/example_dags/example_nested_branch_dag.py for tasks to queue
[2022-12-03T15:27:53.757+0000] {logging_mixin.py:137} INFO - [2022-12-03T15:27:53.757+0000] {dagbag.py:538} INFO - Filling up the DagBag from /home/airflow/.local/lib/python3.7/site-packages/airflow/example_dags/example_nested_branch_dag.py
[2022-12-03T15:27:53.772+0000] {processor.py:753} INFO - DAG(s) dict_keys(['example_nested_branch_dag']) retrieved from /home/airflow/.local/lib/python3.7/site-packages/airflow/example_dags/example_nested_branch_dag.py
[2022-12-03T15:27:53.796+0000] {logging_mixin.py:137} INFO - [2022-12-03T15:27:53.796+0000] {dag.py:2676} INFO - Sync 1 DAGs
[2022-12-03T15:27:53.811+0000] {logging_mixin.py:137} INFO - [2022-12-03T15:27:53.811+0000] {dag.py:3427} INFO - Setting next_dagrun for example_nested_branch_dag to 2022-12-02T00:00:00+00:00, run_after=2022-12-03T00:00:00+00:00
[2022-12-03T15:27:53.821+0000] {processor.py:175} INFO - Processing /home/airflow/.local/lib/python3.7/site-packages/airflow/example_dags/example_nested_branch_dag.py took 0.069 seconds
[2022-12-03T15:28:24.137+0000] {processor.py:153} INFO - Started process (PID=3280) to work on /home/airflow/.local/lib/python3.7/site-packages/airflow/example_dags/example_nested_branch_dag.py
[2022-12-03T15:28:24.138+0000] {processor.py:743} INFO - Processing file /home/airflow/.local/lib/python3.7/site-packages/airflow/example_dags/example_nested_branch_dag.py for tasks to queue
[2022-12-03T15:28:24.139+0000] {logging_mixin.py:137} INFO - [2022-12-03T15:28:24.139+0000] {dagbag.py:538} INFO - Filling up the DagBag from /home/airflow/.local/lib/python3.7/site-packages/airflow/example_dags/example_nested_branch_dag.py
[2022-12-03T15:28:24.154+0000] {processor.py:753} INFO - DAG(s) dict_keys(['example_nested_branch_dag']) retrieved from /home/airflow/.local/lib/python3.7/site-packages/airflow/example_dags/example_nested_branch_dag.py
[2022-12-03T15:28:24.179+0000] {logging_mixin.py:137} INFO - [2022-12-03T15:28:24.179+0000] {dag.py:2676} INFO - Sync 1 DAGs
[2022-12-03T15:28:24.194+0000] {logging_mixin.py:137} INFO - [2022-12-03T15:28:24.194+0000] {dag.py:3427} INFO - Setting next_dagrun for example_nested_branch_dag to 2022-12-02T00:00:00+00:00, run_after=2022-12-03T00:00:00+00:00
[2022-12-03T15:28:24.204+0000] {processor.py:175} INFO - Processing /home/airflow/.local/lib/python3.7/site-packages/airflow/example_dags/example_nested_branch_dag.py took 0.069 seconds
[2022-12-03T15:28:54.762+0000] {processor.py:153} INFO - Started process (PID=3507) to work on /home/airflow/.local/lib/python3.7/site-packages/airflow/example_dags/example_nested_branch_dag.py
[2022-12-03T15:28:54.766+0000] {processor.py:743} INFO - Processing file /home/airflow/.local/lib/python3.7/site-packages/airflow/example_dags/example_nested_branch_dag.py for tasks to queue
[2022-12-03T15:28:54.766+0000] {logging_mixin.py:137} INFO - [2022-12-03T15:28:54.766+0000] {dagbag.py:538} INFO - Filling up the DagBag from /home/airflow/.local/lib/python3.7/site-packages/airflow/example_dags/example_nested_branch_dag.py
[2022-12-03T15:28:54.782+0000] {processor.py:753} INFO - DAG(s) dict_keys(['example_nested_branch_dag']) retrieved from /home/airflow/.local/lib/python3.7/site-packages/airflow/example_dags/example_nested_branch_dag.py
[2022-12-03T15:28:54.806+0000] {logging_mixin.py:137} INFO - [2022-12-03T15:28:54.806+0000] {dag.py:2676} INFO - Sync 1 DAGs
[2022-12-03T15:28:54.819+0000] {logging_mixin.py:137} INFO - [2022-12-03T15:28:54.819+0000] {dag.py:3427} INFO - Setting next_dagrun for example_nested_branch_dag to 2022-12-02T00:00:00+00:00, run_after=2022-12-03T00:00:00+00:00
[2022-12-03T15:28:54.829+0000] {processor.py:175} INFO - Processing /home/airflow/.local/lib/python3.7/site-packages/airflow/example_dags/example_nested_branch_dag.py took 0.070 seconds
[2022-12-03T15:29:24.977+0000] {processor.py:153} INFO - Started process (PID=3731) to work on /home/airflow/.local/lib/python3.7/site-packages/airflow/example_dags/example_nested_branch_dag.py
[2022-12-03T15:29:24.978+0000] {processor.py:743} INFO - Processing file /home/airflow/.local/lib/python3.7/site-packages/airflow/example_dags/example_nested_branch_dag.py for tasks to queue
[2022-12-03T15:29:24.979+0000] {logging_mixin.py:137} INFO - [2022-12-03T15:29:24.979+0000] {dagbag.py:538} INFO - Filling up the DagBag from /home/airflow/.local/lib/python3.7/site-packages/airflow/example_dags/example_nested_branch_dag.py
[2022-12-03T15:29:24.994+0000] {processor.py:753} INFO - DAG(s) dict_keys(['example_nested_branch_dag']) retrieved from /home/airflow/.local/lib/python3.7/site-packages/airflow/example_dags/example_nested_branch_dag.py
[2022-12-03T15:29:25.020+0000] {logging_mixin.py:137} INFO - [2022-12-03T15:29:25.020+0000] {dag.py:2676} INFO - Sync 1 DAGs
[2022-12-03T15:29:25.035+0000] {logging_mixin.py:137} INFO - [2022-12-03T15:29:25.035+0000] {dag.py:3427} INFO - Setting next_dagrun for example_nested_branch_dag to 2022-12-02T00:00:00+00:00, run_after=2022-12-03T00:00:00+00:00
[2022-12-03T15:29:25.046+0000] {processor.py:175} INFO - Processing /home/airflow/.local/lib/python3.7/site-packages/airflow/example_dags/example_nested_branch_dag.py took 0.071 seconds
[2022-12-03T15:29:55.126+0000] {processor.py:153} INFO - Started process (PID=3945) to work on /home/airflow/.local/lib/python3.7/site-packages/airflow/example_dags/example_nested_branch_dag.py
[2022-12-03T15:29:55.127+0000] {processor.py:743} INFO - Processing file /home/airflow/.local/lib/python3.7/site-packages/airflow/example_dags/example_nested_branch_dag.py for tasks to queue
[2022-12-03T15:29:55.128+0000] {logging_mixin.py:137} INFO - [2022-12-03T15:29:55.128+0000] {dagbag.py:538} INFO - Filling up the DagBag from /home/airflow/.local/lib/python3.7/site-packages/airflow/example_dags/example_nested_branch_dag.py
[2022-12-03T15:29:55.146+0000] {processor.py:753} INFO - DAG(s) dict_keys(['example_nested_branch_dag']) retrieved from /home/airflow/.local/lib/python3.7/site-packages/airflow/example_dags/example_nested_branch_dag.py
[2022-12-03T15:29:55.172+0000] {logging_mixin.py:137} INFO - [2022-12-03T15:29:55.172+0000] {dag.py:2676} INFO - Sync 1 DAGs
[2022-12-03T15:29:55.187+0000] {logging_mixin.py:137} INFO - [2022-12-03T15:29:55.187+0000] {dag.py:3427} INFO - Setting next_dagrun for example_nested_branch_dag to 2022-12-02T00:00:00+00:00, run_after=2022-12-03T00:00:00+00:00
[2022-12-03T15:29:55.197+0000] {processor.py:175} INFO - Processing /home/airflow/.local/lib/python3.7/site-packages/airflow/example_dags/example_nested_branch_dag.py took 0.073 seconds
[2022-12-03T15:30:25.674+0000] {processor.py:153} INFO - Started process (PID=4171) to work on /home/airflow/.local/lib/python3.7/site-packages/airflow/example_dags/example_nested_branch_dag.py
[2022-12-03T15:30:25.675+0000] {processor.py:743} INFO - Processing file /home/airflow/.local/lib/python3.7/site-packages/airflow/example_dags/example_nested_branch_dag.py for tasks to queue
[2022-12-03T15:30:25.676+0000] {logging_mixin.py:137} INFO - [2022-12-03T15:30:25.676+0000] {dagbag.py:538} INFO - Filling up the DagBag from /home/airflow/.local/lib/python3.7/site-packages/airflow/example_dags/example_nested_branch_dag.py
[2022-12-03T15:30:25.692+0000] {processor.py:753} INFO - DAG(s) dict_keys(['example_nested_branch_dag']) retrieved from /home/airflow/.local/lib/python3.7/site-packages/airflow/example_dags/example_nested_branch_dag.py
[2022-12-03T15:30:25.719+0000] {logging_mixin.py:137} INFO - [2022-12-03T15:30:25.719+0000] {dag.py:2676} INFO - Sync 1 DAGs
[2022-12-03T15:30:25.735+0000] {logging_mixin.py:137} INFO - [2022-12-03T15:30:25.735+0000] {dag.py:3427} INFO - Setting next_dagrun for example_nested_branch_dag to 2022-12-02T00:00:00+00:00, run_after=2022-12-03T00:00:00+00:00
[2022-12-03T15:30:25.747+0000] {processor.py:175} INFO - Processing /home/airflow/.local/lib/python3.7/site-packages/airflow/example_dags/example_nested_branch_dag.py took 0.078 seconds
[2022-12-03T15:30:56.084+0000] {processor.py:153} INFO - Started process (PID=4399) to work on /home/airflow/.local/lib/python3.7/site-packages/airflow/example_dags/example_nested_branch_dag.py
[2022-12-03T15:30:56.085+0000] {processor.py:743} INFO - Processing file /home/airflow/.local/lib/python3.7/site-packages/airflow/example_dags/example_nested_branch_dag.py for tasks to queue
[2022-12-03T15:30:56.086+0000] {logging_mixin.py:137} INFO - [2022-12-03T15:30:56.086+0000] {dagbag.py:538} INFO - Filling up the DagBag from /home/airflow/.local/lib/python3.7/site-packages/airflow/example_dags/example_nested_branch_dag.py
[2022-12-03T15:30:56.101+0000] {processor.py:753} INFO - DAG(s) dict_keys(['example_nested_branch_dag']) retrieved from /home/airflow/.local/lib/python3.7/site-packages/airflow/example_dags/example_nested_branch_dag.py
[2022-12-03T15:30:56.125+0000] {logging_mixin.py:137} INFO - [2022-12-03T15:30:56.125+0000] {dag.py:2676} INFO - Sync 1 DAGs
[2022-12-03T15:30:56.140+0000] {logging_mixin.py:137} INFO - [2022-12-03T15:30:56.140+0000] {dag.py:3427} INFO - Setting next_dagrun for example_nested_branch_dag to 2022-12-02T00:00:00+00:00, run_after=2022-12-03T00:00:00+00:00
[2022-12-03T15:30:56.150+0000] {processor.py:175} INFO - Processing /home/airflow/.local/lib/python3.7/site-packages/airflow/example_dags/example_nested_branch_dag.py took 0.069 seconds
[2022-12-03T15:31:26.297+0000] {processor.py:153} INFO - Started process (PID=4611) to work on /home/airflow/.local/lib/python3.7/site-packages/airflow/example_dags/example_nested_branch_dag.py
[2022-12-03T15:31:26.299+0000] {processor.py:743} INFO - Processing file /home/airflow/.local/lib/python3.7/site-packages/airflow/example_dags/example_nested_branch_dag.py for tasks to queue
[2022-12-03T15:31:26.299+0000] {logging_mixin.py:137} INFO - [2022-12-03T15:31:26.299+0000] {dagbag.py:538} INFO - Filling up the DagBag from /home/airflow/.local/lib/python3.7/site-packages/airflow/example_dags/example_nested_branch_dag.py
[2022-12-03T15:31:26.314+0000] {processor.py:753} INFO - DAG(s) dict_keys(['example_nested_branch_dag']) retrieved from /home/airflow/.local/lib/python3.7/site-packages/airflow/example_dags/example_nested_branch_dag.py
[2022-12-03T15:31:26.340+0000] {logging_mixin.py:137} INFO - [2022-12-03T15:31:26.339+0000] {dag.py:2676} INFO - Sync 1 DAGs
[2022-12-03T15:31:26.355+0000] {logging_mixin.py:137} INFO - [2022-12-03T15:31:26.355+0000] {dag.py:3427} INFO - Setting next_dagrun for example_nested_branch_dag to 2022-12-02T00:00:00+00:00, run_after=2022-12-03T00:00:00+00:00
[2022-12-03T15:31:26.366+0000] {processor.py:175} INFO - Processing /home/airflow/.local/lib/python3.7/site-packages/airflow/example_dags/example_nested_branch_dag.py took 0.071 seconds
[2022-12-03T15:31:56.994+0000] {processor.py:153} INFO - Started process (PID=4838) to work on /home/airflow/.local/lib/python3.7/site-packages/airflow/example_dags/example_nested_branch_dag.py
[2022-12-03T15:31:56.996+0000] {processor.py:743} INFO - Processing file /home/airflow/.local/lib/python3.7/site-packages/airflow/example_dags/example_nested_branch_dag.py for tasks to queue
[2022-12-03T15:31:56.997+0000] {logging_mixin.py:137} INFO - [2022-12-03T15:31:56.997+0000] {dagbag.py:538} INFO - Filling up the DagBag from /home/airflow/.local/lib/python3.7/site-packages/airflow/example_dags/example_nested_branch_dag.py
[2022-12-03T15:31:57.014+0000] {processor.py:753} INFO - DAG(s) dict_keys(['example_nested_branch_dag']) retrieved from /home/airflow/.local/lib/python3.7/site-packages/airflow/example_dags/example_nested_branch_dag.py
[2022-12-03T15:31:57.042+0000] {logging_mixin.py:137} INFO - [2022-12-03T15:31:57.041+0000] {dag.py:2676} INFO - Sync 1 DAGs
[2022-12-03T15:31:57.058+0000] {logging_mixin.py:137} INFO - [2022-12-03T15:31:57.058+0000] {dag.py:3427} INFO - Setting next_dagrun for example_nested_branch_dag to 2022-12-02T00:00:00+00:00, run_after=2022-12-03T00:00:00+00:00
[2022-12-03T15:31:57.073+0000] {processor.py:175} INFO - Processing /home/airflow/.local/lib/python3.7/site-packages/airflow/example_dags/example_nested_branch_dag.py took 0.081 seconds
[2022-12-03T15:32:27.461+0000] {processor.py:153} INFO - Started process (PID=5064) to work on /home/airflow/.local/lib/python3.7/site-packages/airflow/example_dags/example_nested_branch_dag.py
[2022-12-03T15:32:27.462+0000] {processor.py:743} INFO - Processing file /home/airflow/.local/lib/python3.7/site-packages/airflow/example_dags/example_nested_branch_dag.py for tasks to queue
[2022-12-03T15:32:27.463+0000] {logging_mixin.py:137} INFO - [2022-12-03T15:32:27.463+0000] {dagbag.py:538} INFO - Filling up the DagBag from /home/airflow/.local/lib/python3.7/site-packages/airflow/example_dags/example_nested_branch_dag.py
[2022-12-03T15:32:27.481+0000] {processor.py:753} INFO - DAG(s) dict_keys(['example_nested_branch_dag']) retrieved from /home/airflow/.local/lib/python3.7/site-packages/airflow/example_dags/example_nested_branch_dag.py
[2022-12-03T15:32:27.506+0000] {logging_mixin.py:137} INFO - [2022-12-03T15:32:27.506+0000] {dag.py:2676} INFO - Sync 1 DAGs
[2022-12-03T15:32:27.522+0000] {logging_mixin.py:137} INFO - [2022-12-03T15:32:27.522+0000] {dag.py:3427} INFO - Setting next_dagrun for example_nested_branch_dag to 2022-12-02T00:00:00+00:00, run_after=2022-12-03T00:00:00+00:00
[2022-12-03T15:32:27.534+0000] {processor.py:175} INFO - Processing /home/airflow/.local/lib/python3.7/site-packages/airflow/example_dags/example_nested_branch_dag.py took 0.076 seconds
[2022-12-03T15:32:58.050+0000] {processor.py:153} INFO - Started process (PID=5278) to work on /home/airflow/.local/lib/python3.7/site-packages/airflow/example_dags/example_nested_branch_dag.py
[2022-12-03T15:32:58.051+0000] {processor.py:743} INFO - Processing file /home/airflow/.local/lib/python3.7/site-packages/airflow/example_dags/example_nested_branch_dag.py for tasks to queue
[2022-12-03T15:32:58.051+0000] {logging_mixin.py:137} INFO - [2022-12-03T15:32:58.051+0000] {dagbag.py:538} INFO - Filling up the DagBag from /home/airflow/.local/lib/python3.7/site-packages/airflow/example_dags/example_nested_branch_dag.py
[2022-12-03T15:32:58.067+0000] {processor.py:753} INFO - DAG(s) dict_keys(['example_nested_branch_dag']) retrieved from /home/airflow/.local/lib/python3.7/site-packages/airflow/example_dags/example_nested_branch_dag.py
[2022-12-03T15:32:58.091+0000] {logging_mixin.py:137} INFO - [2022-12-03T15:32:58.091+0000] {dag.py:2676} INFO - Sync 1 DAGs
[2022-12-03T15:32:58.107+0000] {logging_mixin.py:137} INFO - [2022-12-03T15:32:58.107+0000] {dag.py:3427} INFO - Setting next_dagrun for example_nested_branch_dag to 2022-12-02T00:00:00+00:00, run_after=2022-12-03T00:00:00+00:00
[2022-12-03T15:32:58.118+0000] {processor.py:175} INFO - Processing /home/airflow/.local/lib/python3.7/site-packages/airflow/example_dags/example_nested_branch_dag.py took 0.071 seconds
