[2022-12-03T15:08:51.835+0000] {processor.py:153} INFO - Started process (PID=184) to work on /home/airflow/.local/lib/python3.7/site-packages/airflow/example_dags/example_branch_operator.py
[2022-12-03T15:08:51.840+0000] {processor.py:743} INFO - Processing file /home/airflow/.local/lib/python3.7/site-packages/airflow/example_dags/example_branch_operator.py for tasks to queue
[2022-12-03T15:08:51.841+0000] {logging_mixin.py:137} INFO - [2022-12-03T15:08:51.841+0000] {dagbag.py:538} INFO - Filling up the DagBag from /home/airflow/.local/lib/python3.7/site-packages/airflow/example_dags/example_branch_operator.py
[2022-12-03T15:08:51.858+0000] {processor.py:753} INFO - DAG(s) dict_keys(['example_branch_operator']) retrieved from /home/airflow/.local/lib/python3.7/site-packages/airflow/example_dags/example_branch_operator.py
[2022-12-03T15:08:51.901+0000] {logging_mixin.py:137} INFO - [2022-12-03T15:08:51.901+0000] {dag.py:2676} INFO - Sync 1 DAGs
[2022-12-03T15:08:51.933+0000] {logging_mixin.py:137} INFO - [2022-12-03T15:08:51.932+0000] {dag.py:3427} INFO - Setting next_dagrun for example_branch_operator to 2022-12-02T00:00:00+00:00, run_after=2022-12-03T00:00:00+00:00
[2022-12-03T15:08:51.989+0000] {processor.py:175} INFO - Processing /home/airflow/.local/lib/python3.7/site-packages/airflow/example_dags/example_branch_operator.py took 0.156 seconds
[2022-12-03T15:09:22.334+0000] {processor.py:153} INFO - Started process (PID=410) to work on /home/airflow/.local/lib/python3.7/site-packages/airflow/example_dags/example_branch_operator.py
[2022-12-03T15:09:22.336+0000] {processor.py:743} INFO - Processing file /home/airflow/.local/lib/python3.7/site-packages/airflow/example_dags/example_branch_operator.py for tasks to queue
[2022-12-03T15:09:22.337+0000] {logging_mixin.py:137} INFO - [2022-12-03T15:09:22.337+0000] {dagbag.py:538} INFO - Filling up the DagBag from /home/airflow/.local/lib/python3.7/site-packages/airflow/example_dags/example_branch_operator.py
[2022-12-03T15:09:22.350+0000] {processor.py:753} INFO - DAG(s) dict_keys(['example_branch_operator']) retrieved from /home/airflow/.local/lib/python3.7/site-packages/airflow/example_dags/example_branch_operator.py
[2022-12-03T15:09:22.376+0000] {logging_mixin.py:137} INFO - [2022-12-03T15:09:22.376+0000] {dag.py:2676} INFO - Sync 1 DAGs
[2022-12-03T15:09:22.404+0000] {logging_mixin.py:137} INFO - [2022-12-03T15:09:22.403+0000] {dag.py:3427} INFO - Setting next_dagrun for example_branch_operator to 2022-12-02T00:00:00+00:00, run_after=2022-12-03T00:00:00+00:00
[2022-12-03T15:09:22.418+0000] {processor.py:175} INFO - Processing /home/airflow/.local/lib/python3.7/site-packages/airflow/example_dags/example_branch_operator.py took 0.086 seconds
[2022-12-03T15:09:52.715+0000] {processor.py:153} INFO - Started process (PID=623) to work on /home/airflow/.local/lib/python3.7/site-packages/airflow/example_dags/example_branch_operator.py
[2022-12-03T15:09:52.717+0000] {processor.py:743} INFO - Processing file /home/airflow/.local/lib/python3.7/site-packages/airflow/example_dags/example_branch_operator.py for tasks to queue
[2022-12-03T15:09:52.719+0000] {logging_mixin.py:137} INFO - [2022-12-03T15:09:52.719+0000] {dagbag.py:538} INFO - Filling up the DagBag from /home/airflow/.local/lib/python3.7/site-packages/airflow/example_dags/example_branch_operator.py
[2022-12-03T15:09:52.736+0000] {processor.py:753} INFO - DAG(s) dict_keys(['example_branch_operator']) retrieved from /home/airflow/.local/lib/python3.7/site-packages/airflow/example_dags/example_branch_operator.py
[2022-12-03T15:09:52.779+0000] {logging_mixin.py:137} INFO - [2022-12-03T15:09:52.779+0000] {dag.py:2676} INFO - Sync 1 DAGs
[2022-12-03T15:09:52.800+0000] {logging_mixin.py:137} INFO - [2022-12-03T15:09:52.800+0000] {dag.py:3427} INFO - Setting next_dagrun for example_branch_operator to 2022-12-02T00:00:00+00:00, run_after=2022-12-03T00:00:00+00:00
[2022-12-03T15:09:52.813+0000] {processor.py:175} INFO - Processing /home/airflow/.local/lib/python3.7/site-packages/airflow/example_dags/example_branch_operator.py took 0.102 seconds
[2022-12-03T15:10:23.601+0000] {processor.py:153} INFO - Started process (PID=849) to work on /home/airflow/.local/lib/python3.7/site-packages/airflow/example_dags/example_branch_operator.py
[2022-12-03T15:10:23.602+0000] {processor.py:743} INFO - Processing file /home/airflow/.local/lib/python3.7/site-packages/airflow/example_dags/example_branch_operator.py for tasks to queue
[2022-12-03T15:10:23.603+0000] {logging_mixin.py:137} INFO - [2022-12-03T15:10:23.603+0000] {dagbag.py:538} INFO - Filling up the DagBag from /home/airflow/.local/lib/python3.7/site-packages/airflow/example_dags/example_branch_operator.py
[2022-12-03T15:10:23.617+0000] {processor.py:753} INFO - DAG(s) dict_keys(['example_branch_operator']) retrieved from /home/airflow/.local/lib/python3.7/site-packages/airflow/example_dags/example_branch_operator.py
[2022-12-03T15:10:23.639+0000] {logging_mixin.py:137} INFO - [2022-12-03T15:10:23.639+0000] {dag.py:2676} INFO - Sync 1 DAGs
[2022-12-03T15:10:23.658+0000] {logging_mixin.py:137} INFO - [2022-12-03T15:10:23.658+0000] {dag.py:3427} INFO - Setting next_dagrun for example_branch_operator to 2022-12-02T00:00:00+00:00, run_after=2022-12-03T00:00:00+00:00
[2022-12-03T15:10:23.680+0000] {processor.py:175} INFO - Processing /home/airflow/.local/lib/python3.7/site-packages/airflow/example_dags/example_branch_operator.py took 0.082 seconds
[2022-12-03T15:10:50.740+0000] {processor.py:153} INFO - Started process (PID=184) to work on /home/airflow/.local/lib/python3.7/site-packages/airflow/example_dags/example_branch_operator.py
[2022-12-03T15:10:50.742+0000] {processor.py:743} INFO - Processing file /home/airflow/.local/lib/python3.7/site-packages/airflow/example_dags/example_branch_operator.py for tasks to queue
[2022-12-03T15:10:50.743+0000] {logging_mixin.py:137} INFO - [2022-12-03T15:10:50.743+0000] {dagbag.py:538} INFO - Filling up the DagBag from /home/airflow/.local/lib/python3.7/site-packages/airflow/example_dags/example_branch_operator.py
[2022-12-03T15:10:50.760+0000] {processor.py:753} INFO - DAG(s) dict_keys(['example_branch_operator']) retrieved from /home/airflow/.local/lib/python3.7/site-packages/airflow/example_dags/example_branch_operator.py
[2022-12-03T15:10:50.780+0000] {logging_mixin.py:137} INFO - [2022-12-03T15:10:50.780+0000] {dag.py:2676} INFO - Sync 1 DAGs
[2022-12-03T15:10:50.804+0000] {logging_mixin.py:137} INFO - [2022-12-03T15:10:50.804+0000] {dag.py:3427} INFO - Setting next_dagrun for example_branch_operator to 2022-12-02T00:00:00+00:00, run_after=2022-12-03T00:00:00+00:00
[2022-12-03T15:10:50.832+0000] {processor.py:175} INFO - Processing /home/airflow/.local/lib/python3.7/site-packages/airflow/example_dags/example_branch_operator.py took 0.095 seconds
[2022-12-03T15:11:21.491+0000] {processor.py:153} INFO - Started process (PID=410) to work on /home/airflow/.local/lib/python3.7/site-packages/airflow/example_dags/example_branch_operator.py
[2022-12-03T15:11:21.492+0000] {processor.py:743} INFO - Processing file /home/airflow/.local/lib/python3.7/site-packages/airflow/example_dags/example_branch_operator.py for tasks to queue
[2022-12-03T15:11:21.493+0000] {logging_mixin.py:137} INFO - [2022-12-03T15:11:21.493+0000] {dagbag.py:538} INFO - Filling up the DagBag from /home/airflow/.local/lib/python3.7/site-packages/airflow/example_dags/example_branch_operator.py
[2022-12-03T15:11:21.504+0000] {processor.py:753} INFO - DAG(s) dict_keys(['example_branch_operator']) retrieved from /home/airflow/.local/lib/python3.7/site-packages/airflow/example_dags/example_branch_operator.py
[2022-12-03T15:11:21.529+0000] {logging_mixin.py:137} INFO - [2022-12-03T15:11:21.529+0000] {dag.py:2676} INFO - Sync 1 DAGs
[2022-12-03T15:11:21.544+0000] {logging_mixin.py:137} INFO - [2022-12-03T15:11:21.544+0000] {dag.py:3427} INFO - Setting next_dagrun for example_branch_operator to 2022-12-02T00:00:00+00:00, run_after=2022-12-03T00:00:00+00:00
[2022-12-03T15:11:21.554+0000] {processor.py:175} INFO - Processing /home/airflow/.local/lib/python3.7/site-packages/airflow/example_dags/example_branch_operator.py took 0.066 seconds
[2022-12-03T15:11:51.791+0000] {processor.py:153} INFO - Started process (PID=632) to work on /home/airflow/.local/lib/python3.7/site-packages/airflow/example_dags/example_branch_operator.py
[2022-12-03T15:11:51.792+0000] {processor.py:743} INFO - Processing file /home/airflow/.local/lib/python3.7/site-packages/airflow/example_dags/example_branch_operator.py for tasks to queue
[2022-12-03T15:11:51.794+0000] {logging_mixin.py:137} INFO - [2022-12-03T15:11:51.794+0000] {dagbag.py:538} INFO - Filling up the DagBag from /home/airflow/.local/lib/python3.7/site-packages/airflow/example_dags/example_branch_operator.py
[2022-12-03T15:11:51.806+0000] {processor.py:753} INFO - DAG(s) dict_keys(['example_branch_operator']) retrieved from /home/airflow/.local/lib/python3.7/site-packages/airflow/example_dags/example_branch_operator.py
[2022-12-03T15:11:51.838+0000] {logging_mixin.py:137} INFO - [2022-12-03T15:11:51.838+0000] {dag.py:2676} INFO - Sync 1 DAGs
[2022-12-03T15:11:51.854+0000] {logging_mixin.py:137} INFO - [2022-12-03T15:11:51.854+0000] {dag.py:3427} INFO - Setting next_dagrun for example_branch_operator to 2022-12-02T00:00:00+00:00, run_after=2022-12-03T00:00:00+00:00
[2022-12-03T15:11:51.874+0000] {processor.py:175} INFO - Processing /home/airflow/.local/lib/python3.7/site-packages/airflow/example_dags/example_branch_operator.py took 0.085 seconds
[2022-12-03T15:12:22.380+0000] {processor.py:153} INFO - Started process (PID=852) to work on /home/airflow/.local/lib/python3.7/site-packages/airflow/example_dags/example_branch_operator.py
[2022-12-03T15:12:22.381+0000] {processor.py:743} INFO - Processing file /home/airflow/.local/lib/python3.7/site-packages/airflow/example_dags/example_branch_operator.py for tasks to queue
[2022-12-03T15:12:22.382+0000] {logging_mixin.py:137} INFO - [2022-12-03T15:12:22.381+0000] {dagbag.py:538} INFO - Filling up the DagBag from /home/airflow/.local/lib/python3.7/site-packages/airflow/example_dags/example_branch_operator.py
[2022-12-03T15:12:22.393+0000] {processor.py:753} INFO - DAG(s) dict_keys(['example_branch_operator']) retrieved from /home/airflow/.local/lib/python3.7/site-packages/airflow/example_dags/example_branch_operator.py
[2022-12-03T15:12:22.411+0000] {logging_mixin.py:137} INFO - [2022-12-03T15:12:22.411+0000] {dag.py:2676} INFO - Sync 1 DAGs
[2022-12-03T15:12:22.431+0000] {logging_mixin.py:137} INFO - [2022-12-03T15:12:22.431+0000] {dag.py:3427} INFO - Setting next_dagrun for example_branch_operator to 2022-12-02T00:00:00+00:00, run_after=2022-12-03T00:00:00+00:00
[2022-12-03T15:12:22.442+0000] {processor.py:175} INFO - Processing /home/airflow/.local/lib/python3.7/site-packages/airflow/example_dags/example_branch_operator.py took 0.065 seconds
[2022-12-03T15:12:52.575+0000] {processor.py:153} INFO - Started process (PID=1078) to work on /home/airflow/.local/lib/python3.7/site-packages/airflow/example_dags/example_branch_operator.py
[2022-12-03T15:12:52.576+0000] {processor.py:743} INFO - Processing file /home/airflow/.local/lib/python3.7/site-packages/airflow/example_dags/example_branch_operator.py for tasks to queue
[2022-12-03T15:12:52.577+0000] {logging_mixin.py:137} INFO - [2022-12-03T15:12:52.577+0000] {dagbag.py:538} INFO - Filling up the DagBag from /home/airflow/.local/lib/python3.7/site-packages/airflow/example_dags/example_branch_operator.py
[2022-12-03T15:12:52.588+0000] {processor.py:753} INFO - DAG(s) dict_keys(['example_branch_operator']) retrieved from /home/airflow/.local/lib/python3.7/site-packages/airflow/example_dags/example_branch_operator.py
[2022-12-03T15:12:52.609+0000] {logging_mixin.py:137} INFO - [2022-12-03T15:12:52.609+0000] {dag.py:2676} INFO - Sync 1 DAGs
[2022-12-03T15:12:52.626+0000] {logging_mixin.py:137} INFO - [2022-12-03T15:12:52.626+0000] {dag.py:3427} INFO - Setting next_dagrun for example_branch_operator to 2022-12-02T00:00:00+00:00, run_after=2022-12-03T00:00:00+00:00
[2022-12-03T15:12:52.639+0000] {processor.py:175} INFO - Processing /home/airflow/.local/lib/python3.7/site-packages/airflow/example_dags/example_branch_operator.py took 0.066 seconds
[2022-12-03T15:13:22.944+0000] {processor.py:153} INFO - Started process (PID=1295) to work on /home/airflow/.local/lib/python3.7/site-packages/airflow/example_dags/example_branch_operator.py
[2022-12-03T15:13:22.945+0000] {processor.py:743} INFO - Processing file /home/airflow/.local/lib/python3.7/site-packages/airflow/example_dags/example_branch_operator.py for tasks to queue
[2022-12-03T15:13:22.945+0000] {logging_mixin.py:137} INFO - [2022-12-03T15:13:22.945+0000] {dagbag.py:538} INFO - Filling up the DagBag from /home/airflow/.local/lib/python3.7/site-packages/airflow/example_dags/example_branch_operator.py
[2022-12-03T15:13:22.957+0000] {processor.py:753} INFO - DAG(s) dict_keys(['example_branch_operator']) retrieved from /home/airflow/.local/lib/python3.7/site-packages/airflow/example_dags/example_branch_operator.py
[2022-12-03T15:13:22.982+0000] {logging_mixin.py:137} INFO - [2022-12-03T15:13:22.982+0000] {dag.py:2676} INFO - Sync 1 DAGs
[2022-12-03T15:13:22.996+0000] {logging_mixin.py:137} INFO - [2022-12-03T15:13:22.996+0000] {dag.py:3427} INFO - Setting next_dagrun for example_branch_operator to 2022-12-02T00:00:00+00:00, run_after=2022-12-03T00:00:00+00:00
[2022-12-03T15:13:23.006+0000] {processor.py:175} INFO - Processing /home/airflow/.local/lib/python3.7/site-packages/airflow/example_dags/example_branch_operator.py took 0.064 seconds
[2022-12-03T15:13:53.763+0000] {processor.py:153} INFO - Started process (PID=1518) to work on /home/airflow/.local/lib/python3.7/site-packages/airflow/example_dags/example_branch_operator.py
[2022-12-03T15:13:53.764+0000] {processor.py:743} INFO - Processing file /home/airflow/.local/lib/python3.7/site-packages/airflow/example_dags/example_branch_operator.py for tasks to queue
[2022-12-03T15:13:53.764+0000] {logging_mixin.py:137} INFO - [2022-12-03T15:13:53.764+0000] {dagbag.py:538} INFO - Filling up the DagBag from /home/airflow/.local/lib/python3.7/site-packages/airflow/example_dags/example_branch_operator.py
[2022-12-03T15:13:53.775+0000] {processor.py:753} INFO - DAG(s) dict_keys(['example_branch_operator']) retrieved from /home/airflow/.local/lib/python3.7/site-packages/airflow/example_dags/example_branch_operator.py
[2022-12-03T15:13:53.801+0000] {logging_mixin.py:137} INFO - [2022-12-03T15:13:53.801+0000] {dag.py:2676} INFO - Sync 1 DAGs
[2022-12-03T15:13:53.816+0000] {logging_mixin.py:137} INFO - [2022-12-03T15:13:53.816+0000] {dag.py:3427} INFO - Setting next_dagrun for example_branch_operator to 2022-12-02T00:00:00+00:00, run_after=2022-12-03T00:00:00+00:00
[2022-12-03T15:13:53.827+0000] {processor.py:175} INFO - Processing /home/airflow/.local/lib/python3.7/site-packages/airflow/example_dags/example_branch_operator.py took 0.067 seconds
[2022-12-03T15:14:24.154+0000] {processor.py:153} INFO - Started process (PID=1746) to work on /home/airflow/.local/lib/python3.7/site-packages/airflow/example_dags/example_branch_operator.py
[2022-12-03T15:14:24.155+0000] {processor.py:743} INFO - Processing file /home/airflow/.local/lib/python3.7/site-packages/airflow/example_dags/example_branch_operator.py for tasks to queue
[2022-12-03T15:14:24.156+0000] {logging_mixin.py:137} INFO - [2022-12-03T15:14:24.156+0000] {dagbag.py:538} INFO - Filling up the DagBag from /home/airflow/.local/lib/python3.7/site-packages/airflow/example_dags/example_branch_operator.py
[2022-12-03T15:14:24.167+0000] {processor.py:753} INFO - DAG(s) dict_keys(['example_branch_operator']) retrieved from /home/airflow/.local/lib/python3.7/site-packages/airflow/example_dags/example_branch_operator.py
[2022-12-03T15:14:24.193+0000] {logging_mixin.py:137} INFO - [2022-12-03T15:14:24.193+0000] {dag.py:2676} INFO - Sync 1 DAGs
[2022-12-03T15:14:24.208+0000] {logging_mixin.py:137} INFO - [2022-12-03T15:14:24.208+0000] {dag.py:3427} INFO - Setting next_dagrun for example_branch_operator to 2022-12-02T00:00:00+00:00, run_after=2022-12-03T00:00:00+00:00
[2022-12-03T15:14:24.218+0000] {processor.py:175} INFO - Processing /home/airflow/.local/lib/python3.7/site-packages/airflow/example_dags/example_branch_operator.py took 0.067 seconds
[2022-12-03T15:15:10.809+0000] {processor.py:153} INFO - Started process (PID=182) to work on /home/airflow/.local/lib/python3.7/site-packages/airflow/example_dags/example_branch_operator.py
[2022-12-03T15:15:10.810+0000] {processor.py:743} INFO - Processing file /home/airflow/.local/lib/python3.7/site-packages/airflow/example_dags/example_branch_operator.py for tasks to queue
[2022-12-03T15:15:10.811+0000] {logging_mixin.py:137} INFO - [2022-12-03T15:15:10.811+0000] {dagbag.py:538} INFO - Filling up the DagBag from /home/airflow/.local/lib/python3.7/site-packages/airflow/example_dags/example_branch_operator.py
[2022-12-03T15:15:10.824+0000] {processor.py:753} INFO - DAG(s) dict_keys(['example_branch_operator']) retrieved from /home/airflow/.local/lib/python3.7/site-packages/airflow/example_dags/example_branch_operator.py
[2022-12-03T15:15:10.847+0000] {logging_mixin.py:137} INFO - [2022-12-03T15:15:10.847+0000] {dag.py:2676} INFO - Sync 1 DAGs
[2022-12-03T15:15:10.877+0000] {logging_mixin.py:137} INFO - [2022-12-03T15:15:10.877+0000] {dag.py:3427} INFO - Setting next_dagrun for example_branch_operator to 2022-12-02T00:00:00+00:00, run_after=2022-12-03T00:00:00+00:00
[2022-12-03T15:15:10.895+0000] {processor.py:175} INFO - Processing /home/airflow/.local/lib/python3.7/site-packages/airflow/example_dags/example_branch_operator.py took 0.089 seconds
[2022-12-03T15:21:17.872+0000] {processor.py:153} INFO - Started process (PID=185) to work on /home/airflow/.local/lib/python3.7/site-packages/airflow/example_dags/example_branch_operator.py
[2022-12-03T15:21:17.873+0000] {processor.py:743} INFO - Processing file /home/airflow/.local/lib/python3.7/site-packages/airflow/example_dags/example_branch_operator.py for tasks to queue
[2022-12-03T15:21:17.874+0000] {logging_mixin.py:137} INFO - [2022-12-03T15:21:17.874+0000] {dagbag.py:538} INFO - Filling up the DagBag from /home/airflow/.local/lib/python3.7/site-packages/airflow/example_dags/example_branch_operator.py
[2022-12-03T15:21:17.888+0000] {processor.py:753} INFO - DAG(s) dict_keys(['example_branch_operator']) retrieved from /home/airflow/.local/lib/python3.7/site-packages/airflow/example_dags/example_branch_operator.py
[2022-12-03T15:21:17.907+0000] {logging_mixin.py:137} INFO - [2022-12-03T15:21:17.906+0000] {dag.py:2676} INFO - Sync 1 DAGs
[2022-12-03T15:21:17.924+0000] {logging_mixin.py:137} INFO - [2022-12-03T15:21:17.924+0000] {dag.py:3427} INFO - Setting next_dagrun for example_branch_operator to 2022-12-02T00:00:00+00:00, run_after=2022-12-03T00:00:00+00:00
[2022-12-03T15:21:17.936+0000] {processor.py:175} INFO - Processing /home/airflow/.local/lib/python3.7/site-packages/airflow/example_dags/example_branch_operator.py took 0.067 seconds
[2022-12-03T15:21:48.115+0000] {processor.py:153} INFO - Started process (PID=409) to work on /home/airflow/.local/lib/python3.7/site-packages/airflow/example_dags/example_branch_operator.py
[2022-12-03T15:21:48.117+0000] {processor.py:743} INFO - Processing file /home/airflow/.local/lib/python3.7/site-packages/airflow/example_dags/example_branch_operator.py for tasks to queue
[2022-12-03T15:21:48.118+0000] {logging_mixin.py:137} INFO - [2022-12-03T15:21:48.118+0000] {dagbag.py:538} INFO - Filling up the DagBag from /home/airflow/.local/lib/python3.7/site-packages/airflow/example_dags/example_branch_operator.py
[2022-12-03T15:21:48.130+0000] {processor.py:753} INFO - DAG(s) dict_keys(['example_branch_operator']) retrieved from /home/airflow/.local/lib/python3.7/site-packages/airflow/example_dags/example_branch_operator.py
[2022-12-03T15:21:48.156+0000] {logging_mixin.py:137} INFO - [2022-12-03T15:21:48.156+0000] {dag.py:2676} INFO - Sync 1 DAGs
[2022-12-03T15:21:48.171+0000] {logging_mixin.py:137} INFO - [2022-12-03T15:21:48.171+0000] {dag.py:3427} INFO - Setting next_dagrun for example_branch_operator to 2022-12-02T00:00:00+00:00, run_after=2022-12-03T00:00:00+00:00
[2022-12-03T15:21:48.183+0000] {processor.py:175} INFO - Processing /home/airflow/.local/lib/python3.7/site-packages/airflow/example_dags/example_branch_operator.py took 0.070 seconds
[2022-12-03T15:22:18.330+0000] {processor.py:153} INFO - Started process (PID=622) to work on /home/airflow/.local/lib/python3.7/site-packages/airflow/example_dags/example_branch_operator.py
[2022-12-03T15:22:18.342+0000] {processor.py:743} INFO - Processing file /home/airflow/.local/lib/python3.7/site-packages/airflow/example_dags/example_branch_operator.py for tasks to queue
[2022-12-03T15:22:18.342+0000] {logging_mixin.py:137} INFO - [2022-12-03T15:22:18.342+0000] {dagbag.py:538} INFO - Filling up the DagBag from /home/airflow/.local/lib/python3.7/site-packages/airflow/example_dags/example_branch_operator.py
[2022-12-03T15:22:18.353+0000] {processor.py:753} INFO - DAG(s) dict_keys(['example_branch_operator']) retrieved from /home/airflow/.local/lib/python3.7/site-packages/airflow/example_dags/example_branch_operator.py
[2022-12-03T15:22:18.385+0000] {logging_mixin.py:137} INFO - [2022-12-03T15:22:18.385+0000] {dag.py:2676} INFO - Sync 1 DAGs
[2022-12-03T15:22:18.400+0000] {logging_mixin.py:137} INFO - [2022-12-03T15:22:18.400+0000] {dag.py:3427} INFO - Setting next_dagrun for example_branch_operator to 2022-12-02T00:00:00+00:00, run_after=2022-12-03T00:00:00+00:00
[2022-12-03T15:22:18.411+0000] {processor.py:175} INFO - Processing /home/airflow/.local/lib/python3.7/site-packages/airflow/example_dags/example_branch_operator.py took 0.083 seconds
[2022-12-03T15:22:48.503+0000] {processor.py:153} INFO - Started process (PID=846) to work on /home/airflow/.local/lib/python3.7/site-packages/airflow/example_dags/example_branch_operator.py
[2022-12-03T15:22:48.504+0000] {processor.py:743} INFO - Processing file /home/airflow/.local/lib/python3.7/site-packages/airflow/example_dags/example_branch_operator.py for tasks to queue
[2022-12-03T15:22:48.505+0000] {logging_mixin.py:137} INFO - [2022-12-03T15:22:48.505+0000] {dagbag.py:538} INFO - Filling up the DagBag from /home/airflow/.local/lib/python3.7/site-packages/airflow/example_dags/example_branch_operator.py
[2022-12-03T15:22:48.517+0000] {processor.py:753} INFO - DAG(s) dict_keys(['example_branch_operator']) retrieved from /home/airflow/.local/lib/python3.7/site-packages/airflow/example_dags/example_branch_operator.py
[2022-12-03T15:22:48.544+0000] {logging_mixin.py:137} INFO - [2022-12-03T15:22:48.544+0000] {dag.py:2676} INFO - Sync 1 DAGs
[2022-12-03T15:22:48.563+0000] {logging_mixin.py:137} INFO - [2022-12-03T15:22:48.563+0000] {dag.py:3427} INFO - Setting next_dagrun for example_branch_operator to 2022-12-02T00:00:00+00:00, run_after=2022-12-03T00:00:00+00:00
[2022-12-03T15:22:48.575+0000] {processor.py:175} INFO - Processing /home/airflow/.local/lib/python3.7/site-packages/airflow/example_dags/example_branch_operator.py took 0.075 seconds
[2022-12-03T15:23:19.484+0000] {processor.py:153} INFO - Started process (PID=1073) to work on /home/airflow/.local/lib/python3.7/site-packages/airflow/example_dags/example_branch_operator.py
[2022-12-03T15:23:19.485+0000] {processor.py:743} INFO - Processing file /home/airflow/.local/lib/python3.7/site-packages/airflow/example_dags/example_branch_operator.py for tasks to queue
[2022-12-03T15:23:19.486+0000] {logging_mixin.py:137} INFO - [2022-12-03T15:23:19.486+0000] {dagbag.py:538} INFO - Filling up the DagBag from /home/airflow/.local/lib/python3.7/site-packages/airflow/example_dags/example_branch_operator.py
[2022-12-03T15:23:19.499+0000] {processor.py:753} INFO - DAG(s) dict_keys(['example_branch_operator']) retrieved from /home/airflow/.local/lib/python3.7/site-packages/airflow/example_dags/example_branch_operator.py
[2022-12-03T15:23:19.529+0000] {logging_mixin.py:137} INFO - [2022-12-03T15:23:19.529+0000] {dag.py:2676} INFO - Sync 1 DAGs
[2022-12-03T15:23:19.545+0000] {logging_mixin.py:137} INFO - [2022-12-03T15:23:19.545+0000] {dag.py:3427} INFO - Setting next_dagrun for example_branch_operator to 2022-12-02T00:00:00+00:00, run_after=2022-12-03T00:00:00+00:00
[2022-12-03T15:23:19.557+0000] {processor.py:175} INFO - Processing /home/airflow/.local/lib/python3.7/site-packages/airflow/example_dags/example_branch_operator.py took 0.075 seconds
[2022-12-03T15:23:49.983+0000] {processor.py:153} INFO - Started process (PID=1287) to work on /home/airflow/.local/lib/python3.7/site-packages/airflow/example_dags/example_branch_operator.py
[2022-12-03T15:23:49.984+0000] {processor.py:743} INFO - Processing file /home/airflow/.local/lib/python3.7/site-packages/airflow/example_dags/example_branch_operator.py for tasks to queue
[2022-12-03T15:23:49.984+0000] {logging_mixin.py:137} INFO - [2022-12-03T15:23:49.984+0000] {dagbag.py:538} INFO - Filling up the DagBag from /home/airflow/.local/lib/python3.7/site-packages/airflow/example_dags/example_branch_operator.py
[2022-12-03T15:23:49.996+0000] {processor.py:753} INFO - DAG(s) dict_keys(['example_branch_operator']) retrieved from /home/airflow/.local/lib/python3.7/site-packages/airflow/example_dags/example_branch_operator.py
[2022-12-03T15:23:50.023+0000] {logging_mixin.py:137} INFO - [2022-12-03T15:23:50.023+0000] {dag.py:2676} INFO - Sync 1 DAGs
[2022-12-03T15:23:50.038+0000] {logging_mixin.py:137} INFO - [2022-12-03T15:23:50.038+0000] {dag.py:3427} INFO - Setting next_dagrun for example_branch_operator to 2022-12-02T00:00:00+00:00, run_after=2022-12-03T00:00:00+00:00
[2022-12-03T15:23:50.049+0000] {processor.py:175} INFO - Processing /home/airflow/.local/lib/python3.7/site-packages/airflow/example_dags/example_branch_operator.py took 0.069 seconds
[2022-12-03T15:24:20.373+0000] {processor.py:153} INFO - Started process (PID=1514) to work on /home/airflow/.local/lib/python3.7/site-packages/airflow/example_dags/example_branch_operator.py
[2022-12-03T15:24:20.374+0000] {processor.py:743} INFO - Processing file /home/airflow/.local/lib/python3.7/site-packages/airflow/example_dags/example_branch_operator.py for tasks to queue
[2022-12-03T15:24:20.375+0000] {logging_mixin.py:137} INFO - [2022-12-03T15:24:20.375+0000] {dagbag.py:538} INFO - Filling up the DagBag from /home/airflow/.local/lib/python3.7/site-packages/airflow/example_dags/example_branch_operator.py
[2022-12-03T15:24:20.386+0000] {processor.py:753} INFO - DAG(s) dict_keys(['example_branch_operator']) retrieved from /home/airflow/.local/lib/python3.7/site-packages/airflow/example_dags/example_branch_operator.py
[2022-12-03T15:24:20.411+0000] {logging_mixin.py:137} INFO - [2022-12-03T15:24:20.411+0000] {dag.py:2676} INFO - Sync 1 DAGs
[2022-12-03T15:24:20.426+0000] {logging_mixin.py:137} INFO - [2022-12-03T15:24:20.426+0000] {dag.py:3427} INFO - Setting next_dagrun for example_branch_operator to 2022-12-02T00:00:00+00:00, run_after=2022-12-03T00:00:00+00:00
[2022-12-03T15:24:20.437+0000] {processor.py:175} INFO - Processing /home/airflow/.local/lib/python3.7/site-packages/airflow/example_dags/example_branch_operator.py took 0.066 seconds
[2022-12-03T15:24:50.761+0000] {processor.py:153} INFO - Started process (PID=1739) to work on /home/airflow/.local/lib/python3.7/site-packages/airflow/example_dags/example_branch_operator.py
[2022-12-03T15:24:50.763+0000] {processor.py:743} INFO - Processing file /home/airflow/.local/lib/python3.7/site-packages/airflow/example_dags/example_branch_operator.py for tasks to queue
[2022-12-03T15:24:50.764+0000] {logging_mixin.py:137} INFO - [2022-12-03T15:24:50.763+0000] {dagbag.py:538} INFO - Filling up the DagBag from /home/airflow/.local/lib/python3.7/site-packages/airflow/example_dags/example_branch_operator.py
[2022-12-03T15:24:50.776+0000] {processor.py:753} INFO - DAG(s) dict_keys(['example_branch_operator']) retrieved from /home/airflow/.local/lib/python3.7/site-packages/airflow/example_dags/example_branch_operator.py
[2022-12-03T15:24:50.812+0000] {logging_mixin.py:137} INFO - [2022-12-03T15:24:50.812+0000] {dag.py:2676} INFO - Sync 1 DAGs
[2022-12-03T15:24:50.833+0000] {logging_mixin.py:137} INFO - [2022-12-03T15:24:50.833+0000] {dag.py:3427} INFO - Setting next_dagrun for example_branch_operator to 2022-12-02T00:00:00+00:00, run_after=2022-12-03T00:00:00+00:00
[2022-12-03T15:24:50.852+0000] {processor.py:175} INFO - Processing /home/airflow/.local/lib/python3.7/site-packages/airflow/example_dags/example_branch_operator.py took 0.094 seconds
[2022-12-03T15:25:21.253+0000] {processor.py:153} INFO - Started process (PID=1956) to work on /home/airflow/.local/lib/python3.7/site-packages/airflow/example_dags/example_branch_operator.py
[2022-12-03T15:25:21.254+0000] {processor.py:743} INFO - Processing file /home/airflow/.local/lib/python3.7/site-packages/airflow/example_dags/example_branch_operator.py for tasks to queue
[2022-12-03T15:25:21.255+0000] {logging_mixin.py:137} INFO - [2022-12-03T15:25:21.255+0000] {dagbag.py:538} INFO - Filling up the DagBag from /home/airflow/.local/lib/python3.7/site-packages/airflow/example_dags/example_branch_operator.py
[2022-12-03T15:25:21.265+0000] {processor.py:753} INFO - DAG(s) dict_keys(['example_branch_operator']) retrieved from /home/airflow/.local/lib/python3.7/site-packages/airflow/example_dags/example_branch_operator.py
[2022-12-03T15:25:21.290+0000] {logging_mixin.py:137} INFO - [2022-12-03T15:25:21.290+0000] {dag.py:2676} INFO - Sync 1 DAGs
[2022-12-03T15:25:21.304+0000] {logging_mixin.py:137} INFO - [2022-12-03T15:25:21.304+0000] {dag.py:3427} INFO - Setting next_dagrun for example_branch_operator to 2022-12-02T00:00:00+00:00, run_after=2022-12-03T00:00:00+00:00
[2022-12-03T15:25:21.315+0000] {processor.py:175} INFO - Processing /home/airflow/.local/lib/python3.7/site-packages/airflow/example_dags/example_branch_operator.py took 0.064 seconds
[2022-12-03T15:25:51.654+0000] {processor.py:153} INFO - Started process (PID=2180) to work on /home/airflow/.local/lib/python3.7/site-packages/airflow/example_dags/example_branch_operator.py
[2022-12-03T15:25:51.655+0000] {processor.py:743} INFO - Processing file /home/airflow/.local/lib/python3.7/site-packages/airflow/example_dags/example_branch_operator.py for tasks to queue
[2022-12-03T15:25:51.655+0000] {logging_mixin.py:137} INFO - [2022-12-03T15:25:51.655+0000] {dagbag.py:538} INFO - Filling up the DagBag from /home/airflow/.local/lib/python3.7/site-packages/airflow/example_dags/example_branch_operator.py
[2022-12-03T15:25:51.666+0000] {processor.py:753} INFO - DAG(s) dict_keys(['example_branch_operator']) retrieved from /home/airflow/.local/lib/python3.7/site-packages/airflow/example_dags/example_branch_operator.py
[2022-12-03T15:25:51.692+0000] {logging_mixin.py:137} INFO - [2022-12-03T15:25:51.692+0000] {dag.py:2676} INFO - Sync 1 DAGs
[2022-12-03T15:25:51.707+0000] {logging_mixin.py:137} INFO - [2022-12-03T15:25:51.706+0000] {dag.py:3427} INFO - Setting next_dagrun for example_branch_operator to 2022-12-02T00:00:00+00:00, run_after=2022-12-03T00:00:00+00:00
[2022-12-03T15:25:51.717+0000] {processor.py:175} INFO - Processing /home/airflow/.local/lib/python3.7/site-packages/airflow/example_dags/example_branch_operator.py took 0.066 seconds
[2022-12-03T15:26:22.012+0000] {processor.py:153} INFO - Started process (PID=2405) to work on /home/airflow/.local/lib/python3.7/site-packages/airflow/example_dags/example_branch_operator.py
[2022-12-03T15:26:22.014+0000] {processor.py:743} INFO - Processing file /home/airflow/.local/lib/python3.7/site-packages/airflow/example_dags/example_branch_operator.py for tasks to queue
[2022-12-03T15:26:22.015+0000] {logging_mixin.py:137} INFO - [2022-12-03T15:26:22.014+0000] {dagbag.py:538} INFO - Filling up the DagBag from /home/airflow/.local/lib/python3.7/site-packages/airflow/example_dags/example_branch_operator.py
[2022-12-03T15:26:22.031+0000] {processor.py:753} INFO - DAG(s) dict_keys(['example_branch_operator']) retrieved from /home/airflow/.local/lib/python3.7/site-packages/airflow/example_dags/example_branch_operator.py
[2022-12-03T15:26:22.067+0000] {logging_mixin.py:137} INFO - [2022-12-03T15:26:22.067+0000] {dag.py:2676} INFO - Sync 1 DAGs
[2022-12-03T15:26:22.084+0000] {logging_mixin.py:137} INFO - [2022-12-03T15:26:22.084+0000] {dag.py:3427} INFO - Setting next_dagrun for example_branch_operator to 2022-12-02T00:00:00+00:00, run_after=2022-12-03T00:00:00+00:00
[2022-12-03T15:26:22.095+0000] {processor.py:175} INFO - Processing /home/airflow/.local/lib/python3.7/site-packages/airflow/example_dags/example_branch_operator.py took 0.087 seconds
[2022-12-03T15:26:52.446+0000] {processor.py:153} INFO - Started process (PID=2621) to work on /home/airflow/.local/lib/python3.7/site-packages/airflow/example_dags/example_branch_operator.py
[2022-12-03T15:26:52.447+0000] {processor.py:743} INFO - Processing file /home/airflow/.local/lib/python3.7/site-packages/airflow/example_dags/example_branch_operator.py for tasks to queue
[2022-12-03T15:26:52.447+0000] {logging_mixin.py:137} INFO - [2022-12-03T15:26:52.447+0000] {dagbag.py:538} INFO - Filling up the DagBag from /home/airflow/.local/lib/python3.7/site-packages/airflow/example_dags/example_branch_operator.py
[2022-12-03T15:26:52.460+0000] {processor.py:753} INFO - DAG(s) dict_keys(['example_branch_operator']) retrieved from /home/airflow/.local/lib/python3.7/site-packages/airflow/example_dags/example_branch_operator.py
[2022-12-03T15:26:52.485+0000] {logging_mixin.py:137} INFO - [2022-12-03T15:26:52.485+0000] {dag.py:2676} INFO - Sync 1 DAGs
[2022-12-03T15:26:52.500+0000] {logging_mixin.py:137} INFO - [2022-12-03T15:26:52.500+0000] {dag.py:3427} INFO - Setting next_dagrun for example_branch_operator to 2022-12-02T00:00:00+00:00, run_after=2022-12-03T00:00:00+00:00
[2022-12-03T15:26:52.511+0000] {processor.py:175} INFO - Processing /home/airflow/.local/lib/python3.7/site-packages/airflow/example_dags/example_branch_operator.py took 0.067 seconds
[2022-12-03T15:27:23.580+0000] {processor.py:153} INFO - Started process (PID=2847) to work on /home/airflow/.local/lib/python3.7/site-packages/airflow/example_dags/example_branch_operator.py
[2022-12-03T15:27:23.581+0000] {processor.py:743} INFO - Processing file /home/airflow/.local/lib/python3.7/site-packages/airflow/example_dags/example_branch_operator.py for tasks to queue
[2022-12-03T15:27:23.582+0000] {logging_mixin.py:137} INFO - [2022-12-03T15:27:23.582+0000] {dagbag.py:538} INFO - Filling up the DagBag from /home/airflow/.local/lib/python3.7/site-packages/airflow/example_dags/example_branch_operator.py
[2022-12-03T15:27:23.593+0000] {processor.py:753} INFO - DAG(s) dict_keys(['example_branch_operator']) retrieved from /home/airflow/.local/lib/python3.7/site-packages/airflow/example_dags/example_branch_operator.py
[2022-12-03T15:27:23.617+0000] {logging_mixin.py:137} INFO - [2022-12-03T15:27:23.617+0000] {dag.py:2676} INFO - Sync 1 DAGs
[2022-12-03T15:27:23.632+0000] {logging_mixin.py:137} INFO - [2022-12-03T15:27:23.632+0000] {dag.py:3427} INFO - Setting next_dagrun for example_branch_operator to 2022-12-02T00:00:00+00:00, run_after=2022-12-03T00:00:00+00:00
[2022-12-03T15:27:23.642+0000] {processor.py:175} INFO - Processing /home/airflow/.local/lib/python3.7/site-packages/airflow/example_dags/example_branch_operator.py took 0.065 seconds
[2022-12-03T15:27:53.758+0000] {processor.py:153} INFO - Started process (PID=3072) to work on /home/airflow/.local/lib/python3.7/site-packages/airflow/example_dags/example_branch_operator.py
[2022-12-03T15:27:53.759+0000] {processor.py:743} INFO - Processing file /home/airflow/.local/lib/python3.7/site-packages/airflow/example_dags/example_branch_operator.py for tasks to queue
[2022-12-03T15:27:53.760+0000] {logging_mixin.py:137} INFO - [2022-12-03T15:27:53.759+0000] {dagbag.py:538} INFO - Filling up the DagBag from /home/airflow/.local/lib/python3.7/site-packages/airflow/example_dags/example_branch_operator.py
[2022-12-03T15:27:53.770+0000] {processor.py:753} INFO - DAG(s) dict_keys(['example_branch_operator']) retrieved from /home/airflow/.local/lib/python3.7/site-packages/airflow/example_dags/example_branch_operator.py
[2022-12-03T15:27:53.796+0000] {logging_mixin.py:137} INFO - [2022-12-03T15:27:53.796+0000] {dag.py:2676} INFO - Sync 1 DAGs
[2022-12-03T15:27:53.811+0000] {logging_mixin.py:137} INFO - [2022-12-03T15:27:53.811+0000] {dag.py:3427} INFO - Setting next_dagrun for example_branch_operator to 2022-12-02T00:00:00+00:00, run_after=2022-12-03T00:00:00+00:00
[2022-12-03T15:27:53.822+0000] {processor.py:175} INFO - Processing /home/airflow/.local/lib/python3.7/site-packages/airflow/example_dags/example_branch_operator.py took 0.066 seconds
[2022-12-03T15:28:24.223+0000] {processor.py:153} INFO - Started process (PID=3287) to work on /home/airflow/.local/lib/python3.7/site-packages/airflow/example_dags/example_branch_operator.py
[2022-12-03T15:28:24.224+0000] {processor.py:743} INFO - Processing file /home/airflow/.local/lib/python3.7/site-packages/airflow/example_dags/example_branch_operator.py for tasks to queue
[2022-12-03T15:28:24.225+0000] {logging_mixin.py:137} INFO - [2022-12-03T15:28:24.225+0000] {dagbag.py:538} INFO - Filling up the DagBag from /home/airflow/.local/lib/python3.7/site-packages/airflow/example_dags/example_branch_operator.py
[2022-12-03T15:28:24.236+0000] {processor.py:753} INFO - DAG(s) dict_keys(['example_branch_operator']) retrieved from /home/airflow/.local/lib/python3.7/site-packages/airflow/example_dags/example_branch_operator.py
[2022-12-03T15:28:24.260+0000] {logging_mixin.py:137} INFO - [2022-12-03T15:28:24.260+0000] {dag.py:2676} INFO - Sync 1 DAGs
[2022-12-03T15:28:24.274+0000] {logging_mixin.py:137} INFO - [2022-12-03T15:28:24.274+0000] {dag.py:3427} INFO - Setting next_dagrun for example_branch_operator to 2022-12-02T00:00:00+00:00, run_after=2022-12-03T00:00:00+00:00
[2022-12-03T15:28:24.284+0000] {processor.py:175} INFO - Processing /home/airflow/.local/lib/python3.7/site-packages/airflow/example_dags/example_branch_operator.py took 0.063 seconds
[2022-12-03T15:28:54.765+0000] {processor.py:153} INFO - Started process (PID=3510) to work on /home/airflow/.local/lib/python3.7/site-packages/airflow/example_dags/example_branch_operator.py
[2022-12-03T15:28:54.766+0000] {processor.py:743} INFO - Processing file /home/airflow/.local/lib/python3.7/site-packages/airflow/example_dags/example_branch_operator.py for tasks to queue
[2022-12-03T15:28:54.767+0000] {logging_mixin.py:137} INFO - [2022-12-03T15:28:54.767+0000] {dagbag.py:538} INFO - Filling up the DagBag from /home/airflow/.local/lib/python3.7/site-packages/airflow/example_dags/example_branch_operator.py
[2022-12-03T15:28:54.778+0000] {processor.py:753} INFO - DAG(s) dict_keys(['example_branch_operator']) retrieved from /home/airflow/.local/lib/python3.7/site-packages/airflow/example_dags/example_branch_operator.py
[2022-12-03T15:28:54.803+0000] {logging_mixin.py:137} INFO - [2022-12-03T15:28:54.803+0000] {dag.py:2676} INFO - Sync 1 DAGs
[2022-12-03T15:28:54.818+0000] {logging_mixin.py:137} INFO - [2022-12-03T15:28:54.818+0000] {dag.py:3427} INFO - Setting next_dagrun for example_branch_operator to 2022-12-02T00:00:00+00:00, run_after=2022-12-03T00:00:00+00:00
[2022-12-03T15:28:54.829+0000] {processor.py:175} INFO - Processing /home/airflow/.local/lib/python3.7/site-packages/airflow/example_dags/example_branch_operator.py took 0.066 seconds
[2022-12-03T15:29:25.064+0000] {processor.py:153} INFO - Started process (PID=3738) to work on /home/airflow/.local/lib/python3.7/site-packages/airflow/example_dags/example_branch_operator.py
[2022-12-03T15:29:25.065+0000] {processor.py:743} INFO - Processing file /home/airflow/.local/lib/python3.7/site-packages/airflow/example_dags/example_branch_operator.py for tasks to queue
[2022-12-03T15:29:25.066+0000] {logging_mixin.py:137} INFO - [2022-12-03T15:29:25.066+0000] {dagbag.py:538} INFO - Filling up the DagBag from /home/airflow/.local/lib/python3.7/site-packages/airflow/example_dags/example_branch_operator.py
[2022-12-03T15:29:25.077+0000] {processor.py:753} INFO - DAG(s) dict_keys(['example_branch_operator']) retrieved from /home/airflow/.local/lib/python3.7/site-packages/airflow/example_dags/example_branch_operator.py
[2022-12-03T15:29:25.102+0000] {logging_mixin.py:137} INFO - [2022-12-03T15:29:25.102+0000] {dag.py:2676} INFO - Sync 1 DAGs
[2022-12-03T15:29:25.117+0000] {logging_mixin.py:137} INFO - [2022-12-03T15:29:25.117+0000] {dag.py:3427} INFO - Setting next_dagrun for example_branch_operator to 2022-12-02T00:00:00+00:00, run_after=2022-12-03T00:00:00+00:00
[2022-12-03T15:29:25.128+0000] {processor.py:175} INFO - Processing /home/airflow/.local/lib/python3.7/site-packages/airflow/example_dags/example_branch_operator.py took 0.066 seconds
[2022-12-03T15:29:55.214+0000] {processor.py:153} INFO - Started process (PID=3952) to work on /home/airflow/.local/lib/python3.7/site-packages/airflow/example_dags/example_branch_operator.py
[2022-12-03T15:29:55.215+0000] {processor.py:743} INFO - Processing file /home/airflow/.local/lib/python3.7/site-packages/airflow/example_dags/example_branch_operator.py for tasks to queue
[2022-12-03T15:29:55.216+0000] {logging_mixin.py:137} INFO - [2022-12-03T15:29:55.216+0000] {dagbag.py:538} INFO - Filling up the DagBag from /home/airflow/.local/lib/python3.7/site-packages/airflow/example_dags/example_branch_operator.py
[2022-12-03T15:29:55.228+0000] {processor.py:753} INFO - DAG(s) dict_keys(['example_branch_operator']) retrieved from /home/airflow/.local/lib/python3.7/site-packages/airflow/example_dags/example_branch_operator.py
[2022-12-03T15:29:55.253+0000] {logging_mixin.py:137} INFO - [2022-12-03T15:29:55.253+0000] {dag.py:2676} INFO - Sync 1 DAGs
[2022-12-03T15:29:55.268+0000] {logging_mixin.py:137} INFO - [2022-12-03T15:29:55.267+0000] {dag.py:3427} INFO - Setting next_dagrun for example_branch_operator to 2022-12-02T00:00:00+00:00, run_after=2022-12-03T00:00:00+00:00
[2022-12-03T15:29:55.278+0000] {processor.py:175} INFO - Processing /home/airflow/.local/lib/python3.7/site-packages/airflow/example_dags/example_branch_operator.py took 0.066 seconds
[2022-12-03T15:30:25.803+0000] {processor.py:153} INFO - Started process (PID=4177) to work on /home/airflow/.local/lib/python3.7/site-packages/airflow/example_dags/example_branch_operator.py
[2022-12-03T15:30:25.804+0000] {processor.py:743} INFO - Processing file /home/airflow/.local/lib/python3.7/site-packages/airflow/example_dags/example_branch_operator.py for tasks to queue
[2022-12-03T15:30:25.805+0000] {logging_mixin.py:137} INFO - [2022-12-03T15:30:25.805+0000] {dagbag.py:538} INFO - Filling up the DagBag from /home/airflow/.local/lib/python3.7/site-packages/airflow/example_dags/example_branch_operator.py
[2022-12-03T15:30:25.818+0000] {processor.py:753} INFO - DAG(s) dict_keys(['example_branch_operator']) retrieved from /home/airflow/.local/lib/python3.7/site-packages/airflow/example_dags/example_branch_operator.py
[2022-12-03T15:30:25.844+0000] {logging_mixin.py:137} INFO - [2022-12-03T15:30:25.844+0000] {dag.py:2676} INFO - Sync 1 DAGs
[2022-12-03T15:30:25.860+0000] {logging_mixin.py:137} INFO - [2022-12-03T15:30:25.860+0000] {dag.py:3427} INFO - Setting next_dagrun for example_branch_operator to 2022-12-02T00:00:00+00:00, run_after=2022-12-03T00:00:00+00:00
[2022-12-03T15:30:25.871+0000] {processor.py:175} INFO - Processing /home/airflow/.local/lib/python3.7/site-packages/airflow/example_dags/example_branch_operator.py took 0.071 seconds
[2022-12-03T15:30:56.175+0000] {processor.py:153} INFO - Started process (PID=4404) to work on /home/airflow/.local/lib/python3.7/site-packages/airflow/example_dags/example_branch_operator.py
[2022-12-03T15:30:56.176+0000] {processor.py:743} INFO - Processing file /home/airflow/.local/lib/python3.7/site-packages/airflow/example_dags/example_branch_operator.py for tasks to queue
[2022-12-03T15:30:56.177+0000] {logging_mixin.py:137} INFO - [2022-12-03T15:30:56.177+0000] {dagbag.py:538} INFO - Filling up the DagBag from /home/airflow/.local/lib/python3.7/site-packages/airflow/example_dags/example_branch_operator.py
[2022-12-03T15:30:56.188+0000] {processor.py:753} INFO - DAG(s) dict_keys(['example_branch_operator']) retrieved from /home/airflow/.local/lib/python3.7/site-packages/airflow/example_dags/example_branch_operator.py
[2022-12-03T15:30:56.214+0000] {logging_mixin.py:137} INFO - [2022-12-03T15:30:56.214+0000] {dag.py:2676} INFO - Sync 1 DAGs
[2022-12-03T15:30:56.236+0000] {logging_mixin.py:137} INFO - [2022-12-03T15:30:56.235+0000] {dag.py:3427} INFO - Setting next_dagrun for example_branch_operator to 2022-12-02T00:00:00+00:00, run_after=2022-12-03T00:00:00+00:00
[2022-12-03T15:30:56.248+0000] {processor.py:175} INFO - Processing /home/airflow/.local/lib/python3.7/site-packages/airflow/example_dags/example_branch_operator.py took 0.076 seconds
[2022-12-03T15:31:26.383+0000] {processor.py:153} INFO - Started process (PID=4618) to work on /home/airflow/.local/lib/python3.7/site-packages/airflow/example_dags/example_branch_operator.py
[2022-12-03T15:31:26.385+0000] {processor.py:743} INFO - Processing file /home/airflow/.local/lib/python3.7/site-packages/airflow/example_dags/example_branch_operator.py for tasks to queue
[2022-12-03T15:31:26.385+0000] {logging_mixin.py:137} INFO - [2022-12-03T15:31:26.385+0000] {dagbag.py:538} INFO - Filling up the DagBag from /home/airflow/.local/lib/python3.7/site-packages/airflow/example_dags/example_branch_operator.py
[2022-12-03T15:31:26.397+0000] {processor.py:753} INFO - DAG(s) dict_keys(['example_branch_operator']) retrieved from /home/airflow/.local/lib/python3.7/site-packages/airflow/example_dags/example_branch_operator.py
[2022-12-03T15:31:26.422+0000] {logging_mixin.py:137} INFO - [2022-12-03T15:31:26.422+0000] {dag.py:2676} INFO - Sync 1 DAGs
[2022-12-03T15:31:26.437+0000] {logging_mixin.py:137} INFO - [2022-12-03T15:31:26.437+0000] {dag.py:3427} INFO - Setting next_dagrun for example_branch_operator to 2022-12-02T00:00:00+00:00, run_after=2022-12-03T00:00:00+00:00
[2022-12-03T15:31:26.447+0000] {processor.py:175} INFO - Processing /home/airflow/.local/lib/python3.7/site-packages/airflow/example_dags/example_branch_operator.py took 0.066 seconds
[2022-12-03T15:31:57.000+0000] {processor.py:153} INFO - Started process (PID=4841) to work on /home/airflow/.local/lib/python3.7/site-packages/airflow/example_dags/example_branch_operator.py
[2022-12-03T15:31:57.002+0000] {processor.py:743} INFO - Processing file /home/airflow/.local/lib/python3.7/site-packages/airflow/example_dags/example_branch_operator.py for tasks to queue
[2022-12-03T15:31:57.003+0000] {logging_mixin.py:137} INFO - [2022-12-03T15:31:57.003+0000] {dagbag.py:538} INFO - Filling up the DagBag from /home/airflow/.local/lib/python3.7/site-packages/airflow/example_dags/example_branch_operator.py
[2022-12-03T15:31:57.014+0000] {processor.py:753} INFO - DAG(s) dict_keys(['example_branch_operator']) retrieved from /home/airflow/.local/lib/python3.7/site-packages/airflow/example_dags/example_branch_operator.py
[2022-12-03T15:31:57.042+0000] {logging_mixin.py:137} INFO - [2022-12-03T15:31:57.042+0000] {dag.py:2676} INFO - Sync 1 DAGs
[2022-12-03T15:31:57.058+0000] {logging_mixin.py:137} INFO - [2022-12-03T15:31:57.058+0000] {dag.py:3427} INFO - Setting next_dagrun for example_branch_operator to 2022-12-02T00:00:00+00:00, run_after=2022-12-03T00:00:00+00:00
[2022-12-03T15:31:57.073+0000] {processor.py:175} INFO - Processing /home/airflow/.local/lib/python3.7/site-packages/airflow/example_dags/example_branch_operator.py took 0.076 seconds
[2022-12-03T15:32:27.465+0000] {processor.py:153} INFO - Started process (PID=5067) to work on /home/airflow/.local/lib/python3.7/site-packages/airflow/example_dags/example_branch_operator.py
[2022-12-03T15:32:27.466+0000] {processor.py:743} INFO - Processing file /home/airflow/.local/lib/python3.7/site-packages/airflow/example_dags/example_branch_operator.py for tasks to queue
[2022-12-03T15:32:27.466+0000] {logging_mixin.py:137} INFO - [2022-12-03T15:32:27.466+0000] {dagbag.py:538} INFO - Filling up the DagBag from /home/airflow/.local/lib/python3.7/site-packages/airflow/example_dags/example_branch_operator.py
[2022-12-03T15:32:27.478+0000] {processor.py:753} INFO - DAG(s) dict_keys(['example_branch_operator']) retrieved from /home/airflow/.local/lib/python3.7/site-packages/airflow/example_dags/example_branch_operator.py
[2022-12-03T15:32:27.506+0000] {logging_mixin.py:137} INFO - [2022-12-03T15:32:27.506+0000] {dag.py:2676} INFO - Sync 1 DAGs
[2022-12-03T15:32:27.522+0000] {logging_mixin.py:137} INFO - [2022-12-03T15:32:27.522+0000] {dag.py:3427} INFO - Setting next_dagrun for example_branch_operator to 2022-12-02T00:00:00+00:00, run_after=2022-12-03T00:00:00+00:00
[2022-12-03T15:32:27.534+0000] {processor.py:175} INFO - Processing /home/airflow/.local/lib/python3.7/site-packages/airflow/example_dags/example_branch_operator.py took 0.072 seconds
[2022-12-03T15:32:58.053+0000] {processor.py:153} INFO - Started process (PID=5281) to work on /home/airflow/.local/lib/python3.7/site-packages/airflow/example_dags/example_branch_operator.py
[2022-12-03T15:32:58.054+0000] {processor.py:743} INFO - Processing file /home/airflow/.local/lib/python3.7/site-packages/airflow/example_dags/example_branch_operator.py for tasks to queue
[2022-12-03T15:32:58.054+0000] {logging_mixin.py:137} INFO - [2022-12-03T15:32:58.054+0000] {dagbag.py:538} INFO - Filling up the DagBag from /home/airflow/.local/lib/python3.7/site-packages/airflow/example_dags/example_branch_operator.py
[2022-12-03T15:32:58.066+0000] {processor.py:753} INFO - DAG(s) dict_keys(['example_branch_operator']) retrieved from /home/airflow/.local/lib/python3.7/site-packages/airflow/example_dags/example_branch_operator.py
[2022-12-03T15:32:58.091+0000] {logging_mixin.py:137} INFO - [2022-12-03T15:32:58.091+0000] {dag.py:2676} INFO - Sync 1 DAGs
[2022-12-03T15:32:58.106+0000] {logging_mixin.py:137} INFO - [2022-12-03T15:32:58.106+0000] {dag.py:3427} INFO - Setting next_dagrun for example_branch_operator to 2022-12-02T00:00:00+00:00, run_after=2022-12-03T00:00:00+00:00
[2022-12-03T15:32:58.119+0000] {processor.py:175} INFO - Processing /home/airflow/.local/lib/python3.7/site-packages/airflow/example_dags/example_branch_operator.py took 0.068 seconds
