[2022-12-03T15:08:53.405+0000] {processor.py:153} INFO - Started process (PID=309) to work on /home/airflow/.local/lib/python3.7/site-packages/airflow/example_dags/tutorial_taskflow_api_virtualenv.py
[2022-12-03T15:08:53.406+0000] {processor.py:743} INFO - Processing file /home/airflow/.local/lib/python3.7/site-packages/airflow/example_dags/tutorial_taskflow_api_virtualenv.py for tasks to queue
[2022-12-03T15:08:53.406+0000] {logging_mixin.py:137} INFO - [2022-12-03T15:08:53.406+0000] {dagbag.py:538} INFO - Filling up the DagBag from /home/airflow/.local/lib/python3.7/site-packages/airflow/example_dags/tutorial_taskflow_api_virtualenv.py
[2022-12-03T15:08:53.422+0000] {processor.py:753} INFO - DAG(s) dict_keys(['tutorial_taskflow_api_virtualenv']) retrieved from /home/airflow/.local/lib/python3.7/site-packages/airflow/example_dags/tutorial_taskflow_api_virtualenv.py
[2022-12-03T15:08:53.441+0000] {logging_mixin.py:137} INFO - [2022-12-03T15:08:53.441+0000] {dag.py:2676} INFO - Sync 1 DAGs
[2022-12-03T15:08:53.458+0000] {logging_mixin.py:137} INFO - [2022-12-03T15:08:53.458+0000] {dag.py:3427} INFO - Setting next_dagrun for tutorial_taskflow_api_virtualenv to None, run_after=None
[2022-12-03T15:08:53.472+0000] {processor.py:175} INFO - Processing /home/airflow/.local/lib/python3.7/site-packages/airflow/example_dags/tutorial_taskflow_api_virtualenv.py took 0.070 seconds
[2022-12-03T15:09:23.715+0000] {processor.py:153} INFO - Started process (PID=535) to work on /home/airflow/.local/lib/python3.7/site-packages/airflow/example_dags/tutorial_taskflow_api_virtualenv.py
[2022-12-03T15:09:23.716+0000] {processor.py:743} INFO - Processing file /home/airflow/.local/lib/python3.7/site-packages/airflow/example_dags/tutorial_taskflow_api_virtualenv.py for tasks to queue
[2022-12-03T15:09:23.716+0000] {logging_mixin.py:137} INFO - [2022-12-03T15:09:23.716+0000] {dagbag.py:538} INFO - Filling up the DagBag from /home/airflow/.local/lib/python3.7/site-packages/airflow/example_dags/tutorial_taskflow_api_virtualenv.py
[2022-12-03T15:09:23.730+0000] {processor.py:753} INFO - DAG(s) dict_keys(['tutorial_taskflow_api_virtualenv']) retrieved from /home/airflow/.local/lib/python3.7/site-packages/airflow/example_dags/tutorial_taskflow_api_virtualenv.py
[2022-12-03T15:09:23.749+0000] {logging_mixin.py:137} INFO - [2022-12-03T15:09:23.748+0000] {dag.py:2676} INFO - Sync 1 DAGs
[2022-12-03T15:09:23.765+0000] {logging_mixin.py:137} INFO - [2022-12-03T15:09:23.764+0000] {dag.py:3427} INFO - Setting next_dagrun for tutorial_taskflow_api_virtualenv to None, run_after=None
[2022-12-03T15:09:23.776+0000] {processor.py:175} INFO - Processing /home/airflow/.local/lib/python3.7/site-packages/airflow/example_dags/tutorial_taskflow_api_virtualenv.py took 0.064 seconds
[2022-12-03T15:09:54.114+0000] {processor.py:153} INFO - Started process (PID=755) to work on /home/airflow/.local/lib/python3.7/site-packages/airflow/example_dags/tutorial_taskflow_api_virtualenv.py
[2022-12-03T15:09:54.116+0000] {processor.py:743} INFO - Processing file /home/airflow/.local/lib/python3.7/site-packages/airflow/example_dags/tutorial_taskflow_api_virtualenv.py for tasks to queue
[2022-12-03T15:09:54.117+0000] {logging_mixin.py:137} INFO - [2022-12-03T15:09:54.117+0000] {dagbag.py:538} INFO - Filling up the DagBag from /home/airflow/.local/lib/python3.7/site-packages/airflow/example_dags/tutorial_taskflow_api_virtualenv.py
[2022-12-03T15:09:54.132+0000] {processor.py:753} INFO - DAG(s) dict_keys(['tutorial_taskflow_api_virtualenv']) retrieved from /home/airflow/.local/lib/python3.7/site-packages/airflow/example_dags/tutorial_taskflow_api_virtualenv.py
[2022-12-03T15:09:54.160+0000] {logging_mixin.py:137} INFO - [2022-12-03T15:09:54.160+0000] {dag.py:2676} INFO - Sync 1 DAGs
[2022-12-03T15:09:54.176+0000] {logging_mixin.py:137} INFO - [2022-12-03T15:09:54.176+0000] {dag.py:3427} INFO - Setting next_dagrun for tutorial_taskflow_api_virtualenv to None, run_after=None
[2022-12-03T15:09:54.189+0000] {processor.py:175} INFO - Processing /home/airflow/.local/lib/python3.7/site-packages/airflow/example_dags/tutorial_taskflow_api_virtualenv.py took 0.078 seconds
[2022-12-03T15:10:52.512+0000] {processor.py:153} INFO - Started process (PID=309) to work on /home/airflow/.local/lib/python3.7/site-packages/airflow/example_dags/tutorial_taskflow_api_virtualenv.py
[2022-12-03T15:10:52.514+0000] {processor.py:743} INFO - Processing file /home/airflow/.local/lib/python3.7/site-packages/airflow/example_dags/tutorial_taskflow_api_virtualenv.py for tasks to queue
[2022-12-03T15:10:52.516+0000] {logging_mixin.py:137} INFO - [2022-12-03T15:10:52.515+0000] {dagbag.py:538} INFO - Filling up the DagBag from /home/airflow/.local/lib/python3.7/site-packages/airflow/example_dags/tutorial_taskflow_api_virtualenv.py
[2022-12-03T15:10:52.533+0000] {processor.py:753} INFO - DAG(s) dict_keys(['tutorial_taskflow_api_virtualenv']) retrieved from /home/airflow/.local/lib/python3.7/site-packages/airflow/example_dags/tutorial_taskflow_api_virtualenv.py
[2022-12-03T15:10:52.555+0000] {logging_mixin.py:137} INFO - [2022-12-03T15:10:52.555+0000] {dag.py:2676} INFO - Sync 1 DAGs
[2022-12-03T15:10:52.581+0000] {logging_mixin.py:137} INFO - [2022-12-03T15:10:52.581+0000] {dag.py:3427} INFO - Setting next_dagrun for tutorial_taskflow_api_virtualenv to None, run_after=None
[2022-12-03T15:10:52.608+0000] {processor.py:175} INFO - Processing /home/airflow/.local/lib/python3.7/site-packages/airflow/example_dags/tutorial_taskflow_api_virtualenv.py took 0.099 seconds
[2022-12-03T15:11:22.898+0000] {processor.py:153} INFO - Started process (PID=535) to work on /home/airflow/.local/lib/python3.7/site-packages/airflow/example_dags/tutorial_taskflow_api_virtualenv.py
[2022-12-03T15:11:22.899+0000] {processor.py:743} INFO - Processing file /home/airflow/.local/lib/python3.7/site-packages/airflow/example_dags/tutorial_taskflow_api_virtualenv.py for tasks to queue
[2022-12-03T15:11:22.900+0000] {logging_mixin.py:137} INFO - [2022-12-03T15:11:22.900+0000] {dagbag.py:538} INFO - Filling up the DagBag from /home/airflow/.local/lib/python3.7/site-packages/airflow/example_dags/tutorial_taskflow_api_virtualenv.py
[2022-12-03T15:11:22.914+0000] {processor.py:753} INFO - DAG(s) dict_keys(['tutorial_taskflow_api_virtualenv']) retrieved from /home/airflow/.local/lib/python3.7/site-packages/airflow/example_dags/tutorial_taskflow_api_virtualenv.py
[2022-12-03T15:11:22.940+0000] {logging_mixin.py:137} INFO - [2022-12-03T15:11:22.940+0000] {dag.py:2676} INFO - Sync 1 DAGs
[2022-12-03T15:11:22.956+0000] {logging_mixin.py:137} INFO - [2022-12-03T15:11:22.956+0000] {dag.py:3427} INFO - Setting next_dagrun for tutorial_taskflow_api_virtualenv to None, run_after=None
[2022-12-03T15:11:22.966+0000] {processor.py:175} INFO - Processing /home/airflow/.local/lib/python3.7/site-packages/airflow/example_dags/tutorial_taskflow_api_virtualenv.py took 0.070 seconds
[2022-12-03T15:11:53.532+0000] {processor.py:153} INFO - Started process (PID=762) to work on /home/airflow/.local/lib/python3.7/site-packages/airflow/example_dags/tutorial_taskflow_api_virtualenv.py
[2022-12-03T15:11:53.535+0000] {processor.py:743} INFO - Processing file /home/airflow/.local/lib/python3.7/site-packages/airflow/example_dags/tutorial_taskflow_api_virtualenv.py for tasks to queue
[2022-12-03T15:11:53.537+0000] {logging_mixin.py:137} INFO - [2022-12-03T15:11:53.536+0000] {dagbag.py:538} INFO - Filling up the DagBag from /home/airflow/.local/lib/python3.7/site-packages/airflow/example_dags/tutorial_taskflow_api_virtualenv.py
[2022-12-03T15:11:53.553+0000] {processor.py:753} INFO - DAG(s) dict_keys(['tutorial_taskflow_api_virtualenv']) retrieved from /home/airflow/.local/lib/python3.7/site-packages/airflow/example_dags/tutorial_taskflow_api_virtualenv.py
[2022-12-03T15:11:53.582+0000] {logging_mixin.py:137} INFO - [2022-12-03T15:11:53.582+0000] {dag.py:2676} INFO - Sync 1 DAGs
[2022-12-03T15:11:53.597+0000] {logging_mixin.py:137} INFO - [2022-12-03T15:11:53.597+0000] {dag.py:3427} INFO - Setting next_dagrun for tutorial_taskflow_api_virtualenv to None, run_after=None
[2022-12-03T15:11:53.608+0000] {processor.py:175} INFO - Processing /home/airflow/.local/lib/python3.7/site-packages/airflow/example_dags/tutorial_taskflow_api_virtualenv.py took 0.079 seconds
[2022-12-03T15:12:23.726+0000] {processor.py:153} INFO - Started process (PID=977) to work on /home/airflow/.local/lib/python3.7/site-packages/airflow/example_dags/tutorial_taskflow_api_virtualenv.py
[2022-12-03T15:12:23.727+0000] {processor.py:743} INFO - Processing file /home/airflow/.local/lib/python3.7/site-packages/airflow/example_dags/tutorial_taskflow_api_virtualenv.py for tasks to queue
[2022-12-03T15:12:23.728+0000] {logging_mixin.py:137} INFO - [2022-12-03T15:12:23.728+0000] {dagbag.py:538} INFO - Filling up the DagBag from /home/airflow/.local/lib/python3.7/site-packages/airflow/example_dags/tutorial_taskflow_api_virtualenv.py
[2022-12-03T15:12:23.742+0000] {processor.py:753} INFO - DAG(s) dict_keys(['tutorial_taskflow_api_virtualenv']) retrieved from /home/airflow/.local/lib/python3.7/site-packages/airflow/example_dags/tutorial_taskflow_api_virtualenv.py
[2022-12-03T15:12:23.760+0000] {logging_mixin.py:137} INFO - [2022-12-03T15:12:23.760+0000] {dag.py:2676} INFO - Sync 1 DAGs
[2022-12-03T15:12:23.775+0000] {logging_mixin.py:137} INFO - [2022-12-03T15:12:23.775+0000] {dag.py:3427} INFO - Setting next_dagrun for tutorial_taskflow_api_virtualenv to None, run_after=None
[2022-12-03T15:12:23.787+0000] {processor.py:175} INFO - Processing /home/airflow/.local/lib/python3.7/site-packages/airflow/example_dags/tutorial_taskflow_api_virtualenv.py took 0.064 seconds
[2022-12-03T15:12:53.984+0000] {processor.py:153} INFO - Started process (PID=1203) to work on /home/airflow/.local/lib/python3.7/site-packages/airflow/example_dags/tutorial_taskflow_api_virtualenv.py
[2022-12-03T15:12:53.985+0000] {processor.py:743} INFO - Processing file /home/airflow/.local/lib/python3.7/site-packages/airflow/example_dags/tutorial_taskflow_api_virtualenv.py for tasks to queue
[2022-12-03T15:12:53.986+0000] {logging_mixin.py:137} INFO - [2022-12-03T15:12:53.986+0000] {dagbag.py:538} INFO - Filling up the DagBag from /home/airflow/.local/lib/python3.7/site-packages/airflow/example_dags/tutorial_taskflow_api_virtualenv.py
[2022-12-03T15:12:54.004+0000] {processor.py:753} INFO - DAG(s) dict_keys(['tutorial_taskflow_api_virtualenv']) retrieved from /home/airflow/.local/lib/python3.7/site-packages/airflow/example_dags/tutorial_taskflow_api_virtualenv.py
[2022-12-03T15:12:54.025+0000] {logging_mixin.py:137} INFO - [2022-12-03T15:12:54.025+0000] {dag.py:2676} INFO - Sync 1 DAGs
[2022-12-03T15:12:54.044+0000] {logging_mixin.py:137} INFO - [2022-12-03T15:12:54.044+0000] {dag.py:3427} INFO - Setting next_dagrun for tutorial_taskflow_api_virtualenv to None, run_after=None
[2022-12-03T15:12:54.057+0000] {processor.py:175} INFO - Processing /home/airflow/.local/lib/python3.7/site-packages/airflow/example_dags/tutorial_taskflow_api_virtualenv.py took 0.076 seconds
[2022-12-03T15:13:24.651+0000] {processor.py:153} INFO - Started process (PID=1429) to work on /home/airflow/.local/lib/python3.7/site-packages/airflow/example_dags/tutorial_taskflow_api_virtualenv.py
[2022-12-03T15:13:24.653+0000] {processor.py:743} INFO - Processing file /home/airflow/.local/lib/python3.7/site-packages/airflow/example_dags/tutorial_taskflow_api_virtualenv.py for tasks to queue
[2022-12-03T15:13:24.654+0000] {logging_mixin.py:137} INFO - [2022-12-03T15:13:24.654+0000] {dagbag.py:538} INFO - Filling up the DagBag from /home/airflow/.local/lib/python3.7/site-packages/airflow/example_dags/tutorial_taskflow_api_virtualenv.py
[2022-12-03T15:13:24.678+0000] {processor.py:753} INFO - DAG(s) dict_keys(['tutorial_taskflow_api_virtualenv']) retrieved from /home/airflow/.local/lib/python3.7/site-packages/airflow/example_dags/tutorial_taskflow_api_virtualenv.py
[2022-12-03T15:13:24.727+0000] {logging_mixin.py:137} INFO - [2022-12-03T15:13:24.727+0000] {dag.py:2676} INFO - Sync 1 DAGs
[2022-12-03T15:13:24.751+0000] {logging_mixin.py:137} INFO - [2022-12-03T15:13:24.751+0000] {dag.py:3427} INFO - Setting next_dagrun for tutorial_taskflow_api_virtualenv to None, run_after=None
[2022-12-03T15:13:24.769+0000] {processor.py:175} INFO - Processing /home/airflow/.local/lib/python3.7/site-packages/airflow/example_dags/tutorial_taskflow_api_virtualenv.py took 0.121 seconds
[2022-12-03T15:13:55.139+0000] {processor.py:153} INFO - Started process (PID=1643) to work on /home/airflow/.local/lib/python3.7/site-packages/airflow/example_dags/tutorial_taskflow_api_virtualenv.py
[2022-12-03T15:13:55.140+0000] {processor.py:743} INFO - Processing file /home/airflow/.local/lib/python3.7/site-packages/airflow/example_dags/tutorial_taskflow_api_virtualenv.py for tasks to queue
[2022-12-03T15:13:55.141+0000] {logging_mixin.py:137} INFO - [2022-12-03T15:13:55.141+0000] {dagbag.py:538} INFO - Filling up the DagBag from /home/airflow/.local/lib/python3.7/site-packages/airflow/example_dags/tutorial_taskflow_api_virtualenv.py
[2022-12-03T15:13:55.162+0000] {processor.py:753} INFO - DAG(s) dict_keys(['tutorial_taskflow_api_virtualenv']) retrieved from /home/airflow/.local/lib/python3.7/site-packages/airflow/example_dags/tutorial_taskflow_api_virtualenv.py
[2022-12-03T15:13:55.188+0000] {logging_mixin.py:137} INFO - [2022-12-03T15:13:55.188+0000] {dag.py:2676} INFO - Sync 1 DAGs
[2022-12-03T15:13:55.203+0000] {logging_mixin.py:137} INFO - [2022-12-03T15:13:55.203+0000] {dag.py:3427} INFO - Setting next_dagrun for tutorial_taskflow_api_virtualenv to None, run_after=None
[2022-12-03T15:13:55.217+0000] {processor.py:175} INFO - Processing /home/airflow/.local/lib/python3.7/site-packages/airflow/example_dags/tutorial_taskflow_api_virtualenv.py took 0.080 seconds
[2022-12-03T15:14:25.355+0000] {processor.py:153} INFO - Started process (PID=1869) to work on /home/airflow/.local/lib/python3.7/site-packages/airflow/example_dags/tutorial_taskflow_api_virtualenv.py
[2022-12-03T15:14:25.356+0000] {processor.py:743} INFO - Processing file /home/airflow/.local/lib/python3.7/site-packages/airflow/example_dags/tutorial_taskflow_api_virtualenv.py for tasks to queue
[2022-12-03T15:14:25.357+0000] {logging_mixin.py:137} INFO - [2022-12-03T15:14:25.357+0000] {dagbag.py:538} INFO - Filling up the DagBag from /home/airflow/.local/lib/python3.7/site-packages/airflow/example_dags/tutorial_taskflow_api_virtualenv.py
[2022-12-03T15:14:25.371+0000] {processor.py:753} INFO - DAG(s) dict_keys(['tutorial_taskflow_api_virtualenv']) retrieved from /home/airflow/.local/lib/python3.7/site-packages/airflow/example_dags/tutorial_taskflow_api_virtualenv.py
[2022-12-03T15:14:25.398+0000] {logging_mixin.py:137} INFO - [2022-12-03T15:14:25.398+0000] {dag.py:2676} INFO - Sync 1 DAGs
[2022-12-03T15:14:25.413+0000] {logging_mixin.py:137} INFO - [2022-12-03T15:14:25.413+0000] {dag.py:3427} INFO - Setting next_dagrun for tutorial_taskflow_api_virtualenv to None, run_after=None
[2022-12-03T15:14:25.423+0000] {processor.py:175} INFO - Processing /home/airflow/.local/lib/python3.7/site-packages/airflow/example_dags/tutorial_taskflow_api_virtualenv.py took 0.071 seconds
[2022-12-03T15:15:12.647+0000] {processor.py:153} INFO - Started process (PID=308) to work on /home/airflow/.local/lib/python3.7/site-packages/airflow/example_dags/tutorial_taskflow_api_virtualenv.py
[2022-12-03T15:15:12.649+0000] {processor.py:743} INFO - Processing file /home/airflow/.local/lib/python3.7/site-packages/airflow/example_dags/tutorial_taskflow_api_virtualenv.py for tasks to queue
[2022-12-03T15:15:12.650+0000] {logging_mixin.py:137} INFO - [2022-12-03T15:15:12.650+0000] {dagbag.py:538} INFO - Filling up the DagBag from /home/airflow/.local/lib/python3.7/site-packages/airflow/example_dags/tutorial_taskflow_api_virtualenv.py
[2022-12-03T15:15:12.665+0000] {processor.py:753} INFO - DAG(s) dict_keys(['tutorial_taskflow_api_virtualenv']) retrieved from /home/airflow/.local/lib/python3.7/site-packages/airflow/example_dags/tutorial_taskflow_api_virtualenv.py
[2022-12-03T15:15:12.688+0000] {logging_mixin.py:137} INFO - [2022-12-03T15:15:12.688+0000] {dag.py:2676} INFO - Sync 1 DAGs
[2022-12-03T15:15:12.710+0000] {logging_mixin.py:137} INFO - [2022-12-03T15:15:12.710+0000] {dag.py:3427} INFO - Setting next_dagrun for tutorial_taskflow_api_virtualenv to None, run_after=None
[2022-12-03T15:15:12.722+0000] {processor.py:175} INFO - Processing /home/airflow/.local/lib/python3.7/site-packages/airflow/example_dags/tutorial_taskflow_api_virtualenv.py took 0.080 seconds
[2022-12-03T15:21:19.107+0000] {processor.py:153} INFO - Started process (PID=308) to work on /home/airflow/.local/lib/python3.7/site-packages/airflow/example_dags/tutorial_taskflow_api_virtualenv.py
[2022-12-03T15:21:19.109+0000] {processor.py:743} INFO - Processing file /home/airflow/.local/lib/python3.7/site-packages/airflow/example_dags/tutorial_taskflow_api_virtualenv.py for tasks to queue
[2022-12-03T15:21:19.110+0000] {logging_mixin.py:137} INFO - [2022-12-03T15:21:19.110+0000] {dagbag.py:538} INFO - Filling up the DagBag from /home/airflow/.local/lib/python3.7/site-packages/airflow/example_dags/tutorial_taskflow_api_virtualenv.py
[2022-12-03T15:21:19.125+0000] {processor.py:753} INFO - DAG(s) dict_keys(['tutorial_taskflow_api_virtualenv']) retrieved from /home/airflow/.local/lib/python3.7/site-packages/airflow/example_dags/tutorial_taskflow_api_virtualenv.py
[2022-12-03T15:21:19.149+0000] {logging_mixin.py:137} INFO - [2022-12-03T15:21:19.149+0000] {dag.py:2676} INFO - Sync 1 DAGs
[2022-12-03T15:21:19.187+0000] {logging_mixin.py:137} INFO - [2022-12-03T15:21:19.187+0000] {dag.py:3427} INFO - Setting next_dagrun for tutorial_taskflow_api_virtualenv to None, run_after=None
[2022-12-03T15:21:19.217+0000] {processor.py:175} INFO - Processing /home/airflow/.local/lib/python3.7/site-packages/airflow/example_dags/tutorial_taskflow_api_virtualenv.py took 0.112 seconds
[2022-12-03T15:21:49.369+0000] {processor.py:153} INFO - Started process (PID=532) to work on /home/airflow/.local/lib/python3.7/site-packages/airflow/example_dags/tutorial_taskflow_api_virtualenv.py
[2022-12-03T15:21:49.370+0000] {processor.py:743} INFO - Processing file /home/airflow/.local/lib/python3.7/site-packages/airflow/example_dags/tutorial_taskflow_api_virtualenv.py for tasks to queue
[2022-12-03T15:21:49.371+0000] {logging_mixin.py:137} INFO - [2022-12-03T15:21:49.371+0000] {dagbag.py:538} INFO - Filling up the DagBag from /home/airflow/.local/lib/python3.7/site-packages/airflow/example_dags/tutorial_taskflow_api_virtualenv.py
[2022-12-03T15:21:49.385+0000] {processor.py:753} INFO - DAG(s) dict_keys(['tutorial_taskflow_api_virtualenv']) retrieved from /home/airflow/.local/lib/python3.7/site-packages/airflow/example_dags/tutorial_taskflow_api_virtualenv.py
[2022-12-03T15:21:49.411+0000] {logging_mixin.py:137} INFO - [2022-12-03T15:21:49.411+0000] {dag.py:2676} INFO - Sync 1 DAGs
[2022-12-03T15:21:49.426+0000] {logging_mixin.py:137} INFO - [2022-12-03T15:21:49.426+0000] {dag.py:3427} INFO - Setting next_dagrun for tutorial_taskflow_api_virtualenv to None, run_after=None
[2022-12-03T15:21:49.437+0000] {processor.py:175} INFO - Processing /home/airflow/.local/lib/python3.7/site-packages/airflow/example_dags/tutorial_taskflow_api_virtualenv.py took 0.071 seconds
[2022-12-03T15:22:19.669+0000] {processor.py:153} INFO - Started process (PID=745) to work on /home/airflow/.local/lib/python3.7/site-packages/airflow/example_dags/tutorial_taskflow_api_virtualenv.py
[2022-12-03T15:22:19.670+0000] {processor.py:743} INFO - Processing file /home/airflow/.local/lib/python3.7/site-packages/airflow/example_dags/tutorial_taskflow_api_virtualenv.py for tasks to queue
[2022-12-03T15:22:19.671+0000] {logging_mixin.py:137} INFO - [2022-12-03T15:22:19.671+0000] {dagbag.py:538} INFO - Filling up the DagBag from /home/airflow/.local/lib/python3.7/site-packages/airflow/example_dags/tutorial_taskflow_api_virtualenv.py
[2022-12-03T15:22:19.686+0000] {processor.py:753} INFO - DAG(s) dict_keys(['tutorial_taskflow_api_virtualenv']) retrieved from /home/airflow/.local/lib/python3.7/site-packages/airflow/example_dags/tutorial_taskflow_api_virtualenv.py
[2022-12-03T15:22:19.711+0000] {logging_mixin.py:137} INFO - [2022-12-03T15:22:19.711+0000] {dag.py:2676} INFO - Sync 1 DAGs
[2022-12-03T15:22:19.725+0000] {logging_mixin.py:137} INFO - [2022-12-03T15:22:19.725+0000] {dag.py:3427} INFO - Setting next_dagrun for tutorial_taskflow_api_virtualenv to None, run_after=None
[2022-12-03T15:22:19.737+0000] {processor.py:175} INFO - Processing /home/airflow/.local/lib/python3.7/site-packages/airflow/example_dags/tutorial_taskflow_api_virtualenv.py took 0.071 seconds
[2022-12-03T15:22:50.320+0000] {processor.py:153} INFO - Started process (PID=971) to work on /home/airflow/.local/lib/python3.7/site-packages/airflow/example_dags/tutorial_taskflow_api_virtualenv.py
[2022-12-03T15:22:50.322+0000] {processor.py:743} INFO - Processing file /home/airflow/.local/lib/python3.7/site-packages/airflow/example_dags/tutorial_taskflow_api_virtualenv.py for tasks to queue
[2022-12-03T15:22:50.323+0000] {logging_mixin.py:137} INFO - [2022-12-03T15:22:50.323+0000] {dagbag.py:538} INFO - Filling up the DagBag from /home/airflow/.local/lib/python3.7/site-packages/airflow/example_dags/tutorial_taskflow_api_virtualenv.py
[2022-12-03T15:22:50.339+0000] {processor.py:753} INFO - DAG(s) dict_keys(['tutorial_taskflow_api_virtualenv']) retrieved from /home/airflow/.local/lib/python3.7/site-packages/airflow/example_dags/tutorial_taskflow_api_virtualenv.py
[2022-12-03T15:22:50.372+0000] {logging_mixin.py:137} INFO - [2022-12-03T15:22:50.372+0000] {dag.py:2676} INFO - Sync 1 DAGs
[2022-12-03T15:22:50.389+0000] {logging_mixin.py:137} INFO - [2022-12-03T15:22:50.389+0000] {dag.py:3427} INFO - Setting next_dagrun for tutorial_taskflow_api_virtualenv to None, run_after=None
[2022-12-03T15:22:50.401+0000] {processor.py:175} INFO - Processing /home/airflow/.local/lib/python3.7/site-packages/airflow/example_dags/tutorial_taskflow_api_virtualenv.py took 0.084 seconds
[2022-12-03T15:23:21.006+0000] {processor.py:153} INFO - Started process (PID=1198) to work on /home/airflow/.local/lib/python3.7/site-packages/airflow/example_dags/tutorial_taskflow_api_virtualenv.py
[2022-12-03T15:23:21.007+0000] {processor.py:743} INFO - Processing file /home/airflow/.local/lib/python3.7/site-packages/airflow/example_dags/tutorial_taskflow_api_virtualenv.py for tasks to queue
[2022-12-03T15:23:21.008+0000] {logging_mixin.py:137} INFO - [2022-12-03T15:23:21.008+0000] {dagbag.py:538} INFO - Filling up the DagBag from /home/airflow/.local/lib/python3.7/site-packages/airflow/example_dags/tutorial_taskflow_api_virtualenv.py
[2022-12-03T15:23:21.028+0000] {processor.py:753} INFO - DAG(s) dict_keys(['tutorial_taskflow_api_virtualenv']) retrieved from /home/airflow/.local/lib/python3.7/site-packages/airflow/example_dags/tutorial_taskflow_api_virtualenv.py
[2022-12-03T15:23:21.057+0000] {logging_mixin.py:137} INFO - [2022-12-03T15:23:21.057+0000] {dag.py:2676} INFO - Sync 1 DAGs
[2022-12-03T15:23:21.075+0000] {logging_mixin.py:137} INFO - [2022-12-03T15:23:21.075+0000] {dag.py:3427} INFO - Setting next_dagrun for tutorial_taskflow_api_virtualenv to None, run_after=None
[2022-12-03T15:23:21.088+0000] {processor.py:175} INFO - Processing /home/airflow/.local/lib/python3.7/site-packages/airflow/example_dags/tutorial_taskflow_api_virtualenv.py took 0.085 seconds
[2022-12-03T15:23:51.453+0000] {processor.py:153} INFO - Started process (PID=1412) to work on /home/airflow/.local/lib/python3.7/site-packages/airflow/example_dags/tutorial_taskflow_api_virtualenv.py
[2022-12-03T15:23:51.455+0000] {processor.py:743} INFO - Processing file /home/airflow/.local/lib/python3.7/site-packages/airflow/example_dags/tutorial_taskflow_api_virtualenv.py for tasks to queue
[2022-12-03T15:23:51.455+0000] {logging_mixin.py:137} INFO - [2022-12-03T15:23:51.455+0000] {dagbag.py:538} INFO - Filling up the DagBag from /home/airflow/.local/lib/python3.7/site-packages/airflow/example_dags/tutorial_taskflow_api_virtualenv.py
[2022-12-03T15:23:51.469+0000] {processor.py:753} INFO - DAG(s) dict_keys(['tutorial_taskflow_api_virtualenv']) retrieved from /home/airflow/.local/lib/python3.7/site-packages/airflow/example_dags/tutorial_taskflow_api_virtualenv.py
[2022-12-03T15:23:51.496+0000] {logging_mixin.py:137} INFO - [2022-12-03T15:23:51.496+0000] {dag.py:2676} INFO - Sync 1 DAGs
[2022-12-03T15:23:51.512+0000] {logging_mixin.py:137} INFO - [2022-12-03T15:23:51.512+0000] {dag.py:3427} INFO - Setting next_dagrun for tutorial_taskflow_api_virtualenv to None, run_after=None
[2022-12-03T15:23:51.522+0000] {processor.py:175} INFO - Processing /home/airflow/.local/lib/python3.7/site-packages/airflow/example_dags/tutorial_taskflow_api_virtualenv.py took 0.071 seconds
[2022-12-03T15:24:21.816+0000] {processor.py:153} INFO - Started process (PID=1639) to work on /home/airflow/.local/lib/python3.7/site-packages/airflow/example_dags/tutorial_taskflow_api_virtualenv.py
[2022-12-03T15:24:21.817+0000] {processor.py:743} INFO - Processing file /home/airflow/.local/lib/python3.7/site-packages/airflow/example_dags/tutorial_taskflow_api_virtualenv.py for tasks to queue
[2022-12-03T15:24:21.818+0000] {logging_mixin.py:137} INFO - [2022-12-03T15:24:21.818+0000] {dagbag.py:538} INFO - Filling up the DagBag from /home/airflow/.local/lib/python3.7/site-packages/airflow/example_dags/tutorial_taskflow_api_virtualenv.py
[2022-12-03T15:24:21.832+0000] {processor.py:753} INFO - DAG(s) dict_keys(['tutorial_taskflow_api_virtualenv']) retrieved from /home/airflow/.local/lib/python3.7/site-packages/airflow/example_dags/tutorial_taskflow_api_virtualenv.py
[2022-12-03T15:24:21.857+0000] {logging_mixin.py:137} INFO - [2022-12-03T15:24:21.857+0000] {dag.py:2676} INFO - Sync 1 DAGs
[2022-12-03T15:24:21.873+0000] {logging_mixin.py:137} INFO - [2022-12-03T15:24:21.873+0000] {dag.py:3427} INFO - Setting next_dagrun for tutorial_taskflow_api_virtualenv to None, run_after=None
[2022-12-03T15:24:21.884+0000] {processor.py:175} INFO - Processing /home/airflow/.local/lib/python3.7/site-packages/airflow/example_dags/tutorial_taskflow_api_virtualenv.py took 0.070 seconds
[2022-12-03T15:24:52.357+0000] {processor.py:153} INFO - Started process (PID=1864) to work on /home/airflow/.local/lib/python3.7/site-packages/airflow/example_dags/tutorial_taskflow_api_virtualenv.py
[2022-12-03T15:24:52.358+0000] {processor.py:743} INFO - Processing file /home/airflow/.local/lib/python3.7/site-packages/airflow/example_dags/tutorial_taskflow_api_virtualenv.py for tasks to queue
[2022-12-03T15:24:52.359+0000] {logging_mixin.py:137} INFO - [2022-12-03T15:24:52.359+0000] {dagbag.py:538} INFO - Filling up the DagBag from /home/airflow/.local/lib/python3.7/site-packages/airflow/example_dags/tutorial_taskflow_api_virtualenv.py
[2022-12-03T15:24:52.373+0000] {processor.py:753} INFO - DAG(s) dict_keys(['tutorial_taskflow_api_virtualenv']) retrieved from /home/airflow/.local/lib/python3.7/site-packages/airflow/example_dags/tutorial_taskflow_api_virtualenv.py
[2022-12-03T15:24:52.399+0000] {logging_mixin.py:137} INFO - [2022-12-03T15:24:52.399+0000] {dag.py:2676} INFO - Sync 1 DAGs
[2022-12-03T15:24:52.414+0000] {logging_mixin.py:137} INFO - [2022-12-03T15:24:52.414+0000] {dag.py:3427} INFO - Setting next_dagrun for tutorial_taskflow_api_virtualenv to None, run_after=None
[2022-12-03T15:24:52.425+0000] {processor.py:175} INFO - Processing /home/airflow/.local/lib/python3.7/site-packages/airflow/example_dags/tutorial_taskflow_api_virtualenv.py took 0.070 seconds
[2022-12-03T15:25:22.703+0000] {processor.py:153} INFO - Started process (PID=2079) to work on /home/airflow/.local/lib/python3.7/site-packages/airflow/example_dags/tutorial_taskflow_api_virtualenv.py
[2022-12-03T15:25:22.704+0000] {processor.py:743} INFO - Processing file /home/airflow/.local/lib/python3.7/site-packages/airflow/example_dags/tutorial_taskflow_api_virtualenv.py for tasks to queue
[2022-12-03T15:25:22.704+0000] {logging_mixin.py:137} INFO - [2022-12-03T15:25:22.704+0000] {dagbag.py:538} INFO - Filling up the DagBag from /home/airflow/.local/lib/python3.7/site-packages/airflow/example_dags/tutorial_taskflow_api_virtualenv.py
[2022-12-03T15:25:22.718+0000] {processor.py:753} INFO - DAG(s) dict_keys(['tutorial_taskflow_api_virtualenv']) retrieved from /home/airflow/.local/lib/python3.7/site-packages/airflow/example_dags/tutorial_taskflow_api_virtualenv.py
[2022-12-03T15:25:22.743+0000] {logging_mixin.py:137} INFO - [2022-12-03T15:25:22.743+0000] {dag.py:2676} INFO - Sync 1 DAGs
[2022-12-03T15:25:22.758+0000] {logging_mixin.py:137} INFO - [2022-12-03T15:25:22.758+0000] {dag.py:3427} INFO - Setting next_dagrun for tutorial_taskflow_api_virtualenv to None, run_after=None
[2022-12-03T15:25:22.769+0000] {processor.py:175} INFO - Processing /home/airflow/.local/lib/python3.7/site-packages/airflow/example_dags/tutorial_taskflow_api_virtualenv.py took 0.068 seconds
[2022-12-03T15:25:52.969+0000] {processor.py:153} INFO - Started process (PID=2305) to work on /home/airflow/.local/lib/python3.7/site-packages/airflow/example_dags/tutorial_taskflow_api_virtualenv.py
[2022-12-03T15:25:52.970+0000] {processor.py:743} INFO - Processing file /home/airflow/.local/lib/python3.7/site-packages/airflow/example_dags/tutorial_taskflow_api_virtualenv.py for tasks to queue
[2022-12-03T15:25:52.971+0000] {logging_mixin.py:137} INFO - [2022-12-03T15:25:52.971+0000] {dagbag.py:538} INFO - Filling up the DagBag from /home/airflow/.local/lib/python3.7/site-packages/airflow/example_dags/tutorial_taskflow_api_virtualenv.py
[2022-12-03T15:25:52.986+0000] {processor.py:753} INFO - DAG(s) dict_keys(['tutorial_taskflow_api_virtualenv']) retrieved from /home/airflow/.local/lib/python3.7/site-packages/airflow/example_dags/tutorial_taskflow_api_virtualenv.py
[2022-12-03T15:25:53.011+0000] {logging_mixin.py:137} INFO - [2022-12-03T15:25:53.011+0000] {dag.py:2676} INFO - Sync 1 DAGs
[2022-12-03T15:25:53.026+0000] {logging_mixin.py:137} INFO - [2022-12-03T15:25:53.026+0000] {dag.py:3427} INFO - Setting next_dagrun for tutorial_taskflow_api_virtualenv to None, run_after=None
[2022-12-03T15:25:53.036+0000] {processor.py:175} INFO - Processing /home/airflow/.local/lib/python3.7/site-packages/airflow/example_dags/tutorial_taskflow_api_virtualenv.py took 0.070 seconds
[2022-12-03T15:26:23.424+0000] {processor.py:153} INFO - Started process (PID=2530) to work on /home/airflow/.local/lib/python3.7/site-packages/airflow/example_dags/tutorial_taskflow_api_virtualenv.py
[2022-12-03T15:26:23.425+0000] {processor.py:743} INFO - Processing file /home/airflow/.local/lib/python3.7/site-packages/airflow/example_dags/tutorial_taskflow_api_virtualenv.py for tasks to queue
[2022-12-03T15:26:23.426+0000] {logging_mixin.py:137} INFO - [2022-12-03T15:26:23.426+0000] {dagbag.py:538} INFO - Filling up the DagBag from /home/airflow/.local/lib/python3.7/site-packages/airflow/example_dags/tutorial_taskflow_api_virtualenv.py
[2022-12-03T15:26:23.439+0000] {processor.py:753} INFO - DAG(s) dict_keys(['tutorial_taskflow_api_virtualenv']) retrieved from /home/airflow/.local/lib/python3.7/site-packages/airflow/example_dags/tutorial_taskflow_api_virtualenv.py
[2022-12-03T15:26:23.464+0000] {logging_mixin.py:137} INFO - [2022-12-03T15:26:23.464+0000] {dag.py:2676} INFO - Sync 1 DAGs
[2022-12-03T15:26:23.479+0000] {logging_mixin.py:137} INFO - [2022-12-03T15:26:23.479+0000] {dag.py:3427} INFO - Setting next_dagrun for tutorial_taskflow_api_virtualenv to None, run_after=None
[2022-12-03T15:26:23.490+0000] {processor.py:175} INFO - Processing /home/airflow/.local/lib/python3.7/site-packages/airflow/example_dags/tutorial_taskflow_api_virtualenv.py took 0.069 seconds
[2022-12-03T15:26:53.650+0000] {processor.py:153} INFO - Started process (PID=2744) to work on /home/airflow/.local/lib/python3.7/site-packages/airflow/example_dags/tutorial_taskflow_api_virtualenv.py
[2022-12-03T15:26:53.652+0000] {processor.py:743} INFO - Processing file /home/airflow/.local/lib/python3.7/site-packages/airflow/example_dags/tutorial_taskflow_api_virtualenv.py for tasks to queue
[2022-12-03T15:26:53.653+0000] {logging_mixin.py:137} INFO - [2022-12-03T15:26:53.652+0000] {dagbag.py:538} INFO - Filling up the DagBag from /home/airflow/.local/lib/python3.7/site-packages/airflow/example_dags/tutorial_taskflow_api_virtualenv.py
[2022-12-03T15:26:53.668+0000] {processor.py:753} INFO - DAG(s) dict_keys(['tutorial_taskflow_api_virtualenv']) retrieved from /home/airflow/.local/lib/python3.7/site-packages/airflow/example_dags/tutorial_taskflow_api_virtualenv.py
[2022-12-03T15:26:53.697+0000] {logging_mixin.py:137} INFO - [2022-12-03T15:26:53.697+0000] {dag.py:2676} INFO - Sync 1 DAGs
[2022-12-03T15:26:53.712+0000] {logging_mixin.py:137} INFO - [2022-12-03T15:26:53.712+0000] {dag.py:3427} INFO - Setting next_dagrun for tutorial_taskflow_api_virtualenv to None, run_after=None
[2022-12-03T15:26:53.724+0000] {processor.py:175} INFO - Processing /home/airflow/.local/lib/python3.7/site-packages/airflow/example_dags/tutorial_taskflow_api_virtualenv.py took 0.076 seconds
[2022-12-03T15:27:24.897+0000] {processor.py:153} INFO - Started process (PID=2970) to work on /home/airflow/.local/lib/python3.7/site-packages/airflow/example_dags/tutorial_taskflow_api_virtualenv.py
[2022-12-03T15:27:24.898+0000] {processor.py:743} INFO - Processing file /home/airflow/.local/lib/python3.7/site-packages/airflow/example_dags/tutorial_taskflow_api_virtualenv.py for tasks to queue
[2022-12-03T15:27:24.899+0000] {logging_mixin.py:137} INFO - [2022-12-03T15:27:24.899+0000] {dagbag.py:538} INFO - Filling up the DagBag from /home/airflow/.local/lib/python3.7/site-packages/airflow/example_dags/tutorial_taskflow_api_virtualenv.py
[2022-12-03T15:27:24.913+0000] {processor.py:753} INFO - DAG(s) dict_keys(['tutorial_taskflow_api_virtualenv']) retrieved from /home/airflow/.local/lib/python3.7/site-packages/airflow/example_dags/tutorial_taskflow_api_virtualenv.py
[2022-12-03T15:27:24.939+0000] {logging_mixin.py:137} INFO - [2022-12-03T15:27:24.939+0000] {dag.py:2676} INFO - Sync 1 DAGs
[2022-12-03T15:27:24.955+0000] {logging_mixin.py:137} INFO - [2022-12-03T15:27:24.955+0000] {dag.py:3427} INFO - Setting next_dagrun for tutorial_taskflow_api_virtualenv to None, run_after=None
[2022-12-03T15:27:24.966+0000] {processor.py:175} INFO - Processing /home/airflow/.local/lib/python3.7/site-packages/airflow/example_dags/tutorial_taskflow_api_virtualenv.py took 0.071 seconds
[2022-12-03T15:27:55.271+0000] {processor.py:153} INFO - Started process (PID=3199) to work on /home/airflow/.local/lib/python3.7/site-packages/airflow/example_dags/tutorial_taskflow_api_virtualenv.py
[2022-12-03T15:27:55.272+0000] {processor.py:743} INFO - Processing file /home/airflow/.local/lib/python3.7/site-packages/airflow/example_dags/tutorial_taskflow_api_virtualenv.py for tasks to queue
[2022-12-03T15:27:55.272+0000] {logging_mixin.py:137} INFO - [2022-12-03T15:27:55.272+0000] {dagbag.py:538} INFO - Filling up the DagBag from /home/airflow/.local/lib/python3.7/site-packages/airflow/example_dags/tutorial_taskflow_api_virtualenv.py
[2022-12-03T15:27:55.286+0000] {processor.py:753} INFO - DAG(s) dict_keys(['tutorial_taskflow_api_virtualenv']) retrieved from /home/airflow/.local/lib/python3.7/site-packages/airflow/example_dags/tutorial_taskflow_api_virtualenv.py
[2022-12-03T15:27:55.311+0000] {logging_mixin.py:137} INFO - [2022-12-03T15:27:55.311+0000] {dag.py:2676} INFO - Sync 1 DAGs
[2022-12-03T15:27:55.325+0000] {logging_mixin.py:137} INFO - [2022-12-03T15:27:55.325+0000] {dag.py:3427} INFO - Setting next_dagrun for tutorial_taskflow_api_virtualenv to None, run_after=None
[2022-12-03T15:27:55.335+0000] {processor.py:175} INFO - Processing /home/airflow/.local/lib/python3.7/site-packages/airflow/example_dags/tutorial_taskflow_api_virtualenv.py took 0.067 seconds
[2022-12-03T15:28:25.655+0000] {processor.py:153} INFO - Started process (PID=3419) to work on /home/airflow/.local/lib/python3.7/site-packages/airflow/example_dags/tutorial_taskflow_api_virtualenv.py
[2022-12-03T15:28:25.656+0000] {processor.py:743} INFO - Processing file /home/airflow/.local/lib/python3.7/site-packages/airflow/example_dags/tutorial_taskflow_api_virtualenv.py for tasks to queue
[2022-12-03T15:28:25.657+0000] {logging_mixin.py:137} INFO - [2022-12-03T15:28:25.657+0000] {dagbag.py:538} INFO - Filling up the DagBag from /home/airflow/.local/lib/python3.7/site-packages/airflow/example_dags/tutorial_taskflow_api_virtualenv.py
[2022-12-03T15:28:25.679+0000] {processor.py:753} INFO - DAG(s) dict_keys(['tutorial_taskflow_api_virtualenv']) retrieved from /home/airflow/.local/lib/python3.7/site-packages/airflow/example_dags/tutorial_taskflow_api_virtualenv.py
[2022-12-03T15:28:25.707+0000] {logging_mixin.py:137} INFO - [2022-12-03T15:28:25.707+0000] {dag.py:2676} INFO - Sync 1 DAGs
[2022-12-03T15:28:25.725+0000] {logging_mixin.py:137} INFO - [2022-12-03T15:28:25.724+0000] {dag.py:3427} INFO - Setting next_dagrun for tutorial_taskflow_api_virtualenv to None, run_after=None
[2022-12-03T15:28:25.744+0000] {processor.py:175} INFO - Processing /home/airflow/.local/lib/python3.7/site-packages/airflow/example_dags/tutorial_taskflow_api_virtualenv.py took 0.093 seconds
[2022-12-03T15:28:56.163+0000] {processor.py:153} INFO - Started process (PID=3635) to work on /home/airflow/.local/lib/python3.7/site-packages/airflow/example_dags/tutorial_taskflow_api_virtualenv.py
[2022-12-03T15:28:56.164+0000] {processor.py:743} INFO - Processing file /home/airflow/.local/lib/python3.7/site-packages/airflow/example_dags/tutorial_taskflow_api_virtualenv.py for tasks to queue
[2022-12-03T15:28:56.165+0000] {logging_mixin.py:137} INFO - [2022-12-03T15:28:56.165+0000] {dagbag.py:538} INFO - Filling up the DagBag from /home/airflow/.local/lib/python3.7/site-packages/airflow/example_dags/tutorial_taskflow_api_virtualenv.py
[2022-12-03T15:28:56.179+0000] {processor.py:753} INFO - DAG(s) dict_keys(['tutorial_taskflow_api_virtualenv']) retrieved from /home/airflow/.local/lib/python3.7/site-packages/airflow/example_dags/tutorial_taskflow_api_virtualenv.py
[2022-12-03T15:28:56.205+0000] {logging_mixin.py:137} INFO - [2022-12-03T15:28:56.204+0000] {dag.py:2676} INFO - Sync 1 DAGs
[2022-12-03T15:28:56.220+0000] {logging_mixin.py:137} INFO - [2022-12-03T15:28:56.220+0000] {dag.py:3427} INFO - Setting next_dagrun for tutorial_taskflow_api_virtualenv to None, run_after=None
[2022-12-03T15:28:56.230+0000] {processor.py:175} INFO - Processing /home/airflow/.local/lib/python3.7/site-packages/airflow/example_dags/tutorial_taskflow_api_virtualenv.py took 0.070 seconds
[2022-12-03T15:29:26.286+0000] {processor.py:153} INFO - Started process (PID=3861) to work on /home/airflow/.local/lib/python3.7/site-packages/airflow/example_dags/tutorial_taskflow_api_virtualenv.py
[2022-12-03T15:29:26.287+0000] {processor.py:743} INFO - Processing file /home/airflow/.local/lib/python3.7/site-packages/airflow/example_dags/tutorial_taskflow_api_virtualenv.py for tasks to queue
[2022-12-03T15:29:26.288+0000] {logging_mixin.py:137} INFO - [2022-12-03T15:29:26.288+0000] {dagbag.py:538} INFO - Filling up the DagBag from /home/airflow/.local/lib/python3.7/site-packages/airflow/example_dags/tutorial_taskflow_api_virtualenv.py
[2022-12-03T15:29:26.301+0000] {processor.py:753} INFO - DAG(s) dict_keys(['tutorial_taskflow_api_virtualenv']) retrieved from /home/airflow/.local/lib/python3.7/site-packages/airflow/example_dags/tutorial_taskflow_api_virtualenv.py
[2022-12-03T15:29:26.328+0000] {logging_mixin.py:137} INFO - [2022-12-03T15:29:26.328+0000] {dag.py:2676} INFO - Sync 1 DAGs
[2022-12-03T15:29:26.345+0000] {logging_mixin.py:137} INFO - [2022-12-03T15:29:26.345+0000] {dag.py:3427} INFO - Setting next_dagrun for tutorial_taskflow_api_virtualenv to None, run_after=None
[2022-12-03T15:29:26.355+0000] {processor.py:175} INFO - Processing /home/airflow/.local/lib/python3.7/site-packages/airflow/example_dags/tutorial_taskflow_api_virtualenv.py took 0.072 seconds
[2022-12-03T15:29:56.570+0000] {processor.py:153} INFO - Started process (PID=4087) to work on /home/airflow/.local/lib/python3.7/site-packages/airflow/example_dags/tutorial_taskflow_api_virtualenv.py
[2022-12-03T15:29:56.571+0000] {processor.py:743} INFO - Processing file /home/airflow/.local/lib/python3.7/site-packages/airflow/example_dags/tutorial_taskflow_api_virtualenv.py for tasks to queue
[2022-12-03T15:29:56.571+0000] {logging_mixin.py:137} INFO - [2022-12-03T15:29:56.571+0000] {dagbag.py:538} INFO - Filling up the DagBag from /home/airflow/.local/lib/python3.7/site-packages/airflow/example_dags/tutorial_taskflow_api_virtualenv.py
[2022-12-03T15:29:56.611+0000] {processor.py:753} INFO - DAG(s) dict_keys(['tutorial_taskflow_api_virtualenv']) retrieved from /home/airflow/.local/lib/python3.7/site-packages/airflow/example_dags/tutorial_taskflow_api_virtualenv.py
[2022-12-03T15:29:56.666+0000] {logging_mixin.py:137} INFO - [2022-12-03T15:29:56.666+0000] {dag.py:2676} INFO - Sync 1 DAGs
[2022-12-03T15:29:56.684+0000] {logging_mixin.py:137} INFO - [2022-12-03T15:29:56.684+0000] {dag.py:3427} INFO - Setting next_dagrun for tutorial_taskflow_api_virtualenv to None, run_after=None
[2022-12-03T15:29:56.704+0000] {processor.py:175} INFO - Processing /home/airflow/.local/lib/python3.7/site-packages/airflow/example_dags/tutorial_taskflow_api_virtualenv.py took 0.137 seconds
[2022-12-03T15:30:27.096+0000] {processor.py:153} INFO - Started process (PID=4301) to work on /home/airflow/.local/lib/python3.7/site-packages/airflow/example_dags/tutorial_taskflow_api_virtualenv.py
[2022-12-03T15:30:27.097+0000] {processor.py:743} INFO - Processing file /home/airflow/.local/lib/python3.7/site-packages/airflow/example_dags/tutorial_taskflow_api_virtualenv.py for tasks to queue
[2022-12-03T15:30:27.098+0000] {logging_mixin.py:137} INFO - [2022-12-03T15:30:27.098+0000] {dagbag.py:538} INFO - Filling up the DagBag from /home/airflow/.local/lib/python3.7/site-packages/airflow/example_dags/tutorial_taskflow_api_virtualenv.py
[2022-12-03T15:30:27.114+0000] {processor.py:753} INFO - DAG(s) dict_keys(['tutorial_taskflow_api_virtualenv']) retrieved from /home/airflow/.local/lib/python3.7/site-packages/airflow/example_dags/tutorial_taskflow_api_virtualenv.py
[2022-12-03T15:30:27.142+0000] {logging_mixin.py:137} INFO - [2022-12-03T15:30:27.142+0000] {dag.py:2676} INFO - Sync 1 DAGs
[2022-12-03T15:30:27.157+0000] {logging_mixin.py:137} INFO - [2022-12-03T15:30:27.156+0000] {dag.py:3427} INFO - Setting next_dagrun for tutorial_taskflow_api_virtualenv to None, run_after=None
[2022-12-03T15:30:27.170+0000] {processor.py:175} INFO - Processing /home/airflow/.local/lib/python3.7/site-packages/airflow/example_dags/tutorial_taskflow_api_virtualenv.py took 0.077 seconds
[2022-12-03T15:30:57.386+0000] {processor.py:153} INFO - Started process (PID=4527) to work on /home/airflow/.local/lib/python3.7/site-packages/airflow/example_dags/tutorial_taskflow_api_virtualenv.py
[2022-12-03T15:30:57.387+0000] {processor.py:743} INFO - Processing file /home/airflow/.local/lib/python3.7/site-packages/airflow/example_dags/tutorial_taskflow_api_virtualenv.py for tasks to queue
[2022-12-03T15:30:57.388+0000] {logging_mixin.py:137} INFO - [2022-12-03T15:30:57.388+0000] {dagbag.py:538} INFO - Filling up the DagBag from /home/airflow/.local/lib/python3.7/site-packages/airflow/example_dags/tutorial_taskflow_api_virtualenv.py
[2022-12-03T15:30:57.402+0000] {processor.py:753} INFO - DAG(s) dict_keys(['tutorial_taskflow_api_virtualenv']) retrieved from /home/airflow/.local/lib/python3.7/site-packages/airflow/example_dags/tutorial_taskflow_api_virtualenv.py
[2022-12-03T15:30:57.429+0000] {logging_mixin.py:137} INFO - [2022-12-03T15:30:57.429+0000] {dag.py:2676} INFO - Sync 1 DAGs
[2022-12-03T15:30:57.444+0000] {logging_mixin.py:137} INFO - [2022-12-03T15:30:57.444+0000] {dag.py:3427} INFO - Setting next_dagrun for tutorial_taskflow_api_virtualenv to None, run_after=None
[2022-12-03T15:30:57.456+0000] {processor.py:175} INFO - Processing /home/airflow/.local/lib/python3.7/site-packages/airflow/example_dags/tutorial_taskflow_api_virtualenv.py took 0.072 seconds
[2022-12-03T15:31:27.821+0000] {processor.py:153} INFO - Started process (PID=4751) to work on /home/airflow/.local/lib/python3.7/site-packages/airflow/example_dags/tutorial_taskflow_api_virtualenv.py
[2022-12-03T15:31:27.822+0000] {processor.py:743} INFO - Processing file /home/airflow/.local/lib/python3.7/site-packages/airflow/example_dags/tutorial_taskflow_api_virtualenv.py for tasks to queue
[2022-12-03T15:31:27.823+0000] {logging_mixin.py:137} INFO - [2022-12-03T15:31:27.823+0000] {dagbag.py:538} INFO - Filling up the DagBag from /home/airflow/.local/lib/python3.7/site-packages/airflow/example_dags/tutorial_taskflow_api_virtualenv.py
[2022-12-03T15:31:27.839+0000] {processor.py:753} INFO - DAG(s) dict_keys(['tutorial_taskflow_api_virtualenv']) retrieved from /home/airflow/.local/lib/python3.7/site-packages/airflow/example_dags/tutorial_taskflow_api_virtualenv.py
[2022-12-03T15:31:27.868+0000] {logging_mixin.py:137} INFO - [2022-12-03T15:31:27.868+0000] {dag.py:2676} INFO - Sync 1 DAGs
[2022-12-03T15:31:27.887+0000] {logging_mixin.py:137} INFO - [2022-12-03T15:31:27.887+0000] {dag.py:3427} INFO - Setting next_dagrun for tutorial_taskflow_api_virtualenv to None, run_after=None
[2022-12-03T15:31:27.898+0000] {processor.py:175} INFO - Processing /home/airflow/.local/lib/python3.7/site-packages/airflow/example_dags/tutorial_taskflow_api_virtualenv.py took 0.081 seconds
[2022-12-03T15:31:58.492+0000] {processor.py:153} INFO - Started process (PID=4966) to work on /home/airflow/.local/lib/python3.7/site-packages/airflow/example_dags/tutorial_taskflow_api_virtualenv.py
[2022-12-03T15:31:58.494+0000] {processor.py:743} INFO - Processing file /home/airflow/.local/lib/python3.7/site-packages/airflow/example_dags/tutorial_taskflow_api_virtualenv.py for tasks to queue
[2022-12-03T15:31:58.495+0000] {logging_mixin.py:137} INFO - [2022-12-03T15:31:58.495+0000] {dagbag.py:538} INFO - Filling up the DagBag from /home/airflow/.local/lib/python3.7/site-packages/airflow/example_dags/tutorial_taskflow_api_virtualenv.py
[2022-12-03T15:31:58.514+0000] {processor.py:753} INFO - DAG(s) dict_keys(['tutorial_taskflow_api_virtualenv']) retrieved from /home/airflow/.local/lib/python3.7/site-packages/airflow/example_dags/tutorial_taskflow_api_virtualenv.py
[2022-12-03T15:31:58.549+0000] {logging_mixin.py:137} INFO - [2022-12-03T15:31:58.549+0000] {dag.py:2676} INFO - Sync 1 DAGs
[2022-12-03T15:31:58.565+0000] {logging_mixin.py:137} INFO - [2022-12-03T15:31:58.565+0000] {dag.py:3427} INFO - Setting next_dagrun for tutorial_taskflow_api_virtualenv to None, run_after=None
[2022-12-03T15:31:58.580+0000] {processor.py:175} INFO - Processing /home/airflow/.local/lib/python3.7/site-packages/airflow/example_dags/tutorial_taskflow_api_virtualenv.py took 0.091 seconds
[2022-12-03T15:32:29.078+0000] {processor.py:153} INFO - Started process (PID=5192) to work on /home/airflow/.local/lib/python3.7/site-packages/airflow/example_dags/tutorial_taskflow_api_virtualenv.py
[2022-12-03T15:32:29.079+0000] {processor.py:743} INFO - Processing file /home/airflow/.local/lib/python3.7/site-packages/airflow/example_dags/tutorial_taskflow_api_virtualenv.py for tasks to queue
[2022-12-03T15:32:29.080+0000] {logging_mixin.py:137} INFO - [2022-12-03T15:32:29.080+0000] {dagbag.py:538} INFO - Filling up the DagBag from /home/airflow/.local/lib/python3.7/site-packages/airflow/example_dags/tutorial_taskflow_api_virtualenv.py
[2022-12-03T15:32:29.095+0000] {processor.py:753} INFO - DAG(s) dict_keys(['tutorial_taskflow_api_virtualenv']) retrieved from /home/airflow/.local/lib/python3.7/site-packages/airflow/example_dags/tutorial_taskflow_api_virtualenv.py
[2022-12-03T15:32:29.124+0000] {logging_mixin.py:137} INFO - [2022-12-03T15:32:29.124+0000] {dag.py:2676} INFO - Sync 1 DAGs
[2022-12-03T15:32:29.139+0000] {logging_mixin.py:137} INFO - [2022-12-03T15:32:29.139+0000] {dag.py:3427} INFO - Setting next_dagrun for tutorial_taskflow_api_virtualenv to None, run_after=None
[2022-12-03T15:32:29.151+0000] {processor.py:175} INFO - Processing /home/airflow/.local/lib/python3.7/site-packages/airflow/example_dags/tutorial_taskflow_api_virtualenv.py took 0.077 seconds
[2022-12-03T15:32:59.718+0000] {processor.py:153} INFO - Started process (PID=5415) to work on /home/airflow/.local/lib/python3.7/site-packages/airflow/example_dags/tutorial_taskflow_api_virtualenv.py
[2022-12-03T15:32:59.721+0000] {processor.py:743} INFO - Processing file /home/airflow/.local/lib/python3.7/site-packages/airflow/example_dags/tutorial_taskflow_api_virtualenv.py for tasks to queue
[2022-12-03T15:32:59.722+0000] {logging_mixin.py:137} INFO - [2022-12-03T15:32:59.722+0000] {dagbag.py:538} INFO - Filling up the DagBag from /home/airflow/.local/lib/python3.7/site-packages/airflow/example_dags/tutorial_taskflow_api_virtualenv.py
[2022-12-03T15:32:59.745+0000] {processor.py:753} INFO - DAG(s) dict_keys(['tutorial_taskflow_api_virtualenv']) retrieved from /home/airflow/.local/lib/python3.7/site-packages/airflow/example_dags/tutorial_taskflow_api_virtualenv.py
[2022-12-03T15:32:59.788+0000] {logging_mixin.py:137} INFO - [2022-12-03T15:32:59.788+0000] {dag.py:2676} INFO - Sync 1 DAGs
[2022-12-03T15:32:59.813+0000] {logging_mixin.py:137} INFO - [2022-12-03T15:32:59.813+0000] {dag.py:3427} INFO - Setting next_dagrun for tutorial_taskflow_api_virtualenv to None, run_after=None
[2022-12-03T15:32:59.832+0000] {processor.py:175} INFO - Processing /home/airflow/.local/lib/python3.7/site-packages/airflow/example_dags/tutorial_taskflow_api_virtualenv.py took 0.118 seconds
