[2022-12-12T15:44:51.492+0000] {taskinstance.py:1087} INFO - Dependencies all met for <TaskInstance: songs.InsertData scheduled__2022-12-10T00:00:00+00:00 [queued]>
[2022-12-12T15:44:51.509+0000] {taskinstance.py:1087} INFO - Dependencies all met for <TaskInstance: songs.InsertData scheduled__2022-12-10T00:00:00+00:00 [queued]>
[2022-12-12T15:44:51.513+0000] {taskinstance.py:1283} INFO - 
--------------------------------------------------------------------------------
[2022-12-12T15:44:51.515+0000] {taskinstance.py:1284} INFO - Starting attempt 2 of 7
[2022-12-12T15:44:51.523+0000] {taskinstance.py:1285} INFO - 
--------------------------------------------------------------------------------
[2022-12-12T15:44:51.566+0000] {taskinstance.py:1304} INFO - Executing <Task(PythonOperator): InsertData> on 2022-12-10 00:00:00+00:00
[2022-12-12T15:44:51.640+0000] {standard_task_runner.py:55} INFO - Started process 70519 to run task
[2022-12-12T15:44:51.677+0000] {standard_task_runner.py:82} INFO - Running: ['***', 'tasks', 'run', 'songs', 'InsertData', 'scheduled__2022-12-10T00:00:00+00:00', '--job-id', '254', '--raw', '--subdir', 'DAGS_FOLDER/song.py', '--cfg-path', '/tmp/tmpbtn8m3qs']
[2022-12-12T15:44:51.700+0000] {standard_task_runner.py:83} INFO - Job 254: Subtask InsertData
[2022-12-12T15:44:52.370+0000] {task_command.py:389} INFO - Running <TaskInstance: songs.InsertData scheduled__2022-12-10T00:00:00+00:00 [running]> on host 83e68f36074a
[2022-12-12T15:44:52.976+0000] {taskinstance.py:1513} INFO - Exporting the following env vars:
AIRFLOW_CTX_DAG_OWNER=Gama Ariefsadya
AIRFLOW_CTX_DAG_ID=songs
AIRFLOW_CTX_TASK_ID=InsertData
AIRFLOW_CTX_EXECUTION_DATE=2022-12-10T00:00:00+00:00
AIRFLOW_CTX_TRY_NUMBER=2
AIRFLOW_CTX_DAG_RUN_ID=scheduled__2022-12-10T00:00:00+00:00
[2022-12-12T15:45:21.076+0000] {logging_mixin.py:137} INFO - success Inserting Data
[2022-12-12T15:45:21.091+0000] {python.py:177} INFO - Done. Returned value was: None
[2022-12-12T15:45:21.122+0000] {taskinstance.py:1327} INFO - Marking task as SUCCESS. dag_id=songs, task_id=InsertData, execution_date=20221210T000000, start_date=20221212T154451, end_date=20221212T154521
[2022-12-12T15:45:21.218+0000] {local_task_job.py:159} INFO - Task exited with return code 0
[2022-12-12T15:45:21.258+0000] {taskinstance.py:2582} INFO - 0 downstream tasks scheduled from follow-on schedule check
