[2022-12-12T15:26:02.538+0000] {taskinstance.py:1087} INFO - Dependencies all met for <TaskInstance: songs.InsertData scheduled__2022-12-10T00:00:00+00:00 [queued]>
[2022-12-12T15:26:02.543+0000] {taskinstance.py:1087} INFO - Dependencies all met for <TaskInstance: songs.InsertData scheduled__2022-12-10T00:00:00+00:00 [queued]>
[2022-12-12T15:26:02.544+0000] {taskinstance.py:1283} INFO - 
--------------------------------------------------------------------------------
[2022-12-12T15:26:02.544+0000] {taskinstance.py:1284} INFO - Starting attempt 1 of 6
[2022-12-12T15:26:02.545+0000] {taskinstance.py:1285} INFO - 
--------------------------------------------------------------------------------
[2022-12-12T15:26:02.552+0000] {taskinstance.py:1304} INFO - Executing <Task(PythonOperator): InsertData> on 2022-12-10 00:00:00+00:00
[2022-12-12T15:26:02.557+0000] {standard_task_runner.py:55} INFO - Started process 68792 to run task
[2022-12-12T15:26:02.560+0000] {standard_task_runner.py:82} INFO - Running: ['***', 'tasks', 'run', 'songs', 'InsertData', 'scheduled__2022-12-10T00:00:00+00:00', '--job-id', '241', '--raw', '--subdir', 'DAGS_FOLDER/song.py', '--cfg-path', '/tmp/tmp8kda_boh']
[2022-12-12T15:26:02.562+0000] {standard_task_runner.py:83} INFO - Job 241: Subtask InsertData
[2022-12-12T15:26:02.647+0000] {task_command.py:389} INFO - Running <TaskInstance: songs.InsertData scheduled__2022-12-10T00:00:00+00:00 [running]> on host 83e68f36074a
[2022-12-12T15:26:02.697+0000] {taskinstance.py:1513} INFO - Exporting the following env vars:
AIRFLOW_CTX_DAG_OWNER=Gama Ariefsadya
AIRFLOW_CTX_DAG_ID=songs
AIRFLOW_CTX_TASK_ID=InsertData
AIRFLOW_CTX_EXECUTION_DATE=2022-12-10T00:00:00+00:00
AIRFLOW_CTX_TRY_NUMBER=1
AIRFLOW_CTX_DAG_RUN_ID=scheduled__2022-12-10T00:00:00+00:00
[2022-12-12T15:26:09.633+0000] {logging_mixin.py:137} INFO - success Inserting Data
[2022-12-12T15:26:09.640+0000] {python.py:177} INFO - Done. Returned value was: None
[2022-12-12T15:26:09.697+0000] {taskinstance.py:1327} INFO - Marking task as SUCCESS. dag_id=songs, task_id=InsertData, execution_date=20221210T000000, start_date=20221212T152602, end_date=20221212T152609
[2022-12-12T15:26:09.780+0000] {local_task_job.py:159} INFO - Task exited with return code 0
[2022-12-12T15:26:09.834+0000] {taskinstance.py:2582} INFO - 0 downstream tasks scheduled from follow-on schedule check
