[2022-12-12T15:59:25.542+0000] {taskinstance.py:1087} INFO - Dependencies all met for <TaskInstance: Transaction.InsertData scheduled__2022-12-11T21:00:00+00:00 [queued]>
[2022-12-12T15:59:25.552+0000] {taskinstance.py:1087} INFO - Dependencies all met for <TaskInstance: Transaction.InsertData scheduled__2022-12-11T21:00:00+00:00 [queued]>
[2022-12-12T15:59:25.553+0000] {taskinstance.py:1283} INFO - 
--------------------------------------------------------------------------------
[2022-12-12T15:59:25.554+0000] {taskinstance.py:1284} INFO - Starting attempt 1 of 6
[2022-12-12T15:59:25.555+0000] {taskinstance.py:1285} INFO - 
--------------------------------------------------------------------------------
[2022-12-12T15:59:25.572+0000] {taskinstance.py:1304} INFO - Executing <Task(PythonOperator): InsertData> on 2022-12-11 21:00:00+00:00
[2022-12-12T15:59:25.608+0000] {standard_task_runner.py:82} INFO - Running: ['***', 'tasks', 'run', 'Transaction', 'InsertData', 'scheduled__2022-12-11T21:00:00+00:00', '--job-id', '275', '--raw', '--subdir', 'DAGS_FOLDER/transaction.py', '--cfg-path', '/tmp/tmp0n4h23j9']
[2022-12-12T15:59:25.593+0000] {standard_task_runner.py:55} INFO - Started process 71925 to run task
[2022-12-12T15:59:25.615+0000] {standard_task_runner.py:83} INFO - Job 275: Subtask InsertData
[2022-12-12T15:59:25.909+0000] {task_command.py:389} INFO - Running <TaskInstance: Transaction.InsertData scheduled__2022-12-11T21:00:00+00:00 [running]> on host 83e68f36074a
[2022-12-12T15:59:26.092+0000] {taskinstance.py:1513} INFO - Exporting the following env vars:
AIRFLOW_CTX_DAG_OWNER=Gama Ariefsadya
AIRFLOW_CTX_DAG_ID=Transaction
AIRFLOW_CTX_TASK_ID=InsertData
AIRFLOW_CTX_EXECUTION_DATE=2022-12-11T21:00:00+00:00
AIRFLOW_CTX_TRY_NUMBER=1
AIRFLOW_CTX_DAG_RUN_ID=scheduled__2022-12-11T21:00:00+00:00
[2022-12-12T15:59:26.213+0000] {taskinstance.py:1772} ERROR - Task failed with exception
Traceback (most recent call last):
  File "/home/airflow/.local/lib/python3.7/site-packages/airflow/operators/python.py", line 175, in execute
    return_value = self.execute_callable()
  File "/home/airflow/.local/lib/python3.7/site-packages/airflow/operators/python.py", line 192, in execute_callable
    return self.python_callable(*self.op_args, **self.op_kwargs)
  File "/opt/airflow/dags/transaction.py", line 63, in InsertData
    query = f"INSERT INTO public.transaction(artist_id, artist_name, album_id, album_title, track_id, track_name, invoice_line_id, invoice_id, invoice_date,billing_city) VALUES ({d['artist_id']}, '{d['artist_name']}', {d['album_id']}, '{d['album_title']}', {d['track_id']}, '{d['track_name']}', {d['invoice_line_id']}, {d['invoice_id']}, '{d['invoice_date']}','{d['billing_city']}')"
KeyError: 'billing_city'
[2022-12-12T15:59:26.239+0000] {taskinstance.py:1327} INFO - Marking task as UP_FOR_RETRY. dag_id=Transaction, task_id=InsertData, execution_date=20221211T210000, start_date=20221212T155925, end_date=20221212T155926
[2022-12-12T15:59:26.292+0000] {standard_task_runner.py:105} ERROR - Failed to execute job 275 for task InsertData ('billing_city'; 71925)
[2022-12-12T15:59:26.353+0000] {local_task_job.py:159} INFO - Task exited with return code 1
[2022-12-12T15:59:26.439+0000] {taskinstance.py:2582} INFO - 0 downstream tasks scheduled from follow-on schedule check
[2022-12-12T16:06:52.839+0000] {taskinstance.py:1087} INFO - Dependencies all met for <TaskInstance: Transaction.InsertData scheduled__2022-12-11T21:00:00+00:00 [queued]>
[2022-12-12T16:06:52.939+0000] {taskinstance.py:1087} INFO - Dependencies all met for <TaskInstance: Transaction.InsertData scheduled__2022-12-11T21:00:00+00:00 [queued]>
[2022-12-12T16:06:52.949+0000] {taskinstance.py:1283} INFO - 
--------------------------------------------------------------------------------
[2022-12-12T16:06:52.949+0000] {taskinstance.py:1284} INFO - Starting attempt 1 of 6
[2022-12-12T16:06:52.950+0000] {taskinstance.py:1285} INFO - 
--------------------------------------------------------------------------------
[2022-12-12T16:06:53.147+0000] {taskinstance.py:1304} INFO - Executing <Task(PythonOperator): InsertData> on 2022-12-11 21:00:00+00:00
[2022-12-12T16:06:53.606+0000] {standard_task_runner.py:55} INFO - Started process 72680 to run task
[2022-12-12T16:06:53.755+0000] {standard_task_runner.py:82} INFO - Running: ['***', 'tasks', 'run', 'Transaction', 'InsertData', 'scheduled__2022-12-11T21:00:00+00:00', '--job-id', '312', '--raw', '--subdir', 'DAGS_FOLDER/transaction.py', '--cfg-path', '/tmp/tmpcslzqe2l']
[2022-12-12T16:06:53.833+0000] {standard_task_runner.py:83} INFO - Job 312: Subtask InsertData
[2022-12-12T16:06:54.686+0000] {task_command.py:389} INFO - Running <TaskInstance: Transaction.InsertData scheduled__2022-12-11T21:00:00+00:00 [running]> on host 83e68f36074a
[2022-12-12T16:06:55.401+0000] {taskinstance.py:1513} INFO - Exporting the following env vars:
AIRFLOW_CTX_DAG_OWNER=Gama Ariefsadya
AIRFLOW_CTX_DAG_ID=Transaction
AIRFLOW_CTX_TASK_ID=InsertData
AIRFLOW_CTX_EXECUTION_DATE=2022-12-11T21:00:00+00:00
AIRFLOW_CTX_TRY_NUMBER=1
AIRFLOW_CTX_DAG_RUN_ID=scheduled__2022-12-11T21:00:00+00:00
[2022-12-12T16:07:00.766+0000] {logging_mixin.py:137} INFO - success Inserting Data
[2022-12-12T16:07:00.773+0000] {python.py:177} INFO - Done. Returned value was: None
[2022-12-12T16:07:00.825+0000] {taskinstance.py:1327} INFO - Marking task as SUCCESS. dag_id=Transaction, task_id=InsertData, execution_date=20221211T210000, start_date=20221212T160652, end_date=20221212T160700
[2022-12-12T16:07:00.912+0000] {local_task_job.py:159} INFO - Task exited with return code 0
[2022-12-12T16:07:00.967+0000] {taskinstance.py:2582} INFO - 0 downstream tasks scheduled from follow-on schedule check
