[2022-12-12T15:59:25.545+0000] {taskinstance.py:1087} INFO - Dependencies all met for <TaskInstance: Transaction.InsertData scheduled__2022-12-11T18:00:00+00:00 [queued]>
[2022-12-12T15:59:25.566+0000] {taskinstance.py:1087} INFO - Dependencies all met for <TaskInstance: Transaction.InsertData scheduled__2022-12-11T18:00:00+00:00 [queued]>
[2022-12-12T15:59:25.567+0000] {taskinstance.py:1283} INFO - 
--------------------------------------------------------------------------------
[2022-12-12T15:59:25.568+0000] {taskinstance.py:1284} INFO - Starting attempt 1 of 6
[2022-12-12T15:59:25.568+0000] {taskinstance.py:1285} INFO - 
--------------------------------------------------------------------------------
[2022-12-12T15:59:25.594+0000] {taskinstance.py:1304} INFO - Executing <Task(PythonOperator): InsertData> on 2022-12-11 18:00:00+00:00
[2022-12-12T15:59:25.601+0000] {standard_task_runner.py:55} INFO - Started process 71928 to run task
[2022-12-12T15:59:25.642+0000] {standard_task_runner.py:82} INFO - Running: ['***', 'tasks', 'run', 'Transaction', 'InsertData', 'scheduled__2022-12-11T18:00:00+00:00', '--job-id', '277', '--raw', '--subdir', 'DAGS_FOLDER/transaction.py', '--cfg-path', '/tmp/tmp9sduxamn']
[2022-12-12T15:59:25.651+0000] {standard_task_runner.py:83} INFO - Job 277: Subtask InsertData
[2022-12-12T15:59:25.956+0000] {task_command.py:389} INFO - Running <TaskInstance: Transaction.InsertData scheduled__2022-12-11T18:00:00+00:00 [running]> on host 83e68f36074a
[2022-12-12T15:59:26.195+0000] {taskinstance.py:1513} INFO - Exporting the following env vars:
AIRFLOW_CTX_DAG_OWNER=Gama Ariefsadya
AIRFLOW_CTX_DAG_ID=Transaction
AIRFLOW_CTX_TASK_ID=InsertData
AIRFLOW_CTX_EXECUTION_DATE=2022-12-11T18:00:00+00:00
AIRFLOW_CTX_TRY_NUMBER=1
AIRFLOW_CTX_DAG_RUN_ID=scheduled__2022-12-11T18:00:00+00:00
[2022-12-12T15:59:26.325+0000] {taskinstance.py:1772} ERROR - Task failed with exception
Traceback (most recent call last):
  File "/home/airflow/.local/lib/python3.7/site-packages/airflow/operators/python.py", line 175, in execute
    return_value = self.execute_callable()
  File "/home/airflow/.local/lib/python3.7/site-packages/airflow/operators/python.py", line 192, in execute_callable
    return self.python_callable(*self.op_args, **self.op_kwargs)
  File "/opt/airflow/dags/transaction.py", line 63, in InsertData
    query = f"INSERT INTO public.transaction(artist_id, artist_name, album_id, album_title, track_id, track_name, invoice_line_id, invoice_id, invoice_date,billing_city) VALUES ({d['artist_id']}, '{d['artist_name']}', {d['album_id']}, '{d['album_title']}', {d['track_id']}, '{d['track_name']}', {d['invoice_line_id']}, {d['invoice_id']}, '{d['invoice_date']}','{d['billing_city']}')"
KeyError: 'billing_city'
[2022-12-12T15:59:26.340+0000] {taskinstance.py:1327} INFO - Marking task as UP_FOR_RETRY. dag_id=Transaction, task_id=InsertData, execution_date=20221211T180000, start_date=20221212T155925, end_date=20221212T155926
[2022-12-12T15:59:26.357+0000] {standard_task_runner.py:105} ERROR - Failed to execute job 277 for task InsertData ('billing_city'; 71928)
[2022-12-12T15:59:26.395+0000] {local_task_job.py:159} INFO - Task exited with return code 1
[2022-12-12T15:59:26.489+0000] {taskinstance.py:2582} INFO - 0 downstream tasks scheduled from follow-on schedule check
[2022-12-12T16:06:49.346+0000] {taskinstance.py:1087} INFO - Dependencies all met for <TaskInstance: Transaction.InsertData scheduled__2022-12-11T18:00:00+00:00 [queued]>
[2022-12-12T16:06:49.413+0000] {taskinstance.py:1087} INFO - Dependencies all met for <TaskInstance: Transaction.InsertData scheduled__2022-12-11T18:00:00+00:00 [queued]>
[2022-12-12T16:06:49.414+0000] {taskinstance.py:1283} INFO - 
--------------------------------------------------------------------------------
[2022-12-12T16:06:49.417+0000] {taskinstance.py:1284} INFO - Starting attempt 1 of 6
[2022-12-12T16:06:49.418+0000] {taskinstance.py:1285} INFO - 
--------------------------------------------------------------------------------
[2022-12-12T16:06:49.477+0000] {taskinstance.py:1304} INFO - Executing <Task(PythonOperator): InsertData> on 2022-12-11 18:00:00+00:00
[2022-12-12T16:06:49.526+0000] {standard_task_runner.py:55} INFO - Started process 72672 to run task
[2022-12-12T16:06:49.574+0000] {standard_task_runner.py:82} INFO - Running: ['***', 'tasks', 'run', 'Transaction', 'InsertData', 'scheduled__2022-12-11T18:00:00+00:00', '--job-id', '309', '--raw', '--subdir', 'DAGS_FOLDER/transaction.py', '--cfg-path', '/tmp/tmpr73q78rk']
[2022-12-12T16:06:49.595+0000] {standard_task_runner.py:83} INFO - Job 309: Subtask InsertData
[2022-12-12T16:06:49.851+0000] {task_command.py:389} INFO - Running <TaskInstance: Transaction.InsertData scheduled__2022-12-11T18:00:00+00:00 [running]> on host 83e68f36074a
[2022-12-12T16:06:51.019+0000] {taskinstance.py:1513} INFO - Exporting the following env vars:
AIRFLOW_CTX_DAG_OWNER=Gama Ariefsadya
AIRFLOW_CTX_DAG_ID=Transaction
AIRFLOW_CTX_TASK_ID=InsertData
AIRFLOW_CTX_EXECUTION_DATE=2022-12-11T18:00:00+00:00
AIRFLOW_CTX_TRY_NUMBER=1
AIRFLOW_CTX_DAG_RUN_ID=scheduled__2022-12-11T18:00:00+00:00
[2022-12-12T16:06:58.179+0000] {logging_mixin.py:137} INFO - success Inserting Data
[2022-12-12T16:06:58.193+0000] {python.py:177} INFO - Done. Returned value was: None
[2022-12-12T16:06:58.240+0000] {taskinstance.py:1327} INFO - Marking task as SUCCESS. dag_id=Transaction, task_id=InsertData, execution_date=20221211T180000, start_date=20221212T160649, end_date=20221212T160658
[2022-12-12T16:06:58.390+0000] {local_task_job.py:159} INFO - Task exited with return code 0
[2022-12-12T16:06:58.444+0000] {taskinstance.py:2582} INFO - 0 downstream tasks scheduled from follow-on schedule check
