[2022-12-11T13:11:15.486+0000] {processor.py:153} INFO - Started process (PID=1614) to work on /opt/airflow/dags/song copy.py
[2022-12-11T13:11:15.488+0000] {processor.py:743} INFO - Processing file /opt/airflow/dags/song copy.py for tasks to queue
[2022-12-11T13:11:15.489+0000] {logging_mixin.py:137} INFO - [2022-12-11T13:11:15.489+0000] {dagbag.py:538} INFO - Filling up the DagBag from /opt/airflow/dags/song copy.py
[2022-12-11T13:11:15.535+0000] {processor.py:753} INFO - DAG(s) dict_keys(['songs_dag']) retrieved from /opt/airflow/dags/song copy.py
[2022-12-11T13:11:15.609+0000] {logging_mixin.py:137} INFO - [2022-12-11T13:11:15.608+0000] {dag.py:2676} INFO - Sync 1 DAGs
[2022-12-11T13:11:15.618+0000] {logging_mixin.py:137} INFO - [2022-12-11T13:11:15.618+0000] {dag.py:2697} INFO - Creating ORM DAG for songs_dag
[2022-12-11T13:11:15.627+0000] {logging_mixin.py:137} INFO - [2022-12-11T13:11:15.627+0000] {dag.py:3427} INFO - Setting next_dagrun for songs_dag to 2022-12-10T00:00:00+00:00, run_after=2022-12-11T00:00:00+00:00
[2022-12-11T13:11:15.642+0000] {processor.py:175} INFO - Processing /opt/airflow/dags/song copy.py took 0.161 seconds
[2022-12-11T13:11:45.844+0000] {processor.py:153} INFO - Started process (PID=1661) to work on /opt/airflow/dags/song copy.py
[2022-12-11T13:11:45.846+0000] {processor.py:743} INFO - Processing file /opt/airflow/dags/song copy.py for tasks to queue
[2022-12-11T13:11:45.847+0000] {logging_mixin.py:137} INFO - [2022-12-11T13:11:45.847+0000] {dagbag.py:538} INFO - Filling up the DagBag from /opt/airflow/dags/song copy.py
[2022-12-11T13:11:45.879+0000] {processor.py:753} INFO - DAG(s) dict_keys(['songs_dag']) retrieved from /opt/airflow/dags/song copy.py
[2022-12-11T13:11:45.937+0000] {logging_mixin.py:137} INFO - [2022-12-11T13:11:45.937+0000] {dag.py:2676} INFO - Sync 1 DAGs
[2022-12-11T13:11:45.956+0000] {logging_mixin.py:137} INFO - [2022-12-11T13:11:45.956+0000] {dag.py:3427} INFO - Setting next_dagrun for songs_dag to 2022-12-10T00:00:00+00:00, run_after=2022-12-11T00:00:00+00:00
[2022-12-11T13:11:45.968+0000] {processor.py:175} INFO - Processing /opt/airflow/dags/song copy.py took 0.129 seconds
[2022-12-11T13:12:16.395+0000] {processor.py:153} INFO - Started process (PID=1713) to work on /opt/airflow/dags/song copy.py
[2022-12-11T13:12:16.397+0000] {processor.py:743} INFO - Processing file /opt/airflow/dags/song copy.py for tasks to queue
[2022-12-11T13:12:16.399+0000] {logging_mixin.py:137} INFO - [2022-12-11T13:12:16.399+0000] {dagbag.py:538} INFO - Filling up the DagBag from /opt/airflow/dags/song copy.py
[2022-12-11T13:12:16.446+0000] {processor.py:753} INFO - DAG(s) dict_keys(['songs_dag']) retrieved from /opt/airflow/dags/song copy.py
[2022-12-11T13:12:16.507+0000] {logging_mixin.py:137} INFO - [2022-12-11T13:12:16.507+0000] {dag.py:2676} INFO - Sync 1 DAGs
[2022-12-11T13:12:16.530+0000] {logging_mixin.py:137} INFO - [2022-12-11T13:12:16.530+0000] {dag.py:3427} INFO - Setting next_dagrun for songs_dag to 2022-12-10T00:00:00+00:00, run_after=2022-12-11T00:00:00+00:00
[2022-12-11T13:12:16.547+0000] {processor.py:175} INFO - Processing /opt/airflow/dags/song copy.py took 0.157 seconds
[2022-12-11T13:12:47.076+0000] {processor.py:153} INFO - Started process (PID=1755) to work on /opt/airflow/dags/song copy.py
[2022-12-11T13:12:47.078+0000] {processor.py:743} INFO - Processing file /opt/airflow/dags/song copy.py for tasks to queue
[2022-12-11T13:12:47.080+0000] {logging_mixin.py:137} INFO - [2022-12-11T13:12:47.080+0000] {dagbag.py:538} INFO - Filling up the DagBag from /opt/airflow/dags/song copy.py
[2022-12-11T13:12:47.111+0000] {processor.py:753} INFO - DAG(s) dict_keys(['songs_dag']) retrieved from /opt/airflow/dags/song copy.py
[2022-12-11T13:12:47.161+0000] {logging_mixin.py:137} INFO - [2022-12-11T13:12:47.161+0000] {dag.py:2676} INFO - Sync 1 DAGs
[2022-12-11T13:12:47.181+0000] {logging_mixin.py:137} INFO - [2022-12-11T13:12:47.181+0000] {dag.py:3427} INFO - Setting next_dagrun for songs_dag to 2022-12-10T00:00:00+00:00, run_after=2022-12-11T00:00:00+00:00
[2022-12-11T13:12:47.195+0000] {processor.py:175} INFO - Processing /opt/airflow/dags/song copy.py took 0.124 seconds
[2022-12-11T13:13:17.660+0000] {processor.py:153} INFO - Started process (PID=1807) to work on /opt/airflow/dags/song copy.py
[2022-12-11T13:13:17.663+0000] {processor.py:743} INFO - Processing file /opt/airflow/dags/song copy.py for tasks to queue
[2022-12-11T13:13:17.664+0000] {logging_mixin.py:137} INFO - [2022-12-11T13:13:17.664+0000] {dagbag.py:538} INFO - Filling up the DagBag from /opt/airflow/dags/song copy.py
[2022-12-11T13:13:17.690+0000] {processor.py:753} INFO - DAG(s) dict_keys(['songs_dag']) retrieved from /opt/airflow/dags/song copy.py
[2022-12-11T13:13:17.750+0000] {logging_mixin.py:137} INFO - [2022-12-11T13:13:17.750+0000] {dag.py:2676} INFO - Sync 1 DAGs
[2022-12-11T13:13:17.778+0000] {logging_mixin.py:137} INFO - [2022-12-11T13:13:17.778+0000] {dag.py:3427} INFO - Setting next_dagrun for songs_dag to 2022-12-10T00:00:00+00:00, run_after=2022-12-11T00:00:00+00:00
[2022-12-11T13:13:17.791+0000] {processor.py:175} INFO - Processing /opt/airflow/dags/song copy.py took 0.137 seconds
[2022-12-11T13:13:48.231+0000] {processor.py:153} INFO - Started process (PID=1847) to work on /opt/airflow/dags/song copy.py
[2022-12-11T13:13:48.234+0000] {processor.py:743} INFO - Processing file /opt/airflow/dags/song copy.py for tasks to queue
[2022-12-11T13:13:48.235+0000] {logging_mixin.py:137} INFO - [2022-12-11T13:13:48.235+0000] {dagbag.py:538} INFO - Filling up the DagBag from /opt/airflow/dags/song copy.py
[2022-12-11T13:13:48.266+0000] {processor.py:753} INFO - DAG(s) dict_keys(['songs_dag']) retrieved from /opt/airflow/dags/song copy.py
[2022-12-11T13:13:48.296+0000] {logging_mixin.py:137} INFO - [2022-12-11T13:13:48.296+0000] {dag.py:2676} INFO - Sync 1 DAGs
[2022-12-11T13:13:48.312+0000] {logging_mixin.py:137} INFO - [2022-12-11T13:13:48.312+0000] {dag.py:3427} INFO - Setting next_dagrun for songs_dag to 2022-12-10T00:00:00+00:00, run_after=2022-12-11T00:00:00+00:00
[2022-12-11T13:13:48.323+0000] {processor.py:175} INFO - Processing /opt/airflow/dags/song copy.py took 0.097 seconds
[2022-12-11T13:14:18.701+0000] {processor.py:153} INFO - Started process (PID=1898) to work on /opt/airflow/dags/song copy.py
[2022-12-11T13:14:18.709+0000] {processor.py:743} INFO - Processing file /opt/airflow/dags/song copy.py for tasks to queue
[2022-12-11T13:14:18.710+0000] {logging_mixin.py:137} INFO - [2022-12-11T13:14:18.710+0000] {dagbag.py:538} INFO - Filling up the DagBag from /opt/airflow/dags/song copy.py
[2022-12-11T13:14:18.739+0000] {processor.py:753} INFO - DAG(s) dict_keys(['songs_dag']) retrieved from /opt/airflow/dags/song copy.py
[2022-12-11T13:14:18.817+0000] {logging_mixin.py:137} INFO - [2022-12-11T13:14:18.817+0000] {dag.py:2676} INFO - Sync 1 DAGs
[2022-12-11T13:14:18.839+0000] {logging_mixin.py:137} INFO - [2022-12-11T13:14:18.839+0000] {dag.py:3427} INFO - Setting next_dagrun for songs_dag to 2022-12-10T00:00:00+00:00, run_after=2022-12-11T00:00:00+00:00
[2022-12-11T13:14:18.853+0000] {processor.py:175} INFO - Processing /opt/airflow/dags/song copy.py took 0.169 seconds
[2022-12-11T13:14:49.139+0000] {processor.py:153} INFO - Started process (PID=1947) to work on /opt/airflow/dags/song copy.py
[2022-12-11T13:14:49.141+0000] {processor.py:743} INFO - Processing file /opt/airflow/dags/song copy.py for tasks to queue
[2022-12-11T13:14:49.142+0000] {logging_mixin.py:137} INFO - [2022-12-11T13:14:49.142+0000] {dagbag.py:538} INFO - Filling up the DagBag from /opt/airflow/dags/song copy.py
[2022-12-11T13:14:49.171+0000] {processor.py:753} INFO - DAG(s) dict_keys(['songs_dag']) retrieved from /opt/airflow/dags/song copy.py
[2022-12-11T13:14:49.242+0000] {logging_mixin.py:137} INFO - [2022-12-11T13:14:49.242+0000] {dag.py:2676} INFO - Sync 1 DAGs
[2022-12-11T13:14:49.282+0000] {logging_mixin.py:137} INFO - [2022-12-11T13:14:49.282+0000] {dag.py:3427} INFO - Setting next_dagrun for songs_dag to 2022-12-10T00:00:00+00:00, run_after=2022-12-11T00:00:00+00:00
[2022-12-11T13:14:49.297+0000] {processor.py:175} INFO - Processing /opt/airflow/dags/song copy.py took 0.172 seconds
[2022-12-11T13:15:19.638+0000] {processor.py:153} INFO - Started process (PID=1981) to work on /opt/airflow/dags/song copy.py
[2022-12-11T13:15:19.642+0000] {processor.py:743} INFO - Processing file /opt/airflow/dags/song copy.py for tasks to queue
[2022-12-11T13:15:19.643+0000] {logging_mixin.py:137} INFO - [2022-12-11T13:15:19.643+0000] {dagbag.py:538} INFO - Filling up the DagBag from /opt/airflow/dags/song copy.py
[2022-12-11T13:15:19.672+0000] {processor.py:753} INFO - DAG(s) dict_keys(['songs_dag']) retrieved from /opt/airflow/dags/song copy.py
[2022-12-11T13:15:19.709+0000] {logging_mixin.py:137} INFO - [2022-12-11T13:15:19.709+0000] {dag.py:2676} INFO - Sync 1 DAGs
[2022-12-11T13:15:19.727+0000] {logging_mixin.py:137} INFO - [2022-12-11T13:15:19.727+0000] {dag.py:3427} INFO - Setting next_dagrun for songs_dag to 2022-12-10T00:00:00+00:00, run_after=2022-12-11T00:00:00+00:00
[2022-12-11T13:15:19.739+0000] {processor.py:175} INFO - Processing /opt/airflow/dags/song copy.py took 0.107 seconds
[2022-12-11T13:15:50.156+0000] {processor.py:153} INFO - Started process (PID=2028) to work on /opt/airflow/dags/song copy.py
[2022-12-11T13:15:50.159+0000] {processor.py:743} INFO - Processing file /opt/airflow/dags/song copy.py for tasks to queue
[2022-12-11T13:15:50.160+0000] {logging_mixin.py:137} INFO - [2022-12-11T13:15:50.160+0000] {dagbag.py:538} INFO - Filling up the DagBag from /opt/airflow/dags/song copy.py
[2022-12-11T13:15:50.192+0000] {processor.py:753} INFO - DAG(s) dict_keys(['songs_dag']) retrieved from /opt/airflow/dags/song copy.py
[2022-12-11T13:15:50.249+0000] {logging_mixin.py:137} INFO - [2022-12-11T13:15:50.249+0000] {dag.py:2676} INFO - Sync 1 DAGs
[2022-12-11T13:15:50.272+0000] {logging_mixin.py:137} INFO - [2022-12-11T13:15:50.272+0000] {dag.py:3427} INFO - Setting next_dagrun for songs_dag to 2022-12-10T00:00:00+00:00, run_after=2022-12-11T00:00:00+00:00
[2022-12-11T13:15:50.286+0000] {processor.py:175} INFO - Processing /opt/airflow/dags/song copy.py took 0.137 seconds
[2022-12-11T13:16:20.779+0000] {processor.py:153} INFO - Started process (PID=2062) to work on /opt/airflow/dags/song copy.py
[2022-12-11T13:16:20.781+0000] {processor.py:743} INFO - Processing file /opt/airflow/dags/song copy.py for tasks to queue
[2022-12-11T13:16:20.782+0000] {logging_mixin.py:137} INFO - [2022-12-11T13:16:20.782+0000] {dagbag.py:538} INFO - Filling up the DagBag from /opt/airflow/dags/song copy.py
[2022-12-11T13:16:20.829+0000] {processor.py:753} INFO - DAG(s) dict_keys(['songs_dag']) retrieved from /opt/airflow/dags/song copy.py
[2022-12-11T13:16:20.873+0000] {logging_mixin.py:137} INFO - [2022-12-11T13:16:20.873+0000] {dag.py:2676} INFO - Sync 1 DAGs
[2022-12-11T13:16:20.893+0000] {logging_mixin.py:137} INFO - [2022-12-11T13:16:20.893+0000] {dag.py:3427} INFO - Setting next_dagrun for songs_dag to 2022-12-10T00:00:00+00:00, run_after=2022-12-11T00:00:00+00:00
[2022-12-11T13:16:20.905+0000] {processor.py:175} INFO - Processing /opt/airflow/dags/song copy.py took 0.133 seconds
[2022-12-11T13:16:51.356+0000] {processor.py:153} INFO - Started process (PID=2108) to work on /opt/airflow/dags/song copy.py
[2022-12-11T13:16:51.361+0000] {processor.py:743} INFO - Processing file /opt/airflow/dags/song copy.py for tasks to queue
[2022-12-11T13:16:51.363+0000] {logging_mixin.py:137} INFO - [2022-12-11T13:16:51.362+0000] {dagbag.py:538} INFO - Filling up the DagBag from /opt/airflow/dags/song copy.py
[2022-12-11T13:16:51.405+0000] {processor.py:753} INFO - DAG(s) dict_keys(['songs_dag']) retrieved from /opt/airflow/dags/song copy.py
[2022-12-11T13:16:51.446+0000] {logging_mixin.py:137} INFO - [2022-12-11T13:16:51.446+0000] {dag.py:2676} INFO - Sync 1 DAGs
[2022-12-11T13:16:51.466+0000] {logging_mixin.py:137} INFO - [2022-12-11T13:16:51.466+0000] {dag.py:3427} INFO - Setting next_dagrun for songs_dag to 2022-12-10T00:00:00+00:00, run_after=2022-12-11T00:00:00+00:00
[2022-12-11T13:16:51.479+0000] {processor.py:175} INFO - Processing /opt/airflow/dags/song copy.py took 0.141 seconds
[2022-12-11T13:17:21.824+0000] {processor.py:153} INFO - Started process (PID=2142) to work on /opt/airflow/dags/song copy.py
[2022-12-11T13:17:21.826+0000] {processor.py:743} INFO - Processing file /opt/airflow/dags/song copy.py for tasks to queue
[2022-12-11T13:17:21.828+0000] {logging_mixin.py:137} INFO - [2022-12-11T13:17:21.827+0000] {dagbag.py:538} INFO - Filling up the DagBag from /opt/airflow/dags/song copy.py
[2022-12-11T13:17:21.857+0000] {processor.py:753} INFO - DAG(s) dict_keys(['songs_dag']) retrieved from /opt/airflow/dags/song copy.py
[2022-12-11T13:17:21.919+0000] {logging_mixin.py:137} INFO - [2022-12-11T13:17:21.919+0000] {dag.py:2676} INFO - Sync 1 DAGs
[2022-12-11T13:17:21.939+0000] {logging_mixin.py:137} INFO - [2022-12-11T13:17:21.939+0000] {dag.py:3427} INFO - Setting next_dagrun for songs_dag to 2022-12-10T00:00:00+00:00, run_after=2022-12-11T00:00:00+00:00
[2022-12-11T13:17:21.952+0000] {processor.py:175} INFO - Processing /opt/airflow/dags/song copy.py took 0.135 seconds
[2022-12-11T13:17:52.274+0000] {processor.py:153} INFO - Started process (PID=2188) to work on /opt/airflow/dags/song copy.py
[2022-12-11T13:17:52.278+0000] {processor.py:743} INFO - Processing file /opt/airflow/dags/song copy.py for tasks to queue
[2022-12-11T13:17:52.284+0000] {logging_mixin.py:137} INFO - [2022-12-11T13:17:52.283+0000] {dagbag.py:538} INFO - Filling up the DagBag from /opt/airflow/dags/song copy.py
[2022-12-11T13:17:52.324+0000] {processor.py:753} INFO - DAG(s) dict_keys(['songs_dag']) retrieved from /opt/airflow/dags/song copy.py
[2022-12-11T13:17:52.373+0000] {logging_mixin.py:137} INFO - [2022-12-11T13:17:52.372+0000] {dag.py:2676} INFO - Sync 1 DAGs
[2022-12-11T13:17:52.409+0000] {logging_mixin.py:137} INFO - [2022-12-11T13:17:52.409+0000] {dag.py:3427} INFO - Setting next_dagrun for songs_dag to 2022-12-10T00:00:00+00:00, run_after=2022-12-11T00:00:00+00:00
[2022-12-11T13:17:52.423+0000] {processor.py:175} INFO - Processing /opt/airflow/dags/song copy.py took 0.157 seconds
[2022-12-11T13:18:22.718+0000] {processor.py:153} INFO - Started process (PID=2233) to work on /opt/airflow/dags/song copy.py
[2022-12-11T13:18:22.723+0000] {processor.py:743} INFO - Processing file /opt/airflow/dags/song copy.py for tasks to queue
[2022-12-11T13:18:22.725+0000] {logging_mixin.py:137} INFO - [2022-12-11T13:18:22.725+0000] {dagbag.py:538} INFO - Filling up the DagBag from /opt/airflow/dags/song copy.py
[2022-12-11T13:18:22.787+0000] {processor.py:753} INFO - DAG(s) dict_keys(['songs_dag']) retrieved from /opt/airflow/dags/song copy.py
[2022-12-11T13:18:22.852+0000] {logging_mixin.py:137} INFO - [2022-12-11T13:18:22.852+0000] {dag.py:2676} INFO - Sync 1 DAGs
[2022-12-11T13:18:22.873+0000] {logging_mixin.py:137} INFO - [2022-12-11T13:18:22.872+0000] {dag.py:3427} INFO - Setting next_dagrun for songs_dag to 2022-12-10T00:00:00+00:00, run_after=2022-12-11T00:00:00+00:00
[2022-12-11T13:18:22.884+0000] {processor.py:175} INFO - Processing /opt/airflow/dags/song copy.py took 0.176 seconds
[2022-12-11T13:18:53.236+0000] {processor.py:153} INFO - Started process (PID=2267) to work on /opt/airflow/dags/song copy.py
[2022-12-11T13:18:53.247+0000] {processor.py:743} INFO - Processing file /opt/airflow/dags/song copy.py for tasks to queue
[2022-12-11T13:18:53.252+0000] {logging_mixin.py:137} INFO - [2022-12-11T13:18:53.251+0000] {dagbag.py:538} INFO - Filling up the DagBag from /opt/airflow/dags/song copy.py
[2022-12-11T13:18:53.288+0000] {processor.py:753} INFO - DAG(s) dict_keys(['songs_dag']) retrieved from /opt/airflow/dags/song copy.py
[2022-12-11T13:18:53.340+0000] {logging_mixin.py:137} INFO - [2022-12-11T13:18:53.340+0000] {dag.py:2676} INFO - Sync 1 DAGs
[2022-12-11T13:18:53.361+0000] {logging_mixin.py:137} INFO - [2022-12-11T13:18:53.361+0000] {dag.py:3427} INFO - Setting next_dagrun for songs_dag to 2022-12-10T00:00:00+00:00, run_after=2022-12-11T00:00:00+00:00
[2022-12-11T13:18:53.373+0000] {processor.py:175} INFO - Processing /opt/airflow/dags/song copy.py took 0.143 seconds
[2022-12-11T13:19:23.770+0000] {processor.py:153} INFO - Started process (PID=2313) to work on /opt/airflow/dags/song copy.py
[2022-12-11T13:19:23.773+0000] {processor.py:743} INFO - Processing file /opt/airflow/dags/song copy.py for tasks to queue
[2022-12-11T13:19:23.774+0000] {logging_mixin.py:137} INFO - [2022-12-11T13:19:23.774+0000] {dagbag.py:538} INFO - Filling up the DagBag from /opt/airflow/dags/song copy.py
[2022-12-11T13:19:23.805+0000] {processor.py:753} INFO - DAG(s) dict_keys(['songs_dag']) retrieved from /opt/airflow/dags/song copy.py
[2022-12-11T13:19:23.869+0000] {logging_mixin.py:137} INFO - [2022-12-11T13:19:23.869+0000] {dag.py:2676} INFO - Sync 1 DAGs
[2022-12-11T13:19:23.889+0000] {logging_mixin.py:137} INFO - [2022-12-11T13:19:23.889+0000] {dag.py:3427} INFO - Setting next_dagrun for songs_dag to 2022-12-10T00:00:00+00:00, run_after=2022-12-11T00:00:00+00:00
[2022-12-11T13:19:23.901+0000] {processor.py:175} INFO - Processing /opt/airflow/dags/song copy.py took 0.136 seconds
[2022-12-11T13:19:54.253+0000] {processor.py:153} INFO - Started process (PID=2347) to work on /opt/airflow/dags/song copy.py
[2022-12-11T13:19:54.259+0000] {processor.py:743} INFO - Processing file /opt/airflow/dags/song copy.py for tasks to queue
[2022-12-11T13:19:54.266+0000] {logging_mixin.py:137} INFO - [2022-12-11T13:19:54.266+0000] {dagbag.py:538} INFO - Filling up the DagBag from /opt/airflow/dags/song copy.py
[2022-12-11T13:19:54.355+0000] {processor.py:753} INFO - DAG(s) dict_keys(['songs_dag']) retrieved from /opt/airflow/dags/song copy.py
[2022-12-11T13:19:54.403+0000] {logging_mixin.py:137} INFO - [2022-12-11T13:19:54.403+0000] {dag.py:2676} INFO - Sync 1 DAGs
[2022-12-11T13:19:54.425+0000] {logging_mixin.py:137} INFO - [2022-12-11T13:19:54.425+0000] {dag.py:3427} INFO - Setting next_dagrun for songs_dag to 2022-12-10T00:00:00+00:00, run_after=2022-12-11T00:00:00+00:00
[2022-12-11T13:19:54.438+0000] {processor.py:175} INFO - Processing /opt/airflow/dags/song copy.py took 0.197 seconds
[2022-12-11T13:20:24.788+0000] {processor.py:153} INFO - Started process (PID=2393) to work on /opt/airflow/dags/song copy.py
[2022-12-11T13:20:24.791+0000] {processor.py:743} INFO - Processing file /opt/airflow/dags/song copy.py for tasks to queue
[2022-12-11T13:20:24.793+0000] {logging_mixin.py:137} INFO - [2022-12-11T13:20:24.793+0000] {dagbag.py:538} INFO - Filling up the DagBag from /opt/airflow/dags/song copy.py
[2022-12-11T13:20:24.836+0000] {processor.py:753} INFO - DAG(s) dict_keys(['songs_dag']) retrieved from /opt/airflow/dags/song copy.py
[2022-12-11T13:20:24.897+0000] {logging_mixin.py:137} INFO - [2022-12-11T13:20:24.897+0000] {dag.py:2676} INFO - Sync 1 DAGs
[2022-12-11T13:20:24.927+0000] {logging_mixin.py:137} INFO - [2022-12-11T13:20:24.927+0000] {dag.py:3427} INFO - Setting next_dagrun for songs_dag to 2022-12-10T00:00:00+00:00, run_after=2022-12-11T00:00:00+00:00
[2022-12-11T13:20:24.946+0000] {processor.py:175} INFO - Processing /opt/airflow/dags/song copy.py took 0.177 seconds
[2022-12-11T13:20:55.287+0000] {processor.py:153} INFO - Started process (PID=2438) to work on /opt/airflow/dags/song copy.py
[2022-12-11T13:20:55.290+0000] {processor.py:743} INFO - Processing file /opt/airflow/dags/song copy.py for tasks to queue
[2022-12-11T13:20:55.291+0000] {logging_mixin.py:137} INFO - [2022-12-11T13:20:55.291+0000] {dagbag.py:538} INFO - Filling up the DagBag from /opt/airflow/dags/song copy.py
[2022-12-11T13:20:55.351+0000] {processor.py:753} INFO - DAG(s) dict_keys(['songs_dag']) retrieved from /opt/airflow/dags/song copy.py
[2022-12-11T13:20:55.391+0000] {logging_mixin.py:137} INFO - [2022-12-11T13:20:55.391+0000] {dag.py:2676} INFO - Sync 1 DAGs
[2022-12-11T13:20:55.417+0000] {logging_mixin.py:137} INFO - [2022-12-11T13:20:55.417+0000] {dag.py:3427} INFO - Setting next_dagrun for songs_dag to 2022-12-10T00:00:00+00:00, run_after=2022-12-11T00:00:00+00:00
[2022-12-11T13:20:55.438+0000] {processor.py:175} INFO - Processing /opt/airflow/dags/song copy.py took 0.156 seconds
[2022-12-11T13:21:25.791+0000] {processor.py:153} INFO - Started process (PID=2472) to work on /opt/airflow/dags/song copy.py
[2022-12-11T13:21:25.793+0000] {processor.py:743} INFO - Processing file /opt/airflow/dags/song copy.py for tasks to queue
[2022-12-11T13:21:25.794+0000] {logging_mixin.py:137} INFO - [2022-12-11T13:21:25.794+0000] {dagbag.py:538} INFO - Filling up the DagBag from /opt/airflow/dags/song copy.py
[2022-12-11T13:21:25.837+0000] {processor.py:753} INFO - DAG(s) dict_keys(['songs_dag']) retrieved from /opt/airflow/dags/song copy.py
[2022-12-11T13:21:25.884+0000] {logging_mixin.py:137} INFO - [2022-12-11T13:21:25.884+0000] {dag.py:2676} INFO - Sync 1 DAGs
[2022-12-11T13:21:25.904+0000] {logging_mixin.py:137} INFO - [2022-12-11T13:21:25.904+0000] {dag.py:3427} INFO - Setting next_dagrun for songs_dag to 2022-12-10T00:00:00+00:00, run_after=2022-12-11T00:00:00+00:00
[2022-12-11T13:21:25.917+0000] {processor.py:175} INFO - Processing /opt/airflow/dags/song copy.py took 0.131 seconds
[2022-12-11T13:21:56.193+0000] {processor.py:153} INFO - Started process (PID=2518) to work on /opt/airflow/dags/song copy.py
[2022-12-11T13:21:56.195+0000] {processor.py:743} INFO - Processing file /opt/airflow/dags/song copy.py for tasks to queue
[2022-12-11T13:21:56.196+0000] {logging_mixin.py:137} INFO - [2022-12-11T13:21:56.196+0000] {dagbag.py:538} INFO - Filling up the DagBag from /opt/airflow/dags/song copy.py
[2022-12-11T13:21:56.220+0000] {processor.py:753} INFO - DAG(s) dict_keys(['songs_dag']) retrieved from /opt/airflow/dags/song copy.py
[2022-12-11T13:21:56.272+0000] {logging_mixin.py:137} INFO - [2022-12-11T13:21:56.272+0000] {dag.py:2676} INFO - Sync 1 DAGs
[2022-12-11T13:21:56.298+0000] {logging_mixin.py:137} INFO - [2022-12-11T13:21:56.297+0000] {dag.py:3427} INFO - Setting next_dagrun for songs_dag to 2022-12-10T00:00:00+00:00, run_after=2022-12-11T00:00:00+00:00
[2022-12-11T13:21:56.310+0000] {processor.py:175} INFO - Processing /opt/airflow/dags/song copy.py took 0.120 seconds
[2022-12-11T13:22:26.626+0000] {processor.py:153} INFO - Started process (PID=2551) to work on /opt/airflow/dags/song copy.py
[2022-12-11T13:22:26.629+0000] {processor.py:743} INFO - Processing file /opt/airflow/dags/song copy.py for tasks to queue
[2022-12-11T13:22:26.630+0000] {logging_mixin.py:137} INFO - [2022-12-11T13:22:26.630+0000] {dagbag.py:538} INFO - Filling up the DagBag from /opt/airflow/dags/song copy.py
[2022-12-11T13:22:26.660+0000] {processor.py:753} INFO - DAG(s) dict_keys(['songs_dag']) retrieved from /opt/airflow/dags/song copy.py
[2022-12-11T13:22:26.764+0000] {logging_mixin.py:137} INFO - [2022-12-11T13:22:26.764+0000] {dag.py:2676} INFO - Sync 1 DAGs
[2022-12-11T13:22:26.788+0000] {logging_mixin.py:137} INFO - [2022-12-11T13:22:26.788+0000] {dag.py:3427} INFO - Setting next_dagrun for songs_dag to 2022-12-10T00:00:00+00:00, run_after=2022-12-11T00:00:00+00:00
[2022-12-11T13:22:26.802+0000] {processor.py:175} INFO - Processing /opt/airflow/dags/song copy.py took 0.184 seconds
[2022-12-11T13:22:57.117+0000] {processor.py:153} INFO - Started process (PID=2597) to work on /opt/airflow/dags/song copy.py
[2022-12-11T13:22:57.119+0000] {processor.py:743} INFO - Processing file /opt/airflow/dags/song copy.py for tasks to queue
[2022-12-11T13:22:57.122+0000] {logging_mixin.py:137} INFO - [2022-12-11T13:22:57.122+0000] {dagbag.py:538} INFO - Filling up the DagBag from /opt/airflow/dags/song copy.py
[2022-12-11T13:22:57.154+0000] {processor.py:753} INFO - DAG(s) dict_keys(['songs_dag']) retrieved from /opt/airflow/dags/song copy.py
[2022-12-11T13:22:57.215+0000] {logging_mixin.py:137} INFO - [2022-12-11T13:22:57.215+0000] {dag.py:2676} INFO - Sync 1 DAGs
[2022-12-11T13:22:57.239+0000] {logging_mixin.py:137} INFO - [2022-12-11T13:22:57.239+0000] {dag.py:3427} INFO - Setting next_dagrun for songs_dag to 2022-12-10T00:00:00+00:00, run_after=2022-12-11T00:00:00+00:00
[2022-12-11T13:22:57.253+0000] {processor.py:175} INFO - Processing /opt/airflow/dags/song copy.py took 0.143 seconds
[2022-12-11T13:23:27.649+0000] {processor.py:153} INFO - Started process (PID=2640) to work on /opt/airflow/dags/song copy.py
[2022-12-11T13:23:27.652+0000] {processor.py:743} INFO - Processing file /opt/airflow/dags/song copy.py for tasks to queue
[2022-12-11T13:23:27.654+0000] {logging_mixin.py:137} INFO - [2022-12-11T13:23:27.654+0000] {dagbag.py:538} INFO - Filling up the DagBag from /opt/airflow/dags/song copy.py
[2022-12-11T13:23:27.683+0000] {processor.py:753} INFO - DAG(s) dict_keys(['songs_dag']) retrieved from /opt/airflow/dags/song copy.py
[2022-12-11T13:23:27.749+0000] {logging_mixin.py:137} INFO - [2022-12-11T13:23:27.749+0000] {dag.py:2676} INFO - Sync 1 DAGs
[2022-12-11T13:23:27.772+0000] {logging_mixin.py:137} INFO - [2022-12-11T13:23:27.772+0000] {dag.py:3427} INFO - Setting next_dagrun for songs_dag to 2022-12-10T00:00:00+00:00, run_after=2022-12-11T00:00:00+00:00
[2022-12-11T13:23:27.787+0000] {processor.py:175} INFO - Processing /opt/airflow/dags/song copy.py took 0.143 seconds
[2022-12-11T13:23:58.151+0000] {processor.py:153} INFO - Started process (PID=2676) to work on /opt/airflow/dags/song copy.py
[2022-12-11T13:23:58.154+0000] {processor.py:743} INFO - Processing file /opt/airflow/dags/song copy.py for tasks to queue
[2022-12-11T13:23:58.156+0000] {logging_mixin.py:137} INFO - [2022-12-11T13:23:58.156+0000] {dagbag.py:538} INFO - Filling up the DagBag from /opt/airflow/dags/song copy.py
[2022-12-11T13:23:58.196+0000] {processor.py:753} INFO - DAG(s) dict_keys(['songs_dag']) retrieved from /opt/airflow/dags/song copy.py
[2022-12-11T13:23:58.238+0000] {logging_mixin.py:137} INFO - [2022-12-11T13:23:58.238+0000] {dag.py:2676} INFO - Sync 1 DAGs
[2022-12-11T13:23:58.258+0000] {logging_mixin.py:137} INFO - [2022-12-11T13:23:58.257+0000] {dag.py:3427} INFO - Setting next_dagrun for songs_dag to 2022-12-10T00:00:00+00:00, run_after=2022-12-11T00:00:00+00:00
[2022-12-11T13:23:58.278+0000] {processor.py:175} INFO - Processing /opt/airflow/dags/song copy.py took 0.132 seconds
[2022-12-11T13:24:28.666+0000] {processor.py:153} INFO - Started process (PID=2722) to work on /opt/airflow/dags/song copy.py
[2022-12-11T13:24:28.669+0000] {processor.py:743} INFO - Processing file /opt/airflow/dags/song copy.py for tasks to queue
[2022-12-11T13:24:28.671+0000] {logging_mixin.py:137} INFO - [2022-12-11T13:24:28.671+0000] {dagbag.py:538} INFO - Filling up the DagBag from /opt/airflow/dags/song copy.py
[2022-12-11T13:24:28.696+0000] {processor.py:753} INFO - DAG(s) dict_keys(['songs_dag']) retrieved from /opt/airflow/dags/song copy.py
[2022-12-11T13:24:28.732+0000] {logging_mixin.py:137} INFO - [2022-12-11T13:24:28.732+0000] {dag.py:2676} INFO - Sync 1 DAGs
[2022-12-11T13:24:28.751+0000] {logging_mixin.py:137} INFO - [2022-12-11T13:24:28.750+0000] {dag.py:3427} INFO - Setting next_dagrun for songs_dag to 2022-12-10T00:00:00+00:00, run_after=2022-12-11T00:00:00+00:00
[2022-12-11T13:24:28.764+0000] {processor.py:175} INFO - Processing /opt/airflow/dags/song copy.py took 0.108 seconds
[2022-12-11T13:24:59.164+0000] {processor.py:153} INFO - Started process (PID=2756) to work on /opt/airflow/dags/song copy.py
[2022-12-11T13:24:59.170+0000] {processor.py:743} INFO - Processing file /opt/airflow/dags/song copy.py for tasks to queue
[2022-12-11T13:24:59.173+0000] {logging_mixin.py:137} INFO - [2022-12-11T13:24:59.173+0000] {dagbag.py:538} INFO - Filling up the DagBag from /opt/airflow/dags/song copy.py
[2022-12-11T13:24:59.225+0000] {processor.py:753} INFO - DAG(s) dict_keys(['songs_dag']) retrieved from /opt/airflow/dags/song copy.py
[2022-12-11T13:24:59.318+0000] {logging_mixin.py:137} INFO - [2022-12-11T13:24:59.318+0000] {dag.py:2676} INFO - Sync 1 DAGs
[2022-12-11T13:24:59.346+0000] {logging_mixin.py:137} INFO - [2022-12-11T13:24:59.346+0000] {dag.py:3427} INFO - Setting next_dagrun for songs_dag to 2022-12-10T00:00:00+00:00, run_after=2022-12-11T00:00:00+00:00
[2022-12-11T13:24:59.358+0000] {processor.py:175} INFO - Processing /opt/airflow/dags/song copy.py took 0.201 seconds
[2022-12-11T13:25:29.748+0000] {processor.py:153} INFO - Started process (PID=2803) to work on /opt/airflow/dags/song copy.py
[2022-12-11T13:25:29.751+0000] {processor.py:743} INFO - Processing file /opt/airflow/dags/song copy.py for tasks to queue
[2022-12-11T13:25:29.753+0000] {logging_mixin.py:137} INFO - [2022-12-11T13:25:29.753+0000] {dagbag.py:538} INFO - Filling up the DagBag from /opt/airflow/dags/song copy.py
[2022-12-11T13:25:29.801+0000] {processor.py:753} INFO - DAG(s) dict_keys(['songs_dag']) retrieved from /opt/airflow/dags/song copy.py
[2022-12-11T13:25:29.841+0000] {logging_mixin.py:137} INFO - [2022-12-11T13:25:29.840+0000] {dag.py:2676} INFO - Sync 1 DAGs
[2022-12-11T13:25:29.860+0000] {logging_mixin.py:137} INFO - [2022-12-11T13:25:29.860+0000] {dag.py:3427} INFO - Setting next_dagrun for songs_dag to 2022-12-10T00:00:00+00:00, run_after=2022-12-11T00:00:00+00:00
[2022-12-11T13:25:29.883+0000] {processor.py:175} INFO - Processing /opt/airflow/dags/song copy.py took 0.142 seconds
[2022-12-11T13:26:00.197+0000] {processor.py:153} INFO - Started process (PID=2837) to work on /opt/airflow/dags/song copy.py
[2022-12-11T13:26:00.202+0000] {processor.py:743} INFO - Processing file /opt/airflow/dags/song copy.py for tasks to queue
[2022-12-11T13:26:00.206+0000] {logging_mixin.py:137} INFO - [2022-12-11T13:26:00.205+0000] {dagbag.py:538} INFO - Filling up the DagBag from /opt/airflow/dags/song copy.py
[2022-12-11T13:26:00.234+0000] {processor.py:753} INFO - DAG(s) dict_keys(['songs_dag']) retrieved from /opt/airflow/dags/song copy.py
[2022-12-11T13:26:00.286+0000] {logging_mixin.py:137} INFO - [2022-12-11T13:26:00.286+0000] {dag.py:2676} INFO - Sync 1 DAGs
[2022-12-11T13:26:00.312+0000] {logging_mixin.py:137} INFO - [2022-12-11T13:26:00.312+0000] {dag.py:3427} INFO - Setting next_dagrun for songs_dag to 2022-12-10T00:00:00+00:00, run_after=2022-12-11T00:00:00+00:00
[2022-12-11T13:26:00.327+0000] {processor.py:175} INFO - Processing /opt/airflow/dags/song copy.py took 0.138 seconds
[2022-12-11T13:26:30.928+0000] {processor.py:153} INFO - Started process (PID=2883) to work on /opt/airflow/dags/song copy.py
[2022-12-11T13:26:30.933+0000] {processor.py:743} INFO - Processing file /opt/airflow/dags/song copy.py for tasks to queue
[2022-12-11T13:26:30.936+0000] {logging_mixin.py:137} INFO - [2022-12-11T13:26:30.936+0000] {dagbag.py:538} INFO - Filling up the DagBag from /opt/airflow/dags/song copy.py
[2022-12-11T13:26:30.990+0000] {processor.py:753} INFO - DAG(s) dict_keys(['songs_dag']) retrieved from /opt/airflow/dags/song copy.py
[2022-12-11T13:26:31.035+0000] {logging_mixin.py:137} INFO - [2022-12-11T13:26:31.035+0000] {dag.py:2676} INFO - Sync 1 DAGs
[2022-12-11T13:26:31.062+0000] {logging_mixin.py:137} INFO - [2022-12-11T13:26:31.062+0000] {dag.py:3427} INFO - Setting next_dagrun for songs_dag to 2022-12-10T00:00:00+00:00, run_after=2022-12-11T00:00:00+00:00
[2022-12-11T13:26:31.077+0000] {processor.py:175} INFO - Processing /opt/airflow/dags/song copy.py took 0.165 seconds
[2022-12-11T13:27:01.400+0000] {processor.py:153} INFO - Started process (PID=2929) to work on /opt/airflow/dags/song copy.py
[2022-12-11T13:27:01.403+0000] {processor.py:743} INFO - Processing file /opt/airflow/dags/song copy.py for tasks to queue
[2022-12-11T13:27:01.406+0000] {logging_mixin.py:137} INFO - [2022-12-11T13:27:01.405+0000] {dagbag.py:538} INFO - Filling up the DagBag from /opt/airflow/dags/song copy.py
[2022-12-11T13:27:01.440+0000] {processor.py:753} INFO - DAG(s) dict_keys(['songs_dag']) retrieved from /opt/airflow/dags/song copy.py
[2022-12-11T13:27:01.492+0000] {logging_mixin.py:137} INFO - [2022-12-11T13:27:01.491+0000] {dag.py:2676} INFO - Sync 1 DAGs
[2022-12-11T13:27:01.516+0000] {logging_mixin.py:137} INFO - [2022-12-11T13:27:01.516+0000] {dag.py:3427} INFO - Setting next_dagrun for songs_dag to 2022-12-10T00:00:00+00:00, run_after=2022-12-11T00:00:00+00:00
[2022-12-11T13:27:01.536+0000] {processor.py:175} INFO - Processing /opt/airflow/dags/song copy.py took 0.142 seconds
[2022-12-11T13:27:31.950+0000] {processor.py:153} INFO - Started process (PID=2962) to work on /opt/airflow/dags/song copy.py
[2022-12-11T13:27:31.953+0000] {processor.py:743} INFO - Processing file /opt/airflow/dags/song copy.py for tasks to queue
[2022-12-11T13:27:31.955+0000] {logging_mixin.py:137} INFO - [2022-12-11T13:27:31.955+0000] {dagbag.py:538} INFO - Filling up the DagBag from /opt/airflow/dags/song copy.py
[2022-12-11T13:27:31.974+0000] {processor.py:753} INFO - DAG(s) dict_keys(['songs_dag']) retrieved from /opt/airflow/dags/song copy.py
[2022-12-11T13:27:32.003+0000] {logging_mixin.py:137} INFO - [2022-12-11T13:27:32.003+0000] {dag.py:2676} INFO - Sync 1 DAGs
[2022-12-11T13:27:32.019+0000] {logging_mixin.py:137} INFO - [2022-12-11T13:27:32.019+0000] {dag.py:3427} INFO - Setting next_dagrun for songs_dag to 2022-12-10T00:00:00+00:00, run_after=2022-12-11T00:00:00+00:00
[2022-12-11T13:27:32.029+0000] {processor.py:175} INFO - Processing /opt/airflow/dags/song copy.py took 0.085 seconds
[2022-12-11T13:28:02.387+0000] {processor.py:153} INFO - Started process (PID=3009) to work on /opt/airflow/dags/song copy.py
[2022-12-11T13:28:02.390+0000] {processor.py:743} INFO - Processing file /opt/airflow/dags/song copy.py for tasks to queue
[2022-12-11T13:28:02.391+0000] {logging_mixin.py:137} INFO - [2022-12-11T13:28:02.391+0000] {dagbag.py:538} INFO - Filling up the DagBag from /opt/airflow/dags/song copy.py
[2022-12-11T13:28:02.418+0000] {processor.py:753} INFO - DAG(s) dict_keys(['songs_dag']) retrieved from /opt/airflow/dags/song copy.py
[2022-12-11T13:28:02.453+0000] {logging_mixin.py:137} INFO - [2022-12-11T13:28:02.453+0000] {dag.py:2676} INFO - Sync 1 DAGs
[2022-12-11T13:28:02.472+0000] {logging_mixin.py:137} INFO - [2022-12-11T13:28:02.471+0000] {dag.py:3427} INFO - Setting next_dagrun for songs_dag to 2022-12-10T00:00:00+00:00, run_after=2022-12-11T00:00:00+00:00
[2022-12-11T13:28:02.482+0000] {processor.py:175} INFO - Processing /opt/airflow/dags/song copy.py took 0.102 seconds
[2022-12-11T13:28:32.806+0000] {processor.py:153} INFO - Started process (PID=3044) to work on /opt/airflow/dags/song copy.py
[2022-12-11T13:28:32.810+0000] {processor.py:743} INFO - Processing file /opt/airflow/dags/song copy.py for tasks to queue
[2022-12-11T13:28:32.812+0000] {logging_mixin.py:137} INFO - [2022-12-11T13:28:32.812+0000] {dagbag.py:538} INFO - Filling up the DagBag from /opt/airflow/dags/song copy.py
[2022-12-11T13:28:32.835+0000] {processor.py:753} INFO - DAG(s) dict_keys(['songs_dag']) retrieved from /opt/airflow/dags/song copy.py
[2022-12-11T13:28:32.864+0000] {logging_mixin.py:137} INFO - [2022-12-11T13:28:32.864+0000] {dag.py:2676} INFO - Sync 1 DAGs
[2022-12-11T13:28:32.881+0000] {logging_mixin.py:137} INFO - [2022-12-11T13:28:32.881+0000] {dag.py:3427} INFO - Setting next_dagrun for songs_dag to 2022-12-10T00:00:00+00:00, run_after=2022-12-11T00:00:00+00:00
[2022-12-11T13:28:32.893+0000] {processor.py:175} INFO - Processing /opt/airflow/dags/song copy.py took 0.093 seconds
[2022-12-11T13:29:03.222+0000] {processor.py:153} INFO - Started process (PID=3092) to work on /opt/airflow/dags/song copy.py
[2022-12-11T13:29:03.225+0000] {processor.py:743} INFO - Processing file /opt/airflow/dags/song copy.py for tasks to queue
[2022-12-11T13:29:03.226+0000] {logging_mixin.py:137} INFO - [2022-12-11T13:29:03.226+0000] {dagbag.py:538} INFO - Filling up the DagBag from /opt/airflow/dags/song copy.py
[2022-12-11T13:29:03.273+0000] {processor.py:753} INFO - DAG(s) dict_keys(['songs_dag']) retrieved from /opt/airflow/dags/song copy.py
[2022-12-11T13:29:03.322+0000] {logging_mixin.py:137} INFO - [2022-12-11T13:29:03.322+0000] {dag.py:2676} INFO - Sync 1 DAGs
[2022-12-11T13:29:03.342+0000] {logging_mixin.py:137} INFO - [2022-12-11T13:29:03.341+0000] {dag.py:3427} INFO - Setting next_dagrun for songs_dag to 2022-12-10T00:00:00+00:00, run_after=2022-12-11T00:00:00+00:00
[2022-12-11T13:29:03.353+0000] {processor.py:175} INFO - Processing /opt/airflow/dags/song copy.py took 0.137 seconds
[2022-12-11T13:29:33.682+0000] {processor.py:153} INFO - Started process (PID=3140) to work on /opt/airflow/dags/song copy.py
[2022-12-11T13:29:33.685+0000] {processor.py:743} INFO - Processing file /opt/airflow/dags/song copy.py for tasks to queue
[2022-12-11T13:29:33.686+0000] {logging_mixin.py:137} INFO - [2022-12-11T13:29:33.686+0000] {dagbag.py:538} INFO - Filling up the DagBag from /opt/airflow/dags/song copy.py
[2022-12-11T13:29:33.714+0000] {processor.py:753} INFO - DAG(s) dict_keys(['songs_dag']) retrieved from /opt/airflow/dags/song copy.py
[2022-12-11T13:29:33.749+0000] {logging_mixin.py:137} INFO - [2022-12-11T13:29:33.749+0000] {dag.py:2676} INFO - Sync 1 DAGs
[2022-12-11T13:29:33.767+0000] {logging_mixin.py:137} INFO - [2022-12-11T13:29:33.767+0000] {dag.py:3427} INFO - Setting next_dagrun for songs_dag to 2022-12-10T00:00:00+00:00, run_after=2022-12-11T00:00:00+00:00
[2022-12-11T13:29:33.779+0000] {processor.py:175} INFO - Processing /opt/airflow/dags/song copy.py took 0.105 seconds
[2022-12-11T13:30:04.256+0000] {processor.py:153} INFO - Started process (PID=3174) to work on /opt/airflow/dags/song copy.py
[2022-12-11T13:30:04.267+0000] {processor.py:743} INFO - Processing file /opt/airflow/dags/song copy.py for tasks to queue
[2022-12-11T13:30:04.273+0000] {logging_mixin.py:137} INFO - [2022-12-11T13:30:04.272+0000] {dagbag.py:538} INFO - Filling up the DagBag from /opt/airflow/dags/song copy.py
[2022-12-11T13:30:04.316+0000] {processor.py:753} INFO - DAG(s) dict_keys(['songs_dag']) retrieved from /opt/airflow/dags/song copy.py
[2022-12-11T13:30:04.363+0000] {logging_mixin.py:137} INFO - [2022-12-11T13:30:04.363+0000] {dag.py:2676} INFO - Sync 1 DAGs
[2022-12-11T13:30:04.410+0000] {logging_mixin.py:137} INFO - [2022-12-11T13:30:04.410+0000] {dag.py:3427} INFO - Setting next_dagrun for songs_dag to 2022-12-10T00:00:00+00:00, run_after=2022-12-11T00:00:00+00:00
[2022-12-11T13:30:04.426+0000] {processor.py:175} INFO - Processing /opt/airflow/dags/song copy.py took 0.183 seconds
[2022-12-11T13:30:34.800+0000] {processor.py:153} INFO - Started process (PID=3221) to work on /opt/airflow/dags/song copy.py
[2022-12-11T13:30:34.803+0000] {processor.py:743} INFO - Processing file /opt/airflow/dags/song copy.py for tasks to queue
[2022-12-11T13:30:34.806+0000] {logging_mixin.py:137} INFO - [2022-12-11T13:30:34.806+0000] {dagbag.py:538} INFO - Filling up the DagBag from /opt/airflow/dags/song copy.py
[2022-12-11T13:30:34.844+0000] {processor.py:753} INFO - DAG(s) dict_keys(['songs_dag']) retrieved from /opt/airflow/dags/song copy.py
[2022-12-11T13:30:34.890+0000] {logging_mixin.py:137} INFO - [2022-12-11T13:30:34.890+0000] {dag.py:2676} INFO - Sync 1 DAGs
[2022-12-11T13:30:34.916+0000] {logging_mixin.py:137} INFO - [2022-12-11T13:30:34.916+0000] {dag.py:3427} INFO - Setting next_dagrun for songs_dag to 2022-12-10T00:00:00+00:00, run_after=2022-12-11T00:00:00+00:00
[2022-12-11T13:30:34.931+0000] {processor.py:175} INFO - Processing /opt/airflow/dags/song copy.py took 0.137 seconds
[2022-12-11T13:31:05.239+0000] {processor.py:153} INFO - Started process (PID=3261) to work on /opt/airflow/dags/song copy.py
[2022-12-11T13:31:05.242+0000] {processor.py:743} INFO - Processing file /opt/airflow/dags/song copy.py for tasks to queue
[2022-12-11T13:31:05.244+0000] {logging_mixin.py:137} INFO - [2022-12-11T13:31:05.243+0000] {dagbag.py:538} INFO - Filling up the DagBag from /opt/airflow/dags/song copy.py
[2022-12-11T13:31:05.292+0000] {processor.py:753} INFO - DAG(s) dict_keys(['songs_dag']) retrieved from /opt/airflow/dags/song copy.py
[2022-12-11T13:31:05.354+0000] {logging_mixin.py:137} INFO - [2022-12-11T13:31:05.354+0000] {dag.py:2676} INFO - Sync 1 DAGs
[2022-12-11T13:31:05.383+0000] {logging_mixin.py:137} INFO - [2022-12-11T13:31:05.383+0000] {dag.py:3427} INFO - Setting next_dagrun for songs_dag to 2022-12-10T00:00:00+00:00, run_after=2022-12-11T00:00:00+00:00
[2022-12-11T13:31:05.398+0000] {processor.py:175} INFO - Processing /opt/airflow/dags/song copy.py took 0.170 seconds
