[2022-12-11T14:51:20.247+0000] {taskinstance.py:1087} INFO - Dependencies all met for <TaskInstance: ArtistRevenue.InsertData scheduled__2022-12-10T00:00:00+00:00 [queued]>
[2022-12-11T14:51:20.253+0000] {taskinstance.py:1087} INFO - Dependencies all met for <TaskInstance: ArtistRevenue.InsertData scheduled__2022-12-10T00:00:00+00:00 [queued]>
[2022-12-11T14:51:20.254+0000] {taskinstance.py:1283} INFO - 
--------------------------------------------------------------------------------
[2022-12-11T14:51:20.254+0000] {taskinstance.py:1284} INFO - Starting attempt 1 of 6
[2022-12-11T14:51:20.254+0000] {taskinstance.py:1285} INFO - 
--------------------------------------------------------------------------------
[2022-12-11T14:51:20.262+0000] {taskinstance.py:1304} INFO - Executing <Task(PythonOperator): InsertData> on 2022-12-10 00:00:00+00:00
[2022-12-11T14:51:20.266+0000] {standard_task_runner.py:55} INFO - Started process 10014 to run task
[2022-12-11T14:51:20.270+0000] {standard_task_runner.py:82} INFO - Running: ['***', 'tasks', 'run', 'ArtistRevenue', 'InsertData', 'scheduled__2022-12-10T00:00:00+00:00', '--job-id', '219', '--raw', '--subdir', 'DAGS_FOLDER/artist_revenue.py', '--cfg-path', '/tmp/tmpzq1i4f67']
[2022-12-11T14:51:20.276+0000] {standard_task_runner.py:83} INFO - Job 219: Subtask InsertData
[2022-12-11T14:51:20.324+0000] {task_command.py:389} INFO - Running <TaskInstance: ArtistRevenue.InsertData scheduled__2022-12-10T00:00:00+00:00 [running]> on host 83e68f36074a
[2022-12-11T14:51:20.371+0000] {taskinstance.py:1513} INFO - Exporting the following env vars:
AIRFLOW_CTX_DAG_OWNER=Gama Ariefsadya
AIRFLOW_CTX_DAG_ID=ArtistRevenue
AIRFLOW_CTX_TASK_ID=InsertData
AIRFLOW_CTX_EXECUTION_DATE=2022-12-10T00:00:00+00:00
AIRFLOW_CTX_TRY_NUMBER=1
AIRFLOW_CTX_DAG_RUN_ID=scheduled__2022-12-10T00:00:00+00:00
[2022-12-11T14:51:20.396+0000] {logging_mixin.py:137} INFO - success Inserting Data
[2022-12-11T14:51:20.397+0000] {python.py:177} INFO - Done. Returned value was: None
[2022-12-11T14:51:20.406+0000] {taskinstance.py:1327} INFO - Marking task as SUCCESS. dag_id=ArtistRevenue, task_id=InsertData, execution_date=20221210T000000, start_date=20221211T145120, end_date=20221211T145120
[2022-12-11T14:51:20.442+0000] {local_task_job.py:159} INFO - Task exited with return code 0
[2022-12-11T14:51:20.456+0000] {taskinstance.py:2582} INFO - 0 downstream tasks scheduled from follow-on schedule check
