[2022-12-12T15:44:33.426+0000] {taskinstance.py:1087} INFO - Dependencies all met for <TaskInstance: ArtistRevenue.InsertData scheduled__2022-12-10T09:00:00+00:00 [queued]>
[2022-12-12T15:44:33.497+0000] {taskinstance.py:1087} INFO - Dependencies all met for <TaskInstance: ArtistRevenue.InsertData scheduled__2022-12-10T09:00:00+00:00 [queued]>
[2022-12-12T15:44:33.501+0000] {taskinstance.py:1283} INFO - 
--------------------------------------------------------------------------------
[2022-12-12T15:44:33.503+0000] {taskinstance.py:1284} INFO - Starting attempt 2 of 7
[2022-12-12T15:44:33.504+0000] {taskinstance.py:1285} INFO - 
--------------------------------------------------------------------------------
[2022-12-12T15:44:33.568+0000] {taskinstance.py:1304} INFO - Executing <Task(PythonOperator): InsertData> on 2022-12-10 09:00:00+00:00
[2022-12-12T15:44:33.679+0000] {standard_task_runner.py:55} INFO - Started process 70489 to run task
[2022-12-12T15:44:33.751+0000] {standard_task_runner.py:82} INFO - Running: ['***', 'tasks', 'run', 'ArtistRevenue', 'InsertData', 'scheduled__2022-12-10T09:00:00+00:00', '--job-id', '247', '--raw', '--subdir', 'DAGS_FOLDER/artist_revenue.py', '--cfg-path', '/tmp/tmp5_o0clyc']
[2022-12-12T15:44:33.778+0000] {standard_task_runner.py:83} INFO - Job 247: Subtask InsertData
[2022-12-12T15:44:34.485+0000] {task_command.py:389} INFO - Running <TaskInstance: ArtistRevenue.InsertData scheduled__2022-12-10T09:00:00+00:00 [running]> on host 83e68f36074a
[2022-12-12T15:44:37.021+0000] {taskinstance.py:1513} INFO - Exporting the following env vars:
AIRFLOW_CTX_DAG_OWNER=Gama Ariefsadya
AIRFLOW_CTX_DAG_ID=ArtistRevenue
AIRFLOW_CTX_TASK_ID=InsertData
AIRFLOW_CTX_EXECUTION_DATE=2022-12-10T09:00:00+00:00
AIRFLOW_CTX_TRY_NUMBER=2
AIRFLOW_CTX_DAG_RUN_ID=scheduled__2022-12-10T09:00:00+00:00
[2022-12-12T15:44:44.918+0000] {logging_mixin.py:137} INFO - success Inserting Data
[2022-12-12T15:44:44.930+0000] {python.py:177} INFO - Done. Returned value was: None
[2022-12-12T15:44:45.045+0000] {taskinstance.py:1327} INFO - Marking task as SUCCESS. dag_id=ArtistRevenue, task_id=InsertData, execution_date=20221210T090000, start_date=20221212T154433, end_date=20221212T154445
[2022-12-12T15:44:45.626+0000] {local_task_job.py:159} INFO - Task exited with return code 0
[2022-12-12T15:44:45.890+0000] {taskinstance.py:2582} INFO - 0 downstream tasks scheduled from follow-on schedule check
