[2022-12-11T14:42:20.162+0000] {taskinstance.py:1087} INFO - Dependencies all met for <TaskInstance: songs1.InsertData scheduled__2022-12-10T00:00:00+00:00 [queued]>
[2022-12-11T14:42:20.170+0000] {taskinstance.py:1087} INFO - Dependencies all met for <TaskInstance: songs1.InsertData scheduled__2022-12-10T00:00:00+00:00 [queued]>
[2022-12-11T14:42:20.170+0000] {taskinstance.py:1283} INFO - 
--------------------------------------------------------------------------------
[2022-12-11T14:42:20.171+0000] {taskinstance.py:1284} INFO - Starting attempt 8 of 13
[2022-12-11T14:42:20.171+0000] {taskinstance.py:1285} INFO - 
--------------------------------------------------------------------------------
[2022-12-11T14:42:20.180+0000] {taskinstance.py:1304} INFO - Executing <Task(PythonOperator): InsertData> on 2022-12-10 00:00:00+00:00
[2022-12-11T14:42:20.185+0000] {standard_task_runner.py:55} INFO - Started process 9195 to run task
[2022-12-11T14:42:20.189+0000] {standard_task_runner.py:82} INFO - Running: ['***', 'tasks', 'run', 'songs1', 'InsertData', 'scheduled__2022-12-10T00:00:00+00:00', '--job-id', '212', '--raw', '--subdir', 'DAGS_FOLDER/song.py', '--cfg-path', '/tmp/tmpiniu0386']
[2022-12-11T14:42:20.195+0000] {standard_task_runner.py:83} INFO - Job 212: Subtask InsertData
[2022-12-11T14:42:20.249+0000] {task_command.py:389} INFO - Running <TaskInstance: songs1.InsertData scheduled__2022-12-10T00:00:00+00:00 [running]> on host 83e68f36074a
[2022-12-11T14:42:20.299+0000] {taskinstance.py:1513} INFO - Exporting the following env vars:
AIRFLOW_CTX_DAG_OWNER=Gama Ariefsadya
AIRFLOW_CTX_DAG_ID=songs1
AIRFLOW_CTX_TASK_ID=InsertData
AIRFLOW_CTX_EXECUTION_DATE=2022-12-10T00:00:00+00:00
AIRFLOW_CTX_TRY_NUMBER=8
AIRFLOW_CTX_DAG_RUN_ID=scheduled__2022-12-10T00:00:00+00:00
[2022-12-11T14:42:20.354+0000] {logging_mixin.py:137} INFO - success Inserting Data
[2022-12-11T14:42:20.355+0000] {python.py:177} INFO - Done. Returned value was: None
[2022-12-11T14:42:20.366+0000] {taskinstance.py:1327} INFO - Marking task as SUCCESS. dag_id=songs1, task_id=InsertData, execution_date=20221210T000000, start_date=20221211T144220, end_date=20221211T144220
[2022-12-11T14:42:20.403+0000] {local_task_job.py:159} INFO - Task exited with return code 0
[2022-12-11T14:42:20.419+0000] {taskinstance.py:2582} INFO - 0 downstream tasks scheduled from follow-on schedule check
