[2022-12-11T14:37:30.408+0000] {taskinstance.py:1087} INFO - Dependencies all met for <TaskInstance: songs1.InsertData scheduled__2022-12-10T00:00:00+00:00 [queued]>
[2022-12-11T14:37:30.416+0000] {taskinstance.py:1087} INFO - Dependencies all met for <TaskInstance: songs1.InsertData scheduled__2022-12-10T00:00:00+00:00 [queued]>
[2022-12-11T14:37:30.416+0000] {taskinstance.py:1283} INFO - 
--------------------------------------------------------------------------------
[2022-12-11T14:37:30.417+0000] {taskinstance.py:1284} INFO - Starting attempt 5 of 10
[2022-12-11T14:37:30.417+0000] {taskinstance.py:1285} INFO - 
--------------------------------------------------------------------------------
[2022-12-11T14:37:30.426+0000] {taskinstance.py:1304} INFO - Executing <Task(PythonOperator): InsertData> on 2022-12-10 00:00:00+00:00
[2022-12-11T14:37:30.431+0000] {standard_task_runner.py:55} INFO - Started process 8715 to run task
[2022-12-11T14:37:30.435+0000] {standard_task_runner.py:82} INFO - Running: ['***', 'tasks', 'run', 'songs1', 'InsertData', 'scheduled__2022-12-10T00:00:00+00:00', '--job-id', '209', '--raw', '--subdir', 'DAGS_FOLDER/song.py', '--cfg-path', '/tmp/tmp237519wv']
[2022-12-11T14:37:30.442+0000] {standard_task_runner.py:83} INFO - Job 209: Subtask InsertData
[2022-12-11T14:37:30.520+0000] {task_command.py:389} INFO - Running <TaskInstance: songs1.InsertData scheduled__2022-12-10T00:00:00+00:00 [running]> on host 83e68f36074a
[2022-12-11T14:37:30.576+0000] {taskinstance.py:1513} INFO - Exporting the following env vars:
AIRFLOW_CTX_DAG_OWNER=Gama Ariefsadya
AIRFLOW_CTX_DAG_ID=songs1
AIRFLOW_CTX_TASK_ID=InsertData
AIRFLOW_CTX_EXECUTION_DATE=2022-12-10T00:00:00+00:00
AIRFLOW_CTX_TRY_NUMBER=5
AIRFLOW_CTX_DAG_RUN_ID=scheduled__2022-12-10T00:00:00+00:00
[2022-12-11T14:37:30.587+0000] {logging_mixin.py:137} INFO - <class 'list'>
[2022-12-11T14:37:30.587+0000] {python.py:177} INFO - Done. Returned value was: None
[2022-12-11T14:37:30.596+0000] {taskinstance.py:1327} INFO - Marking task as SUCCESS. dag_id=songs1, task_id=InsertData, execution_date=20221210T000000, start_date=20221211T143730, end_date=20221211T143730
[2022-12-11T14:37:30.651+0000] {local_task_job.py:159} INFO - Task exited with return code 0
[2022-12-11T14:37:30.668+0000] {taskinstance.py:2582} INFO - 0 downstream tasks scheduled from follow-on schedule check
