[2022-12-11T14:38:46.577+0000] {taskinstance.py:1087} INFO - Dependencies all met for <TaskInstance: songs1.InsertData scheduled__2022-12-10T00:00:00+00:00 [queued]>
[2022-12-11T14:38:46.586+0000] {taskinstance.py:1087} INFO - Dependencies all met for <TaskInstance: songs1.InsertData scheduled__2022-12-10T00:00:00+00:00 [queued]>
[2022-12-11T14:38:46.586+0000] {taskinstance.py:1283} INFO - 
--------------------------------------------------------------------------------
[2022-12-11T14:38:46.587+0000] {taskinstance.py:1284} INFO - Starting attempt 6 of 11
[2022-12-11T14:38:46.587+0000] {taskinstance.py:1285} INFO - 
--------------------------------------------------------------------------------
[2022-12-11T14:38:46.596+0000] {taskinstance.py:1304} INFO - Executing <Task(PythonOperator): InsertData> on 2022-12-10 00:00:00+00:00
[2022-12-11T14:38:46.602+0000] {standard_task_runner.py:55} INFO - Started process 8845 to run task
[2022-12-11T14:38:46.606+0000] {standard_task_runner.py:82} INFO - Running: ['***', 'tasks', 'run', 'songs1', 'InsertData', 'scheduled__2022-12-10T00:00:00+00:00', '--job-id', '210', '--raw', '--subdir', 'DAGS_FOLDER/song.py', '--cfg-path', '/tmp/tmp04ajwkew']
[2022-12-11T14:38:46.615+0000] {standard_task_runner.py:83} INFO - Job 210: Subtask InsertData
[2022-12-11T14:38:46.710+0000] {task_command.py:389} INFO - Running <TaskInstance: songs1.InsertData scheduled__2022-12-10T00:00:00+00:00 [running]> on host 83e68f36074a
[2022-12-11T14:38:46.765+0000] {taskinstance.py:1513} INFO - Exporting the following env vars:
AIRFLOW_CTX_DAG_OWNER=Gama Ariefsadya
AIRFLOW_CTX_DAG_ID=songs1
AIRFLOW_CTX_TASK_ID=InsertData
AIRFLOW_CTX_EXECUTION_DATE=2022-12-10T00:00:00+00:00
AIRFLOW_CTX_TRY_NUMBER=6
AIRFLOW_CTX_DAG_RUN_ID=scheduled__2022-12-10T00:00:00+00:00
[2022-12-11T14:38:46.775+0000] {logging_mixin.py:137} INFO - {'artist_id': 1, 'artist_name': 'AC/DC', 'album_id': 1, 'album_title': 'For Those About To Rock We Salute You', 'track_id': 6, 'track_name': 'Put The Finger On You', 'unit_price': 0.99, 'bytes': 6713451, 'genre_id': 1, 'genre_name': 'Rock'}
[2022-12-11T14:38:46.776+0000] {logging_mixin.py:137} INFO - {'artist_id': 1, 'artist_name': 'AC/DC', 'album_id': 1, 'album_title': 'For Those About To Rock We Salute You', 'track_id': 7, 'track_name': 'Lets Get It Up', 'unit_price': 0.99, 'bytes': 7636561, 'genre_id': 1, 'genre_name': 'Rock'}
[2022-12-11T14:38:46.776+0000] {logging_mixin.py:137} INFO - {'artist_id': 1, 'artist_name': 'AC/DC', 'album_id': 1, 'album_title': 'For Those About To Rock We Salute You', 'track_id': 1, 'track_name': 'For Those About To Rock (We Salute You)', 'unit_price': 0.99, 'bytes': 11170334, 'genre_id': 1, 'genre_name': 'Rock'}
[2022-12-11T14:38:46.778+0000] {python.py:177} INFO - Done. Returned value was: None
[2022-12-11T14:38:46.786+0000] {taskinstance.py:1327} INFO - Marking task as SUCCESS. dag_id=songs1, task_id=InsertData, execution_date=20221210T000000, start_date=20221211T143846, end_date=20221211T143846
[2022-12-11T14:38:46.820+0000] {local_task_job.py:159} INFO - Task exited with return code 0
[2022-12-11T14:38:46.834+0000] {taskinstance.py:2582} INFO - 0 downstream tasks scheduled from follow-on schedule check
