[2022-12-11T14:36:35.961+0000] {taskinstance.py:1087} INFO - Dependencies all met for <TaskInstance: songs1.InsertData scheduled__2022-12-10T00:00:00+00:00 [queued]>
[2022-12-11T14:36:35.970+0000] {taskinstance.py:1087} INFO - Dependencies all met for <TaskInstance: songs1.InsertData scheduled__2022-12-10T00:00:00+00:00 [queued]>
[2022-12-11T14:36:35.970+0000] {taskinstance.py:1283} INFO - 
--------------------------------------------------------------------------------
[2022-12-11T14:36:35.971+0000] {taskinstance.py:1284} INFO - Starting attempt 3 of 8
[2022-12-11T14:36:35.971+0000] {taskinstance.py:1285} INFO - 
--------------------------------------------------------------------------------
[2022-12-11T14:36:35.980+0000] {taskinstance.py:1304} INFO - Executing <Task(PythonOperator): InsertData> on 2022-12-10 00:00:00+00:00
[2022-12-11T14:36:35.986+0000] {standard_task_runner.py:55} INFO - Started process 8637 to run task
[2022-12-11T14:36:35.990+0000] {standard_task_runner.py:82} INFO - Running: ['***', 'tasks', 'run', 'songs1', 'InsertData', 'scheduled__2022-12-10T00:00:00+00:00', '--job-id', '207', '--raw', '--subdir', 'DAGS_FOLDER/song.py', '--cfg-path', '/tmp/tmpaydph8vi']
[2022-12-11T14:36:36.005+0000] {standard_task_runner.py:83} INFO - Job 207: Subtask InsertData
[2022-12-11T14:36:36.077+0000] {task_command.py:389} INFO - Running <TaskInstance: songs1.InsertData scheduled__2022-12-10T00:00:00+00:00 [running]> on host 83e68f36074a
[2022-12-11T14:36:36.129+0000] {taskinstance.py:1513} INFO - Exporting the following env vars:
AIRFLOW_CTX_DAG_OWNER=Gama Ariefsadya
AIRFLOW_CTX_DAG_ID=songs1
AIRFLOW_CTX_TASK_ID=InsertData
AIRFLOW_CTX_EXECUTION_DATE=2022-12-10T00:00:00+00:00
AIRFLOW_CTX_TRY_NUMBER=3
AIRFLOW_CTX_DAG_RUN_ID=scheduled__2022-12-10T00:00:00+00:00
[2022-12-11T14:36:36.140+0000] {logging_mixin.py:137} INFO - [{"artist_id": 1, "artist_name": "AC/DC", "album_id": 1, "album_title": "For Those About To Rock We Salute You", "track_id": 6, "track_name": "Put The Finger On You", "unit_price": 0.99, "bytes": 6713451, "genre_id": 1, "genre_name": "Rock"}, {"artist_id": 1, "artist_name": "AC/DC", "album_id": 1, "album_title": "For Those About To Rock We Salute You", "track_id": 7, "track_name": "Lets Get It Up", "unit_price": 0.99, "bytes": 7636561, "genre_id": 1, "genre_name": "Rock"}, {"artist_id": 1, "artist_name": "AC/DC", "album_id": 1, "album_title": "For Those About To Rock We Salute You", "track_id": 1, "track_name": "For Those About To Rock (We Salute You)", "unit_price": 0.99, "bytes": 11170334, "genre_id": 1, "genre_name": "Rock"}]
[2022-12-11T14:36:36.141+0000] {python.py:177} INFO - Done. Returned value was: None
[2022-12-11T14:36:36.150+0000] {taskinstance.py:1327} INFO - Marking task as SUCCESS. dag_id=songs1, task_id=InsertData, execution_date=20221210T000000, start_date=20221211T143635, end_date=20221211T143636
[2022-12-11T14:36:36.171+0000] {local_task_job.py:159} INFO - Task exited with return code 0
[2022-12-11T14:36:36.186+0000] {taskinstance.py:2582} INFO - 0 downstream tasks scheduled from follow-on schedule check
