[2022-12-11T14:51:19.216+0000] {taskinstance.py:1087} INFO - Dependencies all met for <TaskInstance: ArtistRevenue.ReadData scheduled__2022-12-10T00:00:00+00:00 [queued]>
[2022-12-11T14:51:19.224+0000] {taskinstance.py:1087} INFO - Dependencies all met for <TaskInstance: ArtistRevenue.ReadData scheduled__2022-12-10T00:00:00+00:00 [queued]>
[2022-12-11T14:51:19.225+0000] {taskinstance.py:1283} INFO - 
--------------------------------------------------------------------------------
[2022-12-11T14:51:19.225+0000] {taskinstance.py:1284} INFO - Starting attempt 6 of 11
[2022-12-11T14:51:19.226+0000] {taskinstance.py:1285} INFO - 
--------------------------------------------------------------------------------
[2022-12-11T14:51:19.236+0000] {taskinstance.py:1304} INFO - Executing <Task(PythonOperator): ReadData> on 2022-12-10 00:00:00+00:00
[2022-12-11T14:51:19.242+0000] {standard_task_runner.py:55} INFO - Started process 10012 to run task
[2022-12-11T14:51:19.246+0000] {standard_task_runner.py:82} INFO - Running: ['***', 'tasks', 'run', 'ArtistRevenue', 'ReadData', 'scheduled__2022-12-10T00:00:00+00:00', '--job-id', '218', '--raw', '--subdir', 'DAGS_FOLDER/artist_revenue.py', '--cfg-path', '/tmp/tmp7mqp4pnx']
[2022-12-11T14:51:19.251+0000] {standard_task_runner.py:83} INFO - Job 218: Subtask ReadData
[2022-12-11T14:51:19.321+0000] {task_command.py:389} INFO - Running <TaskInstance: ArtistRevenue.ReadData scheduled__2022-12-10T00:00:00+00:00 [running]> on host 83e68f36074a
[2022-12-11T14:51:19.373+0000] {taskinstance.py:1513} INFO - Exporting the following env vars:
AIRFLOW_CTX_DAG_OWNER=Gama Ariefsadya
AIRFLOW_CTX_DAG_ID=ArtistRevenue
AIRFLOW_CTX_TASK_ID=ReadData
AIRFLOW_CTX_EXECUTION_DATE=2022-12-10T00:00:00+00:00
AIRFLOW_CTX_TRY_NUMBER=6
AIRFLOW_CTX_DAG_RUN_ID=scheduled__2022-12-10T00:00:00+00:00
[2022-12-11T14:51:19.391+0000] {logging_mixin.py:137} INFO - {'artist_id': 1, 'artist_name': 'AC/DC', 'album_id': 1, 'album_title': 'For Those About To Rock We Salute You', 'track_id': 6, 'track_name': 'Put The Finger On You', 'invoice_line_id': 3, 'invoice_id': 3, 'invoice_date': '2009-01-03 00:00:00', 'total': 0.99}
[2022-12-11T14:51:19.392+0000] {logging_mixin.py:137} INFO - {'artist_id': 1, 'artist_name': 'AC/DC', 'album_id': 1, 'album_title': 'For Those About To Rock We Salute You', 'track_id': 8, 'track_name': 'Inject The Venom', 'invoice_line_id': 4, 'invoice_id': 4, 'invoice_date': '2009-01-06 00:00:00', 'total': 1.98}
[2022-12-11T14:51:19.392+0000] {logging_mixin.py:137} INFO - {'artist_id': 1, 'artist_name': 'AC/DC', 'album_id': 1, 'album_title': 'For Those About To Rock We Salute You', 'track_id': 10, 'track_name': 'Evil Walks', 'invoice_line_id': 5, 'invoice_id': 5, 'invoice_date': '2009-01-11 00:00:00', 'total': 0.99}
[2022-12-11T14:51:19.393+0000] {python.py:177} INFO - Done. Returned value was: [{"artist_id": 1, "artist_name": "AC/DC", "album_id": 1, "album_title": "For Those About To Rock We Salute You", "track_id": 6, "track_name": "Put The Finger On You", "invoice_line_id": 3, "invoice_id": 3, "invoice_date": "2009-01-03 00:00:00", "total": 0.99}, {"artist_id": 1, "artist_name": "AC/DC", "album_id": 1, "album_title": "For Those About To Rock We Salute You", "track_id": 8, "track_name": "Inject The Venom", "invoice_line_id": 4, "invoice_id": 4, "invoice_date": "2009-01-06 00:00:00", "total": 1.98}, {"artist_id": 1, "artist_name": "AC/DC", "album_id": 1, "album_title": "For Those About To Rock We Salute You", "track_id": 10, "track_name": "Evil Walks", "invoice_line_id": 5, "invoice_id": 5, "invoice_date": "2009-01-11 00:00:00", "total": 0.99}]
[2022-12-11T14:51:19.419+0000] {taskinstance.py:1327} INFO - Marking task as SUCCESS. dag_id=ArtistRevenue, task_id=ReadData, execution_date=20221210T000000, start_date=20221211T145119, end_date=20221211T145119
[2022-12-11T14:51:19.462+0000] {local_task_job.py:159} INFO - Task exited with return code 0
[2022-12-11T14:51:19.483+0000] {taskinstance.py:2582} INFO - 1 downstream tasks scheduled from follow-on schedule check
