[2022-12-12T18:07:27.312+0000] {taskinstance.py:1087} INFO - Dependencies all met for <TaskInstance: Transaction.InsertData scheduled__2022-12-12T15:00:00+00:00 [queued]>
[2022-12-12T18:07:27.322+0000] {taskinstance.py:1087} INFO - Dependencies all met for <TaskInstance: Transaction.InsertData scheduled__2022-12-12T15:00:00+00:00 [queued]>
[2022-12-12T18:07:27.323+0000] {taskinstance.py:1283} INFO - 
--------------------------------------------------------------------------------
[2022-12-12T18:07:27.323+0000] {taskinstance.py:1284} INFO - Starting attempt 1 of 6
[2022-12-12T18:07:27.324+0000] {taskinstance.py:1285} INFO - 
--------------------------------------------------------------------------------
[2022-12-12T18:07:27.335+0000] {taskinstance.py:1304} INFO - Executing <Task(PythonOperator): InsertData> on 2022-12-12 15:00:00+00:00
[2022-12-12T18:07:27.346+0000] {standard_task_runner.py:55} INFO - Started process 79314 to run task
[2022-12-12T18:07:27.353+0000] {standard_task_runner.py:82} INFO - Running: ['***', 'tasks', 'run', 'Transaction', 'InsertData', 'scheduled__2022-12-12T15:00:00+00:00', '--job-id', '317', '--raw', '--subdir', 'DAGS_FOLDER/transaction.py', '--cfg-path', '/tmp/tmpmfc14ki8']
[2022-12-12T18:07:27.358+0000] {standard_task_runner.py:83} INFO - Job 317: Subtask InsertData
[2022-12-12T18:07:27.472+0000] {task_command.py:389} INFO - Running <TaskInstance: Transaction.InsertData scheduled__2022-12-12T15:00:00+00:00 [running]> on host 83e68f36074a
[2022-12-12T18:07:27.537+0000] {taskinstance.py:1513} INFO - Exporting the following env vars:
AIRFLOW_CTX_DAG_OWNER=Gama Ariefsadya
AIRFLOW_CTX_DAG_ID=Transaction
AIRFLOW_CTX_TASK_ID=InsertData
AIRFLOW_CTX_EXECUTION_DATE=2022-12-12T15:00:00+00:00
AIRFLOW_CTX_TRY_NUMBER=1
AIRFLOW_CTX_DAG_RUN_ID=scheduled__2022-12-12T15:00:00+00:00
[2022-12-12T18:07:28.299+0000] {logging_mixin.py:137} INFO - success Inserting Data
[2022-12-12T18:07:28.300+0000] {python.py:177} INFO - Done. Returned value was: None
[2022-12-12T18:07:28.313+0000] {taskinstance.py:1327} INFO - Marking task as SUCCESS. dag_id=Transaction, task_id=InsertData, execution_date=20221212T150000, start_date=20221212T180727, end_date=20221212T180728
[2022-12-12T18:07:28.334+0000] {local_task_job.py:159} INFO - Task exited with return code 0
[2022-12-12T18:07:28.351+0000] {taskinstance.py:2582} INFO - 0 downstream tasks scheduled from follow-on schedule check
