[2022-12-13T00:41:39.106+0000] {taskinstance.py:1087} INFO - Dependencies all met for <TaskInstance: Transaction.InsertData scheduled__2022-12-12T21:00:00+00:00 [queued]>
[2022-12-13T00:41:39.113+0000] {taskinstance.py:1087} INFO - Dependencies all met for <TaskInstance: Transaction.InsertData scheduled__2022-12-12T21:00:00+00:00 [queued]>
[2022-12-13T00:41:39.114+0000] {taskinstance.py:1283} INFO - 
--------------------------------------------------------------------------------
[2022-12-13T00:41:39.114+0000] {taskinstance.py:1284} INFO - Starting attempt 1 of 6
[2022-12-13T00:41:39.115+0000] {taskinstance.py:1285} INFO - 
--------------------------------------------------------------------------------
[2022-12-13T00:41:39.128+0000] {taskinstance.py:1304} INFO - Executing <Task(PythonOperator): InsertData> on 2022-12-12 21:00:00+00:00
[2022-12-13T00:41:39.135+0000] {standard_task_runner.py:55} INFO - Started process 80283 to run task
[2022-12-13T00:41:39.140+0000] {standard_task_runner.py:82} INFO - Running: ['***', 'tasks', 'run', 'Transaction', 'InsertData', 'scheduled__2022-12-12T21:00:00+00:00', '--job-id', '321', '--raw', '--subdir', 'DAGS_FOLDER/transaction.py', '--cfg-path', '/tmp/tmp3xsxfwcl']
[2022-12-13T00:41:39.143+0000] {standard_task_runner.py:83} INFO - Job 321: Subtask InsertData
[2022-12-13T00:41:39.231+0000] {task_command.py:389} INFO - Running <TaskInstance: Transaction.InsertData scheduled__2022-12-12T21:00:00+00:00 [running]> on host 83e68f36074a
[2022-12-13T00:41:39.299+0000] {taskinstance.py:1513} INFO - Exporting the following env vars:
AIRFLOW_CTX_DAG_OWNER=Gama Ariefsadya
AIRFLOW_CTX_DAG_ID=Transaction
AIRFLOW_CTX_TASK_ID=InsertData
AIRFLOW_CTX_EXECUTION_DATE=2022-12-12T21:00:00+00:00
AIRFLOW_CTX_TRY_NUMBER=1
AIRFLOW_CTX_DAG_RUN_ID=scheduled__2022-12-12T21:00:00+00:00
[2022-12-13T00:41:40.104+0000] {logging_mixin.py:137} INFO - success Inserting Data
[2022-12-13T00:41:40.107+0000] {python.py:177} INFO - Done. Returned value was: None
[2022-12-13T00:41:40.123+0000] {taskinstance.py:1327} INFO - Marking task as SUCCESS. dag_id=Transaction, task_id=InsertData, execution_date=20221212T210000, start_date=20221213T004139, end_date=20221213T004140
[2022-12-13T00:41:40.200+0000] {local_task_job.py:159} INFO - Task exited with return code 0
[2022-12-13T00:41:40.224+0000] {taskinstance.py:2582} INFO - 0 downstream tasks scheduled from follow-on schedule check
