[2022-12-12T15:44:55.958+0000] {taskinstance.py:1087} INFO - Dependencies all met for <TaskInstance: Transaction.InsertData scheduled__2022-12-10T00:00:00+00:00 [queued]>
[2022-12-12T15:44:56.021+0000] {taskinstance.py:1087} INFO - Dependencies all met for <TaskInstance: Transaction.InsertData scheduled__2022-12-10T00:00:00+00:00 [queued]>
[2022-12-12T15:44:56.025+0000] {taskinstance.py:1283} INFO - 
--------------------------------------------------------------------------------
[2022-12-12T15:44:56.031+0000] {taskinstance.py:1284} INFO - Starting attempt 2 of 7
[2022-12-12T15:44:56.035+0000] {taskinstance.py:1285} INFO - 
--------------------------------------------------------------------------------
[2022-12-12T15:44:56.195+0000] {taskinstance.py:1304} INFO - Executing <Task(PythonOperator): InsertData> on 2022-12-10 00:00:00+00:00
[2022-12-12T15:44:56.284+0000] {standard_task_runner.py:55} INFO - Started process 70531 to run task
[2022-12-12T15:44:56.313+0000] {standard_task_runner.py:82} INFO - Running: ['***', 'tasks', 'run', 'Transaction', 'InsertData', 'scheduled__2022-12-10T00:00:00+00:00', '--job-id', '259', '--raw', '--subdir', 'DAGS_FOLDER/transaction.py', '--cfg-path', '/tmp/tmpsnm4btfq']
[2022-12-12T15:44:56.318+0000] {standard_task_runner.py:83} INFO - Job 259: Subtask InsertData
[2022-12-12T15:44:56.611+0000] {task_command.py:389} INFO - Running <TaskInstance: Transaction.InsertData scheduled__2022-12-10T00:00:00+00:00 [running]> on host 83e68f36074a
[2022-12-12T15:44:57.558+0000] {taskinstance.py:1513} INFO - Exporting the following env vars:
AIRFLOW_CTX_DAG_OWNER=Gama Ariefsadya
AIRFLOW_CTX_DAG_ID=Transaction
AIRFLOW_CTX_TASK_ID=InsertData
AIRFLOW_CTX_EXECUTION_DATE=2022-12-10T00:00:00+00:00
AIRFLOW_CTX_TRY_NUMBER=2
AIRFLOW_CTX_DAG_RUN_ID=scheduled__2022-12-10T00:00:00+00:00
[2022-12-12T15:45:01.765+0000] {logging_mixin.py:137} INFO - success Inserting Data
[2022-12-12T15:45:01.783+0000] {python.py:177} INFO - Done. Returned value was: None
[2022-12-12T15:45:01.897+0000] {taskinstance.py:1327} INFO - Marking task as SUCCESS. dag_id=Transaction, task_id=InsertData, execution_date=20221210T000000, start_date=20221212T154455, end_date=20221212T154501
[2022-12-12T15:45:02.121+0000] {local_task_job.py:159} INFO - Task exited with return code 0
[2022-12-12T15:45:02.174+0000] {taskinstance.py:2582} INFO - 0 downstream tasks scheduled from follow-on schedule check
