[2022-12-12T15:59:25.548+0000] {taskinstance.py:1087} INFO - Dependencies all met for <TaskInstance: Transaction.InsertData scheduled__2022-12-11T15:00:00+00:00 [queued]>
[2022-12-12T15:59:25.557+0000] {taskinstance.py:1087} INFO - Dependencies all met for <TaskInstance: Transaction.InsertData scheduled__2022-12-11T15:00:00+00:00 [queued]>
[2022-12-12T15:59:25.559+0000] {taskinstance.py:1283} INFO - 
--------------------------------------------------------------------------------
[2022-12-12T15:59:25.560+0000] {taskinstance.py:1284} INFO - Starting attempt 1 of 6
[2022-12-12T15:59:25.560+0000] {taskinstance.py:1285} INFO - 
--------------------------------------------------------------------------------
[2022-12-12T15:59:25.585+0000] {taskinstance.py:1304} INFO - Executing <Task(PythonOperator): InsertData> on 2022-12-11 15:00:00+00:00
[2022-12-12T15:59:25.633+0000] {standard_task_runner.py:55} INFO - Started process 71930 to run task
[2022-12-12T15:59:25.706+0000] {standard_task_runner.py:82} INFO - Running: ['***', 'tasks', 'run', 'Transaction', 'InsertData', 'scheduled__2022-12-11T15:00:00+00:00', '--job-id', '278', '--raw', '--subdir', 'DAGS_FOLDER/transaction.py', '--cfg-path', '/tmp/tmprwfhnm7x']
[2022-12-12T15:59:25.715+0000] {standard_task_runner.py:83} INFO - Job 278: Subtask InsertData
[2022-12-12T15:59:25.966+0000] {task_command.py:389} INFO - Running <TaskInstance: Transaction.InsertData scheduled__2022-12-11T15:00:00+00:00 [running]> on host 83e68f36074a
[2022-12-12T15:59:26.171+0000] {taskinstance.py:1513} INFO - Exporting the following env vars:
AIRFLOW_CTX_DAG_OWNER=Gama Ariefsadya
AIRFLOW_CTX_DAG_ID=Transaction
AIRFLOW_CTX_TASK_ID=InsertData
AIRFLOW_CTX_EXECUTION_DATE=2022-12-11T15:00:00+00:00
AIRFLOW_CTX_TRY_NUMBER=1
AIRFLOW_CTX_DAG_RUN_ID=scheduled__2022-12-11T15:00:00+00:00
[2022-12-12T15:59:26.251+0000] {taskinstance.py:1772} ERROR - Task failed with exception
Traceback (most recent call last):
  File "/home/airflow/.local/lib/python3.7/site-packages/airflow/operators/python.py", line 175, in execute
    return_value = self.execute_callable()
  File "/home/airflow/.local/lib/python3.7/site-packages/airflow/operators/python.py", line 192, in execute_callable
    return self.python_callable(*self.op_args, **self.op_kwargs)
  File "/opt/airflow/dags/transaction.py", line 63, in InsertData
    query = f"INSERT INTO public.transaction(artist_id, artist_name, album_id, album_title, track_id, track_name, invoice_line_id, invoice_id, invoice_date,billing_city) VALUES ({d['artist_id']}, '{d['artist_name']}', {d['album_id']}, '{d['album_title']}', {d['track_id']}, '{d['track_name']}', {d['invoice_line_id']}, {d['invoice_id']}, '{d['invoice_date']}','{d['billing_city']}')"
KeyError: 'billing_city'
[2022-12-12T15:59:26.324+0000] {taskinstance.py:1327} INFO - Marking task as UP_FOR_RETRY. dag_id=Transaction, task_id=InsertData, execution_date=20221211T150000, start_date=20221212T155925, end_date=20221212T155926
[2022-12-12T15:59:26.339+0000] {standard_task_runner.py:105} ERROR - Failed to execute job 278 for task InsertData ('billing_city'; 71930)
[2022-12-12T15:59:26.367+0000] {local_task_job.py:159} INFO - Task exited with return code 1
[2022-12-12T15:59:26.458+0000] {taskinstance.py:2582} INFO - 0 downstream tasks scheduled from follow-on schedule check
[2022-12-12T16:06:41.268+0000] {taskinstance.py:1087} INFO - Dependencies all met for <TaskInstance: Transaction.InsertData scheduled__2022-12-11T15:00:00+00:00 [queued]>
[2022-12-12T16:06:41.384+0000] {taskinstance.py:1087} INFO - Dependencies all met for <TaskInstance: Transaction.InsertData scheduled__2022-12-11T15:00:00+00:00 [queued]>
[2022-12-12T16:06:41.394+0000] {taskinstance.py:1283} INFO - 
--------------------------------------------------------------------------------
[2022-12-12T16:06:41.398+0000] {taskinstance.py:1284} INFO - Starting attempt 1 of 6
[2022-12-12T16:06:41.402+0000] {taskinstance.py:1285} INFO - 
--------------------------------------------------------------------------------
[2022-12-12T16:06:41.759+0000] {taskinstance.py:1304} INFO - Executing <Task(PythonOperator): InsertData> on 2022-12-11 15:00:00+00:00
[2022-12-12T16:06:41.941+0000] {standard_task_runner.py:55} INFO - Started process 72651 to run task
[2022-12-12T16:06:41.997+0000] {standard_task_runner.py:82} INFO - Running: ['***', 'tasks', 'run', 'Transaction', 'InsertData', 'scheduled__2022-12-11T15:00:00+00:00', '--job-id', '303', '--raw', '--subdir', 'DAGS_FOLDER/transaction.py', '--cfg-path', '/tmp/tmptawbxk9h']
[2022-12-12T16:06:42.029+0000] {standard_task_runner.py:83} INFO - Job 303: Subtask InsertData
[2022-12-12T16:06:43.982+0000] {task_command.py:389} INFO - Running <TaskInstance: Transaction.InsertData scheduled__2022-12-11T15:00:00+00:00 [running]> on host 83e68f36074a
[2022-12-12T16:06:45.566+0000] {taskinstance.py:1513} INFO - Exporting the following env vars:
AIRFLOW_CTX_DAG_OWNER=Gama Ariefsadya
AIRFLOW_CTX_DAG_ID=Transaction
AIRFLOW_CTX_TASK_ID=InsertData
AIRFLOW_CTX_EXECUTION_DATE=2022-12-11T15:00:00+00:00
AIRFLOW_CTX_TRY_NUMBER=1
AIRFLOW_CTX_DAG_RUN_ID=scheduled__2022-12-11T15:00:00+00:00
[2022-12-12T16:06:53.251+0000] {logging_mixin.py:137} INFO - success Inserting Data
[2022-12-12T16:06:53.259+0000] {python.py:177} INFO - Done. Returned value was: None
[2022-12-12T16:06:53.812+0000] {taskinstance.py:1327} INFO - Marking task as SUCCESS. dag_id=Transaction, task_id=InsertData, execution_date=20221211T150000, start_date=20221212T160641, end_date=20221212T160653
[2022-12-12T16:06:54.147+0000] {local_task_job.py:159} INFO - Task exited with return code 0
[2022-12-12T16:06:54.550+0000] {taskinstance.py:2582} INFO - 0 downstream tasks scheduled from follow-on schedule check
