[2022-12-12T15:21:22.254+0000] {taskinstance.py:1087} INFO - Dependencies all met for <TaskInstance: Transaction.InsertData scheduled__2022-12-12T09:00:00+00:00 [queued]>
[2022-12-12T15:21:22.264+0000] {taskinstance.py:1087} INFO - Dependencies all met for <TaskInstance: Transaction.InsertData scheduled__2022-12-12T09:00:00+00:00 [queued]>
[2022-12-12T15:21:22.265+0000] {taskinstance.py:1283} INFO - 
--------------------------------------------------------------------------------
[2022-12-12T15:21:22.266+0000] {taskinstance.py:1284} INFO - Starting attempt 1 of 6
[2022-12-12T15:21:22.267+0000] {taskinstance.py:1285} INFO - 
--------------------------------------------------------------------------------
[2022-12-12T15:21:22.282+0000] {taskinstance.py:1304} INFO - Executing <Task(PythonOperator): InsertData> on 2022-12-12 09:00:00+00:00
[2022-12-12T15:21:22.293+0000] {standard_task_runner.py:55} INFO - Started process 68372 to run task
[2022-12-12T15:21:22.297+0000] {standard_task_runner.py:82} INFO - Running: ['***', 'tasks', 'run', 'Transaction', 'InsertData', 'scheduled__2022-12-12T09:00:00+00:00', '--job-id', '239', '--raw', '--subdir', 'DAGS_FOLDER/transaction.py', '--cfg-path', '/tmp/tmp1ouge25d']
[2022-12-12T15:21:22.300+0000] {standard_task_runner.py:83} INFO - Job 239: Subtask InsertData
[2022-12-12T15:21:22.373+0000] {task_command.py:389} INFO - Running <TaskInstance: Transaction.InsertData scheduled__2022-12-12T09:00:00+00:00 [running]> on host 83e68f36074a
[2022-12-12T15:21:22.446+0000] {taskinstance.py:1513} INFO - Exporting the following env vars:
AIRFLOW_CTX_DAG_OWNER=Gama Ariefsadya
AIRFLOW_CTX_DAG_ID=Transaction
AIRFLOW_CTX_TASK_ID=InsertData
AIRFLOW_CTX_EXECUTION_DATE=2022-12-12T09:00:00+00:00
AIRFLOW_CTX_TRY_NUMBER=1
AIRFLOW_CTX_DAG_RUN_ID=scheduled__2022-12-12T09:00:00+00:00
[2022-12-12T15:21:23.571+0000] {logging_mixin.py:137} INFO - success Inserting Data
[2022-12-12T15:21:23.574+0000] {python.py:177} INFO - Done. Returned value was: None
[2022-12-12T15:21:23.592+0000] {taskinstance.py:1327} INFO - Marking task as SUCCESS. dag_id=Transaction, task_id=InsertData, execution_date=20221212T090000, start_date=20221212T152122, end_date=20221212T152123
[2022-12-12T15:21:23.635+0000] {local_task_job.py:159} INFO - Task exited with return code 0
[2022-12-12T15:21:23.670+0000] {taskinstance.py:2582} INFO - 0 downstream tasks scheduled from follow-on schedule check
[2022-12-12T16:06:55.850+0000] {taskinstance.py:1087} INFO - Dependencies all met for <TaskInstance: Transaction.InsertData scheduled__2022-12-12T09:00:00+00:00 [queued]>
[2022-12-12T16:06:55.894+0000] {taskinstance.py:1087} INFO - Dependencies all met for <TaskInstance: Transaction.InsertData scheduled__2022-12-12T09:00:00+00:00 [queued]>
[2022-12-12T16:06:55.895+0000] {taskinstance.py:1283} INFO - 
--------------------------------------------------------------------------------
[2022-12-12T16:06:55.896+0000] {taskinstance.py:1284} INFO - Starting attempt 1 of 6
[2022-12-12T16:06:55.897+0000] {taskinstance.py:1285} INFO - 
--------------------------------------------------------------------------------
[2022-12-12T16:06:55.949+0000] {taskinstance.py:1304} INFO - Executing <Task(PythonOperator): InsertData> on 2022-12-12 09:00:00+00:00
[2022-12-12T16:06:55.969+0000] {standard_task_runner.py:55} INFO - Started process 72681 to run task
[2022-12-12T16:06:55.995+0000] {standard_task_runner.py:82} INFO - Running: ['***', 'tasks', 'run', 'Transaction', 'InsertData', 'scheduled__2022-12-12T09:00:00+00:00', '--job-id', '313', '--raw', '--subdir', 'DAGS_FOLDER/transaction.py', '--cfg-path', '/tmp/tmpf0itxm42']
[2022-12-12T16:06:55.999+0000] {standard_task_runner.py:83} INFO - Job 313: Subtask InsertData
[2022-12-12T16:06:56.245+0000] {task_command.py:389} INFO - Running <TaskInstance: Transaction.InsertData scheduled__2022-12-12T09:00:00+00:00 [running]> on host 83e68f36074a
[2022-12-12T16:06:56.603+0000] {taskinstance.py:1513} INFO - Exporting the following env vars:
AIRFLOW_CTX_DAG_OWNER=Gama Ariefsadya
AIRFLOW_CTX_DAG_ID=Transaction
AIRFLOW_CTX_TASK_ID=InsertData
AIRFLOW_CTX_EXECUTION_DATE=2022-12-12T09:00:00+00:00
AIRFLOW_CTX_TRY_NUMBER=1
AIRFLOW_CTX_DAG_RUN_ID=scheduled__2022-12-12T09:00:00+00:00
[2022-12-12T16:07:01.387+0000] {logging_mixin.py:137} INFO - success Inserting Data
[2022-12-12T16:07:01.399+0000] {python.py:177} INFO - Done. Returned value was: None
[2022-12-12T16:07:01.440+0000] {taskinstance.py:1327} INFO - Marking task as SUCCESS. dag_id=Transaction, task_id=InsertData, execution_date=20221212T090000, start_date=20221212T160655, end_date=20221212T160701
[2022-12-12T16:07:01.548+0000] {local_task_job.py:159} INFO - Task exited with return code 0
[2022-12-12T16:07:01.585+0000] {taskinstance.py:2582} INFO - 0 downstream tasks scheduled from follow-on schedule check
