[2022-12-11T12:50:14.836+0000] {taskinstance.py:1087} INFO - Dependencies all met for <TaskInstance: songs_dag.ReadData scheduled__2022-12-10T00:00:00+00:00 [queued]>
[2022-12-11T12:50:14.843+0000] {taskinstance.py:1087} INFO - Dependencies all met for <TaskInstance: songs_dag.ReadData scheduled__2022-12-10T00:00:00+00:00 [queued]>
[2022-12-11T12:50:14.843+0000] {taskinstance.py:1283} INFO - 
--------------------------------------------------------------------------------
[2022-12-11T12:50:14.844+0000] {taskinstance.py:1284} INFO - Starting attempt 7 of 8
[2022-12-11T12:50:14.844+0000] {taskinstance.py:1285} INFO - 
--------------------------------------------------------------------------------
[2022-12-11T12:50:14.852+0000] {taskinstance.py:1304} INFO - Executing <Task(PythonOperator): ReadData> on 2022-12-10 00:00:00+00:00
[2022-12-11T12:50:14.857+0000] {standard_task_runner.py:55} INFO - Started process 2935 to run task
[2022-12-11T12:50:14.860+0000] {standard_task_runner.py:82} INFO - Running: ['***', 'tasks', 'run', 'songs_dag', 'ReadData', 'scheduled__2022-12-10T00:00:00+00:00', '--job-id', '159', '--raw', '--subdir', 'DAGS_FOLDER/song.py', '--cfg-path', '/tmp/tmpy3gi5r28']
[2022-12-11T12:50:14.865+0000] {standard_task_runner.py:83} INFO - Job 159: Subtask ReadData
[2022-12-11T12:50:14.921+0000] {task_command.py:389} INFO - Running <TaskInstance: songs_dag.ReadData scheduled__2022-12-10T00:00:00+00:00 [running]> on host 3211e07a3388
[2022-12-11T12:50:14.975+0000] {taskinstance.py:1513} INFO - Exporting the following env vars:
AIRFLOW_CTX_DAG_OWNER=Gama Ariefsadya
AIRFLOW_CTX_DAG_ID=songs_dag
AIRFLOW_CTX_TASK_ID=ReadData
AIRFLOW_CTX_EXECUTION_DATE=2022-12-10T00:00:00+00:00
AIRFLOW_CTX_TRY_NUMBER=7
AIRFLOW_CTX_DAG_RUN_ID=scheduled__2022-12-10T00:00:00+00:00
[2022-12-11T12:50:17.280+0000] {local_task_job.py:82} ERROR - Received SIGTERM. Terminating subprocesses
[2022-12-11T12:50:17.457+0000] {process_utils.py:133} INFO - Sending Signals.SIGTERM to group 2935. PIDs of all processes in the group: [2935]
[2022-12-11T12:50:17.475+0000] {process_utils.py:84} INFO - Sending the signal Signals.SIGTERM to group 2935
