[2022-12-13T07:08:52.115+0000] {taskinstance.py:1087} INFO - Dependencies all met for <TaskInstance: DataMart.ReadData scheduled__2022-12-12T07:00:00+00:00 [queued]>
[2022-12-13T07:08:52.122+0000] {taskinstance.py:1087} INFO - Dependencies all met for <TaskInstance: DataMart.ReadData scheduled__2022-12-12T07:00:00+00:00 [queued]>
[2022-12-13T07:08:52.122+0000] {taskinstance.py:1283} INFO - 
--------------------------------------------------------------------------------
[2022-12-13T07:08:52.123+0000] {taskinstance.py:1284} INFO - Starting attempt 5 of 10
[2022-12-13T07:08:52.123+0000] {taskinstance.py:1285} INFO - 
--------------------------------------------------------------------------------
[2022-12-13T07:08:52.133+0000] {taskinstance.py:1304} INFO - Executing <Task(PythonOperator): ReadData> on 2022-12-12 07:00:00+00:00
[2022-12-13T07:08:52.138+0000] {standard_task_runner.py:55} INFO - Started process 7762 to run task
[2022-12-13T07:08:52.142+0000] {standard_task_runner.py:82} INFO - Running: ['***', 'tasks', 'run', 'DataMart', 'ReadData', 'scheduled__2022-12-12T07:00:00+00:00', '--job-id', '332', '--raw', '--subdir', 'DAGS_FOLDER/datamart.py', '--cfg-path', '/tmp/tmpjzfj5shf']
[2022-12-13T07:08:52.146+0000] {standard_task_runner.py:83} INFO - Job 332: Subtask ReadData
[2022-12-13T07:08:52.212+0000] {task_command.py:389} INFO - Running <TaskInstance: DataMart.ReadData scheduled__2022-12-12T07:00:00+00:00 [running]> on host 83e68f36074a
[2022-12-13T07:08:52.270+0000] {taskinstance.py:1513} INFO - Exporting the following env vars:
AIRFLOW_CTX_DAG_OWNER=Gama Ariefsadya
AIRFLOW_CTX_DAG_ID=DataMart
AIRFLOW_CTX_TASK_ID=ReadData
AIRFLOW_CTX_EXECUTION_DATE=2022-12-12T07:00:00+00:00
AIRFLOW_CTX_TRY_NUMBER=5
AIRFLOW_CTX_DAG_RUN_ID=scheduled__2022-12-12T07:00:00+00:00
[2022-12-13T07:08:52.304+0000] {taskinstance.py:1772} ERROR - Task failed with exception
Traceback (most recent call last):
  File "/home/airflow/.local/lib/python3.7/site-packages/airflow/operators/python.py", line 175, in execute
    return_value = self.execute_callable()
  File "/home/airflow/.local/lib/python3.7/site-packages/airflow/operators/python.py", line 192, in execute_callable
    return self.python_callable(*self.op_args, **self.op_kwargs)
  File "/opt/airflow/dags/datamart.py", line 26, in ReadData
    cursor.execute(query)
psycopg2.errors.UndefinedTable: relation "artist_revenue" does not exist
LINE 1: select * from "artist_revenue"
                      ^

[2022-12-13T07:08:52.316+0000] {taskinstance.py:1327} INFO - Marking task as UP_FOR_RETRY. dag_id=DataMart, task_id=ReadData, execution_date=20221212T070000, start_date=20221213T070852, end_date=20221213T070852
[2022-12-13T07:08:52.324+0000] {standard_task_runner.py:105} ERROR - Failed to execute job 332 for task ReadData (relation "artist_revenue" does not exist
LINE 1: select * from "artist_revenue"
                      ^
; 7762)
[2022-12-13T07:08:52.354+0000] {local_task_job.py:159} INFO - Task exited with return code 1
[2022-12-13T07:08:52.368+0000] {taskinstance.py:2582} INFO - 0 downstream tasks scheduled from follow-on schedule check
