[2022-12-13T10:04:30.631+0000] {taskinstance.py:1087} INFO - Dependencies all met for <TaskInstance: DataMart.ReadData scheduled__2022-12-12T07:00:00+00:00 [queued]>
[2022-12-13T10:04:30.637+0000] {taskinstance.py:1087} INFO - Dependencies all met for <TaskInstance: DataMart.ReadData scheduled__2022-12-12T07:00:00+00:00 [queued]>
[2022-12-13T10:04:30.638+0000] {taskinstance.py:1283} INFO - 
--------------------------------------------------------------------------------
[2022-12-13T10:04:30.638+0000] {taskinstance.py:1284} INFO - Starting attempt 15 of 20
[2022-12-13T10:04:30.639+0000] {taskinstance.py:1285} INFO - 
--------------------------------------------------------------------------------
[2022-12-13T10:04:30.648+0000] {taskinstance.py:1304} INFO - Executing <Task(PythonOperator): ReadData> on 2022-12-12 07:00:00+00:00
[2022-12-13T10:04:30.655+0000] {standard_task_runner.py:55} INFO - Started process 24911 to run task
[2022-12-13T10:04:30.658+0000] {standard_task_runner.py:82} INFO - Running: ['***', 'tasks', 'run', 'DataMart', 'ReadData', 'scheduled__2022-12-12T07:00:00+00:00', '--job-id', '346', '--raw', '--subdir', 'DAGS_FOLDER/datamart.py', '--cfg-path', '/tmp/tmph3a2eyhr']
[2022-12-13T10:04:30.662+0000] {standard_task_runner.py:83} INFO - Job 346: Subtask ReadData
[2022-12-13T10:04:30.715+0000] {task_command.py:389} INFO - Running <TaskInstance: DataMart.ReadData scheduled__2022-12-12T07:00:00+00:00 [running]> on host 83e68f36074a
[2022-12-13T10:04:30.769+0000] {taskinstance.py:1513} INFO - Exporting the following env vars:
AIRFLOW_CTX_DAG_OWNER=Gama Ariefsadya
AIRFLOW_CTX_DAG_ID=DataMart
AIRFLOW_CTX_TASK_ID=ReadData
AIRFLOW_CTX_EXECUTION_DATE=2022-12-12T07:00:00+00:00
AIRFLOW_CTX_TRY_NUMBER=15
AIRFLOW_CTX_DAG_RUN_ID=scheduled__2022-12-12T07:00:00+00:00
[2022-12-13T10:04:30.890+0000] {taskinstance.py:1772} ERROR - Task failed with exception
Traceback (most recent call last):
  File "/home/airflow/.local/lib/python3.7/site-packages/airflow/operators/python.py", line 175, in execute
    return_value = self.execute_callable()
  File "/home/airflow/.local/lib/python3.7/site-packages/airflow/operators/python.py", line 192, in execute_callable
    return self.python_callable(*self.op_args, **self.op_kwargs)
  File "/opt/airflow/dags/datamart.py", line 40, in ReadData
    'total_song_city':int(d[6]),
ValueError: invalid literal for int() with base 10: 'Oslo'
[2022-12-13T10:04:30.923+0000] {taskinstance.py:1327} INFO - Marking task as UP_FOR_RETRY. dag_id=DataMart, task_id=ReadData, execution_date=20221212T070000, start_date=20221213T100430, end_date=20221213T100430
[2022-12-13T10:04:30.932+0000] {standard_task_runner.py:105} ERROR - Failed to execute job 346 for task ReadData (invalid literal for int() with base 10: 'Oslo'; 24911)
[2022-12-13T10:04:30.952+0000] {local_task_job.py:159} INFO - Task exited with return code 1
[2022-12-13T10:04:30.967+0000] {taskinstance.py:2582} INFO - 0 downstream tasks scheduled from follow-on schedule check
